[2024-03-09T17:45:10.429+0530] {taskinstance.py:1979} INFO - Dependencies all met for dep_context=non-requeueable deps ti=<TaskInstance: multitask_dag.taskA manual__2024-03-09T12:15:07.860545+00:00 [queued]>
[2024-03-09T17:45:10.437+0530] {taskinstance.py:1979} INFO - Dependencies all met for dep_context=requeueable deps ti=<TaskInstance: multitask_dag.taskA manual__2024-03-09T12:15:07.860545+00:00 [queued]>
[2024-03-09T17:45:10.437+0530] {taskinstance.py:2193} INFO - Starting attempt 1 of 1
[2024-03-09T17:45:10.467+0530] {taskinstance.py:2214} INFO - Executing <Task(BashOperator): taskA> on 2024-03-09 12:15:07.860545+00:00
[2024-03-09T17:45:10.473+0530] {standard_task_runner.py:60} INFO - Started process 6582 to run task
[2024-03-09T17:45:10.485+0530] {standard_task_runner.py:87} INFO - Running: ['airflow', 'tasks', 'run', 'multitask_dag', 'taskA', 'manual__2024-03-09T12:15:07.860545+00:00', '--job-id', '60', '--raw', '--subdir', 'DAGS_FOLDER/multitask_dag.py', '--cfg-path', '/tmp/tmputg4giqj']
[2024-03-09T17:45:10.495+0530] {standard_task_runner.py:88} INFO - Job 60: Subtask taskA
[2024-03-09T17:45:10.628+0530] {task_command.py:423} INFO - Running <TaskInstance: multitask_dag.taskA manual__2024-03-09T12:15:07.860545+00:00 [running]> on host BreakThrough.
[2024-03-09T17:45:10.753+0530] {taskinstance.py:2510} INFO - Exporting env vars: AIRFLOW_CTX_DAG_OWNER='kai' AIRFLOW_CTX_DAG_ID='multitask_dag' AIRFLOW_CTX_TASK_ID='taskA' AIRFLOW_CTX_EXECUTION_DATE='2024-03-09T12:15:07.860545+00:00' AIRFLOW_CTX_TRY_NUMBER='1' AIRFLOW_CTX_DAG_RUN_ID='manual__2024-03-09T12:15:07.860545+00:00'
[2024-03-09T17:45:10.754+0530] {subprocess.py:63} INFO - Tmp dir root location: /tmp
[2024-03-09T17:45:10.756+0530] {subprocess.py:75} INFO - Running command: ['/usr/bin/bash', '-c', 'echo Welcome to Task A\n    for i in {1..5}\n    do\n        echo "Task A: $i"\n        sleep 1\n    done\necho End of Task A']
[2024-03-09T17:45:10.762+0530] {subprocess.py:86} INFO - Output:
[2024-03-09T17:45:10.763+0530] {subprocess.py:93} INFO - Welcome to Task A
[2024-03-09T17:45:10.763+0530] {subprocess.py:93} INFO - Task A: 1
[2024-03-09T17:45:11.764+0530] {subprocess.py:93} INFO - Task A: 2
[2024-03-09T17:45:12.766+0530] {subprocess.py:93} INFO - Task A: 3
[2024-03-09T17:45:13.767+0530] {subprocess.py:93} INFO - Task A: 4
[2024-03-09T17:45:14.770+0530] {subprocess.py:93} INFO - Task A: 5
[2024-03-09T17:45:15.772+0530] {subprocess.py:93} INFO - End of Task A
[2024-03-09T17:45:15.772+0530] {subprocess.py:97} INFO - Command exited with return code 0
[2024-03-09T17:45:15.840+0530] {taskinstance.py:1149} INFO - Marking task as SUCCESS. dag_id=multitask_dag, task_id=taskA, execution_date=20240309T121507, start_date=20240309T121510, end_date=20240309T121515
[2024-03-09T17:45:15.906+0530] {local_task_job_runner.py:234} INFO - Task exited with return code 0
[2024-03-09T17:45:15.923+0530] {taskinstance.py:3309} INFO - 2 downstream tasks scheduled from follow-on schedule check
