[2024-03-14T07:42:22.954+0530] {taskinstance.py:1979} INFO - Dependencies all met for dep_context=non-requeueable deps ti=<TaskInstance: taskflow_sql_operations_dag.insert_records scheduled__2024-03-13T00:00:00+00:00 [queued]>
[2024-03-14T07:42:22.960+0530] {taskinstance.py:1979} INFO - Dependencies all met for dep_context=requeueable deps ti=<TaskInstance: taskflow_sql_operations_dag.insert_records scheduled__2024-03-13T00:00:00+00:00 [queued]>
[2024-03-14T07:42:22.961+0530] {taskinstance.py:2193} INFO - Starting attempt 1 of 1
[2024-03-14T07:42:22.987+0530] {taskinstance.py:2214} INFO - Executing <Task(_PythonDecoratedOperator): insert_records> on 2024-03-13 00:00:00+00:00
[2024-03-14T07:42:22.992+0530] {standard_task_runner.py:60} INFO - Started process 307248 to run task
[2024-03-14T07:42:22.998+0530] {standard_task_runner.py:87} INFO - Running: ['airflow', 'tasks', 'run', 'taskflow_sql_operations_dag', 'insert_records', 'scheduled__2024-03-13T00:00:00+00:00', '--job-id', '249', '--raw', '--subdir', 'DAGS_FOLDER/taskflow_sql_operations.py', '--cfg-path', '/tmp/tmpuxkzvovl']
[2024-03-14T07:42:23.002+0530] {standard_task_runner.py:88} INFO - Job 249: Subtask insert_records
[2024-03-14T07:42:23.123+0530] {task_command.py:423} INFO - Running <TaskInstance: taskflow_sql_operations_dag.insert_records scheduled__2024-03-13T00:00:00+00:00 [running]> on host BreakThrough.
[2024-03-14T07:42:23.226+0530] {taskinstance.py:2510} INFO - Exporting env vars: AIRFLOW_CTX_DAG_OWNER='kai' AIRFLOW_CTX_DAG_ID='taskflow_sql_operations_dag' AIRFLOW_CTX_TASK_ID='insert_records' AIRFLOW_CTX_EXECUTION_DATE='2024-03-13T00:00:00+00:00' AIRFLOW_CTX_TRY_NUMBER='1' AIRFLOW_CTX_DAG_RUN_ID='scheduled__2024-03-13T00:00:00+00:00'
[2024-03-14T07:42:23.228+0530] {logging_mixin.py:188} INFO - This is task C
[2024-03-14T07:42:23.245+0530] {logging_mixin.py:188} WARNING - /home/kai/airflow/dags/taskflow_sql_operations.py:50 FutureWarning: Passing literal json to 'read_json' is deprecated and will be removed in a future version. To read from a literal string, wrap it in a 'StringIO' object.
[2024-03-14T07:42:23.265+0530] {sql.py:276} INFO - Executing: 
                INSERT INTO Car (name, model, volume, weight, co2)
                VALUES ('Toyoty', 'Aygo', 1000, 790, 99)
                
[2024-03-14T07:42:23.271+0530] {base.py:83} INFO - Using connection ID 'my_sqlite_conn' for task execution.
[2024-03-14T07:42:23.308+0530] {base.py:83} INFO - Using connection ID 'my_sqlite_conn' for task execution.
[2024-03-14T07:42:23.309+0530] {sql.py:457} INFO - Running statement: 
                INSERT INTO Car (name, model, volume, weight, co2)
                VALUES ('Toyoty', 'Aygo', 1000, 790, 99)
                , parameters: None
[2024-03-14T07:42:23.310+0530] {sql.py:466} INFO - Rows affected: 1
[2024-03-14T07:42:23.311+0530] {logging_mixin.py:188} WARNING - /home/kai/.local/lib/python3.10/site-packages/airflow/providers/common/sql/hooks/sql.py:407 AirflowProviderDeprecationWarning: Call to deprecated method _make_common_data_structure. (The `_make_serializable` method is deprecated and support will be removed in a future version of the common.sql provider. Please update the DbApiHook's provider to a version based on common.sql >= 1.9.1.)
[2024-03-14T07:42:23.333+0530] {sql.py:276} INFO - Executing: 
                INSERT INTO Car (name, model, volume, weight, co2)
                VALUES ('Mitsubishi', 'Space Star', 1200, 1160, 95)
                
[2024-03-14T07:42:23.338+0530] {base.py:83} INFO - Using connection ID 'my_sqlite_conn' for task execution.
[2024-03-14T07:42:23.342+0530] {base.py:83} INFO - Using connection ID 'my_sqlite_conn' for task execution.
[2024-03-14T07:42:23.342+0530] {sql.py:457} INFO - Running statement: 
                INSERT INTO Car (name, model, volume, weight, co2)
                VALUES ('Mitsubishi', 'Space Star', 1200, 1160, 95)
                , parameters: None
[2024-03-14T07:42:23.343+0530] {sql.py:466} INFO - Rows affected: 1
[2024-03-14T07:42:23.362+0530] {sql.py:276} INFO - Executing: 
                INSERT INTO Car (name, model, volume, weight, co2)
                VALUES ('Skoda', 'Citigo', 1000, 929, 95)
                
[2024-03-14T07:42:23.364+0530] {base.py:83} INFO - Using connection ID 'my_sqlite_conn' for task execution.
[2024-03-14T07:42:23.367+0530] {base.py:83} INFO - Using connection ID 'my_sqlite_conn' for task execution.
[2024-03-14T07:42:23.368+0530] {sql.py:457} INFO - Running statement: 
                INSERT INTO Car (name, model, volume, weight, co2)
                VALUES ('Skoda', 'Citigo', 1000, 929, 95)
                , parameters: None
[2024-03-14T07:42:23.368+0530] {sql.py:466} INFO - Rows affected: 1
[2024-03-14T07:42:23.391+0530] {sql.py:276} INFO - Executing: 
                INSERT INTO Car (name, model, volume, weight, co2)
                VALUES ('Fiat', '500', 900, 865, 90)
                
[2024-03-14T07:42:23.393+0530] {base.py:83} INFO - Using connection ID 'my_sqlite_conn' for task execution.
[2024-03-14T07:42:23.396+0530] {base.py:83} INFO - Using connection ID 'my_sqlite_conn' for task execution.
[2024-03-14T07:42:23.396+0530] {sql.py:457} INFO - Running statement: 
                INSERT INTO Car (name, model, volume, weight, co2)
                VALUES ('Fiat', '500', 900, 865, 90)
                , parameters: None
[2024-03-14T07:42:23.396+0530] {sql.py:466} INFO - Rows affected: 1
[2024-03-14T07:42:23.414+0530] {sql.py:276} INFO - Executing: 
                INSERT INTO Car (name, model, volume, weight, co2)
                VALUES ('Mini', 'Cooper', 1500, 1140, 105)
                
[2024-03-14T07:42:23.417+0530] {base.py:83} INFO - Using connection ID 'my_sqlite_conn' for task execution.
[2024-03-14T07:42:23.419+0530] {base.py:83} INFO - Using connection ID 'my_sqlite_conn' for task execution.
[2024-03-14T07:42:23.419+0530] {sql.py:457} INFO - Running statement: 
                INSERT INTO Car (name, model, volume, weight, co2)
                VALUES ('Mini', 'Cooper', 1500, 1140, 105)
                , parameters: None
[2024-03-14T07:42:23.420+0530] {sql.py:466} INFO - Rows affected: 1
[2024-03-14T07:42:23.438+0530] {sql.py:276} INFO - Executing: 
                INSERT INTO Car (name, model, volume, weight, co2)
                VALUES ('VW', 'Up!', 1000, 929, 105)
                
[2024-03-14T07:42:23.440+0530] {base.py:83} INFO - Using connection ID 'my_sqlite_conn' for task execution.
[2024-03-14T07:42:23.442+0530] {base.py:83} INFO - Using connection ID 'my_sqlite_conn' for task execution.
[2024-03-14T07:42:23.443+0530] {sql.py:457} INFO - Running statement: 
                INSERT INTO Car (name, model, volume, weight, co2)
                VALUES ('VW', 'Up!', 1000, 929, 105)
                , parameters: None
[2024-03-14T07:42:23.443+0530] {sql.py:466} INFO - Rows affected: 1
[2024-03-14T07:42:23.465+0530] {sql.py:276} INFO - Executing: 
                INSERT INTO Car (name, model, volume, weight, co2)
                VALUES ('Skoda', 'Fabia', 1400, 1109, 90)
                
[2024-03-14T07:42:23.468+0530] {base.py:83} INFO - Using connection ID 'my_sqlite_conn' for task execution.
[2024-03-14T07:42:23.471+0530] {base.py:83} INFO - Using connection ID 'my_sqlite_conn' for task execution.
[2024-03-14T07:42:23.472+0530] {sql.py:457} INFO - Running statement: 
                INSERT INTO Car (name, model, volume, weight, co2)
                VALUES ('Skoda', 'Fabia', 1400, 1109, 90)
                , parameters: None
[2024-03-14T07:42:23.472+0530] {sql.py:466} INFO - Rows affected: 1
[2024-03-14T07:42:23.490+0530] {sql.py:276} INFO - Executing: 
                INSERT INTO Car (name, model, volume, weight, co2)
                VALUES ('Mercedes', 'A-Class', 1500, 1365, 92)
                
[2024-03-14T07:42:23.492+0530] {base.py:83} INFO - Using connection ID 'my_sqlite_conn' for task execution.
[2024-03-14T07:42:23.495+0530] {base.py:83} INFO - Using connection ID 'my_sqlite_conn' for task execution.
[2024-03-14T07:42:23.496+0530] {sql.py:457} INFO - Running statement: 
                INSERT INTO Car (name, model, volume, weight, co2)
                VALUES ('Mercedes', 'A-Class', 1500, 1365, 92)
                , parameters: None
[2024-03-14T07:42:23.496+0530] {sql.py:466} INFO - Rows affected: 1
[2024-03-14T07:42:23.514+0530] {sql.py:276} INFO - Executing: 
                INSERT INTO Car (name, model, volume, weight, co2)
                VALUES ('Ford', 'Fiesta', 1500, 1112, 98)
                
[2024-03-14T07:42:23.517+0530] {base.py:83} INFO - Using connection ID 'my_sqlite_conn' for task execution.
[2024-03-14T07:42:23.519+0530] {base.py:83} INFO - Using connection ID 'my_sqlite_conn' for task execution.
[2024-03-14T07:42:23.520+0530] {sql.py:457} INFO - Running statement: 
                INSERT INTO Car (name, model, volume, weight, co2)
                VALUES ('Ford', 'Fiesta', 1500, 1112, 98)
                , parameters: None
[2024-03-14T07:42:23.520+0530] {sql.py:466} INFO - Rows affected: 1
[2024-03-14T07:42:23.543+0530] {sql.py:276} INFO - Executing: 
                INSERT INTO Car (name, model, volume, weight, co2)
                VALUES ('Audi', 'A1', 1600, 1150, 99)
                
[2024-03-14T07:42:23.545+0530] {base.py:83} INFO - Using connection ID 'my_sqlite_conn' for task execution.
[2024-03-14T07:42:23.548+0530] {base.py:83} INFO - Using connection ID 'my_sqlite_conn' for task execution.
[2024-03-14T07:42:23.548+0530] {sql.py:457} INFO - Running statement: 
                INSERT INTO Car (name, model, volume, weight, co2)
                VALUES ('Audi', 'A1', 1600, 1150, 99)
                , parameters: None
[2024-03-14T07:42:23.549+0530] {sql.py:466} INFO - Rows affected: 1
[2024-03-14T07:42:23.571+0530] {sql.py:276} INFO - Executing: 
                INSERT INTO Car (name, model, volume, weight, co2)
                VALUES ('Hyundai', 'I20', 1100, 980, 99)
                
[2024-03-14T07:42:23.576+0530] {base.py:83} INFO - Using connection ID 'my_sqlite_conn' for task execution.
[2024-03-14T07:42:23.580+0530] {base.py:83} INFO - Using connection ID 'my_sqlite_conn' for task execution.
[2024-03-14T07:42:23.581+0530] {sql.py:457} INFO - Running statement: 
                INSERT INTO Car (name, model, volume, weight, co2)
                VALUES ('Hyundai', 'I20', 1100, 980, 99)
                , parameters: None
[2024-03-14T07:42:23.582+0530] {sql.py:466} INFO - Rows affected: 1
[2024-03-14T07:42:23.604+0530] {sql.py:276} INFO - Executing: 
                INSERT INTO Car (name, model, volume, weight, co2)
                VALUES ('Suzuki', 'Swift', 1300, 990, 101)
                
[2024-03-14T07:42:23.606+0530] {base.py:83} INFO - Using connection ID 'my_sqlite_conn' for task execution.
[2024-03-14T07:42:23.609+0530] {base.py:83} INFO - Using connection ID 'my_sqlite_conn' for task execution.
[2024-03-14T07:42:23.609+0530] {sql.py:457} INFO - Running statement: 
                INSERT INTO Car (name, model, volume, weight, co2)
                VALUES ('Suzuki', 'Swift', 1300, 990, 101)
                , parameters: None
[2024-03-14T07:42:23.610+0530] {sql.py:466} INFO - Rows affected: 1
[2024-03-14T07:42:23.627+0530] {sql.py:276} INFO - Executing: 
                INSERT INTO Car (name, model, volume, weight, co2)
                VALUES ('Ford', 'Fiesta', 1000, 1112, 99)
                
[2024-03-14T07:42:23.631+0530] {base.py:83} INFO - Using connection ID 'my_sqlite_conn' for task execution.
[2024-03-14T07:42:23.635+0530] {base.py:83} INFO - Using connection ID 'my_sqlite_conn' for task execution.
[2024-03-14T07:42:23.635+0530] {sql.py:457} INFO - Running statement: 
                INSERT INTO Car (name, model, volume, weight, co2)
                VALUES ('Ford', 'Fiesta', 1000, 1112, 99)
                , parameters: None
[2024-03-14T07:42:23.636+0530] {sql.py:466} INFO - Rows affected: 1
[2024-03-14T07:42:23.653+0530] {sql.py:276} INFO - Executing: 
                INSERT INTO Car (name, model, volume, weight, co2)
                VALUES ('Honda', 'Civic', 1600, 1252, 94)
                
[2024-03-14T07:42:23.657+0530] {base.py:83} INFO - Using connection ID 'my_sqlite_conn' for task execution.
[2024-03-14T07:42:23.660+0530] {base.py:83} INFO - Using connection ID 'my_sqlite_conn' for task execution.
[2024-03-14T07:42:23.661+0530] {sql.py:457} INFO - Running statement: 
                INSERT INTO Car (name, model, volume, weight, co2)
                VALUES ('Honda', 'Civic', 1600, 1252, 94)
                , parameters: None
[2024-03-14T07:42:23.661+0530] {sql.py:466} INFO - Rows affected: 1
[2024-03-14T07:42:23.680+0530] {sql.py:276} INFO - Executing: 
                INSERT INTO Car (name, model, volume, weight, co2)
                VALUES ('Hundai', 'I30', 1600, 1326, 97)
                
[2024-03-14T07:42:23.683+0530] {base.py:83} INFO - Using connection ID 'my_sqlite_conn' for task execution.
[2024-03-14T07:42:23.685+0530] {base.py:83} INFO - Using connection ID 'my_sqlite_conn' for task execution.
[2024-03-14T07:42:23.686+0530] {sql.py:457} INFO - Running statement: 
                INSERT INTO Car (name, model, volume, weight, co2)
                VALUES ('Hundai', 'I30', 1600, 1326, 97)
                , parameters: None
[2024-03-14T07:42:23.686+0530] {sql.py:466} INFO - Rows affected: 1
[2024-03-14T07:42:23.703+0530] {sql.py:276} INFO - Executing: 
                INSERT INTO Car (name, model, volume, weight, co2)
                VALUES ('Opel', 'Astra', 1600, 1330, 97)
                
[2024-03-14T07:42:23.707+0530] {base.py:83} INFO - Using connection ID 'my_sqlite_conn' for task execution.
[2024-03-14T07:42:23.710+0530] {base.py:83} INFO - Using connection ID 'my_sqlite_conn' for task execution.
[2024-03-14T07:42:23.710+0530] {sql.py:457} INFO - Running statement: 
                INSERT INTO Car (name, model, volume, weight, co2)
                VALUES ('Opel', 'Astra', 1600, 1330, 97)
                , parameters: None
[2024-03-14T07:42:23.711+0530] {sql.py:466} INFO - Rows affected: 1
[2024-03-14T07:42:23.730+0530] {sql.py:276} INFO - Executing: 
                INSERT INTO Car (name, model, volume, weight, co2)
                VALUES ('BMW', '1', 1600, 1365, 99)
                
[2024-03-14T07:42:23.735+0530] {base.py:83} INFO - Using connection ID 'my_sqlite_conn' for task execution.
[2024-03-14T07:42:23.740+0530] {base.py:83} INFO - Using connection ID 'my_sqlite_conn' for task execution.
[2024-03-14T07:42:23.740+0530] {sql.py:457} INFO - Running statement: 
                INSERT INTO Car (name, model, volume, weight, co2)
                VALUES ('BMW', '1', 1600, 1365, 99)
                , parameters: None
[2024-03-14T07:42:23.741+0530] {sql.py:466} INFO - Rows affected: 1
[2024-03-14T07:42:23.758+0530] {sql.py:276} INFO - Executing: 
                INSERT INTO Car (name, model, volume, weight, co2)
                VALUES ('Mazda', '3', 2200, 1280, 104)
                
[2024-03-14T07:42:23.762+0530] {base.py:83} INFO - Using connection ID 'my_sqlite_conn' for task execution.
[2024-03-14T07:42:23.765+0530] {base.py:83} INFO - Using connection ID 'my_sqlite_conn' for task execution.
[2024-03-14T07:42:23.766+0530] {sql.py:457} INFO - Running statement: 
                INSERT INTO Car (name, model, volume, weight, co2)
                VALUES ('Mazda', '3', 2200, 1280, 104)
                , parameters: None
[2024-03-14T07:42:23.767+0530] {sql.py:466} INFO - Rows affected: 1
[2024-03-14T07:42:23.785+0530] {sql.py:276} INFO - Executing: 
                INSERT INTO Car (name, model, volume, weight, co2)
                VALUES ('Skoda', 'Rapid', 1600, 1119, 104)
                
[2024-03-14T07:42:23.792+0530] {base.py:83} INFO - Using connection ID 'my_sqlite_conn' for task execution.
[2024-03-14T07:42:23.796+0530] {base.py:83} INFO - Using connection ID 'my_sqlite_conn' for task execution.
[2024-03-14T07:42:23.797+0530] {sql.py:457} INFO - Running statement: 
                INSERT INTO Car (name, model, volume, weight, co2)
                VALUES ('Skoda', 'Rapid', 1600, 1119, 104)
                , parameters: None
[2024-03-14T07:42:23.798+0530] {sql.py:466} INFO - Rows affected: 1
[2024-03-14T07:42:23.818+0530] {sql.py:276} INFO - Executing: 
                INSERT INTO Car (name, model, volume, weight, co2)
                VALUES ('Ford', 'Focus', 2000, 1328, 105)
                
[2024-03-14T07:42:23.821+0530] {base.py:83} INFO - Using connection ID 'my_sqlite_conn' for task execution.
[2024-03-14T07:42:23.824+0530] {base.py:83} INFO - Using connection ID 'my_sqlite_conn' for task execution.
[2024-03-14T07:42:23.824+0530] {sql.py:457} INFO - Running statement: 
                INSERT INTO Car (name, model, volume, weight, co2)
                VALUES ('Ford', 'Focus', 2000, 1328, 105)
                , parameters: None
[2024-03-14T07:42:23.825+0530] {sql.py:466} INFO - Rows affected: 1
[2024-03-14T07:42:23.841+0530] {sql.py:276} INFO - Executing: 
                INSERT INTO Car (name, model, volume, weight, co2)
                VALUES ('Ford', 'Mondeo', 1600, 1584, 94)
                
[2024-03-14T07:42:23.845+0530] {base.py:83} INFO - Using connection ID 'my_sqlite_conn' for task execution.
[2024-03-14T07:42:23.848+0530] {base.py:83} INFO - Using connection ID 'my_sqlite_conn' for task execution.
[2024-03-14T07:42:23.849+0530] {sql.py:457} INFO - Running statement: 
                INSERT INTO Car (name, model, volume, weight, co2)
                VALUES ('Ford', 'Mondeo', 1600, 1584, 94)
                , parameters: None
[2024-03-14T07:42:23.850+0530] {sql.py:466} INFO - Rows affected: 1
[2024-03-14T07:42:23.868+0530] {sql.py:276} INFO - Executing: 
                INSERT INTO Car (name, model, volume, weight, co2)
                VALUES ('Opel', 'Insignia', 2000, 1428, 99)
                
[2024-03-14T07:42:23.873+0530] {base.py:83} INFO - Using connection ID 'my_sqlite_conn' for task execution.
[2024-03-14T07:42:23.878+0530] {base.py:83} INFO - Using connection ID 'my_sqlite_conn' for task execution.
[2024-03-14T07:42:23.879+0530] {sql.py:457} INFO - Running statement: 
                INSERT INTO Car (name, model, volume, weight, co2)
                VALUES ('Opel', 'Insignia', 2000, 1428, 99)
                , parameters: None
[2024-03-14T07:42:23.879+0530] {sql.py:466} INFO - Rows affected: 1
[2024-03-14T07:42:23.897+0530] {sql.py:276} INFO - Executing: 
                INSERT INTO Car (name, model, volume, weight, co2)
                VALUES ('Mercedes', 'C-Class', 2100, 1365, 99)
                
[2024-03-14T07:42:23.901+0530] {base.py:83} INFO - Using connection ID 'my_sqlite_conn' for task execution.
[2024-03-14T07:42:23.906+0530] {base.py:83} INFO - Using connection ID 'my_sqlite_conn' for task execution.
[2024-03-14T07:42:23.907+0530] {sql.py:457} INFO - Running statement: 
                INSERT INTO Car (name, model, volume, weight, co2)
                VALUES ('Mercedes', 'C-Class', 2100, 1365, 99)
                , parameters: None
[2024-03-14T07:42:23.907+0530] {sql.py:466} INFO - Rows affected: 1
[2024-03-14T07:42:23.926+0530] {sql.py:276} INFO - Executing: 
                INSERT INTO Car (name, model, volume, weight, co2)
                VALUES ('Skoda', 'Octavia', 1600, 1415, 99)
                
[2024-03-14T07:42:23.931+0530] {base.py:83} INFO - Using connection ID 'my_sqlite_conn' for task execution.
[2024-03-14T07:42:23.935+0530] {base.py:83} INFO - Using connection ID 'my_sqlite_conn' for task execution.
[2024-03-14T07:42:23.935+0530] {sql.py:457} INFO - Running statement: 
                INSERT INTO Car (name, model, volume, weight, co2)
                VALUES ('Skoda', 'Octavia', 1600, 1415, 99)
                , parameters: None
[2024-03-14T07:42:23.936+0530] {sql.py:466} INFO - Rows affected: 1
[2024-03-14T07:42:23.954+0530] {sql.py:276} INFO - Executing: 
                INSERT INTO Car (name, model, volume, weight, co2)
                VALUES ('Volvo', 'S60', 2000, 1415, 99)
                
[2024-03-14T07:42:23.959+0530] {base.py:83} INFO - Using connection ID 'my_sqlite_conn' for task execution.
[2024-03-14T07:42:23.963+0530] {base.py:83} INFO - Using connection ID 'my_sqlite_conn' for task execution.
[2024-03-14T07:42:23.964+0530] {sql.py:457} INFO - Running statement: 
                INSERT INTO Car (name, model, volume, weight, co2)
                VALUES ('Volvo', 'S60', 2000, 1415, 99)
                , parameters: None
[2024-03-14T07:42:23.965+0530] {sql.py:466} INFO - Rows affected: 1
[2024-03-14T07:42:23.983+0530] {sql.py:276} INFO - Executing: 
                INSERT INTO Car (name, model, volume, weight, co2)
                VALUES ('Mercedes', 'CLA', 1500, 1465, 102)
                
[2024-03-14T07:42:23.987+0530] {base.py:83} INFO - Using connection ID 'my_sqlite_conn' for task execution.
[2024-03-14T07:42:23.992+0530] {base.py:83} INFO - Using connection ID 'my_sqlite_conn' for task execution.
[2024-03-14T07:42:23.992+0530] {sql.py:457} INFO - Running statement: 
                INSERT INTO Car (name, model, volume, weight, co2)
                VALUES ('Mercedes', 'CLA', 1500, 1465, 102)
                , parameters: None
[2024-03-14T07:42:23.993+0530] {sql.py:466} INFO - Rows affected: 1
[2024-03-14T07:42:24.011+0530] {sql.py:276} INFO - Executing: 
                INSERT INTO Car (name, model, volume, weight, co2)
                VALUES ('Audi', 'A4', 2000, 1490, 104)
                
[2024-03-14T07:42:24.017+0530] {base.py:83} INFO - Using connection ID 'my_sqlite_conn' for task execution.
[2024-03-14T07:42:24.022+0530] {base.py:83} INFO - Using connection ID 'my_sqlite_conn' for task execution.
[2024-03-14T07:42:24.023+0530] {sql.py:457} INFO - Running statement: 
                INSERT INTO Car (name, model, volume, weight, co2)
                VALUES ('Audi', 'A4', 2000, 1490, 104)
                , parameters: None
[2024-03-14T07:42:24.024+0530] {sql.py:466} INFO - Rows affected: 1
[2024-03-14T07:42:24.043+0530] {sql.py:276} INFO - Executing: 
                INSERT INTO Car (name, model, volume, weight, co2)
                VALUES ('Audi', 'A6', 2000, 1725, 114)
                
[2024-03-14T07:42:24.048+0530] {base.py:83} INFO - Using connection ID 'my_sqlite_conn' for task execution.
[2024-03-14T07:42:24.053+0530] {base.py:83} INFO - Using connection ID 'my_sqlite_conn' for task execution.
[2024-03-14T07:42:24.054+0530] {sql.py:457} INFO - Running statement: 
                INSERT INTO Car (name, model, volume, weight, co2)
                VALUES ('Audi', 'A6', 2000, 1725, 114)
                , parameters: None
[2024-03-14T07:42:24.055+0530] {sql.py:466} INFO - Rows affected: 1
[2024-03-14T07:42:24.109+0530] {sql.py:276} INFO - Executing: 
                INSERT INTO Car (name, model, volume, weight, co2)
                VALUES ('Volvo', 'V70', 1600, 1523, 109)
                
[2024-03-14T07:42:24.111+0530] {base.py:83} INFO - Using connection ID 'my_sqlite_conn' for task execution.
[2024-03-14T07:42:24.114+0530] {base.py:83} INFO - Using connection ID 'my_sqlite_conn' for task execution.
[2024-03-14T07:42:24.115+0530] {sql.py:457} INFO - Running statement: 
                INSERT INTO Car (name, model, volume, weight, co2)
                VALUES ('Volvo', 'V70', 1600, 1523, 109)
                , parameters: None
[2024-03-14T07:42:24.115+0530] {sql.py:466} INFO - Rows affected: 1
[2024-03-14T07:42:24.135+0530] {sql.py:276} INFO - Executing: 
                INSERT INTO Car (name, model, volume, weight, co2)
                VALUES ('BMW', '5', 2000, 1705, 114)
                
[2024-03-14T07:42:24.138+0530] {base.py:83} INFO - Using connection ID 'my_sqlite_conn' for task execution.
[2024-03-14T07:42:24.143+0530] {base.py:83} INFO - Using connection ID 'my_sqlite_conn' for task execution.
[2024-03-14T07:42:24.144+0530] {sql.py:457} INFO - Running statement: 
                INSERT INTO Car (name, model, volume, weight, co2)
                VALUES ('BMW', '5', 2000, 1705, 114)
                , parameters: None
[2024-03-14T07:42:24.145+0530] {sql.py:466} INFO - Rows affected: 1
[2024-03-14T07:42:24.162+0530] {sql.py:276} INFO - Executing: 
                INSERT INTO Car (name, model, volume, weight, co2)
                VALUES ('Mercedes', 'E-Class', 2100, 1605, 115)
                
[2024-03-14T07:42:24.165+0530] {base.py:83} INFO - Using connection ID 'my_sqlite_conn' for task execution.
[2024-03-14T07:42:24.168+0530] {base.py:83} INFO - Using connection ID 'my_sqlite_conn' for task execution.
[2024-03-14T07:42:24.169+0530] {sql.py:457} INFO - Running statement: 
                INSERT INTO Car (name, model, volume, weight, co2)
                VALUES ('Mercedes', 'E-Class', 2100, 1605, 115)
                , parameters: None
[2024-03-14T07:42:24.169+0530] {sql.py:466} INFO - Rows affected: 1
[2024-03-14T07:42:24.199+0530] {sql.py:276} INFO - Executing: 
                INSERT INTO Car (name, model, volume, weight, co2)
                VALUES ('Volvo', 'XC70', 2000, 1746, 117)
                
[2024-03-14T07:42:24.202+0530] {base.py:83} INFO - Using connection ID 'my_sqlite_conn' for task execution.
[2024-03-14T07:42:24.205+0530] {base.py:83} INFO - Using connection ID 'my_sqlite_conn' for task execution.
[2024-03-14T07:42:24.205+0530] {sql.py:457} INFO - Running statement: 
                INSERT INTO Car (name, model, volume, weight, co2)
                VALUES ('Volvo', 'XC70', 2000, 1746, 117)
                , parameters: None
[2024-03-14T07:42:24.206+0530] {sql.py:466} INFO - Rows affected: 1
[2024-03-14T07:42:24.223+0530] {sql.py:276} INFO - Executing: 
                INSERT INTO Car (name, model, volume, weight, co2)
                VALUES ('Ford', 'B-Max', 1600, 1235, 104)
                
[2024-03-14T07:42:24.227+0530] {base.py:83} INFO - Using connection ID 'my_sqlite_conn' for task execution.
[2024-03-14T07:42:24.231+0530] {base.py:83} INFO - Using connection ID 'my_sqlite_conn' for task execution.
[2024-03-14T07:42:24.232+0530] {sql.py:457} INFO - Running statement: 
                INSERT INTO Car (name, model, volume, weight, co2)
                VALUES ('Ford', 'B-Max', 1600, 1235, 104)
                , parameters: None
[2024-03-14T07:42:24.232+0530] {sql.py:466} INFO - Rows affected: 1
[2024-03-14T07:42:24.254+0530] {sql.py:276} INFO - Executing: 
                INSERT INTO Car (name, model, volume, weight, co2)
                VALUES ('BMW', '216', 1600, 1390, 108)
                
[2024-03-14T07:42:24.257+0530] {base.py:83} INFO - Using connection ID 'my_sqlite_conn' for task execution.
[2024-03-14T07:42:24.260+0530] {base.py:83} INFO - Using connection ID 'my_sqlite_conn' for task execution.
[2024-03-14T07:42:24.261+0530] {sql.py:457} INFO - Running statement: 
                INSERT INTO Car (name, model, volume, weight, co2)
                VALUES ('BMW', '216', 1600, 1390, 108)
                , parameters: None
[2024-03-14T07:42:24.261+0530] {sql.py:466} INFO - Rows affected: 1
[2024-03-14T07:42:24.283+0530] {sql.py:276} INFO - Executing: 
                INSERT INTO Car (name, model, volume, weight, co2)
                VALUES ('Opel', 'Zafira', 1600, 1405, 109)
                
[2024-03-14T07:42:24.286+0530] {base.py:83} INFO - Using connection ID 'my_sqlite_conn' for task execution.
[2024-03-14T07:42:24.289+0530] {base.py:83} INFO - Using connection ID 'my_sqlite_conn' for task execution.
[2024-03-14T07:42:24.290+0530] {sql.py:457} INFO - Running statement: 
                INSERT INTO Car (name, model, volume, weight, co2)
                VALUES ('Opel', 'Zafira', 1600, 1405, 109)
                , parameters: None
[2024-03-14T07:42:24.290+0530] {sql.py:466} INFO - Rows affected: 1
[2024-03-14T07:42:24.309+0530] {sql.py:276} INFO - Executing: 
                INSERT INTO Car (name, model, volume, weight, co2)
                VALUES ('Mercedes', 'SLK', 2500, 1395, 120)
                
[2024-03-14T07:42:24.313+0530] {base.py:83} INFO - Using connection ID 'my_sqlite_conn' for task execution.
[2024-03-14T07:42:24.317+0530] {base.py:83} INFO - Using connection ID 'my_sqlite_conn' for task execution.
[2024-03-14T07:42:24.318+0530] {sql.py:457} INFO - Running statement: 
                INSERT INTO Car (name, model, volume, weight, co2)
                VALUES ('Mercedes', 'SLK', 2500, 1395, 120)
                , parameters: None
[2024-03-14T07:42:24.319+0530] {sql.py:466} INFO - Rows affected: 1
[2024-03-14T07:42:24.337+0530] {python.py:202} INFO - Done. Returned value was: None
[2024-03-14T07:42:24.342+0530] {taskinstance.py:1149} INFO - Marking task as SUCCESS. dag_id=taskflow_sql_operations_dag, task_id=insert_records, execution_date=20240313T000000, start_date=20240314T021222, end_date=20240314T021224
[2024-03-14T07:42:24.419+0530] {local_task_job_runner.py:234} INFO - Task exited with return code 0
[2024-03-14T07:42:24.446+0530] {taskinstance.py:3309} INFO - 0 downstream tasks scheduled from follow-on schedule check
