[2024-03-09T15:44:27.308+0530] {processor.py:161} INFO - Started process (PID=4666) to work on /home/kai/.local/lib/python3.10/site-packages/airflow/example_dags/plugins/listener_plugin.py
[2024-03-09T15:44:27.309+0530] {processor.py:830} INFO - Processing file /home/kai/.local/lib/python3.10/site-packages/airflow/example_dags/plugins/listener_plugin.py for tasks to queue
[2024-03-09T15:44:27.310+0530] {logging_mixin.py:188} INFO - [2024-03-09T15:44:27.309+0530] {dagbag.py:540} INFO - Filling up the DagBag from /home/kai/.local/lib/python3.10/site-packages/airflow/example_dags/plugins/listener_plugin.py
[2024-03-09T15:44:27.313+0530] {processor.py:842} WARNING - No viable dags retrieved from /home/kai/.local/lib/python3.10/site-packages/airflow/example_dags/plugins/listener_plugin.py
[2024-03-09T15:44:27.322+0530] {processor.py:183} INFO - Processing /home/kai/.local/lib/python3.10/site-packages/airflow/example_dags/plugins/listener_plugin.py took 0.018 seconds
[2024-03-09T15:45:28.070+0530] {processor.py:161} INFO - Started process (PID=4730) to work on /home/kai/.local/lib/python3.10/site-packages/airflow/example_dags/plugins/listener_plugin.py
[2024-03-09T15:45:28.072+0530] {processor.py:830} INFO - Processing file /home/kai/.local/lib/python3.10/site-packages/airflow/example_dags/plugins/listener_plugin.py for tasks to queue
[2024-03-09T15:45:28.073+0530] {logging_mixin.py:188} INFO - [2024-03-09T15:45:28.073+0530] {dagbag.py:540} INFO - Filling up the DagBag from /home/kai/.local/lib/python3.10/site-packages/airflow/example_dags/plugins/listener_plugin.py
[2024-03-09T15:45:28.076+0530] {processor.py:842} WARNING - No viable dags retrieved from /home/kai/.local/lib/python3.10/site-packages/airflow/example_dags/plugins/listener_plugin.py
[2024-03-09T15:45:28.087+0530] {processor.py:183} INFO - Processing /home/kai/.local/lib/python3.10/site-packages/airflow/example_dags/plugins/listener_plugin.py took 0.020 seconds
[2024-03-09T15:46:21.956+0530] {processor.py:161} INFO - Started process (PID=4782) to work on /home/kai/.local/lib/python3.10/site-packages/airflow/example_dags/plugins/listener_plugin.py
[2024-03-09T15:46:21.958+0530] {processor.py:830} INFO - Processing file /home/kai/.local/lib/python3.10/site-packages/airflow/example_dags/plugins/listener_plugin.py for tasks to queue
[2024-03-09T15:46:21.960+0530] {logging_mixin.py:188} INFO - [2024-03-09T15:46:21.959+0530] {dagbag.py:540} INFO - Filling up the DagBag from /home/kai/.local/lib/python3.10/site-packages/airflow/example_dags/plugins/listener_plugin.py
[2024-03-09T15:46:21.963+0530] {processor.py:842} WARNING - No viable dags retrieved from /home/kai/.local/lib/python3.10/site-packages/airflow/example_dags/plugins/listener_plugin.py
[2024-03-09T15:46:21.974+0530] {processor.py:183} INFO - Processing /home/kai/.local/lib/python3.10/site-packages/airflow/example_dags/plugins/listener_plugin.py took 0.021 seconds
[2024-03-09T15:47:22.742+0530] {processor.py:161} INFO - Started process (PID=4842) to work on /home/kai/.local/lib/python3.10/site-packages/airflow/example_dags/plugins/listener_plugin.py
[2024-03-09T15:47:22.745+0530] {processor.py:830} INFO - Processing file /home/kai/.local/lib/python3.10/site-packages/airflow/example_dags/plugins/listener_plugin.py for tasks to queue
[2024-03-09T15:47:22.746+0530] {logging_mixin.py:188} INFO - [2024-03-09T15:47:22.746+0530] {dagbag.py:540} INFO - Filling up the DagBag from /home/kai/.local/lib/python3.10/site-packages/airflow/example_dags/plugins/listener_plugin.py
[2024-03-09T15:47:22.749+0530] {processor.py:842} WARNING - No viable dags retrieved from /home/kai/.local/lib/python3.10/site-packages/airflow/example_dags/plugins/listener_plugin.py
[2024-03-09T15:47:22.759+0530] {processor.py:183} INFO - Processing /home/kai/.local/lib/python3.10/site-packages/airflow/example_dags/plugins/listener_plugin.py took 0.020 seconds
[2024-03-09T15:48:33.807+0530] {processor.py:161} INFO - Started process (PID=4928) to work on /home/kai/.local/lib/python3.10/site-packages/airflow/example_dags/plugins/listener_plugin.py
[2024-03-09T15:48:33.808+0530] {processor.py:830} INFO - Processing file /home/kai/.local/lib/python3.10/site-packages/airflow/example_dags/plugins/listener_plugin.py for tasks to queue
[2024-03-09T15:48:33.809+0530] {logging_mixin.py:188} INFO - [2024-03-09T15:48:33.809+0530] {dagbag.py:540} INFO - Filling up the DagBag from /home/kai/.local/lib/python3.10/site-packages/airflow/example_dags/plugins/listener_plugin.py
[2024-03-09T15:48:33.812+0530] {processor.py:842} WARNING - No viable dags retrieved from /home/kai/.local/lib/python3.10/site-packages/airflow/example_dags/plugins/listener_plugin.py
[2024-03-09T15:48:33.822+0530] {processor.py:183} INFO - Processing /home/kai/.local/lib/python3.10/site-packages/airflow/example_dags/plugins/listener_plugin.py took 0.018 seconds
[2024-03-09T15:49:24.770+0530] {processor.py:161} INFO - Started process (PID=4992) to work on /home/kai/.local/lib/python3.10/site-packages/airflow/example_dags/plugins/listener_plugin.py
[2024-03-09T15:49:24.776+0530] {processor.py:830} INFO - Processing file /home/kai/.local/lib/python3.10/site-packages/airflow/example_dags/plugins/listener_plugin.py for tasks to queue
[2024-03-09T15:49:24.779+0530] {logging_mixin.py:188} INFO - [2024-03-09T15:49:24.778+0530] {dagbag.py:540} INFO - Filling up the DagBag from /home/kai/.local/lib/python3.10/site-packages/airflow/example_dags/plugins/listener_plugin.py
[2024-03-09T15:49:24.785+0530] {processor.py:842} WARNING - No viable dags retrieved from /home/kai/.local/lib/python3.10/site-packages/airflow/example_dags/plugins/listener_plugin.py
[2024-03-09T15:49:24.803+0530] {processor.py:183} INFO - Processing /home/kai/.local/lib/python3.10/site-packages/airflow/example_dags/plugins/listener_plugin.py took 0.037 seconds
[2024-03-09T15:50:36.093+0530] {processor.py:161} INFO - Started process (PID=5068) to work on /home/kai/.local/lib/python3.10/site-packages/airflow/example_dags/plugins/listener_plugin.py
[2024-03-09T15:50:36.097+0530] {processor.py:830} INFO - Processing file /home/kai/.local/lib/python3.10/site-packages/airflow/example_dags/plugins/listener_plugin.py for tasks to queue
[2024-03-09T15:50:36.098+0530] {logging_mixin.py:188} INFO - [2024-03-09T15:50:36.098+0530] {dagbag.py:540} INFO - Filling up the DagBag from /home/kai/.local/lib/python3.10/site-packages/airflow/example_dags/plugins/listener_plugin.py
[2024-03-09T15:50:36.101+0530] {processor.py:842} WARNING - No viable dags retrieved from /home/kai/.local/lib/python3.10/site-packages/airflow/example_dags/plugins/listener_plugin.py
[2024-03-09T15:50:36.112+0530] {processor.py:183} INFO - Processing /home/kai/.local/lib/python3.10/site-packages/airflow/example_dags/plugins/listener_plugin.py took 0.022 seconds
[2024-03-09T15:51:32.078+0530] {processor.py:161} INFO - Started process (PID=5128) to work on /home/kai/.local/lib/python3.10/site-packages/airflow/example_dags/plugins/listener_plugin.py
[2024-03-09T15:51:32.081+0530] {processor.py:830} INFO - Processing file /home/kai/.local/lib/python3.10/site-packages/airflow/example_dags/plugins/listener_plugin.py for tasks to queue
[2024-03-09T15:51:32.082+0530] {logging_mixin.py:188} INFO - [2024-03-09T15:51:32.082+0530] {dagbag.py:540} INFO - Filling up the DagBag from /home/kai/.local/lib/python3.10/site-packages/airflow/example_dags/plugins/listener_plugin.py
[2024-03-09T15:51:32.086+0530] {processor.py:842} WARNING - No viable dags retrieved from /home/kai/.local/lib/python3.10/site-packages/airflow/example_dags/plugins/listener_plugin.py
[2024-03-09T15:51:32.096+0530] {processor.py:183} INFO - Processing /home/kai/.local/lib/python3.10/site-packages/airflow/example_dags/plugins/listener_plugin.py took 0.022 seconds
[2024-03-09T15:52:23.786+0530] {processor.py:161} INFO - Started process (PID=5183) to work on /home/kai/.local/lib/python3.10/site-packages/airflow/example_dags/plugins/listener_plugin.py
[2024-03-09T15:52:23.789+0530] {processor.py:830} INFO - Processing file /home/kai/.local/lib/python3.10/site-packages/airflow/example_dags/plugins/listener_plugin.py for tasks to queue
[2024-03-09T15:52:23.790+0530] {logging_mixin.py:188} INFO - [2024-03-09T15:52:23.790+0530] {dagbag.py:540} INFO - Filling up the DagBag from /home/kai/.local/lib/python3.10/site-packages/airflow/example_dags/plugins/listener_plugin.py
[2024-03-09T15:52:23.793+0530] {processor.py:842} WARNING - No viable dags retrieved from /home/kai/.local/lib/python3.10/site-packages/airflow/example_dags/plugins/listener_plugin.py
[2024-03-09T15:52:23.804+0530] {processor.py:183} INFO - Processing /home/kai/.local/lib/python3.10/site-packages/airflow/example_dags/plugins/listener_plugin.py took 0.022 seconds
[2024-03-09T15:53:15.602+0530] {processor.py:161} INFO - Started process (PID=5235) to work on /home/kai/.local/lib/python3.10/site-packages/airflow/example_dags/plugins/listener_plugin.py
[2024-03-09T15:53:15.605+0530] {processor.py:830} INFO - Processing file /home/kai/.local/lib/python3.10/site-packages/airflow/example_dags/plugins/listener_plugin.py for tasks to queue
[2024-03-09T15:53:15.607+0530] {logging_mixin.py:188} INFO - [2024-03-09T15:53:15.606+0530] {dagbag.py:540} INFO - Filling up the DagBag from /home/kai/.local/lib/python3.10/site-packages/airflow/example_dags/plugins/listener_plugin.py
[2024-03-09T15:53:15.610+0530] {processor.py:842} WARNING - No viable dags retrieved from /home/kai/.local/lib/python3.10/site-packages/airflow/example_dags/plugins/listener_plugin.py
[2024-03-09T15:53:15.620+0530] {processor.py:183} INFO - Processing /home/kai/.local/lib/python3.10/site-packages/airflow/example_dags/plugins/listener_plugin.py took 0.022 seconds
[2024-03-09T15:54:09.304+0530] {processor.py:161} INFO - Started process (PID=5291) to work on /home/kai/.local/lib/python3.10/site-packages/airflow/example_dags/plugins/listener_plugin.py
[2024-03-09T15:54:09.306+0530] {processor.py:830} INFO - Processing file /home/kai/.local/lib/python3.10/site-packages/airflow/example_dags/plugins/listener_plugin.py for tasks to queue
[2024-03-09T15:54:09.307+0530] {logging_mixin.py:188} INFO - [2024-03-09T15:54:09.307+0530] {dagbag.py:540} INFO - Filling up the DagBag from /home/kai/.local/lib/python3.10/site-packages/airflow/example_dags/plugins/listener_plugin.py
[2024-03-09T15:54:09.310+0530] {processor.py:842} WARNING - No viable dags retrieved from /home/kai/.local/lib/python3.10/site-packages/airflow/example_dags/plugins/listener_plugin.py
[2024-03-09T15:54:09.322+0530] {processor.py:183} INFO - Processing /home/kai/.local/lib/python3.10/site-packages/airflow/example_dags/plugins/listener_plugin.py took 0.023 seconds
