[2024-03-12T22:56:34.334+0530] {processor.py:161} INFO - Started process (PID=281522) to work on /home/kai/airflow/dags/taskflow_and_operators_interoperating.py
[2024-03-12T22:56:34.335+0530] {processor.py:830} INFO - Processing file /home/kai/airflow/dags/taskflow_and_operators_interoperating.py for tasks to queue
[2024-03-12T22:56:34.336+0530] {logging_mixin.py:188} INFO - [2024-03-12T22:56:34.335+0530] {dagbag.py:540} INFO - Filling up the DagBag from /home/kai/airflow/dags/taskflow_and_operators_interoperating.py
[2024-03-12T22:56:34.348+0530] {processor.py:840} INFO - DAG(s) 'taskflow_and_operators_interoperating' retrieved from /home/kai/airflow/dags/taskflow_and_operators_interoperating.py
[2024-03-12T22:56:34.484+0530] {logging_mixin.py:188} INFO - [2024-03-12T22:56:34.484+0530] {override.py:1769} INFO - Created Permission View: can delete on DAG:taskflow_and_operators_interoperating
[2024-03-12T22:56:34.512+0530] {logging_mixin.py:188} INFO - [2024-03-12T22:56:34.512+0530] {override.py:1769} INFO - Created Permission View: can read on DAG:taskflow_and_operators_interoperating
[2024-03-12T22:56:34.537+0530] {logging_mixin.py:188} INFO - [2024-03-12T22:56:34.537+0530] {override.py:1769} INFO - Created Permission View: can edit on DAG:taskflow_and_operators_interoperating
[2024-03-12T22:56:34.538+0530] {logging_mixin.py:188} INFO - [2024-03-12T22:56:34.537+0530] {dag.py:3047} INFO - Sync 1 DAGs
[2024-03-12T22:56:34.546+0530] {logging_mixin.py:188} INFO - [2024-03-12T22:56:34.546+0530] {dag.py:3069} INFO - Creating ORM DAG for taskflow_and_operators_interoperating
[2024-03-12T22:56:34.554+0530] {logging_mixin.py:188} INFO - [2024-03-12T22:56:34.554+0530] {dag.py:3834} INFO - Setting next_dagrun for taskflow_and_operators_interoperating to 2024-03-11 00:00:00+00:00, run_after=2024-03-12 00:00:00+00:00
[2024-03-12T22:56:34.594+0530] {processor.py:183} INFO - Processing /home/kai/airflow/dags/taskflow_and_operators_interoperating.py took 0.264 seconds
[2024-03-12T22:57:04.849+0530] {processor.py:161} INFO - Started process (PID=281569) to work on /home/kai/airflow/dags/taskflow_and_operators_interoperating.py
[2024-03-12T22:57:04.852+0530] {processor.py:830} INFO - Processing file /home/kai/airflow/dags/taskflow_and_operators_interoperating.py for tasks to queue
[2024-03-12T22:57:04.853+0530] {logging_mixin.py:188} INFO - [2024-03-12T22:57:04.853+0530] {dagbag.py:540} INFO - Filling up the DagBag from /home/kai/airflow/dags/taskflow_and_operators_interoperating.py
[2024-03-12T22:57:04.866+0530] {processor.py:840} INFO - DAG(s) 'taskflow_and_operators_interoperating' retrieved from /home/kai/airflow/dags/taskflow_and_operators_interoperating.py
[2024-03-12T22:57:04.889+0530] {logging_mixin.py:188} INFO - [2024-03-12T22:57:04.889+0530] {dag.py:3047} INFO - Sync 1 DAGs
[2024-03-12T22:57:04.909+0530] {logging_mixin.py:188} INFO - [2024-03-12T22:57:04.909+0530] {dag.py:3834} INFO - Setting next_dagrun for taskflow_and_operators_interoperating to 2024-03-11 00:00:00+00:00, run_after=2024-03-12 00:00:00+00:00
[2024-03-12T22:57:04.956+0530] {processor.py:183} INFO - Processing /home/kai/airflow/dags/taskflow_and_operators_interoperating.py took 0.112 seconds
[2024-03-12T22:57:35.234+0530] {processor.py:161} INFO - Started process (PID=281627) to work on /home/kai/airflow/dags/taskflow_and_operators_interoperating.py
[2024-03-12T22:57:35.236+0530] {processor.py:830} INFO - Processing file /home/kai/airflow/dags/taskflow_and_operators_interoperating.py for tasks to queue
[2024-03-12T22:57:35.237+0530] {logging_mixin.py:188} INFO - [2024-03-12T22:57:35.237+0530] {dagbag.py:540} INFO - Filling up the DagBag from /home/kai/airflow/dags/taskflow_and_operators_interoperating.py
[2024-03-12T22:57:35.252+0530] {processor.py:840} INFO - DAG(s) 'taskflow_and_operators_interoperating' retrieved from /home/kai/airflow/dags/taskflow_and_operators_interoperating.py
[2024-03-12T22:57:35.273+0530] {logging_mixin.py:188} INFO - [2024-03-12T22:57:35.273+0530] {dag.py:3047} INFO - Sync 1 DAGs
[2024-03-12T22:57:35.291+0530] {logging_mixin.py:188} INFO - [2024-03-12T22:57:35.290+0530] {dag.py:3834} INFO - Setting next_dagrun for taskflow_and_operators_interoperating to 2024-03-12 00:00:00+00:00, run_after=2024-03-13 00:00:00+00:00
[2024-03-12T22:57:35.348+0530] {processor.py:183} INFO - Processing /home/kai/airflow/dags/taskflow_and_operators_interoperating.py took 0.119 seconds
[2024-03-12T22:58:06.101+0530] {processor.py:161} INFO - Started process (PID=281669) to work on /home/kai/airflow/dags/taskflow_and_operators_interoperating.py
[2024-03-12T22:58:06.104+0530] {processor.py:830} INFO - Processing file /home/kai/airflow/dags/taskflow_and_operators_interoperating.py for tasks to queue
[2024-03-12T22:58:06.105+0530] {logging_mixin.py:188} INFO - [2024-03-12T22:58:06.104+0530] {dagbag.py:540} INFO - Filling up the DagBag from /home/kai/airflow/dags/taskflow_and_operators_interoperating.py
[2024-03-12T22:58:06.116+0530] {processor.py:840} INFO - DAG(s) 'taskflow_and_operators_interoperating' retrieved from /home/kai/airflow/dags/taskflow_and_operators_interoperating.py
[2024-03-12T22:58:06.137+0530] {logging_mixin.py:188} INFO - [2024-03-12T22:58:06.137+0530] {dag.py:3047} INFO - Sync 1 DAGs
[2024-03-12T22:58:06.155+0530] {logging_mixin.py:188} INFO - [2024-03-12T22:58:06.155+0530] {dag.py:3834} INFO - Setting next_dagrun for taskflow_and_operators_interoperating to 2024-03-12 00:00:00+00:00, run_after=2024-03-13 00:00:00+00:00
[2024-03-12T22:58:06.190+0530] {processor.py:183} INFO - Processing /home/kai/airflow/dags/taskflow_and_operators_interoperating.py took 0.093 seconds
[2024-03-12T22:58:37.101+0530] {processor.py:161} INFO - Started process (PID=281711) to work on /home/kai/airflow/dags/taskflow_and_operators_interoperating.py
[2024-03-12T22:58:37.104+0530] {processor.py:830} INFO - Processing file /home/kai/airflow/dags/taskflow_and_operators_interoperating.py for tasks to queue
[2024-03-12T22:58:37.105+0530] {logging_mixin.py:188} INFO - [2024-03-12T22:58:37.104+0530] {dagbag.py:540} INFO - Filling up the DagBag from /home/kai/airflow/dags/taskflow_and_operators_interoperating.py
[2024-03-12T22:58:37.116+0530] {processor.py:840} INFO - DAG(s) 'taskflow_and_operators_interoperating' retrieved from /home/kai/airflow/dags/taskflow_and_operators_interoperating.py
[2024-03-12T22:58:37.136+0530] {logging_mixin.py:188} INFO - [2024-03-12T22:58:37.135+0530] {dag.py:3047} INFO - Sync 1 DAGs
[2024-03-12T22:58:37.153+0530] {logging_mixin.py:188} INFO - [2024-03-12T22:58:37.152+0530] {dag.py:3834} INFO - Setting next_dagrun for taskflow_and_operators_interoperating to 2024-03-12 00:00:00+00:00, run_after=2024-03-13 00:00:00+00:00
[2024-03-12T22:58:37.187+0530] {processor.py:183} INFO - Processing /home/kai/airflow/dags/taskflow_and_operators_interoperating.py took 0.089 seconds
[2024-03-12T22:59:08.039+0530] {processor.py:161} INFO - Started process (PID=281753) to work on /home/kai/airflow/dags/taskflow_and_operators_interoperating.py
[2024-03-12T22:59:08.042+0530] {processor.py:830} INFO - Processing file /home/kai/airflow/dags/taskflow_and_operators_interoperating.py for tasks to queue
[2024-03-12T22:59:08.043+0530] {logging_mixin.py:188} INFO - [2024-03-12T22:59:08.043+0530] {dagbag.py:540} INFO - Filling up the DagBag from /home/kai/airflow/dags/taskflow_and_operators_interoperating.py
[2024-03-12T22:59:08.055+0530] {processor.py:840} INFO - DAG(s) 'taskflow_and_operators_interoperating' retrieved from /home/kai/airflow/dags/taskflow_and_operators_interoperating.py
[2024-03-12T22:59:08.075+0530] {logging_mixin.py:188} INFO - [2024-03-12T22:59:08.075+0530] {dag.py:3047} INFO - Sync 1 DAGs
[2024-03-12T22:59:08.093+0530] {logging_mixin.py:188} INFO - [2024-03-12T22:59:08.093+0530] {dag.py:3834} INFO - Setting next_dagrun for taskflow_and_operators_interoperating to 2024-03-12 00:00:00+00:00, run_after=2024-03-13 00:00:00+00:00
[2024-03-12T22:59:08.128+0530] {processor.py:183} INFO - Processing /home/kai/airflow/dags/taskflow_and_operators_interoperating.py took 0.092 seconds
[2024-03-12T22:59:39.000+0530] {processor.py:161} INFO - Started process (PID=281799) to work on /home/kai/airflow/dags/taskflow_and_operators_interoperating.py
[2024-03-12T22:59:39.004+0530] {processor.py:830} INFO - Processing file /home/kai/airflow/dags/taskflow_and_operators_interoperating.py for tasks to queue
[2024-03-12T22:59:39.005+0530] {logging_mixin.py:188} INFO - [2024-03-12T22:59:39.004+0530] {dagbag.py:540} INFO - Filling up the DagBag from /home/kai/airflow/dags/taskflow_and_operators_interoperating.py
[2024-03-12T22:59:39.018+0530] {processor.py:840} INFO - DAG(s) 'taskflow_and_operators_interoperating' retrieved from /home/kai/airflow/dags/taskflow_and_operators_interoperating.py
[2024-03-12T22:59:39.038+0530] {logging_mixin.py:188} INFO - [2024-03-12T22:59:39.038+0530] {dag.py:3047} INFO - Sync 1 DAGs
[2024-03-12T22:59:39.055+0530] {logging_mixin.py:188} INFO - [2024-03-12T22:59:39.055+0530] {dag.py:3834} INFO - Setting next_dagrun for taskflow_and_operators_interoperating to 2024-03-12 00:00:00+00:00, run_after=2024-03-13 00:00:00+00:00
[2024-03-12T22:59:39.097+0530] {processor.py:183} INFO - Processing /home/kai/airflow/dags/taskflow_and_operators_interoperating.py took 0.101 seconds
[2024-03-12T23:00:09.862+0530] {processor.py:161} INFO - Started process (PID=281841) to work on /home/kai/airflow/dags/taskflow_and_operators_interoperating.py
[2024-03-12T23:00:09.863+0530] {processor.py:830} INFO - Processing file /home/kai/airflow/dags/taskflow_and_operators_interoperating.py for tasks to queue
[2024-03-12T23:00:09.864+0530] {logging_mixin.py:188} INFO - [2024-03-12T23:00:09.864+0530] {dagbag.py:540} INFO - Filling up the DagBag from /home/kai/airflow/dags/taskflow_and_operators_interoperating.py
[2024-03-12T23:00:09.875+0530] {processor.py:840} INFO - DAG(s) 'taskflow_and_operators_interoperating' retrieved from /home/kai/airflow/dags/taskflow_and_operators_interoperating.py
[2024-03-12T23:00:09.895+0530] {logging_mixin.py:188} INFO - [2024-03-12T23:00:09.894+0530] {dag.py:3047} INFO - Sync 1 DAGs
[2024-03-12T23:00:09.912+0530] {logging_mixin.py:188} INFO - [2024-03-12T23:00:09.911+0530] {dag.py:3834} INFO - Setting next_dagrun for taskflow_and_operators_interoperating to 2024-03-12 00:00:00+00:00, run_after=2024-03-13 00:00:00+00:00
[2024-03-12T23:00:09.949+0530] {processor.py:183} INFO - Processing /home/kai/airflow/dags/taskflow_and_operators_interoperating.py took 0.090 seconds
[2024-03-12T23:00:40.880+0530] {processor.py:161} INFO - Started process (PID=281883) to work on /home/kai/airflow/dags/taskflow_and_operators_interoperating.py
[2024-03-12T23:00:40.884+0530] {processor.py:830} INFO - Processing file /home/kai/airflow/dags/taskflow_and_operators_interoperating.py for tasks to queue
[2024-03-12T23:00:40.886+0530] {logging_mixin.py:188} INFO - [2024-03-12T23:00:40.885+0530] {dagbag.py:540} INFO - Filling up the DagBag from /home/kai/airflow/dags/taskflow_and_operators_interoperating.py
[2024-03-12T23:00:40.900+0530] {processor.py:840} INFO - DAG(s) 'taskflow_and_operators_interoperating' retrieved from /home/kai/airflow/dags/taskflow_and_operators_interoperating.py
[2024-03-12T23:00:40.920+0530] {logging_mixin.py:188} INFO - [2024-03-12T23:00:40.920+0530] {dag.py:3047} INFO - Sync 1 DAGs
[2024-03-12T23:00:40.938+0530] {logging_mixin.py:188} INFO - [2024-03-12T23:00:40.938+0530] {dag.py:3834} INFO - Setting next_dagrun for taskflow_and_operators_interoperating to 2024-03-12 00:00:00+00:00, run_after=2024-03-13 00:00:00+00:00
[2024-03-12T23:00:40.973+0530] {processor.py:183} INFO - Processing /home/kai/airflow/dags/taskflow_and_operators_interoperating.py took 0.097 seconds
[2024-03-12T23:01:11.796+0530] {processor.py:161} INFO - Started process (PID=281925) to work on /home/kai/airflow/dags/taskflow_and_operators_interoperating.py
[2024-03-12T23:01:11.799+0530] {processor.py:830} INFO - Processing file /home/kai/airflow/dags/taskflow_and_operators_interoperating.py for tasks to queue
[2024-03-12T23:01:11.800+0530] {logging_mixin.py:188} INFO - [2024-03-12T23:01:11.799+0530] {dagbag.py:540} INFO - Filling up the DagBag from /home/kai/airflow/dags/taskflow_and_operators_interoperating.py
[2024-03-12T23:01:11.811+0530] {processor.py:840} INFO - DAG(s) 'taskflow_and_operators_interoperating' retrieved from /home/kai/airflow/dags/taskflow_and_operators_interoperating.py
[2024-03-12T23:01:11.832+0530] {logging_mixin.py:188} INFO - [2024-03-12T23:01:11.831+0530] {dag.py:3047} INFO - Sync 1 DAGs
[2024-03-12T23:01:11.854+0530] {logging_mixin.py:188} INFO - [2024-03-12T23:01:11.854+0530] {dag.py:3834} INFO - Setting next_dagrun for taskflow_and_operators_interoperating to 2024-03-12 00:00:00+00:00, run_after=2024-03-13 00:00:00+00:00
[2024-03-12T23:01:11.890+0530] {processor.py:183} INFO - Processing /home/kai/airflow/dags/taskflow_and_operators_interoperating.py took 0.098 seconds
[2024-03-12T23:01:42.898+0530] {processor.py:161} INFO - Started process (PID=281967) to work on /home/kai/airflow/dags/taskflow_and_operators_interoperating.py
[2024-03-12T23:01:42.899+0530] {processor.py:830} INFO - Processing file /home/kai/airflow/dags/taskflow_and_operators_interoperating.py for tasks to queue
[2024-03-12T23:01:42.900+0530] {logging_mixin.py:188} INFO - [2024-03-12T23:01:42.899+0530] {dagbag.py:540} INFO - Filling up the DagBag from /home/kai/airflow/dags/taskflow_and_operators_interoperating.py
[2024-03-12T23:01:42.911+0530] {processor.py:840} INFO - DAG(s) 'taskflow_and_operators_interoperating' retrieved from /home/kai/airflow/dags/taskflow_and_operators_interoperating.py
[2024-03-12T23:01:42.933+0530] {logging_mixin.py:188} INFO - [2024-03-12T23:01:42.932+0530] {dag.py:3047} INFO - Sync 1 DAGs
[2024-03-12T23:01:42.955+0530] {logging_mixin.py:188} INFO - [2024-03-12T23:01:42.955+0530] {dag.py:3834} INFO - Setting next_dagrun for taskflow_and_operators_interoperating to 2024-03-12 00:00:00+00:00, run_after=2024-03-13 00:00:00+00:00
[2024-03-12T23:01:42.995+0530] {processor.py:183} INFO - Processing /home/kai/airflow/dags/taskflow_and_operators_interoperating.py took 0.101 seconds
[2024-03-12T23:02:13.978+0530] {processor.py:161} INFO - Started process (PID=282009) to work on /home/kai/airflow/dags/taskflow_and_operators_interoperating.py
[2024-03-12T23:02:13.982+0530] {processor.py:830} INFO - Processing file /home/kai/airflow/dags/taskflow_and_operators_interoperating.py for tasks to queue
[2024-03-12T23:02:13.983+0530] {logging_mixin.py:188} INFO - [2024-03-12T23:02:13.983+0530] {dagbag.py:540} INFO - Filling up the DagBag from /home/kai/airflow/dags/taskflow_and_operators_interoperating.py
[2024-03-12T23:02:13.994+0530] {processor.py:840} INFO - DAG(s) 'taskflow_and_operators_interoperating' retrieved from /home/kai/airflow/dags/taskflow_and_operators_interoperating.py
[2024-03-12T23:02:14.014+0530] {logging_mixin.py:188} INFO - [2024-03-12T23:02:14.014+0530] {dag.py:3047} INFO - Sync 1 DAGs
[2024-03-12T23:02:14.032+0530] {logging_mixin.py:188} INFO - [2024-03-12T23:02:14.032+0530] {dag.py:3834} INFO - Setting next_dagrun for taskflow_and_operators_interoperating to 2024-03-12 00:00:00+00:00, run_after=2024-03-13 00:00:00+00:00
[2024-03-12T23:02:14.066+0530] {processor.py:183} INFO - Processing /home/kai/airflow/dags/taskflow_and_operators_interoperating.py took 0.092 seconds
[2024-03-12T23:02:45.062+0530] {processor.py:161} INFO - Started process (PID=282051) to work on /home/kai/airflow/dags/taskflow_and_operators_interoperating.py
[2024-03-12T23:02:45.065+0530] {processor.py:830} INFO - Processing file /home/kai/airflow/dags/taskflow_and_operators_interoperating.py for tasks to queue
[2024-03-12T23:02:45.066+0530] {logging_mixin.py:188} INFO - [2024-03-12T23:02:45.066+0530] {dagbag.py:540} INFO - Filling up the DagBag from /home/kai/airflow/dags/taskflow_and_operators_interoperating.py
[2024-03-12T23:02:45.077+0530] {processor.py:840} INFO - DAG(s) 'taskflow_and_operators_interoperating' retrieved from /home/kai/airflow/dags/taskflow_and_operators_interoperating.py
[2024-03-12T23:02:45.097+0530] {logging_mixin.py:188} INFO - [2024-03-12T23:02:45.097+0530] {dag.py:3047} INFO - Sync 1 DAGs
[2024-03-12T23:02:45.115+0530] {logging_mixin.py:188} INFO - [2024-03-12T23:02:45.114+0530] {dag.py:3834} INFO - Setting next_dagrun for taskflow_and_operators_interoperating to 2024-03-12 00:00:00+00:00, run_after=2024-03-13 00:00:00+00:00
[2024-03-12T23:02:45.154+0530] {processor.py:183} INFO - Processing /home/kai/airflow/dags/taskflow_and_operators_interoperating.py took 0.095 seconds
[2024-03-12T23:03:16.673+0530] {processor.py:161} INFO - Started process (PID=282094) to work on /home/kai/airflow/dags/taskflow_and_operators_interoperating.py
[2024-03-12T23:03:16.676+0530] {processor.py:830} INFO - Processing file /home/kai/airflow/dags/taskflow_and_operators_interoperating.py for tasks to queue
[2024-03-12T23:03:16.677+0530] {logging_mixin.py:188} INFO - [2024-03-12T23:03:16.676+0530] {dagbag.py:540} INFO - Filling up the DagBag from /home/kai/airflow/dags/taskflow_and_operators_interoperating.py
[2024-03-12T23:03:16.689+0530] {processor.py:840} INFO - DAG(s) 'taskflow_and_operators_interoperating' retrieved from /home/kai/airflow/dags/taskflow_and_operators_interoperating.py
[2024-03-12T23:03:16.712+0530] {logging_mixin.py:188} INFO - [2024-03-12T23:03:16.712+0530] {dag.py:3047} INFO - Sync 1 DAGs
[2024-03-12T23:03:16.734+0530] {logging_mixin.py:188} INFO - [2024-03-12T23:03:16.734+0530] {dag.py:3834} INFO - Setting next_dagrun for taskflow_and_operators_interoperating to 2024-03-12 00:00:00+00:00, run_after=2024-03-13 00:00:00+00:00
[2024-03-12T23:03:16.777+0530] {processor.py:183} INFO - Processing /home/kai/airflow/dags/taskflow_and_operators_interoperating.py took 0.108 seconds
[2024-03-12T23:03:48.218+0530] {processor.py:161} INFO - Started process (PID=282136) to work on /home/kai/airflow/dags/taskflow_and_operators_interoperating.py
[2024-03-12T23:03:48.220+0530] {processor.py:830} INFO - Processing file /home/kai/airflow/dags/taskflow_and_operators_interoperating.py for tasks to queue
[2024-03-12T23:03:48.222+0530] {logging_mixin.py:188} INFO - [2024-03-12T23:03:48.221+0530] {dagbag.py:540} INFO - Filling up the DagBag from /home/kai/airflow/dags/taskflow_and_operators_interoperating.py
[2024-03-12T23:03:48.242+0530] {processor.py:840} INFO - DAG(s) 'taskflow_and_operators_interoperating' retrieved from /home/kai/airflow/dags/taskflow_and_operators_interoperating.py
[2024-03-12T23:03:48.281+0530] {logging_mixin.py:188} INFO - [2024-03-12T23:03:48.281+0530] {dag.py:3047} INFO - Sync 1 DAGs
[2024-03-12T23:03:48.322+0530] {logging_mixin.py:188} INFO - [2024-03-12T23:03:48.322+0530] {dag.py:3834} INFO - Setting next_dagrun for taskflow_and_operators_interoperating to 2024-03-12 00:00:00+00:00, run_after=2024-03-13 00:00:00+00:00
[2024-03-12T23:03:48.384+0530] {processor.py:183} INFO - Processing /home/kai/airflow/dags/taskflow_and_operators_interoperating.py took 0.173 seconds
[2024-03-12T23:04:19.683+0530] {processor.py:161} INFO - Started process (PID=282178) to work on /home/kai/airflow/dags/taskflow_and_operators_interoperating.py
[2024-03-12T23:04:19.689+0530] {processor.py:830} INFO - Processing file /home/kai/airflow/dags/taskflow_and_operators_interoperating.py for tasks to queue
[2024-03-12T23:04:19.693+0530] {logging_mixin.py:188} INFO - [2024-03-12T23:04:19.692+0530] {dagbag.py:540} INFO - Filling up the DagBag from /home/kai/airflow/dags/taskflow_and_operators_interoperating.py
[2024-03-12T23:04:19.734+0530] {processor.py:840} INFO - DAG(s) 'taskflow_and_operators_interoperating' retrieved from /home/kai/airflow/dags/taskflow_and_operators_interoperating.py
[2024-03-12T23:04:19.810+0530] {logging_mixin.py:188} INFO - [2024-03-12T23:04:19.809+0530] {dag.py:3047} INFO - Sync 1 DAGs
[2024-03-12T23:04:19.880+0530] {logging_mixin.py:188} INFO - [2024-03-12T23:04:19.880+0530] {dag.py:3834} INFO - Setting next_dagrun for taskflow_and_operators_interoperating to 2024-03-12 00:00:00+00:00, run_after=2024-03-13 00:00:00+00:00
[2024-03-12T23:04:19.971+0530] {processor.py:183} INFO - Processing /home/kai/airflow/dags/taskflow_and_operators_interoperating.py took 0.298 seconds
[2024-03-12T23:04:52.381+0530] {processor.py:161} INFO - Started process (PID=282220) to work on /home/kai/airflow/dags/taskflow_and_operators_interoperating.py
[2024-03-12T23:04:52.385+0530] {processor.py:830} INFO - Processing file /home/kai/airflow/dags/taskflow_and_operators_interoperating.py for tasks to queue
[2024-03-12T23:04:52.392+0530] {logging_mixin.py:188} INFO - [2024-03-12T23:04:52.390+0530] {dagbag.py:540} INFO - Filling up the DagBag from /home/kai/airflow/dags/taskflow_and_operators_interoperating.py
[2024-03-12T23:04:52.442+0530] {processor.py:840} INFO - DAG(s) 'taskflow_and_operators_interoperating' retrieved from /home/kai/airflow/dags/taskflow_and_operators_interoperating.py
[2024-03-12T23:04:52.536+0530] {logging_mixin.py:188} INFO - [2024-03-12T23:04:52.535+0530] {dag.py:3047} INFO - Sync 1 DAGs
[2024-03-12T23:04:52.633+0530] {logging_mixin.py:188} INFO - [2024-03-12T23:04:52.633+0530] {dag.py:3834} INFO - Setting next_dagrun for taskflow_and_operators_interoperating to 2024-03-12 00:00:00+00:00, run_after=2024-03-13 00:00:00+00:00
[2024-03-12T23:04:52.732+0530] {processor.py:183} INFO - Processing /home/kai/airflow/dags/taskflow_and_operators_interoperating.py took 0.365 seconds
[2024-03-12T23:05:24.732+0530] {processor.py:161} INFO - Started process (PID=282262) to work on /home/kai/airflow/dags/taskflow_and_operators_interoperating.py
[2024-03-12T23:05:24.740+0530] {processor.py:830} INFO - Processing file /home/kai/airflow/dags/taskflow_and_operators_interoperating.py for tasks to queue
[2024-03-12T23:05:24.744+0530] {logging_mixin.py:188} INFO - [2024-03-12T23:05:24.743+0530] {dagbag.py:540} INFO - Filling up the DagBag from /home/kai/airflow/dags/taskflow_and_operators_interoperating.py
[2024-03-12T23:05:24.797+0530] {processor.py:840} INFO - DAG(s) 'taskflow_and_operators_interoperating' retrieved from /home/kai/airflow/dags/taskflow_and_operators_interoperating.py
[2024-03-12T23:05:24.896+0530] {logging_mixin.py:188} INFO - [2024-03-12T23:05:24.895+0530] {dag.py:3047} INFO - Sync 1 DAGs
[2024-03-12T23:05:24.985+0530] {logging_mixin.py:188} INFO - [2024-03-12T23:05:24.984+0530] {dag.py:3834} INFO - Setting next_dagrun for taskflow_and_operators_interoperating to 2024-03-12 00:00:00+00:00, run_after=2024-03-13 00:00:00+00:00
[2024-03-12T23:05:25.085+0530] {processor.py:183} INFO - Processing /home/kai/airflow/dags/taskflow_and_operators_interoperating.py took 0.369 seconds
[2024-03-12T23:05:57.372+0530] {processor.py:161} INFO - Started process (PID=282304) to work on /home/kai/airflow/dags/taskflow_and_operators_interoperating.py
[2024-03-12T23:05:57.375+0530] {processor.py:830} INFO - Processing file /home/kai/airflow/dags/taskflow_and_operators_interoperating.py for tasks to queue
[2024-03-12T23:05:57.378+0530] {logging_mixin.py:188} INFO - [2024-03-12T23:05:57.377+0530] {dagbag.py:540} INFO - Filling up the DagBag from /home/kai/airflow/dags/taskflow_and_operators_interoperating.py
[2024-03-12T23:05:57.429+0530] {processor.py:840} INFO - DAG(s) 'taskflow_and_operators_interoperating' retrieved from /home/kai/airflow/dags/taskflow_and_operators_interoperating.py
[2024-03-12T23:05:57.520+0530] {logging_mixin.py:188} INFO - [2024-03-12T23:05:57.519+0530] {dag.py:3047} INFO - Sync 1 DAGs
[2024-03-12T23:05:57.610+0530] {logging_mixin.py:188} INFO - [2024-03-12T23:05:57.609+0530] {dag.py:3834} INFO - Setting next_dagrun for taskflow_and_operators_interoperating to 2024-03-12 00:00:00+00:00, run_after=2024-03-13 00:00:00+00:00
[2024-03-12T23:05:57.723+0530] {processor.py:183} INFO - Processing /home/kai/airflow/dags/taskflow_and_operators_interoperating.py took 0.366 seconds
[2024-03-12T23:06:29.039+0530] {processor.py:161} INFO - Started process (PID=282346) to work on /home/kai/airflow/dags/taskflow_and_operators_interoperating.py
[2024-03-12T23:06:29.046+0530] {processor.py:830} INFO - Processing file /home/kai/airflow/dags/taskflow_and_operators_interoperating.py for tasks to queue
[2024-03-12T23:06:29.049+0530] {logging_mixin.py:188} INFO - [2024-03-12T23:06:29.048+0530] {dagbag.py:540} INFO - Filling up the DagBag from /home/kai/airflow/dags/taskflow_and_operators_interoperating.py
[2024-03-12T23:06:29.103+0530] {processor.py:840} INFO - DAG(s) 'taskflow_and_operators_interoperating' retrieved from /home/kai/airflow/dags/taskflow_and_operators_interoperating.py
[2024-03-12T23:06:29.202+0530] {logging_mixin.py:188} INFO - [2024-03-12T23:06:29.202+0530] {dag.py:3047} INFO - Sync 1 DAGs
[2024-03-12T23:06:29.287+0530] {logging_mixin.py:188} INFO - [2024-03-12T23:06:29.287+0530] {dag.py:3834} INFO - Setting next_dagrun for taskflow_and_operators_interoperating to 2024-03-12 00:00:00+00:00, run_after=2024-03-13 00:00:00+00:00
[2024-03-12T23:06:29.409+0530] {processor.py:183} INFO - Processing /home/kai/airflow/dags/taskflow_and_operators_interoperating.py took 0.383 seconds
[2024-03-12T23:06:59.593+0530] {processor.py:161} INFO - Started process (PID=282380) to work on /home/kai/airflow/dags/taskflow_and_operators_interoperating.py
[2024-03-12T23:06:59.599+0530] {processor.py:830} INFO - Processing file /home/kai/airflow/dags/taskflow_and_operators_interoperating.py for tasks to queue
[2024-03-12T23:06:59.605+0530] {logging_mixin.py:188} INFO - [2024-03-12T23:06:59.603+0530] {dagbag.py:540} INFO - Filling up the DagBag from /home/kai/airflow/dags/taskflow_and_operators_interoperating.py
[2024-03-12T23:06:59.660+0530] {processor.py:840} INFO - DAG(s) 'taskflow_and_operators_interoperating' retrieved from /home/kai/airflow/dags/taskflow_and_operators_interoperating.py
[2024-03-12T23:06:59.757+0530] {logging_mixin.py:188} INFO - [2024-03-12T23:06:59.756+0530] {dag.py:3047} INFO - Sync 1 DAGs
[2024-03-12T23:06:59.850+0530] {logging_mixin.py:188} INFO - [2024-03-12T23:06:59.849+0530] {dag.py:3834} INFO - Setting next_dagrun for taskflow_and_operators_interoperating to 2024-03-12 00:00:00+00:00, run_after=2024-03-13 00:00:00+00:00
[2024-03-12T23:06:59.949+0530] {processor.py:183} INFO - Processing /home/kai/airflow/dags/taskflow_and_operators_interoperating.py took 0.369 seconds
[2024-03-12T23:07:30.578+0530] {processor.py:161} INFO - Started process (PID=282422) to work on /home/kai/airflow/dags/taskflow_and_operators_interoperating.py
[2024-03-12T23:07:30.585+0530] {processor.py:830} INFO - Processing file /home/kai/airflow/dags/taskflow_and_operators_interoperating.py for tasks to queue
[2024-03-12T23:07:30.590+0530] {logging_mixin.py:188} INFO - [2024-03-12T23:07:30.589+0530] {dagbag.py:540} INFO - Filling up the DagBag from /home/kai/airflow/dags/taskflow_and_operators_interoperating.py
[2024-03-12T23:07:30.652+0530] {processor.py:840} INFO - DAG(s) 'taskflow_and_operators_interoperating' retrieved from /home/kai/airflow/dags/taskflow_and_operators_interoperating.py
[2024-03-12T23:07:30.776+0530] {logging_mixin.py:188} INFO - [2024-03-12T23:07:30.775+0530] {dag.py:3047} INFO - Sync 1 DAGs
[2024-03-12T23:07:30.897+0530] {logging_mixin.py:188} INFO - [2024-03-12T23:07:30.896+0530] {dag.py:3834} INFO - Setting next_dagrun for taskflow_and_operators_interoperating to 2024-03-12 00:00:00+00:00, run_after=2024-03-13 00:00:00+00:00
[2024-03-12T23:07:31.013+0530] {processor.py:183} INFO - Processing /home/kai/airflow/dags/taskflow_and_operators_interoperating.py took 0.452 seconds
[2024-03-12T23:08:01.281+0530] {processor.py:161} INFO - Started process (PID=282464) to work on /home/kai/airflow/dags/taskflow_and_operators_interoperating.py
[2024-03-12T23:08:01.286+0530] {processor.py:830} INFO - Processing file /home/kai/airflow/dags/taskflow_and_operators_interoperating.py for tasks to queue
[2024-03-12T23:08:01.290+0530] {logging_mixin.py:188} INFO - [2024-03-12T23:08:01.289+0530] {dagbag.py:540} INFO - Filling up the DagBag from /home/kai/airflow/dags/taskflow_and_operators_interoperating.py
[2024-03-12T23:08:01.353+0530] {processor.py:840} INFO - DAG(s) 'taskflow_and_operators_interoperating' retrieved from /home/kai/airflow/dags/taskflow_and_operators_interoperating.py
[2024-03-12T23:08:01.473+0530] {logging_mixin.py:188} INFO - [2024-03-12T23:08:01.471+0530] {dag.py:3047} INFO - Sync 1 DAGs
[2024-03-12T23:08:01.569+0530] {logging_mixin.py:188} INFO - [2024-03-12T23:08:01.567+0530] {dag.py:3834} INFO - Setting next_dagrun for taskflow_and_operators_interoperating to 2024-03-12 00:00:00+00:00, run_after=2024-03-13 00:00:00+00:00
[2024-03-12T23:08:01.684+0530] {processor.py:183} INFO - Processing /home/kai/airflow/dags/taskflow_and_operators_interoperating.py took 0.420 seconds
[2024-03-12T23:08:32.788+0530] {processor.py:161} INFO - Started process (PID=282506) to work on /home/kai/airflow/dags/taskflow_and_operators_interoperating.py
[2024-03-12T23:08:32.792+0530] {processor.py:830} INFO - Processing file /home/kai/airflow/dags/taskflow_and_operators_interoperating.py for tasks to queue
[2024-03-12T23:08:32.793+0530] {logging_mixin.py:188} INFO - [2024-03-12T23:08:32.792+0530] {dagbag.py:540} INFO - Filling up the DagBag from /home/kai/airflow/dags/taskflow_and_operators_interoperating.py
[2024-03-12T23:08:32.805+0530] {processor.py:840} INFO - DAG(s) 'taskflow_and_operators_interoperating' retrieved from /home/kai/airflow/dags/taskflow_and_operators_interoperating.py
[2024-03-12T23:08:32.831+0530] {logging_mixin.py:188} INFO - [2024-03-12T23:08:32.831+0530] {dag.py:3047} INFO - Sync 1 DAGs
[2024-03-12T23:08:32.851+0530] {logging_mixin.py:188} INFO - [2024-03-12T23:08:32.850+0530] {dag.py:3834} INFO - Setting next_dagrun for taskflow_and_operators_interoperating to 2024-03-12 00:00:00+00:00, run_after=2024-03-13 00:00:00+00:00
[2024-03-12T23:08:32.892+0530] {processor.py:183} INFO - Processing /home/kai/airflow/dags/taskflow_and_operators_interoperating.py took 0.107 seconds
