[2024-03-09T22:27:20.548+0530] {taskinstance.py:1979} INFO - Dependencies all met for dep_context=non-requeueable deps ti=<TaskInstance: sql_operator_dag.taskC manual__2024-03-09T16:57:12.842532+00:00 [queued]>
[2024-03-09T22:27:20.559+0530] {taskinstance.py:1979} INFO - Dependencies all met for dep_context=requeueable deps ti=<TaskInstance: sql_operator_dag.taskC manual__2024-03-09T16:57:12.842532+00:00 [queued]>
[2024-03-09T22:27:20.559+0530] {taskinstance.py:2193} INFO - Starting attempt 1 of 1
[2024-03-09T22:27:20.593+0530] {taskinstance.py:2214} INFO - Executing <Task(SqliteOperator): taskC> on 2024-03-09 16:57:12.842532+00:00
[2024-03-09T22:27:20.596+0530] {standard_task_runner.py:60} INFO - Started process 54186 to run task
[2024-03-09T22:27:20.600+0530] {standard_task_runner.py:87} INFO - Running: ['airflow', 'tasks', 'run', 'sql_operator_dag', 'taskC', 'manual__2024-03-09T16:57:12.842532+00:00', '--job-id', '108', '--raw', '--subdir', 'DAGS_FOLDER/execute_sql_pipeline.py', '--cfg-path', '/tmp/tmpj57h5qvq']
[2024-03-09T22:27:20.602+0530] {standard_task_runner.py:88} INFO - Job 108: Subtask taskC
[2024-03-09T22:27:20.668+0530] {task_command.py:423} INFO - Running <TaskInstance: sql_operator_dag.taskC manual__2024-03-09T16:57:12.842532+00:00 [running]> on host BreakThrough.
[2024-03-09T22:27:20.793+0530] {taskinstance.py:2510} INFO - Exporting env vars: AIRFLOW_CTX_DAG_OWNER='kai' AIRFLOW_CTX_DAG_ID='sql_operator_dag' AIRFLOW_CTX_TASK_ID='taskC' AIRFLOW_CTX_EXECUTION_DATE='2024-03-09T16:57:12.842532+00:00' AIRFLOW_CTX_TRY_NUMBER='1' AIRFLOW_CTX_DAG_RUN_ID='manual__2024-03-09T16:57:12.842532+00:00'
[2024-03-09T22:27:20.794+0530] {sql.py:276} INFO - Executing: 
            SELECT * FROM students;
        
[2024-03-09T22:27:20.804+0530] {base.py:83} INFO - Using connection ID 'my_sqlite_conn' for task execution.
[2024-03-09T22:27:20.844+0530] {base.py:83} INFO - Using connection ID 'my_sqlite_conn' for task execution.
[2024-03-09T22:27:20.845+0530] {sql.py:457} INFO - Running statement: 
            SELECT * FROM students;
        , parameters: None
[2024-03-09T22:27:20.853+0530] {logging_mixin.py:188} WARNING - /home/kai/.local/lib/python3.10/site-packages/airflow/providers/common/sql/hooks/sql.py:407 AirflowProviderDeprecationWarning: Call to deprecated method _make_common_data_structure. (The `_make_serializable` method is deprecated and support will be removed in a future version of the common.sql provider. Please update the DbApiHook's provider to a version based on common.sql >= 1.9.1.)
[2024-03-09T22:27:20.889+0530] {taskinstance.py:1149} INFO - Marking task as SUCCESS. dag_id=sql_operator_dag, task_id=taskC, execution_date=20240309T165712, start_date=20240309T165720, end_date=20240309T165720
[2024-03-09T22:27:20.933+0530] {local_task_job_runner.py:234} INFO - Task exited with return code 0
[2024-03-09T22:27:20.946+0530] {taskinstance.py:3309} INFO - 0 downstream tasks scheduled from follow-on schedule check
