[2024-03-09T17:40:32.731+0530] {taskinstance.py:1979} INFO - Dependencies all met for dep_context=non-requeueable deps ti=<TaskInstance: multitask_dag.taskA manual__2024-03-09T12:10:29.455972+00:00 [queued]>
[2024-03-09T17:40:32.737+0530] {taskinstance.py:1979} INFO - Dependencies all met for dep_context=requeueable deps ti=<TaskInstance: multitask_dag.taskA manual__2024-03-09T12:10:29.455972+00:00 [queued]>
[2024-03-09T17:40:32.737+0530] {taskinstance.py:2193} INFO - Starting attempt 1 of 1
[2024-03-09T17:40:32.764+0530] {taskinstance.py:2214} INFO - Executing <Task(BashOperator): taskA> on 2024-03-09 12:10:29.455972+00:00
[2024-03-09T17:40:32.766+0530] {standard_task_runner.py:60} INFO - Started process 6532 to run task
[2024-03-09T17:40:32.771+0530] {standard_task_runner.py:87} INFO - Running: ['airflow', 'tasks', 'run', 'multitask_dag', 'taskA', 'manual__2024-03-09T12:10:29.455972+00:00', '--job-id', '57', '--raw', '--subdir', 'DAGS_FOLDER/multitask_dag.py', '--cfg-path', '/tmp/tmpos6jqb30']
[2024-03-09T17:40:32.773+0530] {standard_task_runner.py:88} INFO - Job 57: Subtask taskA
[2024-03-09T17:40:32.895+0530] {task_command.py:423} INFO - Running <TaskInstance: multitask_dag.taskA manual__2024-03-09T12:10:29.455972+00:00 [running]> on host BreakThrough.
[2024-03-09T17:40:33.040+0530] {taskinstance.py:2510} INFO - Exporting env vars: AIRFLOW_CTX_DAG_OWNER='kai' AIRFLOW_CTX_DAG_ID='multitask_dag' AIRFLOW_CTX_TASK_ID='taskA' AIRFLOW_CTX_EXECUTION_DATE='2024-03-09T12:10:29.455972+00:00' AIRFLOW_CTX_TRY_NUMBER='1' AIRFLOW_CTX_DAG_RUN_ID='manual__2024-03-09T12:10:29.455972+00:00'
[2024-03-09T17:40:33.041+0530] {subprocess.py:63} INFO - Tmp dir root location: /tmp
[2024-03-09T17:40:33.042+0530] {subprocess.py:75} INFO - Running command: ['/usr/bin/bash', '-c', 'echo Welcome to Task A\n    for i in {1..5}\n    do\n        echo "Task A: $i"\n        sleep 1\n    done\necho End of Task A']
[2024-03-09T17:40:33.049+0530] {subprocess.py:86} INFO - Output:
[2024-03-09T17:40:33.050+0530] {subprocess.py:93} INFO - Welcome to Task A
[2024-03-09T17:40:33.051+0530] {subprocess.py:93} INFO - Task A: 1
[2024-03-09T17:40:34.052+0530] {subprocess.py:93} INFO - Task A: 2
[2024-03-09T17:40:35.055+0530] {subprocess.py:93} INFO - Task A: 3
[2024-03-09T17:40:36.057+0530] {subprocess.py:93} INFO - Task A: 4
[2024-03-09T17:40:37.058+0530] {subprocess.py:93} INFO - Task A: 5
[2024-03-09T17:40:38.061+0530] {subprocess.py:93} INFO - End of Task A
[2024-03-09T17:40:38.061+0530] {subprocess.py:97} INFO - Command exited with return code 0
[2024-03-09T17:40:38.103+0530] {taskinstance.py:1149} INFO - Marking task as SUCCESS. dag_id=multitask_dag, task_id=taskA, execution_date=20240309T121029, start_date=20240309T121032, end_date=20240309T121038
[2024-03-09T17:40:38.157+0530] {local_task_job_runner.py:234} INFO - Task exited with return code 0
[2024-03-09T17:40:38.173+0530] {taskinstance.py:3309} INFO - 2 downstream tasks scheduled from follow-on schedule check
