[2024-03-14T07:42:26.893+0530] {taskinstance.py:1979} INFO - Dependencies all met for dep_context=non-requeueable deps ti=<TaskInstance: taskflow_sql_operations_dag.insert_dummy_records scheduled__2024-03-13T00:00:00+00:00 [queued]>
[2024-03-14T07:42:26.902+0530] {taskinstance.py:1979} INFO - Dependencies all met for dep_context=requeueable deps ti=<TaskInstance: taskflow_sql_operations_dag.insert_dummy_records scheduled__2024-03-13T00:00:00+00:00 [queued]>
[2024-03-14T07:42:26.903+0530] {taskinstance.py:2193} INFO - Starting attempt 1 of 1
[2024-03-14T07:42:26.928+0530] {taskinstance.py:2214} INFO - Executing <Task(_PythonDecoratedOperator): insert_dummy_records> on 2024-03-13 00:00:00+00:00
[2024-03-14T07:42:26.932+0530] {standard_task_runner.py:60} INFO - Started process 307258 to run task
[2024-03-14T07:42:26.936+0530] {standard_task_runner.py:87} INFO - Running: ['airflow', 'tasks', 'run', 'taskflow_sql_operations_dag', 'insert_dummy_records', 'scheduled__2024-03-13T00:00:00+00:00', '--job-id', '250', '--raw', '--subdir', 'DAGS_FOLDER/taskflow_sql_operations.py', '--cfg-path', '/tmp/tmpr6doa7n_']
[2024-03-14T07:42:26.938+0530] {standard_task_runner.py:88} INFO - Job 250: Subtask insert_dummy_records
[2024-03-14T07:42:27.002+0530] {task_command.py:423} INFO - Running <TaskInstance: taskflow_sql_operations_dag.insert_dummy_records scheduled__2024-03-13T00:00:00+00:00 [running]> on host BreakThrough.
[2024-03-14T07:42:27.101+0530] {taskinstance.py:2510} INFO - Exporting env vars: AIRFLOW_CTX_DAG_OWNER='kai' AIRFLOW_CTX_DAG_ID='taskflow_sql_operations_dag' AIRFLOW_CTX_TASK_ID='insert_dummy_records' AIRFLOW_CTX_EXECUTION_DATE='2024-03-13T00:00:00+00:00' AIRFLOW_CTX_TRY_NUMBER='1' AIRFLOW_CTX_DAG_RUN_ID='scheduled__2024-03-13T00:00:00+00:00'
[2024-03-14T07:42:27.103+0530] {sql.py:276} INFO - Executing: 
            INSERT INTO Car (name, model, volume, weight, co2)
            VALUES ('Ford', 'Focus', 1000, 200, 100)
            
[2024-03-14T07:42:27.107+0530] {base.py:83} INFO - Using connection ID 'my_sqlite_conn' for task execution.
[2024-03-14T07:42:27.125+0530] {base.py:83} INFO - Using connection ID 'my_sqlite_conn' for task execution.
[2024-03-14T07:42:27.126+0530] {sql.py:457} INFO - Running statement: 
            INSERT INTO Car (name, model, volume, weight, co2)
            VALUES ('Ford', 'Focus', 1000, 200, 100)
            , parameters: None
[2024-03-14T07:42:27.126+0530] {sql.py:466} INFO - Rows affected: 1
[2024-03-14T07:42:27.131+0530] {logging_mixin.py:188} WARNING - /home/kai/.local/lib/python3.10/site-packages/airflow/providers/common/sql/hooks/sql.py:407 AirflowProviderDeprecationWarning: Call to deprecated method _make_common_data_structure. (The `_make_serializable` method is deprecated and support will be removed in a future version of the common.sql provider. Please update the DbApiHook's provider to a version based on common.sql >= 1.9.1.)
[2024-03-14T07:42:27.157+0530] {python.py:202} INFO - Done. Returned value was: None
[2024-03-14T07:42:27.161+0530] {taskinstance.py:1149} INFO - Marking task as SUCCESS. dag_id=taskflow_sql_operations_dag, task_id=insert_dummy_records, execution_date=20240313T000000, start_date=20240314T021226, end_date=20240314T021227
[2024-03-14T07:42:27.231+0530] {local_task_job_runner.py:234} INFO - Task exited with return code 0
[2024-03-14T07:42:27.250+0530] {taskinstance.py:3309} INFO - 0 downstream tasks scheduled from follow-on schedule check
