[2024-03-13T20:00:51.173+0530] {taskinstance.py:1979} INFO - Dependencies all met for dep_context=non-requeueable deps ti=<TaskInstance: taskflow_sql_operations_dag.insert_records manual__2024-03-13T14:30:40.410737+00:00 [queued]>
[2024-03-13T20:00:51.179+0530] {taskinstance.py:1979} INFO - Dependencies all met for dep_context=requeueable deps ti=<TaskInstance: taskflow_sql_operations_dag.insert_records manual__2024-03-13T14:30:40.410737+00:00 [queued]>
[2024-03-13T20:00:51.179+0530] {taskinstance.py:2193} INFO - Starting attempt 1 of 1
[2024-03-13T20:00:51.210+0530] {taskinstance.py:2214} INFO - Executing <Task(_PythonDecoratedOperator): insert_records> on 2024-03-13 14:30:40.410737+00:00
[2024-03-13T20:00:51.214+0530] {standard_task_runner.py:60} INFO - Started process 292237 to run task
[2024-03-13T20:00:51.221+0530] {standard_task_runner.py:87} INFO - Running: ['airflow', 'tasks', 'run', 'taskflow_sql_operations_dag', 'insert_records', 'manual__2024-03-13T14:30:40.410737+00:00', '--job-id', '239', '--raw', '--subdir', 'DAGS_FOLDER/taskflow_sql_operations.py', '--cfg-path', '/tmp/tmpsghrxv9y']
[2024-03-13T20:00:51.223+0530] {standard_task_runner.py:88} INFO - Job 239: Subtask insert_records
[2024-03-13T20:00:51.290+0530] {task_command.py:423} INFO - Running <TaskInstance: taskflow_sql_operations_dag.insert_records manual__2024-03-13T14:30:40.410737+00:00 [running]> on host BreakThrough.
[2024-03-13T20:00:51.401+0530] {taskinstance.py:2510} INFO - Exporting env vars: AIRFLOW_CTX_DAG_OWNER='kai' AIRFLOW_CTX_DAG_ID='taskflow_sql_operations_dag' AIRFLOW_CTX_TASK_ID='insert_records' AIRFLOW_CTX_EXECUTION_DATE='2024-03-13T14:30:40.410737+00:00' AIRFLOW_CTX_TRY_NUMBER='1' AIRFLOW_CTX_DAG_RUN_ID='manual__2024-03-13T14:30:40.410737+00:00'
[2024-03-13T20:00:51.404+0530] {logging_mixin.py:188} INFO - This is task C
[2024-03-13T20:00:51.419+0530] {logging_mixin.py:188} WARNING - /home/kai/airflow/dags/taskflow_sql_operations.py:50 FutureWarning: Passing literal json to 'read_json' is deprecated and will be removed in a future version. To read from a literal string, wrap it in a 'StringIO' object.
[2024-03-13T20:00:51.431+0530] {sql.py:276} INFO - Executing: 
                INSERT INTO Car (name, model, volume, weight, co2)
                VALUES ('Toyoty', 'Aygo', 1000, 790, 99)
                
[2024-03-13T20:00:51.439+0530] {base.py:83} INFO - Using connection ID 'my_sqlite_conn' for task execution.
[2024-03-13T20:00:51.464+0530] {base.py:83} INFO - Using connection ID 'my_sqlite_conn' for task execution.
[2024-03-13T20:00:51.465+0530] {sql.py:457} INFO - Running statement: 
                INSERT INTO Car (name, model, volume, weight, co2)
                VALUES ('Toyoty', 'Aygo', 1000, 790, 99)
                , parameters: None
[2024-03-13T20:00:51.466+0530] {sql.py:466} INFO - Rows affected: 1
[2024-03-13T20:00:51.468+0530] {logging_mixin.py:188} WARNING - /home/kai/.local/lib/python3.10/site-packages/airflow/providers/common/sql/hooks/sql.py:407 AirflowProviderDeprecationWarning: Call to deprecated method _make_common_data_structure. (The `_make_serializable` method is deprecated and support will be removed in a future version of the common.sql provider. Please update the DbApiHook's provider to a version based on common.sql >= 1.9.1.)
[2024-03-13T20:00:51.490+0530] {sql.py:276} INFO - Executing: 
                INSERT INTO Car (name, model, volume, weight, co2)
                VALUES ('Mitsubishi', 'Space Star', 1200, 1160, 95)
                
[2024-03-13T20:00:51.492+0530] {base.py:83} INFO - Using connection ID 'my_sqlite_conn' for task execution.
[2024-03-13T20:00:51.494+0530] {base.py:83} INFO - Using connection ID 'my_sqlite_conn' for task execution.
[2024-03-13T20:00:51.494+0530] {sql.py:457} INFO - Running statement: 
                INSERT INTO Car (name, model, volume, weight, co2)
                VALUES ('Mitsubishi', 'Space Star', 1200, 1160, 95)
                , parameters: None
[2024-03-13T20:00:51.495+0530] {sql.py:466} INFO - Rows affected: 1
[2024-03-13T20:00:51.519+0530] {sql.py:276} INFO - Executing: 
                INSERT INTO Car (name, model, volume, weight, co2)
                VALUES ('Skoda', 'Citigo', 1000, 929, 95)
                
[2024-03-13T20:00:51.521+0530] {base.py:83} INFO - Using connection ID 'my_sqlite_conn' for task execution.
[2024-03-13T20:00:51.523+0530] {base.py:83} INFO - Using connection ID 'my_sqlite_conn' for task execution.
[2024-03-13T20:00:51.523+0530] {sql.py:457} INFO - Running statement: 
                INSERT INTO Car (name, model, volume, weight, co2)
                VALUES ('Skoda', 'Citigo', 1000, 929, 95)
                , parameters: None
[2024-03-13T20:00:51.524+0530] {sql.py:466} INFO - Rows affected: 1
[2024-03-13T20:00:51.546+0530] {sql.py:276} INFO - Executing: 
                INSERT INTO Car (name, model, volume, weight, co2)
                VALUES ('Fiat', '500', 900, 865, 90)
                
[2024-03-13T20:00:51.549+0530] {base.py:83} INFO - Using connection ID 'my_sqlite_conn' for task execution.
[2024-03-13T20:00:51.551+0530] {base.py:83} INFO - Using connection ID 'my_sqlite_conn' for task execution.
[2024-03-13T20:00:51.551+0530] {sql.py:457} INFO - Running statement: 
                INSERT INTO Car (name, model, volume, weight, co2)
                VALUES ('Fiat', '500', 900, 865, 90)
                , parameters: None
[2024-03-13T20:00:51.551+0530] {sql.py:466} INFO - Rows affected: 1
[2024-03-13T20:00:51.573+0530] {sql.py:276} INFO - Executing: 
                INSERT INTO Car (name, model, volume, weight, co2)
                VALUES ('Mini', 'Cooper', 1500, 1140, 105)
                
[2024-03-13T20:00:51.575+0530] {base.py:83} INFO - Using connection ID 'my_sqlite_conn' for task execution.
[2024-03-13T20:00:51.577+0530] {base.py:83} INFO - Using connection ID 'my_sqlite_conn' for task execution.
[2024-03-13T20:00:51.577+0530] {sql.py:457} INFO - Running statement: 
                INSERT INTO Car (name, model, volume, weight, co2)
                VALUES ('Mini', 'Cooper', 1500, 1140, 105)
                , parameters: None
[2024-03-13T20:00:51.577+0530] {sql.py:466} INFO - Rows affected: 1
[2024-03-13T20:00:51.602+0530] {sql.py:276} INFO - Executing: 
                INSERT INTO Car (name, model, volume, weight, co2)
                VALUES ('VW', 'Up!', 1000, 929, 105)
                
[2024-03-13T20:00:51.604+0530] {base.py:83} INFO - Using connection ID 'my_sqlite_conn' for task execution.
[2024-03-13T20:00:51.606+0530] {base.py:83} INFO - Using connection ID 'my_sqlite_conn' for task execution.
[2024-03-13T20:00:51.606+0530] {sql.py:457} INFO - Running statement: 
                INSERT INTO Car (name, model, volume, weight, co2)
                VALUES ('VW', 'Up!', 1000, 929, 105)
                , parameters: None
[2024-03-13T20:00:51.606+0530] {sql.py:466} INFO - Rows affected: 1
[2024-03-13T20:00:51.626+0530] {sql.py:276} INFO - Executing: 
                INSERT INTO Car (name, model, volume, weight, co2)
                VALUES ('Skoda', 'Fabia', 1400, 1109, 90)
                
[2024-03-13T20:00:51.629+0530] {base.py:83} INFO - Using connection ID 'my_sqlite_conn' for task execution.
[2024-03-13T20:00:51.632+0530] {base.py:83} INFO - Using connection ID 'my_sqlite_conn' for task execution.
[2024-03-13T20:00:51.633+0530] {sql.py:457} INFO - Running statement: 
                INSERT INTO Car (name, model, volume, weight, co2)
                VALUES ('Skoda', 'Fabia', 1400, 1109, 90)
                , parameters: None
[2024-03-13T20:00:51.633+0530] {sql.py:466} INFO - Rows affected: 1
[2024-03-13T20:00:51.666+0530] {sql.py:276} INFO - Executing: 
                INSERT INTO Car (name, model, volume, weight, co2)
                VALUES ('Mercedes', 'A-Class', 1500, 1365, 92)
                
[2024-03-13T20:00:51.669+0530] {base.py:83} INFO - Using connection ID 'my_sqlite_conn' for task execution.
[2024-03-13T20:00:51.671+0530] {base.py:83} INFO - Using connection ID 'my_sqlite_conn' for task execution.
[2024-03-13T20:00:51.672+0530] {sql.py:457} INFO - Running statement: 
                INSERT INTO Car (name, model, volume, weight, co2)
                VALUES ('Mercedes', 'A-Class', 1500, 1365, 92)
                , parameters: None
[2024-03-13T20:00:51.672+0530] {sql.py:466} INFO - Rows affected: 1
[2024-03-13T20:00:51.707+0530] {sql.py:276} INFO - Executing: 
                INSERT INTO Car (name, model, volume, weight, co2)
                VALUES ('Ford', 'Fiesta', 1500, 1112, 98)
                
[2024-03-13T20:00:51.710+0530] {base.py:83} INFO - Using connection ID 'my_sqlite_conn' for task execution.
[2024-03-13T20:00:51.716+0530] {base.py:83} INFO - Using connection ID 'my_sqlite_conn' for task execution.
[2024-03-13T20:00:51.716+0530] {sql.py:457} INFO - Running statement: 
                INSERT INTO Car (name, model, volume, weight, co2)
                VALUES ('Ford', 'Fiesta', 1500, 1112, 98)
                , parameters: None
[2024-03-13T20:00:51.717+0530] {sql.py:466} INFO - Rows affected: 1
[2024-03-13T20:00:51.736+0530] {sql.py:276} INFO - Executing: 
                INSERT INTO Car (name, model, volume, weight, co2)
                VALUES ('Audi', 'A1', 1600, 1150, 99)
                
[2024-03-13T20:00:51.738+0530] {base.py:83} INFO - Using connection ID 'my_sqlite_conn' for task execution.
[2024-03-13T20:00:51.740+0530] {base.py:83} INFO - Using connection ID 'my_sqlite_conn' for task execution.
[2024-03-13T20:00:51.741+0530] {sql.py:457} INFO - Running statement: 
                INSERT INTO Car (name, model, volume, weight, co2)
                VALUES ('Audi', 'A1', 1600, 1150, 99)
                , parameters: None
[2024-03-13T20:00:51.741+0530] {sql.py:466} INFO - Rows affected: 1
[2024-03-13T20:00:51.759+0530] {sql.py:276} INFO - Executing: 
                INSERT INTO Car (name, model, volume, weight, co2)
                VALUES ('Hyundai', 'I20', 1100, 980, 99)
                
[2024-03-13T20:00:51.761+0530] {base.py:83} INFO - Using connection ID 'my_sqlite_conn' for task execution.
[2024-03-13T20:00:51.766+0530] {base.py:83} INFO - Using connection ID 'my_sqlite_conn' for task execution.
[2024-03-13T20:00:51.766+0530] {sql.py:457} INFO - Running statement: 
                INSERT INTO Car (name, model, volume, weight, co2)
                VALUES ('Hyundai', 'I20', 1100, 980, 99)
                , parameters: None
[2024-03-13T20:00:51.767+0530] {sql.py:466} INFO - Rows affected: 1
[2024-03-13T20:00:51.792+0530] {sql.py:276} INFO - Executing: 
                INSERT INTO Car (name, model, volume, weight, co2)
                VALUES ('Suzuki', 'Swift', 1300, 990, 101)
                
[2024-03-13T20:00:51.794+0530] {base.py:83} INFO - Using connection ID 'my_sqlite_conn' for task execution.
[2024-03-13T20:00:51.797+0530] {base.py:83} INFO - Using connection ID 'my_sqlite_conn' for task execution.
[2024-03-13T20:00:51.797+0530] {sql.py:457} INFO - Running statement: 
                INSERT INTO Car (name, model, volume, weight, co2)
                VALUES ('Suzuki', 'Swift', 1300, 990, 101)
                , parameters: None
[2024-03-13T20:00:51.798+0530] {sql.py:466} INFO - Rows affected: 1
[2024-03-13T20:00:51.822+0530] {sql.py:276} INFO - Executing: 
                INSERT INTO Car (name, model, volume, weight, co2)
                VALUES ('Ford', 'Fiesta', 1000, 1112, 99)
                
[2024-03-13T20:00:51.824+0530] {base.py:83} INFO - Using connection ID 'my_sqlite_conn' for task execution.
[2024-03-13T20:00:51.826+0530] {base.py:83} INFO - Using connection ID 'my_sqlite_conn' for task execution.
[2024-03-13T20:00:51.826+0530] {sql.py:457} INFO - Running statement: 
                INSERT INTO Car (name, model, volume, weight, co2)
                VALUES ('Ford', 'Fiesta', 1000, 1112, 99)
                , parameters: None
[2024-03-13T20:00:51.826+0530] {sql.py:466} INFO - Rows affected: 1
[2024-03-13T20:00:51.844+0530] {sql.py:276} INFO - Executing: 
                INSERT INTO Car (name, model, volume, weight, co2)
                VALUES ('Honda', 'Civic', 1600, 1252, 94)
                
[2024-03-13T20:00:51.847+0530] {base.py:83} INFO - Using connection ID 'my_sqlite_conn' for task execution.
[2024-03-13T20:00:51.850+0530] {base.py:83} INFO - Using connection ID 'my_sqlite_conn' for task execution.
[2024-03-13T20:00:51.850+0530] {sql.py:457} INFO - Running statement: 
                INSERT INTO Car (name, model, volume, weight, co2)
                VALUES ('Honda', 'Civic', 1600, 1252, 94)
                , parameters: None
[2024-03-13T20:00:51.851+0530] {sql.py:466} INFO - Rows affected: 1
[2024-03-13T20:00:51.871+0530] {sql.py:276} INFO - Executing: 
                INSERT INTO Car (name, model, volume, weight, co2)
                VALUES ('Hundai', 'I30', 1600, 1326, 97)
                
[2024-03-13T20:00:51.873+0530] {base.py:83} INFO - Using connection ID 'my_sqlite_conn' for task execution.
[2024-03-13T20:00:51.875+0530] {base.py:83} INFO - Using connection ID 'my_sqlite_conn' for task execution.
[2024-03-13T20:00:51.875+0530] {sql.py:457} INFO - Running statement: 
                INSERT INTO Car (name, model, volume, weight, co2)
                VALUES ('Hundai', 'I30', 1600, 1326, 97)
                , parameters: None
[2024-03-13T20:00:51.875+0530] {sql.py:466} INFO - Rows affected: 1
[2024-03-13T20:00:51.895+0530] {sql.py:276} INFO - Executing: 
                INSERT INTO Car (name, model, volume, weight, co2)
                VALUES ('Opel', 'Astra', 1600, 1330, 97)
                
[2024-03-13T20:00:51.899+0530] {base.py:83} INFO - Using connection ID 'my_sqlite_conn' for task execution.
[2024-03-13T20:00:51.902+0530] {base.py:83} INFO - Using connection ID 'my_sqlite_conn' for task execution.
[2024-03-13T20:00:51.902+0530] {sql.py:457} INFO - Running statement: 
                INSERT INTO Car (name, model, volume, weight, co2)
                VALUES ('Opel', 'Astra', 1600, 1330, 97)
                , parameters: None
[2024-03-13T20:00:51.903+0530] {sql.py:466} INFO - Rows affected: 1
[2024-03-13T20:00:51.920+0530] {sql.py:276} INFO - Executing: 
                INSERT INTO Car (name, model, volume, weight, co2)
                VALUES ('BMW', '1', 1600, 1365, 99)
                
[2024-03-13T20:00:51.922+0530] {base.py:83} INFO - Using connection ID 'my_sqlite_conn' for task execution.
[2024-03-13T20:00:51.924+0530] {base.py:83} INFO - Using connection ID 'my_sqlite_conn' for task execution.
[2024-03-13T20:00:51.924+0530] {sql.py:457} INFO - Running statement: 
                INSERT INTO Car (name, model, volume, weight, co2)
                VALUES ('BMW', '1', 1600, 1365, 99)
                , parameters: None
[2024-03-13T20:00:51.925+0530] {sql.py:466} INFO - Rows affected: 1
[2024-03-13T20:00:51.944+0530] {sql.py:276} INFO - Executing: 
                INSERT INTO Car (name, model, volume, weight, co2)
                VALUES ('Mazda', '3', 2200, 1280, 104)
                
[2024-03-13T20:00:51.949+0530] {base.py:83} INFO - Using connection ID 'my_sqlite_conn' for task execution.
[2024-03-13T20:00:51.951+0530] {base.py:83} INFO - Using connection ID 'my_sqlite_conn' for task execution.
[2024-03-13T20:00:51.951+0530] {sql.py:457} INFO - Running statement: 
                INSERT INTO Car (name, model, volume, weight, co2)
                VALUES ('Mazda', '3', 2200, 1280, 104)
                , parameters: None
[2024-03-13T20:00:51.951+0530] {sql.py:466} INFO - Rows affected: 1
[2024-03-13T20:00:51.974+0530] {sql.py:276} INFO - Executing: 
                INSERT INTO Car (name, model, volume, weight, co2)
                VALUES ('Skoda', 'Rapid', 1600, 1119, 104)
                
[2024-03-13T20:00:51.976+0530] {base.py:83} INFO - Using connection ID 'my_sqlite_conn' for task execution.
[2024-03-13T20:00:51.978+0530] {base.py:83} INFO - Using connection ID 'my_sqlite_conn' for task execution.
[2024-03-13T20:00:51.979+0530] {sql.py:457} INFO - Running statement: 
                INSERT INTO Car (name, model, volume, weight, co2)
                VALUES ('Skoda', 'Rapid', 1600, 1119, 104)
                , parameters: None
[2024-03-13T20:00:51.979+0530] {sql.py:466} INFO - Rows affected: 1
[2024-03-13T20:00:51.998+0530] {sql.py:276} INFO - Executing: 
                INSERT INTO Car (name, model, volume, weight, co2)
                VALUES ('Ford', 'Focus', 2000, 1328, 105)
                
[2024-03-13T20:00:52.000+0530] {base.py:83} INFO - Using connection ID 'my_sqlite_conn' for task execution.
[2024-03-13T20:00:52.002+0530] {base.py:83} INFO - Using connection ID 'my_sqlite_conn' for task execution.
[2024-03-13T20:00:52.002+0530] {sql.py:457} INFO - Running statement: 
                INSERT INTO Car (name, model, volume, weight, co2)
                VALUES ('Ford', 'Focus', 2000, 1328, 105)
                , parameters: None
[2024-03-13T20:00:52.003+0530] {sql.py:466} INFO - Rows affected: 1
[2024-03-13T20:00:52.021+0530] {sql.py:276} INFO - Executing: 
                INSERT INTO Car (name, model, volume, weight, co2)
                VALUES ('Ford', 'Mondeo', 1600, 1584, 94)
                
[2024-03-13T20:00:52.024+0530] {base.py:83} INFO - Using connection ID 'my_sqlite_conn' for task execution.
[2024-03-13T20:00:52.025+0530] {base.py:83} INFO - Using connection ID 'my_sqlite_conn' for task execution.
[2024-03-13T20:00:52.025+0530] {sql.py:457} INFO - Running statement: 
                INSERT INTO Car (name, model, volume, weight, co2)
                VALUES ('Ford', 'Mondeo', 1600, 1584, 94)
                , parameters: None
[2024-03-13T20:00:52.026+0530] {sql.py:466} INFO - Rows affected: 1
[2024-03-13T20:00:52.043+0530] {sql.py:276} INFO - Executing: 
                INSERT INTO Car (name, model, volume, weight, co2)
                VALUES ('Opel', 'Insignia', 2000, 1428, 99)
                
[2024-03-13T20:00:52.045+0530] {base.py:83} INFO - Using connection ID 'my_sqlite_conn' for task execution.
[2024-03-13T20:00:52.048+0530] {base.py:83} INFO - Using connection ID 'my_sqlite_conn' for task execution.
[2024-03-13T20:00:52.048+0530] {sql.py:457} INFO - Running statement: 
                INSERT INTO Car (name, model, volume, weight, co2)
                VALUES ('Opel', 'Insignia', 2000, 1428, 99)
                , parameters: None
[2024-03-13T20:00:52.048+0530] {sql.py:466} INFO - Rows affected: 1
[2024-03-13T20:00:52.068+0530] {sql.py:276} INFO - Executing: 
                INSERT INTO Car (name, model, volume, weight, co2)
                VALUES ('Mercedes', 'C-Class', 2100, 1365, 99)
                
[2024-03-13T20:00:52.076+0530] {base.py:83} INFO - Using connection ID 'my_sqlite_conn' for task execution.
[2024-03-13T20:00:52.082+0530] {base.py:83} INFO - Using connection ID 'my_sqlite_conn' for task execution.
[2024-03-13T20:00:52.083+0530] {sql.py:457} INFO - Running statement: 
                INSERT INTO Car (name, model, volume, weight, co2)
                VALUES ('Mercedes', 'C-Class', 2100, 1365, 99)
                , parameters: None
[2024-03-13T20:00:52.084+0530] {sql.py:466} INFO - Rows affected: 1
[2024-03-13T20:00:52.105+0530] {sql.py:276} INFO - Executing: 
                INSERT INTO Car (name, model, volume, weight, co2)
                VALUES ('Skoda', 'Octavia', 1600, 1415, 99)
                
[2024-03-13T20:00:52.107+0530] {base.py:83} INFO - Using connection ID 'my_sqlite_conn' for task execution.
[2024-03-13T20:00:52.109+0530] {base.py:83} INFO - Using connection ID 'my_sqlite_conn' for task execution.
[2024-03-13T20:00:52.110+0530] {sql.py:457} INFO - Running statement: 
                INSERT INTO Car (name, model, volume, weight, co2)
                VALUES ('Skoda', 'Octavia', 1600, 1415, 99)
                , parameters: None
[2024-03-13T20:00:52.110+0530] {sql.py:466} INFO - Rows affected: 1
[2024-03-13T20:00:52.128+0530] {sql.py:276} INFO - Executing: 
                INSERT INTO Car (name, model, volume, weight, co2)
                VALUES ('Volvo', 'S60', 2000, 1415, 99)
                
[2024-03-13T20:00:52.131+0530] {base.py:83} INFO - Using connection ID 'my_sqlite_conn' for task execution.
[2024-03-13T20:00:52.133+0530] {base.py:83} INFO - Using connection ID 'my_sqlite_conn' for task execution.
[2024-03-13T20:00:52.133+0530] {sql.py:457} INFO - Running statement: 
                INSERT INTO Car (name, model, volume, weight, co2)
                VALUES ('Volvo', 'S60', 2000, 1415, 99)
                , parameters: None
[2024-03-13T20:00:52.133+0530] {sql.py:466} INFO - Rows affected: 1
[2024-03-13T20:00:52.161+0530] {sql.py:276} INFO - Executing: 
                INSERT INTO Car (name, model, volume, weight, co2)
                VALUES ('Mercedes', 'CLA', 1500, 1465, 102)
                
[2024-03-13T20:00:52.164+0530] {base.py:83} INFO - Using connection ID 'my_sqlite_conn' for task execution.
[2024-03-13T20:00:52.166+0530] {base.py:83} INFO - Using connection ID 'my_sqlite_conn' for task execution.
[2024-03-13T20:00:52.166+0530] {sql.py:457} INFO - Running statement: 
                INSERT INTO Car (name, model, volume, weight, co2)
                VALUES ('Mercedes', 'CLA', 1500, 1465, 102)
                , parameters: None
[2024-03-13T20:00:52.166+0530] {sql.py:466} INFO - Rows affected: 1
[2024-03-13T20:00:52.187+0530] {sql.py:276} INFO - Executing: 
                INSERT INTO Car (name, model, volume, weight, co2)
                VALUES ('Audi', 'A4', 2000, 1490, 104)
                
[2024-03-13T20:00:52.189+0530] {base.py:83} INFO - Using connection ID 'my_sqlite_conn' for task execution.
[2024-03-13T20:00:52.191+0530] {base.py:83} INFO - Using connection ID 'my_sqlite_conn' for task execution.
[2024-03-13T20:00:52.191+0530] {sql.py:457} INFO - Running statement: 
                INSERT INTO Car (name, model, volume, weight, co2)
                VALUES ('Audi', 'A4', 2000, 1490, 104)
                , parameters: None
[2024-03-13T20:00:52.191+0530] {sql.py:466} INFO - Rows affected: 1
[2024-03-13T20:00:52.210+0530] {sql.py:276} INFO - Executing: 
                INSERT INTO Car (name, model, volume, weight, co2)
                VALUES ('Audi', 'A6', 2000, 1725, 114)
                
[2024-03-13T20:00:52.213+0530] {base.py:83} INFO - Using connection ID 'my_sqlite_conn' for task execution.
[2024-03-13T20:00:52.216+0530] {base.py:83} INFO - Using connection ID 'my_sqlite_conn' for task execution.
[2024-03-13T20:00:52.216+0530] {sql.py:457} INFO - Running statement: 
                INSERT INTO Car (name, model, volume, weight, co2)
                VALUES ('Audi', 'A6', 2000, 1725, 114)
                , parameters: None
[2024-03-13T20:00:52.216+0530] {sql.py:466} INFO - Rows affected: 1
[2024-03-13T20:00:52.241+0530] {sql.py:276} INFO - Executing: 
                INSERT INTO Car (name, model, volume, weight, co2)
                VALUES ('Volvo', 'V70', 1600, 1523, 109)
                
[2024-03-13T20:00:52.243+0530] {base.py:83} INFO - Using connection ID 'my_sqlite_conn' for task execution.
[2024-03-13T20:00:52.246+0530] {base.py:83} INFO - Using connection ID 'my_sqlite_conn' for task execution.
[2024-03-13T20:00:52.246+0530] {sql.py:457} INFO - Running statement: 
                INSERT INTO Car (name, model, volume, weight, co2)
                VALUES ('Volvo', 'V70', 1600, 1523, 109)
                , parameters: None
[2024-03-13T20:00:52.247+0530] {sql.py:466} INFO - Rows affected: 1
[2024-03-13T20:00:52.268+0530] {sql.py:276} INFO - Executing: 
                INSERT INTO Car (name, model, volume, weight, co2)
                VALUES ('BMW', '5', 2000, 1705, 114)
                
[2024-03-13T20:00:52.270+0530] {base.py:83} INFO - Using connection ID 'my_sqlite_conn' for task execution.
[2024-03-13T20:00:52.272+0530] {base.py:83} INFO - Using connection ID 'my_sqlite_conn' for task execution.
[2024-03-13T20:00:52.272+0530] {sql.py:457} INFO - Running statement: 
                INSERT INTO Car (name, model, volume, weight, co2)
                VALUES ('BMW', '5', 2000, 1705, 114)
                , parameters: None
[2024-03-13T20:00:52.272+0530] {sql.py:466} INFO - Rows affected: 1
[2024-03-13T20:00:52.291+0530] {sql.py:276} INFO - Executing: 
                INSERT INTO Car (name, model, volume, weight, co2)
                VALUES ('Mercedes', 'E-Class', 2100, 1605, 115)
                
[2024-03-13T20:00:52.293+0530] {base.py:83} INFO - Using connection ID 'my_sqlite_conn' for task execution.
[2024-03-13T20:00:52.294+0530] {base.py:83} INFO - Using connection ID 'my_sqlite_conn' for task execution.
[2024-03-13T20:00:52.295+0530] {sql.py:457} INFO - Running statement: 
                INSERT INTO Car (name, model, volume, weight, co2)
                VALUES ('Mercedes', 'E-Class', 2100, 1605, 115)
                , parameters: None
[2024-03-13T20:00:52.295+0530] {sql.py:466} INFO - Rows affected: 1
[2024-03-13T20:00:52.315+0530] {sql.py:276} INFO - Executing: 
                INSERT INTO Car (name, model, volume, weight, co2)
                VALUES ('Volvo', 'XC70', 2000, 1746, 117)
                
[2024-03-13T20:00:52.317+0530] {base.py:83} INFO - Using connection ID 'my_sqlite_conn' for task execution.
[2024-03-13T20:00:52.319+0530] {base.py:83} INFO - Using connection ID 'my_sqlite_conn' for task execution.
[2024-03-13T20:00:52.319+0530] {sql.py:457} INFO - Running statement: 
                INSERT INTO Car (name, model, volume, weight, co2)
                VALUES ('Volvo', 'XC70', 2000, 1746, 117)
                , parameters: None
[2024-03-13T20:00:52.319+0530] {sql.py:466} INFO - Rows affected: 1
[2024-03-13T20:00:52.338+0530] {sql.py:276} INFO - Executing: 
                INSERT INTO Car (name, model, volume, weight, co2)
                VALUES ('Ford', 'B-Max', 1600, 1235, 104)
                
[2024-03-13T20:00:52.340+0530] {base.py:83} INFO - Using connection ID 'my_sqlite_conn' for task execution.
[2024-03-13T20:00:52.342+0530] {base.py:83} INFO - Using connection ID 'my_sqlite_conn' for task execution.
[2024-03-13T20:00:52.343+0530] {sql.py:457} INFO - Running statement: 
                INSERT INTO Car (name, model, volume, weight, co2)
                VALUES ('Ford', 'B-Max', 1600, 1235, 104)
                , parameters: None
[2024-03-13T20:00:52.343+0530] {sql.py:466} INFO - Rows affected: 1
[2024-03-13T20:00:52.362+0530] {sql.py:276} INFO - Executing: 
                INSERT INTO Car (name, model, volume, weight, co2)
                VALUES ('BMW', '216', 1600, 1390, 108)
                
[2024-03-13T20:00:52.365+0530] {base.py:83} INFO - Using connection ID 'my_sqlite_conn' for task execution.
[2024-03-13T20:00:52.367+0530] {base.py:83} INFO - Using connection ID 'my_sqlite_conn' for task execution.
[2024-03-13T20:00:52.368+0530] {sql.py:457} INFO - Running statement: 
                INSERT INTO Car (name, model, volume, weight, co2)
                VALUES ('BMW', '216', 1600, 1390, 108)
                , parameters: None
[2024-03-13T20:00:52.368+0530] {sql.py:466} INFO - Rows affected: 1
[2024-03-13T20:00:52.385+0530] {sql.py:276} INFO - Executing: 
                INSERT INTO Car (name, model, volume, weight, co2)
                VALUES ('Opel', 'Zafira', 1600, 1405, 109)
                
[2024-03-13T20:00:52.387+0530] {base.py:83} INFO - Using connection ID 'my_sqlite_conn' for task execution.
[2024-03-13T20:00:52.389+0530] {base.py:83} INFO - Using connection ID 'my_sqlite_conn' for task execution.
[2024-03-13T20:00:52.390+0530] {sql.py:457} INFO - Running statement: 
                INSERT INTO Car (name, model, volume, weight, co2)
                VALUES ('Opel', 'Zafira', 1600, 1405, 109)
                , parameters: None
[2024-03-13T20:00:52.390+0530] {sql.py:466} INFO - Rows affected: 1
[2024-03-13T20:00:52.418+0530] {sql.py:276} INFO - Executing: 
                INSERT INTO Car (name, model, volume, weight, co2)
                VALUES ('Mercedes', 'SLK', 2500, 1395, 120)
                
[2024-03-13T20:00:52.423+0530] {base.py:83} INFO - Using connection ID 'my_sqlite_conn' for task execution.
[2024-03-13T20:00:52.427+0530] {base.py:83} INFO - Using connection ID 'my_sqlite_conn' for task execution.
[2024-03-13T20:00:52.428+0530] {sql.py:457} INFO - Running statement: 
                INSERT INTO Car (name, model, volume, weight, co2)
                VALUES ('Mercedes', 'SLK', 2500, 1395, 120)
                , parameters: None
[2024-03-13T20:00:52.430+0530] {sql.py:466} INFO - Rows affected: 1
[2024-03-13T20:00:52.448+0530] {python.py:202} INFO - Done. Returned value was: None
[2024-03-13T20:00:52.451+0530] {taskinstance.py:1149} INFO - Marking task as SUCCESS. dag_id=taskflow_sql_operations_dag, task_id=insert_records, execution_date=20240313T143040, start_date=20240313T143051, end_date=20240313T143052
[2024-03-13T20:00:52.521+0530] {local_task_job_runner.py:234} INFO - Task exited with return code 0
[2024-03-13T20:00:52.543+0530] {taskinstance.py:3309} INFO - 0 downstream tasks scheduled from follow-on schedule check
