[2024-03-13T20:25:13.230+0530] {taskinstance.py:1979} INFO - Dependencies all met for dep_context=non-requeueable deps ti=<TaskInstance: taskflow_sql_operations_dag.join manual__2024-03-13T14:54:57.959540+00:00 [queued]>
[2024-03-13T20:25:13.236+0530] {taskinstance.py:1979} INFO - Dependencies all met for dep_context=requeueable deps ti=<TaskInstance: taskflow_sql_operations_dag.join manual__2024-03-13T14:54:57.959540+00:00 [queued]>
[2024-03-13T20:25:13.237+0530] {taskinstance.py:2193} INFO - Starting attempt 1 of 1
[2024-03-13T20:25:13.267+0530] {taskinstance.py:2214} INFO - Executing <Task(_PythonDecoratedOperator): join> on 2024-03-13 14:54:57.959540+00:00
[2024-03-13T20:25:13.270+0530] {standard_task_runner.py:60} INFO - Started process 294665 to run task
[2024-03-13T20:25:13.276+0530] {standard_task_runner.py:87} INFO - Running: ['airflow', 'tasks', 'run', 'taskflow_sql_operations_dag', 'join', 'manual__2024-03-13T14:54:57.959540+00:00', '--job-id', '244', '--raw', '--subdir', 'DAGS_FOLDER/taskflow_sql_operations.py', '--cfg-path', '/tmp/tmpiyvwxnat']
[2024-03-13T20:25:13.277+0530] {standard_task_runner.py:88} INFO - Job 244: Subtask join
[2024-03-13T20:25:13.352+0530] {task_command.py:423} INFO - Running <TaskInstance: taskflow_sql_operations_dag.join manual__2024-03-13T14:54:57.959540+00:00 [running]> on host BreakThrough.
[2024-03-13T20:25:13.471+0530] {taskinstance.py:2510} INFO - Exporting env vars: AIRFLOW_CTX_DAG_OWNER='kai' AIRFLOW_CTX_DAG_ID='taskflow_sql_operations_dag' AIRFLOW_CTX_TASK_ID='join' AIRFLOW_CTX_EXECUTION_DATE='2024-03-13T14:54:57.959540+00:00' AIRFLOW_CTX_TRY_NUMBER='1' AIRFLOW_CTX_DAG_RUN_ID='manual__2024-03-13T14:54:57.959540+00:00'
[2024-03-13T20:25:13.473+0530] {sql.py:276} INFO - Executing: 
            SELECT * FROM Car
            
[2024-03-13T20:25:13.477+0530] {base.py:83} INFO - Using connection ID 'my_sqlite_conn' for task execution.
[2024-03-13T20:25:13.493+0530] {base.py:83} INFO - Using connection ID 'my_sqlite_conn' for task execution.
[2024-03-13T20:25:13.494+0530] {sql.py:457} INFO - Running statement: 
            SELECT * FROM Car
            , parameters: None
[2024-03-13T20:25:13.498+0530] {logging_mixin.py:188} WARNING - /home/kai/.local/lib/python3.10/site-packages/airflow/providers/common/sql/hooks/sql.py:407 AirflowProviderDeprecationWarning: Call to deprecated method _make_common_data_structure. (The `_make_serializable` method is deprecated and support will be removed in a future version of the common.sql provider. Please update the DbApiHook's provider to a version based on common.sql >= 1.9.1.)
[2024-03-13T20:25:13.499+0530] {python.py:202} INFO - Done. Returned value was: None
[2024-03-13T20:25:13.503+0530] {taskinstance.py:1149} INFO - Marking task as SUCCESS. dag_id=taskflow_sql_operations_dag, task_id=join, execution_date=20240313T145457, start_date=20240313T145513, end_date=20240313T145513
[2024-03-13T20:25:13.569+0530] {local_task_job_runner.py:234} INFO - Task exited with return code 0
[2024-03-13T20:25:13.580+0530] {taskinstance.py:3309} INFO - 0 downstream tasks scheduled from follow-on schedule check
