[2024-03-14T07:42:30.482+0530] {taskinstance.py:1979} INFO - Dependencies all met for dep_context=non-requeueable deps ti=<TaskInstance: taskflow_sql_operations_dag.create_table scheduled__2024-03-13T00:00:00+00:00 [queued]>
[2024-03-14T07:42:30.488+0530] {taskinstance.py:1979} INFO - Dependencies all met for dep_context=requeueable deps ti=<TaskInstance: taskflow_sql_operations_dag.create_table scheduled__2024-03-13T00:00:00+00:00 [queued]>
[2024-03-14T07:42:30.488+0530] {taskinstance.py:2193} INFO - Starting attempt 1 of 1
[2024-03-14T07:42:30.515+0530] {taskinstance.py:2214} INFO - Executing <Task(_PythonDecoratedOperator): create_table> on 2024-03-13 00:00:00+00:00
[2024-03-14T07:42:30.519+0530] {standard_task_runner.py:60} INFO - Started process 307275 to run task
[2024-03-14T07:42:30.522+0530] {standard_task_runner.py:87} INFO - Running: ['airflow', 'tasks', 'run', 'taskflow_sql_operations_dag', 'create_table', 'scheduled__2024-03-13T00:00:00+00:00', '--job-id', '251', '--raw', '--subdir', 'DAGS_FOLDER/taskflow_sql_operations.py', '--cfg-path', '/tmp/tmpkexkzst7']
[2024-03-14T07:42:30.524+0530] {standard_task_runner.py:88} INFO - Job 251: Subtask create_table
[2024-03-14T07:42:30.580+0530] {task_command.py:423} INFO - Running <TaskInstance: taskflow_sql_operations_dag.create_table scheduled__2024-03-13T00:00:00+00:00 [running]> on host BreakThrough.
[2024-03-14T07:42:30.662+0530] {taskinstance.py:2510} INFO - Exporting env vars: AIRFLOW_CTX_DAG_OWNER='kai' AIRFLOW_CTX_DAG_ID='taskflow_sql_operations_dag' AIRFLOW_CTX_TASK_ID='create_table' AIRFLOW_CTX_EXECUTION_DATE='2024-03-13T00:00:00+00:00' AIRFLOW_CTX_TRY_NUMBER='1' AIRFLOW_CTX_DAG_RUN_ID='scheduled__2024-03-13T00:00:00+00:00'
[2024-03-14T07:42:30.664+0530] {sql.py:276} INFO - Executing: 
            CREATE TABLE IF NOT EXISTS Car (
                id INTEGER PRIMARY KEY AUTOINCREMENT,
                name TEXT NOT NULL,
                model TEXT NOT NULL,
                volume INTEGER NOT NULL,
                weight INTEGER NOT NULL,
                co2 INTEGER NOT NULL
            )
            
[2024-03-14T07:42:30.668+0530] {base.py:83} INFO - Using connection ID 'my_sqlite_conn' for task execution.
[2024-03-14T07:42:30.688+0530] {base.py:83} INFO - Using connection ID 'my_sqlite_conn' for task execution.
[2024-03-14T07:42:30.689+0530] {sql.py:457} INFO - Running statement: 
            CREATE TABLE IF NOT EXISTS Car (
                id INTEGER PRIMARY KEY AUTOINCREMENT,
                name TEXT NOT NULL,
                model TEXT NOT NULL,
                volume INTEGER NOT NULL,
                weight INTEGER NOT NULL,
                co2 INTEGER NOT NULL
            )
            , parameters: None
[2024-03-14T07:42:30.696+0530] {logging_mixin.py:188} WARNING - /home/kai/.local/lib/python3.10/site-packages/airflow/providers/common/sql/hooks/sql.py:407 AirflowProviderDeprecationWarning: Call to deprecated method _make_common_data_structure. (The `_make_serializable` method is deprecated and support will be removed in a future version of the common.sql provider. Please update the DbApiHook's provider to a version based on common.sql >= 1.9.1.)
[2024-03-14T07:42:30.696+0530] {python.py:202} INFO - Done. Returned value was: None
[2024-03-14T07:42:30.701+0530] {taskinstance.py:1149} INFO - Marking task as SUCCESS. dag_id=taskflow_sql_operations_dag, task_id=create_table, execution_date=20240313T000000, start_date=20240314T021230, end_date=20240314T021230
[2024-03-14T07:42:30.735+0530] {local_task_job_runner.py:234} INFO - Task exited with return code 0
[2024-03-14T07:42:30.753+0530] {taskinstance.py:3309} INFO - 1 downstream tasks scheduled from follow-on schedule check
