[2024-03-09T22:14:37.005+0530] {taskinstance.py:1979} INFO - Dependencies all met for dep_context=non-requeueable deps ti=<TaskInstance: sql_operator_dag.taskA manual__2024-03-09T16:44:33.994677+00:00 [queued]>
[2024-03-09T22:14:37.012+0530] {taskinstance.py:1979} INFO - Dependencies all met for dep_context=requeueable deps ti=<TaskInstance: sql_operator_dag.taskA manual__2024-03-09T16:44:33.994677+00:00 [queued]>
[2024-03-09T22:14:37.012+0530] {taskinstance.py:2193} INFO - Starting attempt 1 of 1
[2024-03-09T22:14:37.047+0530] {taskinstance.py:2214} INFO - Executing <Task(SqliteOperator): taskA> on 2024-03-09 16:44:33.994677+00:00
[2024-03-09T22:14:37.049+0530] {standard_task_runner.py:60} INFO - Started process 50637 to run task
[2024-03-09T22:14:37.054+0530] {standard_task_runner.py:87} INFO - Running: ['airflow', 'tasks', 'run', 'sql_operator_dag', 'taskA', 'manual__2024-03-09T16:44:33.994677+00:00', '--job-id', '97', '--raw', '--subdir', 'DAGS_FOLDER/execute_sql_pipeline.py', '--cfg-path', '/tmp/tmptblaw5hb']
[2024-03-09T22:14:37.056+0530] {standard_task_runner.py:88} INFO - Job 97: Subtask taskA
[2024-03-09T22:14:37.118+0530] {task_command.py:423} INFO - Running <TaskInstance: sql_operator_dag.taskA manual__2024-03-09T16:44:33.994677+00:00 [running]> on host BreakThrough.
[2024-03-09T22:14:37.220+0530] {taskinstance.py:2510} INFO - Exporting env vars: AIRFLOW_CTX_DAG_OWNER='kai' AIRFLOW_CTX_DAG_ID='sql_operator_dag' AIRFLOW_CTX_TASK_ID='taskA' AIRFLOW_CTX_EXECUTION_DATE='2024-03-09T16:44:33.994677+00:00' AIRFLOW_CTX_TRY_NUMBER='1' AIRFLOW_CTX_DAG_RUN_ID='manual__2024-03-09T16:44:33.994677+00:00'
[2024-03-09T22:14:37.221+0530] {sql.py:276} INFO - Executing: CREATE TABLE IF NOT EXISTS students (
            id INTEGER PRIMARY KEY AUTOINCREMENT,
            name TEXT NOT NULL,
            age INTEGER NOT NULL, 
            created_at TIMESTAMP DEFAULT CURRENT_TIMESTAMP,
            place TEXT NOT NULL
        );
[2024-03-09T22:14:37.227+0530] {base.py:83} INFO - Using connection ID 'my_sqlite_conn' for task execution.
[2024-03-09T22:14:37.252+0530] {base.py:83} INFO - Using connection ID 'my_sqlite_conn' for task execution.
[2024-03-09T22:14:37.253+0530] {sql.py:457} INFO - Running statement: CREATE TABLE IF NOT EXISTS students (
            id INTEGER PRIMARY KEY AUTOINCREMENT,
            name TEXT NOT NULL,
            age INTEGER NOT NULL, 
            created_at TIMESTAMP DEFAULT CURRENT_TIMESTAMP,
            place TEXT NOT NULL
        );, parameters: None
[2024-03-09T22:14:37.257+0530] {logging_mixin.py:188} WARNING - /home/kai/.local/lib/python3.10/site-packages/airflow/providers/common/sql/hooks/sql.py:407 AirflowProviderDeprecationWarning: Call to deprecated method _make_common_data_structure. (The `_make_serializable` method is deprecated and support will be removed in a future version of the common.sql provider. Please update the DbApiHook's provider to a version based on common.sql >= 1.9.1.)
[2024-03-09T22:14:37.261+0530] {taskinstance.py:1149} INFO - Marking task as SUCCESS. dag_id=sql_operator_dag, task_id=taskA, execution_date=20240309T164433, start_date=20240309T164437, end_date=20240309T164437
[2024-03-09T22:14:37.307+0530] {local_task_job_runner.py:234} INFO - Task exited with return code 0
[2024-03-09T22:14:37.321+0530] {taskinstance.py:3309} INFO - 0 downstream tasks scheduled from follow-on schedule check
