[2024-03-14T07:42:33.462+0530] {taskinstance.py:1979} INFO - Dependencies all met for dep_context=non-requeueable deps ti=<TaskInstance: taskflow_sql_operations_dag.join scheduled__2024-03-13T00:00:00+00:00 [queued]>
[2024-03-14T07:42:33.468+0530] {taskinstance.py:1979} INFO - Dependencies all met for dep_context=requeueable deps ti=<TaskInstance: taskflow_sql_operations_dag.join scheduled__2024-03-13T00:00:00+00:00 [queued]>
[2024-03-14T07:42:33.468+0530] {taskinstance.py:2193} INFO - Starting attempt 1 of 1
[2024-03-14T07:42:33.500+0530] {taskinstance.py:2214} INFO - Executing <Task(_PythonDecoratedOperator): join> on 2024-03-13 00:00:00+00:00
[2024-03-14T07:42:33.504+0530] {standard_task_runner.py:60} INFO - Started process 307287 to run task
[2024-03-14T07:42:33.508+0530] {standard_task_runner.py:87} INFO - Running: ['airflow', 'tasks', 'run', 'taskflow_sql_operations_dag', 'join', 'scheduled__2024-03-13T00:00:00+00:00', '--job-id', '252', '--raw', '--subdir', 'DAGS_FOLDER/taskflow_sql_operations.py', '--cfg-path', '/tmp/tmpmr6y51yo']
[2024-03-14T07:42:33.509+0530] {standard_task_runner.py:88} INFO - Job 252: Subtask join
[2024-03-14T07:42:33.570+0530] {task_command.py:423} INFO - Running <TaskInstance: taskflow_sql_operations_dag.join scheduled__2024-03-13T00:00:00+00:00 [running]> on host BreakThrough.
[2024-03-14T07:42:33.663+0530] {taskinstance.py:2510} INFO - Exporting env vars: AIRFLOW_CTX_DAG_OWNER='kai' AIRFLOW_CTX_DAG_ID='taskflow_sql_operations_dag' AIRFLOW_CTX_TASK_ID='join' AIRFLOW_CTX_EXECUTION_DATE='2024-03-13T00:00:00+00:00' AIRFLOW_CTX_TRY_NUMBER='1' AIRFLOW_CTX_DAG_RUN_ID='scheduled__2024-03-13T00:00:00+00:00'
[2024-03-14T07:42:33.665+0530] {sql.py:276} INFO - Executing: 
            SELECT * FROM Car
            
[2024-03-14T07:42:33.669+0530] {base.py:83} INFO - Using connection ID 'my_sqlite_conn' for task execution.
[2024-03-14T07:42:33.699+0530] {base.py:83} INFO - Using connection ID 'my_sqlite_conn' for task execution.
[2024-03-14T07:42:33.700+0530] {sql.py:457} INFO - Running statement: 
            SELECT * FROM Car
            , parameters: None
[2024-03-14T07:42:33.708+0530] {logging_mixin.py:188} WARNING - /home/kai/.local/lib/python3.10/site-packages/airflow/providers/common/sql/hooks/sql.py:407 AirflowProviderDeprecationWarning: Call to deprecated method _make_common_data_structure. (The `_make_serializable` method is deprecated and support will be removed in a future version of the common.sql provider. Please update the DbApiHook's provider to a version based on common.sql >= 1.9.1.)
[2024-03-14T07:42:33.709+0530] {python.py:202} INFO - Done. Returned value was: None
[2024-03-14T07:42:33.713+0530] {taskinstance.py:1149} INFO - Marking task as SUCCESS. dag_id=taskflow_sql_operations_dag, task_id=join, execution_date=20240313T000000, start_date=20240314T021233, end_date=20240314T021233
[2024-03-14T07:42:33.761+0530] {local_task_job_runner.py:234} INFO - Task exited with return code 0
[2024-03-14T07:42:33.772+0530] {taskinstance.py:3309} INFO - 0 downstream tasks scheduled from follow-on schedule check
