[2024-03-13T20:00:48.327+0530] {taskinstance.py:1979} INFO - Dependencies all met for dep_context=non-requeueable deps ti=<TaskInstance: taskflow_sql_operations_dag.create_table manual__2024-03-13T14:30:40.410737+00:00 [queued]>
[2024-03-13T20:00:48.333+0530] {taskinstance.py:1979} INFO - Dependencies all met for dep_context=requeueable deps ti=<TaskInstance: taskflow_sql_operations_dag.create_table manual__2024-03-13T14:30:40.410737+00:00 [queued]>
[2024-03-13T20:00:48.333+0530] {taskinstance.py:2193} INFO - Starting attempt 1 of 1
[2024-03-13T20:00:48.363+0530] {taskinstance.py:2214} INFO - Executing <Task(_PythonDecoratedOperator): create_table> on 2024-03-13 14:30:40.410737+00:00
[2024-03-13T20:00:48.367+0530] {standard_task_runner.py:60} INFO - Started process 292227 to run task
[2024-03-13T20:00:48.370+0530] {standard_task_runner.py:87} INFO - Running: ['airflow', 'tasks', 'run', 'taskflow_sql_operations_dag', 'create_table', 'manual__2024-03-13T14:30:40.410737+00:00', '--job-id', '238', '--raw', '--subdir', 'DAGS_FOLDER/taskflow_sql_operations.py', '--cfg-path', '/tmp/tmptk5h_3ou']
[2024-03-13T20:00:48.372+0530] {standard_task_runner.py:88} INFO - Job 238: Subtask create_table
[2024-03-13T20:00:48.427+0530] {task_command.py:423} INFO - Running <TaskInstance: taskflow_sql_operations_dag.create_table manual__2024-03-13T14:30:40.410737+00:00 [running]> on host BreakThrough.
[2024-03-13T20:00:48.517+0530] {taskinstance.py:2510} INFO - Exporting env vars: AIRFLOW_CTX_DAG_OWNER='kai' AIRFLOW_CTX_DAG_ID='taskflow_sql_operations_dag' AIRFLOW_CTX_TASK_ID='create_table' AIRFLOW_CTX_EXECUTION_DATE='2024-03-13T14:30:40.410737+00:00' AIRFLOW_CTX_TRY_NUMBER='1' AIRFLOW_CTX_DAG_RUN_ID='manual__2024-03-13T14:30:40.410737+00:00'
[2024-03-13T20:00:48.518+0530] {sql.py:276} INFO - Executing: 
            CREATE TABLE IF NOT EXISTS Car (
                id INTEGER PRIMARY KEY AUTOINCREMENT,
                name TEXT NOT NULL,
                model TEXT NOT NULL,
                volume INTEGER NOT NULL,
                weight INTEGER NOT NULL,
                co2 INTEGER NOT NULL
            )
            
[2024-03-13T20:00:48.522+0530] {base.py:83} INFO - Using connection ID 'my_sqlite_conn' for task execution.
[2024-03-13T20:00:48.541+0530] {base.py:83} INFO - Using connection ID 'my_sqlite_conn' for task execution.
[2024-03-13T20:00:48.541+0530] {sql.py:457} INFO - Running statement: 
            CREATE TABLE IF NOT EXISTS Car (
                id INTEGER PRIMARY KEY AUTOINCREMENT,
                name TEXT NOT NULL,
                model TEXT NOT NULL,
                volume INTEGER NOT NULL,
                weight INTEGER NOT NULL,
                co2 INTEGER NOT NULL
            )
            , parameters: None
[2024-03-13T20:00:48.547+0530] {logging_mixin.py:188} WARNING - /home/kai/.local/lib/python3.10/site-packages/airflow/providers/common/sql/hooks/sql.py:407 AirflowProviderDeprecationWarning: Call to deprecated method _make_common_data_structure. (The `_make_serializable` method is deprecated and support will be removed in a future version of the common.sql provider. Please update the DbApiHook's provider to a version based on common.sql >= 1.9.1.)
[2024-03-13T20:00:48.547+0530] {python.py:202} INFO - Done. Returned value was: None
[2024-03-13T20:00:48.551+0530] {taskinstance.py:1149} INFO - Marking task as SUCCESS. dag_id=taskflow_sql_operations_dag, task_id=create_table, execution_date=20240313T143040, start_date=20240313T143048, end_date=20240313T143048
[2024-03-13T20:00:48.625+0530] {local_task_job_runner.py:234} INFO - Task exited with return code 0
[2024-03-13T20:00:48.643+0530] {taskinstance.py:3309} INFO - 1 downstream tasks scheduled from follow-on schedule check
