[2024-03-09T15:44:29.617+0530] {processor.py:161} INFO - Started process (PID=4668) to work on /home/kai/.local/lib/python3.10/site-packages/airflow/example_dags/subdags/subdag.py
[2024-03-09T15:44:29.618+0530] {processor.py:830} INFO - Processing file /home/kai/.local/lib/python3.10/site-packages/airflow/example_dags/subdags/subdag.py for tasks to queue
[2024-03-09T15:44:29.618+0530] {logging_mixin.py:188} INFO - [2024-03-09T15:44:29.618+0530] {dagbag.py:540} INFO - Filling up the DagBag from /home/kai/.local/lib/python3.10/site-packages/airflow/example_dags/subdags/subdag.py
[2024-03-09T15:44:29.620+0530] {processor.py:842} WARNING - No viable dags retrieved from /home/kai/.local/lib/python3.10/site-packages/airflow/example_dags/subdags/subdag.py
[2024-03-09T15:44:29.631+0530] {processor.py:183} INFO - Processing /home/kai/.local/lib/python3.10/site-packages/airflow/example_dags/subdags/subdag.py took 0.017 seconds
[2024-03-09T15:45:29.939+0530] {processor.py:161} INFO - Started process (PID=4732) to work on /home/kai/.local/lib/python3.10/site-packages/airflow/example_dags/subdags/subdag.py
[2024-03-09T15:45:29.941+0530] {processor.py:830} INFO - Processing file /home/kai/.local/lib/python3.10/site-packages/airflow/example_dags/subdags/subdag.py for tasks to queue
[2024-03-09T15:45:29.942+0530] {logging_mixin.py:188} INFO - [2024-03-09T15:45:29.941+0530] {dagbag.py:540} INFO - Filling up the DagBag from /home/kai/.local/lib/python3.10/site-packages/airflow/example_dags/subdags/subdag.py
[2024-03-09T15:45:29.944+0530] {processor.py:842} WARNING - No viable dags retrieved from /home/kai/.local/lib/python3.10/site-packages/airflow/example_dags/subdags/subdag.py
[2024-03-09T15:45:29.953+0530] {processor.py:183} INFO - Processing /home/kai/.local/lib/python3.10/site-packages/airflow/example_dags/subdags/subdag.py took 0.017 seconds
[2024-03-09T15:46:42.806+0530] {processor.py:161} INFO - Started process (PID=4801) to work on /home/kai/.local/lib/python3.10/site-packages/airflow/example_dags/subdags/subdag.py
[2024-03-09T15:46:42.809+0530] {processor.py:830} INFO - Processing file /home/kai/.local/lib/python3.10/site-packages/airflow/example_dags/subdags/subdag.py for tasks to queue
[2024-03-09T15:46:42.810+0530] {logging_mixin.py:188} INFO - [2024-03-09T15:46:42.810+0530] {dagbag.py:540} INFO - Filling up the DagBag from /home/kai/.local/lib/python3.10/site-packages/airflow/example_dags/subdags/subdag.py
[2024-03-09T15:46:42.815+0530] {processor.py:842} WARNING - No viable dags retrieved from /home/kai/.local/lib/python3.10/site-packages/airflow/example_dags/subdags/subdag.py
[2024-03-09T15:46:42.827+0530] {processor.py:183} INFO - Processing /home/kai/.local/lib/python3.10/site-packages/airflow/example_dags/subdags/subdag.py took 0.024 seconds
[2024-03-09T15:47:39.038+0530] {processor.py:161} INFO - Started process (PID=4858) to work on /home/kai/.local/lib/python3.10/site-packages/airflow/example_dags/subdags/subdag.py
[2024-03-09T15:47:39.041+0530] {processor.py:830} INFO - Processing file /home/kai/.local/lib/python3.10/site-packages/airflow/example_dags/subdags/subdag.py for tasks to queue
[2024-03-09T15:47:39.043+0530] {logging_mixin.py:188} INFO - [2024-03-09T15:47:39.042+0530] {dagbag.py:540} INFO - Filling up the DagBag from /home/kai/.local/lib/python3.10/site-packages/airflow/example_dags/subdags/subdag.py
[2024-03-09T15:47:39.045+0530] {processor.py:842} WARNING - No viable dags retrieved from /home/kai/.local/lib/python3.10/site-packages/airflow/example_dags/subdags/subdag.py
[2024-03-09T15:47:39.055+0530] {processor.py:183} INFO - Processing /home/kai/.local/lib/python3.10/site-packages/airflow/example_dags/subdags/subdag.py took 0.021 seconds
[2024-03-09T15:49:04.111+0530] {processor.py:161} INFO - Started process (PID=4965) to work on /home/kai/.local/lib/python3.10/site-packages/airflow/example_dags/subdags/subdag.py
[2024-03-09T15:49:04.114+0530] {processor.py:830} INFO - Processing file /home/kai/.local/lib/python3.10/site-packages/airflow/example_dags/subdags/subdag.py for tasks to queue
[2024-03-09T15:49:04.115+0530] {logging_mixin.py:188} INFO - [2024-03-09T15:49:04.115+0530] {dagbag.py:540} INFO - Filling up the DagBag from /home/kai/.local/lib/python3.10/site-packages/airflow/example_dags/subdags/subdag.py
[2024-03-09T15:49:04.118+0530] {processor.py:842} WARNING - No viable dags retrieved from /home/kai/.local/lib/python3.10/site-packages/airflow/example_dags/subdags/subdag.py
[2024-03-09T15:49:04.129+0530] {processor.py:183} INFO - Processing /home/kai/.local/lib/python3.10/site-packages/airflow/example_dags/subdags/subdag.py took 0.021 seconds
[2024-03-09T15:49:56.852+0530] {processor.py:161} INFO - Started process (PID=5025) to work on /home/kai/.local/lib/python3.10/site-packages/airflow/example_dags/subdags/subdag.py
[2024-03-09T15:49:56.855+0530] {processor.py:830} INFO - Processing file /home/kai/.local/lib/python3.10/site-packages/airflow/example_dags/subdags/subdag.py for tasks to queue
[2024-03-09T15:49:56.856+0530] {logging_mixin.py:188} INFO - [2024-03-09T15:49:56.856+0530] {dagbag.py:540} INFO - Filling up the DagBag from /home/kai/.local/lib/python3.10/site-packages/airflow/example_dags/subdags/subdag.py
[2024-03-09T15:49:56.858+0530] {processor.py:842} WARNING - No viable dags retrieved from /home/kai/.local/lib/python3.10/site-packages/airflow/example_dags/subdags/subdag.py
[2024-03-09T15:49:56.868+0530] {processor.py:183} INFO - Processing /home/kai/.local/lib/python3.10/site-packages/airflow/example_dags/subdags/subdag.py took 0.019 seconds
[2024-03-09T15:51:11.358+0530] {processor.py:161} INFO - Started process (PID=5103) to work on /home/kai/.local/lib/python3.10/site-packages/airflow/example_dags/subdags/subdag.py
[2024-03-09T15:51:11.361+0530] {processor.py:830} INFO - Processing file /home/kai/.local/lib/python3.10/site-packages/airflow/example_dags/subdags/subdag.py for tasks to queue
[2024-03-09T15:51:11.362+0530] {logging_mixin.py:188} INFO - [2024-03-09T15:51:11.362+0530] {dagbag.py:540} INFO - Filling up the DagBag from /home/kai/.local/lib/python3.10/site-packages/airflow/example_dags/subdags/subdag.py
[2024-03-09T15:51:11.364+0530] {processor.py:842} WARNING - No viable dags retrieved from /home/kai/.local/lib/python3.10/site-packages/airflow/example_dags/subdags/subdag.py
[2024-03-09T15:51:11.374+0530] {processor.py:183} INFO - Processing /home/kai/.local/lib/python3.10/site-packages/airflow/example_dags/subdags/subdag.py took 0.020 seconds
[2024-03-09T15:52:04.374+0530] {processor.py:161} INFO - Started process (PID=5163) to work on /home/kai/.local/lib/python3.10/site-packages/airflow/example_dags/subdags/subdag.py
[2024-03-09T15:52:04.378+0530] {processor.py:830} INFO - Processing file /home/kai/.local/lib/python3.10/site-packages/airflow/example_dags/subdags/subdag.py for tasks to queue
[2024-03-09T15:52:04.379+0530] {logging_mixin.py:188} INFO - [2024-03-09T15:52:04.379+0530] {dagbag.py:540} INFO - Filling up the DagBag from /home/kai/.local/lib/python3.10/site-packages/airflow/example_dags/subdags/subdag.py
[2024-03-09T15:52:04.382+0530] {processor.py:842} WARNING - No viable dags retrieved from /home/kai/.local/lib/python3.10/site-packages/airflow/example_dags/subdags/subdag.py
[2024-03-09T15:52:04.393+0530] {processor.py:183} INFO - Processing /home/kai/.local/lib/python3.10/site-packages/airflow/example_dags/subdags/subdag.py took 0.023 seconds
[2024-03-09T15:52:56.241+0530] {processor.py:161} INFO - Started process (PID=5215) to work on /home/kai/.local/lib/python3.10/site-packages/airflow/example_dags/subdags/subdag.py
[2024-03-09T15:52:56.244+0530] {processor.py:830} INFO - Processing file /home/kai/.local/lib/python3.10/site-packages/airflow/example_dags/subdags/subdag.py for tasks to queue
[2024-03-09T15:52:56.245+0530] {logging_mixin.py:188} INFO - [2024-03-09T15:52:56.245+0530] {dagbag.py:540} INFO - Filling up the DagBag from /home/kai/.local/lib/python3.10/site-packages/airflow/example_dags/subdags/subdag.py
[2024-03-09T15:52:56.248+0530] {processor.py:842} WARNING - No viable dags retrieved from /home/kai/.local/lib/python3.10/site-packages/airflow/example_dags/subdags/subdag.py
[2024-03-09T15:52:56.258+0530] {processor.py:183} INFO - Processing /home/kai/.local/lib/python3.10/site-packages/airflow/example_dags/subdags/subdag.py took 0.021 seconds
[2024-03-09T15:53:48.489+0530] {processor.py:161} INFO - Started process (PID=5271) to work on /home/kai/.local/lib/python3.10/site-packages/airflow/example_dags/subdags/subdag.py
[2024-03-09T15:53:48.493+0530] {processor.py:830} INFO - Processing file /home/kai/.local/lib/python3.10/site-packages/airflow/example_dags/subdags/subdag.py for tasks to queue
[2024-03-09T15:53:48.494+0530] {logging_mixin.py:188} INFO - [2024-03-09T15:53:48.493+0530] {dagbag.py:540} INFO - Filling up the DagBag from /home/kai/.local/lib/python3.10/site-packages/airflow/example_dags/subdags/subdag.py
[2024-03-09T15:53:48.497+0530] {processor.py:842} WARNING - No viable dags retrieved from /home/kai/.local/lib/python3.10/site-packages/airflow/example_dags/subdags/subdag.py
[2024-03-09T15:53:48.510+0530] {processor.py:183} INFO - Processing /home/kai/.local/lib/python3.10/site-packages/airflow/example_dags/subdags/subdag.py took 0.025 seconds
