[2024-03-14T07:42:37.777+0530] {processor.py:161} INFO - Started process (PID=307301) to work on /home/kai/airflow/dags/execute_python_operators.py
[2024-03-14T07:42:37.778+0530] {processor.py:830} INFO - Processing file /home/kai/airflow/dags/execute_python_operators.py for tasks to queue
[2024-03-14T07:42:37.779+0530] {logging_mixin.py:188} INFO - [2024-03-14T07:42:37.778+0530] {dagbag.py:540} INFO - Filling up the DagBag from /home/kai/airflow/dags/execute_python_operators.py
[2024-03-14T07:42:37.787+0530] {processor.py:840} INFO - DAG(s) 'python_operator_dag' retrieved from /home/kai/airflow/dags/execute_python_operators.py
[2024-03-14T07:42:37.868+0530] {logging_mixin.py:188} INFO - [2024-03-14T07:42:37.868+0530] {dag.py:3047} INFO - Sync 1 DAGs
[2024-03-14T07:42:37.882+0530] {logging_mixin.py:188} INFO - [2024-03-14T07:42:37.882+0530] {dag.py:3834} INFO - Setting next_dagrun for python_operator_dag to 2024-03-13 00:00:00+00:00, run_after=2024-03-14 00:00:00+00:00
[2024-03-14T07:42:37.917+0530] {processor.py:183} INFO - Processing /home/kai/airflow/dags/execute_python_operators.py took 0.143 seconds
[2024-03-14T07:43:08.276+0530] {processor.py:161} INFO - Started process (PID=307354) to work on /home/kai/airflow/dags/execute_python_operators.py
[2024-03-14T07:43:08.277+0530] {processor.py:830} INFO - Processing file /home/kai/airflow/dags/execute_python_operators.py for tasks to queue
[2024-03-14T07:43:08.277+0530] {logging_mixin.py:188} INFO - [2024-03-14T07:43:08.277+0530] {dagbag.py:540} INFO - Filling up the DagBag from /home/kai/airflow/dags/execute_python_operators.py
[2024-03-14T07:43:08.286+0530] {processor.py:840} INFO - DAG(s) 'python_operator_dag' retrieved from /home/kai/airflow/dags/execute_python_operators.py
[2024-03-14T07:43:08.306+0530] {logging_mixin.py:188} INFO - [2024-03-14T07:43:08.306+0530] {dag.py:3047} INFO - Sync 1 DAGs
[2024-03-14T07:43:08.322+0530] {logging_mixin.py:188} INFO - [2024-03-14T07:43:08.322+0530] {dag.py:3834} INFO - Setting next_dagrun for python_operator_dag to 2024-03-13 00:00:00+00:00, run_after=2024-03-14 00:00:00+00:00
[2024-03-14T07:43:08.354+0530] {processor.py:183} INFO - Processing /home/kai/airflow/dags/execute_python_operators.py took 0.082 seconds
[2024-03-14T07:43:40.860+0530] {processor.py:161} INFO - Started process (PID=307411) to work on /home/kai/airflow/dags/execute_python_operators.py
[2024-03-14T07:43:40.863+0530] {processor.py:830} INFO - Processing file /home/kai/airflow/dags/execute_python_operators.py for tasks to queue
[2024-03-14T07:43:40.864+0530] {logging_mixin.py:188} INFO - [2024-03-14T07:43:40.863+0530] {dagbag.py:540} INFO - Filling up the DagBag from /home/kai/airflow/dags/execute_python_operators.py
[2024-03-14T07:43:40.872+0530] {processor.py:840} INFO - DAG(s) 'python_operator_dag' retrieved from /home/kai/airflow/dags/execute_python_operators.py
[2024-03-14T07:43:40.892+0530] {logging_mixin.py:188} INFO - [2024-03-14T07:43:40.891+0530] {dag.py:3047} INFO - Sync 1 DAGs
[2024-03-14T07:43:40.908+0530] {logging_mixin.py:188} INFO - [2024-03-14T07:43:40.908+0530] {dag.py:3834} INFO - Setting next_dagrun for python_operator_dag to 2024-03-13 00:00:00+00:00, run_after=2024-03-14 00:00:00+00:00
[2024-03-14T07:43:40.940+0530] {processor.py:183} INFO - Processing /home/kai/airflow/dags/execute_python_operators.py took 0.083 seconds
[2024-03-14T07:44:12.370+0530] {processor.py:161} INFO - Started process (PID=307462) to work on /home/kai/airflow/dags/execute_python_operators.py
[2024-03-14T07:44:12.374+0530] {processor.py:830} INFO - Processing file /home/kai/airflow/dags/execute_python_operators.py for tasks to queue
[2024-03-14T07:44:12.375+0530] {logging_mixin.py:188} INFO - [2024-03-14T07:44:12.375+0530] {dagbag.py:540} INFO - Filling up the DagBag from /home/kai/airflow/dags/execute_python_operators.py
[2024-03-14T07:44:12.383+0530] {processor.py:840} INFO - DAG(s) 'python_operator_dag' retrieved from /home/kai/airflow/dags/execute_python_operators.py
[2024-03-14T07:44:12.403+0530] {logging_mixin.py:188} INFO - [2024-03-14T07:44:12.403+0530] {dag.py:3047} INFO - Sync 1 DAGs
[2024-03-14T07:44:12.420+0530] {logging_mixin.py:188} INFO - [2024-03-14T07:44:12.420+0530] {dag.py:3834} INFO - Setting next_dagrun for python_operator_dag to 2024-03-13 00:00:00+00:00, run_after=2024-03-14 00:00:00+00:00
[2024-03-14T07:44:12.453+0530] {processor.py:183} INFO - Processing /home/kai/airflow/dags/execute_python_operators.py took 0.086 seconds
[2024-03-14T07:44:43.116+0530] {processor.py:161} INFO - Started process (PID=307516) to work on /home/kai/airflow/dags/execute_python_operators.py
[2024-03-14T07:44:43.119+0530] {processor.py:830} INFO - Processing file /home/kai/airflow/dags/execute_python_operators.py for tasks to queue
[2024-03-14T07:44:43.120+0530] {logging_mixin.py:188} INFO - [2024-03-14T07:44:43.120+0530] {dagbag.py:540} INFO - Filling up the DagBag from /home/kai/airflow/dags/execute_python_operators.py
[2024-03-14T07:44:43.129+0530] {processor.py:840} INFO - DAG(s) 'python_operator_dag' retrieved from /home/kai/airflow/dags/execute_python_operators.py
[2024-03-14T07:44:43.149+0530] {logging_mixin.py:188} INFO - [2024-03-14T07:44:43.148+0530] {dag.py:3047} INFO - Sync 1 DAGs
[2024-03-14T07:44:43.165+0530] {logging_mixin.py:188} INFO - [2024-03-14T07:44:43.165+0530] {dag.py:3834} INFO - Setting next_dagrun for python_operator_dag to 2024-03-13 00:00:00+00:00, run_after=2024-03-14 00:00:00+00:00
[2024-03-14T07:44:43.198+0530] {processor.py:183} INFO - Processing /home/kai/airflow/dags/execute_python_operators.py took 0.084 seconds
[2024-03-14T07:45:13.825+0530] {processor.py:161} INFO - Started process (PID=307570) to work on /home/kai/airflow/dags/execute_python_operators.py
[2024-03-14T07:45:13.828+0530] {processor.py:830} INFO - Processing file /home/kai/airflow/dags/execute_python_operators.py for tasks to queue
[2024-03-14T07:45:13.829+0530] {logging_mixin.py:188} INFO - [2024-03-14T07:45:13.829+0530] {dagbag.py:540} INFO - Filling up the DagBag from /home/kai/airflow/dags/execute_python_operators.py
[2024-03-14T07:45:13.837+0530] {processor.py:840} INFO - DAG(s) 'python_operator_dag' retrieved from /home/kai/airflow/dags/execute_python_operators.py
[2024-03-14T07:45:13.857+0530] {logging_mixin.py:188} INFO - [2024-03-14T07:45:13.857+0530] {dag.py:3047} INFO - Sync 1 DAGs
[2024-03-14T07:45:13.874+0530] {logging_mixin.py:188} INFO - [2024-03-14T07:45:13.873+0530] {dag.py:3834} INFO - Setting next_dagrun for python_operator_dag to 2024-03-13 00:00:00+00:00, run_after=2024-03-14 00:00:00+00:00
[2024-03-14T07:45:13.909+0530] {processor.py:183} INFO - Processing /home/kai/airflow/dags/execute_python_operators.py took 0.087 seconds
[2024-03-14T07:45:44.309+0530] {processor.py:161} INFO - Started process (PID=307622) to work on /home/kai/airflow/dags/execute_python_operators.py
[2024-03-14T07:45:44.313+0530] {processor.py:830} INFO - Processing file /home/kai/airflow/dags/execute_python_operators.py for tasks to queue
[2024-03-14T07:45:44.314+0530] {logging_mixin.py:188} INFO - [2024-03-14T07:45:44.314+0530] {dagbag.py:540} INFO - Filling up the DagBag from /home/kai/airflow/dags/execute_python_operators.py
[2024-03-14T07:45:44.324+0530] {processor.py:840} INFO - DAG(s) 'python_operator_dag' retrieved from /home/kai/airflow/dags/execute_python_operators.py
[2024-03-14T07:45:44.343+0530] {logging_mixin.py:188} INFO - [2024-03-14T07:45:44.343+0530] {dag.py:3047} INFO - Sync 1 DAGs
[2024-03-14T07:45:44.360+0530] {logging_mixin.py:188} INFO - [2024-03-14T07:45:44.360+0530] {dag.py:3834} INFO - Setting next_dagrun for python_operator_dag to 2024-03-13 00:00:00+00:00, run_after=2024-03-14 00:00:00+00:00
[2024-03-14T07:45:44.392+0530] {processor.py:183} INFO - Processing /home/kai/airflow/dags/execute_python_operators.py took 0.086 seconds
[2024-03-14T07:46:14.478+0530] {processor.py:161} INFO - Started process (PID=307675) to work on /home/kai/airflow/dags/execute_python_operators.py
[2024-03-14T07:46:14.482+0530] {processor.py:830} INFO - Processing file /home/kai/airflow/dags/execute_python_operators.py for tasks to queue
[2024-03-14T07:46:14.483+0530] {logging_mixin.py:188} INFO - [2024-03-14T07:46:14.483+0530] {dagbag.py:540} INFO - Filling up the DagBag from /home/kai/airflow/dags/execute_python_operators.py
[2024-03-14T07:46:14.491+0530] {processor.py:840} INFO - DAG(s) 'python_operator_dag' retrieved from /home/kai/airflow/dags/execute_python_operators.py
[2024-03-14T07:46:14.512+0530] {logging_mixin.py:188} INFO - [2024-03-14T07:46:14.511+0530] {dag.py:3047} INFO - Sync 1 DAGs
[2024-03-14T07:46:14.528+0530] {logging_mixin.py:188} INFO - [2024-03-14T07:46:14.528+0530] {dag.py:3834} INFO - Setting next_dagrun for python_operator_dag to 2024-03-13 00:00:00+00:00, run_after=2024-03-14 00:00:00+00:00
[2024-03-14T07:46:14.561+0530] {processor.py:183} INFO - Processing /home/kai/airflow/dags/execute_python_operators.py took 0.086 seconds
[2024-03-14T07:46:45.890+0530] {processor.py:161} INFO - Started process (PID=307727) to work on /home/kai/airflow/dags/execute_python_operators.py
[2024-03-14T07:46:45.891+0530] {processor.py:830} INFO - Processing file /home/kai/airflow/dags/execute_python_operators.py for tasks to queue
[2024-03-14T07:46:45.892+0530] {logging_mixin.py:188} INFO - [2024-03-14T07:46:45.892+0530] {dagbag.py:540} INFO - Filling up the DagBag from /home/kai/airflow/dags/execute_python_operators.py
[2024-03-14T07:46:45.901+0530] {processor.py:840} INFO - DAG(s) 'python_operator_dag' retrieved from /home/kai/airflow/dags/execute_python_operators.py
[2024-03-14T07:46:45.925+0530] {logging_mixin.py:188} INFO - [2024-03-14T07:46:45.925+0530] {dag.py:3047} INFO - Sync 1 DAGs
[2024-03-14T07:46:45.944+0530] {logging_mixin.py:188} INFO - [2024-03-14T07:46:45.943+0530] {dag.py:3834} INFO - Setting next_dagrun for python_operator_dag to 2024-03-13 00:00:00+00:00, run_after=2024-03-14 00:00:00+00:00
[2024-03-14T07:46:45.984+0530] {processor.py:183} INFO - Processing /home/kai/airflow/dags/execute_python_operators.py took 0.098 seconds
[2024-03-14T07:47:17.118+0530] {processor.py:161} INFO - Started process (PID=307781) to work on /home/kai/airflow/dags/execute_python_operators.py
[2024-03-14T07:47:17.119+0530] {processor.py:830} INFO - Processing file /home/kai/airflow/dags/execute_python_operators.py for tasks to queue
[2024-03-14T07:47:17.119+0530] {logging_mixin.py:188} INFO - [2024-03-14T07:47:17.119+0530] {dagbag.py:540} INFO - Filling up the DagBag from /home/kai/airflow/dags/execute_python_operators.py
[2024-03-14T07:47:17.128+0530] {processor.py:840} INFO - DAG(s) 'python_operator_dag' retrieved from /home/kai/airflow/dags/execute_python_operators.py
[2024-03-14T07:47:17.148+0530] {logging_mixin.py:188} INFO - [2024-03-14T07:47:17.147+0530] {dag.py:3047} INFO - Sync 1 DAGs
[2024-03-14T07:47:17.164+0530] {logging_mixin.py:188} INFO - [2024-03-14T07:47:17.164+0530] {dag.py:3834} INFO - Setting next_dagrun for python_operator_dag to 2024-03-13 00:00:00+00:00, run_after=2024-03-14 00:00:00+00:00
[2024-03-14T07:47:17.197+0530] {processor.py:183} INFO - Processing /home/kai/airflow/dags/execute_python_operators.py took 0.082 seconds
[2024-03-14T07:47:47.410+0530] {processor.py:161} INFO - Started process (PID=307832) to work on /home/kai/airflow/dags/execute_python_operators.py
[2024-03-14T07:47:47.411+0530] {processor.py:830} INFO - Processing file /home/kai/airflow/dags/execute_python_operators.py for tasks to queue
[2024-03-14T07:47:47.412+0530] {logging_mixin.py:188} INFO - [2024-03-14T07:47:47.412+0530] {dagbag.py:540} INFO - Filling up the DagBag from /home/kai/airflow/dags/execute_python_operators.py
[2024-03-14T07:47:47.420+0530] {processor.py:840} INFO - DAG(s) 'python_operator_dag' retrieved from /home/kai/airflow/dags/execute_python_operators.py
[2024-03-14T07:47:47.440+0530] {logging_mixin.py:188} INFO - [2024-03-14T07:47:47.440+0530] {dag.py:3047} INFO - Sync 1 DAGs
[2024-03-14T07:47:47.457+0530] {logging_mixin.py:188} INFO - [2024-03-14T07:47:47.456+0530] {dag.py:3834} INFO - Setting next_dagrun for python_operator_dag to 2024-03-13 00:00:00+00:00, run_after=2024-03-14 00:00:00+00:00
[2024-03-14T07:47:47.490+0530] {processor.py:183} INFO - Processing /home/kai/airflow/dags/execute_python_operators.py took 0.083 seconds
[2024-03-14T07:48:17.569+0530] {processor.py:161} INFO - Started process (PID=307885) to work on /home/kai/airflow/dags/execute_python_operators.py
[2024-03-14T07:48:17.572+0530] {processor.py:830} INFO - Processing file /home/kai/airflow/dags/execute_python_operators.py for tasks to queue
[2024-03-14T07:48:17.573+0530] {logging_mixin.py:188} INFO - [2024-03-14T07:48:17.572+0530] {dagbag.py:540} INFO - Filling up the DagBag from /home/kai/airflow/dags/execute_python_operators.py
[2024-03-14T07:48:17.581+0530] {processor.py:840} INFO - DAG(s) 'python_operator_dag' retrieved from /home/kai/airflow/dags/execute_python_operators.py
[2024-03-14T07:48:17.601+0530] {logging_mixin.py:188} INFO - [2024-03-14T07:48:17.601+0530] {dag.py:3047} INFO - Sync 1 DAGs
[2024-03-14T07:48:17.617+0530] {logging_mixin.py:188} INFO - [2024-03-14T07:48:17.617+0530] {dag.py:3834} INFO - Setting next_dagrun for python_operator_dag to 2024-03-13 00:00:00+00:00, run_after=2024-03-14 00:00:00+00:00
[2024-03-14T07:48:17.650+0530] {processor.py:183} INFO - Processing /home/kai/airflow/dags/execute_python_operators.py took 0.084 seconds
[2024-03-14T07:48:48.302+0530] {processor.py:161} INFO - Started process (PID=307938) to work on /home/kai/airflow/dags/execute_python_operators.py
[2024-03-14T07:48:48.305+0530] {processor.py:830} INFO - Processing file /home/kai/airflow/dags/execute_python_operators.py for tasks to queue
[2024-03-14T07:48:48.306+0530] {logging_mixin.py:188} INFO - [2024-03-14T07:48:48.306+0530] {dagbag.py:540} INFO - Filling up the DagBag from /home/kai/airflow/dags/execute_python_operators.py
[2024-03-14T07:48:48.315+0530] {processor.py:840} INFO - DAG(s) 'python_operator_dag' retrieved from /home/kai/airflow/dags/execute_python_operators.py
[2024-03-14T07:48:48.335+0530] {logging_mixin.py:188} INFO - [2024-03-14T07:48:48.335+0530] {dag.py:3047} INFO - Sync 1 DAGs
[2024-03-14T07:48:48.351+0530] {logging_mixin.py:188} INFO - [2024-03-14T07:48:48.351+0530] {dag.py:3834} INFO - Setting next_dagrun for python_operator_dag to 2024-03-13 00:00:00+00:00, run_after=2024-03-14 00:00:00+00:00
[2024-03-14T07:48:48.384+0530] {processor.py:183} INFO - Processing /home/kai/airflow/dags/execute_python_operators.py took 0.085 seconds
[2024-03-14T07:49:19.152+0530] {processor.py:161} INFO - Started process (PID=307990) to work on /home/kai/airflow/dags/execute_python_operators.py
[2024-03-14T07:49:19.155+0530] {processor.py:830} INFO - Processing file /home/kai/airflow/dags/execute_python_operators.py for tasks to queue
[2024-03-14T07:49:19.156+0530] {logging_mixin.py:188} INFO - [2024-03-14T07:49:19.156+0530] {dagbag.py:540} INFO - Filling up the DagBag from /home/kai/airflow/dags/execute_python_operators.py
[2024-03-14T07:49:19.164+0530] {processor.py:840} INFO - DAG(s) 'python_operator_dag' retrieved from /home/kai/airflow/dags/execute_python_operators.py
[2024-03-14T07:49:19.184+0530] {logging_mixin.py:188} INFO - [2024-03-14T07:49:19.184+0530] {dag.py:3047} INFO - Sync 1 DAGs
[2024-03-14T07:49:19.201+0530] {logging_mixin.py:188} INFO - [2024-03-14T07:49:19.201+0530] {dag.py:3834} INFO - Setting next_dagrun for python_operator_dag to 2024-03-13 00:00:00+00:00, run_after=2024-03-14 00:00:00+00:00
[2024-03-14T07:49:19.233+0530] {processor.py:183} INFO - Processing /home/kai/airflow/dags/execute_python_operators.py took 0.084 seconds
[2024-03-14T07:49:50.054+0530] {processor.py:161} INFO - Started process (PID=308041) to work on /home/kai/airflow/dags/execute_python_operators.py
[2024-03-14T07:49:50.057+0530] {processor.py:830} INFO - Processing file /home/kai/airflow/dags/execute_python_operators.py for tasks to queue
[2024-03-14T07:49:50.058+0530] {logging_mixin.py:188} INFO - [2024-03-14T07:49:50.058+0530] {dagbag.py:540} INFO - Filling up the DagBag from /home/kai/airflow/dags/execute_python_operators.py
[2024-03-14T07:49:50.066+0530] {processor.py:840} INFO - DAG(s) 'python_operator_dag' retrieved from /home/kai/airflow/dags/execute_python_operators.py
[2024-03-14T07:49:50.087+0530] {logging_mixin.py:188} INFO - [2024-03-14T07:49:50.087+0530] {dag.py:3047} INFO - Sync 1 DAGs
[2024-03-14T07:49:50.104+0530] {logging_mixin.py:188} INFO - [2024-03-14T07:49:50.104+0530] {dag.py:3834} INFO - Setting next_dagrun for python_operator_dag to 2024-03-13 00:00:00+00:00, run_after=2024-03-14 00:00:00+00:00
[2024-03-14T07:49:50.136+0530] {processor.py:183} INFO - Processing /home/kai/airflow/dags/execute_python_operators.py took 0.085 seconds
[2024-03-14T07:50:20.918+0530] {processor.py:161} INFO - Started process (PID=308096) to work on /home/kai/airflow/dags/execute_python_operators.py
[2024-03-14T07:50:20.922+0530] {processor.py:830} INFO - Processing file /home/kai/airflow/dags/execute_python_operators.py for tasks to queue
[2024-03-14T07:50:20.923+0530] {logging_mixin.py:188} INFO - [2024-03-14T07:50:20.923+0530] {dagbag.py:540} INFO - Filling up the DagBag from /home/kai/airflow/dags/execute_python_operators.py
[2024-03-14T07:50:20.932+0530] {processor.py:840} INFO - DAG(s) 'python_operator_dag' retrieved from /home/kai/airflow/dags/execute_python_operators.py
[2024-03-14T07:50:20.952+0530] {logging_mixin.py:188} INFO - [2024-03-14T07:50:20.952+0530] {dag.py:3047} INFO - Sync 1 DAGs
[2024-03-14T07:50:20.968+0530] {logging_mixin.py:188} INFO - [2024-03-14T07:50:20.968+0530] {dag.py:3834} INFO - Setting next_dagrun for python_operator_dag to 2024-03-13 00:00:00+00:00, run_after=2024-03-14 00:00:00+00:00
[2024-03-14T07:50:21.001+0530] {processor.py:183} INFO - Processing /home/kai/airflow/dags/execute_python_operators.py took 0.086 seconds
[2024-03-14T07:50:51.685+0530] {processor.py:161} INFO - Started process (PID=308147) to work on /home/kai/airflow/dags/execute_python_operators.py
[2024-03-14T07:50:51.689+0530] {processor.py:830} INFO - Processing file /home/kai/airflow/dags/execute_python_operators.py for tasks to queue
[2024-03-14T07:50:51.690+0530] {logging_mixin.py:188} INFO - [2024-03-14T07:50:51.690+0530] {dagbag.py:540} INFO - Filling up the DagBag from /home/kai/airflow/dags/execute_python_operators.py
[2024-03-14T07:50:51.699+0530] {processor.py:840} INFO - DAG(s) 'python_operator_dag' retrieved from /home/kai/airflow/dags/execute_python_operators.py
[2024-03-14T07:50:51.719+0530] {logging_mixin.py:188} INFO - [2024-03-14T07:50:51.719+0530] {dag.py:3047} INFO - Sync 1 DAGs
[2024-03-14T07:50:51.735+0530] {logging_mixin.py:188} INFO - [2024-03-14T07:50:51.735+0530] {dag.py:3834} INFO - Setting next_dagrun for python_operator_dag to 2024-03-13 00:00:00+00:00, run_after=2024-03-14 00:00:00+00:00
[2024-03-14T07:50:51.769+0530] {processor.py:183} INFO - Processing /home/kai/airflow/dags/execute_python_operators.py took 0.087 seconds
[2024-03-14T07:51:22.562+0530] {processor.py:161} INFO - Started process (PID=308199) to work on /home/kai/airflow/dags/execute_python_operators.py
[2024-03-14T07:51:22.566+0530] {processor.py:830} INFO - Processing file /home/kai/airflow/dags/execute_python_operators.py for tasks to queue
[2024-03-14T07:51:22.567+0530] {logging_mixin.py:188} INFO - [2024-03-14T07:51:22.567+0530] {dagbag.py:540} INFO - Filling up the DagBag from /home/kai/airflow/dags/execute_python_operators.py
[2024-03-14T07:51:22.575+0530] {processor.py:840} INFO - DAG(s) 'python_operator_dag' retrieved from /home/kai/airflow/dags/execute_python_operators.py
[2024-03-14T07:51:22.595+0530] {logging_mixin.py:188} INFO - [2024-03-14T07:51:22.595+0530] {dag.py:3047} INFO - Sync 1 DAGs
[2024-03-14T07:51:22.612+0530] {logging_mixin.py:188} INFO - [2024-03-14T07:51:22.612+0530] {dag.py:3834} INFO - Setting next_dagrun for python_operator_dag to 2024-03-13 00:00:00+00:00, run_after=2024-03-14 00:00:00+00:00
[2024-03-14T07:51:22.644+0530] {processor.py:183} INFO - Processing /home/kai/airflow/dags/execute_python_operators.py took 0.085 seconds
[2024-03-14T07:51:53.413+0530] {processor.py:161} INFO - Started process (PID=308252) to work on /home/kai/airflow/dags/execute_python_operators.py
[2024-03-14T07:51:53.418+0530] {processor.py:830} INFO - Processing file /home/kai/airflow/dags/execute_python_operators.py for tasks to queue
[2024-03-14T07:51:53.419+0530] {logging_mixin.py:188} INFO - [2024-03-14T07:51:53.418+0530] {dagbag.py:540} INFO - Filling up the DagBag from /home/kai/airflow/dags/execute_python_operators.py
[2024-03-14T07:51:53.428+0530] {processor.py:840} INFO - DAG(s) 'python_operator_dag' retrieved from /home/kai/airflow/dags/execute_python_operators.py
[2024-03-14T07:51:53.448+0530] {logging_mixin.py:188} INFO - [2024-03-14T07:51:53.447+0530] {dag.py:3047} INFO - Sync 1 DAGs
[2024-03-14T07:51:53.464+0530] {logging_mixin.py:188} INFO - [2024-03-14T07:51:53.463+0530] {dag.py:3834} INFO - Setting next_dagrun for python_operator_dag to 2024-03-13 00:00:00+00:00, run_after=2024-03-14 00:00:00+00:00
[2024-03-14T07:51:53.495+0530] {processor.py:183} INFO - Processing /home/kai/airflow/dags/execute_python_operators.py took 0.084 seconds
[2024-03-14T07:52:24.391+0530] {processor.py:161} INFO - Started process (PID=308306) to work on /home/kai/airflow/dags/execute_python_operators.py
[2024-03-14T07:52:24.393+0530] {processor.py:830} INFO - Processing file /home/kai/airflow/dags/execute_python_operators.py for tasks to queue
[2024-03-14T07:52:24.395+0530] {logging_mixin.py:188} INFO - [2024-03-14T07:52:24.394+0530] {dagbag.py:540} INFO - Filling up the DagBag from /home/kai/airflow/dags/execute_python_operators.py
[2024-03-14T07:52:24.405+0530] {processor.py:840} INFO - DAG(s) 'python_operator_dag' retrieved from /home/kai/airflow/dags/execute_python_operators.py
[2024-03-14T07:52:24.425+0530] {logging_mixin.py:188} INFO - [2024-03-14T07:52:24.425+0530] {dag.py:3047} INFO - Sync 1 DAGs
[2024-03-14T07:52:24.442+0530] {logging_mixin.py:188} INFO - [2024-03-14T07:52:24.442+0530] {dag.py:3834} INFO - Setting next_dagrun for python_operator_dag to 2024-03-13 00:00:00+00:00, run_after=2024-03-14 00:00:00+00:00
[2024-03-14T07:52:24.480+0530] {processor.py:183} INFO - Processing /home/kai/airflow/dags/execute_python_operators.py took 0.094 seconds
[2024-03-14T07:52:55.243+0530] {processor.py:161} INFO - Started process (PID=308360) to work on /home/kai/airflow/dags/execute_python_operators.py
[2024-03-14T07:52:55.246+0530] {processor.py:830} INFO - Processing file /home/kai/airflow/dags/execute_python_operators.py for tasks to queue
[2024-03-14T07:52:55.247+0530] {logging_mixin.py:188} INFO - [2024-03-14T07:52:55.247+0530] {dagbag.py:540} INFO - Filling up the DagBag from /home/kai/airflow/dags/execute_python_operators.py
[2024-03-14T07:52:55.256+0530] {processor.py:840} INFO - DAG(s) 'python_operator_dag' retrieved from /home/kai/airflow/dags/execute_python_operators.py
[2024-03-14T07:52:55.276+0530] {logging_mixin.py:188} INFO - [2024-03-14T07:52:55.276+0530] {dag.py:3047} INFO - Sync 1 DAGs
[2024-03-14T07:52:55.293+0530] {logging_mixin.py:188} INFO - [2024-03-14T07:52:55.293+0530] {dag.py:3834} INFO - Setting next_dagrun for python_operator_dag to 2024-03-13 00:00:00+00:00, run_after=2024-03-14 00:00:00+00:00
[2024-03-14T07:52:55.325+0530] {processor.py:183} INFO - Processing /home/kai/airflow/dags/execute_python_operators.py took 0.084 seconds
[2024-03-14T07:53:26.119+0530] {processor.py:161} INFO - Started process (PID=308411) to work on /home/kai/airflow/dags/execute_python_operators.py
[2024-03-14T07:53:26.123+0530] {processor.py:830} INFO - Processing file /home/kai/airflow/dags/execute_python_operators.py for tasks to queue
[2024-03-14T07:53:26.124+0530] {logging_mixin.py:188} INFO - [2024-03-14T07:53:26.123+0530] {dagbag.py:540} INFO - Filling up the DagBag from /home/kai/airflow/dags/execute_python_operators.py
[2024-03-14T07:53:26.132+0530] {processor.py:840} INFO - DAG(s) 'python_operator_dag' retrieved from /home/kai/airflow/dags/execute_python_operators.py
[2024-03-14T07:53:26.152+0530] {logging_mixin.py:188} INFO - [2024-03-14T07:53:26.152+0530] {dag.py:3047} INFO - Sync 1 DAGs
[2024-03-14T07:53:26.168+0530] {logging_mixin.py:188} INFO - [2024-03-14T07:53:26.168+0530] {dag.py:3834} INFO - Setting next_dagrun for python_operator_dag to 2024-03-13 00:00:00+00:00, run_after=2024-03-14 00:00:00+00:00
[2024-03-14T07:53:26.205+0530] {processor.py:183} INFO - Processing /home/kai/airflow/dags/execute_python_operators.py took 0.089 seconds
[2024-03-14T07:53:56.842+0530] {processor.py:161} INFO - Started process (PID=308465) to work on /home/kai/airflow/dags/execute_python_operators.py
[2024-03-14T07:53:56.846+0530] {processor.py:830} INFO - Processing file /home/kai/airflow/dags/execute_python_operators.py for tasks to queue
[2024-03-14T07:53:56.847+0530] {logging_mixin.py:188} INFO - [2024-03-14T07:53:56.847+0530] {dagbag.py:540} INFO - Filling up the DagBag from /home/kai/airflow/dags/execute_python_operators.py
[2024-03-14T07:53:56.855+0530] {processor.py:840} INFO - DAG(s) 'python_operator_dag' retrieved from /home/kai/airflow/dags/execute_python_operators.py
[2024-03-14T07:53:56.875+0530] {logging_mixin.py:188} INFO - [2024-03-14T07:53:56.875+0530] {dag.py:3047} INFO - Sync 1 DAGs
[2024-03-14T07:53:56.891+0530] {logging_mixin.py:188} INFO - [2024-03-14T07:53:56.891+0530] {dag.py:3834} INFO - Setting next_dagrun for python_operator_dag to 2024-03-13 00:00:00+00:00, run_after=2024-03-14 00:00:00+00:00
[2024-03-14T07:53:56.923+0530] {processor.py:183} INFO - Processing /home/kai/airflow/dags/execute_python_operators.py took 0.084 seconds
[2024-03-14T07:54:27.889+0530] {processor.py:161} INFO - Started process (PID=308516) to work on /home/kai/airflow/dags/execute_python_operators.py
[2024-03-14T07:54:27.893+0530] {processor.py:830} INFO - Processing file /home/kai/airflow/dags/execute_python_operators.py for tasks to queue
[2024-03-14T07:54:27.894+0530] {logging_mixin.py:188} INFO - [2024-03-14T07:54:27.894+0530] {dagbag.py:540} INFO - Filling up the DagBag from /home/kai/airflow/dags/execute_python_operators.py
[2024-03-14T07:54:27.902+0530] {processor.py:840} INFO - DAG(s) 'python_operator_dag' retrieved from /home/kai/airflow/dags/execute_python_operators.py
[2024-03-14T07:54:27.922+0530] {logging_mixin.py:188} INFO - [2024-03-14T07:54:27.922+0530] {dag.py:3047} INFO - Sync 1 DAGs
[2024-03-14T07:54:27.938+0530] {logging_mixin.py:188} INFO - [2024-03-14T07:54:27.938+0530] {dag.py:3834} INFO - Setting next_dagrun for python_operator_dag to 2024-03-13 00:00:00+00:00, run_after=2024-03-14 00:00:00+00:00
[2024-03-14T07:54:27.971+0530] {processor.py:183} INFO - Processing /home/kai/airflow/dags/execute_python_operators.py took 0.086 seconds
[2024-03-14T07:54:58.705+0530] {processor.py:161} INFO - Started process (PID=308568) to work on /home/kai/airflow/dags/execute_python_operators.py
[2024-03-14T07:54:58.709+0530] {processor.py:830} INFO - Processing file /home/kai/airflow/dags/execute_python_operators.py for tasks to queue
[2024-03-14T07:54:58.710+0530] {logging_mixin.py:188} INFO - [2024-03-14T07:54:58.710+0530] {dagbag.py:540} INFO - Filling up the DagBag from /home/kai/airflow/dags/execute_python_operators.py
[2024-03-14T07:54:58.718+0530] {processor.py:840} INFO - DAG(s) 'python_operator_dag' retrieved from /home/kai/airflow/dags/execute_python_operators.py
[2024-03-14T07:54:58.738+0530] {logging_mixin.py:188} INFO - [2024-03-14T07:54:58.738+0530] {dag.py:3047} INFO - Sync 1 DAGs
[2024-03-14T07:54:58.755+0530] {logging_mixin.py:188} INFO - [2024-03-14T07:54:58.755+0530] {dag.py:3834} INFO - Setting next_dagrun for python_operator_dag to 2024-03-13 00:00:00+00:00, run_after=2024-03-14 00:00:00+00:00
[2024-03-14T07:54:58.788+0530] {processor.py:183} INFO - Processing /home/kai/airflow/dags/execute_python_operators.py took 0.087 seconds
[2024-03-14T07:55:29.418+0530] {processor.py:161} INFO - Started process (PID=308624) to work on /home/kai/airflow/dags/execute_python_operators.py
[2024-03-14T07:55:29.422+0530] {processor.py:830} INFO - Processing file /home/kai/airflow/dags/execute_python_operators.py for tasks to queue
[2024-03-14T07:55:29.423+0530] {logging_mixin.py:188} INFO - [2024-03-14T07:55:29.422+0530] {dagbag.py:540} INFO - Filling up the DagBag from /home/kai/airflow/dags/execute_python_operators.py
[2024-03-14T07:55:29.431+0530] {processor.py:840} INFO - DAG(s) 'python_operator_dag' retrieved from /home/kai/airflow/dags/execute_python_operators.py
[2024-03-14T07:55:29.451+0530] {logging_mixin.py:188} INFO - [2024-03-14T07:55:29.451+0530] {dag.py:3047} INFO - Sync 1 DAGs
[2024-03-14T07:55:29.467+0530] {logging_mixin.py:188} INFO - [2024-03-14T07:55:29.467+0530] {dag.py:3834} INFO - Setting next_dagrun for python_operator_dag to 2024-03-13 00:00:00+00:00, run_after=2024-03-14 00:00:00+00:00
[2024-03-14T07:55:29.499+0530] {processor.py:183} INFO - Processing /home/kai/airflow/dags/execute_python_operators.py took 0.085 seconds
[2024-03-14T07:55:59.835+0530] {processor.py:161} INFO - Started process (PID=308676) to work on /home/kai/airflow/dags/execute_python_operators.py
[2024-03-14T07:55:59.840+0530] {processor.py:830} INFO - Processing file /home/kai/airflow/dags/execute_python_operators.py for tasks to queue
[2024-03-14T07:55:59.840+0530] {logging_mixin.py:188} INFO - [2024-03-14T07:55:59.840+0530] {dagbag.py:540} INFO - Filling up the DagBag from /home/kai/airflow/dags/execute_python_operators.py
[2024-03-14T07:55:59.849+0530] {processor.py:840} INFO - DAG(s) 'python_operator_dag' retrieved from /home/kai/airflow/dags/execute_python_operators.py
[2024-03-14T07:55:59.868+0530] {logging_mixin.py:188} INFO - [2024-03-14T07:55:59.868+0530] {dag.py:3047} INFO - Sync 1 DAGs
[2024-03-14T07:55:59.884+0530] {logging_mixin.py:188} INFO - [2024-03-14T07:55:59.884+0530] {dag.py:3834} INFO - Setting next_dagrun for python_operator_dag to 2024-03-13 00:00:00+00:00, run_after=2024-03-14 00:00:00+00:00
[2024-03-14T07:55:59.917+0530] {processor.py:183} INFO - Processing /home/kai/airflow/dags/execute_python_operators.py took 0.085 seconds
[2024-03-14T07:56:30.800+0530] {processor.py:161} INFO - Started process (PID=308731) to work on /home/kai/airflow/dags/execute_python_operators.py
[2024-03-14T07:56:30.801+0530] {processor.py:830} INFO - Processing file /home/kai/airflow/dags/execute_python_operators.py for tasks to queue
[2024-03-14T07:56:30.802+0530] {logging_mixin.py:188} INFO - [2024-03-14T07:56:30.802+0530] {dagbag.py:540} INFO - Filling up the DagBag from /home/kai/airflow/dags/execute_python_operators.py
[2024-03-14T07:56:30.810+0530] {processor.py:840} INFO - DAG(s) 'python_operator_dag' retrieved from /home/kai/airflow/dags/execute_python_operators.py
[2024-03-14T07:56:30.830+0530] {logging_mixin.py:188} INFO - [2024-03-14T07:56:30.830+0530] {dag.py:3047} INFO - Sync 1 DAGs
[2024-03-14T07:56:30.846+0530] {logging_mixin.py:188} INFO - [2024-03-14T07:56:30.846+0530] {dag.py:3834} INFO - Setting next_dagrun for python_operator_dag to 2024-03-13 00:00:00+00:00, run_after=2024-03-14 00:00:00+00:00
[2024-03-14T07:56:30.879+0530] {processor.py:183} INFO - Processing /home/kai/airflow/dags/execute_python_operators.py took 0.081 seconds
[2024-03-14T07:57:01.087+0530] {processor.py:161} INFO - Started process (PID=308787) to work on /home/kai/airflow/dags/execute_python_operators.py
[2024-03-14T07:57:01.091+0530] {processor.py:830} INFO - Processing file /home/kai/airflow/dags/execute_python_operators.py for tasks to queue
[2024-03-14T07:57:01.092+0530] {logging_mixin.py:188} INFO - [2024-03-14T07:57:01.092+0530] {dagbag.py:540} INFO - Filling up the DagBag from /home/kai/airflow/dags/execute_python_operators.py
[2024-03-14T07:57:01.101+0530] {processor.py:840} INFO - DAG(s) 'python_operator_dag' retrieved from /home/kai/airflow/dags/execute_python_operators.py
[2024-03-14T07:57:01.121+0530] {logging_mixin.py:188} INFO - [2024-03-14T07:57:01.121+0530] {dag.py:3047} INFO - Sync 1 DAGs
[2024-03-14T07:57:01.138+0530] {logging_mixin.py:188} INFO - [2024-03-14T07:57:01.138+0530] {dag.py:3834} INFO - Setting next_dagrun for python_operator_dag to 2024-03-13 00:00:00+00:00, run_after=2024-03-14 00:00:00+00:00
[2024-03-14T07:57:01.169+0530] {processor.py:183} INFO - Processing /home/kai/airflow/dags/execute_python_operators.py took 0.085 seconds
[2024-03-14T07:57:32.126+0530] {processor.py:161} INFO - Started process (PID=308838) to work on /home/kai/airflow/dags/execute_python_operators.py
[2024-03-14T07:57:32.127+0530] {processor.py:830} INFO - Processing file /home/kai/airflow/dags/execute_python_operators.py for tasks to queue
[2024-03-14T07:57:32.129+0530] {logging_mixin.py:188} INFO - [2024-03-14T07:57:32.128+0530] {dagbag.py:540} INFO - Filling up the DagBag from /home/kai/airflow/dags/execute_python_operators.py
[2024-03-14T07:57:32.141+0530] {processor.py:840} INFO - DAG(s) 'python_operator_dag' retrieved from /home/kai/airflow/dags/execute_python_operators.py
[2024-03-14T07:57:32.177+0530] {logging_mixin.py:188} INFO - [2024-03-14T07:57:32.177+0530] {dag.py:3047} INFO - Sync 1 DAGs
[2024-03-14T07:57:32.199+0530] {logging_mixin.py:188} INFO - [2024-03-14T07:57:32.198+0530] {dag.py:3834} INFO - Setting next_dagrun for python_operator_dag to 2024-03-13 00:00:00+00:00, run_after=2024-03-14 00:00:00+00:00
[2024-03-14T07:57:32.246+0530] {processor.py:183} INFO - Processing /home/kai/airflow/dags/execute_python_operators.py took 0.125 seconds
[2024-03-14T07:58:02.923+0530] {processor.py:161} INFO - Started process (PID=308891) to work on /home/kai/airflow/dags/execute_python_operators.py
[2024-03-14T07:58:02.924+0530] {processor.py:830} INFO - Processing file /home/kai/airflow/dags/execute_python_operators.py for tasks to queue
[2024-03-14T07:58:02.925+0530] {logging_mixin.py:188} INFO - [2024-03-14T07:58:02.925+0530] {dagbag.py:540} INFO - Filling up the DagBag from /home/kai/airflow/dags/execute_python_operators.py
[2024-03-14T07:58:02.936+0530] {processor.py:840} INFO - DAG(s) 'python_operator_dag' retrieved from /home/kai/airflow/dags/execute_python_operators.py
[2024-03-14T07:58:02.960+0530] {logging_mixin.py:188} INFO - [2024-03-14T07:58:02.960+0530] {dag.py:3047} INFO - Sync 1 DAGs
[2024-03-14T07:58:02.980+0530] {logging_mixin.py:188} INFO - [2024-03-14T07:58:02.980+0530] {dag.py:3834} INFO - Setting next_dagrun for python_operator_dag to 2024-03-13 00:00:00+00:00, run_after=2024-03-14 00:00:00+00:00
[2024-03-14T07:58:03.061+0530] {processor.py:183} INFO - Processing /home/kai/airflow/dags/execute_python_operators.py took 0.143 seconds
[2024-03-14T07:58:33.475+0530] {processor.py:161} INFO - Started process (PID=308942) to work on /home/kai/airflow/dags/execute_python_operators.py
[2024-03-14T07:58:33.477+0530] {processor.py:830} INFO - Processing file /home/kai/airflow/dags/execute_python_operators.py for tasks to queue
[2024-03-14T07:58:33.478+0530] {logging_mixin.py:188} INFO - [2024-03-14T07:58:33.477+0530] {dagbag.py:540} INFO - Filling up the DagBag from /home/kai/airflow/dags/execute_python_operators.py
[2024-03-14T07:58:33.487+0530] {processor.py:840} INFO - DAG(s) 'python_operator_dag' retrieved from /home/kai/airflow/dags/execute_python_operators.py
[2024-03-14T07:58:33.511+0530] {logging_mixin.py:188} INFO - [2024-03-14T07:58:33.511+0530] {dag.py:3047} INFO - Sync 1 DAGs
[2024-03-14T07:58:33.530+0530] {logging_mixin.py:188} INFO - [2024-03-14T07:58:33.530+0530] {dag.py:3834} INFO - Setting next_dagrun for python_operator_dag to 2024-03-13 00:00:00+00:00, run_after=2024-03-14 00:00:00+00:00
[2024-03-14T07:58:33.563+0530] {processor.py:183} INFO - Processing /home/kai/airflow/dags/execute_python_operators.py took 0.091 seconds
[2024-03-14T07:59:04.336+0530] {processor.py:161} INFO - Started process (PID=308996) to work on /home/kai/airflow/dags/execute_python_operators.py
[2024-03-14T07:59:04.339+0530] {processor.py:830} INFO - Processing file /home/kai/airflow/dags/execute_python_operators.py for tasks to queue
[2024-03-14T07:59:04.340+0530] {logging_mixin.py:188} INFO - [2024-03-14T07:59:04.340+0530] {dagbag.py:540} INFO - Filling up the DagBag from /home/kai/airflow/dags/execute_python_operators.py
[2024-03-14T07:59:04.349+0530] {processor.py:840} INFO - DAG(s) 'python_operator_dag' retrieved from /home/kai/airflow/dags/execute_python_operators.py
[2024-03-14T07:59:04.369+0530] {logging_mixin.py:188} INFO - [2024-03-14T07:59:04.369+0530] {dag.py:3047} INFO - Sync 1 DAGs
[2024-03-14T07:59:04.386+0530] {logging_mixin.py:188} INFO - [2024-03-14T07:59:04.386+0530] {dag.py:3834} INFO - Setting next_dagrun for python_operator_dag to 2024-03-13 00:00:00+00:00, run_after=2024-03-14 00:00:00+00:00
[2024-03-14T07:59:04.419+0530] {processor.py:183} INFO - Processing /home/kai/airflow/dags/execute_python_operators.py took 0.086 seconds
[2024-03-14T07:59:35.036+0530] {processor.py:161} INFO - Started process (PID=309047) to work on /home/kai/airflow/dags/execute_python_operators.py
[2024-03-14T07:59:35.039+0530] {processor.py:830} INFO - Processing file /home/kai/airflow/dags/execute_python_operators.py for tasks to queue
[2024-03-14T07:59:35.040+0530] {logging_mixin.py:188} INFO - [2024-03-14T07:59:35.039+0530] {dagbag.py:540} INFO - Filling up the DagBag from /home/kai/airflow/dags/execute_python_operators.py
[2024-03-14T07:59:35.048+0530] {processor.py:840} INFO - DAG(s) 'python_operator_dag' retrieved from /home/kai/airflow/dags/execute_python_operators.py
[2024-03-14T07:59:35.068+0530] {logging_mixin.py:188} INFO - [2024-03-14T07:59:35.068+0530] {dag.py:3047} INFO - Sync 1 DAGs
[2024-03-14T07:59:35.085+0530] {logging_mixin.py:188} INFO - [2024-03-14T07:59:35.085+0530] {dag.py:3834} INFO - Setting next_dagrun for python_operator_dag to 2024-03-13 00:00:00+00:00, run_after=2024-03-14 00:00:00+00:00
[2024-03-14T07:59:35.117+0530] {processor.py:183} INFO - Processing /home/kai/airflow/dags/execute_python_operators.py took 0.084 seconds
[2024-03-14T08:00:05.433+0530] {processor.py:161} INFO - Started process (PID=309100) to work on /home/kai/airflow/dags/execute_python_operators.py
[2024-03-14T08:00:05.436+0530] {processor.py:830} INFO - Processing file /home/kai/airflow/dags/execute_python_operators.py for tasks to queue
[2024-03-14T08:00:05.438+0530] {logging_mixin.py:188} INFO - [2024-03-14T08:00:05.437+0530] {dagbag.py:540} INFO - Filling up the DagBag from /home/kai/airflow/dags/execute_python_operators.py
[2024-03-14T08:00:05.452+0530] {processor.py:840} INFO - DAG(s) 'python_operator_dag' retrieved from /home/kai/airflow/dags/execute_python_operators.py
[2024-03-14T08:00:05.487+0530] {logging_mixin.py:188} INFO - [2024-03-14T08:00:05.486+0530] {dag.py:3047} INFO - Sync 1 DAGs
[2024-03-14T08:00:05.514+0530] {logging_mixin.py:188} INFO - [2024-03-14T08:00:05.513+0530] {dag.py:3834} INFO - Setting next_dagrun for python_operator_dag to 2024-03-13 00:00:00+00:00, run_after=2024-03-14 00:00:00+00:00
[2024-03-14T08:00:05.586+0530] {processor.py:183} INFO - Processing /home/kai/airflow/dags/execute_python_operators.py took 0.157 seconds
[2024-03-14T08:00:36.073+0530] {processor.py:161} INFO - Started process (PID=309152) to work on /home/kai/airflow/dags/execute_python_operators.py
[2024-03-14T08:00:36.075+0530] {processor.py:830} INFO - Processing file /home/kai/airflow/dags/execute_python_operators.py for tasks to queue
[2024-03-14T08:00:36.077+0530] {logging_mixin.py:188} INFO - [2024-03-14T08:00:36.076+0530] {dagbag.py:540} INFO - Filling up the DagBag from /home/kai/airflow/dags/execute_python_operators.py
[2024-03-14T08:00:36.091+0530] {processor.py:840} INFO - DAG(s) 'python_operator_dag' retrieved from /home/kai/airflow/dags/execute_python_operators.py
[2024-03-14T08:00:36.133+0530] {logging_mixin.py:188} INFO - [2024-03-14T08:00:36.132+0530] {dag.py:3047} INFO - Sync 1 DAGs
[2024-03-14T08:00:36.160+0530] {logging_mixin.py:188} INFO - [2024-03-14T08:00:36.160+0530] {dag.py:3834} INFO - Setting next_dagrun for python_operator_dag to 2024-03-13 00:00:00+00:00, run_after=2024-03-14 00:00:00+00:00
[2024-03-14T08:00:36.205+0530] {processor.py:183} INFO - Processing /home/kai/airflow/dags/execute_python_operators.py took 0.137 seconds
[2024-03-14T08:01:06.947+0530] {processor.py:161} INFO - Started process (PID=309205) to work on /home/kai/airflow/dags/execute_python_operators.py
[2024-03-14T08:01:06.950+0530] {processor.py:830} INFO - Processing file /home/kai/airflow/dags/execute_python_operators.py for tasks to queue
[2024-03-14T08:01:06.951+0530] {logging_mixin.py:188} INFO - [2024-03-14T08:01:06.950+0530] {dagbag.py:540} INFO - Filling up the DagBag from /home/kai/airflow/dags/execute_python_operators.py
[2024-03-14T08:01:06.961+0530] {processor.py:840} INFO - DAG(s) 'python_operator_dag' retrieved from /home/kai/airflow/dags/execute_python_operators.py
[2024-03-14T08:01:06.982+0530] {logging_mixin.py:188} INFO - [2024-03-14T08:01:06.982+0530] {dag.py:3047} INFO - Sync 1 DAGs
[2024-03-14T08:01:06.999+0530] {logging_mixin.py:188} INFO - [2024-03-14T08:01:06.999+0530] {dag.py:3834} INFO - Setting next_dagrun for python_operator_dag to 2024-03-13 00:00:00+00:00, run_after=2024-03-14 00:00:00+00:00
[2024-03-14T08:01:07.045+0530] {processor.py:183} INFO - Processing /home/kai/airflow/dags/execute_python_operators.py took 0.102 seconds
[2024-03-14T08:01:38.077+0530] {processor.py:161} INFO - Started process (PID=309257) to work on /home/kai/airflow/dags/execute_python_operators.py
[2024-03-14T08:01:38.079+0530] {processor.py:830} INFO - Processing file /home/kai/airflow/dags/execute_python_operators.py for tasks to queue
[2024-03-14T08:01:38.080+0530] {logging_mixin.py:188} INFO - [2024-03-14T08:01:38.080+0530] {dagbag.py:540} INFO - Filling up the DagBag from /home/kai/airflow/dags/execute_python_operators.py
[2024-03-14T08:01:38.089+0530] {processor.py:840} INFO - DAG(s) 'python_operator_dag' retrieved from /home/kai/airflow/dags/execute_python_operators.py
[2024-03-14T08:01:38.109+0530] {logging_mixin.py:188} INFO - [2024-03-14T08:01:38.109+0530] {dag.py:3047} INFO - Sync 1 DAGs
[2024-03-14T08:01:38.125+0530] {logging_mixin.py:188} INFO - [2024-03-14T08:01:38.125+0530] {dag.py:3834} INFO - Setting next_dagrun for python_operator_dag to 2024-03-13 00:00:00+00:00, run_after=2024-03-14 00:00:00+00:00
[2024-03-14T08:01:38.156+0530] {processor.py:183} INFO - Processing /home/kai/airflow/dags/execute_python_operators.py took 0.083 seconds
[2024-03-14T08:02:09.165+0530] {processor.py:161} INFO - Started process (PID=309308) to work on /home/kai/airflow/dags/execute_python_operators.py
[2024-03-14T08:02:09.168+0530] {processor.py:830} INFO - Processing file /home/kai/airflow/dags/execute_python_operators.py for tasks to queue
[2024-03-14T08:02:09.169+0530] {logging_mixin.py:188} INFO - [2024-03-14T08:02:09.168+0530] {dagbag.py:540} INFO - Filling up the DagBag from /home/kai/airflow/dags/execute_python_operators.py
[2024-03-14T08:02:09.177+0530] {processor.py:840} INFO - DAG(s) 'python_operator_dag' retrieved from /home/kai/airflow/dags/execute_python_operators.py
[2024-03-14T08:02:09.197+0530] {logging_mixin.py:188} INFO - [2024-03-14T08:02:09.197+0530] {dag.py:3047} INFO - Sync 1 DAGs
[2024-03-14T08:02:09.214+0530] {logging_mixin.py:188} INFO - [2024-03-14T08:02:09.214+0530] {dag.py:3834} INFO - Setting next_dagrun for python_operator_dag to 2024-03-13 00:00:00+00:00, run_after=2024-03-14 00:00:00+00:00
[2024-03-14T08:02:09.253+0530] {processor.py:183} INFO - Processing /home/kai/airflow/dags/execute_python_operators.py took 0.091 seconds
[2024-03-14T08:02:41.626+0530] {processor.py:161} INFO - Started process (PID=309360) to work on /home/kai/airflow/dags/execute_python_operators.py
[2024-03-14T08:02:41.628+0530] {processor.py:830} INFO - Processing file /home/kai/airflow/dags/execute_python_operators.py for tasks to queue
[2024-03-14T08:02:41.629+0530] {logging_mixin.py:188} INFO - [2024-03-14T08:02:41.628+0530] {dagbag.py:540} INFO - Filling up the DagBag from /home/kai/airflow/dags/execute_python_operators.py
[2024-03-14T08:02:41.641+0530] {processor.py:840} INFO - DAG(s) 'python_operator_dag' retrieved from /home/kai/airflow/dags/execute_python_operators.py
[2024-03-14T08:02:41.665+0530] {logging_mixin.py:188} INFO - [2024-03-14T08:02:41.665+0530] {dag.py:3047} INFO - Sync 1 DAGs
[2024-03-14T08:02:41.690+0530] {logging_mixin.py:188} INFO - [2024-03-14T08:02:41.690+0530] {dag.py:3834} INFO - Setting next_dagrun for python_operator_dag to 2024-03-13 00:00:00+00:00, run_after=2024-03-14 00:00:00+00:00
[2024-03-14T08:02:41.724+0530] {processor.py:183} INFO - Processing /home/kai/airflow/dags/execute_python_operators.py took 0.103 seconds
[2024-03-14T08:03:12.441+0530] {processor.py:161} INFO - Started process (PID=309413) to work on /home/kai/airflow/dags/execute_python_operators.py
[2024-03-14T08:03:12.444+0530] {processor.py:830} INFO - Processing file /home/kai/airflow/dags/execute_python_operators.py for tasks to queue
[2024-03-14T08:03:12.445+0530] {logging_mixin.py:188} INFO - [2024-03-14T08:03:12.445+0530] {dagbag.py:540} INFO - Filling up the DagBag from /home/kai/airflow/dags/execute_python_operators.py
[2024-03-14T08:03:12.454+0530] {processor.py:840} INFO - DAG(s) 'python_operator_dag' retrieved from /home/kai/airflow/dags/execute_python_operators.py
[2024-03-14T08:03:12.474+0530] {logging_mixin.py:188} INFO - [2024-03-14T08:03:12.474+0530] {dag.py:3047} INFO - Sync 1 DAGs
[2024-03-14T08:03:12.491+0530] {logging_mixin.py:188} INFO - [2024-03-14T08:03:12.491+0530] {dag.py:3834} INFO - Setting next_dagrun for python_operator_dag to 2024-03-13 00:00:00+00:00, run_after=2024-03-14 00:00:00+00:00
[2024-03-14T08:03:12.523+0530] {processor.py:183} INFO - Processing /home/kai/airflow/dags/execute_python_operators.py took 0.084 seconds
[2024-03-14T08:03:43.589+0530] {processor.py:161} INFO - Started process (PID=309465) to work on /home/kai/airflow/dags/execute_python_operators.py
[2024-03-14T08:03:43.590+0530] {processor.py:830} INFO - Processing file /home/kai/airflow/dags/execute_python_operators.py for tasks to queue
[2024-03-14T08:03:43.591+0530] {logging_mixin.py:188} INFO - [2024-03-14T08:03:43.591+0530] {dagbag.py:540} INFO - Filling up the DagBag from /home/kai/airflow/dags/execute_python_operators.py
[2024-03-14T08:03:43.600+0530] {processor.py:840} INFO - DAG(s) 'python_operator_dag' retrieved from /home/kai/airflow/dags/execute_python_operators.py
[2024-03-14T08:03:43.620+0530] {logging_mixin.py:188} INFO - [2024-03-14T08:03:43.620+0530] {dag.py:3047} INFO - Sync 1 DAGs
[2024-03-14T08:03:43.636+0530] {logging_mixin.py:188} INFO - [2024-03-14T08:03:43.636+0530] {dag.py:3834} INFO - Setting next_dagrun for python_operator_dag to 2024-03-13 00:00:00+00:00, run_after=2024-03-14 00:00:00+00:00
[2024-03-14T08:03:43.668+0530] {processor.py:183} INFO - Processing /home/kai/airflow/dags/execute_python_operators.py took 0.082 seconds
[2024-03-14T08:04:14.705+0530] {processor.py:161} INFO - Started process (PID=309516) to work on /home/kai/airflow/dags/execute_python_operators.py
[2024-03-14T08:04:14.707+0530] {processor.py:830} INFO - Processing file /home/kai/airflow/dags/execute_python_operators.py for tasks to queue
[2024-03-14T08:04:14.709+0530] {logging_mixin.py:188} INFO - [2024-03-14T08:04:14.708+0530] {dagbag.py:540} INFO - Filling up the DagBag from /home/kai/airflow/dags/execute_python_operators.py
[2024-03-14T08:04:14.717+0530] {processor.py:840} INFO - DAG(s) 'python_operator_dag' retrieved from /home/kai/airflow/dags/execute_python_operators.py
[2024-03-14T08:04:14.737+0530] {logging_mixin.py:188} INFO - [2024-03-14T08:04:14.737+0530] {dag.py:3047} INFO - Sync 1 DAGs
[2024-03-14T08:04:14.753+0530] {logging_mixin.py:188} INFO - [2024-03-14T08:04:14.753+0530] {dag.py:3834} INFO - Setting next_dagrun for python_operator_dag to 2024-03-13 00:00:00+00:00, run_after=2024-03-14 00:00:00+00:00
[2024-03-14T08:04:14.793+0530] {processor.py:183} INFO - Processing /home/kai/airflow/dags/execute_python_operators.py took 0.091 seconds
[2024-03-14T08:04:45.503+0530] {processor.py:161} INFO - Started process (PID=309568) to work on /home/kai/airflow/dags/execute_python_operators.py
[2024-03-14T08:04:45.505+0530] {processor.py:830} INFO - Processing file /home/kai/airflow/dags/execute_python_operators.py for tasks to queue
[2024-03-14T08:04:45.506+0530] {logging_mixin.py:188} INFO - [2024-03-14T08:04:45.505+0530] {dagbag.py:540} INFO - Filling up the DagBag from /home/kai/airflow/dags/execute_python_operators.py
[2024-03-14T08:04:45.514+0530] {processor.py:840} INFO - DAG(s) 'python_operator_dag' retrieved from /home/kai/airflow/dags/execute_python_operators.py
[2024-03-14T08:04:45.534+0530] {logging_mixin.py:188} INFO - [2024-03-14T08:04:45.533+0530] {dag.py:3047} INFO - Sync 1 DAGs
[2024-03-14T08:04:45.550+0530] {logging_mixin.py:188} INFO - [2024-03-14T08:04:45.550+0530] {dag.py:3834} INFO - Setting next_dagrun for python_operator_dag to 2024-03-13 00:00:00+00:00, run_after=2024-03-14 00:00:00+00:00
[2024-03-14T08:04:45.584+0530] {processor.py:183} INFO - Processing /home/kai/airflow/dags/execute_python_operators.py took 0.084 seconds
[2024-03-14T08:05:16.295+0530] {processor.py:161} INFO - Started process (PID=309625) to work on /home/kai/airflow/dags/execute_python_operators.py
[2024-03-14T08:05:16.297+0530] {processor.py:830} INFO - Processing file /home/kai/airflow/dags/execute_python_operators.py for tasks to queue
[2024-03-14T08:05:16.298+0530] {logging_mixin.py:188} INFO - [2024-03-14T08:05:16.298+0530] {dagbag.py:540} INFO - Filling up the DagBag from /home/kai/airflow/dags/execute_python_operators.py
[2024-03-14T08:05:16.307+0530] {processor.py:840} INFO - DAG(s) 'python_operator_dag' retrieved from /home/kai/airflow/dags/execute_python_operators.py
[2024-03-14T08:05:16.327+0530] {logging_mixin.py:188} INFO - [2024-03-14T08:05:16.327+0530] {dag.py:3047} INFO - Sync 1 DAGs
[2024-03-14T08:05:16.345+0530] {logging_mixin.py:188} INFO - [2024-03-14T08:05:16.344+0530] {dag.py:3834} INFO - Setting next_dagrun for python_operator_dag to 2024-03-13 00:00:00+00:00, run_after=2024-03-14 00:00:00+00:00
[2024-03-14T08:05:16.388+0530] {processor.py:183} INFO - Processing /home/kai/airflow/dags/execute_python_operators.py took 0.096 seconds
[2024-03-14T08:05:47.201+0530] {processor.py:161} INFO - Started process (PID=309676) to work on /home/kai/airflow/dags/execute_python_operators.py
[2024-03-14T08:05:47.204+0530] {processor.py:830} INFO - Processing file /home/kai/airflow/dags/execute_python_operators.py for tasks to queue
[2024-03-14T08:05:47.205+0530] {logging_mixin.py:188} INFO - [2024-03-14T08:05:47.204+0530] {dagbag.py:540} INFO - Filling up the DagBag from /home/kai/airflow/dags/execute_python_operators.py
[2024-03-14T08:05:47.217+0530] {processor.py:840} INFO - DAG(s) 'python_operator_dag' retrieved from /home/kai/airflow/dags/execute_python_operators.py
[2024-03-14T08:05:47.244+0530] {logging_mixin.py:188} INFO - [2024-03-14T08:05:47.244+0530] {dag.py:3047} INFO - Sync 1 DAGs
[2024-03-14T08:05:47.263+0530] {logging_mixin.py:188} INFO - [2024-03-14T08:05:47.263+0530] {dag.py:3834} INFO - Setting next_dagrun for python_operator_dag to 2024-03-13 00:00:00+00:00, run_after=2024-03-14 00:00:00+00:00
[2024-03-14T08:05:47.299+0530] {processor.py:183} INFO - Processing /home/kai/airflow/dags/execute_python_operators.py took 0.102 seconds
[2024-03-14T08:06:18.332+0530] {processor.py:161} INFO - Started process (PID=309728) to work on /home/kai/airflow/dags/execute_python_operators.py
[2024-03-14T08:06:18.335+0530] {processor.py:830} INFO - Processing file /home/kai/airflow/dags/execute_python_operators.py for tasks to queue
[2024-03-14T08:06:18.335+0530] {logging_mixin.py:188} INFO - [2024-03-14T08:06:18.335+0530] {dagbag.py:540} INFO - Filling up the DagBag from /home/kai/airflow/dags/execute_python_operators.py
[2024-03-14T08:06:18.344+0530] {processor.py:840} INFO - DAG(s) 'python_operator_dag' retrieved from /home/kai/airflow/dags/execute_python_operators.py
[2024-03-14T08:06:18.364+0530] {logging_mixin.py:188} INFO - [2024-03-14T08:06:18.363+0530] {dag.py:3047} INFO - Sync 1 DAGs
[2024-03-14T08:06:18.380+0530] {logging_mixin.py:188} INFO - [2024-03-14T08:06:18.380+0530] {dag.py:3834} INFO - Setting next_dagrun for python_operator_dag to 2024-03-13 00:00:00+00:00, run_after=2024-03-14 00:00:00+00:00
[2024-03-14T08:06:18.412+0530] {processor.py:183} INFO - Processing /home/kai/airflow/dags/execute_python_operators.py took 0.084 seconds
[2024-03-14T08:06:49.381+0530] {processor.py:161} INFO - Started process (PID=309779) to work on /home/kai/airflow/dags/execute_python_operators.py
[2024-03-14T08:06:49.382+0530] {processor.py:830} INFO - Processing file /home/kai/airflow/dags/execute_python_operators.py for tasks to queue
[2024-03-14T08:06:49.382+0530] {logging_mixin.py:188} INFO - [2024-03-14T08:06:49.382+0530] {dagbag.py:540} INFO - Filling up the DagBag from /home/kai/airflow/dags/execute_python_operators.py
[2024-03-14T08:06:49.391+0530] {processor.py:840} INFO - DAG(s) 'python_operator_dag' retrieved from /home/kai/airflow/dags/execute_python_operators.py
[2024-03-14T08:06:49.410+0530] {logging_mixin.py:188} INFO - [2024-03-14T08:06:49.410+0530] {dag.py:3047} INFO - Sync 1 DAGs
[2024-03-14T08:06:49.427+0530] {logging_mixin.py:188} INFO - [2024-03-14T08:06:49.427+0530] {dag.py:3834} INFO - Setting next_dagrun for python_operator_dag to 2024-03-13 00:00:00+00:00, run_after=2024-03-14 00:00:00+00:00
[2024-03-14T08:06:49.465+0530] {processor.py:183} INFO - Processing /home/kai/airflow/dags/execute_python_operators.py took 0.087 seconds
[2024-03-14T08:07:20.054+0530] {processor.py:161} INFO - Started process (PID=309831) to work on /home/kai/airflow/dags/execute_python_operators.py
[2024-03-14T08:07:20.057+0530] {processor.py:830} INFO - Processing file /home/kai/airflow/dags/execute_python_operators.py for tasks to queue
[2024-03-14T08:07:20.058+0530] {logging_mixin.py:188} INFO - [2024-03-14T08:07:20.058+0530] {dagbag.py:540} INFO - Filling up the DagBag from /home/kai/airflow/dags/execute_python_operators.py
[2024-03-14T08:07:20.066+0530] {processor.py:840} INFO - DAG(s) 'python_operator_dag' retrieved from /home/kai/airflow/dags/execute_python_operators.py
[2024-03-14T08:07:20.086+0530] {logging_mixin.py:188} INFO - [2024-03-14T08:07:20.086+0530] {dag.py:3047} INFO - Sync 1 DAGs
[2024-03-14T08:07:20.103+0530] {logging_mixin.py:188} INFO - [2024-03-14T08:07:20.103+0530] {dag.py:3834} INFO - Setting next_dagrun for python_operator_dag to 2024-03-13 00:00:00+00:00, run_after=2024-03-14 00:00:00+00:00
[2024-03-14T08:07:20.135+0530] {processor.py:183} INFO - Processing /home/kai/airflow/dags/execute_python_operators.py took 0.084 seconds
[2024-03-14T08:07:50.832+0530] {processor.py:161} INFO - Started process (PID=309884) to work on /home/kai/airflow/dags/execute_python_operators.py
[2024-03-14T08:07:50.835+0530] {processor.py:830} INFO - Processing file /home/kai/airflow/dags/execute_python_operators.py for tasks to queue
[2024-03-14T08:07:50.836+0530] {logging_mixin.py:188} INFO - [2024-03-14T08:07:50.835+0530] {dagbag.py:540} INFO - Filling up the DagBag from /home/kai/airflow/dags/execute_python_operators.py
[2024-03-14T08:07:50.844+0530] {processor.py:840} INFO - DAG(s) 'python_operator_dag' retrieved from /home/kai/airflow/dags/execute_python_operators.py
[2024-03-14T08:07:50.865+0530] {logging_mixin.py:188} INFO - [2024-03-14T08:07:50.864+0530] {dag.py:3047} INFO - Sync 1 DAGs
[2024-03-14T08:07:50.881+0530] {logging_mixin.py:188} INFO - [2024-03-14T08:07:50.881+0530] {dag.py:3834} INFO - Setting next_dagrun for python_operator_dag to 2024-03-13 00:00:00+00:00, run_after=2024-03-14 00:00:00+00:00
[2024-03-14T08:07:50.917+0530] {processor.py:183} INFO - Processing /home/kai/airflow/dags/execute_python_operators.py took 0.089 seconds
[2024-03-14T08:08:21.820+0530] {processor.py:161} INFO - Started process (PID=309936) to work on /home/kai/airflow/dags/execute_python_operators.py
[2024-03-14T08:08:21.823+0530] {processor.py:830} INFO - Processing file /home/kai/airflow/dags/execute_python_operators.py for tasks to queue
[2024-03-14T08:08:21.826+0530] {logging_mixin.py:188} INFO - [2024-03-14T08:08:21.825+0530] {dagbag.py:540} INFO - Filling up the DagBag from /home/kai/airflow/dags/execute_python_operators.py
[2024-03-14T08:08:21.835+0530] {processor.py:840} INFO - DAG(s) 'python_operator_dag' retrieved from /home/kai/airflow/dags/execute_python_operators.py
[2024-03-14T08:08:21.860+0530] {logging_mixin.py:188} INFO - [2024-03-14T08:08:21.860+0530] {dag.py:3047} INFO - Sync 1 DAGs
[2024-03-14T08:08:21.882+0530] {logging_mixin.py:188} INFO - [2024-03-14T08:08:21.881+0530] {dag.py:3834} INFO - Setting next_dagrun for python_operator_dag to 2024-03-13 00:00:00+00:00, run_after=2024-03-14 00:00:00+00:00
[2024-03-14T08:08:21.920+0530] {processor.py:183} INFO - Processing /home/kai/airflow/dags/execute_python_operators.py took 0.104 seconds
[2024-03-14T08:08:52.490+0530] {processor.py:161} INFO - Started process (PID=309987) to work on /home/kai/airflow/dags/execute_python_operators.py
[2024-03-14T08:08:52.493+0530] {processor.py:830} INFO - Processing file /home/kai/airflow/dags/execute_python_operators.py for tasks to queue
[2024-03-14T08:08:52.494+0530] {logging_mixin.py:188} INFO - [2024-03-14T08:08:52.494+0530] {dagbag.py:540} INFO - Filling up the DagBag from /home/kai/airflow/dags/execute_python_operators.py
[2024-03-14T08:08:52.504+0530] {processor.py:840} INFO - DAG(s) 'python_operator_dag' retrieved from /home/kai/airflow/dags/execute_python_operators.py
[2024-03-14T08:08:52.527+0530] {logging_mixin.py:188} INFO - [2024-03-14T08:08:52.527+0530] {dag.py:3047} INFO - Sync 1 DAGs
[2024-03-14T08:08:52.547+0530] {logging_mixin.py:188} INFO - [2024-03-14T08:08:52.547+0530] {dag.py:3834} INFO - Setting next_dagrun for python_operator_dag to 2024-03-13 00:00:00+00:00, run_after=2024-03-14 00:00:00+00:00
[2024-03-14T08:08:52.584+0530] {processor.py:183} INFO - Processing /home/kai/airflow/dags/execute_python_operators.py took 0.100 seconds
[2024-03-14T08:09:23.485+0530] {processor.py:161} INFO - Started process (PID=310039) to work on /home/kai/airflow/dags/execute_python_operators.py
[2024-03-14T08:09:23.488+0530] {processor.py:830} INFO - Processing file /home/kai/airflow/dags/execute_python_operators.py for tasks to queue
[2024-03-14T08:09:23.489+0530] {logging_mixin.py:188} INFO - [2024-03-14T08:09:23.488+0530] {dagbag.py:540} INFO - Filling up the DagBag from /home/kai/airflow/dags/execute_python_operators.py
[2024-03-14T08:09:23.499+0530] {processor.py:840} INFO - DAG(s) 'python_operator_dag' retrieved from /home/kai/airflow/dags/execute_python_operators.py
[2024-03-14T08:09:23.522+0530] {logging_mixin.py:188} INFO - [2024-03-14T08:09:23.522+0530] {dag.py:3047} INFO - Sync 1 DAGs
[2024-03-14T08:09:23.541+0530] {logging_mixin.py:188} INFO - [2024-03-14T08:09:23.541+0530] {dag.py:3834} INFO - Setting next_dagrun for python_operator_dag to 2024-03-13 00:00:00+00:00, run_after=2024-03-14 00:00:00+00:00
[2024-03-14T08:09:23.578+0530] {processor.py:183} INFO - Processing /home/kai/airflow/dags/execute_python_operators.py took 0.099 seconds
[2024-03-14T08:09:54.568+0530] {processor.py:161} INFO - Started process (PID=310090) to work on /home/kai/airflow/dags/execute_python_operators.py
[2024-03-14T08:09:54.573+0530] {processor.py:830} INFO - Processing file /home/kai/airflow/dags/execute_python_operators.py for tasks to queue
[2024-03-14T08:09:54.576+0530] {logging_mixin.py:188} INFO - [2024-03-14T08:09:54.575+0530] {dagbag.py:540} INFO - Filling up the DagBag from /home/kai/airflow/dags/execute_python_operators.py
[2024-03-14T08:09:54.605+0530] {processor.py:840} INFO - DAG(s) 'python_operator_dag' retrieved from /home/kai/airflow/dags/execute_python_operators.py
[2024-03-14T08:09:54.642+0530] {logging_mixin.py:188} INFO - [2024-03-14T08:09:54.642+0530] {dag.py:3047} INFO - Sync 1 DAGs
[2024-03-14T08:09:54.661+0530] {logging_mixin.py:188} INFO - [2024-03-14T08:09:54.661+0530] {dag.py:3834} INFO - Setting next_dagrun for python_operator_dag to 2024-03-13 00:00:00+00:00, run_after=2024-03-14 00:00:00+00:00
[2024-03-14T08:09:54.702+0530] {processor.py:183} INFO - Processing /home/kai/airflow/dags/execute_python_operators.py took 0.144 seconds
[2024-03-14T08:10:25.670+0530] {processor.py:161} INFO - Started process (PID=310145) to work on /home/kai/airflow/dags/execute_python_operators.py
[2024-03-14T08:10:25.671+0530] {processor.py:830} INFO - Processing file /home/kai/airflow/dags/execute_python_operators.py for tasks to queue
[2024-03-14T08:10:25.672+0530] {logging_mixin.py:188} INFO - [2024-03-14T08:10:25.672+0530] {dagbag.py:540} INFO - Filling up the DagBag from /home/kai/airflow/dags/execute_python_operators.py
[2024-03-14T08:10:25.681+0530] {processor.py:840} INFO - DAG(s) 'python_operator_dag' retrieved from /home/kai/airflow/dags/execute_python_operators.py
[2024-03-14T08:10:25.701+0530] {logging_mixin.py:188} INFO - [2024-03-14T08:10:25.701+0530] {dag.py:3047} INFO - Sync 1 DAGs
[2024-03-14T08:10:25.718+0530] {logging_mixin.py:188} INFO - [2024-03-14T08:10:25.718+0530] {dag.py:3834} INFO - Setting next_dagrun for python_operator_dag to 2024-03-13 00:00:00+00:00, run_after=2024-03-14 00:00:00+00:00
[2024-03-14T08:10:25.757+0530] {processor.py:183} INFO - Processing /home/kai/airflow/dags/execute_python_operators.py took 0.091 seconds
[2024-03-14T08:10:55.824+0530] {processor.py:161} INFO - Started process (PID=310197) to work on /home/kai/airflow/dags/execute_python_operators.py
[2024-03-14T08:10:55.827+0530] {processor.py:830} INFO - Processing file /home/kai/airflow/dags/execute_python_operators.py for tasks to queue
[2024-03-14T08:10:55.828+0530] {logging_mixin.py:188} INFO - [2024-03-14T08:10:55.828+0530] {dagbag.py:540} INFO - Filling up the DagBag from /home/kai/airflow/dags/execute_python_operators.py
[2024-03-14T08:10:55.837+0530] {processor.py:840} INFO - DAG(s) 'python_operator_dag' retrieved from /home/kai/airflow/dags/execute_python_operators.py
[2024-03-14T08:10:55.858+0530] {logging_mixin.py:188} INFO - [2024-03-14T08:10:55.857+0530] {dag.py:3047} INFO - Sync 1 DAGs
[2024-03-14T08:10:55.875+0530] {logging_mixin.py:188} INFO - [2024-03-14T08:10:55.875+0530] {dag.py:3834} INFO - Setting next_dagrun for python_operator_dag to 2024-03-13 00:00:00+00:00, run_after=2024-03-14 00:00:00+00:00
[2024-03-14T08:10:55.907+0530] {processor.py:183} INFO - Processing /home/kai/airflow/dags/execute_python_operators.py took 0.086 seconds
[2024-03-14T08:11:26.953+0530] {processor.py:161} INFO - Started process (PID=310250) to work on /home/kai/airflow/dags/execute_python_operators.py
[2024-03-14T08:11:26.954+0530] {processor.py:830} INFO - Processing file /home/kai/airflow/dags/execute_python_operators.py for tasks to queue
[2024-03-14T08:11:26.955+0530] {logging_mixin.py:188} INFO - [2024-03-14T08:11:26.954+0530] {dagbag.py:540} INFO - Filling up the DagBag from /home/kai/airflow/dags/execute_python_operators.py
[2024-03-14T08:11:26.964+0530] {processor.py:840} INFO - DAG(s) 'python_operator_dag' retrieved from /home/kai/airflow/dags/execute_python_operators.py
[2024-03-14T08:11:26.985+0530] {logging_mixin.py:188} INFO - [2024-03-14T08:11:26.984+0530] {dag.py:3047} INFO - Sync 1 DAGs
[2024-03-14T08:11:27.001+0530] {logging_mixin.py:188} INFO - [2024-03-14T08:11:27.001+0530] {dag.py:3834} INFO - Setting next_dagrun for python_operator_dag to 2024-03-13 00:00:00+00:00, run_after=2024-03-14 00:00:00+00:00
[2024-03-14T08:11:27.039+0530] {processor.py:183} INFO - Processing /home/kai/airflow/dags/execute_python_operators.py took 0.090 seconds
[2024-03-14T08:11:58.009+0530] {processor.py:161} INFO - Started process (PID=310302) to work on /home/kai/airflow/dags/execute_python_operators.py
[2024-03-14T08:11:58.011+0530] {processor.py:830} INFO - Processing file /home/kai/airflow/dags/execute_python_operators.py for tasks to queue
[2024-03-14T08:11:58.012+0530] {logging_mixin.py:188} INFO - [2024-03-14T08:11:58.012+0530] {dagbag.py:540} INFO - Filling up the DagBag from /home/kai/airflow/dags/execute_python_operators.py
[2024-03-14T08:11:58.024+0530] {processor.py:840} INFO - DAG(s) 'python_operator_dag' retrieved from /home/kai/airflow/dags/execute_python_operators.py
[2024-03-14T08:11:58.054+0530] {logging_mixin.py:188} INFO - [2024-03-14T08:11:58.054+0530] {dag.py:3047} INFO - Sync 1 DAGs
[2024-03-14T08:11:58.080+0530] {logging_mixin.py:188} INFO - [2024-03-14T08:11:58.080+0530] {dag.py:3834} INFO - Setting next_dagrun for python_operator_dag to 2024-03-13 00:00:00+00:00, run_after=2024-03-14 00:00:00+00:00
[2024-03-14T08:11:58.120+0530] {processor.py:183} INFO - Processing /home/kai/airflow/dags/execute_python_operators.py took 0.114 seconds
[2024-03-14T08:12:28.958+0530] {processor.py:161} INFO - Started process (PID=310353) to work on /home/kai/airflow/dags/execute_python_operators.py
[2024-03-14T08:12:28.960+0530] {processor.py:830} INFO - Processing file /home/kai/airflow/dags/execute_python_operators.py for tasks to queue
[2024-03-14T08:12:28.962+0530] {logging_mixin.py:188} INFO - [2024-03-14T08:12:28.961+0530] {dagbag.py:540} INFO - Filling up the DagBag from /home/kai/airflow/dags/execute_python_operators.py
[2024-03-14T08:12:28.973+0530] {processor.py:840} INFO - DAG(s) 'python_operator_dag' retrieved from /home/kai/airflow/dags/execute_python_operators.py
[2024-03-14T08:12:29.010+0530] {logging_mixin.py:188} INFO - [2024-03-14T08:12:29.010+0530] {dag.py:3047} INFO - Sync 1 DAGs
[2024-03-14T08:12:29.050+0530] {logging_mixin.py:188} INFO - [2024-03-14T08:12:29.049+0530] {dag.py:3834} INFO - Setting next_dagrun for python_operator_dag to 2024-03-13 00:00:00+00:00, run_after=2024-03-14 00:00:00+00:00
[2024-03-14T08:12:29.107+0530] {processor.py:183} INFO - Processing /home/kai/airflow/dags/execute_python_operators.py took 0.153 seconds
[2024-03-14T08:12:59.843+0530] {processor.py:161} INFO - Started process (PID=310407) to work on /home/kai/airflow/dags/execute_python_operators.py
[2024-03-14T08:12:59.846+0530] {processor.py:830} INFO - Processing file /home/kai/airflow/dags/execute_python_operators.py for tasks to queue
[2024-03-14T08:12:59.847+0530] {logging_mixin.py:188} INFO - [2024-03-14T08:12:59.847+0530] {dagbag.py:540} INFO - Filling up the DagBag from /home/kai/airflow/dags/execute_python_operators.py
[2024-03-14T08:12:59.856+0530] {processor.py:840} INFO - DAG(s) 'python_operator_dag' retrieved from /home/kai/airflow/dags/execute_python_operators.py
[2024-03-14T08:12:59.876+0530] {logging_mixin.py:188} INFO - [2024-03-14T08:12:59.876+0530] {dag.py:3047} INFO - Sync 1 DAGs
[2024-03-14T08:12:59.893+0530] {logging_mixin.py:188} INFO - [2024-03-14T08:12:59.893+0530] {dag.py:3834} INFO - Setting next_dagrun for python_operator_dag to 2024-03-13 00:00:00+00:00, run_after=2024-03-14 00:00:00+00:00
[2024-03-14T08:12:59.925+0530] {processor.py:183} INFO - Processing /home/kai/airflow/dags/execute_python_operators.py took 0.089 seconds
[2024-03-14T08:13:30.712+0530] {processor.py:161} INFO - Started process (PID=310458) to work on /home/kai/airflow/dags/execute_python_operators.py
[2024-03-14T08:13:30.715+0530] {processor.py:830} INFO - Processing file /home/kai/airflow/dags/execute_python_operators.py for tasks to queue
[2024-03-14T08:13:30.716+0530] {logging_mixin.py:188} INFO - [2024-03-14T08:13:30.715+0530] {dagbag.py:540} INFO - Filling up the DagBag from /home/kai/airflow/dags/execute_python_operators.py
[2024-03-14T08:13:30.725+0530] {processor.py:840} INFO - DAG(s) 'python_operator_dag' retrieved from /home/kai/airflow/dags/execute_python_operators.py
[2024-03-14T08:13:30.745+0530] {logging_mixin.py:188} INFO - [2024-03-14T08:13:30.745+0530] {dag.py:3047} INFO - Sync 1 DAGs
[2024-03-14T08:13:30.761+0530] {logging_mixin.py:188} INFO - [2024-03-14T08:13:30.761+0530] {dag.py:3834} INFO - Setting next_dagrun for python_operator_dag to 2024-03-13 00:00:00+00:00, run_after=2024-03-14 00:00:00+00:00
[2024-03-14T08:13:30.793+0530] {processor.py:183} INFO - Processing /home/kai/airflow/dags/execute_python_operators.py took 0.085 seconds
[2024-03-14T08:14:01.336+0530] {processor.py:161} INFO - Started process (PID=310510) to work on /home/kai/airflow/dags/execute_python_operators.py
[2024-03-14T08:14:01.339+0530] {processor.py:830} INFO - Processing file /home/kai/airflow/dags/execute_python_operators.py for tasks to queue
[2024-03-14T08:14:01.340+0530] {logging_mixin.py:188} INFO - [2024-03-14T08:14:01.340+0530] {dagbag.py:540} INFO - Filling up the DagBag from /home/kai/airflow/dags/execute_python_operators.py
[2024-03-14T08:14:01.349+0530] {processor.py:840} INFO - DAG(s) 'python_operator_dag' retrieved from /home/kai/airflow/dags/execute_python_operators.py
[2024-03-14T08:14:01.369+0530] {logging_mixin.py:188} INFO - [2024-03-14T08:14:01.369+0530] {dag.py:3047} INFO - Sync 1 DAGs
[2024-03-14T08:14:01.386+0530] {logging_mixin.py:188} INFO - [2024-03-14T08:14:01.386+0530] {dag.py:3834} INFO - Setting next_dagrun for python_operator_dag to 2024-03-13 00:00:00+00:00, run_after=2024-03-14 00:00:00+00:00
[2024-03-14T08:14:01.428+0530] {processor.py:183} INFO - Processing /home/kai/airflow/dags/execute_python_operators.py took 0.096 seconds
[2024-03-14T08:14:31.665+0530] {processor.py:161} INFO - Started process (PID=310561) to work on /home/kai/airflow/dags/execute_python_operators.py
[2024-03-14T08:14:31.666+0530] {processor.py:830} INFO - Processing file /home/kai/airflow/dags/execute_python_operators.py for tasks to queue
[2024-03-14T08:14:31.667+0530] {logging_mixin.py:188} INFO - [2024-03-14T08:14:31.667+0530] {dagbag.py:540} INFO - Filling up the DagBag from /home/kai/airflow/dags/execute_python_operators.py
[2024-03-14T08:14:31.676+0530] {processor.py:840} INFO - DAG(s) 'python_operator_dag' retrieved from /home/kai/airflow/dags/execute_python_operators.py
[2024-03-14T08:14:31.697+0530] {logging_mixin.py:188} INFO - [2024-03-14T08:14:31.696+0530] {dag.py:3047} INFO - Sync 1 DAGs
[2024-03-14T08:14:31.713+0530] {logging_mixin.py:188} INFO - [2024-03-14T08:14:31.713+0530] {dag.py:3834} INFO - Setting next_dagrun for python_operator_dag to 2024-03-13 00:00:00+00:00, run_after=2024-03-14 00:00:00+00:00
[2024-03-14T08:14:31.751+0530] {processor.py:183} INFO - Processing /home/kai/airflow/dags/execute_python_operators.py took 0.089 seconds
[2024-03-14T08:15:02.740+0530] {processor.py:161} INFO - Started process (PID=310616) to work on /home/kai/airflow/dags/execute_python_operators.py
[2024-03-14T08:15:02.745+0530] {processor.py:830} INFO - Processing file /home/kai/airflow/dags/execute_python_operators.py for tasks to queue
[2024-03-14T08:15:02.746+0530] {logging_mixin.py:188} INFO - [2024-03-14T08:15:02.745+0530] {dagbag.py:540} INFO - Filling up the DagBag from /home/kai/airflow/dags/execute_python_operators.py
[2024-03-14T08:15:02.754+0530] {processor.py:840} INFO - DAG(s) 'python_operator_dag' retrieved from /home/kai/airflow/dags/execute_python_operators.py
[2024-03-14T08:15:02.774+0530] {logging_mixin.py:188} INFO - [2024-03-14T08:15:02.774+0530] {dag.py:3047} INFO - Sync 1 DAGs
[2024-03-14T08:15:02.791+0530] {logging_mixin.py:188} INFO - [2024-03-14T08:15:02.791+0530] {dag.py:3834} INFO - Setting next_dagrun for python_operator_dag to 2024-03-13 00:00:00+00:00, run_after=2024-03-14 00:00:00+00:00
[2024-03-14T08:15:02.824+0530] {processor.py:183} INFO - Processing /home/kai/airflow/dags/execute_python_operators.py took 0.087 seconds
[2024-03-14T08:15:33.394+0530] {processor.py:161} INFO - Started process (PID=310667) to work on /home/kai/airflow/dags/execute_python_operators.py
[2024-03-14T08:15:33.395+0530] {processor.py:830} INFO - Processing file /home/kai/airflow/dags/execute_python_operators.py for tasks to queue
[2024-03-14T08:15:33.396+0530] {logging_mixin.py:188} INFO - [2024-03-14T08:15:33.396+0530] {dagbag.py:540} INFO - Filling up the DagBag from /home/kai/airflow/dags/execute_python_operators.py
[2024-03-14T08:15:33.405+0530] {processor.py:840} INFO - DAG(s) 'python_operator_dag' retrieved from /home/kai/airflow/dags/execute_python_operators.py
[2024-03-14T08:15:33.426+0530] {logging_mixin.py:188} INFO - [2024-03-14T08:15:33.426+0530] {dag.py:3047} INFO - Sync 1 DAGs
[2024-03-14T08:15:33.442+0530] {logging_mixin.py:188} INFO - [2024-03-14T08:15:33.442+0530] {dag.py:3834} INFO - Setting next_dagrun for python_operator_dag to 2024-03-13 00:00:00+00:00, run_after=2024-03-14 00:00:00+00:00
[2024-03-14T08:15:33.474+0530] {processor.py:183} INFO - Processing /home/kai/airflow/dags/execute_python_operators.py took 0.084 seconds
[2024-03-14T08:16:04.051+0530] {processor.py:161} INFO - Started process (PID=310721) to work on /home/kai/airflow/dags/execute_python_operators.py
[2024-03-14T08:16:04.055+0530] {processor.py:830} INFO - Processing file /home/kai/airflow/dags/execute_python_operators.py for tasks to queue
[2024-03-14T08:16:04.056+0530] {logging_mixin.py:188} INFO - [2024-03-14T08:16:04.056+0530] {dagbag.py:540} INFO - Filling up the DagBag from /home/kai/airflow/dags/execute_python_operators.py
[2024-03-14T08:16:04.064+0530] {processor.py:840} INFO - DAG(s) 'python_operator_dag' retrieved from /home/kai/airflow/dags/execute_python_operators.py
[2024-03-14T08:16:04.085+0530] {logging_mixin.py:188} INFO - [2024-03-14T08:16:04.085+0530] {dag.py:3047} INFO - Sync 1 DAGs
[2024-03-14T08:16:04.101+0530] {logging_mixin.py:188} INFO - [2024-03-14T08:16:04.101+0530] {dag.py:3834} INFO - Setting next_dagrun for python_operator_dag to 2024-03-13 00:00:00+00:00, run_after=2024-03-14 00:00:00+00:00
[2024-03-14T08:16:04.135+0530] {processor.py:183} INFO - Processing /home/kai/airflow/dags/execute_python_operators.py took 0.087 seconds
[2024-03-14T08:16:34.676+0530] {processor.py:161} INFO - Started process (PID=310772) to work on /home/kai/airflow/dags/execute_python_operators.py
[2024-03-14T08:16:34.678+0530] {processor.py:830} INFO - Processing file /home/kai/airflow/dags/execute_python_operators.py for tasks to queue
[2024-03-14T08:16:34.680+0530] {logging_mixin.py:188} INFO - [2024-03-14T08:16:34.679+0530] {dagbag.py:540} INFO - Filling up the DagBag from /home/kai/airflow/dags/execute_python_operators.py
[2024-03-14T08:16:34.691+0530] {processor.py:840} INFO - DAG(s) 'python_operator_dag' retrieved from /home/kai/airflow/dags/execute_python_operators.py
[2024-03-14T08:16:34.731+0530] {logging_mixin.py:188} INFO - [2024-03-14T08:16:34.731+0530] {dag.py:3047} INFO - Sync 1 DAGs
[2024-03-14T08:16:34.770+0530] {logging_mixin.py:188} INFO - [2024-03-14T08:16:34.770+0530] {dag.py:3834} INFO - Setting next_dagrun for python_operator_dag to 2024-03-13 00:00:00+00:00, run_after=2024-03-14 00:00:00+00:00
[2024-03-14T08:16:34.822+0530] {processor.py:183} INFO - Processing /home/kai/airflow/dags/execute_python_operators.py took 0.150 seconds
