[2024-03-14T07:42:41.983+0530] {processor.py:161} INFO - Started process (PID=307313) to work on /home/kai/airflow/dags/execute_branching.py
[2024-03-14T07:42:41.984+0530] {processor.py:830} INFO - Processing file /home/kai/airflow/dags/execute_branching.py for tasks to queue
[2024-03-14T07:42:41.985+0530] {logging_mixin.py:188} INFO - [2024-03-14T07:42:41.985+0530] {dagbag.py:540} INFO - Filling up the DagBag from /home/kai/airflow/dags/execute_branching.py
[2024-03-14T07:42:41.993+0530] {processor.py:840} INFO - DAG(s) 'branching_dag' retrieved from /home/kai/airflow/dags/execute_branching.py
[2024-03-14T07:42:42.074+0530] {logging_mixin.py:188} INFO - [2024-03-14T07:42:42.073+0530] {dag.py:3047} INFO - Sync 1 DAGs
[2024-03-14T07:42:42.088+0530] {logging_mixin.py:188} INFO - [2024-03-14T07:42:42.088+0530] {dag.py:3834} INFO - Setting next_dagrun for branching_dag to 2024-03-13 00:00:00+00:00, run_after=2024-03-14 00:00:00+00:00
[2024-03-14T07:42:42.128+0530] {processor.py:183} INFO - Processing /home/kai/airflow/dags/execute_branching.py took 0.148 seconds
[2024-03-14T07:43:12.578+0530] {processor.py:161} INFO - Started process (PID=307367) to work on /home/kai/airflow/dags/execute_branching.py
[2024-03-14T07:43:12.581+0530] {processor.py:830} INFO - Processing file /home/kai/airflow/dags/execute_branching.py for tasks to queue
[2024-03-14T07:43:12.582+0530] {logging_mixin.py:188} INFO - [2024-03-14T07:43:12.582+0530] {dagbag.py:540} INFO - Filling up the DagBag from /home/kai/airflow/dags/execute_branching.py
[2024-03-14T07:43:12.590+0530] {processor.py:840} INFO - DAG(s) 'branching_dag' retrieved from /home/kai/airflow/dags/execute_branching.py
[2024-03-14T07:43:12.610+0530] {logging_mixin.py:188} INFO - [2024-03-14T07:43:12.610+0530] {dag.py:3047} INFO - Sync 1 DAGs
[2024-03-14T07:43:12.627+0530] {logging_mixin.py:188} INFO - [2024-03-14T07:43:12.626+0530] {dag.py:3834} INFO - Setting next_dagrun for branching_dag to 2024-03-13 00:00:00+00:00, run_after=2024-03-14 00:00:00+00:00
[2024-03-14T07:43:12.660+0530] {processor.py:183} INFO - Processing /home/kai/airflow/dags/execute_branching.py took 0.084 seconds
[2024-03-14T07:43:43.225+0530] {processor.py:161} INFO - Started process (PID=307421) to work on /home/kai/airflow/dags/execute_branching.py
[2024-03-14T07:43:43.226+0530] {processor.py:830} INFO - Processing file /home/kai/airflow/dags/execute_branching.py for tasks to queue
[2024-03-14T07:43:43.227+0530] {logging_mixin.py:188} INFO - [2024-03-14T07:43:43.227+0530] {dagbag.py:540} INFO - Filling up the DagBag from /home/kai/airflow/dags/execute_branching.py
[2024-03-14T07:43:43.236+0530] {processor.py:840} INFO - DAG(s) 'branching_dag' retrieved from /home/kai/airflow/dags/execute_branching.py
[2024-03-14T07:43:43.256+0530] {logging_mixin.py:188} INFO - [2024-03-14T07:43:43.255+0530] {dag.py:3047} INFO - Sync 1 DAGs
[2024-03-14T07:43:43.272+0530] {logging_mixin.py:188} INFO - [2024-03-14T07:43:43.272+0530] {dag.py:3834} INFO - Setting next_dagrun for branching_dag to 2024-03-13 00:00:00+00:00, run_after=2024-03-14 00:00:00+00:00
[2024-03-14T07:43:43.305+0530] {processor.py:183} INFO - Processing /home/kai/airflow/dags/execute_branching.py took 0.083 seconds
[2024-03-14T07:44:14.963+0530] {processor.py:161} INFO - Started process (PID=307472) to work on /home/kai/airflow/dags/execute_branching.py
[2024-03-14T07:44:14.966+0530] {processor.py:830} INFO - Processing file /home/kai/airflow/dags/execute_branching.py for tasks to queue
[2024-03-14T07:44:14.967+0530] {logging_mixin.py:188} INFO - [2024-03-14T07:44:14.966+0530] {dagbag.py:540} INFO - Filling up the DagBag from /home/kai/airflow/dags/execute_branching.py
[2024-03-14T07:44:14.975+0530] {processor.py:840} INFO - DAG(s) 'branching_dag' retrieved from /home/kai/airflow/dags/execute_branching.py
[2024-03-14T07:44:14.995+0530] {logging_mixin.py:188} INFO - [2024-03-14T07:44:14.995+0530] {dag.py:3047} INFO - Sync 1 DAGs
[2024-03-14T07:44:15.011+0530] {logging_mixin.py:188} INFO - [2024-03-14T07:44:15.011+0530] {dag.py:3834} INFO - Setting next_dagrun for branching_dag to 2024-03-13 00:00:00+00:00, run_after=2024-03-14 00:00:00+00:00
[2024-03-14T07:44:15.047+0530] {processor.py:183} INFO - Processing /home/kai/airflow/dags/execute_branching.py took 0.087 seconds
[2024-03-14T07:44:46.669+0530] {processor.py:161} INFO - Started process (PID=307526) to work on /home/kai/airflow/dags/execute_branching.py
[2024-03-14T07:44:46.672+0530] {processor.py:830} INFO - Processing file /home/kai/airflow/dags/execute_branching.py for tasks to queue
[2024-03-14T07:44:46.673+0530] {logging_mixin.py:188} INFO - [2024-03-14T07:44:46.672+0530] {dagbag.py:540} INFO - Filling up the DagBag from /home/kai/airflow/dags/execute_branching.py
[2024-03-14T07:44:46.681+0530] {processor.py:840} INFO - DAG(s) 'branching_dag' retrieved from /home/kai/airflow/dags/execute_branching.py
[2024-03-14T07:44:46.701+0530] {logging_mixin.py:188} INFO - [2024-03-14T07:44:46.701+0530] {dag.py:3047} INFO - Sync 1 DAGs
[2024-03-14T07:44:46.718+0530] {logging_mixin.py:188} INFO - [2024-03-14T07:44:46.718+0530] {dag.py:3834} INFO - Setting next_dagrun for branching_dag to 2024-03-13 00:00:00+00:00, run_after=2024-03-14 00:00:00+00:00
[2024-03-14T07:44:46.766+0530] {processor.py:183} INFO - Processing /home/kai/airflow/dags/execute_branching.py took 0.100 seconds
[2024-03-14T07:45:17.844+0530] {processor.py:161} INFO - Started process (PID=307581) to work on /home/kai/airflow/dags/execute_branching.py
[2024-03-14T07:45:17.847+0530] {processor.py:830} INFO - Processing file /home/kai/airflow/dags/execute_branching.py for tasks to queue
[2024-03-14T07:45:17.848+0530] {logging_mixin.py:188} INFO - [2024-03-14T07:45:17.847+0530] {dagbag.py:540} INFO - Filling up the DagBag from /home/kai/airflow/dags/execute_branching.py
[2024-03-14T07:45:17.856+0530] {processor.py:840} INFO - DAG(s) 'branching_dag' retrieved from /home/kai/airflow/dags/execute_branching.py
[2024-03-14T07:45:17.877+0530] {logging_mixin.py:188} INFO - [2024-03-14T07:45:17.876+0530] {dag.py:3047} INFO - Sync 1 DAGs
[2024-03-14T07:45:17.893+0530] {logging_mixin.py:188} INFO - [2024-03-14T07:45:17.893+0530] {dag.py:3834} INFO - Setting next_dagrun for branching_dag to 2024-03-13 00:00:00+00:00, run_after=2024-03-14 00:00:00+00:00
[2024-03-14T07:45:17.929+0530] {processor.py:183} INFO - Processing /home/kai/airflow/dags/execute_branching.py took 0.088 seconds
[2024-03-14T07:45:48.826+0530] {processor.py:161} INFO - Started process (PID=307632) to work on /home/kai/airflow/dags/execute_branching.py
[2024-03-14T07:45:48.830+0530] {processor.py:830} INFO - Processing file /home/kai/airflow/dags/execute_branching.py for tasks to queue
[2024-03-14T07:45:48.831+0530] {logging_mixin.py:188} INFO - [2024-03-14T07:45:48.831+0530] {dagbag.py:540} INFO - Filling up the DagBag from /home/kai/airflow/dags/execute_branching.py
[2024-03-14T07:45:48.840+0530] {processor.py:840} INFO - DAG(s) 'branching_dag' retrieved from /home/kai/airflow/dags/execute_branching.py
[2024-03-14T07:45:48.860+0530] {logging_mixin.py:188} INFO - [2024-03-14T07:45:48.860+0530] {dag.py:3047} INFO - Sync 1 DAGs
[2024-03-14T07:45:48.877+0530] {logging_mixin.py:188} INFO - [2024-03-14T07:45:48.877+0530] {dag.py:3834} INFO - Setting next_dagrun for branching_dag to 2024-03-13 00:00:00+00:00, run_after=2024-03-14 00:00:00+00:00
[2024-03-14T07:45:48.914+0530] {processor.py:183} INFO - Processing /home/kai/airflow/dags/execute_branching.py took 0.091 seconds
[2024-03-14T07:46:19.726+0530] {processor.py:161} INFO - Started process (PID=307686) to work on /home/kai/airflow/dags/execute_branching.py
[2024-03-14T07:46:19.730+0530] {processor.py:830} INFO - Processing file /home/kai/airflow/dags/execute_branching.py for tasks to queue
[2024-03-14T07:46:19.731+0530] {logging_mixin.py:188} INFO - [2024-03-14T07:46:19.731+0530] {dagbag.py:540} INFO - Filling up the DagBag from /home/kai/airflow/dags/execute_branching.py
[2024-03-14T07:46:19.739+0530] {processor.py:840} INFO - DAG(s) 'branching_dag' retrieved from /home/kai/airflow/dags/execute_branching.py
[2024-03-14T07:46:19.759+0530] {logging_mixin.py:188} INFO - [2024-03-14T07:46:19.759+0530] {dag.py:3047} INFO - Sync 1 DAGs
[2024-03-14T07:46:19.776+0530] {logging_mixin.py:188} INFO - [2024-03-14T07:46:19.776+0530] {dag.py:3834} INFO - Setting next_dagrun for branching_dag to 2024-03-13 00:00:00+00:00, run_after=2024-03-14 00:00:00+00:00
[2024-03-14T07:46:19.813+0530] {processor.py:183} INFO - Processing /home/kai/airflow/dags/execute_branching.py took 0.091 seconds
[2024-03-14T07:46:50.684+0530] {processor.py:161} INFO - Started process (PID=307737) to work on /home/kai/airflow/dags/execute_branching.py
[2024-03-14T07:46:50.687+0530] {processor.py:830} INFO - Processing file /home/kai/airflow/dags/execute_branching.py for tasks to queue
[2024-03-14T07:46:50.688+0530] {logging_mixin.py:188} INFO - [2024-03-14T07:46:50.688+0530] {dagbag.py:540} INFO - Filling up the DagBag from /home/kai/airflow/dags/execute_branching.py
[2024-03-14T07:46:50.696+0530] {processor.py:840} INFO - DAG(s) 'branching_dag' retrieved from /home/kai/airflow/dags/execute_branching.py
[2024-03-14T07:46:50.717+0530] {logging_mixin.py:188} INFO - [2024-03-14T07:46:50.716+0530] {dag.py:3047} INFO - Sync 1 DAGs
[2024-03-14T07:46:50.733+0530] {logging_mixin.py:188} INFO - [2024-03-14T07:46:50.733+0530] {dag.py:3834} INFO - Setting next_dagrun for branching_dag to 2024-03-13 00:00:00+00:00, run_after=2024-03-14 00:00:00+00:00
[2024-03-14T07:46:50.766+0530] {processor.py:183} INFO - Processing /home/kai/airflow/dags/execute_branching.py took 0.085 seconds
[2024-03-14T07:47:21.989+0530] {processor.py:161} INFO - Started process (PID=307791) to work on /home/kai/airflow/dags/execute_branching.py
[2024-03-14T07:47:21.990+0530] {processor.py:830} INFO - Processing file /home/kai/airflow/dags/execute_branching.py for tasks to queue
[2024-03-14T07:47:21.991+0530] {logging_mixin.py:188} INFO - [2024-03-14T07:47:21.991+0530] {dagbag.py:540} INFO - Filling up the DagBag from /home/kai/airflow/dags/execute_branching.py
[2024-03-14T07:47:21.999+0530] {processor.py:840} INFO - DAG(s) 'branching_dag' retrieved from /home/kai/airflow/dags/execute_branching.py
[2024-03-14T07:47:22.019+0530] {logging_mixin.py:188} INFO - [2024-03-14T07:47:22.019+0530] {dag.py:3047} INFO - Sync 1 DAGs
[2024-03-14T07:47:22.037+0530] {logging_mixin.py:188} INFO - [2024-03-14T07:47:22.037+0530] {dag.py:3834} INFO - Setting next_dagrun for branching_dag to 2024-03-13 00:00:00+00:00, run_after=2024-03-14 00:00:00+00:00
[2024-03-14T07:47:22.069+0530] {processor.py:183} INFO - Processing /home/kai/airflow/dags/execute_branching.py took 0.083 seconds
[2024-03-14T07:47:52.942+0530] {processor.py:161} INFO - Started process (PID=307842) to work on /home/kai/airflow/dags/execute_branching.py
[2024-03-14T07:47:52.945+0530] {processor.py:830} INFO - Processing file /home/kai/airflow/dags/execute_branching.py for tasks to queue
[2024-03-14T07:47:52.946+0530] {logging_mixin.py:188} INFO - [2024-03-14T07:47:52.946+0530] {dagbag.py:540} INFO - Filling up the DagBag from /home/kai/airflow/dags/execute_branching.py
[2024-03-14T07:47:52.955+0530] {processor.py:840} INFO - DAG(s) 'branching_dag' retrieved from /home/kai/airflow/dags/execute_branching.py
[2024-03-14T07:47:52.975+0530] {logging_mixin.py:188} INFO - [2024-03-14T07:47:52.975+0530] {dag.py:3047} INFO - Sync 1 DAGs
[2024-03-14T07:47:52.991+0530] {logging_mixin.py:188} INFO - [2024-03-14T07:47:52.991+0530] {dag.py:3834} INFO - Setting next_dagrun for branching_dag to 2024-03-13 00:00:00+00:00, run_after=2024-03-14 00:00:00+00:00
[2024-03-14T07:47:53.024+0530] {processor.py:183} INFO - Processing /home/kai/airflow/dags/execute_branching.py took 0.084 seconds
[2024-03-14T07:48:23.812+0530] {processor.py:161} INFO - Started process (PID=307895) to work on /home/kai/airflow/dags/execute_branching.py
[2024-03-14T07:48:23.815+0530] {processor.py:830} INFO - Processing file /home/kai/airflow/dags/execute_branching.py for tasks to queue
[2024-03-14T07:48:23.816+0530] {logging_mixin.py:188} INFO - [2024-03-14T07:48:23.815+0530] {dagbag.py:540} INFO - Filling up the DagBag from /home/kai/airflow/dags/execute_branching.py
[2024-03-14T07:48:23.824+0530] {processor.py:840} INFO - DAG(s) 'branching_dag' retrieved from /home/kai/airflow/dags/execute_branching.py
[2024-03-14T07:48:23.844+0530] {logging_mixin.py:188} INFO - [2024-03-14T07:48:23.844+0530] {dag.py:3047} INFO - Sync 1 DAGs
[2024-03-14T07:48:23.860+0530] {logging_mixin.py:188} INFO - [2024-03-14T07:48:23.860+0530] {dag.py:3834} INFO - Setting next_dagrun for branching_dag to 2024-03-13 00:00:00+00:00, run_after=2024-03-14 00:00:00+00:00
[2024-03-14T07:48:23.893+0530] {processor.py:183} INFO - Processing /home/kai/airflow/dags/execute_branching.py took 0.084 seconds
[2024-03-14T07:48:54.796+0530] {processor.py:161} INFO - Started process (PID=307948) to work on /home/kai/airflow/dags/execute_branching.py
[2024-03-14T07:48:54.801+0530] {processor.py:830} INFO - Processing file /home/kai/airflow/dags/execute_branching.py for tasks to queue
[2024-03-14T07:48:54.801+0530] {logging_mixin.py:188} INFO - [2024-03-14T07:48:54.801+0530] {dagbag.py:540} INFO - Filling up the DagBag from /home/kai/airflow/dags/execute_branching.py
[2024-03-14T07:48:54.810+0530] {processor.py:840} INFO - DAG(s) 'branching_dag' retrieved from /home/kai/airflow/dags/execute_branching.py
[2024-03-14T07:48:54.829+0530] {logging_mixin.py:188} INFO - [2024-03-14T07:48:54.829+0530] {dag.py:3047} INFO - Sync 1 DAGs
[2024-03-14T07:48:54.846+0530] {logging_mixin.py:188} INFO - [2024-03-14T07:48:54.846+0530] {dag.py:3834} INFO - Setting next_dagrun for branching_dag to 2024-03-13 00:00:00+00:00, run_after=2024-03-14 00:00:00+00:00
[2024-03-14T07:48:54.883+0530] {processor.py:183} INFO - Processing /home/kai/airflow/dags/execute_branching.py took 0.090 seconds
[2024-03-14T07:49:25.654+0530] {processor.py:161} INFO - Started process (PID=308000) to work on /home/kai/airflow/dags/execute_branching.py
[2024-03-14T07:49:25.657+0530] {processor.py:830} INFO - Processing file /home/kai/airflow/dags/execute_branching.py for tasks to queue
[2024-03-14T07:49:25.658+0530] {logging_mixin.py:188} INFO - [2024-03-14T07:49:25.658+0530] {dagbag.py:540} INFO - Filling up the DagBag from /home/kai/airflow/dags/execute_branching.py
[2024-03-14T07:49:25.666+0530] {processor.py:840} INFO - DAG(s) 'branching_dag' retrieved from /home/kai/airflow/dags/execute_branching.py
[2024-03-14T07:49:25.686+0530] {logging_mixin.py:188} INFO - [2024-03-14T07:49:25.686+0530] {dag.py:3047} INFO - Sync 1 DAGs
[2024-03-14T07:49:25.703+0530] {logging_mixin.py:188} INFO - [2024-03-14T07:49:25.703+0530] {dag.py:3834} INFO - Setting next_dagrun for branching_dag to 2024-03-13 00:00:00+00:00, run_after=2024-03-14 00:00:00+00:00
[2024-03-14T07:49:25.734+0530] {processor.py:183} INFO - Processing /home/kai/airflow/dags/execute_branching.py took 0.083 seconds
[2024-03-14T07:49:56.544+0530] {processor.py:161} INFO - Started process (PID=308052) to work on /home/kai/airflow/dags/execute_branching.py
[2024-03-14T07:49:56.545+0530] {processor.py:830} INFO - Processing file /home/kai/airflow/dags/execute_branching.py for tasks to queue
[2024-03-14T07:49:56.546+0530] {logging_mixin.py:188} INFO - [2024-03-14T07:49:56.546+0530] {dagbag.py:540} INFO - Filling up the DagBag from /home/kai/airflow/dags/execute_branching.py
[2024-03-14T07:49:56.554+0530] {processor.py:840} INFO - DAG(s) 'branching_dag' retrieved from /home/kai/airflow/dags/execute_branching.py
[2024-03-14T07:49:56.575+0530] {logging_mixin.py:188} INFO - [2024-03-14T07:49:56.574+0530] {dag.py:3047} INFO - Sync 1 DAGs
[2024-03-14T07:49:56.590+0530] {logging_mixin.py:188} INFO - [2024-03-14T07:49:56.590+0530] {dag.py:3834} INFO - Setting next_dagrun for branching_dag to 2024-03-13 00:00:00+00:00, run_after=2024-03-14 00:00:00+00:00
[2024-03-14T07:49:56.628+0530] {processor.py:183} INFO - Processing /home/kai/airflow/dags/execute_branching.py took 0.088 seconds
[2024-03-14T07:50:27.410+0530] {processor.py:161} INFO - Started process (PID=308106) to work on /home/kai/airflow/dags/execute_branching.py
[2024-03-14T07:50:27.415+0530] {processor.py:830} INFO - Processing file /home/kai/airflow/dags/execute_branching.py for tasks to queue
[2024-03-14T07:50:27.416+0530] {logging_mixin.py:188} INFO - [2024-03-14T07:50:27.415+0530] {dagbag.py:540} INFO - Filling up the DagBag from /home/kai/airflow/dags/execute_branching.py
[2024-03-14T07:50:27.424+0530] {processor.py:840} INFO - DAG(s) 'branching_dag' retrieved from /home/kai/airflow/dags/execute_branching.py
[2024-03-14T07:50:27.444+0530] {logging_mixin.py:188} INFO - [2024-03-14T07:50:27.444+0530] {dag.py:3047} INFO - Sync 1 DAGs
[2024-03-14T07:50:27.460+0530] {logging_mixin.py:188} INFO - [2024-03-14T07:50:27.460+0530] {dag.py:3834} INFO - Setting next_dagrun for branching_dag to 2024-03-13 00:00:00+00:00, run_after=2024-03-14 00:00:00+00:00
[2024-03-14T07:50:27.491+0530] {processor.py:183} INFO - Processing /home/kai/airflow/dags/execute_branching.py took 0.084 seconds
[2024-03-14T07:50:58.176+0530] {processor.py:161} INFO - Started process (PID=308158) to work on /home/kai/airflow/dags/execute_branching.py
[2024-03-14T07:50:58.180+0530] {processor.py:830} INFO - Processing file /home/kai/airflow/dags/execute_branching.py for tasks to queue
[2024-03-14T07:50:58.181+0530] {logging_mixin.py:188} INFO - [2024-03-14T07:50:58.181+0530] {dagbag.py:540} INFO - Filling up the DagBag from /home/kai/airflow/dags/execute_branching.py
[2024-03-14T07:50:58.190+0530] {processor.py:840} INFO - DAG(s) 'branching_dag' retrieved from /home/kai/airflow/dags/execute_branching.py
[2024-03-14T07:50:58.210+0530] {logging_mixin.py:188} INFO - [2024-03-14T07:50:58.209+0530] {dag.py:3047} INFO - Sync 1 DAGs
[2024-03-14T07:50:58.227+0530] {logging_mixin.py:188} INFO - [2024-03-14T07:50:58.226+0530] {dag.py:3834} INFO - Setting next_dagrun for branching_dag to 2024-03-13 00:00:00+00:00, run_after=2024-03-14 00:00:00+00:00
[2024-03-14T07:50:58.260+0530] {processor.py:183} INFO - Processing /home/kai/airflow/dags/execute_branching.py took 0.087 seconds
[2024-03-14T07:51:29.063+0530] {processor.py:161} INFO - Started process (PID=308209) to work on /home/kai/airflow/dags/execute_branching.py
[2024-03-14T07:51:29.067+0530] {processor.py:830} INFO - Processing file /home/kai/airflow/dags/execute_branching.py for tasks to queue
[2024-03-14T07:51:29.067+0530] {logging_mixin.py:188} INFO - [2024-03-14T07:51:29.067+0530] {dagbag.py:540} INFO - Filling up the DagBag from /home/kai/airflow/dags/execute_branching.py
[2024-03-14T07:51:29.076+0530] {processor.py:840} INFO - DAG(s) 'branching_dag' retrieved from /home/kai/airflow/dags/execute_branching.py
[2024-03-14T07:51:29.096+0530] {logging_mixin.py:188} INFO - [2024-03-14T07:51:29.095+0530] {dag.py:3047} INFO - Sync 1 DAGs
[2024-03-14T07:51:29.112+0530] {logging_mixin.py:188} INFO - [2024-03-14T07:51:29.112+0530] {dag.py:3834} INFO - Setting next_dagrun for branching_dag to 2024-03-13 00:00:00+00:00, run_after=2024-03-14 00:00:00+00:00
[2024-03-14T07:51:29.149+0530] {processor.py:183} INFO - Processing /home/kai/airflow/dags/execute_branching.py took 0.089 seconds
[2024-03-14T07:51:59.937+0530] {processor.py:161} INFO - Started process (PID=308263) to work on /home/kai/airflow/dags/execute_branching.py
[2024-03-14T07:51:59.942+0530] {processor.py:830} INFO - Processing file /home/kai/airflow/dags/execute_branching.py for tasks to queue
[2024-03-14T07:51:59.943+0530] {logging_mixin.py:188} INFO - [2024-03-14T07:51:59.942+0530] {dagbag.py:540} INFO - Filling up the DagBag from /home/kai/airflow/dags/execute_branching.py
[2024-03-14T07:51:59.951+0530] {processor.py:840} INFO - DAG(s) 'branching_dag' retrieved from /home/kai/airflow/dags/execute_branching.py
[2024-03-14T07:51:59.971+0530] {logging_mixin.py:188} INFO - [2024-03-14T07:51:59.971+0530] {dag.py:3047} INFO - Sync 1 DAGs
[2024-03-14T07:51:59.987+0530] {logging_mixin.py:188} INFO - [2024-03-14T07:51:59.987+0530] {dag.py:3834} INFO - Setting next_dagrun for branching_dag to 2024-03-13 00:00:00+00:00, run_after=2024-03-14 00:00:00+00:00
[2024-03-14T07:52:00.026+0530] {processor.py:183} INFO - Processing /home/kai/airflow/dags/execute_branching.py took 0.092 seconds
[2024-03-14T07:52:30.663+0530] {processor.py:161} INFO - Started process (PID=308318) to work on /home/kai/airflow/dags/execute_branching.py
[2024-03-14T07:52:30.666+0530] {processor.py:830} INFO - Processing file /home/kai/airflow/dags/execute_branching.py for tasks to queue
[2024-03-14T07:52:30.667+0530] {logging_mixin.py:188} INFO - [2024-03-14T07:52:30.666+0530] {dagbag.py:540} INFO - Filling up the DagBag from /home/kai/airflow/dags/execute_branching.py
[2024-03-14T07:52:30.675+0530] {processor.py:840} INFO - DAG(s) 'branching_dag' retrieved from /home/kai/airflow/dags/execute_branching.py
[2024-03-14T07:52:30.696+0530] {logging_mixin.py:188} INFO - [2024-03-14T07:52:30.696+0530] {dag.py:3047} INFO - Sync 1 DAGs
[2024-03-14T07:52:30.714+0530] {logging_mixin.py:188} INFO - [2024-03-14T07:52:30.714+0530] {dag.py:3834} INFO - Setting next_dagrun for branching_dag to 2024-03-13 00:00:00+00:00, run_after=2024-03-14 00:00:00+00:00
[2024-03-14T07:52:30.766+0530] {processor.py:183} INFO - Processing /home/kai/airflow/dags/execute_branching.py took 0.107 seconds
[2024-03-14T07:53:01.490+0530] {processor.py:161} INFO - Started process (PID=308370) to work on /home/kai/airflow/dags/execute_branching.py
[2024-03-14T07:53:01.493+0530] {processor.py:830} INFO - Processing file /home/kai/airflow/dags/execute_branching.py for tasks to queue
[2024-03-14T07:53:01.494+0530] {logging_mixin.py:188} INFO - [2024-03-14T07:53:01.494+0530] {dagbag.py:540} INFO - Filling up the DagBag from /home/kai/airflow/dags/execute_branching.py
[2024-03-14T07:53:01.502+0530] {processor.py:840} INFO - DAG(s) 'branching_dag' retrieved from /home/kai/airflow/dags/execute_branching.py
[2024-03-14T07:53:01.522+0530] {logging_mixin.py:188} INFO - [2024-03-14T07:53:01.522+0530] {dag.py:3047} INFO - Sync 1 DAGs
[2024-03-14T07:53:01.539+0530] {logging_mixin.py:188} INFO - [2024-03-14T07:53:01.539+0530] {dag.py:3834} INFO - Setting next_dagrun for branching_dag to 2024-03-13 00:00:00+00:00, run_after=2024-03-14 00:00:00+00:00
[2024-03-14T07:53:01.573+0530] {processor.py:183} INFO - Processing /home/kai/airflow/dags/execute_branching.py took 0.086 seconds
[2024-03-14T07:53:33.275+0530] {processor.py:161} INFO - Started process (PID=308423) to work on /home/kai/airflow/dags/execute_branching.py
[2024-03-14T07:53:33.279+0530] {processor.py:830} INFO - Processing file /home/kai/airflow/dags/execute_branching.py for tasks to queue
[2024-03-14T07:53:33.280+0530] {logging_mixin.py:188} INFO - [2024-03-14T07:53:33.280+0530] {dagbag.py:540} INFO - Filling up the DagBag from /home/kai/airflow/dags/execute_branching.py
[2024-03-14T07:53:33.288+0530] {processor.py:840} INFO - DAG(s) 'branching_dag' retrieved from /home/kai/airflow/dags/execute_branching.py
[2024-03-14T07:53:33.309+0530] {logging_mixin.py:188} INFO - [2024-03-14T07:53:33.309+0530] {dag.py:3047} INFO - Sync 1 DAGs
[2024-03-14T07:53:33.325+0530] {logging_mixin.py:188} INFO - [2024-03-14T07:53:33.325+0530] {dag.py:3834} INFO - Setting next_dagrun for branching_dag to 2024-03-13 00:00:00+00:00, run_after=2024-03-14 00:00:00+00:00
[2024-03-14T07:53:33.362+0530] {processor.py:183} INFO - Processing /home/kai/airflow/dags/execute_branching.py took 0.090 seconds
[2024-03-14T07:54:04.346+0530] {processor.py:161} INFO - Started process (PID=308475) to work on /home/kai/airflow/dags/execute_branching.py
[2024-03-14T07:54:04.351+0530] {processor.py:830} INFO - Processing file /home/kai/airflow/dags/execute_branching.py for tasks to queue
[2024-03-14T07:54:04.352+0530] {logging_mixin.py:188} INFO - [2024-03-14T07:54:04.351+0530] {dagbag.py:540} INFO - Filling up the DagBag from /home/kai/airflow/dags/execute_branching.py
[2024-03-14T07:54:04.360+0530] {processor.py:840} INFO - DAG(s) 'branching_dag' retrieved from /home/kai/airflow/dags/execute_branching.py
[2024-03-14T07:54:04.380+0530] {logging_mixin.py:188} INFO - [2024-03-14T07:54:04.380+0530] {dag.py:3047} INFO - Sync 1 DAGs
[2024-03-14T07:54:04.396+0530] {logging_mixin.py:188} INFO - [2024-03-14T07:54:04.396+0530] {dag.py:3834} INFO - Setting next_dagrun for branching_dag to 2024-03-13 00:00:00+00:00, run_after=2024-03-14 00:00:00+00:00
[2024-03-14T07:54:04.432+0530] {processor.py:183} INFO - Processing /home/kai/airflow/dags/execute_branching.py took 0.089 seconds
[2024-03-14T07:54:35.088+0530] {processor.py:161} INFO - Started process (PID=308526) to work on /home/kai/airflow/dags/execute_branching.py
[2024-03-14T07:54:35.092+0530] {processor.py:830} INFO - Processing file /home/kai/airflow/dags/execute_branching.py for tasks to queue
[2024-03-14T07:54:35.093+0530] {logging_mixin.py:188} INFO - [2024-03-14T07:54:35.093+0530] {dagbag.py:540} INFO - Filling up the DagBag from /home/kai/airflow/dags/execute_branching.py
[2024-03-14T07:54:35.102+0530] {processor.py:840} INFO - DAG(s) 'branching_dag' retrieved from /home/kai/airflow/dags/execute_branching.py
[2024-03-14T07:54:35.122+0530] {logging_mixin.py:188} INFO - [2024-03-14T07:54:35.121+0530] {dag.py:3047} INFO - Sync 1 DAGs
[2024-03-14T07:54:35.138+0530] {logging_mixin.py:188} INFO - [2024-03-14T07:54:35.138+0530] {dag.py:3834} INFO - Setting next_dagrun for branching_dag to 2024-03-13 00:00:00+00:00, run_after=2024-03-14 00:00:00+00:00
[2024-03-14T07:54:35.175+0530] {processor.py:183} INFO - Processing /home/kai/airflow/dags/execute_branching.py took 0.090 seconds
[2024-03-14T07:55:05.695+0530] {processor.py:161} INFO - Started process (PID=308581) to work on /home/kai/airflow/dags/execute_branching.py
[2024-03-14T07:55:05.699+0530] {processor.py:830} INFO - Processing file /home/kai/airflow/dags/execute_branching.py for tasks to queue
[2024-03-14T07:55:05.700+0530] {logging_mixin.py:188} INFO - [2024-03-14T07:55:05.700+0530] {dagbag.py:540} INFO - Filling up the DagBag from /home/kai/airflow/dags/execute_branching.py
[2024-03-14T07:55:05.708+0530] {processor.py:840} INFO - DAG(s) 'branching_dag' retrieved from /home/kai/airflow/dags/execute_branching.py
[2024-03-14T07:55:05.728+0530] {logging_mixin.py:188} INFO - [2024-03-14T07:55:05.728+0530] {dag.py:3047} INFO - Sync 1 DAGs
[2024-03-14T07:55:05.745+0530] {logging_mixin.py:188} INFO - [2024-03-14T07:55:05.745+0530] {dag.py:3834} INFO - Setting next_dagrun for branching_dag to 2024-03-13 00:00:00+00:00, run_after=2024-03-14 00:00:00+00:00
[2024-03-14T07:55:05.779+0530] {processor.py:183} INFO - Processing /home/kai/airflow/dags/execute_branching.py took 0.087 seconds
[2024-03-14T07:55:36.330+0530] {processor.py:161} INFO - Started process (PID=308635) to work on /home/kai/airflow/dags/execute_branching.py
[2024-03-14T07:55:36.335+0530] {processor.py:830} INFO - Processing file /home/kai/airflow/dags/execute_branching.py for tasks to queue
[2024-03-14T07:55:36.336+0530] {logging_mixin.py:188} INFO - [2024-03-14T07:55:36.335+0530] {dagbag.py:540} INFO - Filling up the DagBag from /home/kai/airflow/dags/execute_branching.py
[2024-03-14T07:55:36.344+0530] {processor.py:840} INFO - DAG(s) 'branching_dag' retrieved from /home/kai/airflow/dags/execute_branching.py
[2024-03-14T07:55:36.364+0530] {logging_mixin.py:188} INFO - [2024-03-14T07:55:36.364+0530] {dag.py:3047} INFO - Sync 1 DAGs
[2024-03-14T07:55:36.380+0530] {logging_mixin.py:188} INFO - [2024-03-14T07:55:36.380+0530] {dag.py:3834} INFO - Setting next_dagrun for branching_dag to 2024-03-13 00:00:00+00:00, run_after=2024-03-14 00:00:00+00:00
[2024-03-14T07:55:36.412+0530] {processor.py:183} INFO - Processing /home/kai/airflow/dags/execute_branching.py took 0.085 seconds
[2024-03-14T07:56:06.938+0530] {processor.py:161} INFO - Started process (PID=308690) to work on /home/kai/airflow/dags/execute_branching.py
[2024-03-14T07:56:06.943+0530] {processor.py:830} INFO - Processing file /home/kai/airflow/dags/execute_branching.py for tasks to queue
[2024-03-14T07:56:06.944+0530] {logging_mixin.py:188} INFO - [2024-03-14T07:56:06.943+0530] {dagbag.py:540} INFO - Filling up the DagBag from /home/kai/airflow/dags/execute_branching.py
[2024-03-14T07:56:06.952+0530] {processor.py:840} INFO - DAG(s) 'branching_dag' retrieved from /home/kai/airflow/dags/execute_branching.py
[2024-03-14T07:56:06.972+0530] {logging_mixin.py:188} INFO - [2024-03-14T07:56:06.972+0530] {dag.py:3047} INFO - Sync 1 DAGs
[2024-03-14T07:56:06.988+0530] {logging_mixin.py:188} INFO - [2024-03-14T07:56:06.988+0530] {dag.py:3834} INFO - Setting next_dagrun for branching_dag to 2024-03-13 00:00:00+00:00, run_after=2024-03-14 00:00:00+00:00
[2024-03-14T07:56:07.020+0530] {processor.py:183} INFO - Processing /home/kai/airflow/dags/execute_branching.py took 0.085 seconds
[2024-03-14T07:56:37.564+0530] {processor.py:161} INFO - Started process (PID=308744) to work on /home/kai/airflow/dags/execute_branching.py
[2024-03-14T07:56:37.565+0530] {processor.py:830} INFO - Processing file /home/kai/airflow/dags/execute_branching.py for tasks to queue
[2024-03-14T07:56:37.566+0530] {logging_mixin.py:188} INFO - [2024-03-14T07:56:37.565+0530] {dagbag.py:540} INFO - Filling up the DagBag from /home/kai/airflow/dags/execute_branching.py
[2024-03-14T07:56:37.574+0530] {processor.py:840} INFO - DAG(s) 'branching_dag' retrieved from /home/kai/airflow/dags/execute_branching.py
[2024-03-14T07:56:37.594+0530] {logging_mixin.py:188} INFO - [2024-03-14T07:56:37.594+0530] {dag.py:3047} INFO - Sync 1 DAGs
[2024-03-14T07:56:37.610+0530] {logging_mixin.py:188} INFO - [2024-03-14T07:56:37.610+0530] {dag.py:3834} INFO - Setting next_dagrun for branching_dag to 2024-03-13 00:00:00+00:00, run_after=2024-03-14 00:00:00+00:00
[2024-03-14T07:56:37.643+0530] {processor.py:183} INFO - Processing /home/kai/airflow/dags/execute_branching.py took 0.082 seconds
[2024-03-14T07:57:08.218+0530] {processor.py:161} INFO - Started process (PID=308797) to work on /home/kai/airflow/dags/execute_branching.py
[2024-03-14T07:57:08.222+0530] {processor.py:830} INFO - Processing file /home/kai/airflow/dags/execute_branching.py for tasks to queue
[2024-03-14T07:57:08.224+0530] {logging_mixin.py:188} INFO - [2024-03-14T07:57:08.223+0530] {dagbag.py:540} INFO - Filling up the DagBag from /home/kai/airflow/dags/execute_branching.py
[2024-03-14T07:57:08.233+0530] {processor.py:840} INFO - DAG(s) 'branching_dag' retrieved from /home/kai/airflow/dags/execute_branching.py
[2024-03-14T07:57:08.253+0530] {logging_mixin.py:188} INFO - [2024-03-14T07:57:08.252+0530] {dag.py:3047} INFO - Sync 1 DAGs
[2024-03-14T07:57:08.270+0530] {logging_mixin.py:188} INFO - [2024-03-14T07:57:08.269+0530] {dag.py:3834} INFO - Setting next_dagrun for branching_dag to 2024-03-13 00:00:00+00:00, run_after=2024-03-14 00:00:00+00:00
[2024-03-14T07:57:08.302+0530] {processor.py:183} INFO - Processing /home/kai/airflow/dags/execute_branching.py took 0.089 seconds
[2024-03-14T07:57:38.918+0530] {processor.py:161} INFO - Started process (PID=308849) to work on /home/kai/airflow/dags/execute_branching.py
[2024-03-14T07:57:38.919+0530] {processor.py:830} INFO - Processing file /home/kai/airflow/dags/execute_branching.py for tasks to queue
[2024-03-14T07:57:38.920+0530] {logging_mixin.py:188} INFO - [2024-03-14T07:57:38.919+0530] {dagbag.py:540} INFO - Filling up the DagBag from /home/kai/airflow/dags/execute_branching.py
[2024-03-14T07:57:38.930+0530] {processor.py:840} INFO - DAG(s) 'branching_dag' retrieved from /home/kai/airflow/dags/execute_branching.py
[2024-03-14T07:57:38.952+0530] {logging_mixin.py:188} INFO - [2024-03-14T07:57:38.952+0530] {dag.py:3047} INFO - Sync 1 DAGs
[2024-03-14T07:57:38.971+0530] {logging_mixin.py:188} INFO - [2024-03-14T07:57:38.971+0530] {dag.py:3834} INFO - Setting next_dagrun for branching_dag to 2024-03-13 00:00:00+00:00, run_after=2024-03-14 00:00:00+00:00
[2024-03-14T07:57:39.012+0530] {processor.py:183} INFO - Processing /home/kai/airflow/dags/execute_branching.py took 0.098 seconds
[2024-03-14T07:58:09.982+0530] {processor.py:161} INFO - Started process (PID=308901) to work on /home/kai/airflow/dags/execute_branching.py
[2024-03-14T07:58:09.985+0530] {processor.py:830} INFO - Processing file /home/kai/airflow/dags/execute_branching.py for tasks to queue
[2024-03-14T07:58:09.987+0530] {logging_mixin.py:188} INFO - [2024-03-14T07:58:09.986+0530] {dagbag.py:540} INFO - Filling up the DagBag from /home/kai/airflow/dags/execute_branching.py
[2024-03-14T07:58:09.995+0530] {processor.py:840} INFO - DAG(s) 'branching_dag' retrieved from /home/kai/airflow/dags/execute_branching.py
[2024-03-14T07:58:10.025+0530] {logging_mixin.py:188} INFO - [2024-03-14T07:58:10.025+0530] {dag.py:3047} INFO - Sync 1 DAGs
[2024-03-14T07:58:10.051+0530] {logging_mixin.py:188} INFO - [2024-03-14T07:58:10.050+0530] {dag.py:3834} INFO - Setting next_dagrun for branching_dag to 2024-03-13 00:00:00+00:00, run_after=2024-03-14 00:00:00+00:00
[2024-03-14T07:58:10.094+0530] {processor.py:183} INFO - Processing /home/kai/airflow/dags/execute_branching.py took 0.115 seconds
[2024-03-14T07:58:41.238+0530] {processor.py:161} INFO - Started process (PID=308953) to work on /home/kai/airflow/dags/execute_branching.py
[2024-03-14T07:58:41.241+0530] {processor.py:830} INFO - Processing file /home/kai/airflow/dags/execute_branching.py for tasks to queue
[2024-03-14T07:58:41.242+0530] {logging_mixin.py:188} INFO - [2024-03-14T07:58:41.241+0530] {dagbag.py:540} INFO - Filling up the DagBag from /home/kai/airflow/dags/execute_branching.py
[2024-03-14T07:58:41.251+0530] {processor.py:840} INFO - DAG(s) 'branching_dag' retrieved from /home/kai/airflow/dags/execute_branching.py
[2024-03-14T07:58:41.271+0530] {logging_mixin.py:188} INFO - [2024-03-14T07:58:41.271+0530] {dag.py:3047} INFO - Sync 1 DAGs
[2024-03-14T07:58:41.287+0530] {logging_mixin.py:188} INFO - [2024-03-14T07:58:41.287+0530] {dag.py:3834} INFO - Setting next_dagrun for branching_dag to 2024-03-13 00:00:00+00:00, run_after=2024-03-14 00:00:00+00:00
[2024-03-14T07:58:41.321+0530] {processor.py:183} INFO - Processing /home/kai/airflow/dags/execute_branching.py took 0.086 seconds
[2024-03-14T07:59:11.995+0530] {processor.py:161} INFO - Started process (PID=309006) to work on /home/kai/airflow/dags/execute_branching.py
[2024-03-14T07:59:11.998+0530] {processor.py:830} INFO - Processing file /home/kai/airflow/dags/execute_branching.py for tasks to queue
[2024-03-14T07:59:11.999+0530] {logging_mixin.py:188} INFO - [2024-03-14T07:59:11.999+0530] {dagbag.py:540} INFO - Filling up the DagBag from /home/kai/airflow/dags/execute_branching.py
[2024-03-14T07:59:12.008+0530] {processor.py:840} INFO - DAG(s) 'branching_dag' retrieved from /home/kai/airflow/dags/execute_branching.py
[2024-03-14T07:59:12.028+0530] {logging_mixin.py:188} INFO - [2024-03-14T07:59:12.028+0530] {dag.py:3047} INFO - Sync 1 DAGs
[2024-03-14T07:59:12.046+0530] {logging_mixin.py:188} INFO - [2024-03-14T07:59:12.046+0530] {dag.py:3834} INFO - Setting next_dagrun for branching_dag to 2024-03-13 00:00:00+00:00, run_after=2024-03-14 00:00:00+00:00
[2024-03-14T07:59:12.082+0530] {processor.py:183} INFO - Processing /home/kai/airflow/dags/execute_branching.py took 0.092 seconds
[2024-03-14T07:59:42.806+0530] {processor.py:161} INFO - Started process (PID=309058) to work on /home/kai/airflow/dags/execute_branching.py
[2024-03-14T07:59:42.809+0530] {processor.py:830} INFO - Processing file /home/kai/airflow/dags/execute_branching.py for tasks to queue
[2024-03-14T07:59:42.811+0530] {logging_mixin.py:188} INFO - [2024-03-14T07:59:42.810+0530] {dagbag.py:540} INFO - Filling up the DagBag from /home/kai/airflow/dags/execute_branching.py
[2024-03-14T07:59:42.822+0530] {processor.py:840} INFO - DAG(s) 'branching_dag' retrieved from /home/kai/airflow/dags/execute_branching.py
[2024-03-14T07:59:42.845+0530] {logging_mixin.py:188} INFO - [2024-03-14T07:59:42.845+0530] {dag.py:3047} INFO - Sync 1 DAGs
[2024-03-14T07:59:42.864+0530] {logging_mixin.py:188} INFO - [2024-03-14T07:59:42.863+0530] {dag.py:3834} INFO - Setting next_dagrun for branching_dag to 2024-03-13 00:00:00+00:00, run_after=2024-03-14 00:00:00+00:00
[2024-03-14T07:59:42.909+0530] {processor.py:183} INFO - Processing /home/kai/airflow/dags/execute_branching.py took 0.108 seconds
[2024-03-14T08:00:13.680+0530] {processor.py:161} INFO - Started process (PID=309110) to work on /home/kai/airflow/dags/execute_branching.py
[2024-03-14T08:00:13.684+0530] {processor.py:830} INFO - Processing file /home/kai/airflow/dags/execute_branching.py for tasks to queue
[2024-03-14T08:00:13.685+0530] {logging_mixin.py:188} INFO - [2024-03-14T08:00:13.685+0530] {dagbag.py:540} INFO - Filling up the DagBag from /home/kai/airflow/dags/execute_branching.py
[2024-03-14T08:00:13.697+0530] {processor.py:840} INFO - DAG(s) 'branching_dag' retrieved from /home/kai/airflow/dags/execute_branching.py
[2024-03-14T08:00:13.731+0530] {logging_mixin.py:188} INFO - [2024-03-14T08:00:13.731+0530] {dag.py:3047} INFO - Sync 1 DAGs
[2024-03-14T08:00:13.766+0530] {logging_mixin.py:188} INFO - [2024-03-14T08:00:13.766+0530] {dag.py:3834} INFO - Setting next_dagrun for branching_dag to 2024-03-13 00:00:00+00:00, run_after=2024-03-14 00:00:00+00:00
[2024-03-14T08:00:13.818+0530] {processor.py:183} INFO - Processing /home/kai/airflow/dags/execute_branching.py took 0.141 seconds
[2024-03-14T08:00:44.585+0530] {processor.py:161} INFO - Started process (PID=309164) to work on /home/kai/airflow/dags/execute_branching.py
[2024-03-14T08:00:44.588+0530] {processor.py:830} INFO - Processing file /home/kai/airflow/dags/execute_branching.py for tasks to queue
[2024-03-14T08:00:44.589+0530] {logging_mixin.py:188} INFO - [2024-03-14T08:00:44.589+0530] {dagbag.py:540} INFO - Filling up the DagBag from /home/kai/airflow/dags/execute_branching.py
[2024-03-14T08:00:44.598+0530] {processor.py:840} INFO - DAG(s) 'branching_dag' retrieved from /home/kai/airflow/dags/execute_branching.py
[2024-03-14T08:00:44.618+0530] {logging_mixin.py:188} INFO - [2024-03-14T08:00:44.618+0530] {dag.py:3047} INFO - Sync 1 DAGs
[2024-03-14T08:00:44.636+0530] {logging_mixin.py:188} INFO - [2024-03-14T08:00:44.636+0530] {dag.py:3834} INFO - Setting next_dagrun for branching_dag to 2024-03-13 00:00:00+00:00, run_after=2024-03-14 00:00:00+00:00
[2024-03-14T08:00:44.670+0530] {processor.py:183} INFO - Processing /home/kai/airflow/dags/execute_branching.py took 0.087 seconds
[2024-03-14T08:01:15.870+0530] {processor.py:161} INFO - Started process (PID=309216) to work on /home/kai/airflow/dags/execute_branching.py
[2024-03-14T08:01:15.873+0530] {processor.py:830} INFO - Processing file /home/kai/airflow/dags/execute_branching.py for tasks to queue
[2024-03-14T08:01:15.875+0530] {logging_mixin.py:188} INFO - [2024-03-14T08:01:15.874+0530] {dagbag.py:540} INFO - Filling up the DagBag from /home/kai/airflow/dags/execute_branching.py
[2024-03-14T08:01:15.884+0530] {processor.py:840} INFO - DAG(s) 'branching_dag' retrieved from /home/kai/airflow/dags/execute_branching.py
[2024-03-14T08:01:15.904+0530] {logging_mixin.py:188} INFO - [2024-03-14T08:01:15.903+0530] {dag.py:3047} INFO - Sync 1 DAGs
[2024-03-14T08:01:15.921+0530] {logging_mixin.py:188} INFO - [2024-03-14T08:01:15.920+0530] {dag.py:3834} INFO - Setting next_dagrun for branching_dag to 2024-03-13 00:00:00+00:00, run_after=2024-03-14 00:00:00+00:00
[2024-03-14T08:01:15.960+0530] {processor.py:183} INFO - Processing /home/kai/airflow/dags/execute_branching.py took 0.094 seconds
[2024-03-14T08:01:46.976+0530] {processor.py:161} INFO - Started process (PID=309267) to work on /home/kai/airflow/dags/execute_branching.py
[2024-03-14T08:01:46.978+0530] {processor.py:830} INFO - Processing file /home/kai/airflow/dags/execute_branching.py for tasks to queue
[2024-03-14T08:01:46.980+0530] {logging_mixin.py:188} INFO - [2024-03-14T08:01:46.979+0530] {dagbag.py:540} INFO - Filling up the DagBag from /home/kai/airflow/dags/execute_branching.py
[2024-03-14T08:01:46.994+0530] {processor.py:840} INFO - DAG(s) 'branching_dag' retrieved from /home/kai/airflow/dags/execute_branching.py
[2024-03-14T08:01:47.035+0530] {logging_mixin.py:188} INFO - [2024-03-14T08:01:47.034+0530] {dag.py:3047} INFO - Sync 1 DAGs
[2024-03-14T08:01:47.070+0530] {logging_mixin.py:188} INFO - [2024-03-14T08:01:47.070+0530] {dag.py:3834} INFO - Setting next_dagrun for branching_dag to 2024-03-13 00:00:00+00:00, run_after=2024-03-14 00:00:00+00:00
[2024-03-14T08:01:47.118+0530] {processor.py:183} INFO - Processing /home/kai/airflow/dags/execute_branching.py took 0.148 seconds
[2024-03-14T08:02:18.225+0530] {processor.py:161} INFO - Started process (PID=309319) to work on /home/kai/airflow/dags/execute_branching.py
[2024-03-14T08:02:18.229+0530] {processor.py:830} INFO - Processing file /home/kai/airflow/dags/execute_branching.py for tasks to queue
[2024-03-14T08:02:18.230+0530] {logging_mixin.py:188} INFO - [2024-03-14T08:02:18.229+0530] {dagbag.py:540} INFO - Filling up the DagBag from /home/kai/airflow/dags/execute_branching.py
[2024-03-14T08:02:18.240+0530] {processor.py:840} INFO - DAG(s) 'branching_dag' retrieved from /home/kai/airflow/dags/execute_branching.py
[2024-03-14T08:02:18.262+0530] {logging_mixin.py:188} INFO - [2024-03-14T08:02:18.262+0530] {dag.py:3047} INFO - Sync 1 DAGs
[2024-03-14T08:02:18.279+0530] {logging_mixin.py:188} INFO - [2024-03-14T08:02:18.279+0530] {dag.py:3834} INFO - Setting next_dagrun for branching_dag to 2024-03-13 00:00:00+00:00, run_after=2024-03-14 00:00:00+00:00
[2024-03-14T08:02:18.313+0530] {processor.py:183} INFO - Processing /home/kai/airflow/dags/execute_branching.py took 0.093 seconds
[2024-03-14T08:02:49.278+0530] {processor.py:161} INFO - Started process (PID=309370) to work on /home/kai/airflow/dags/execute_branching.py
[2024-03-14T08:02:49.282+0530] {processor.py:830} INFO - Processing file /home/kai/airflow/dags/execute_branching.py for tasks to queue
[2024-03-14T08:02:49.283+0530] {logging_mixin.py:188} INFO - [2024-03-14T08:02:49.282+0530] {dagbag.py:540} INFO - Filling up the DagBag from /home/kai/airflow/dags/execute_branching.py
[2024-03-14T08:02:49.293+0530] {processor.py:840} INFO - DAG(s) 'branching_dag' retrieved from /home/kai/airflow/dags/execute_branching.py
[2024-03-14T08:02:49.313+0530] {logging_mixin.py:188} INFO - [2024-03-14T08:02:49.313+0530] {dag.py:3047} INFO - Sync 1 DAGs
[2024-03-14T08:02:49.330+0530] {logging_mixin.py:188} INFO - [2024-03-14T08:02:49.330+0530] {dag.py:3834} INFO - Setting next_dagrun for branching_dag to 2024-03-13 00:00:00+00:00, run_after=2024-03-14 00:00:00+00:00
[2024-03-14T08:02:49.365+0530] {processor.py:183} INFO - Processing /home/kai/airflow/dags/execute_branching.py took 0.091 seconds
[2024-03-14T08:03:20.407+0530] {processor.py:161} INFO - Started process (PID=309424) to work on /home/kai/airflow/dags/execute_branching.py
[2024-03-14T08:03:20.409+0530] {processor.py:830} INFO - Processing file /home/kai/airflow/dags/execute_branching.py for tasks to queue
[2024-03-14T08:03:20.410+0530] {logging_mixin.py:188} INFO - [2024-03-14T08:03:20.410+0530] {dagbag.py:540} INFO - Filling up the DagBag from /home/kai/airflow/dags/execute_branching.py
[2024-03-14T08:03:20.420+0530] {processor.py:840} INFO - DAG(s) 'branching_dag' retrieved from /home/kai/airflow/dags/execute_branching.py
[2024-03-14T08:03:20.443+0530] {logging_mixin.py:188} INFO - [2024-03-14T08:03:20.443+0530] {dag.py:3047} INFO - Sync 1 DAGs
[2024-03-14T08:03:20.463+0530] {logging_mixin.py:188} INFO - [2024-03-14T08:03:20.463+0530] {dag.py:3834} INFO - Setting next_dagrun for branching_dag to 2024-03-13 00:00:00+00:00, run_after=2024-03-14 00:00:00+00:00
[2024-03-14T08:03:20.498+0530] {processor.py:183} INFO - Processing /home/kai/airflow/dags/execute_branching.py took 0.095 seconds
[2024-03-14T08:03:51.367+0530] {processor.py:161} INFO - Started process (PID=309475) to work on /home/kai/airflow/dags/execute_branching.py
[2024-03-14T08:03:51.370+0530] {processor.py:830} INFO - Processing file /home/kai/airflow/dags/execute_branching.py for tasks to queue
[2024-03-14T08:03:51.371+0530] {logging_mixin.py:188} INFO - [2024-03-14T08:03:51.370+0530] {dagbag.py:540} INFO - Filling up the DagBag from /home/kai/airflow/dags/execute_branching.py
[2024-03-14T08:03:51.379+0530] {processor.py:840} INFO - DAG(s) 'branching_dag' retrieved from /home/kai/airflow/dags/execute_branching.py
[2024-03-14T08:03:51.399+0530] {logging_mixin.py:188} INFO - [2024-03-14T08:03:51.399+0530] {dag.py:3047} INFO - Sync 1 DAGs
[2024-03-14T08:03:51.416+0530] {logging_mixin.py:188} INFO - [2024-03-14T08:03:51.416+0530] {dag.py:3834} INFO - Setting next_dagrun for branching_dag to 2024-03-13 00:00:00+00:00, run_after=2024-03-14 00:00:00+00:00
[2024-03-14T08:03:51.462+0530] {processor.py:183} INFO - Processing /home/kai/airflow/dags/execute_branching.py took 0.099 seconds
[2024-03-14T08:04:22.472+0530] {processor.py:161} INFO - Started process (PID=309527) to work on /home/kai/airflow/dags/execute_branching.py
[2024-03-14T08:04:22.473+0530] {processor.py:830} INFO - Processing file /home/kai/airflow/dags/execute_branching.py for tasks to queue
[2024-03-14T08:04:22.474+0530] {logging_mixin.py:188} INFO - [2024-03-14T08:04:22.474+0530] {dagbag.py:540} INFO - Filling up the DagBag from /home/kai/airflow/dags/execute_branching.py
[2024-03-14T08:04:22.483+0530] {processor.py:840} INFO - DAG(s) 'branching_dag' retrieved from /home/kai/airflow/dags/execute_branching.py
[2024-03-14T08:04:22.504+0530] {logging_mixin.py:188} INFO - [2024-03-14T08:04:22.504+0530] {dag.py:3047} INFO - Sync 1 DAGs
[2024-03-14T08:04:22.522+0530] {logging_mixin.py:188} INFO - [2024-03-14T08:04:22.522+0530] {dag.py:3834} INFO - Setting next_dagrun for branching_dag to 2024-03-13 00:00:00+00:00, run_after=2024-03-14 00:00:00+00:00
[2024-03-14T08:04:22.554+0530] {processor.py:183} INFO - Processing /home/kai/airflow/dags/execute_branching.py took 0.085 seconds
[2024-03-14T08:04:53.176+0530] {processor.py:161} INFO - Started process (PID=309578) to work on /home/kai/airflow/dags/execute_branching.py
[2024-03-14T08:04:53.179+0530] {processor.py:830} INFO - Processing file /home/kai/airflow/dags/execute_branching.py for tasks to queue
[2024-03-14T08:04:53.180+0530] {logging_mixin.py:188} INFO - [2024-03-14T08:04:53.180+0530] {dagbag.py:540} INFO - Filling up the DagBag from /home/kai/airflow/dags/execute_branching.py
[2024-03-14T08:04:53.189+0530] {processor.py:840} INFO - DAG(s) 'branching_dag' retrieved from /home/kai/airflow/dags/execute_branching.py
[2024-03-14T08:04:53.209+0530] {logging_mixin.py:188} INFO - [2024-03-14T08:04:53.209+0530] {dag.py:3047} INFO - Sync 1 DAGs
[2024-03-14T08:04:53.227+0530] {logging_mixin.py:188} INFO - [2024-03-14T08:04:53.227+0530] {dag.py:3834} INFO - Setting next_dagrun for branching_dag to 2024-03-13 00:00:00+00:00, run_after=2024-03-14 00:00:00+00:00
[2024-03-14T08:04:53.262+0530] {processor.py:183} INFO - Processing /home/kai/airflow/dags/execute_branching.py took 0.090 seconds
[2024-03-14T08:05:23.951+0530] {processor.py:161} INFO - Started process (PID=309635) to work on /home/kai/airflow/dags/execute_branching.py
[2024-03-14T08:05:23.954+0530] {processor.py:830} INFO - Processing file /home/kai/airflow/dags/execute_branching.py for tasks to queue
[2024-03-14T08:05:23.955+0530] {logging_mixin.py:188} INFO - [2024-03-14T08:05:23.955+0530] {dagbag.py:540} INFO - Filling up the DagBag from /home/kai/airflow/dags/execute_branching.py
[2024-03-14T08:05:23.965+0530] {processor.py:840} INFO - DAG(s) 'branching_dag' retrieved from /home/kai/airflow/dags/execute_branching.py
[2024-03-14T08:05:23.986+0530] {logging_mixin.py:188} INFO - [2024-03-14T08:05:23.986+0530] {dag.py:3047} INFO - Sync 1 DAGs
[2024-03-14T08:05:24.004+0530] {logging_mixin.py:188} INFO - [2024-03-14T08:05:24.004+0530] {dag.py:3834} INFO - Setting next_dagrun for branching_dag to 2024-03-13 00:00:00+00:00, run_after=2024-03-14 00:00:00+00:00
[2024-03-14T08:05:24.042+0530] {processor.py:183} INFO - Processing /home/kai/airflow/dags/execute_branching.py took 0.094 seconds
[2024-03-14T08:05:54.930+0530] {processor.py:161} INFO - Started process (PID=309686) to work on /home/kai/airflow/dags/execute_branching.py
[2024-03-14T08:05:54.933+0530] {processor.py:830} INFO - Processing file /home/kai/airflow/dags/execute_branching.py for tasks to queue
[2024-03-14T08:05:54.935+0530] {logging_mixin.py:188} INFO - [2024-03-14T08:05:54.934+0530] {dagbag.py:540} INFO - Filling up the DagBag from /home/kai/airflow/dags/execute_branching.py
[2024-03-14T08:05:54.947+0530] {processor.py:840} INFO - DAG(s) 'branching_dag' retrieved from /home/kai/airflow/dags/execute_branching.py
[2024-03-14T08:05:54.975+0530] {logging_mixin.py:188} INFO - [2024-03-14T08:05:54.974+0530] {dag.py:3047} INFO - Sync 1 DAGs
[2024-03-14T08:05:54.993+0530] {logging_mixin.py:188} INFO - [2024-03-14T08:05:54.993+0530] {dag.py:3834} INFO - Setting next_dagrun for branching_dag to 2024-03-13 00:00:00+00:00, run_after=2024-03-14 00:00:00+00:00
[2024-03-14T08:05:55.027+0530] {processor.py:183} INFO - Processing /home/kai/airflow/dags/execute_branching.py took 0.100 seconds
[2024-03-14T08:06:25.983+0530] {processor.py:161} INFO - Started process (PID=309738) to work on /home/kai/airflow/dags/execute_branching.py
[2024-03-14T08:06:25.986+0530] {processor.py:830} INFO - Processing file /home/kai/airflow/dags/execute_branching.py for tasks to queue
[2024-03-14T08:06:25.987+0530] {logging_mixin.py:188} INFO - [2024-03-14T08:06:25.987+0530] {dagbag.py:540} INFO - Filling up the DagBag from /home/kai/airflow/dags/execute_branching.py
[2024-03-14T08:06:25.996+0530] {processor.py:840} INFO - DAG(s) 'branching_dag' retrieved from /home/kai/airflow/dags/execute_branching.py
[2024-03-14T08:06:26.016+0530] {logging_mixin.py:188} INFO - [2024-03-14T08:06:26.016+0530] {dag.py:3047} INFO - Sync 1 DAGs
[2024-03-14T08:06:26.033+0530] {logging_mixin.py:188} INFO - [2024-03-14T08:06:26.032+0530] {dag.py:3834} INFO - Setting next_dagrun for branching_dag to 2024-03-13 00:00:00+00:00, run_after=2024-03-14 00:00:00+00:00
[2024-03-14T08:06:26.086+0530] {processor.py:183} INFO - Processing /home/kai/airflow/dags/execute_branching.py took 0.106 seconds
[2024-03-14T08:06:57.091+0530] {processor.py:161} INFO - Started process (PID=309790) to work on /home/kai/airflow/dags/execute_branching.py
[2024-03-14T08:06:57.092+0530] {processor.py:830} INFO - Processing file /home/kai/airflow/dags/execute_branching.py for tasks to queue
[2024-03-14T08:06:57.093+0530] {logging_mixin.py:188} INFO - [2024-03-14T08:06:57.093+0530] {dagbag.py:540} INFO - Filling up the DagBag from /home/kai/airflow/dags/execute_branching.py
[2024-03-14T08:06:57.102+0530] {processor.py:840} INFO - DAG(s) 'branching_dag' retrieved from /home/kai/airflow/dags/execute_branching.py
[2024-03-14T08:06:57.122+0530] {logging_mixin.py:188} INFO - [2024-03-14T08:06:57.122+0530] {dag.py:3047} INFO - Sync 1 DAGs
[2024-03-14T08:06:57.140+0530] {logging_mixin.py:188} INFO - [2024-03-14T08:06:57.139+0530] {dag.py:3834} INFO - Setting next_dagrun for branching_dag to 2024-03-13 00:00:00+00:00, run_after=2024-03-14 00:00:00+00:00
[2024-03-14T08:06:57.170+0530] {processor.py:183} INFO - Processing /home/kai/airflow/dags/execute_branching.py took 0.082 seconds
[2024-03-14T08:07:27.691+0530] {processor.py:161} INFO - Started process (PID=309841) to work on /home/kai/airflow/dags/execute_branching.py
[2024-03-14T08:07:27.694+0530] {processor.py:830} INFO - Processing file /home/kai/airflow/dags/execute_branching.py for tasks to queue
[2024-03-14T08:07:27.695+0530] {logging_mixin.py:188} INFO - [2024-03-14T08:07:27.694+0530] {dagbag.py:540} INFO - Filling up the DagBag from /home/kai/airflow/dags/execute_branching.py
[2024-03-14T08:07:27.703+0530] {processor.py:840} INFO - DAG(s) 'branching_dag' retrieved from /home/kai/airflow/dags/execute_branching.py
[2024-03-14T08:07:27.723+0530] {logging_mixin.py:188} INFO - [2024-03-14T08:07:27.723+0530] {dag.py:3047} INFO - Sync 1 DAGs
[2024-03-14T08:07:27.739+0530] {logging_mixin.py:188} INFO - [2024-03-14T08:07:27.739+0530] {dag.py:3834} INFO - Setting next_dagrun for branching_dag to 2024-03-13 00:00:00+00:00, run_after=2024-03-14 00:00:00+00:00
[2024-03-14T08:07:27.776+0530] {processor.py:183} INFO - Processing /home/kai/airflow/dags/execute_branching.py took 0.088 seconds
[2024-03-14T08:07:58.589+0530] {processor.py:161} INFO - Started process (PID=309895) to work on /home/kai/airflow/dags/execute_branching.py
[2024-03-14T08:07:58.592+0530] {processor.py:830} INFO - Processing file /home/kai/airflow/dags/execute_branching.py for tasks to queue
[2024-03-14T08:07:58.593+0530] {logging_mixin.py:188} INFO - [2024-03-14T08:07:58.593+0530] {dagbag.py:540} INFO - Filling up the DagBag from /home/kai/airflow/dags/execute_branching.py
[2024-03-14T08:07:58.603+0530] {processor.py:840} INFO - DAG(s) 'branching_dag' retrieved from /home/kai/airflow/dags/execute_branching.py
[2024-03-14T08:07:58.623+0530] {logging_mixin.py:188} INFO - [2024-03-14T08:07:58.622+0530] {dag.py:3047} INFO - Sync 1 DAGs
[2024-03-14T08:07:58.639+0530] {logging_mixin.py:188} INFO - [2024-03-14T08:07:58.639+0530] {dag.py:3834} INFO - Setting next_dagrun for branching_dag to 2024-03-13 00:00:00+00:00, run_after=2024-03-14 00:00:00+00:00
[2024-03-14T08:07:58.673+0530] {processor.py:183} INFO - Processing /home/kai/airflow/dags/execute_branching.py took 0.088 seconds
[2024-03-14T08:08:29.603+0530] {processor.py:161} INFO - Started process (PID=309946) to work on /home/kai/airflow/dags/execute_branching.py
[2024-03-14T08:08:29.607+0530] {processor.py:830} INFO - Processing file /home/kai/airflow/dags/execute_branching.py for tasks to queue
[2024-03-14T08:08:29.608+0530] {logging_mixin.py:188} INFO - [2024-03-14T08:08:29.607+0530] {dagbag.py:540} INFO - Filling up the DagBag from /home/kai/airflow/dags/execute_branching.py
[2024-03-14T08:08:29.617+0530] {processor.py:840} INFO - DAG(s) 'branching_dag' retrieved from /home/kai/airflow/dags/execute_branching.py
[2024-03-14T08:08:29.638+0530] {logging_mixin.py:188} INFO - [2024-03-14T08:08:29.638+0530] {dag.py:3047} INFO - Sync 1 DAGs
[2024-03-14T08:08:29.655+0530] {logging_mixin.py:188} INFO - [2024-03-14T08:08:29.655+0530] {dag.py:3834} INFO - Setting next_dagrun for branching_dag to 2024-03-13 00:00:00+00:00, run_after=2024-03-14 00:00:00+00:00
[2024-03-14T08:08:29.691+0530] {processor.py:183} INFO - Processing /home/kai/airflow/dags/execute_branching.py took 0.093 seconds
[2024-03-14T08:09:00.191+0530] {processor.py:161} INFO - Started process (PID=309998) to work on /home/kai/airflow/dags/execute_branching.py
[2024-03-14T08:09:00.194+0530] {processor.py:830} INFO - Processing file /home/kai/airflow/dags/execute_branching.py for tasks to queue
[2024-03-14T08:09:00.196+0530] {logging_mixin.py:188} INFO - [2024-03-14T08:09:00.195+0530] {dagbag.py:540} INFO - Filling up the DagBag from /home/kai/airflow/dags/execute_branching.py
[2024-03-14T08:09:00.206+0530] {processor.py:840} INFO - DAG(s) 'branching_dag' retrieved from /home/kai/airflow/dags/execute_branching.py
[2024-03-14T08:09:00.227+0530] {logging_mixin.py:188} INFO - [2024-03-14T08:09:00.227+0530] {dag.py:3047} INFO - Sync 1 DAGs
[2024-03-14T08:09:00.245+0530] {logging_mixin.py:188} INFO - [2024-03-14T08:09:00.245+0530] {dag.py:3834} INFO - Setting next_dagrun for branching_dag to 2024-03-13 00:00:00+00:00, run_after=2024-03-14 00:00:00+00:00
[2024-03-14T08:09:00.277+0530] {processor.py:183} INFO - Processing /home/kai/airflow/dags/execute_branching.py took 0.090 seconds
[2024-03-14T08:09:31.231+0530] {processor.py:161} INFO - Started process (PID=310049) to work on /home/kai/airflow/dags/execute_branching.py
[2024-03-14T08:09:31.234+0530] {processor.py:830} INFO - Processing file /home/kai/airflow/dags/execute_branching.py for tasks to queue
[2024-03-14T08:09:31.235+0530] {logging_mixin.py:188} INFO - [2024-03-14T08:09:31.235+0530] {dagbag.py:540} INFO - Filling up the DagBag from /home/kai/airflow/dags/execute_branching.py
[2024-03-14T08:09:31.243+0530] {processor.py:840} INFO - DAG(s) 'branching_dag' retrieved from /home/kai/airflow/dags/execute_branching.py
[2024-03-14T08:09:31.266+0530] {logging_mixin.py:188} INFO - [2024-03-14T08:09:31.265+0530] {dag.py:3047} INFO - Sync 1 DAGs
[2024-03-14T08:09:31.284+0530] {logging_mixin.py:188} INFO - [2024-03-14T08:09:31.284+0530] {dag.py:3834} INFO - Setting next_dagrun for branching_dag to 2024-03-13 00:00:00+00:00, run_after=2024-03-14 00:00:00+00:00
[2024-03-14T08:09:31.319+0530] {processor.py:183} INFO - Processing /home/kai/airflow/dags/execute_branching.py took 0.092 seconds
[2024-03-14T08:10:02.324+0530] {processor.py:161} INFO - Started process (PID=310102) to work on /home/kai/airflow/dags/execute_branching.py
[2024-03-14T08:10:02.327+0530] {processor.py:830} INFO - Processing file /home/kai/airflow/dags/execute_branching.py for tasks to queue
[2024-03-14T08:10:02.329+0530] {logging_mixin.py:188} INFO - [2024-03-14T08:10:02.328+0530] {dagbag.py:540} INFO - Filling up the DagBag from /home/kai/airflow/dags/execute_branching.py
[2024-03-14T08:10:02.338+0530] {processor.py:840} INFO - DAG(s) 'branching_dag' retrieved from /home/kai/airflow/dags/execute_branching.py
[2024-03-14T08:10:02.362+0530] {logging_mixin.py:188} INFO - [2024-03-14T08:10:02.362+0530] {dag.py:3047} INFO - Sync 1 DAGs
[2024-03-14T08:10:02.381+0530] {logging_mixin.py:188} INFO - [2024-03-14T08:10:02.381+0530] {dag.py:3834} INFO - Setting next_dagrun for branching_dag to 2024-03-13 00:00:00+00:00, run_after=2024-03-14 00:00:00+00:00
[2024-03-14T08:10:02.421+0530] {processor.py:183} INFO - Processing /home/kai/airflow/dags/execute_branching.py took 0.101 seconds
[2024-03-14T08:10:33.070+0530] {processor.py:161} INFO - Started process (PID=310155) to work on /home/kai/airflow/dags/execute_branching.py
[2024-03-14T08:10:33.071+0530] {processor.py:830} INFO - Processing file /home/kai/airflow/dags/execute_branching.py for tasks to queue
[2024-03-14T08:10:33.072+0530] {logging_mixin.py:188} INFO - [2024-03-14T08:10:33.072+0530] {dagbag.py:540} INFO - Filling up the DagBag from /home/kai/airflow/dags/execute_branching.py
[2024-03-14T08:10:33.082+0530] {processor.py:840} INFO - DAG(s) 'branching_dag' retrieved from /home/kai/airflow/dags/execute_branching.py
[2024-03-14T08:10:33.102+0530] {logging_mixin.py:188} INFO - [2024-03-14T08:10:33.102+0530] {dag.py:3047} INFO - Sync 1 DAGs
[2024-03-14T08:10:33.119+0530] {logging_mixin.py:188} INFO - [2024-03-14T08:10:33.119+0530] {dag.py:3834} INFO - Setting next_dagrun for branching_dag to 2024-03-13 00:00:00+00:00, run_after=2024-03-14 00:00:00+00:00
[2024-03-14T08:10:33.158+0530] {processor.py:183} INFO - Processing /home/kai/airflow/dags/execute_branching.py took 0.093 seconds
[2024-03-14T08:11:03.984+0530] {processor.py:161} INFO - Started process (PID=310209) to work on /home/kai/airflow/dags/execute_branching.py
[2024-03-14T08:11:03.987+0530] {processor.py:830} INFO - Processing file /home/kai/airflow/dags/execute_branching.py for tasks to queue
[2024-03-14T08:11:03.988+0530] {logging_mixin.py:188} INFO - [2024-03-14T08:11:03.988+0530] {dagbag.py:540} INFO - Filling up the DagBag from /home/kai/airflow/dags/execute_branching.py
[2024-03-14T08:11:03.998+0530] {processor.py:840} INFO - DAG(s) 'branching_dag' retrieved from /home/kai/airflow/dags/execute_branching.py
[2024-03-14T08:11:04.021+0530] {logging_mixin.py:188} INFO - [2024-03-14T08:11:04.021+0530] {dag.py:3047} INFO - Sync 1 DAGs
[2024-03-14T08:11:04.040+0530] {logging_mixin.py:188} INFO - [2024-03-14T08:11:04.040+0530] {dag.py:3834} INFO - Setting next_dagrun for branching_dag to 2024-03-13 00:00:00+00:00, run_after=2024-03-14 00:00:00+00:00
[2024-03-14T08:11:04.079+0530] {processor.py:183} INFO - Processing /home/kai/airflow/dags/execute_branching.py took 0.100 seconds
[2024-03-14T08:11:34.691+0530] {processor.py:161} INFO - Started process (PID=310260) to work on /home/kai/airflow/dags/execute_branching.py
[2024-03-14T08:11:34.693+0530] {processor.py:830} INFO - Processing file /home/kai/airflow/dags/execute_branching.py for tasks to queue
[2024-03-14T08:11:34.694+0530] {logging_mixin.py:188} INFO - [2024-03-14T08:11:34.693+0530] {dagbag.py:540} INFO - Filling up the DagBag from /home/kai/airflow/dags/execute_branching.py
[2024-03-14T08:11:34.703+0530] {processor.py:840} INFO - DAG(s) 'branching_dag' retrieved from /home/kai/airflow/dags/execute_branching.py
[2024-03-14T08:11:34.724+0530] {logging_mixin.py:188} INFO - [2024-03-14T08:11:34.724+0530] {dag.py:3047} INFO - Sync 1 DAGs
[2024-03-14T08:11:34.741+0530] {logging_mixin.py:188} INFO - [2024-03-14T08:11:34.741+0530] {dag.py:3834} INFO - Setting next_dagrun for branching_dag to 2024-03-13 00:00:00+00:00, run_after=2024-03-14 00:00:00+00:00
[2024-03-14T08:11:34.773+0530] {processor.py:183} INFO - Processing /home/kai/airflow/dags/execute_branching.py took 0.086 seconds
[2024-03-14T08:12:05.908+0530] {processor.py:161} INFO - Started process (PID=310312) to work on /home/kai/airflow/dags/execute_branching.py
[2024-03-14T08:12:05.910+0530] {processor.py:830} INFO - Processing file /home/kai/airflow/dags/execute_branching.py for tasks to queue
[2024-03-14T08:12:05.912+0530] {logging_mixin.py:188} INFO - [2024-03-14T08:12:05.911+0530] {dagbag.py:540} INFO - Filling up the DagBag from /home/kai/airflow/dags/execute_branching.py
[2024-03-14T08:12:05.924+0530] {processor.py:840} INFO - DAG(s) 'branching_dag' retrieved from /home/kai/airflow/dags/execute_branching.py
[2024-03-14T08:12:05.961+0530] {logging_mixin.py:188} INFO - [2024-03-14T08:12:05.960+0530] {dag.py:3047} INFO - Sync 1 DAGs
[2024-03-14T08:12:05.982+0530] {logging_mixin.py:188} INFO - [2024-03-14T08:12:05.982+0530] {dag.py:3834} INFO - Setting next_dagrun for branching_dag to 2024-03-13 00:00:00+00:00, run_after=2024-03-14 00:00:00+00:00
[2024-03-14T08:12:06.016+0530] {processor.py:183} INFO - Processing /home/kai/airflow/dags/execute_branching.py took 0.112 seconds
[2024-03-14T08:12:37.029+0530] {processor.py:161} INFO - Started process (PID=310364) to work on /home/kai/airflow/dags/execute_branching.py
[2024-03-14T08:12:37.030+0530] {processor.py:830} INFO - Processing file /home/kai/airflow/dags/execute_branching.py for tasks to queue
[2024-03-14T08:12:37.031+0530] {logging_mixin.py:188} INFO - [2024-03-14T08:12:37.031+0530] {dagbag.py:540} INFO - Filling up the DagBag from /home/kai/airflow/dags/execute_branching.py
[2024-03-14T08:12:37.040+0530] {processor.py:840} INFO - DAG(s) 'branching_dag' retrieved from /home/kai/airflow/dags/execute_branching.py
[2024-03-14T08:12:37.061+0530] {logging_mixin.py:188} INFO - [2024-03-14T08:12:37.060+0530] {dag.py:3047} INFO - Sync 1 DAGs
[2024-03-14T08:12:37.078+0530] {logging_mixin.py:188} INFO - [2024-03-14T08:12:37.078+0530] {dag.py:3834} INFO - Setting next_dagrun for branching_dag to 2024-03-13 00:00:00+00:00, run_after=2024-03-14 00:00:00+00:00
[2024-03-14T08:12:37.113+0530] {processor.py:183} INFO - Processing /home/kai/airflow/dags/execute_branching.py took 0.089 seconds
[2024-03-14T08:13:07.509+0530] {processor.py:161} INFO - Started process (PID=310417) to work on /home/kai/airflow/dags/execute_branching.py
[2024-03-14T08:13:07.511+0530] {processor.py:830} INFO - Processing file /home/kai/airflow/dags/execute_branching.py for tasks to queue
[2024-03-14T08:13:07.512+0530] {logging_mixin.py:188} INFO - [2024-03-14T08:13:07.511+0530] {dagbag.py:540} INFO - Filling up the DagBag from /home/kai/airflow/dags/execute_branching.py
[2024-03-14T08:13:07.520+0530] {processor.py:840} INFO - DAG(s) 'branching_dag' retrieved from /home/kai/airflow/dags/execute_branching.py
[2024-03-14T08:13:07.541+0530] {logging_mixin.py:188} INFO - [2024-03-14T08:13:07.541+0530] {dag.py:3047} INFO - Sync 1 DAGs
[2024-03-14T08:13:07.559+0530] {logging_mixin.py:188} INFO - [2024-03-14T08:13:07.558+0530] {dag.py:3834} INFO - Setting next_dagrun for branching_dag to 2024-03-13 00:00:00+00:00, run_after=2024-03-14 00:00:00+00:00
[2024-03-14T08:13:07.606+0530] {processor.py:183} INFO - Processing /home/kai/airflow/dags/execute_branching.py took 0.100 seconds
[2024-03-14T08:13:38.494+0530] {processor.py:161} INFO - Started process (PID=310469) to work on /home/kai/airflow/dags/execute_branching.py
[2024-03-14T08:13:38.496+0530] {processor.py:830} INFO - Processing file /home/kai/airflow/dags/execute_branching.py for tasks to queue
[2024-03-14T08:13:38.497+0530] {logging_mixin.py:188} INFO - [2024-03-14T08:13:38.496+0530] {dagbag.py:540} INFO - Filling up the DagBag from /home/kai/airflow/dags/execute_branching.py
[2024-03-14T08:13:38.507+0530] {processor.py:840} INFO - DAG(s) 'branching_dag' retrieved from /home/kai/airflow/dags/execute_branching.py
[2024-03-14T08:13:38.530+0530] {logging_mixin.py:188} INFO - [2024-03-14T08:13:38.530+0530] {dag.py:3047} INFO - Sync 1 DAGs
[2024-03-14T08:13:38.546+0530] {logging_mixin.py:188} INFO - [2024-03-14T08:13:38.546+0530] {dag.py:3834} INFO - Setting next_dagrun for branching_dag to 2024-03-13 00:00:00+00:00, run_after=2024-03-14 00:00:00+00:00
[2024-03-14T08:13:38.580+0530] {processor.py:183} INFO - Processing /home/kai/airflow/dags/execute_branching.py took 0.090 seconds
[2024-03-14T08:14:09.130+0530] {processor.py:161} INFO - Started process (PID=310520) to work on /home/kai/airflow/dags/execute_branching.py
[2024-03-14T08:14:09.132+0530] {processor.py:830} INFO - Processing file /home/kai/airflow/dags/execute_branching.py for tasks to queue
[2024-03-14T08:14:09.133+0530] {logging_mixin.py:188} INFO - [2024-03-14T08:14:09.133+0530] {dagbag.py:540} INFO - Filling up the DagBag from /home/kai/airflow/dags/execute_branching.py
[2024-03-14T08:14:09.141+0530] {processor.py:840} INFO - DAG(s) 'branching_dag' retrieved from /home/kai/airflow/dags/execute_branching.py
[2024-03-14T08:14:09.162+0530] {logging_mixin.py:188} INFO - [2024-03-14T08:14:09.161+0530] {dag.py:3047} INFO - Sync 1 DAGs
[2024-03-14T08:14:09.178+0530] {logging_mixin.py:188} INFO - [2024-03-14T08:14:09.178+0530] {dag.py:3834} INFO - Setting next_dagrun for branching_dag to 2024-03-13 00:00:00+00:00, run_after=2024-03-14 00:00:00+00:00
[2024-03-14T08:14:09.216+0530] {processor.py:183} INFO - Processing /home/kai/airflow/dags/execute_branching.py took 0.089 seconds
[2024-03-14T08:14:39.771+0530] {processor.py:161} INFO - Started process (PID=310572) to work on /home/kai/airflow/dags/execute_branching.py
[2024-03-14T08:14:39.774+0530] {processor.py:830} INFO - Processing file /home/kai/airflow/dags/execute_branching.py for tasks to queue
[2024-03-14T08:14:39.775+0530] {logging_mixin.py:188} INFO - [2024-03-14T08:14:39.775+0530] {dagbag.py:540} INFO - Filling up the DagBag from /home/kai/airflow/dags/execute_branching.py
[2024-03-14T08:14:39.785+0530] {processor.py:840} INFO - DAG(s) 'branching_dag' retrieved from /home/kai/airflow/dags/execute_branching.py
[2024-03-14T08:14:39.805+0530] {logging_mixin.py:188} INFO - [2024-03-14T08:14:39.805+0530] {dag.py:3047} INFO - Sync 1 DAGs
[2024-03-14T08:14:39.822+0530] {logging_mixin.py:188} INFO - [2024-03-14T08:14:39.822+0530] {dag.py:3834} INFO - Setting next_dagrun for branching_dag to 2024-03-13 00:00:00+00:00, run_after=2024-03-14 00:00:00+00:00
[2024-03-14T08:14:39.855+0530] {processor.py:183} INFO - Processing /home/kai/airflow/dags/execute_branching.py took 0.088 seconds
[2024-03-14T08:15:10.625+0530] {processor.py:161} INFO - Started process (PID=310626) to work on /home/kai/airflow/dags/execute_branching.py
[2024-03-14T08:15:10.629+0530] {processor.py:830} INFO - Processing file /home/kai/airflow/dags/execute_branching.py for tasks to queue
[2024-03-14T08:15:10.630+0530] {logging_mixin.py:188} INFO - [2024-03-14T08:15:10.630+0530] {dagbag.py:540} INFO - Filling up the DagBag from /home/kai/airflow/dags/execute_branching.py
[2024-03-14T08:15:10.640+0530] {processor.py:840} INFO - DAG(s) 'branching_dag' retrieved from /home/kai/airflow/dags/execute_branching.py
[2024-03-14T08:15:10.660+0530] {logging_mixin.py:188} INFO - [2024-03-14T08:15:10.660+0530] {dag.py:3047} INFO - Sync 1 DAGs
[2024-03-14T08:15:10.677+0530] {logging_mixin.py:188} INFO - [2024-03-14T08:15:10.677+0530] {dag.py:3834} INFO - Setting next_dagrun for branching_dag to 2024-03-13 00:00:00+00:00, run_after=2024-03-14 00:00:00+00:00
[2024-03-14T08:15:10.711+0530] {processor.py:183} INFO - Processing /home/kai/airflow/dags/execute_branching.py took 0.090 seconds
[2024-03-14T08:15:41.159+0530] {processor.py:161} INFO - Started process (PID=310678) to work on /home/kai/airflow/dags/execute_branching.py
[2024-03-14T08:15:41.160+0530] {processor.py:830} INFO - Processing file /home/kai/airflow/dags/execute_branching.py for tasks to queue
[2024-03-14T08:15:41.161+0530] {logging_mixin.py:188} INFO - [2024-03-14T08:15:41.160+0530] {dagbag.py:540} INFO - Filling up the DagBag from /home/kai/airflow/dags/execute_branching.py
[2024-03-14T08:15:41.169+0530] {processor.py:840} INFO - DAG(s) 'branching_dag' retrieved from /home/kai/airflow/dags/execute_branching.py
[2024-03-14T08:15:41.190+0530] {logging_mixin.py:188} INFO - [2024-03-14T08:15:41.190+0530] {dag.py:3047} INFO - Sync 1 DAGs
[2024-03-14T08:15:41.206+0530] {logging_mixin.py:188} INFO - [2024-03-14T08:15:41.206+0530] {dag.py:3834} INFO - Setting next_dagrun for branching_dag to 2024-03-13 00:00:00+00:00, run_after=2024-03-14 00:00:00+00:00
[2024-03-14T08:15:41.246+0530] {processor.py:183} INFO - Processing /home/kai/airflow/dags/execute_branching.py took 0.091 seconds
[2024-03-14T08:16:11.843+0530] {processor.py:161} INFO - Started process (PID=310731) to work on /home/kai/airflow/dags/execute_branching.py
[2024-03-14T08:16:11.846+0530] {processor.py:830} INFO - Processing file /home/kai/airflow/dags/execute_branching.py for tasks to queue
[2024-03-14T08:16:11.847+0530] {logging_mixin.py:188} INFO - [2024-03-14T08:16:11.847+0530] {dagbag.py:540} INFO - Filling up the DagBag from /home/kai/airflow/dags/execute_branching.py
[2024-03-14T08:16:11.857+0530] {processor.py:840} INFO - DAG(s) 'branching_dag' retrieved from /home/kai/airflow/dags/execute_branching.py
[2024-03-14T08:16:11.877+0530] {logging_mixin.py:188} INFO - [2024-03-14T08:16:11.877+0530] {dag.py:3047} INFO - Sync 1 DAGs
[2024-03-14T08:16:11.894+0530] {logging_mixin.py:188} INFO - [2024-03-14T08:16:11.893+0530] {dag.py:3834} INFO - Setting next_dagrun for branching_dag to 2024-03-13 00:00:00+00:00, run_after=2024-03-14 00:00:00+00:00
[2024-03-14T08:16:11.925+0530] {processor.py:183} INFO - Processing /home/kai/airflow/dags/execute_branching.py took 0.085 seconds
[2024-03-14T08:16:42.810+0530] {processor.py:161} INFO - Started process (PID=310783) to work on /home/kai/airflow/dags/execute_branching.py
[2024-03-14T08:16:42.812+0530] {processor.py:830} INFO - Processing file /home/kai/airflow/dags/execute_branching.py for tasks to queue
[2024-03-14T08:16:42.813+0530] {logging_mixin.py:188} INFO - [2024-03-14T08:16:42.813+0530] {dagbag.py:540} INFO - Filling up the DagBag from /home/kai/airflow/dags/execute_branching.py
[2024-03-14T08:16:42.827+0530] {processor.py:840} INFO - DAG(s) 'branching_dag' retrieved from /home/kai/airflow/dags/execute_branching.py
[2024-03-14T08:16:42.859+0530] {logging_mixin.py:188} INFO - [2024-03-14T08:16:42.859+0530] {dag.py:3047} INFO - Sync 1 DAGs
[2024-03-14T08:16:42.887+0530] {logging_mixin.py:188} INFO - [2024-03-14T08:16:42.887+0530] {dag.py:3834} INFO - Setting next_dagrun for branching_dag to 2024-03-13 00:00:00+00:00, run_after=2024-03-14 00:00:00+00:00
[2024-03-14T08:16:42.938+0530] {processor.py:183} INFO - Processing /home/kai/airflow/dags/execute_branching.py took 0.131 seconds
