[2024-03-14T07:42:42.774+0530] {processor.py:161} INFO - Started process (PID=307314) to work on /home/kai/airflow/dags/execute_sql_pipeline.py
[2024-03-14T07:42:42.775+0530] {processor.py:830} INFO - Processing file /home/kai/airflow/dags/execute_sql_pipeline.py for tasks to queue
[2024-03-14T07:42:42.776+0530] {logging_mixin.py:188} INFO - [2024-03-14T07:42:42.776+0530] {dagbag.py:540} INFO - Filling up the DagBag from /home/kai/airflow/dags/execute_sql_pipeline.py
[2024-03-14T07:42:42.796+0530] {processor.py:840} INFO - DAG(s) 'sql_operator_dag' retrieved from /home/kai/airflow/dags/execute_sql_pipeline.py
[2024-03-14T07:42:42.874+0530] {logging_mixin.py:188} INFO - [2024-03-14T07:42:42.873+0530] {dag.py:3047} INFO - Sync 1 DAGs
[2024-03-14T07:42:42.889+0530] {logging_mixin.py:188} INFO - [2024-03-14T07:42:42.889+0530] {dag.py:3834} INFO - Setting next_dagrun for sql_operator_dag to 2024-03-13 00:00:00+00:00, run_after=2024-03-14 00:00:00+00:00
[2024-03-14T07:42:42.932+0530] {processor.py:183} INFO - Processing /home/kai/airflow/dags/execute_sql_pipeline.py took 0.161 seconds
[2024-03-14T07:43:13.040+0530] {processor.py:161} INFO - Started process (PID=307368) to work on /home/kai/airflow/dags/execute_sql_pipeline.py
[2024-03-14T07:43:13.042+0530] {processor.py:830} INFO - Processing file /home/kai/airflow/dags/execute_sql_pipeline.py for tasks to queue
[2024-03-14T07:43:13.043+0530] {logging_mixin.py:188} INFO - [2024-03-14T07:43:13.043+0530] {dagbag.py:540} INFO - Filling up the DagBag from /home/kai/airflow/dags/execute_sql_pipeline.py
[2024-03-14T07:43:13.064+0530] {processor.py:840} INFO - DAG(s) 'sql_operator_dag' retrieved from /home/kai/airflow/dags/execute_sql_pipeline.py
[2024-03-14T07:43:13.082+0530] {logging_mixin.py:188} INFO - [2024-03-14T07:43:13.082+0530] {dag.py:3047} INFO - Sync 1 DAGs
[2024-03-14T07:43:13.099+0530] {logging_mixin.py:188} INFO - [2024-03-14T07:43:13.098+0530] {dag.py:3834} INFO - Setting next_dagrun for sql_operator_dag to 2024-03-13 00:00:00+00:00, run_after=2024-03-14 00:00:00+00:00
[2024-03-14T07:43:13.131+0530] {processor.py:183} INFO - Processing /home/kai/airflow/dags/execute_sql_pipeline.py took 0.094 seconds
[2024-03-14T07:43:44.373+0530] {processor.py:161} INFO - Started process (PID=307422) to work on /home/kai/airflow/dags/execute_sql_pipeline.py
[2024-03-14T07:43:44.376+0530] {processor.py:830} INFO - Processing file /home/kai/airflow/dags/execute_sql_pipeline.py for tasks to queue
[2024-03-14T07:43:44.377+0530] {logging_mixin.py:188} INFO - [2024-03-14T07:43:44.376+0530] {dagbag.py:540} INFO - Filling up the DagBag from /home/kai/airflow/dags/execute_sql_pipeline.py
[2024-03-14T07:43:44.399+0530] {processor.py:840} INFO - DAG(s) 'sql_operator_dag' retrieved from /home/kai/airflow/dags/execute_sql_pipeline.py
[2024-03-14T07:43:44.420+0530] {logging_mixin.py:188} INFO - [2024-03-14T07:43:44.420+0530] {dag.py:3047} INFO - Sync 1 DAGs
[2024-03-14T07:43:44.437+0530] {logging_mixin.py:188} INFO - [2024-03-14T07:43:44.437+0530] {dag.py:3834} INFO - Setting next_dagrun for sql_operator_dag to 2024-03-13 00:00:00+00:00, run_after=2024-03-14 00:00:00+00:00
[2024-03-14T07:43:44.470+0530] {processor.py:183} INFO - Processing /home/kai/airflow/dags/execute_sql_pipeline.py took 0.101 seconds
[2024-03-14T07:44:16.097+0530] {processor.py:161} INFO - Started process (PID=307474) to work on /home/kai/airflow/dags/execute_sql_pipeline.py
[2024-03-14T07:44:16.098+0530] {processor.py:830} INFO - Processing file /home/kai/airflow/dags/execute_sql_pipeline.py for tasks to queue
[2024-03-14T07:44:16.099+0530] {logging_mixin.py:188} INFO - [2024-03-14T07:44:16.099+0530] {dagbag.py:540} INFO - Filling up the DagBag from /home/kai/airflow/dags/execute_sql_pipeline.py
[2024-03-14T07:44:16.120+0530] {processor.py:840} INFO - DAG(s) 'sql_operator_dag' retrieved from /home/kai/airflow/dags/execute_sql_pipeline.py
[2024-03-14T07:44:16.140+0530] {logging_mixin.py:188} INFO - [2024-03-14T07:44:16.140+0530] {dag.py:3047} INFO - Sync 1 DAGs
[2024-03-14T07:44:16.156+0530] {logging_mixin.py:188} INFO - [2024-03-14T07:44:16.156+0530] {dag.py:3834} INFO - Setting next_dagrun for sql_operator_dag to 2024-03-13 00:00:00+00:00, run_after=2024-03-14 00:00:00+00:00
[2024-03-14T07:44:16.188+0530] {processor.py:183} INFO - Processing /home/kai/airflow/dags/execute_sql_pipeline.py took 0.094 seconds
[2024-03-14T07:44:47.913+0530] {processor.py:161} INFO - Started process (PID=307527) to work on /home/kai/airflow/dags/execute_sql_pipeline.py
[2024-03-14T07:44:47.916+0530] {processor.py:830} INFO - Processing file /home/kai/airflow/dags/execute_sql_pipeline.py for tasks to queue
[2024-03-14T07:44:47.917+0530] {logging_mixin.py:188} INFO - [2024-03-14T07:44:47.917+0530] {dagbag.py:540} INFO - Filling up the DagBag from /home/kai/airflow/dags/execute_sql_pipeline.py
[2024-03-14T07:44:47.938+0530] {processor.py:840} INFO - DAG(s) 'sql_operator_dag' retrieved from /home/kai/airflow/dags/execute_sql_pipeline.py
[2024-03-14T07:44:47.957+0530] {logging_mixin.py:188} INFO - [2024-03-14T07:44:47.956+0530] {dag.py:3047} INFO - Sync 1 DAGs
[2024-03-14T07:44:47.973+0530] {logging_mixin.py:188} INFO - [2024-03-14T07:44:47.973+0530] {dag.py:3834} INFO - Setting next_dagrun for sql_operator_dag to 2024-03-13 00:00:00+00:00, run_after=2024-03-14 00:00:00+00:00
[2024-03-14T07:44:48.008+0530] {processor.py:183} INFO - Processing /home/kai/airflow/dags/execute_sql_pipeline.py took 0.098 seconds
[2024-03-14T07:45:18.997+0530] {processor.py:161} INFO - Started process (PID=307582) to work on /home/kai/airflow/dags/execute_sql_pipeline.py
[2024-03-14T07:45:19.000+0530] {processor.py:830} INFO - Processing file /home/kai/airflow/dags/execute_sql_pipeline.py for tasks to queue
[2024-03-14T07:45:19.001+0530] {logging_mixin.py:188} INFO - [2024-03-14T07:45:19.001+0530] {dagbag.py:540} INFO - Filling up the DagBag from /home/kai/airflow/dags/execute_sql_pipeline.py
[2024-03-14T07:45:19.022+0530] {processor.py:840} INFO - DAG(s) 'sql_operator_dag' retrieved from /home/kai/airflow/dags/execute_sql_pipeline.py
[2024-03-14T07:45:19.040+0530] {logging_mixin.py:188} INFO - [2024-03-14T07:45:19.040+0530] {dag.py:3047} INFO - Sync 1 DAGs
[2024-03-14T07:45:19.057+0530] {logging_mixin.py:188} INFO - [2024-03-14T07:45:19.057+0530] {dag.py:3834} INFO - Setting next_dagrun for sql_operator_dag to 2024-03-13 00:00:00+00:00, run_after=2024-03-14 00:00:00+00:00
[2024-03-14T07:45:19.091+0530] {processor.py:183} INFO - Processing /home/kai/airflow/dags/execute_sql_pipeline.py took 0.096 seconds
[2024-03-14T07:45:49.962+0530] {processor.py:161} INFO - Started process (PID=307633) to work on /home/kai/airflow/dags/execute_sql_pipeline.py
[2024-03-14T07:45:49.967+0530] {processor.py:830} INFO - Processing file /home/kai/airflow/dags/execute_sql_pipeline.py for tasks to queue
[2024-03-14T07:45:49.968+0530] {logging_mixin.py:188} INFO - [2024-03-14T07:45:49.967+0530] {dagbag.py:540} INFO - Filling up the DagBag from /home/kai/airflow/dags/execute_sql_pipeline.py
[2024-03-14T07:45:49.988+0530] {processor.py:840} INFO - DAG(s) 'sql_operator_dag' retrieved from /home/kai/airflow/dags/execute_sql_pipeline.py
[2024-03-14T07:45:50.007+0530] {logging_mixin.py:188} INFO - [2024-03-14T07:45:50.007+0530] {dag.py:3047} INFO - Sync 1 DAGs
[2024-03-14T07:45:50.023+0530] {logging_mixin.py:188} INFO - [2024-03-14T07:45:50.022+0530] {dag.py:3834} INFO - Setting next_dagrun for sql_operator_dag to 2024-03-13 00:00:00+00:00, run_after=2024-03-14 00:00:00+00:00
[2024-03-14T07:45:50.059+0530] {processor.py:183} INFO - Processing /home/kai/airflow/dags/execute_sql_pipeline.py took 0.100 seconds
[2024-03-14T07:46:20.862+0530] {processor.py:161} INFO - Started process (PID=307687) to work on /home/kai/airflow/dags/execute_sql_pipeline.py
[2024-03-14T07:46:20.866+0530] {processor.py:830} INFO - Processing file /home/kai/airflow/dags/execute_sql_pipeline.py for tasks to queue
[2024-03-14T07:46:20.867+0530] {logging_mixin.py:188} INFO - [2024-03-14T07:46:20.867+0530] {dagbag.py:540} INFO - Filling up the DagBag from /home/kai/airflow/dags/execute_sql_pipeline.py
[2024-03-14T07:46:20.888+0530] {processor.py:840} INFO - DAG(s) 'sql_operator_dag' retrieved from /home/kai/airflow/dags/execute_sql_pipeline.py
[2024-03-14T07:46:20.906+0530] {logging_mixin.py:188} INFO - [2024-03-14T07:46:20.906+0530] {dag.py:3047} INFO - Sync 1 DAGs
[2024-03-14T07:46:20.924+0530] {logging_mixin.py:188} INFO - [2024-03-14T07:46:20.924+0530] {dag.py:3834} INFO - Setting next_dagrun for sql_operator_dag to 2024-03-13 00:00:00+00:00, run_after=2024-03-14 00:00:00+00:00
[2024-03-14T07:46:20.960+0530] {processor.py:183} INFO - Processing /home/kai/airflow/dags/execute_sql_pipeline.py took 0.101 seconds
[2024-03-14T07:46:51.838+0530] {processor.py:161} INFO - Started process (PID=307738) to work on /home/kai/airflow/dags/execute_sql_pipeline.py
[2024-03-14T07:46:51.841+0530] {processor.py:830} INFO - Processing file /home/kai/airflow/dags/execute_sql_pipeline.py for tasks to queue
[2024-03-14T07:46:51.842+0530] {logging_mixin.py:188} INFO - [2024-03-14T07:46:51.842+0530] {dagbag.py:540} INFO - Filling up the DagBag from /home/kai/airflow/dags/execute_sql_pipeline.py
[2024-03-14T07:46:51.863+0530] {processor.py:840} INFO - DAG(s) 'sql_operator_dag' retrieved from /home/kai/airflow/dags/execute_sql_pipeline.py
[2024-03-14T07:46:51.881+0530] {logging_mixin.py:188} INFO - [2024-03-14T07:46:51.881+0530] {dag.py:3047} INFO - Sync 1 DAGs
[2024-03-14T07:46:51.898+0530] {logging_mixin.py:188} INFO - [2024-03-14T07:46:51.898+0530] {dag.py:3834} INFO - Setting next_dagrun for sql_operator_dag to 2024-03-13 00:00:00+00:00, run_after=2024-03-14 00:00:00+00:00
[2024-03-14T07:46:51.932+0530] {processor.py:183} INFO - Processing /home/kai/airflow/dags/execute_sql_pipeline.py took 0.097 seconds
[2024-03-14T07:47:23.128+0530] {processor.py:161} INFO - Started process (PID=307792) to work on /home/kai/airflow/dags/execute_sql_pipeline.py
[2024-03-14T07:47:23.131+0530] {processor.py:830} INFO - Processing file /home/kai/airflow/dags/execute_sql_pipeline.py for tasks to queue
[2024-03-14T07:47:23.132+0530] {logging_mixin.py:188} INFO - [2024-03-14T07:47:23.131+0530] {dagbag.py:540} INFO - Filling up the DagBag from /home/kai/airflow/dags/execute_sql_pipeline.py
[2024-03-14T07:47:23.152+0530] {processor.py:840} INFO - DAG(s) 'sql_operator_dag' retrieved from /home/kai/airflow/dags/execute_sql_pipeline.py
[2024-03-14T07:47:23.171+0530] {logging_mixin.py:188} INFO - [2024-03-14T07:47:23.171+0530] {dag.py:3047} INFO - Sync 1 DAGs
[2024-03-14T07:47:23.187+0530] {logging_mixin.py:188} INFO - [2024-03-14T07:47:23.187+0530] {dag.py:3834} INFO - Setting next_dagrun for sql_operator_dag to 2024-03-13 00:00:00+00:00, run_after=2024-03-14 00:00:00+00:00
[2024-03-14T07:47:23.223+0530] {processor.py:183} INFO - Processing /home/kai/airflow/dags/execute_sql_pipeline.py took 0.098 seconds
[2024-03-14T07:47:54.026+0530] {processor.py:161} INFO - Started process (PID=307843) to work on /home/kai/airflow/dags/execute_sql_pipeline.py
[2024-03-14T07:47:54.029+0530] {processor.py:830} INFO - Processing file /home/kai/airflow/dags/execute_sql_pipeline.py for tasks to queue
[2024-03-14T07:47:54.030+0530] {logging_mixin.py:188} INFO - [2024-03-14T07:47:54.030+0530] {dagbag.py:540} INFO - Filling up the DagBag from /home/kai/airflow/dags/execute_sql_pipeline.py
[2024-03-14T07:47:54.051+0530] {processor.py:840} INFO - DAG(s) 'sql_operator_dag' retrieved from /home/kai/airflow/dags/execute_sql_pipeline.py
[2024-03-14T07:47:54.070+0530] {logging_mixin.py:188} INFO - [2024-03-14T07:47:54.070+0530] {dag.py:3047} INFO - Sync 1 DAGs
[2024-03-14T07:47:54.086+0530] {logging_mixin.py:188} INFO - [2024-03-14T07:47:54.085+0530] {dag.py:3834} INFO - Setting next_dagrun for sql_operator_dag to 2024-03-13 00:00:00+00:00, run_after=2024-03-14 00:00:00+00:00
[2024-03-14T07:47:54.117+0530] {processor.py:183} INFO - Processing /home/kai/airflow/dags/execute_sql_pipeline.py took 0.094 seconds
[2024-03-14T07:48:24.837+0530] {processor.py:161} INFO - Started process (PID=307896) to work on /home/kai/airflow/dags/execute_sql_pipeline.py
[2024-03-14T07:48:24.840+0530] {processor.py:830} INFO - Processing file /home/kai/airflow/dags/execute_sql_pipeline.py for tasks to queue
[2024-03-14T07:48:24.841+0530] {logging_mixin.py:188} INFO - [2024-03-14T07:48:24.840+0530] {dagbag.py:540} INFO - Filling up the DagBag from /home/kai/airflow/dags/execute_sql_pipeline.py
[2024-03-14T07:48:24.861+0530] {processor.py:840} INFO - DAG(s) 'sql_operator_dag' retrieved from /home/kai/airflow/dags/execute_sql_pipeline.py
[2024-03-14T07:48:24.880+0530] {logging_mixin.py:188} INFO - [2024-03-14T07:48:24.880+0530] {dag.py:3047} INFO - Sync 1 DAGs
[2024-03-14T07:48:24.897+0530] {logging_mixin.py:188} INFO - [2024-03-14T07:48:24.897+0530] {dag.py:3834} INFO - Setting next_dagrun for sql_operator_dag to 2024-03-13 00:00:00+00:00, run_after=2024-03-14 00:00:00+00:00
[2024-03-14T07:48:24.930+0530] {processor.py:183} INFO - Processing /home/kai/airflow/dags/execute_sql_pipeline.py took 0.095 seconds
[2024-03-14T07:48:55.556+0530] {processor.py:161} INFO - Started process (PID=307950) to work on /home/kai/airflow/dags/execute_sql_pipeline.py
[2024-03-14T07:48:55.559+0530] {processor.py:830} INFO - Processing file /home/kai/airflow/dags/execute_sql_pipeline.py for tasks to queue
[2024-03-14T07:48:55.560+0530] {logging_mixin.py:188} INFO - [2024-03-14T07:48:55.560+0530] {dagbag.py:540} INFO - Filling up the DagBag from /home/kai/airflow/dags/execute_sql_pipeline.py
[2024-03-14T07:48:55.580+0530] {processor.py:840} INFO - DAG(s) 'sql_operator_dag' retrieved from /home/kai/airflow/dags/execute_sql_pipeline.py
[2024-03-14T07:48:55.599+0530] {logging_mixin.py:188} INFO - [2024-03-14T07:48:55.599+0530] {dag.py:3047} INFO - Sync 1 DAGs
[2024-03-14T07:48:55.615+0530] {logging_mixin.py:188} INFO - [2024-03-14T07:48:55.615+0530] {dag.py:3834} INFO - Setting next_dagrun for sql_operator_dag to 2024-03-13 00:00:00+00:00, run_after=2024-03-14 00:00:00+00:00
[2024-03-14T07:48:55.649+0530] {processor.py:183} INFO - Processing /home/kai/airflow/dags/execute_sql_pipeline.py took 0.096 seconds
[2024-03-14T07:49:26.276+0530] {processor.py:161} INFO - Started process (PID=308001) to work on /home/kai/airflow/dags/execute_sql_pipeline.py
[2024-03-14T07:49:26.279+0530] {processor.py:830} INFO - Processing file /home/kai/airflow/dags/execute_sql_pipeline.py for tasks to queue
[2024-03-14T07:49:26.280+0530] {logging_mixin.py:188} INFO - [2024-03-14T07:49:26.280+0530] {dagbag.py:540} INFO - Filling up the DagBag from /home/kai/airflow/dags/execute_sql_pipeline.py
[2024-03-14T07:49:26.300+0530] {processor.py:840} INFO - DAG(s) 'sql_operator_dag' retrieved from /home/kai/airflow/dags/execute_sql_pipeline.py
[2024-03-14T07:49:26.319+0530] {logging_mixin.py:188} INFO - [2024-03-14T07:49:26.319+0530] {dag.py:3047} INFO - Sync 1 DAGs
[2024-03-14T07:49:26.335+0530] {logging_mixin.py:188} INFO - [2024-03-14T07:49:26.335+0530] {dag.py:3834} INFO - Setting next_dagrun for sql_operator_dag to 2024-03-13 00:00:00+00:00, run_after=2024-03-14 00:00:00+00:00
[2024-03-14T07:49:26.368+0530] {processor.py:183} INFO - Processing /home/kai/airflow/dags/execute_sql_pipeline.py took 0.094 seconds
[2024-03-14T07:49:57.006+0530] {processor.py:161} INFO - Started process (PID=308053) to work on /home/kai/airflow/dags/execute_sql_pipeline.py
[2024-03-14T07:49:57.009+0530] {processor.py:830} INFO - Processing file /home/kai/airflow/dags/execute_sql_pipeline.py for tasks to queue
[2024-03-14T07:49:57.010+0530] {logging_mixin.py:188} INFO - [2024-03-14T07:49:57.010+0530] {dagbag.py:540} INFO - Filling up the DagBag from /home/kai/airflow/dags/execute_sql_pipeline.py
[2024-03-14T07:49:57.031+0530] {processor.py:840} INFO - DAG(s) 'sql_operator_dag' retrieved from /home/kai/airflow/dags/execute_sql_pipeline.py
[2024-03-14T07:49:57.049+0530] {logging_mixin.py:188} INFO - [2024-03-14T07:49:57.049+0530] {dag.py:3047} INFO - Sync 1 DAGs
[2024-03-14T07:49:57.065+0530] {logging_mixin.py:188} INFO - [2024-03-14T07:49:57.065+0530] {dag.py:3834} INFO - Setting next_dagrun for sql_operator_dag to 2024-03-13 00:00:00+00:00, run_after=2024-03-14 00:00:00+00:00
[2024-03-14T07:49:57.099+0530] {processor.py:183} INFO - Processing /home/kai/airflow/dags/execute_sql_pipeline.py took 0.096 seconds
[2024-03-14T07:50:27.823+0530] {processor.py:161} INFO - Started process (PID=308107) to work on /home/kai/airflow/dags/execute_sql_pipeline.py
[2024-03-14T07:50:27.827+0530] {processor.py:830} INFO - Processing file /home/kai/airflow/dags/execute_sql_pipeline.py for tasks to queue
[2024-03-14T07:50:27.828+0530] {logging_mixin.py:188} INFO - [2024-03-14T07:50:27.828+0530] {dagbag.py:540} INFO - Filling up the DagBag from /home/kai/airflow/dags/execute_sql_pipeline.py
[2024-03-14T07:50:27.849+0530] {processor.py:840} INFO - DAG(s) 'sql_operator_dag' retrieved from /home/kai/airflow/dags/execute_sql_pipeline.py
[2024-03-14T07:50:27.867+0530] {logging_mixin.py:188} INFO - [2024-03-14T07:50:27.867+0530] {dag.py:3047} INFO - Sync 1 DAGs
[2024-03-14T07:50:27.884+0530] {logging_mixin.py:188} INFO - [2024-03-14T07:50:27.884+0530] {dag.py:3834} INFO - Setting next_dagrun for sql_operator_dag to 2024-03-13 00:00:00+00:00, run_after=2024-03-14 00:00:00+00:00
[2024-03-14T07:50:27.917+0530] {processor.py:183} INFO - Processing /home/kai/airflow/dags/execute_sql_pipeline.py took 0.098 seconds
[2024-03-14T07:50:58.643+0530] {processor.py:161} INFO - Started process (PID=308159) to work on /home/kai/airflow/dags/execute_sql_pipeline.py
[2024-03-14T07:50:58.647+0530] {processor.py:830} INFO - Processing file /home/kai/airflow/dags/execute_sql_pipeline.py for tasks to queue
[2024-03-14T07:50:58.648+0530] {logging_mixin.py:188} INFO - [2024-03-14T07:50:58.648+0530] {dagbag.py:540} INFO - Filling up the DagBag from /home/kai/airflow/dags/execute_sql_pipeline.py
[2024-03-14T07:50:58.668+0530] {processor.py:840} INFO - DAG(s) 'sql_operator_dag' retrieved from /home/kai/airflow/dags/execute_sql_pipeline.py
[2024-03-14T07:50:58.687+0530] {logging_mixin.py:188} INFO - [2024-03-14T07:50:58.687+0530] {dag.py:3047} INFO - Sync 1 DAGs
[2024-03-14T07:50:58.703+0530] {logging_mixin.py:188} INFO - [2024-03-14T07:50:58.703+0530] {dag.py:3834} INFO - Setting next_dagrun for sql_operator_dag to 2024-03-13 00:00:00+00:00, run_after=2024-03-14 00:00:00+00:00
[2024-03-14T07:50:58.740+0530] {processor.py:183} INFO - Processing /home/kai/airflow/dags/execute_sql_pipeline.py took 0.101 seconds
[2024-03-14T07:51:29.295+0530] {processor.py:161} INFO - Started process (PID=308210) to work on /home/kai/airflow/dags/execute_sql_pipeline.py
[2024-03-14T07:51:29.299+0530] {processor.py:830} INFO - Processing file /home/kai/airflow/dags/execute_sql_pipeline.py for tasks to queue
[2024-03-14T07:51:29.300+0530] {logging_mixin.py:188} INFO - [2024-03-14T07:51:29.300+0530] {dagbag.py:540} INFO - Filling up the DagBag from /home/kai/airflow/dags/execute_sql_pipeline.py
[2024-03-14T07:51:29.321+0530] {processor.py:840} INFO - DAG(s) 'sql_operator_dag' retrieved from /home/kai/airflow/dags/execute_sql_pipeline.py
[2024-03-14T07:51:29.339+0530] {logging_mixin.py:188} INFO - [2024-03-14T07:51:29.339+0530] {dag.py:3047} INFO - Sync 1 DAGs
[2024-03-14T07:51:29.355+0530] {logging_mixin.py:188} INFO - [2024-03-14T07:51:29.355+0530] {dag.py:3834} INFO - Setting next_dagrun for sql_operator_dag to 2024-03-13 00:00:00+00:00, run_after=2024-03-14 00:00:00+00:00
[2024-03-14T07:51:29.392+0530] {processor.py:183} INFO - Processing /home/kai/airflow/dags/execute_sql_pipeline.py took 0.100 seconds
[2024-03-14T07:52:00.121+0530] {processor.py:161} INFO - Started process (PID=308264) to work on /home/kai/airflow/dags/execute_sql_pipeline.py
[2024-03-14T07:52:00.125+0530] {processor.py:830} INFO - Processing file /home/kai/airflow/dags/execute_sql_pipeline.py for tasks to queue
[2024-03-14T07:52:00.127+0530] {logging_mixin.py:188} INFO - [2024-03-14T07:52:00.126+0530] {dagbag.py:540} INFO - Filling up the DagBag from /home/kai/airflow/dags/execute_sql_pipeline.py
[2024-03-14T07:52:00.155+0530] {processor.py:840} INFO - DAG(s) 'sql_operator_dag' retrieved from /home/kai/airflow/dags/execute_sql_pipeline.py
[2024-03-14T07:52:00.174+0530] {logging_mixin.py:188} INFO - [2024-03-14T07:52:00.174+0530] {dag.py:3047} INFO - Sync 1 DAGs
[2024-03-14T07:52:00.190+0530] {logging_mixin.py:188} INFO - [2024-03-14T07:52:00.190+0530] {dag.py:3834} INFO - Setting next_dagrun for sql_operator_dag to 2024-03-13 00:00:00+00:00, run_after=2024-03-14 00:00:00+00:00
[2024-03-14T07:52:00.226+0530] {processor.py:183} INFO - Processing /home/kai/airflow/dags/execute_sql_pipeline.py took 0.110 seconds
[2024-03-14T07:52:31.906+0530] {processor.py:161} INFO - Started process (PID=308319) to work on /home/kai/airflow/dags/execute_sql_pipeline.py
[2024-03-14T07:52:31.908+0530] {processor.py:830} INFO - Processing file /home/kai/airflow/dags/execute_sql_pipeline.py for tasks to queue
[2024-03-14T07:52:31.910+0530] {logging_mixin.py:188} INFO - [2024-03-14T07:52:31.909+0530] {dagbag.py:540} INFO - Filling up the DagBag from /home/kai/airflow/dags/execute_sql_pipeline.py
[2024-03-14T07:52:31.931+0530] {processor.py:840} INFO - DAG(s) 'sql_operator_dag' retrieved from /home/kai/airflow/dags/execute_sql_pipeline.py
[2024-03-14T07:52:31.950+0530] {logging_mixin.py:188} INFO - [2024-03-14T07:52:31.949+0530] {dag.py:3047} INFO - Sync 1 DAGs
[2024-03-14T07:52:31.966+0530] {logging_mixin.py:188} INFO - [2024-03-14T07:52:31.966+0530] {dag.py:3834} INFO - Setting next_dagrun for sql_operator_dag to 2024-03-13 00:00:00+00:00, run_after=2024-03-14 00:00:00+00:00
[2024-03-14T07:52:31.999+0530] {processor.py:183} INFO - Processing /home/kai/airflow/dags/execute_sql_pipeline.py took 0.097 seconds
[2024-03-14T07:53:02.631+0530] {processor.py:161} INFO - Started process (PID=308371) to work on /home/kai/airflow/dags/execute_sql_pipeline.py
[2024-03-14T07:53:02.634+0530] {processor.py:830} INFO - Processing file /home/kai/airflow/dags/execute_sql_pipeline.py for tasks to queue
[2024-03-14T07:53:02.635+0530] {logging_mixin.py:188} INFO - [2024-03-14T07:53:02.634+0530] {dagbag.py:540} INFO - Filling up the DagBag from /home/kai/airflow/dags/execute_sql_pipeline.py
[2024-03-14T07:53:02.655+0530] {processor.py:840} INFO - DAG(s) 'sql_operator_dag' retrieved from /home/kai/airflow/dags/execute_sql_pipeline.py
[2024-03-14T07:53:02.674+0530] {logging_mixin.py:188} INFO - [2024-03-14T07:53:02.674+0530] {dag.py:3047} INFO - Sync 1 DAGs
[2024-03-14T07:53:02.690+0530] {logging_mixin.py:188} INFO - [2024-03-14T07:53:02.690+0530] {dag.py:3834} INFO - Setting next_dagrun for sql_operator_dag to 2024-03-13 00:00:00+00:00, run_after=2024-03-14 00:00:00+00:00
[2024-03-14T07:53:02.730+0530] {processor.py:183} INFO - Processing /home/kai/airflow/dags/execute_sql_pipeline.py took 0.103 seconds
[2024-03-14T07:53:34.047+0530] {processor.py:161} INFO - Started process (PID=308424) to work on /home/kai/airflow/dags/execute_sql_pipeline.py
[2024-03-14T07:53:34.051+0530] {processor.py:830} INFO - Processing file /home/kai/airflow/dags/execute_sql_pipeline.py for tasks to queue
[2024-03-14T07:53:34.052+0530] {logging_mixin.py:188} INFO - [2024-03-14T07:53:34.052+0530] {dagbag.py:540} INFO - Filling up the DagBag from /home/kai/airflow/dags/execute_sql_pipeline.py
[2024-03-14T07:53:34.073+0530] {processor.py:840} INFO - DAG(s) 'sql_operator_dag' retrieved from /home/kai/airflow/dags/execute_sql_pipeline.py
[2024-03-14T07:53:34.091+0530] {logging_mixin.py:188} INFO - [2024-03-14T07:53:34.091+0530] {dag.py:3047} INFO - Sync 1 DAGs
[2024-03-14T07:53:34.107+0530] {logging_mixin.py:188} INFO - [2024-03-14T07:53:34.107+0530] {dag.py:3834} INFO - Setting next_dagrun for sql_operator_dag to 2024-03-13 00:00:00+00:00, run_after=2024-03-14 00:00:00+00:00
[2024-03-14T07:53:34.142+0530] {processor.py:183} INFO - Processing /home/kai/airflow/dags/execute_sql_pipeline.py took 0.098 seconds
[2024-03-14T07:54:04.750+0530] {processor.py:161} INFO - Started process (PID=308476) to work on /home/kai/airflow/dags/execute_sql_pipeline.py
[2024-03-14T07:54:04.754+0530] {processor.py:830} INFO - Processing file /home/kai/airflow/dags/execute_sql_pipeline.py for tasks to queue
[2024-03-14T07:54:04.755+0530] {logging_mixin.py:188} INFO - [2024-03-14T07:54:04.755+0530] {dagbag.py:540} INFO - Filling up the DagBag from /home/kai/airflow/dags/execute_sql_pipeline.py
[2024-03-14T07:54:04.776+0530] {processor.py:840} INFO - DAG(s) 'sql_operator_dag' retrieved from /home/kai/airflow/dags/execute_sql_pipeline.py
[2024-03-14T07:54:04.794+0530] {logging_mixin.py:188} INFO - [2024-03-14T07:54:04.794+0530] {dag.py:3047} INFO - Sync 1 DAGs
[2024-03-14T07:54:04.810+0530] {logging_mixin.py:188} INFO - [2024-03-14T07:54:04.809+0530] {dag.py:3834} INFO - Setting next_dagrun for sql_operator_dag to 2024-03-13 00:00:00+00:00, run_after=2024-03-14 00:00:00+00:00
[2024-03-14T07:54:04.846+0530] {processor.py:183} INFO - Processing /home/kai/airflow/dags/execute_sql_pipeline.py took 0.100 seconds
[2024-03-14T07:54:35.793+0530] {processor.py:161} INFO - Started process (PID=308528) to work on /home/kai/airflow/dags/execute_sql_pipeline.py
[2024-03-14T07:54:35.798+0530] {processor.py:830} INFO - Processing file /home/kai/airflow/dags/execute_sql_pipeline.py for tasks to queue
[2024-03-14T07:54:35.799+0530] {logging_mixin.py:188} INFO - [2024-03-14T07:54:35.798+0530] {dagbag.py:540} INFO - Filling up the DagBag from /home/kai/airflow/dags/execute_sql_pipeline.py
[2024-03-14T07:54:35.819+0530] {processor.py:840} INFO - DAG(s) 'sql_operator_dag' retrieved from /home/kai/airflow/dags/execute_sql_pipeline.py
[2024-03-14T07:54:35.837+0530] {logging_mixin.py:188} INFO - [2024-03-14T07:54:35.837+0530] {dag.py:3047} INFO - Sync 1 DAGs
[2024-03-14T07:54:35.854+0530] {logging_mixin.py:188} INFO - [2024-03-14T07:54:35.854+0530] {dag.py:3834} INFO - Setting next_dagrun for sql_operator_dag to 2024-03-13 00:00:00+00:00, run_after=2024-03-14 00:00:00+00:00
[2024-03-14T07:54:35.892+0530] {processor.py:183} INFO - Processing /home/kai/airflow/dags/execute_sql_pipeline.py took 0.101 seconds
[2024-03-14T07:55:06.628+0530] {processor.py:161} INFO - Started process (PID=308582) to work on /home/kai/airflow/dags/execute_sql_pipeline.py
[2024-03-14T07:55:06.633+0530] {processor.py:830} INFO - Processing file /home/kai/airflow/dags/execute_sql_pipeline.py for tasks to queue
[2024-03-14T07:55:06.634+0530] {logging_mixin.py:188} INFO - [2024-03-14T07:55:06.633+0530] {dagbag.py:540} INFO - Filling up the DagBag from /home/kai/airflow/dags/execute_sql_pipeline.py
[2024-03-14T07:55:06.654+0530] {processor.py:840} INFO - DAG(s) 'sql_operator_dag' retrieved from /home/kai/airflow/dags/execute_sql_pipeline.py
[2024-03-14T07:55:06.674+0530] {logging_mixin.py:188} INFO - [2024-03-14T07:55:06.674+0530] {dag.py:3047} INFO - Sync 1 DAGs
[2024-03-14T07:55:06.689+0530] {logging_mixin.py:188} INFO - [2024-03-14T07:55:06.689+0530] {dag.py:3834} INFO - Setting next_dagrun for sql_operator_dag to 2024-03-13 00:00:00+00:00, run_after=2024-03-14 00:00:00+00:00
[2024-03-14T07:55:06.724+0530] {processor.py:183} INFO - Processing /home/kai/airflow/dags/execute_sql_pipeline.py took 0.099 seconds
[2024-03-14T07:55:37.216+0530] {processor.py:161} INFO - Started process (PID=308636) to work on /home/kai/airflow/dags/execute_sql_pipeline.py
[2024-03-14T07:55:37.221+0530] {processor.py:830} INFO - Processing file /home/kai/airflow/dags/execute_sql_pipeline.py for tasks to queue
[2024-03-14T07:55:37.222+0530] {logging_mixin.py:188} INFO - [2024-03-14T07:55:37.221+0530] {dagbag.py:540} INFO - Filling up the DagBag from /home/kai/airflow/dags/execute_sql_pipeline.py
[2024-03-14T07:55:37.242+0530] {processor.py:840} INFO - DAG(s) 'sql_operator_dag' retrieved from /home/kai/airflow/dags/execute_sql_pipeline.py
[2024-03-14T07:55:37.261+0530] {logging_mixin.py:188} INFO - [2024-03-14T07:55:37.260+0530] {dag.py:3047} INFO - Sync 1 DAGs
[2024-03-14T07:55:37.277+0530] {logging_mixin.py:188} INFO - [2024-03-14T07:55:37.276+0530] {dag.py:3834} INFO - Setting next_dagrun for sql_operator_dag to 2024-03-13 00:00:00+00:00, run_after=2024-03-14 00:00:00+00:00
[2024-03-14T07:55:37.311+0530] {processor.py:183} INFO - Processing /home/kai/airflow/dags/execute_sql_pipeline.py took 0.098 seconds
[2024-03-14T07:56:07.764+0530] {processor.py:161} INFO - Started process (PID=308691) to work on /home/kai/airflow/dags/execute_sql_pipeline.py
[2024-03-14T07:56:07.766+0530] {processor.py:830} INFO - Processing file /home/kai/airflow/dags/execute_sql_pipeline.py for tasks to queue
[2024-03-14T07:56:07.767+0530] {logging_mixin.py:188} INFO - [2024-03-14T07:56:07.767+0530] {dagbag.py:540} INFO - Filling up the DagBag from /home/kai/airflow/dags/execute_sql_pipeline.py
[2024-03-14T07:56:07.790+0530] {processor.py:840} INFO - DAG(s) 'sql_operator_dag' retrieved from /home/kai/airflow/dags/execute_sql_pipeline.py
[2024-03-14T07:56:07.808+0530] {logging_mixin.py:188} INFO - [2024-03-14T07:56:07.808+0530] {dag.py:3047} INFO - Sync 1 DAGs
[2024-03-14T07:56:07.824+0530] {logging_mixin.py:188} INFO - [2024-03-14T07:56:07.824+0530] {dag.py:3834} INFO - Setting next_dagrun for sql_operator_dag to 2024-03-13 00:00:00+00:00, run_after=2024-03-14 00:00:00+00:00
[2024-03-14T07:56:07.869+0530] {processor.py:183} INFO - Processing /home/kai/airflow/dags/execute_sql_pipeline.py took 0.108 seconds
[2024-03-14T07:56:38.278+0530] {processor.py:161} INFO - Started process (PID=308745) to work on /home/kai/airflow/dags/execute_sql_pipeline.py
[2024-03-14T07:56:38.279+0530] {processor.py:830} INFO - Processing file /home/kai/airflow/dags/execute_sql_pipeline.py for tasks to queue
[2024-03-14T07:56:38.279+0530] {logging_mixin.py:188} INFO - [2024-03-14T07:56:38.279+0530] {dagbag.py:540} INFO - Filling up the DagBag from /home/kai/airflow/dags/execute_sql_pipeline.py
[2024-03-14T07:56:38.300+0530] {processor.py:840} INFO - DAG(s) 'sql_operator_dag' retrieved from /home/kai/airflow/dags/execute_sql_pipeline.py
[2024-03-14T07:56:38.318+0530] {logging_mixin.py:188} INFO - [2024-03-14T07:56:38.318+0530] {dag.py:3047} INFO - Sync 1 DAGs
[2024-03-14T07:56:38.335+0530] {logging_mixin.py:188} INFO - [2024-03-14T07:56:38.335+0530] {dag.py:3834} INFO - Setting next_dagrun for sql_operator_dag to 2024-03-13 00:00:00+00:00, run_after=2024-03-14 00:00:00+00:00
[2024-03-14T07:56:38.368+0530] {processor.py:183} INFO - Processing /home/kai/airflow/dags/execute_sql_pipeline.py took 0.094 seconds
[2024-03-14T07:57:09.004+0530] {processor.py:161} INFO - Started process (PID=308798) to work on /home/kai/airflow/dags/execute_sql_pipeline.py
[2024-03-14T07:57:09.006+0530] {processor.py:830} INFO - Processing file /home/kai/airflow/dags/execute_sql_pipeline.py for tasks to queue
[2024-03-14T07:57:09.006+0530] {logging_mixin.py:188} INFO - [2024-03-14T07:57:09.006+0530] {dagbag.py:540} INFO - Filling up the DagBag from /home/kai/airflow/dags/execute_sql_pipeline.py
[2024-03-14T07:57:09.027+0530] {processor.py:840} INFO - DAG(s) 'sql_operator_dag' retrieved from /home/kai/airflow/dags/execute_sql_pipeline.py
[2024-03-14T07:57:09.047+0530] {logging_mixin.py:188} INFO - [2024-03-14T07:57:09.046+0530] {dag.py:3047} INFO - Sync 1 DAGs
[2024-03-14T07:57:09.062+0530] {logging_mixin.py:188} INFO - [2024-03-14T07:57:09.062+0530] {dag.py:3834} INFO - Setting next_dagrun for sql_operator_dag to 2024-03-13 00:00:00+00:00, run_after=2024-03-14 00:00:00+00:00
[2024-03-14T07:57:09.098+0530] {processor.py:183} INFO - Processing /home/kai/airflow/dags/execute_sql_pipeline.py took 0.097 seconds
[2024-03-14T07:57:39.702+0530] {processor.py:161} INFO - Started process (PID=308850) to work on /home/kai/airflow/dags/execute_sql_pipeline.py
[2024-03-14T07:57:39.703+0530] {processor.py:830} INFO - Processing file /home/kai/airflow/dags/execute_sql_pipeline.py for tasks to queue
[2024-03-14T07:57:39.704+0530] {logging_mixin.py:188} INFO - [2024-03-14T07:57:39.703+0530] {dagbag.py:540} INFO - Filling up the DagBag from /home/kai/airflow/dags/execute_sql_pipeline.py
[2024-03-14T07:57:39.727+0530] {processor.py:840} INFO - DAG(s) 'sql_operator_dag' retrieved from /home/kai/airflow/dags/execute_sql_pipeline.py
[2024-03-14T07:57:39.747+0530] {logging_mixin.py:188} INFO - [2024-03-14T07:57:39.747+0530] {dag.py:3047} INFO - Sync 1 DAGs
[2024-03-14T07:57:39.765+0530] {logging_mixin.py:188} INFO - [2024-03-14T07:57:39.765+0530] {dag.py:3834} INFO - Setting next_dagrun for sql_operator_dag to 2024-03-13 00:00:00+00:00, run_after=2024-03-14 00:00:00+00:00
[2024-03-14T07:57:39.803+0530] {processor.py:183} INFO - Processing /home/kai/airflow/dags/execute_sql_pipeline.py took 0.105 seconds
[2024-03-14T07:58:10.729+0530] {processor.py:161} INFO - Started process (PID=308902) to work on /home/kai/airflow/dags/execute_sql_pipeline.py
[2024-03-14T07:58:10.732+0530] {processor.py:830} INFO - Processing file /home/kai/airflow/dags/execute_sql_pipeline.py for tasks to queue
[2024-03-14T07:58:10.733+0530] {logging_mixin.py:188} INFO - [2024-03-14T07:58:10.733+0530] {dagbag.py:540} INFO - Filling up the DagBag from /home/kai/airflow/dags/execute_sql_pipeline.py
[2024-03-14T07:58:10.758+0530] {processor.py:840} INFO - DAG(s) 'sql_operator_dag' retrieved from /home/kai/airflow/dags/execute_sql_pipeline.py
[2024-03-14T07:58:10.780+0530] {logging_mixin.py:188} INFO - [2024-03-14T07:58:10.779+0530] {dag.py:3047} INFO - Sync 1 DAGs
[2024-03-14T07:58:10.802+0530] {logging_mixin.py:188} INFO - [2024-03-14T07:58:10.802+0530] {dag.py:3834} INFO - Setting next_dagrun for sql_operator_dag to 2024-03-13 00:00:00+00:00, run_after=2024-03-14 00:00:00+00:00
[2024-03-14T07:58:10.839+0530] {processor.py:183} INFO - Processing /home/kai/airflow/dags/execute_sql_pipeline.py took 0.112 seconds
[2024-03-14T07:58:42.394+0530] {processor.py:161} INFO - Started process (PID=308954) to work on /home/kai/airflow/dags/execute_sql_pipeline.py
[2024-03-14T07:58:42.396+0530] {processor.py:830} INFO - Processing file /home/kai/airflow/dags/execute_sql_pipeline.py for tasks to queue
[2024-03-14T07:58:42.397+0530] {logging_mixin.py:188} INFO - [2024-03-14T07:58:42.397+0530] {dagbag.py:540} INFO - Filling up the DagBag from /home/kai/airflow/dags/execute_sql_pipeline.py
[2024-03-14T07:58:42.421+0530] {processor.py:840} INFO - DAG(s) 'sql_operator_dag' retrieved from /home/kai/airflow/dags/execute_sql_pipeline.py
[2024-03-14T07:58:42.440+0530] {logging_mixin.py:188} INFO - [2024-03-14T07:58:42.439+0530] {dag.py:3047} INFO - Sync 1 DAGs
[2024-03-14T07:58:42.457+0530] {logging_mixin.py:188} INFO - [2024-03-14T07:58:42.456+0530] {dag.py:3834} INFO - Setting next_dagrun for sql_operator_dag to 2024-03-13 00:00:00+00:00, run_after=2024-03-14 00:00:00+00:00
[2024-03-14T07:58:42.492+0530] {processor.py:183} INFO - Processing /home/kai/airflow/dags/execute_sql_pipeline.py took 0.102 seconds
[2024-03-14T07:59:13.128+0530] {processor.py:161} INFO - Started process (PID=309007) to work on /home/kai/airflow/dags/execute_sql_pipeline.py
[2024-03-14T07:59:13.131+0530] {processor.py:830} INFO - Processing file /home/kai/airflow/dags/execute_sql_pipeline.py for tasks to queue
[2024-03-14T07:59:13.132+0530] {logging_mixin.py:188} INFO - [2024-03-14T07:59:13.131+0530] {dagbag.py:540} INFO - Filling up the DagBag from /home/kai/airflow/dags/execute_sql_pipeline.py
[2024-03-14T07:59:13.152+0530] {processor.py:840} INFO - DAG(s) 'sql_operator_dag' retrieved from /home/kai/airflow/dags/execute_sql_pipeline.py
[2024-03-14T07:59:13.171+0530] {logging_mixin.py:188} INFO - [2024-03-14T07:59:13.171+0530] {dag.py:3047} INFO - Sync 1 DAGs
[2024-03-14T07:59:13.187+0530] {logging_mixin.py:188} INFO - [2024-03-14T07:59:13.187+0530] {dag.py:3834} INFO - Setting next_dagrun for sql_operator_dag to 2024-03-13 00:00:00+00:00, run_after=2024-03-14 00:00:00+00:00
[2024-03-14T07:59:13.222+0530] {processor.py:183} INFO - Processing /home/kai/airflow/dags/execute_sql_pipeline.py took 0.097 seconds
[2024-03-14T07:59:44.044+0530] {processor.py:161} INFO - Started process (PID=309059) to work on /home/kai/airflow/dags/execute_sql_pipeline.py
[2024-03-14T07:59:44.047+0530] {processor.py:830} INFO - Processing file /home/kai/airflow/dags/execute_sql_pipeline.py for tasks to queue
[2024-03-14T07:59:44.048+0530] {logging_mixin.py:188} INFO - [2024-03-14T07:59:44.047+0530] {dagbag.py:540} INFO - Filling up the DagBag from /home/kai/airflow/dags/execute_sql_pipeline.py
[2024-03-14T07:59:44.076+0530] {processor.py:840} INFO - DAG(s) 'sql_operator_dag' retrieved from /home/kai/airflow/dags/execute_sql_pipeline.py
[2024-03-14T07:59:44.099+0530] {logging_mixin.py:188} INFO - [2024-03-14T07:59:44.098+0530] {dag.py:3047} INFO - Sync 1 DAGs
[2024-03-14T07:59:44.125+0530] {logging_mixin.py:188} INFO - [2024-03-14T07:59:44.124+0530] {dag.py:3834} INFO - Setting next_dagrun for sql_operator_dag to 2024-03-13 00:00:00+00:00, run_after=2024-03-14 00:00:00+00:00
[2024-03-14T07:59:44.163+0530] {processor.py:183} INFO - Processing /home/kai/airflow/dags/execute_sql_pipeline.py took 0.122 seconds
[2024-03-14T08:00:14.936+0530] {processor.py:161} INFO - Started process (PID=309111) to work on /home/kai/airflow/dags/execute_sql_pipeline.py
[2024-03-14T08:00:14.940+0530] {processor.py:830} INFO - Processing file /home/kai/airflow/dags/execute_sql_pipeline.py for tasks to queue
[2024-03-14T08:00:14.942+0530] {logging_mixin.py:188} INFO - [2024-03-14T08:00:14.941+0530] {dagbag.py:540} INFO - Filling up the DagBag from /home/kai/airflow/dags/execute_sql_pipeline.py
[2024-03-14T08:00:14.981+0530] {processor.py:840} INFO - DAG(s) 'sql_operator_dag' retrieved from /home/kai/airflow/dags/execute_sql_pipeline.py
[2024-03-14T08:00:15.022+0530] {logging_mixin.py:188} INFO - [2024-03-14T08:00:15.021+0530] {dag.py:3047} INFO - Sync 1 DAGs
[2024-03-14T08:00:15.048+0530] {logging_mixin.py:188} INFO - [2024-03-14T08:00:15.047+0530] {dag.py:3834} INFO - Setting next_dagrun for sql_operator_dag to 2024-03-13 00:00:00+00:00, run_after=2024-03-14 00:00:00+00:00
[2024-03-14T08:00:15.087+0530] {processor.py:183} INFO - Processing /home/kai/airflow/dags/execute_sql_pipeline.py took 0.157 seconds
[2024-03-14T08:00:45.723+0530] {processor.py:161} INFO - Started process (PID=309165) to work on /home/kai/airflow/dags/execute_sql_pipeline.py
[2024-03-14T08:00:45.726+0530] {processor.py:830} INFO - Processing file /home/kai/airflow/dags/execute_sql_pipeline.py for tasks to queue
[2024-03-14T08:00:45.727+0530] {logging_mixin.py:188} INFO - [2024-03-14T08:00:45.727+0530] {dagbag.py:540} INFO - Filling up the DagBag from /home/kai/airflow/dags/execute_sql_pipeline.py
[2024-03-14T08:00:45.748+0530] {processor.py:840} INFO - DAG(s) 'sql_operator_dag' retrieved from /home/kai/airflow/dags/execute_sql_pipeline.py
[2024-03-14T08:00:45.767+0530] {logging_mixin.py:188} INFO - [2024-03-14T08:00:45.767+0530] {dag.py:3047} INFO - Sync 1 DAGs
[2024-03-14T08:00:45.784+0530] {logging_mixin.py:188} INFO - [2024-03-14T08:00:45.784+0530] {dag.py:3834} INFO - Setting next_dagrun for sql_operator_dag to 2024-03-13 00:00:00+00:00, run_after=2024-03-14 00:00:00+00:00
[2024-03-14T08:00:45.822+0530] {processor.py:183} INFO - Processing /home/kai/airflow/dags/execute_sql_pipeline.py took 0.103 seconds
[2024-03-14T08:01:17.003+0530] {processor.py:161} INFO - Started process (PID=309217) to work on /home/kai/airflow/dags/execute_sql_pipeline.py
[2024-03-14T08:01:17.005+0530] {processor.py:830} INFO - Processing file /home/kai/airflow/dags/execute_sql_pipeline.py for tasks to queue
[2024-03-14T08:01:17.006+0530] {logging_mixin.py:188} INFO - [2024-03-14T08:01:17.006+0530] {dagbag.py:540} INFO - Filling up the DagBag from /home/kai/airflow/dags/execute_sql_pipeline.py
[2024-03-14T08:01:17.027+0530] {processor.py:840} INFO - DAG(s) 'sql_operator_dag' retrieved from /home/kai/airflow/dags/execute_sql_pipeline.py
[2024-03-14T08:01:17.047+0530] {logging_mixin.py:188} INFO - [2024-03-14T08:01:17.046+0530] {dag.py:3047} INFO - Sync 1 DAGs
[2024-03-14T08:01:17.063+0530] {logging_mixin.py:188} INFO - [2024-03-14T08:01:17.063+0530] {dag.py:3834} INFO - Setting next_dagrun for sql_operator_dag to 2024-03-13 00:00:00+00:00, run_after=2024-03-14 00:00:00+00:00
[2024-03-14T08:01:17.097+0530] {processor.py:183} INFO - Processing /home/kai/airflow/dags/execute_sql_pipeline.py took 0.097 seconds
[2024-03-14T08:01:48.228+0530] {processor.py:161} INFO - Started process (PID=309268) to work on /home/kai/airflow/dags/execute_sql_pipeline.py
[2024-03-14T08:01:48.229+0530] {processor.py:830} INFO - Processing file /home/kai/airflow/dags/execute_sql_pipeline.py for tasks to queue
[2024-03-14T08:01:48.231+0530] {logging_mixin.py:188} INFO - [2024-03-14T08:01:48.230+0530] {dagbag.py:540} INFO - Filling up the DagBag from /home/kai/airflow/dags/execute_sql_pipeline.py
[2024-03-14T08:01:48.270+0530] {processor.py:840} INFO - DAG(s) 'sql_operator_dag' retrieved from /home/kai/airflow/dags/execute_sql_pipeline.py
[2024-03-14T08:01:48.307+0530] {logging_mixin.py:188} INFO - [2024-03-14T08:01:48.307+0530] {dag.py:3047} INFO - Sync 1 DAGs
[2024-03-14T08:01:48.343+0530] {logging_mixin.py:188} INFO - [2024-03-14T08:01:48.342+0530] {dag.py:3834} INFO - Setting next_dagrun for sql_operator_dag to 2024-03-13 00:00:00+00:00, run_after=2024-03-14 00:00:00+00:00
[2024-03-14T08:01:48.418+0530] {processor.py:183} INFO - Processing /home/kai/airflow/dags/execute_sql_pipeline.py took 0.196 seconds
[2024-03-14T08:02:19.363+0530] {processor.py:161} INFO - Started process (PID=309320) to work on /home/kai/airflow/dags/execute_sql_pipeline.py
[2024-03-14T08:02:19.366+0530] {processor.py:830} INFO - Processing file /home/kai/airflow/dags/execute_sql_pipeline.py for tasks to queue
[2024-03-14T08:02:19.367+0530] {logging_mixin.py:188} INFO - [2024-03-14T08:02:19.367+0530] {dagbag.py:540} INFO - Filling up the DagBag from /home/kai/airflow/dags/execute_sql_pipeline.py
[2024-03-14T08:02:19.389+0530] {processor.py:840} INFO - DAG(s) 'sql_operator_dag' retrieved from /home/kai/airflow/dags/execute_sql_pipeline.py
[2024-03-14T08:02:19.410+0530] {logging_mixin.py:188} INFO - [2024-03-14T08:02:19.410+0530] {dag.py:3047} INFO - Sync 1 DAGs
[2024-03-14T08:02:19.429+0530] {logging_mixin.py:188} INFO - [2024-03-14T08:02:19.429+0530] {dag.py:3834} INFO - Setting next_dagrun for sql_operator_dag to 2024-03-13 00:00:00+00:00, run_after=2024-03-14 00:00:00+00:00
[2024-03-14T08:02:19.466+0530] {processor.py:183} INFO - Processing /home/kai/airflow/dags/execute_sql_pipeline.py took 0.107 seconds
[2024-03-14T08:02:50.413+0530] {processor.py:161} INFO - Started process (PID=309371) to work on /home/kai/airflow/dags/execute_sql_pipeline.py
[2024-03-14T08:02:50.415+0530] {processor.py:830} INFO - Processing file /home/kai/airflow/dags/execute_sql_pipeline.py for tasks to queue
[2024-03-14T08:02:50.416+0530] {logging_mixin.py:188} INFO - [2024-03-14T08:02:50.415+0530] {dagbag.py:540} INFO - Filling up the DagBag from /home/kai/airflow/dags/execute_sql_pipeline.py
[2024-03-14T08:02:50.437+0530] {processor.py:840} INFO - DAG(s) 'sql_operator_dag' retrieved from /home/kai/airflow/dags/execute_sql_pipeline.py
[2024-03-14T08:02:50.456+0530] {logging_mixin.py:188} INFO - [2024-03-14T08:02:50.456+0530] {dag.py:3047} INFO - Sync 1 DAGs
[2024-03-14T08:02:50.476+0530] {logging_mixin.py:188} INFO - [2024-03-14T08:02:50.475+0530] {dag.py:3834} INFO - Setting next_dagrun for sql_operator_dag to 2024-03-13 00:00:00+00:00, run_after=2024-03-14 00:00:00+00:00
[2024-03-14T08:02:50.509+0530] {processor.py:183} INFO - Processing /home/kai/airflow/dags/execute_sql_pipeline.py took 0.099 seconds
[2024-03-14T08:03:21.515+0530] {processor.py:161} INFO - Started process (PID=309425) to work on /home/kai/airflow/dags/execute_sql_pipeline.py
[2024-03-14T08:03:21.518+0530] {processor.py:830} INFO - Processing file /home/kai/airflow/dags/execute_sql_pipeline.py for tasks to queue
[2024-03-14T08:03:21.519+0530] {logging_mixin.py:188} INFO - [2024-03-14T08:03:21.519+0530] {dagbag.py:540} INFO - Filling up the DagBag from /home/kai/airflow/dags/execute_sql_pipeline.py
[2024-03-14T08:03:21.539+0530] {processor.py:840} INFO - DAG(s) 'sql_operator_dag' retrieved from /home/kai/airflow/dags/execute_sql_pipeline.py
[2024-03-14T08:03:21.558+0530] {logging_mixin.py:188} INFO - [2024-03-14T08:03:21.558+0530] {dag.py:3047} INFO - Sync 1 DAGs
[2024-03-14T08:03:21.574+0530] {logging_mixin.py:188} INFO - [2024-03-14T08:03:21.574+0530] {dag.py:3834} INFO - Setting next_dagrun for sql_operator_dag to 2024-03-13 00:00:00+00:00, run_after=2024-03-14 00:00:00+00:00
[2024-03-14T08:03:21.609+0530] {processor.py:183} INFO - Processing /home/kai/airflow/dags/execute_sql_pipeline.py took 0.097 seconds
[2024-03-14T08:03:52.605+0530] {processor.py:161} INFO - Started process (PID=309476) to work on /home/kai/airflow/dags/execute_sql_pipeline.py
[2024-03-14T08:03:52.608+0530] {processor.py:830} INFO - Processing file /home/kai/airflow/dags/execute_sql_pipeline.py for tasks to queue
[2024-03-14T08:03:52.610+0530] {logging_mixin.py:188} INFO - [2024-03-14T08:03:52.609+0530] {dagbag.py:540} INFO - Filling up the DagBag from /home/kai/airflow/dags/execute_sql_pipeline.py
[2024-03-14T08:03:52.632+0530] {processor.py:840} INFO - DAG(s) 'sql_operator_dag' retrieved from /home/kai/airflow/dags/execute_sql_pipeline.py
[2024-03-14T08:03:52.653+0530] {logging_mixin.py:188} INFO - [2024-03-14T08:03:52.653+0530] {dag.py:3047} INFO - Sync 1 DAGs
[2024-03-14T08:03:52.669+0530] {logging_mixin.py:188} INFO - [2024-03-14T08:03:52.669+0530] {dag.py:3834} INFO - Setting next_dagrun for sql_operator_dag to 2024-03-13 00:00:00+00:00, run_after=2024-03-14 00:00:00+00:00
[2024-03-14T08:03:52.703+0530] {processor.py:183} INFO - Processing /home/kai/airflow/dags/execute_sql_pipeline.py took 0.101 seconds
[2024-03-14T08:04:23.613+0530] {processor.py:161} INFO - Started process (PID=309528) to work on /home/kai/airflow/dags/execute_sql_pipeline.py
[2024-03-14T08:04:23.616+0530] {processor.py:830} INFO - Processing file /home/kai/airflow/dags/execute_sql_pipeline.py for tasks to queue
[2024-03-14T08:04:23.617+0530] {logging_mixin.py:188} INFO - [2024-03-14T08:04:23.616+0530] {dagbag.py:540} INFO - Filling up the DagBag from /home/kai/airflow/dags/execute_sql_pipeline.py
[2024-03-14T08:04:23.637+0530] {processor.py:840} INFO - DAG(s) 'sql_operator_dag' retrieved from /home/kai/airflow/dags/execute_sql_pipeline.py
[2024-03-14T08:04:23.655+0530] {logging_mixin.py:188} INFO - [2024-03-14T08:04:23.655+0530] {dag.py:3047} INFO - Sync 1 DAGs
[2024-03-14T08:04:23.672+0530] {logging_mixin.py:188} INFO - [2024-03-14T08:04:23.672+0530] {dag.py:3834} INFO - Setting next_dagrun for sql_operator_dag to 2024-03-13 00:00:00+00:00, run_after=2024-03-14 00:00:00+00:00
[2024-03-14T08:04:23.706+0530] {processor.py:183} INFO - Processing /home/kai/airflow/dags/execute_sql_pipeline.py took 0.097 seconds
[2024-03-14T08:04:54.311+0530] {processor.py:161} INFO - Started process (PID=309579) to work on /home/kai/airflow/dags/execute_sql_pipeline.py
[2024-03-14T08:04:54.314+0530] {processor.py:830} INFO - Processing file /home/kai/airflow/dags/execute_sql_pipeline.py for tasks to queue
[2024-03-14T08:04:54.315+0530] {logging_mixin.py:188} INFO - [2024-03-14T08:04:54.315+0530] {dagbag.py:540} INFO - Filling up the DagBag from /home/kai/airflow/dags/execute_sql_pipeline.py
[2024-03-14T08:04:54.335+0530] {processor.py:840} INFO - DAG(s) 'sql_operator_dag' retrieved from /home/kai/airflow/dags/execute_sql_pipeline.py
[2024-03-14T08:04:54.354+0530] {logging_mixin.py:188} INFO - [2024-03-14T08:04:54.354+0530] {dag.py:3047} INFO - Sync 1 DAGs
[2024-03-14T08:04:54.371+0530] {logging_mixin.py:188} INFO - [2024-03-14T08:04:54.371+0530] {dag.py:3834} INFO - Setting next_dagrun for sql_operator_dag to 2024-03-13 00:00:00+00:00, run_after=2024-03-14 00:00:00+00:00
[2024-03-14T08:04:54.424+0530] {processor.py:183} INFO - Processing /home/kai/airflow/dags/execute_sql_pipeline.py took 0.116 seconds
[2024-03-14T08:05:25.098+0530] {processor.py:161} INFO - Started process (PID=309636) to work on /home/kai/airflow/dags/execute_sql_pipeline.py
[2024-03-14T08:05:25.100+0530] {processor.py:830} INFO - Processing file /home/kai/airflow/dags/execute_sql_pipeline.py for tasks to queue
[2024-03-14T08:05:25.101+0530] {logging_mixin.py:188} INFO - [2024-03-14T08:05:25.101+0530] {dagbag.py:540} INFO - Filling up the DagBag from /home/kai/airflow/dags/execute_sql_pipeline.py
[2024-03-14T08:05:25.122+0530] {processor.py:840} INFO - DAG(s) 'sql_operator_dag' retrieved from /home/kai/airflow/dags/execute_sql_pipeline.py
[2024-03-14T08:05:25.142+0530] {logging_mixin.py:188} INFO - [2024-03-14T08:05:25.142+0530] {dag.py:3047} INFO - Sync 1 DAGs
[2024-03-14T08:05:25.159+0530] {logging_mixin.py:188} INFO - [2024-03-14T08:05:25.159+0530] {dag.py:3834} INFO - Setting next_dagrun for sql_operator_dag to 2024-03-13 00:00:00+00:00, run_after=2024-03-14 00:00:00+00:00
[2024-03-14T08:05:25.200+0530] {processor.py:183} INFO - Processing /home/kai/airflow/dags/execute_sql_pipeline.py took 0.106 seconds
[2024-03-14T08:05:56.184+0530] {processor.py:161} INFO - Started process (PID=309688) to work on /home/kai/airflow/dags/execute_sql_pipeline.py
[2024-03-14T08:05:56.186+0530] {processor.py:830} INFO - Processing file /home/kai/airflow/dags/execute_sql_pipeline.py for tasks to queue
[2024-03-14T08:05:56.187+0530] {logging_mixin.py:188} INFO - [2024-03-14T08:05:56.186+0530] {dagbag.py:540} INFO - Filling up the DagBag from /home/kai/airflow/dags/execute_sql_pipeline.py
[2024-03-14T08:05:56.210+0530] {processor.py:840} INFO - DAG(s) 'sql_operator_dag' retrieved from /home/kai/airflow/dags/execute_sql_pipeline.py
[2024-03-14T08:05:56.229+0530] {logging_mixin.py:188} INFO - [2024-03-14T08:05:56.229+0530] {dag.py:3047} INFO - Sync 1 DAGs
[2024-03-14T08:05:56.246+0530] {logging_mixin.py:188} INFO - [2024-03-14T08:05:56.245+0530] {dag.py:3834} INFO - Setting next_dagrun for sql_operator_dag to 2024-03-13 00:00:00+00:00, run_after=2024-03-14 00:00:00+00:00
[2024-03-14T08:05:56.282+0530] {processor.py:183} INFO - Processing /home/kai/airflow/dags/execute_sql_pipeline.py took 0.103 seconds
[2024-03-14T08:06:27.244+0530] {processor.py:161} INFO - Started process (PID=309739) to work on /home/kai/airflow/dags/execute_sql_pipeline.py
[2024-03-14T08:06:27.247+0530] {processor.py:830} INFO - Processing file /home/kai/airflow/dags/execute_sql_pipeline.py for tasks to queue
[2024-03-14T08:06:27.248+0530] {logging_mixin.py:188} INFO - [2024-03-14T08:06:27.247+0530] {dagbag.py:540} INFO - Filling up the DagBag from /home/kai/airflow/dags/execute_sql_pipeline.py
[2024-03-14T08:06:27.270+0530] {processor.py:840} INFO - DAG(s) 'sql_operator_dag' retrieved from /home/kai/airflow/dags/execute_sql_pipeline.py
[2024-03-14T08:06:27.288+0530] {logging_mixin.py:188} INFO - [2024-03-14T08:06:27.288+0530] {dag.py:3047} INFO - Sync 1 DAGs
[2024-03-14T08:06:27.306+0530] {logging_mixin.py:188} INFO - [2024-03-14T08:06:27.306+0530] {dag.py:3834} INFO - Setting next_dagrun for sql_operator_dag to 2024-03-13 00:00:00+00:00, run_after=2024-03-14 00:00:00+00:00
[2024-03-14T08:06:27.344+0530] {processor.py:183} INFO - Processing /home/kai/airflow/dags/execute_sql_pipeline.py took 0.104 seconds
[2024-03-14T08:06:58.227+0530] {processor.py:161} INFO - Started process (PID=309791) to work on /home/kai/airflow/dags/execute_sql_pipeline.py
[2024-03-14T08:06:58.229+0530] {processor.py:830} INFO - Processing file /home/kai/airflow/dags/execute_sql_pipeline.py for tasks to queue
[2024-03-14T08:06:58.230+0530] {logging_mixin.py:188} INFO - [2024-03-14T08:06:58.230+0530] {dagbag.py:540} INFO - Filling up the DagBag from /home/kai/airflow/dags/execute_sql_pipeline.py
[2024-03-14T08:06:58.252+0530] {processor.py:840} INFO - DAG(s) 'sql_operator_dag' retrieved from /home/kai/airflow/dags/execute_sql_pipeline.py
[2024-03-14T08:06:58.272+0530] {logging_mixin.py:188} INFO - [2024-03-14T08:06:58.272+0530] {dag.py:3047} INFO - Sync 1 DAGs
[2024-03-14T08:06:58.289+0530] {logging_mixin.py:188} INFO - [2024-03-14T08:06:58.288+0530] {dag.py:3834} INFO - Setting next_dagrun for sql_operator_dag to 2024-03-13 00:00:00+00:00, run_after=2024-03-14 00:00:00+00:00
[2024-03-14T08:06:58.321+0530] {processor.py:183} INFO - Processing /home/kai/airflow/dags/execute_sql_pipeline.py took 0.098 seconds
[2024-03-14T08:07:28.870+0530] {processor.py:161} INFO - Started process (PID=309842) to work on /home/kai/airflow/dags/execute_sql_pipeline.py
[2024-03-14T08:07:28.871+0530] {processor.py:830} INFO - Processing file /home/kai/airflow/dags/execute_sql_pipeline.py for tasks to queue
[2024-03-14T08:07:28.872+0530] {logging_mixin.py:188} INFO - [2024-03-14T08:07:28.872+0530] {dagbag.py:540} INFO - Filling up the DagBag from /home/kai/airflow/dags/execute_sql_pipeline.py
[2024-03-14T08:07:28.894+0530] {processor.py:840} INFO - DAG(s) 'sql_operator_dag' retrieved from /home/kai/airflow/dags/execute_sql_pipeline.py
[2024-03-14T08:07:28.912+0530] {logging_mixin.py:188} INFO - [2024-03-14T08:07:28.912+0530] {dag.py:3047} INFO - Sync 1 DAGs
[2024-03-14T08:07:28.928+0530] {logging_mixin.py:188} INFO - [2024-03-14T08:07:28.928+0530] {dag.py:3834} INFO - Setting next_dagrun for sql_operator_dag to 2024-03-13 00:00:00+00:00, run_after=2024-03-14 00:00:00+00:00
[2024-03-14T08:07:28.978+0530] {processor.py:183} INFO - Processing /home/kai/airflow/dags/execute_sql_pipeline.py took 0.111 seconds
[2024-03-14T08:07:59.729+0530] {processor.py:161} INFO - Started process (PID=309896) to work on /home/kai/airflow/dags/execute_sql_pipeline.py
[2024-03-14T08:07:59.732+0530] {processor.py:830} INFO - Processing file /home/kai/airflow/dags/execute_sql_pipeline.py for tasks to queue
[2024-03-14T08:07:59.733+0530] {logging_mixin.py:188} INFO - [2024-03-14T08:07:59.733+0530] {dagbag.py:540} INFO - Filling up the DagBag from /home/kai/airflow/dags/execute_sql_pipeline.py
[2024-03-14T08:07:59.755+0530] {processor.py:840} INFO - DAG(s) 'sql_operator_dag' retrieved from /home/kai/airflow/dags/execute_sql_pipeline.py
[2024-03-14T08:07:59.774+0530] {logging_mixin.py:188} INFO - [2024-03-14T08:07:59.774+0530] {dag.py:3047} INFO - Sync 1 DAGs
[2024-03-14T08:07:59.790+0530] {logging_mixin.py:188} INFO - [2024-03-14T08:07:59.790+0530] {dag.py:3834} INFO - Setting next_dagrun for sql_operator_dag to 2024-03-13 00:00:00+00:00, run_after=2024-03-14 00:00:00+00:00
[2024-03-14T08:07:59.826+0530] {processor.py:183} INFO - Processing /home/kai/airflow/dags/execute_sql_pipeline.py took 0.100 seconds
[2024-03-14T08:08:30.223+0530] {processor.py:161} INFO - Started process (PID=309947) to work on /home/kai/airflow/dags/execute_sql_pipeline.py
[2024-03-14T08:08:30.226+0530] {processor.py:830} INFO - Processing file /home/kai/airflow/dags/execute_sql_pipeline.py for tasks to queue
[2024-03-14T08:08:30.227+0530] {logging_mixin.py:188} INFO - [2024-03-14T08:08:30.226+0530] {dagbag.py:540} INFO - Filling up the DagBag from /home/kai/airflow/dags/execute_sql_pipeline.py
[2024-03-14T08:08:30.248+0530] {processor.py:840} INFO - DAG(s) 'sql_operator_dag' retrieved from /home/kai/airflow/dags/execute_sql_pipeline.py
[2024-03-14T08:08:30.267+0530] {logging_mixin.py:188} INFO - [2024-03-14T08:08:30.266+0530] {dag.py:3047} INFO - Sync 1 DAGs
[2024-03-14T08:08:30.284+0530] {logging_mixin.py:188} INFO - [2024-03-14T08:08:30.284+0530] {dag.py:3834} INFO - Setting next_dagrun for sql_operator_dag to 2024-03-13 00:00:00+00:00, run_after=2024-03-14 00:00:00+00:00
[2024-03-14T08:08:30.320+0530] {processor.py:183} INFO - Processing /home/kai/airflow/dags/execute_sql_pipeline.py took 0.101 seconds
[2024-03-14T08:09:01.339+0530] {processor.py:161} INFO - Started process (PID=309999) to work on /home/kai/airflow/dags/execute_sql_pipeline.py
[2024-03-14T08:09:01.342+0530] {processor.py:830} INFO - Processing file /home/kai/airflow/dags/execute_sql_pipeline.py for tasks to queue
[2024-03-14T08:09:01.344+0530] {logging_mixin.py:188} INFO - [2024-03-14T08:09:01.343+0530] {dagbag.py:540} INFO - Filling up the DagBag from /home/kai/airflow/dags/execute_sql_pipeline.py
[2024-03-14T08:09:01.366+0530] {processor.py:840} INFO - DAG(s) 'sql_operator_dag' retrieved from /home/kai/airflow/dags/execute_sql_pipeline.py
[2024-03-14T08:09:01.386+0530] {logging_mixin.py:188} INFO - [2024-03-14T08:09:01.385+0530] {dag.py:3047} INFO - Sync 1 DAGs
[2024-03-14T08:09:01.402+0530] {logging_mixin.py:188} INFO - [2024-03-14T08:09:01.401+0530] {dag.py:3834} INFO - Setting next_dagrun for sql_operator_dag to 2024-03-13 00:00:00+00:00, run_after=2024-03-14 00:00:00+00:00
[2024-03-14T08:09:01.442+0530] {processor.py:183} INFO - Processing /home/kai/airflow/dags/execute_sql_pipeline.py took 0.107 seconds
[2024-03-14T08:09:31.756+0530] {processor.py:161} INFO - Started process (PID=310050) to work on /home/kai/airflow/dags/execute_sql_pipeline.py
[2024-03-14T08:09:31.760+0530] {processor.py:830} INFO - Processing file /home/kai/airflow/dags/execute_sql_pipeline.py for tasks to queue
[2024-03-14T08:09:31.761+0530] {logging_mixin.py:188} INFO - [2024-03-14T08:09:31.761+0530] {dagbag.py:540} INFO - Filling up the DagBag from /home/kai/airflow/dags/execute_sql_pipeline.py
[2024-03-14T08:09:31.785+0530] {processor.py:840} INFO - DAG(s) 'sql_operator_dag' retrieved from /home/kai/airflow/dags/execute_sql_pipeline.py
[2024-03-14T08:09:31.804+0530] {logging_mixin.py:188} INFO - [2024-03-14T08:09:31.804+0530] {dag.py:3047} INFO - Sync 1 DAGs
[2024-03-14T08:09:31.821+0530] {logging_mixin.py:188} INFO - [2024-03-14T08:09:31.821+0530] {dag.py:3834} INFO - Setting next_dagrun for sql_operator_dag to 2024-03-13 00:00:00+00:00, run_after=2024-03-14 00:00:00+00:00
[2024-03-14T08:09:31.862+0530] {processor.py:183} INFO - Processing /home/kai/airflow/dags/execute_sql_pipeline.py took 0.110 seconds
[2024-03-14T08:10:03.563+0530] {processor.py:161} INFO - Started process (PID=310105) to work on /home/kai/airflow/dags/execute_sql_pipeline.py
[2024-03-14T08:10:03.567+0530] {processor.py:830} INFO - Processing file /home/kai/airflow/dags/execute_sql_pipeline.py for tasks to queue
[2024-03-14T08:10:03.568+0530] {logging_mixin.py:188} INFO - [2024-03-14T08:10:03.567+0530] {dagbag.py:540} INFO - Filling up the DagBag from /home/kai/airflow/dags/execute_sql_pipeline.py
[2024-03-14T08:10:03.590+0530] {processor.py:840} INFO - DAG(s) 'sql_operator_dag' retrieved from /home/kai/airflow/dags/execute_sql_pipeline.py
[2024-03-14T08:10:03.609+0530] {logging_mixin.py:188} INFO - [2024-03-14T08:10:03.609+0530] {dag.py:3047} INFO - Sync 1 DAGs
[2024-03-14T08:10:03.628+0530] {logging_mixin.py:188} INFO - [2024-03-14T08:10:03.627+0530] {dag.py:3834} INFO - Setting next_dagrun for sql_operator_dag to 2024-03-13 00:00:00+00:00, run_after=2024-03-14 00:00:00+00:00
[2024-03-14T08:10:03.747+0530] {processor.py:183} INFO - Processing /home/kai/airflow/dags/execute_sql_pipeline.py took 0.188 seconds
[2024-03-14T08:10:34.214+0530] {processor.py:161} INFO - Started process (PID=310156) to work on /home/kai/airflow/dags/execute_sql_pipeline.py
[2024-03-14T08:10:34.215+0530] {processor.py:830} INFO - Processing file /home/kai/airflow/dags/execute_sql_pipeline.py for tasks to queue
[2024-03-14T08:10:34.216+0530] {logging_mixin.py:188} INFO - [2024-03-14T08:10:34.216+0530] {dagbag.py:540} INFO - Filling up the DagBag from /home/kai/airflow/dags/execute_sql_pipeline.py
[2024-03-14T08:10:34.242+0530] {processor.py:840} INFO - DAG(s) 'sql_operator_dag' retrieved from /home/kai/airflow/dags/execute_sql_pipeline.py
[2024-03-14T08:10:34.262+0530] {logging_mixin.py:188} INFO - [2024-03-14T08:10:34.261+0530] {dag.py:3047} INFO - Sync 1 DAGs
[2024-03-14T08:10:34.281+0530] {logging_mixin.py:188} INFO - [2024-03-14T08:10:34.280+0530] {dag.py:3834} INFO - Setting next_dagrun for sql_operator_dag to 2024-03-13 00:00:00+00:00, run_after=2024-03-14 00:00:00+00:00
[2024-03-14T08:10:34.318+0530] {processor.py:183} INFO - Processing /home/kai/airflow/dags/execute_sql_pipeline.py took 0.111 seconds
[2024-03-14T08:11:05.275+0530] {processor.py:161} INFO - Started process (PID=310210) to work on /home/kai/airflow/dags/execute_sql_pipeline.py
[2024-03-14T08:11:05.280+0530] {processor.py:830} INFO - Processing file /home/kai/airflow/dags/execute_sql_pipeline.py for tasks to queue
[2024-03-14T08:11:05.283+0530] {logging_mixin.py:188} INFO - [2024-03-14T08:11:05.282+0530] {dagbag.py:540} INFO - Filling up the DagBag from /home/kai/airflow/dags/execute_sql_pipeline.py
[2024-03-14T08:11:05.316+0530] {processor.py:840} INFO - DAG(s) 'sql_operator_dag' retrieved from /home/kai/airflow/dags/execute_sql_pipeline.py
[2024-03-14T08:11:05.338+0530] {logging_mixin.py:188} INFO - [2024-03-14T08:11:05.337+0530] {dag.py:3047} INFO - Sync 1 DAGs
[2024-03-14T08:11:05.355+0530] {logging_mixin.py:188} INFO - [2024-03-14T08:11:05.354+0530] {dag.py:3834} INFO - Setting next_dagrun for sql_operator_dag to 2024-03-13 00:00:00+00:00, run_after=2024-03-14 00:00:00+00:00
[2024-03-14T08:11:05.393+0530] {processor.py:183} INFO - Processing /home/kai/airflow/dags/execute_sql_pipeline.py took 0.131 seconds
[2024-03-14T08:11:35.835+0530] {processor.py:161} INFO - Started process (PID=310262) to work on /home/kai/airflow/dags/execute_sql_pipeline.py
[2024-03-14T08:11:35.837+0530] {processor.py:830} INFO - Processing file /home/kai/airflow/dags/execute_sql_pipeline.py for tasks to queue
[2024-03-14T08:11:35.838+0530] {logging_mixin.py:188} INFO - [2024-03-14T08:11:35.837+0530] {dagbag.py:540} INFO - Filling up the DagBag from /home/kai/airflow/dags/execute_sql_pipeline.py
[2024-03-14T08:11:35.861+0530] {processor.py:840} INFO - DAG(s) 'sql_operator_dag' retrieved from /home/kai/airflow/dags/execute_sql_pipeline.py
[2024-03-14T08:11:35.880+0530] {logging_mixin.py:188} INFO - [2024-03-14T08:11:35.880+0530] {dag.py:3047} INFO - Sync 1 DAGs
[2024-03-14T08:11:35.896+0530] {logging_mixin.py:188} INFO - [2024-03-14T08:11:35.896+0530] {dag.py:3834} INFO - Setting next_dagrun for sql_operator_dag to 2024-03-13 00:00:00+00:00, run_after=2024-03-14 00:00:00+00:00
[2024-03-14T08:11:35.934+0530] {processor.py:183} INFO - Processing /home/kai/airflow/dags/execute_sql_pipeline.py took 0.103 seconds
[2024-03-14T08:12:07.156+0530] {processor.py:161} INFO - Started process (PID=310313) to work on /home/kai/airflow/dags/execute_sql_pipeline.py
[2024-03-14T08:12:07.158+0530] {processor.py:830} INFO - Processing file /home/kai/airflow/dags/execute_sql_pipeline.py for tasks to queue
[2024-03-14T08:12:07.159+0530] {logging_mixin.py:188} INFO - [2024-03-14T08:12:07.158+0530] {dagbag.py:540} INFO - Filling up the DagBag from /home/kai/airflow/dags/execute_sql_pipeline.py
[2024-03-14T08:12:07.182+0530] {processor.py:840} INFO - DAG(s) 'sql_operator_dag' retrieved from /home/kai/airflow/dags/execute_sql_pipeline.py
[2024-03-14T08:12:07.201+0530] {logging_mixin.py:188} INFO - [2024-03-14T08:12:07.201+0530] {dag.py:3047} INFO - Sync 1 DAGs
[2024-03-14T08:12:07.219+0530] {logging_mixin.py:188} INFO - [2024-03-14T08:12:07.219+0530] {dag.py:3834} INFO - Setting next_dagrun for sql_operator_dag to 2024-03-13 00:00:00+00:00, run_after=2024-03-14 00:00:00+00:00
[2024-03-14T08:12:07.346+0530] {processor.py:183} INFO - Processing /home/kai/airflow/dags/execute_sql_pipeline.py took 0.193 seconds
[2024-03-14T08:12:38.167+0530] {processor.py:161} INFO - Started process (PID=310365) to work on /home/kai/airflow/dags/execute_sql_pipeline.py
[2024-03-14T08:12:38.168+0530] {processor.py:830} INFO - Processing file /home/kai/airflow/dags/execute_sql_pipeline.py for tasks to queue
[2024-03-14T08:12:38.168+0530] {logging_mixin.py:188} INFO - [2024-03-14T08:12:38.168+0530] {dagbag.py:540} INFO - Filling up the DagBag from /home/kai/airflow/dags/execute_sql_pipeline.py
[2024-03-14T08:12:38.202+0530] {processor.py:840} INFO - DAG(s) 'sql_operator_dag' retrieved from /home/kai/airflow/dags/execute_sql_pipeline.py
[2024-03-14T08:12:38.231+0530] {logging_mixin.py:188} INFO - [2024-03-14T08:12:38.230+0530] {dag.py:3047} INFO - Sync 1 DAGs
[2024-03-14T08:12:38.251+0530] {logging_mixin.py:188} INFO - [2024-03-14T08:12:38.251+0530] {dag.py:3834} INFO - Setting next_dagrun for sql_operator_dag to 2024-03-13 00:00:00+00:00, run_after=2024-03-14 00:00:00+00:00
[2024-03-14T08:12:38.289+0530] {processor.py:183} INFO - Processing /home/kai/airflow/dags/execute_sql_pipeline.py took 0.126 seconds
[2024-03-14T08:13:08.783+0530] {processor.py:161} INFO - Started process (PID=310418) to work on /home/kai/airflow/dags/execute_sql_pipeline.py
[2024-03-14T08:13:08.787+0530] {processor.py:830} INFO - Processing file /home/kai/airflow/dags/execute_sql_pipeline.py for tasks to queue
[2024-03-14T08:13:08.788+0530] {logging_mixin.py:188} INFO - [2024-03-14T08:13:08.788+0530] {dagbag.py:540} INFO - Filling up the DagBag from /home/kai/airflow/dags/execute_sql_pipeline.py
[2024-03-14T08:13:08.818+0530] {processor.py:840} INFO - DAG(s) 'sql_operator_dag' retrieved from /home/kai/airflow/dags/execute_sql_pipeline.py
[2024-03-14T08:13:08.841+0530] {logging_mixin.py:188} INFO - [2024-03-14T08:13:08.841+0530] {dag.py:3047} INFO - Sync 1 DAGs
[2024-03-14T08:13:08.864+0530] {logging_mixin.py:188} INFO - [2024-03-14T08:13:08.864+0530] {dag.py:3834} INFO - Setting next_dagrun for sql_operator_dag to 2024-03-13 00:00:00+00:00, run_after=2024-03-14 00:00:00+00:00
[2024-03-14T08:13:08.913+0530] {processor.py:183} INFO - Processing /home/kai/airflow/dags/execute_sql_pipeline.py took 0.135 seconds
[2024-03-14T08:13:39.633+0530] {processor.py:161} INFO - Started process (PID=310470) to work on /home/kai/airflow/dags/execute_sql_pipeline.py
[2024-03-14T08:13:39.636+0530] {processor.py:830} INFO - Processing file /home/kai/airflow/dags/execute_sql_pipeline.py for tasks to queue
[2024-03-14T08:13:39.637+0530] {logging_mixin.py:188} INFO - [2024-03-14T08:13:39.636+0530] {dagbag.py:540} INFO - Filling up the DagBag from /home/kai/airflow/dags/execute_sql_pipeline.py
[2024-03-14T08:13:39.658+0530] {processor.py:840} INFO - DAG(s) 'sql_operator_dag' retrieved from /home/kai/airflow/dags/execute_sql_pipeline.py
[2024-03-14T08:13:39.677+0530] {logging_mixin.py:188} INFO - [2024-03-14T08:13:39.677+0530] {dag.py:3047} INFO - Sync 1 DAGs
[2024-03-14T08:13:39.693+0530] {logging_mixin.py:188} INFO - [2024-03-14T08:13:39.693+0530] {dag.py:3834} INFO - Setting next_dagrun for sql_operator_dag to 2024-03-13 00:00:00+00:00, run_after=2024-03-14 00:00:00+00:00
[2024-03-14T08:13:39.731+0530] {processor.py:183} INFO - Processing /home/kai/airflow/dags/execute_sql_pipeline.py took 0.102 seconds
[2024-03-14T08:14:10.276+0530] {processor.py:161} INFO - Started process (PID=310521) to work on /home/kai/airflow/dags/execute_sql_pipeline.py
[2024-03-14T08:14:10.279+0530] {processor.py:830} INFO - Processing file /home/kai/airflow/dags/execute_sql_pipeline.py for tasks to queue
[2024-03-14T08:14:10.280+0530] {logging_mixin.py:188} INFO - [2024-03-14T08:14:10.280+0530] {dagbag.py:540} INFO - Filling up the DagBag from /home/kai/airflow/dags/execute_sql_pipeline.py
[2024-03-14T08:14:10.301+0530] {processor.py:840} INFO - DAG(s) 'sql_operator_dag' retrieved from /home/kai/airflow/dags/execute_sql_pipeline.py
[2024-03-14T08:14:10.319+0530] {logging_mixin.py:188} INFO - [2024-03-14T08:14:10.319+0530] {dag.py:3047} INFO - Sync 1 DAGs
[2024-03-14T08:14:10.414+0530] {logging_mixin.py:188} INFO - [2024-03-14T08:14:10.414+0530] {dag.py:3834} INFO - Setting next_dagrun for sql_operator_dag to 2024-03-13 00:00:00+00:00, run_after=2024-03-14 00:00:00+00:00
[2024-03-14T08:14:10.452+0530] {processor.py:183} INFO - Processing /home/kai/airflow/dags/execute_sql_pipeline.py took 0.179 seconds
[2024-03-14T08:14:40.924+0530] {processor.py:161} INFO - Started process (PID=310573) to work on /home/kai/airflow/dags/execute_sql_pipeline.py
[2024-03-14T08:14:40.927+0530] {processor.py:830} INFO - Processing file /home/kai/airflow/dags/execute_sql_pipeline.py for tasks to queue
[2024-03-14T08:14:40.928+0530] {logging_mixin.py:188} INFO - [2024-03-14T08:14:40.927+0530] {dagbag.py:540} INFO - Filling up the DagBag from /home/kai/airflow/dags/execute_sql_pipeline.py
[2024-03-14T08:14:40.948+0530] {processor.py:840} INFO - DAG(s) 'sql_operator_dag' retrieved from /home/kai/airflow/dags/execute_sql_pipeline.py
[2024-03-14T08:14:40.966+0530] {logging_mixin.py:188} INFO - [2024-03-14T08:14:40.966+0530] {dag.py:3047} INFO - Sync 1 DAGs
[2024-03-14T08:14:40.983+0530] {logging_mixin.py:188} INFO - [2024-03-14T08:14:40.983+0530] {dag.py:3834} INFO - Setting next_dagrun for sql_operator_dag to 2024-03-13 00:00:00+00:00, run_after=2024-03-14 00:00:00+00:00
[2024-03-14T08:14:41.023+0530] {processor.py:183} INFO - Processing /home/kai/airflow/dags/execute_sql_pipeline.py took 0.102 seconds
[2024-03-14T08:15:11.778+0530] {processor.py:161} INFO - Started process (PID=310627) to work on /home/kai/airflow/dags/execute_sql_pipeline.py
[2024-03-14T08:15:11.782+0530] {processor.py:830} INFO - Processing file /home/kai/airflow/dags/execute_sql_pipeline.py for tasks to queue
[2024-03-14T08:15:11.783+0530] {logging_mixin.py:188} INFO - [2024-03-14T08:15:11.783+0530] {dagbag.py:540} INFO - Filling up the DagBag from /home/kai/airflow/dags/execute_sql_pipeline.py
[2024-03-14T08:15:11.804+0530] {processor.py:840} INFO - DAG(s) 'sql_operator_dag' retrieved from /home/kai/airflow/dags/execute_sql_pipeline.py
[2024-03-14T08:15:11.823+0530] {logging_mixin.py:188} INFO - [2024-03-14T08:15:11.823+0530] {dag.py:3047} INFO - Sync 1 DAGs
[2024-03-14T08:15:11.839+0530] {logging_mixin.py:188} INFO - [2024-03-14T08:15:11.839+0530] {dag.py:3834} INFO - Setting next_dagrun for sql_operator_dag to 2024-03-13 00:00:00+00:00, run_after=2024-03-14 00:00:00+00:00
[2024-03-14T08:15:11.878+0530] {processor.py:183} INFO - Processing /home/kai/airflow/dags/execute_sql_pipeline.py took 0.103 seconds
[2024-03-14T08:15:42.312+0530] {processor.py:161} INFO - Started process (PID=310679) to work on /home/kai/airflow/dags/execute_sql_pipeline.py
[2024-03-14T08:15:42.313+0530] {processor.py:830} INFO - Processing file /home/kai/airflow/dags/execute_sql_pipeline.py for tasks to queue
[2024-03-14T08:15:42.314+0530] {logging_mixin.py:188} INFO - [2024-03-14T08:15:42.314+0530] {dagbag.py:540} INFO - Filling up the DagBag from /home/kai/airflow/dags/execute_sql_pipeline.py
[2024-03-14T08:15:42.335+0530] {processor.py:840} INFO - DAG(s) 'sql_operator_dag' retrieved from /home/kai/airflow/dags/execute_sql_pipeline.py
[2024-03-14T08:15:42.353+0530] {logging_mixin.py:188} INFO - [2024-03-14T08:15:42.353+0530] {dag.py:3047} INFO - Sync 1 DAGs
[2024-03-14T08:15:42.369+0530] {logging_mixin.py:188} INFO - [2024-03-14T08:15:42.369+0530] {dag.py:3834} INFO - Setting next_dagrun for sql_operator_dag to 2024-03-13 00:00:00+00:00, run_after=2024-03-14 00:00:00+00:00
[2024-03-14T08:15:42.404+0530] {processor.py:183} INFO - Processing /home/kai/airflow/dags/execute_sql_pipeline.py took 0.095 seconds
[2024-03-14T08:16:12.983+0530] {processor.py:161} INFO - Started process (PID=310732) to work on /home/kai/airflow/dags/execute_sql_pipeline.py
[2024-03-14T08:16:12.986+0530] {processor.py:830} INFO - Processing file /home/kai/airflow/dags/execute_sql_pipeline.py for tasks to queue
[2024-03-14T08:16:12.987+0530] {logging_mixin.py:188} INFO - [2024-03-14T08:16:12.986+0530] {dagbag.py:540} INFO - Filling up the DagBag from /home/kai/airflow/dags/execute_sql_pipeline.py
[2024-03-14T08:16:13.007+0530] {processor.py:840} INFO - DAG(s) 'sql_operator_dag' retrieved from /home/kai/airflow/dags/execute_sql_pipeline.py
[2024-03-14T08:16:13.026+0530] {logging_mixin.py:188} INFO - [2024-03-14T08:16:13.026+0530] {dag.py:3047} INFO - Sync 1 DAGs
[2024-03-14T08:16:13.121+0530] {logging_mixin.py:188} INFO - [2024-03-14T08:16:13.121+0530] {dag.py:3834} INFO - Setting next_dagrun for sql_operator_dag to 2024-03-13 00:00:00+00:00, run_after=2024-03-14 00:00:00+00:00
[2024-03-14T08:16:13.163+0530] {processor.py:183} INFO - Processing /home/kai/airflow/dags/execute_sql_pipeline.py took 0.184 seconds
[2024-03-14T08:16:44.048+0530] {processor.py:161} INFO - Started process (PID=310784) to work on /home/kai/airflow/dags/execute_sql_pipeline.py
[2024-03-14T08:16:44.050+0530] {processor.py:830} INFO - Processing file /home/kai/airflow/dags/execute_sql_pipeline.py for tasks to queue
[2024-03-14T08:16:44.051+0530] {logging_mixin.py:188} INFO - [2024-03-14T08:16:44.050+0530] {dagbag.py:540} INFO - Filling up the DagBag from /home/kai/airflow/dags/execute_sql_pipeline.py
[2024-03-14T08:16:44.073+0530] {processor.py:840} INFO - DAG(s) 'sql_operator_dag' retrieved from /home/kai/airflow/dags/execute_sql_pipeline.py
[2024-03-14T08:16:44.092+0530] {logging_mixin.py:188} INFO - [2024-03-14T08:16:44.092+0530] {dag.py:3047} INFO - Sync 1 DAGs
[2024-03-14T08:16:44.110+0530] {logging_mixin.py:188} INFO - [2024-03-14T08:16:44.109+0530] {dag.py:3834} INFO - Setting next_dagrun for sql_operator_dag to 2024-03-13 00:00:00+00:00, run_after=2024-03-14 00:00:00+00:00
[2024-03-14T08:16:44.159+0530] {processor.py:183} INFO - Processing /home/kai/airflow/dags/execute_sql_pipeline.py took 0.114 seconds
