[2024-03-14T07:42:40.349+0530] {processor.py:161} INFO - Started process (PID=307303) to work on /home/kai/airflow/dags/execute_branching_variable.py
[2024-03-14T07:42:40.350+0530] {processor.py:830} INFO - Processing file /home/kai/airflow/dags/execute_branching_variable.py for tasks to queue
[2024-03-14T07:42:40.351+0530] {logging_mixin.py:188} INFO - [2024-03-14T07:42:40.350+0530] {dagbag.py:540} INFO - Filling up the DagBag from /home/kai/airflow/dags/execute_branching_variable.py
[2024-03-14T07:42:40.747+0530] {processor.py:840} INFO - DAG(s) 'pipeline_variable_dag' retrieved from /home/kai/airflow/dags/execute_branching_variable.py
[2024-03-14T07:42:40.820+0530] {logging_mixin.py:188} INFO - [2024-03-14T07:42:40.820+0530] {dag.py:3047} INFO - Sync 1 DAGs
[2024-03-14T07:42:40.835+0530] {logging_mixin.py:188} INFO - [2024-03-14T07:42:40.835+0530] {dag.py:3834} INFO - Setting next_dagrun for pipeline_variable_dag to 2024-03-13 00:00:00+00:00, run_after=2024-03-14 00:00:00+00:00
[2024-03-14T07:42:40.870+0530] {processor.py:183} INFO - Processing /home/kai/airflow/dags/execute_branching_variable.py took 0.525 seconds
[2024-03-14T07:43:11.043+0530] {processor.py:161} INFO - Started process (PID=307359) to work on /home/kai/airflow/dags/execute_branching_variable.py
[2024-03-14T07:43:11.046+0530] {processor.py:830} INFO - Processing file /home/kai/airflow/dags/execute_branching_variable.py for tasks to queue
[2024-03-14T07:43:11.047+0530] {logging_mixin.py:188} INFO - [2024-03-14T07:43:11.047+0530] {dagbag.py:540} INFO - Filling up the DagBag from /home/kai/airflow/dags/execute_branching_variable.py
[2024-03-14T07:43:11.445+0530] {processor.py:840} INFO - DAG(s) 'pipeline_variable_dag' retrieved from /home/kai/airflow/dags/execute_branching_variable.py
[2024-03-14T07:43:11.462+0530] {logging_mixin.py:188} INFO - [2024-03-14T07:43:11.461+0530] {dag.py:3047} INFO - Sync 1 DAGs
[2024-03-14T07:43:11.479+0530] {logging_mixin.py:188} INFO - [2024-03-14T07:43:11.479+0530] {dag.py:3834} INFO - Setting next_dagrun for pipeline_variable_dag to 2024-03-13 00:00:00+00:00, run_after=2024-03-14 00:00:00+00:00
[2024-03-14T07:43:11.515+0530] {processor.py:183} INFO - Processing /home/kai/airflow/dags/execute_branching_variable.py took 0.475 seconds
[2024-03-14T07:43:42.480+0530] {processor.py:161} INFO - Started process (PID=307413) to work on /home/kai/airflow/dags/execute_branching_variable.py
[2024-03-14T07:43:42.482+0530] {processor.py:830} INFO - Processing file /home/kai/airflow/dags/execute_branching_variable.py for tasks to queue
[2024-03-14T07:43:42.482+0530] {logging_mixin.py:188} INFO - [2024-03-14T07:43:42.482+0530] {dagbag.py:540} INFO - Filling up the DagBag from /home/kai/airflow/dags/execute_branching_variable.py
[2024-03-14T07:43:42.884+0530] {processor.py:840} INFO - DAG(s) 'pipeline_variable_dag' retrieved from /home/kai/airflow/dags/execute_branching_variable.py
[2024-03-14T07:43:42.900+0530] {logging_mixin.py:188} INFO - [2024-03-14T07:43:42.900+0530] {dag.py:3047} INFO - Sync 1 DAGs
[2024-03-14T07:43:42.916+0530] {logging_mixin.py:188} INFO - [2024-03-14T07:43:42.916+0530] {dag.py:3834} INFO - Setting next_dagrun for pipeline_variable_dag to 2024-03-13 00:00:00+00:00, run_after=2024-03-14 00:00:00+00:00
[2024-03-14T07:43:42.950+0530] {processor.py:183} INFO - Processing /home/kai/airflow/dags/execute_branching_variable.py took 0.473 seconds
[2024-03-14T07:44:13.418+0530] {processor.py:161} INFO - Started process (PID=307464) to work on /home/kai/airflow/dags/execute_branching_variable.py
[2024-03-14T07:44:13.421+0530] {processor.py:830} INFO - Processing file /home/kai/airflow/dags/execute_branching_variable.py for tasks to queue
[2024-03-14T07:44:13.422+0530] {logging_mixin.py:188} INFO - [2024-03-14T07:44:13.422+0530] {dagbag.py:540} INFO - Filling up the DagBag from /home/kai/airflow/dags/execute_branching_variable.py
[2024-03-14T07:44:13.821+0530] {processor.py:840} INFO - DAG(s) 'pipeline_variable_dag' retrieved from /home/kai/airflow/dags/execute_branching_variable.py
[2024-03-14T07:44:13.837+0530] {logging_mixin.py:188} INFO - [2024-03-14T07:44:13.837+0530] {dag.py:3047} INFO - Sync 1 DAGs
[2024-03-14T07:44:13.853+0530] {logging_mixin.py:188} INFO - [2024-03-14T07:44:13.853+0530] {dag.py:3834} INFO - Setting next_dagrun for pipeline_variable_dag to 2024-03-13 00:00:00+00:00, run_after=2024-03-14 00:00:00+00:00
[2024-03-14T07:44:13.891+0530] {processor.py:183} INFO - Processing /home/kai/airflow/dags/execute_branching_variable.py took 0.476 seconds
[2024-03-14T07:44:45.134+0530] {processor.py:161} INFO - Started process (PID=307518) to work on /home/kai/airflow/dags/execute_branching_variable.py
[2024-03-14T07:44:45.137+0530] {processor.py:830} INFO - Processing file /home/kai/airflow/dags/execute_branching_variable.py for tasks to queue
[2024-03-14T07:44:45.138+0530] {logging_mixin.py:188} INFO - [2024-03-14T07:44:45.138+0530] {dagbag.py:540} INFO - Filling up the DagBag from /home/kai/airflow/dags/execute_branching_variable.py
[2024-03-14T07:44:45.540+0530] {processor.py:840} INFO - DAG(s) 'pipeline_variable_dag' retrieved from /home/kai/airflow/dags/execute_branching_variable.py
[2024-03-14T07:44:45.555+0530] {logging_mixin.py:188} INFO - [2024-03-14T07:44:45.555+0530] {dag.py:3047} INFO - Sync 1 DAGs
[2024-03-14T07:44:45.570+0530] {logging_mixin.py:188} INFO - [2024-03-14T07:44:45.570+0530] {dag.py:3834} INFO - Setting next_dagrun for pipeline_variable_dag to 2024-03-13 00:00:00+00:00, run_after=2024-03-14 00:00:00+00:00
[2024-03-14T07:44:45.605+0530] {processor.py:183} INFO - Processing /home/kai/airflow/dags/execute_branching_variable.py took 0.474 seconds
[2024-03-14T07:45:16.303+0530] {processor.py:161} INFO - Started process (PID=307573) to work on /home/kai/airflow/dags/execute_branching_variable.py
[2024-03-14T07:45:16.306+0530] {processor.py:830} INFO - Processing file /home/kai/airflow/dags/execute_branching_variable.py for tasks to queue
[2024-03-14T07:45:16.307+0530] {logging_mixin.py:188} INFO - [2024-03-14T07:45:16.307+0530] {dagbag.py:540} INFO - Filling up the DagBag from /home/kai/airflow/dags/execute_branching_variable.py
[2024-03-14T07:45:16.706+0530] {processor.py:840} INFO - DAG(s) 'pipeline_variable_dag' retrieved from /home/kai/airflow/dags/execute_branching_variable.py
[2024-03-14T07:45:16.725+0530] {logging_mixin.py:188} INFO - [2024-03-14T07:45:16.725+0530] {dag.py:3047} INFO - Sync 1 DAGs
[2024-03-14T07:45:16.743+0530] {logging_mixin.py:188} INFO - [2024-03-14T07:45:16.743+0530] {dag.py:3834} INFO - Setting next_dagrun for pipeline_variable_dag to 2024-03-13 00:00:00+00:00, run_after=2024-03-14 00:00:00+00:00
[2024-03-14T07:45:16.783+0530] {processor.py:183} INFO - Processing /home/kai/airflow/dags/execute_branching_variable.py took 0.482 seconds
[2024-03-14T07:45:47.272+0530] {processor.py:161} INFO - Started process (PID=307624) to work on /home/kai/airflow/dags/execute_branching_variable.py
[2024-03-14T07:45:47.274+0530] {processor.py:830} INFO - Processing file /home/kai/airflow/dags/execute_branching_variable.py for tasks to queue
[2024-03-14T07:45:47.275+0530] {logging_mixin.py:188} INFO - [2024-03-14T07:45:47.274+0530] {dagbag.py:540} INFO - Filling up the DagBag from /home/kai/airflow/dags/execute_branching_variable.py
[2024-03-14T07:45:47.672+0530] {processor.py:840} INFO - DAG(s) 'pipeline_variable_dag' retrieved from /home/kai/airflow/dags/execute_branching_variable.py
[2024-03-14T07:45:47.688+0530] {logging_mixin.py:188} INFO - [2024-03-14T07:45:47.688+0530] {dag.py:3047} INFO - Sync 1 DAGs
[2024-03-14T07:45:47.704+0530] {logging_mixin.py:188} INFO - [2024-03-14T07:45:47.704+0530] {dag.py:3834} INFO - Setting next_dagrun for pipeline_variable_dag to 2024-03-13 00:00:00+00:00, run_after=2024-03-14 00:00:00+00:00
[2024-03-14T07:45:47.759+0530] {processor.py:183} INFO - Processing /home/kai/airflow/dags/execute_branching_variable.py took 0.490 seconds
[2024-03-14T07:46:18.189+0530] {processor.py:161} INFO - Started process (PID=307678) to work on /home/kai/airflow/dags/execute_branching_variable.py
[2024-03-14T07:46:18.194+0530] {processor.py:830} INFO - Processing file /home/kai/airflow/dags/execute_branching_variable.py for tasks to queue
[2024-03-14T07:46:18.195+0530] {logging_mixin.py:188} INFO - [2024-03-14T07:46:18.195+0530] {dagbag.py:540} INFO - Filling up the DagBag from /home/kai/airflow/dags/execute_branching_variable.py
[2024-03-14T07:46:18.591+0530] {processor.py:840} INFO - DAG(s) 'pipeline_variable_dag' retrieved from /home/kai/airflow/dags/execute_branching_variable.py
[2024-03-14T07:46:18.608+0530] {logging_mixin.py:188} INFO - [2024-03-14T07:46:18.608+0530] {dag.py:3047} INFO - Sync 1 DAGs
[2024-03-14T07:46:18.623+0530] {logging_mixin.py:188} INFO - [2024-03-14T07:46:18.623+0530] {dag.py:3834} INFO - Setting next_dagrun for pipeline_variable_dag to 2024-03-13 00:00:00+00:00, run_after=2024-03-14 00:00:00+00:00
[2024-03-14T07:46:18.663+0530] {processor.py:183} INFO - Processing /home/kai/airflow/dags/execute_branching_variable.py took 0.476 seconds
[2024-03-14T07:46:49.136+0530] {processor.py:161} INFO - Started process (PID=307729) to work on /home/kai/airflow/dags/execute_branching_variable.py
[2024-03-14T07:46:49.138+0530] {processor.py:830} INFO - Processing file /home/kai/airflow/dags/execute_branching_variable.py for tasks to queue
[2024-03-14T07:46:49.139+0530] {logging_mixin.py:188} INFO - [2024-03-14T07:46:49.139+0530] {dagbag.py:540} INFO - Filling up the DagBag from /home/kai/airflow/dags/execute_branching_variable.py
[2024-03-14T07:46:49.540+0530] {processor.py:840} INFO - DAG(s) 'pipeline_variable_dag' retrieved from /home/kai/airflow/dags/execute_branching_variable.py
[2024-03-14T07:46:49.555+0530] {logging_mixin.py:188} INFO - [2024-03-14T07:46:49.555+0530] {dag.py:3047} INFO - Sync 1 DAGs
[2024-03-14T07:46:49.570+0530] {logging_mixin.py:188} INFO - [2024-03-14T07:46:49.569+0530] {dag.py:3834} INFO - Setting next_dagrun for pipeline_variable_dag to 2024-03-13 00:00:00+00:00, run_after=2024-03-14 00:00:00+00:00
[2024-03-14T07:46:49.606+0530] {processor.py:183} INFO - Processing /home/kai/airflow/dags/execute_branching_variable.py took 0.473 seconds
[2024-03-14T07:47:20.449+0530] {processor.py:161} INFO - Started process (PID=307783) to work on /home/kai/airflow/dags/execute_branching_variable.py
[2024-03-14T07:47:20.450+0530] {processor.py:830} INFO - Processing file /home/kai/airflow/dags/execute_branching_variable.py for tasks to queue
[2024-03-14T07:47:20.451+0530] {logging_mixin.py:188} INFO - [2024-03-14T07:47:20.451+0530] {dagbag.py:540} INFO - Filling up the DagBag from /home/kai/airflow/dags/execute_branching_variable.py
[2024-03-14T07:47:20.852+0530] {processor.py:840} INFO - DAG(s) 'pipeline_variable_dag' retrieved from /home/kai/airflow/dags/execute_branching_variable.py
[2024-03-14T07:47:20.868+0530] {logging_mixin.py:188} INFO - [2024-03-14T07:47:20.868+0530] {dag.py:3047} INFO - Sync 1 DAGs
[2024-03-14T07:47:20.885+0530] {logging_mixin.py:188} INFO - [2024-03-14T07:47:20.885+0530] {dag.py:3834} INFO - Setting next_dagrun for pipeline_variable_dag to 2024-03-13 00:00:00+00:00, run_after=2024-03-14 00:00:00+00:00
[2024-03-14T07:47:20.918+0530] {processor.py:183} INFO - Processing /home/kai/airflow/dags/execute_branching_variable.py took 0.473 seconds
[2024-03-14T07:47:51.382+0530] {processor.py:161} INFO - Started process (PID=307834) to work on /home/kai/airflow/dags/execute_branching_variable.py
[2024-03-14T07:47:51.385+0530] {processor.py:830} INFO - Processing file /home/kai/airflow/dags/execute_branching_variable.py for tasks to queue
[2024-03-14T07:47:51.386+0530] {logging_mixin.py:188} INFO - [2024-03-14T07:47:51.386+0530] {dagbag.py:540} INFO - Filling up the DagBag from /home/kai/airflow/dags/execute_branching_variable.py
[2024-03-14T07:47:51.781+0530] {processor.py:840} INFO - DAG(s) 'pipeline_variable_dag' retrieved from /home/kai/airflow/dags/execute_branching_variable.py
[2024-03-14T07:47:51.797+0530] {logging_mixin.py:188} INFO - [2024-03-14T07:47:51.797+0530] {dag.py:3047} INFO - Sync 1 DAGs
[2024-03-14T07:47:51.812+0530] {logging_mixin.py:188} INFO - [2024-03-14T07:47:51.811+0530] {dag.py:3834} INFO - Setting next_dagrun for pipeline_variable_dag to 2024-03-13 00:00:00+00:00, run_after=2024-03-14 00:00:00+00:00
[2024-03-14T07:47:51.853+0530] {processor.py:183} INFO - Processing /home/kai/airflow/dags/execute_branching_variable.py took 0.474 seconds
[2024-03-14T07:48:22.272+0530] {processor.py:161} INFO - Started process (PID=307887) to work on /home/kai/airflow/dags/execute_branching_variable.py
[2024-03-14T07:48:22.275+0530] {processor.py:830} INFO - Processing file /home/kai/airflow/dags/execute_branching_variable.py for tasks to queue
[2024-03-14T07:48:22.276+0530] {logging_mixin.py:188} INFO - [2024-03-14T07:48:22.276+0530] {dagbag.py:540} INFO - Filling up the DagBag from /home/kai/airflow/dags/execute_branching_variable.py
[2024-03-14T07:48:22.675+0530] {processor.py:840} INFO - DAG(s) 'pipeline_variable_dag' retrieved from /home/kai/airflow/dags/execute_branching_variable.py
[2024-03-14T07:48:22.690+0530] {logging_mixin.py:188} INFO - [2024-03-14T07:48:22.690+0530] {dag.py:3047} INFO - Sync 1 DAGs
[2024-03-14T07:48:22.705+0530] {logging_mixin.py:188} INFO - [2024-03-14T07:48:22.705+0530] {dag.py:3834} INFO - Setting next_dagrun for pipeline_variable_dag to 2024-03-13 00:00:00+00:00, run_after=2024-03-14 00:00:00+00:00
[2024-03-14T07:48:22.743+0530] {processor.py:183} INFO - Processing /home/kai/airflow/dags/execute_branching_variable.py took 0.474 seconds
[2024-03-14T07:48:53.255+0530] {processor.py:161} INFO - Started process (PID=307940) to work on /home/kai/airflow/dags/execute_branching_variable.py
[2024-03-14T07:48:53.260+0530] {processor.py:830} INFO - Processing file /home/kai/airflow/dags/execute_branching_variable.py for tasks to queue
[2024-03-14T07:48:53.261+0530] {logging_mixin.py:188} INFO - [2024-03-14T07:48:53.260+0530] {dagbag.py:540} INFO - Filling up the DagBag from /home/kai/airflow/dags/execute_branching_variable.py
[2024-03-14T07:48:53.658+0530] {processor.py:840} INFO - DAG(s) 'pipeline_variable_dag' retrieved from /home/kai/airflow/dags/execute_branching_variable.py
[2024-03-14T07:48:53.674+0530] {logging_mixin.py:188} INFO - [2024-03-14T07:48:53.673+0530] {dag.py:3047} INFO - Sync 1 DAGs
[2024-03-14T07:48:53.689+0530] {logging_mixin.py:188} INFO - [2024-03-14T07:48:53.689+0530] {dag.py:3834} INFO - Setting next_dagrun for pipeline_variable_dag to 2024-03-13 00:00:00+00:00, run_after=2024-03-14 00:00:00+00:00
[2024-03-14T07:48:53.729+0530] {processor.py:183} INFO - Processing /home/kai/airflow/dags/execute_branching_variable.py took 0.477 seconds
[2024-03-14T07:49:24.099+0530] {processor.py:161} INFO - Started process (PID=307992) to work on /home/kai/airflow/dags/execute_branching_variable.py
[2024-03-14T07:49:24.102+0530] {processor.py:830} INFO - Processing file /home/kai/airflow/dags/execute_branching_variable.py for tasks to queue
[2024-03-14T07:49:24.102+0530] {logging_mixin.py:188} INFO - [2024-03-14T07:49:24.102+0530] {dagbag.py:540} INFO - Filling up the DagBag from /home/kai/airflow/dags/execute_branching_variable.py
[2024-03-14T07:49:24.501+0530] {processor.py:840} INFO - DAG(s) 'pipeline_variable_dag' retrieved from /home/kai/airflow/dags/execute_branching_variable.py
[2024-03-14T07:49:24.518+0530] {logging_mixin.py:188} INFO - [2024-03-14T07:49:24.517+0530] {dag.py:3047} INFO - Sync 1 DAGs
[2024-03-14T07:49:24.532+0530] {logging_mixin.py:188} INFO - [2024-03-14T07:49:24.532+0530] {dag.py:3834} INFO - Setting next_dagrun for pipeline_variable_dag to 2024-03-13 00:00:00+00:00, run_after=2024-03-14 00:00:00+00:00
[2024-03-14T07:49:24.567+0530] {processor.py:183} INFO - Processing /home/kai/airflow/dags/execute_branching_variable.py took 0.471 seconds
[2024-03-14T07:49:55.002+0530] {processor.py:161} INFO - Started process (PID=308043) to work on /home/kai/airflow/dags/execute_branching_variable.py
[2024-03-14T07:49:55.005+0530] {processor.py:830} INFO - Processing file /home/kai/airflow/dags/execute_branching_variable.py for tasks to queue
[2024-03-14T07:49:55.006+0530] {logging_mixin.py:188} INFO - [2024-03-14T07:49:55.006+0530] {dagbag.py:540} INFO - Filling up the DagBag from /home/kai/airflow/dags/execute_branching_variable.py
[2024-03-14T07:49:55.402+0530] {processor.py:840} INFO - DAG(s) 'pipeline_variable_dag' retrieved from /home/kai/airflow/dags/execute_branching_variable.py
[2024-03-14T07:49:55.418+0530] {logging_mixin.py:188} INFO - [2024-03-14T07:49:55.418+0530] {dag.py:3047} INFO - Sync 1 DAGs
[2024-03-14T07:49:55.432+0530] {logging_mixin.py:188} INFO - [2024-03-14T07:49:55.432+0530] {dag.py:3834} INFO - Setting next_dagrun for pipeline_variable_dag to 2024-03-13 00:00:00+00:00, run_after=2024-03-14 00:00:00+00:00
[2024-03-14T07:49:55.465+0530] {processor.py:183} INFO - Processing /home/kai/airflow/dags/execute_branching_variable.py took 0.466 seconds
[2024-03-14T07:50:25.870+0530] {processor.py:161} INFO - Started process (PID=308098) to work on /home/kai/airflow/dags/execute_branching_variable.py
[2024-03-14T07:50:25.875+0530] {processor.py:830} INFO - Processing file /home/kai/airflow/dags/execute_branching_variable.py for tasks to queue
[2024-03-14T07:50:25.876+0530] {logging_mixin.py:188} INFO - [2024-03-14T07:50:25.875+0530] {dagbag.py:540} INFO - Filling up the DagBag from /home/kai/airflow/dags/execute_branching_variable.py
[2024-03-14T07:50:26.276+0530] {processor.py:840} INFO - DAG(s) 'pipeline_variable_dag' retrieved from /home/kai/airflow/dags/execute_branching_variable.py
[2024-03-14T07:50:26.291+0530] {logging_mixin.py:188} INFO - [2024-03-14T07:50:26.291+0530] {dag.py:3047} INFO - Sync 1 DAGs
[2024-03-14T07:50:26.306+0530] {logging_mixin.py:188} INFO - [2024-03-14T07:50:26.306+0530] {dag.py:3834} INFO - Setting next_dagrun for pipeline_variable_dag to 2024-03-13 00:00:00+00:00, run_after=2024-03-14 00:00:00+00:00
[2024-03-14T07:50:26.342+0530] {processor.py:183} INFO - Processing /home/kai/airflow/dags/execute_branching_variable.py took 0.475 seconds
[2024-03-14T07:50:56.637+0530] {processor.py:161} INFO - Started process (PID=308150) to work on /home/kai/airflow/dags/execute_branching_variable.py
[2024-03-14T07:50:56.642+0530] {processor.py:830} INFO - Processing file /home/kai/airflow/dags/execute_branching_variable.py for tasks to queue
[2024-03-14T07:50:56.643+0530] {logging_mixin.py:188} INFO - [2024-03-14T07:50:56.642+0530] {dagbag.py:540} INFO - Filling up the DagBag from /home/kai/airflow/dags/execute_branching_variable.py
[2024-03-14T07:50:57.042+0530] {processor.py:840} INFO - DAG(s) 'pipeline_variable_dag' retrieved from /home/kai/airflow/dags/execute_branching_variable.py
[2024-03-14T07:50:57.058+0530] {logging_mixin.py:188} INFO - [2024-03-14T07:50:57.058+0530] {dag.py:3047} INFO - Sync 1 DAGs
[2024-03-14T07:50:57.074+0530] {logging_mixin.py:188} INFO - [2024-03-14T07:50:57.074+0530] {dag.py:3834} INFO - Setting next_dagrun for pipeline_variable_dag to 2024-03-13 00:00:00+00:00, run_after=2024-03-14 00:00:00+00:00
[2024-03-14T07:50:57.118+0530] {processor.py:183} INFO - Processing /home/kai/airflow/dags/execute_branching_variable.py took 0.484 seconds
[2024-03-14T07:51:27.517+0530] {processor.py:161} INFO - Started process (PID=308201) to work on /home/kai/airflow/dags/execute_branching_variable.py
[2024-03-14T07:51:27.521+0530] {processor.py:830} INFO - Processing file /home/kai/airflow/dags/execute_branching_variable.py for tasks to queue
[2024-03-14T07:51:27.522+0530] {logging_mixin.py:188} INFO - [2024-03-14T07:51:27.522+0530] {dagbag.py:540} INFO - Filling up the DagBag from /home/kai/airflow/dags/execute_branching_variable.py
[2024-03-14T07:51:27.915+0530] {processor.py:840} INFO - DAG(s) 'pipeline_variable_dag' retrieved from /home/kai/airflow/dags/execute_branching_variable.py
[2024-03-14T07:51:27.931+0530] {logging_mixin.py:188} INFO - [2024-03-14T07:51:27.931+0530] {dag.py:3047} INFO - Sync 1 DAGs
[2024-03-14T07:51:27.945+0530] {logging_mixin.py:188} INFO - [2024-03-14T07:51:27.945+0530] {dag.py:3834} INFO - Setting next_dagrun for pipeline_variable_dag to 2024-03-13 00:00:00+00:00, run_after=2024-03-14 00:00:00+00:00
[2024-03-14T07:51:27.979+0530] {processor.py:183} INFO - Processing /home/kai/airflow/dags/execute_branching_variable.py took 0.466 seconds
[2024-03-14T07:51:58.377+0530] {processor.py:161} INFO - Started process (PID=308255) to work on /home/kai/airflow/dags/execute_branching_variable.py
[2024-03-14T07:51:58.382+0530] {processor.py:830} INFO - Processing file /home/kai/airflow/dags/execute_branching_variable.py for tasks to queue
[2024-03-14T07:51:58.383+0530] {logging_mixin.py:188} INFO - [2024-03-14T07:51:58.382+0530] {dagbag.py:540} INFO - Filling up the DagBag from /home/kai/airflow/dags/execute_branching_variable.py
[2024-03-14T07:51:58.778+0530] {processor.py:840} INFO - DAG(s) 'pipeline_variable_dag' retrieved from /home/kai/airflow/dags/execute_branching_variable.py
[2024-03-14T07:51:58.794+0530] {logging_mixin.py:188} INFO - [2024-03-14T07:51:58.794+0530] {dag.py:3047} INFO - Sync 1 DAGs
[2024-03-14T07:51:58.809+0530] {logging_mixin.py:188} INFO - [2024-03-14T07:51:58.809+0530] {dag.py:3834} INFO - Setting next_dagrun for pipeline_variable_dag to 2024-03-13 00:00:00+00:00, run_after=2024-03-14 00:00:00+00:00
[2024-03-14T07:51:58.858+0530] {processor.py:183} INFO - Processing /home/kai/airflow/dags/execute_branching_variable.py took 0.484 seconds
[2024-03-14T07:52:29.120+0530] {processor.py:161} INFO - Started process (PID=308310) to work on /home/kai/airflow/dags/execute_branching_variable.py
[2024-03-14T07:52:29.122+0530] {processor.py:830} INFO - Processing file /home/kai/airflow/dags/execute_branching_variable.py for tasks to queue
[2024-03-14T07:52:29.123+0530] {logging_mixin.py:188} INFO - [2024-03-14T07:52:29.123+0530] {dagbag.py:540} INFO - Filling up the DagBag from /home/kai/airflow/dags/execute_branching_variable.py
[2024-03-14T07:52:29.520+0530] {processor.py:840} INFO - DAG(s) 'pipeline_variable_dag' retrieved from /home/kai/airflow/dags/execute_branching_variable.py
[2024-03-14T07:52:29.537+0530] {logging_mixin.py:188} INFO - [2024-03-14T07:52:29.536+0530] {dag.py:3047} INFO - Sync 1 DAGs
[2024-03-14T07:52:29.553+0530] {logging_mixin.py:188} INFO - [2024-03-14T07:52:29.553+0530] {dag.py:3834} INFO - Setting next_dagrun for pipeline_variable_dag to 2024-03-13 00:00:00+00:00, run_after=2024-03-14 00:00:00+00:00
[2024-03-14T07:52:29.586+0530] {processor.py:183} INFO - Processing /home/kai/airflow/dags/execute_branching_variable.py took 0.470 seconds
[2024-03-14T07:53:00.211+0530] {processor.py:161} INFO - Started process (PID=308362) to work on /home/kai/airflow/dags/execute_branching_variable.py
[2024-03-14T07:53:00.214+0530] {processor.py:830} INFO - Processing file /home/kai/airflow/dags/execute_branching_variable.py for tasks to queue
[2024-03-14T07:53:00.216+0530] {logging_mixin.py:188} INFO - [2024-03-14T07:53:00.215+0530] {dagbag.py:540} INFO - Filling up the DagBag from /home/kai/airflow/dags/execute_branching_variable.py
[2024-03-14T07:53:00.619+0530] {processor.py:840} INFO - DAG(s) 'pipeline_variable_dag' retrieved from /home/kai/airflow/dags/execute_branching_variable.py
[2024-03-14T07:53:00.637+0530] {logging_mixin.py:188} INFO - [2024-03-14T07:53:00.636+0530] {dag.py:3047} INFO - Sync 1 DAGs
[2024-03-14T07:53:00.653+0530] {logging_mixin.py:188} INFO - [2024-03-14T07:53:00.652+0530] {dag.py:3834} INFO - Setting next_dagrun for pipeline_variable_dag to 2024-03-13 00:00:00+00:00, run_after=2024-03-14 00:00:00+00:00
[2024-03-14T07:53:00.688+0530] {processor.py:183} INFO - Processing /home/kai/airflow/dags/execute_branching_variable.py took 0.483 seconds
[2024-03-14T07:53:31.733+0530] {processor.py:161} INFO - Started process (PID=308415) to work on /home/kai/airflow/dags/execute_branching_variable.py
[2024-03-14T07:53:31.737+0530] {processor.py:830} INFO - Processing file /home/kai/airflow/dags/execute_branching_variable.py for tasks to queue
[2024-03-14T07:53:31.738+0530] {logging_mixin.py:188} INFO - [2024-03-14T07:53:31.738+0530] {dagbag.py:540} INFO - Filling up the DagBag from /home/kai/airflow/dags/execute_branching_variable.py
[2024-03-14T07:53:32.132+0530] {processor.py:840} INFO - DAG(s) 'pipeline_variable_dag' retrieved from /home/kai/airflow/dags/execute_branching_variable.py
[2024-03-14T07:53:32.148+0530] {logging_mixin.py:188} INFO - [2024-03-14T07:53:32.148+0530] {dag.py:3047} INFO - Sync 1 DAGs
[2024-03-14T07:53:32.162+0530] {logging_mixin.py:188} INFO - [2024-03-14T07:53:32.162+0530] {dag.py:3834} INFO - Setting next_dagrun for pipeline_variable_dag to 2024-03-13 00:00:00+00:00, run_after=2024-03-14 00:00:00+00:00
[2024-03-14T07:53:32.199+0530] {processor.py:183} INFO - Processing /home/kai/airflow/dags/execute_branching_variable.py took 0.469 seconds
[2024-03-14T07:54:02.808+0530] {processor.py:161} INFO - Started process (PID=308467) to work on /home/kai/airflow/dags/execute_branching_variable.py
[2024-03-14T07:54:02.812+0530] {processor.py:830} INFO - Processing file /home/kai/airflow/dags/execute_branching_variable.py for tasks to queue
[2024-03-14T07:54:02.813+0530] {logging_mixin.py:188} INFO - [2024-03-14T07:54:02.813+0530] {dagbag.py:540} INFO - Filling up the DagBag from /home/kai/airflow/dags/execute_branching_variable.py
[2024-03-14T07:54:03.209+0530] {processor.py:840} INFO - DAG(s) 'pipeline_variable_dag' retrieved from /home/kai/airflow/dags/execute_branching_variable.py
[2024-03-14T07:54:03.224+0530] {logging_mixin.py:188} INFO - [2024-03-14T07:54:03.224+0530] {dag.py:3047} INFO - Sync 1 DAGs
[2024-03-14T07:54:03.238+0530] {logging_mixin.py:188} INFO - [2024-03-14T07:54:03.238+0530] {dag.py:3834} INFO - Setting next_dagrun for pipeline_variable_dag to 2024-03-13 00:00:00+00:00, run_after=2024-03-14 00:00:00+00:00
[2024-03-14T07:54:03.272+0530] {processor.py:183} INFO - Processing /home/kai/airflow/dags/execute_branching_variable.py took 0.467 seconds
[2024-03-14T07:54:33.539+0530] {processor.py:161} INFO - Started process (PID=308518) to work on /home/kai/airflow/dags/execute_branching_variable.py
[2024-03-14T07:54:33.544+0530] {processor.py:830} INFO - Processing file /home/kai/airflow/dags/execute_branching_variable.py for tasks to queue
[2024-03-14T07:54:33.545+0530] {logging_mixin.py:188} INFO - [2024-03-14T07:54:33.544+0530] {dagbag.py:540} INFO - Filling up the DagBag from /home/kai/airflow/dags/execute_branching_variable.py
[2024-03-14T07:54:33.938+0530] {processor.py:840} INFO - DAG(s) 'pipeline_variable_dag' retrieved from /home/kai/airflow/dags/execute_branching_variable.py
[2024-03-14T07:54:33.954+0530] {logging_mixin.py:188} INFO - [2024-03-14T07:54:33.953+0530] {dag.py:3047} INFO - Sync 1 DAGs
[2024-03-14T07:54:33.969+0530] {logging_mixin.py:188} INFO - [2024-03-14T07:54:33.969+0530] {dag.py:3834} INFO - Setting next_dagrun for pipeline_variable_dag to 2024-03-13 00:00:00+00:00, run_after=2024-03-14 00:00:00+00:00
[2024-03-14T07:54:34.010+0530] {processor.py:183} INFO - Processing /home/kai/airflow/dags/execute_branching_variable.py took 0.474 seconds
[2024-03-14T07:55:04.154+0530] {processor.py:161} INFO - Started process (PID=308573) to work on /home/kai/airflow/dags/execute_branching_variable.py
[2024-03-14T07:55:04.158+0530] {processor.py:830} INFO - Processing file /home/kai/airflow/dags/execute_branching_variable.py for tasks to queue
[2024-03-14T07:55:04.159+0530] {logging_mixin.py:188} INFO - [2024-03-14T07:55:04.159+0530] {dagbag.py:540} INFO - Filling up the DagBag from /home/kai/airflow/dags/execute_branching_variable.py
[2024-03-14T07:55:04.556+0530] {processor.py:840} INFO - DAG(s) 'pipeline_variable_dag' retrieved from /home/kai/airflow/dags/execute_branching_variable.py
[2024-03-14T07:55:04.571+0530] {logging_mixin.py:188} INFO - [2024-03-14T07:55:04.570+0530] {dag.py:3047} INFO - Sync 1 DAGs
[2024-03-14T07:55:04.586+0530] {logging_mixin.py:188} INFO - [2024-03-14T07:55:04.586+0530] {dag.py:3834} INFO - Setting next_dagrun for pipeline_variable_dag to 2024-03-13 00:00:00+00:00, run_after=2024-03-14 00:00:00+00:00
[2024-03-14T07:55:04.622+0530] {processor.py:183} INFO - Processing /home/kai/airflow/dags/execute_branching_variable.py took 0.471 seconds
[2024-03-14T07:55:34.788+0530] {processor.py:161} INFO - Started process (PID=308626) to work on /home/kai/airflow/dags/execute_branching_variable.py
[2024-03-14T07:55:34.790+0530] {processor.py:830} INFO - Processing file /home/kai/airflow/dags/execute_branching_variable.py for tasks to queue
[2024-03-14T07:55:34.791+0530] {logging_mixin.py:188} INFO - [2024-03-14T07:55:34.790+0530] {dagbag.py:540} INFO - Filling up the DagBag from /home/kai/airflow/dags/execute_branching_variable.py
[2024-03-14T07:55:35.182+0530] {processor.py:840} INFO - DAG(s) 'pipeline_variable_dag' retrieved from /home/kai/airflow/dags/execute_branching_variable.py
[2024-03-14T07:55:35.199+0530] {logging_mixin.py:188} INFO - [2024-03-14T07:55:35.198+0530] {dag.py:3047} INFO - Sync 1 DAGs
[2024-03-14T07:55:35.213+0530] {logging_mixin.py:188} INFO - [2024-03-14T07:55:35.212+0530] {dag.py:3834} INFO - Setting next_dagrun for pipeline_variable_dag to 2024-03-13 00:00:00+00:00, run_after=2024-03-14 00:00:00+00:00
[2024-03-14T07:55:35.247+0530] {processor.py:183} INFO - Processing /home/kai/airflow/dags/execute_branching_variable.py took 0.462 seconds
[2024-03-14T07:56:05.397+0530] {processor.py:161} INFO - Started process (PID=308682) to work on /home/kai/airflow/dags/execute_branching_variable.py
[2024-03-14T07:56:05.399+0530] {processor.py:830} INFO - Processing file /home/kai/airflow/dags/execute_branching_variable.py for tasks to queue
[2024-03-14T07:56:05.400+0530] {logging_mixin.py:188} INFO - [2024-03-14T07:56:05.399+0530] {dagbag.py:540} INFO - Filling up the DagBag from /home/kai/airflow/dags/execute_branching_variable.py
[2024-03-14T07:56:05.805+0530] {processor.py:840} INFO - DAG(s) 'pipeline_variable_dag' retrieved from /home/kai/airflow/dags/execute_branching_variable.py
[2024-03-14T07:56:05.820+0530] {logging_mixin.py:188} INFO - [2024-03-14T07:56:05.820+0530] {dag.py:3047} INFO - Sync 1 DAGs
[2024-03-14T07:56:05.835+0530] {logging_mixin.py:188} INFO - [2024-03-14T07:56:05.835+0530] {dag.py:3834} INFO - Setting next_dagrun for pipeline_variable_dag to 2024-03-13 00:00:00+00:00, run_after=2024-03-14 00:00:00+00:00
[2024-03-14T07:56:05.870+0530] {processor.py:183} INFO - Processing /home/kai/airflow/dags/execute_branching_variable.py took 0.476 seconds
[2024-03-14T07:56:36.023+0530] {processor.py:161} INFO - Started process (PID=308736) to work on /home/kai/airflow/dags/execute_branching_variable.py
[2024-03-14T07:56:36.024+0530] {processor.py:830} INFO - Processing file /home/kai/airflow/dags/execute_branching_variable.py for tasks to queue
[2024-03-14T07:56:36.025+0530] {logging_mixin.py:188} INFO - [2024-03-14T07:56:36.025+0530] {dagbag.py:540} INFO - Filling up the DagBag from /home/kai/airflow/dags/execute_branching_variable.py
[2024-03-14T07:56:36.425+0530] {processor.py:840} INFO - DAG(s) 'pipeline_variable_dag' retrieved from /home/kai/airflow/dags/execute_branching_variable.py
[2024-03-14T07:56:36.440+0530] {logging_mixin.py:188} INFO - [2024-03-14T07:56:36.440+0530] {dag.py:3047} INFO - Sync 1 DAGs
[2024-03-14T07:56:36.456+0530] {logging_mixin.py:188} INFO - [2024-03-14T07:56:36.455+0530] {dag.py:3834} INFO - Setting next_dagrun for pipeline_variable_dag to 2024-03-13 00:00:00+00:00, run_after=2024-03-14 00:00:00+00:00
[2024-03-14T07:56:36.494+0530] {processor.py:183} INFO - Processing /home/kai/airflow/dags/execute_branching_variable.py took 0.474 seconds
[2024-03-14T07:57:06.660+0530] {processor.py:161} INFO - Started process (PID=308789) to work on /home/kai/airflow/dags/execute_branching_variable.py
[2024-03-14T07:57:06.664+0530] {processor.py:830} INFO - Processing file /home/kai/airflow/dags/execute_branching_variable.py for tasks to queue
[2024-03-14T07:57:06.665+0530] {logging_mixin.py:188} INFO - [2024-03-14T07:57:06.665+0530] {dagbag.py:540} INFO - Filling up the DagBag from /home/kai/airflow/dags/execute_branching_variable.py
[2024-03-14T07:57:07.064+0530] {processor.py:840} INFO - DAG(s) 'pipeline_variable_dag' retrieved from /home/kai/airflow/dags/execute_branching_variable.py
[2024-03-14T07:57:07.079+0530] {logging_mixin.py:188} INFO - [2024-03-14T07:57:07.079+0530] {dag.py:3047} INFO - Sync 1 DAGs
[2024-03-14T07:57:07.095+0530] {logging_mixin.py:188} INFO - [2024-03-14T07:57:07.095+0530] {dag.py:3834} INFO - Setting next_dagrun for pipeline_variable_dag to 2024-03-13 00:00:00+00:00, run_after=2024-03-14 00:00:00+00:00
[2024-03-14T07:57:07.134+0530] {processor.py:183} INFO - Processing /home/kai/airflow/dags/execute_branching_variable.py took 0.479 seconds
[2024-03-14T07:57:37.280+0530] {processor.py:161} INFO - Started process (PID=308841) to work on /home/kai/airflow/dags/execute_branching_variable.py
[2024-03-14T07:57:37.282+0530] {processor.py:830} INFO - Processing file /home/kai/airflow/dags/execute_branching_variable.py for tasks to queue
[2024-03-14T07:57:37.283+0530] {logging_mixin.py:188} INFO - [2024-03-14T07:57:37.282+0530] {dagbag.py:540} INFO - Filling up the DagBag from /home/kai/airflow/dags/execute_branching_variable.py
[2024-03-14T07:57:37.728+0530] {processor.py:840} INFO - DAG(s) 'pipeline_variable_dag' retrieved from /home/kai/airflow/dags/execute_branching_variable.py
[2024-03-14T07:57:37.749+0530] {logging_mixin.py:188} INFO - [2024-03-14T07:57:37.749+0530] {dag.py:3047} INFO - Sync 1 DAGs
[2024-03-14T07:57:37.767+0530] {logging_mixin.py:188} INFO - [2024-03-14T07:57:37.766+0530] {dag.py:3834} INFO - Setting next_dagrun for pipeline_variable_dag to 2024-03-13 00:00:00+00:00, run_after=2024-03-14 00:00:00+00:00
[2024-03-14T07:57:37.803+0530] {processor.py:183} INFO - Processing /home/kai/airflow/dags/execute_branching_variable.py took 0.528 seconds
[2024-03-14T07:58:08.341+0530] {processor.py:161} INFO - Started process (PID=308893) to work on /home/kai/airflow/dags/execute_branching_variable.py
[2024-03-14T07:58:08.344+0530] {processor.py:830} INFO - Processing file /home/kai/airflow/dags/execute_branching_variable.py for tasks to queue
[2024-03-14T07:58:08.345+0530] {logging_mixin.py:188} INFO - [2024-03-14T07:58:08.345+0530] {dagbag.py:540} INFO - Filling up the DagBag from /home/kai/airflow/dags/execute_branching_variable.py
[2024-03-14T07:58:08.803+0530] {processor.py:840} INFO - DAG(s) 'pipeline_variable_dag' retrieved from /home/kai/airflow/dags/execute_branching_variable.py
[2024-03-14T07:58:08.822+0530] {logging_mixin.py:188} INFO - [2024-03-14T07:58:08.822+0530] {dag.py:3047} INFO - Sync 1 DAGs
[2024-03-14T07:58:08.840+0530] {logging_mixin.py:188} INFO - [2024-03-14T07:58:08.839+0530] {dag.py:3834} INFO - Setting next_dagrun for pipeline_variable_dag to 2024-03-13 00:00:00+00:00, run_after=2024-03-14 00:00:00+00:00
[2024-03-14T07:58:08.876+0530] {processor.py:183} INFO - Processing /home/kai/airflow/dags/execute_branching_variable.py took 0.539 seconds
[2024-03-14T07:58:39.285+0530] {processor.py:161} INFO - Started process (PID=308945) to work on /home/kai/airflow/dags/execute_branching_variable.py
[2024-03-14T07:58:39.288+0530] {processor.py:830} INFO - Processing file /home/kai/airflow/dags/execute_branching_variable.py for tasks to queue
[2024-03-14T07:58:39.290+0530] {logging_mixin.py:188} INFO - [2024-03-14T07:58:39.289+0530] {dagbag.py:540} INFO - Filling up the DagBag from /home/kai/airflow/dags/execute_branching_variable.py
[2024-03-14T07:58:39.980+0530] {processor.py:840} INFO - DAG(s) 'pipeline_variable_dag' retrieved from /home/kai/airflow/dags/execute_branching_variable.py
[2024-03-14T07:58:40.013+0530] {logging_mixin.py:188} INFO - [2024-03-14T07:58:40.013+0530] {dag.py:3047} INFO - Sync 1 DAGs
[2024-03-14T07:58:40.062+0530] {logging_mixin.py:188} INFO - [2024-03-14T07:58:40.061+0530] {dag.py:3834} INFO - Setting next_dagrun for pipeline_variable_dag to 2024-03-13 00:00:00+00:00, run_after=2024-03-14 00:00:00+00:00
[2024-03-14T07:58:40.107+0530] {processor.py:183} INFO - Processing /home/kai/airflow/dags/execute_branching_variable.py took 0.825 seconds
[2024-03-14T07:59:10.436+0530] {processor.py:161} INFO - Started process (PID=308998) to work on /home/kai/airflow/dags/execute_branching_variable.py
[2024-03-14T07:59:10.438+0530] {processor.py:830} INFO - Processing file /home/kai/airflow/dags/execute_branching_variable.py for tasks to queue
[2024-03-14T07:59:10.439+0530] {logging_mixin.py:188} INFO - [2024-03-14T07:59:10.439+0530] {dagbag.py:540} INFO - Filling up the DagBag from /home/kai/airflow/dags/execute_branching_variable.py
[2024-03-14T07:59:10.843+0530] {processor.py:840} INFO - DAG(s) 'pipeline_variable_dag' retrieved from /home/kai/airflow/dags/execute_branching_variable.py
[2024-03-14T07:59:10.860+0530] {logging_mixin.py:188} INFO - [2024-03-14T07:59:10.860+0530] {dag.py:3047} INFO - Sync 1 DAGs
[2024-03-14T07:59:10.877+0530] {logging_mixin.py:188} INFO - [2024-03-14T07:59:10.876+0530] {dag.py:3834} INFO - Setting next_dagrun for pipeline_variable_dag to 2024-03-13 00:00:00+00:00, run_after=2024-03-14 00:00:00+00:00
[2024-03-14T07:59:10.910+0530] {processor.py:183} INFO - Processing /home/kai/airflow/dags/execute_branching_variable.py took 0.477 seconds
[2024-03-14T07:59:41.157+0530] {processor.py:161} INFO - Started process (PID=309050) to work on /home/kai/airflow/dags/execute_branching_variable.py
[2024-03-14T07:59:41.160+0530] {processor.py:830} INFO - Processing file /home/kai/airflow/dags/execute_branching_variable.py for tasks to queue
[2024-03-14T07:59:41.162+0530] {logging_mixin.py:188} INFO - [2024-03-14T07:59:41.161+0530] {dagbag.py:540} INFO - Filling up the DagBag from /home/kai/airflow/dags/execute_branching_variable.py
[2024-03-14T07:59:41.651+0530] {processor.py:840} INFO - DAG(s) 'pipeline_variable_dag' retrieved from /home/kai/airflow/dags/execute_branching_variable.py
[2024-03-14T07:59:41.672+0530] {logging_mixin.py:188} INFO - [2024-03-14T07:59:41.671+0530] {dag.py:3047} INFO - Sync 1 DAGs
[2024-03-14T07:59:41.690+0530] {logging_mixin.py:188} INFO - [2024-03-14T07:59:41.689+0530] {dag.py:3834} INFO - Setting next_dagrun for pipeline_variable_dag to 2024-03-13 00:00:00+00:00, run_after=2024-03-14 00:00:00+00:00
[2024-03-14T07:59:41.729+0530] {processor.py:183} INFO - Processing /home/kai/airflow/dags/execute_branching_variable.py took 0.577 seconds
[2024-03-14T08:00:11.821+0530] {processor.py:161} INFO - Started process (PID=309102) to work on /home/kai/airflow/dags/execute_branching_variable.py
[2024-03-14T08:00:11.824+0530] {processor.py:830} INFO - Processing file /home/kai/airflow/dags/execute_branching_variable.py for tasks to queue
[2024-03-14T08:00:11.825+0530] {logging_mixin.py:188} INFO - [2024-03-14T08:00:11.825+0530] {dagbag.py:540} INFO - Filling up the DagBag from /home/kai/airflow/dags/execute_branching_variable.py
[2024-03-14T08:00:12.412+0530] {processor.py:840} INFO - DAG(s) 'pipeline_variable_dag' retrieved from /home/kai/airflow/dags/execute_branching_variable.py
[2024-03-14T08:00:12.440+0530] {logging_mixin.py:188} INFO - [2024-03-14T08:00:12.439+0530] {dag.py:3047} INFO - Sync 1 DAGs
[2024-03-14T08:00:12.463+0530] {logging_mixin.py:188} INFO - [2024-03-14T08:00:12.463+0530] {dag.py:3834} INFO - Setting next_dagrun for pipeline_variable_dag to 2024-03-13 00:00:00+00:00, run_after=2024-03-14 00:00:00+00:00
[2024-03-14T08:00:12.514+0530] {processor.py:183} INFO - Processing /home/kai/airflow/dags/execute_branching_variable.py took 0.699 seconds
[2024-03-14T08:00:42.939+0530] {processor.py:161} INFO - Started process (PID=309154) to work on /home/kai/airflow/dags/execute_branching_variable.py
[2024-03-14T08:00:42.942+0530] {processor.py:830} INFO - Processing file /home/kai/airflow/dags/execute_branching_variable.py for tasks to queue
[2024-03-14T08:00:42.943+0530] {logging_mixin.py:188} INFO - [2024-03-14T08:00:42.943+0530] {dagbag.py:540} INFO - Filling up the DagBag from /home/kai/airflow/dags/execute_branching_variable.py
[2024-03-14T08:00:43.389+0530] {processor.py:840} INFO - DAG(s) 'pipeline_variable_dag' retrieved from /home/kai/airflow/dags/execute_branching_variable.py
[2024-03-14T08:00:43.406+0530] {logging_mixin.py:188} INFO - [2024-03-14T08:00:43.406+0530] {dag.py:3047} INFO - Sync 1 DAGs
[2024-03-14T08:00:43.423+0530] {logging_mixin.py:188} INFO - [2024-03-14T08:00:43.423+0530] {dag.py:3834} INFO - Setting next_dagrun for pipeline_variable_dag to 2024-03-13 00:00:00+00:00, run_after=2024-03-14 00:00:00+00:00
[2024-03-14T08:00:43.456+0530] {processor.py:183} INFO - Processing /home/kai/airflow/dags/execute_branching_variable.py took 0.520 seconds
[2024-03-14T08:01:14.310+0530] {processor.py:161} INFO - Started process (PID=309207) to work on /home/kai/airflow/dags/execute_branching_variable.py
[2024-03-14T08:01:14.312+0530] {processor.py:830} INFO - Processing file /home/kai/airflow/dags/execute_branching_variable.py for tasks to queue
[2024-03-14T08:01:14.313+0530] {logging_mixin.py:188} INFO - [2024-03-14T08:01:14.313+0530] {dagbag.py:540} INFO - Filling up the DagBag from /home/kai/airflow/dags/execute_branching_variable.py
[2024-03-14T08:01:14.717+0530] {processor.py:840} INFO - DAG(s) 'pipeline_variable_dag' retrieved from /home/kai/airflow/dags/execute_branching_variable.py
[2024-03-14T08:01:14.733+0530] {logging_mixin.py:188} INFO - [2024-03-14T08:01:14.733+0530] {dag.py:3047} INFO - Sync 1 DAGs
[2024-03-14T08:01:14.748+0530] {logging_mixin.py:188} INFO - [2024-03-14T08:01:14.748+0530] {dag.py:3834} INFO - Setting next_dagrun for pipeline_variable_dag to 2024-03-13 00:00:00+00:00, run_after=2024-03-14 00:00:00+00:00
[2024-03-14T08:01:14.781+0530] {processor.py:183} INFO - Processing /home/kai/airflow/dags/execute_branching_variable.py took 0.474 seconds
[2024-03-14T08:01:45.316+0530] {processor.py:161} INFO - Started process (PID=309259) to work on /home/kai/airflow/dags/execute_branching_variable.py
[2024-03-14T08:01:45.318+0530] {processor.py:830} INFO - Processing file /home/kai/airflow/dags/execute_branching_variable.py for tasks to queue
[2024-03-14T08:01:45.319+0530] {logging_mixin.py:188} INFO - [2024-03-14T08:01:45.319+0530] {dagbag.py:540} INFO - Filling up the DagBag from /home/kai/airflow/dags/execute_branching_variable.py
[2024-03-14T08:01:45.778+0530] {processor.py:840} INFO - DAG(s) 'pipeline_variable_dag' retrieved from /home/kai/airflow/dags/execute_branching_variable.py
[2024-03-14T08:01:45.796+0530] {logging_mixin.py:188} INFO - [2024-03-14T08:01:45.796+0530] {dag.py:3047} INFO - Sync 1 DAGs
[2024-03-14T08:01:45.813+0530] {logging_mixin.py:188} INFO - [2024-03-14T08:01:45.813+0530] {dag.py:3834} INFO - Setting next_dagrun for pipeline_variable_dag to 2024-03-13 00:00:00+00:00, run_after=2024-03-14 00:00:00+00:00
[2024-03-14T08:01:45.851+0530] {processor.py:183} INFO - Processing /home/kai/airflow/dags/execute_branching_variable.py took 0.539 seconds
[2024-03-14T08:02:16.436+0530] {processor.py:161} INFO - Started process (PID=309311) to work on /home/kai/airflow/dags/execute_branching_variable.py
[2024-03-14T08:02:16.438+0530] {processor.py:830} INFO - Processing file /home/kai/airflow/dags/execute_branching_variable.py for tasks to queue
[2024-03-14T08:02:16.439+0530] {logging_mixin.py:188} INFO - [2024-03-14T08:02:16.438+0530] {dagbag.py:540} INFO - Filling up the DagBag from /home/kai/airflow/dags/execute_branching_variable.py
[2024-03-14T08:02:16.990+0530] {processor.py:840} INFO - DAG(s) 'pipeline_variable_dag' retrieved from /home/kai/airflow/dags/execute_branching_variable.py
[2024-03-14T08:02:17.008+0530] {logging_mixin.py:188} INFO - [2024-03-14T08:02:17.008+0530] {dag.py:3047} INFO - Sync 1 DAGs
[2024-03-14T08:02:17.027+0530] {logging_mixin.py:188} INFO - [2024-03-14T08:02:17.027+0530] {dag.py:3834} INFO - Setting next_dagrun for pipeline_variable_dag to 2024-03-13 00:00:00+00:00, run_after=2024-03-14 00:00:00+00:00
[2024-03-14T08:02:17.064+0530] {processor.py:183} INFO - Processing /home/kai/airflow/dags/execute_branching_variable.py took 0.634 seconds
[2024-03-14T08:02:47.720+0530] {processor.py:161} INFO - Started process (PID=309362) to work on /home/kai/airflow/dags/execute_branching_variable.py
[2024-03-14T08:02:47.723+0530] {processor.py:830} INFO - Processing file /home/kai/airflow/dags/execute_branching_variable.py for tasks to queue
[2024-03-14T08:02:47.724+0530] {logging_mixin.py:188} INFO - [2024-03-14T08:02:47.723+0530] {dagbag.py:540} INFO - Filling up the DagBag from /home/kai/airflow/dags/execute_branching_variable.py
[2024-03-14T08:02:48.129+0530] {processor.py:840} INFO - DAG(s) 'pipeline_variable_dag' retrieved from /home/kai/airflow/dags/execute_branching_variable.py
[2024-03-14T08:02:48.145+0530] {logging_mixin.py:188} INFO - [2024-03-14T08:02:48.144+0530] {dag.py:3047} INFO - Sync 1 DAGs
[2024-03-14T08:02:48.161+0530] {logging_mixin.py:188} INFO - [2024-03-14T08:02:48.160+0530] {dag.py:3834} INFO - Setting next_dagrun for pipeline_variable_dag to 2024-03-13 00:00:00+00:00, run_after=2024-03-14 00:00:00+00:00
[2024-03-14T08:02:48.197+0530] {processor.py:183} INFO - Processing /home/kai/airflow/dags/execute_branching_variable.py took 0.481 seconds
[2024-03-14T08:03:18.548+0530] {processor.py:161} INFO - Started process (PID=309416) to work on /home/kai/airflow/dags/execute_branching_variable.py
[2024-03-14T08:03:18.552+0530] {processor.py:830} INFO - Processing file /home/kai/airflow/dags/execute_branching_variable.py for tasks to queue
[2024-03-14T08:03:18.555+0530] {logging_mixin.py:188} INFO - [2024-03-14T08:03:18.554+0530] {dagbag.py:540} INFO - Filling up the DagBag from /home/kai/airflow/dags/execute_branching_variable.py
[2024-03-14T08:03:19.154+0530] {processor.py:840} INFO - DAG(s) 'pipeline_variable_dag' retrieved from /home/kai/airflow/dags/execute_branching_variable.py
[2024-03-14T08:03:19.191+0530] {logging_mixin.py:188} INFO - [2024-03-14T08:03:19.191+0530] {dag.py:3047} INFO - Sync 1 DAGs
[2024-03-14T08:03:19.221+0530] {logging_mixin.py:188} INFO - [2024-03-14T08:03:19.221+0530] {dag.py:3834} INFO - Setting next_dagrun for pipeline_variable_dag to 2024-03-13 00:00:00+00:00, run_after=2024-03-14 00:00:00+00:00
[2024-03-14T08:03:19.267+0530] {processor.py:183} INFO - Processing /home/kai/airflow/dags/execute_branching_variable.py took 0.724 seconds
[2024-03-14T08:03:49.713+0530] {processor.py:161} INFO - Started process (PID=309467) to work on /home/kai/airflow/dags/execute_branching_variable.py
[2024-03-14T08:03:49.716+0530] {processor.py:830} INFO - Processing file /home/kai/airflow/dags/execute_branching_variable.py for tasks to queue
[2024-03-14T08:03:49.717+0530] {logging_mixin.py:188} INFO - [2024-03-14T08:03:49.717+0530] {dagbag.py:540} INFO - Filling up the DagBag from /home/kai/airflow/dags/execute_branching_variable.py
[2024-03-14T08:03:50.148+0530] {processor.py:840} INFO - DAG(s) 'pipeline_variable_dag' retrieved from /home/kai/airflow/dags/execute_branching_variable.py
[2024-03-14T08:03:50.172+0530] {logging_mixin.py:188} INFO - [2024-03-14T08:03:50.172+0530] {dag.py:3047} INFO - Sync 1 DAGs
[2024-03-14T08:03:50.199+0530] {logging_mixin.py:188} INFO - [2024-03-14T08:03:50.199+0530] {dag.py:3834} INFO - Setting next_dagrun for pipeline_variable_dag to 2024-03-13 00:00:00+00:00, run_after=2024-03-14 00:00:00+00:00
[2024-03-14T08:03:50.244+0530] {processor.py:183} INFO - Processing /home/kai/airflow/dags/execute_branching_variable.py took 0.536 seconds
[2024-03-14T08:04:20.794+0530] {processor.py:161} INFO - Started process (PID=309519) to work on /home/kai/airflow/dags/execute_branching_variable.py
[2024-03-14T08:04:20.801+0530] {processor.py:830} INFO - Processing file /home/kai/airflow/dags/execute_branching_variable.py for tasks to queue
[2024-03-14T08:04:20.802+0530] {logging_mixin.py:188} INFO - [2024-03-14T08:04:20.801+0530] {dagbag.py:540} INFO - Filling up the DagBag from /home/kai/airflow/dags/execute_branching_variable.py
[2024-03-14T08:04:21.204+0530] {processor.py:840} INFO - DAG(s) 'pipeline_variable_dag' retrieved from /home/kai/airflow/dags/execute_branching_variable.py
[2024-03-14T08:04:21.219+0530] {logging_mixin.py:188} INFO - [2024-03-14T08:04:21.219+0530] {dag.py:3047} INFO - Sync 1 DAGs
[2024-03-14T08:04:21.235+0530] {logging_mixin.py:188} INFO - [2024-03-14T08:04:21.235+0530] {dag.py:3834} INFO - Setting next_dagrun for pipeline_variable_dag to 2024-03-13 00:00:00+00:00, run_after=2024-03-14 00:00:00+00:00
[2024-03-14T08:04:21.269+0530] {processor.py:183} INFO - Processing /home/kai/airflow/dags/execute_branching_variable.py took 0.478 seconds
[2024-03-14T08:04:51.638+0530] {processor.py:161} INFO - Started process (PID=309570) to work on /home/kai/airflow/dags/execute_branching_variable.py
[2024-03-14T08:04:51.641+0530] {processor.py:830} INFO - Processing file /home/kai/airflow/dags/execute_branching_variable.py for tasks to queue
[2024-03-14T08:04:51.642+0530] {logging_mixin.py:188} INFO - [2024-03-14T08:04:51.642+0530] {dagbag.py:540} INFO - Filling up the DagBag from /home/kai/airflow/dags/execute_branching_variable.py
[2024-03-14T08:04:52.042+0530] {processor.py:840} INFO - DAG(s) 'pipeline_variable_dag' retrieved from /home/kai/airflow/dags/execute_branching_variable.py
[2024-03-14T08:04:52.058+0530] {logging_mixin.py:188} INFO - [2024-03-14T08:04:52.057+0530] {dag.py:3047} INFO - Sync 1 DAGs
[2024-03-14T08:04:52.074+0530] {logging_mixin.py:188} INFO - [2024-03-14T08:04:52.074+0530] {dag.py:3834} INFO - Setting next_dagrun for pipeline_variable_dag to 2024-03-13 00:00:00+00:00, run_after=2024-03-14 00:00:00+00:00
[2024-03-14T08:04:52.108+0530] {processor.py:183} INFO - Processing /home/kai/airflow/dags/execute_branching_variable.py took 0.473 seconds
[2024-03-14T08:05:22.412+0530] {processor.py:161} INFO - Started process (PID=309627) to work on /home/kai/airflow/dags/execute_branching_variable.py
[2024-03-14T08:05:22.416+0530] {processor.py:830} INFO - Processing file /home/kai/airflow/dags/execute_branching_variable.py for tasks to queue
[2024-03-14T08:05:22.417+0530] {logging_mixin.py:188} INFO - [2024-03-14T08:05:22.416+0530] {dagbag.py:540} INFO - Filling up the DagBag from /home/kai/airflow/dags/execute_branching_variable.py
[2024-03-14T08:05:22.829+0530] {processor.py:840} INFO - DAG(s) 'pipeline_variable_dag' retrieved from /home/kai/airflow/dags/execute_branching_variable.py
[2024-03-14T08:05:22.845+0530] {logging_mixin.py:188} INFO - [2024-03-14T08:05:22.845+0530] {dag.py:3047} INFO - Sync 1 DAGs
[2024-03-14T08:05:22.860+0530] {logging_mixin.py:188} INFO - [2024-03-14T08:05:22.860+0530] {dag.py:3834} INFO - Setting next_dagrun for pipeline_variable_dag to 2024-03-13 00:00:00+00:00, run_after=2024-03-14 00:00:00+00:00
[2024-03-14T08:05:22.899+0530] {processor.py:183} INFO - Processing /home/kai/airflow/dags/execute_branching_variable.py took 0.491 seconds
[2024-03-14T08:05:53.286+0530] {processor.py:161} INFO - Started process (PID=309678) to work on /home/kai/airflow/dags/execute_branching_variable.py
[2024-03-14T08:05:53.289+0530] {processor.py:830} INFO - Processing file /home/kai/airflow/dags/execute_branching_variable.py for tasks to queue
[2024-03-14T08:05:53.290+0530] {logging_mixin.py:188} INFO - [2024-03-14T08:05:53.289+0530] {dagbag.py:540} INFO - Filling up the DagBag from /home/kai/airflow/dags/execute_branching_variable.py
[2024-03-14T08:05:53.778+0530] {processor.py:840} INFO - DAG(s) 'pipeline_variable_dag' retrieved from /home/kai/airflow/dags/execute_branching_variable.py
[2024-03-14T08:05:53.798+0530] {logging_mixin.py:188} INFO - [2024-03-14T08:05:53.797+0530] {dag.py:3047} INFO - Sync 1 DAGs
[2024-03-14T08:05:53.816+0530] {logging_mixin.py:188} INFO - [2024-03-14T08:05:53.816+0530] {dag.py:3834} INFO - Setting next_dagrun for pipeline_variable_dag to 2024-03-13 00:00:00+00:00, run_after=2024-03-14 00:00:00+00:00
[2024-03-14T08:05:53.879+0530] {processor.py:183} INFO - Processing /home/kai/airflow/dags/execute_branching_variable.py took 0.595 seconds
[2024-03-14T08:06:24.437+0530] {processor.py:161} INFO - Started process (PID=309730) to work on /home/kai/airflow/dags/execute_branching_variable.py
[2024-03-14T08:06:24.440+0530] {processor.py:830} INFO - Processing file /home/kai/airflow/dags/execute_branching_variable.py for tasks to queue
[2024-03-14T08:06:24.441+0530] {logging_mixin.py:188} INFO - [2024-03-14T08:06:24.441+0530] {dagbag.py:540} INFO - Filling up the DagBag from /home/kai/airflow/dags/execute_branching_variable.py
[2024-03-14T08:06:24.844+0530] {processor.py:840} INFO - DAG(s) 'pipeline_variable_dag' retrieved from /home/kai/airflow/dags/execute_branching_variable.py
[2024-03-14T08:06:24.861+0530] {logging_mixin.py:188} INFO - [2024-03-14T08:06:24.861+0530] {dag.py:3047} INFO - Sync 1 DAGs
[2024-03-14T08:06:24.878+0530] {logging_mixin.py:188} INFO - [2024-03-14T08:06:24.878+0530] {dag.py:3834} INFO - Setting next_dagrun for pipeline_variable_dag to 2024-03-13 00:00:00+00:00, run_after=2024-03-14 00:00:00+00:00
[2024-03-14T08:06:24.916+0530] {processor.py:183} INFO - Processing /home/kai/airflow/dags/execute_branching_variable.py took 0.482 seconds
[2024-03-14T08:06:55.454+0530] {processor.py:161} INFO - Started process (PID=309781) to work on /home/kai/airflow/dags/execute_branching_variable.py
[2024-03-14T08:06:55.455+0530] {processor.py:830} INFO - Processing file /home/kai/airflow/dags/execute_branching_variable.py for tasks to queue
[2024-03-14T08:06:55.456+0530] {logging_mixin.py:188} INFO - [2024-03-14T08:06:55.455+0530] {dagbag.py:540} INFO - Filling up the DagBag from /home/kai/airflow/dags/execute_branching_variable.py
[2024-03-14T08:06:55.880+0530] {processor.py:840} INFO - DAG(s) 'pipeline_variable_dag' retrieved from /home/kai/airflow/dags/execute_branching_variable.py
[2024-03-14T08:06:55.895+0530] {logging_mixin.py:188} INFO - [2024-03-14T08:06:55.895+0530] {dag.py:3047} INFO - Sync 1 DAGs
[2024-03-14T08:06:55.911+0530] {logging_mixin.py:188} INFO - [2024-03-14T08:06:55.911+0530] {dag.py:3834} INFO - Setting next_dagrun for pipeline_variable_dag to 2024-03-13 00:00:00+00:00, run_after=2024-03-14 00:00:00+00:00
[2024-03-14T08:06:55.950+0530] {processor.py:183} INFO - Processing /home/kai/airflow/dags/execute_branching_variable.py took 0.499 seconds
[2024-03-14T08:07:26.149+0530] {processor.py:161} INFO - Started process (PID=309833) to work on /home/kai/airflow/dags/execute_branching_variable.py
[2024-03-14T08:07:26.152+0530] {processor.py:830} INFO - Processing file /home/kai/airflow/dags/execute_branching_variable.py for tasks to queue
[2024-03-14T08:07:26.153+0530] {logging_mixin.py:188} INFO - [2024-03-14T08:07:26.152+0530] {dagbag.py:540} INFO - Filling up the DagBag from /home/kai/airflow/dags/execute_branching_variable.py
[2024-03-14T08:07:26.548+0530] {processor.py:840} INFO - DAG(s) 'pipeline_variable_dag' retrieved from /home/kai/airflow/dags/execute_branching_variable.py
[2024-03-14T08:07:26.564+0530] {logging_mixin.py:188} INFO - [2024-03-14T08:07:26.564+0530] {dag.py:3047} INFO - Sync 1 DAGs
[2024-03-14T08:07:26.579+0530] {logging_mixin.py:188} INFO - [2024-03-14T08:07:26.578+0530] {dag.py:3834} INFO - Setting next_dagrun for pipeline_variable_dag to 2024-03-13 00:00:00+00:00, run_after=2024-03-14 00:00:00+00:00
[2024-03-14T08:07:26.618+0530] {processor.py:183} INFO - Processing /home/kai/airflow/dags/execute_branching_variable.py took 0.473 seconds
[2024-03-14T08:07:56.937+0530] {processor.py:161} INFO - Started process (PID=309887) to work on /home/kai/airflow/dags/execute_branching_variable.py
[2024-03-14T08:07:56.940+0530] {processor.py:830} INFO - Processing file /home/kai/airflow/dags/execute_branching_variable.py for tasks to queue
[2024-03-14T08:07:56.941+0530] {logging_mixin.py:188} INFO - [2024-03-14T08:07:56.941+0530] {dagbag.py:540} INFO - Filling up the DagBag from /home/kai/airflow/dags/execute_branching_variable.py
[2024-03-14T08:07:57.356+0530] {processor.py:840} INFO - DAG(s) 'pipeline_variable_dag' retrieved from /home/kai/airflow/dags/execute_branching_variable.py
[2024-03-14T08:07:57.372+0530] {logging_mixin.py:188} INFO - [2024-03-14T08:07:57.371+0530] {dag.py:3047} INFO - Sync 1 DAGs
[2024-03-14T08:07:57.386+0530] {logging_mixin.py:188} INFO - [2024-03-14T08:07:57.386+0530] {dag.py:3834} INFO - Setting next_dagrun for pipeline_variable_dag to 2024-03-13 00:00:00+00:00, run_after=2024-03-14 00:00:00+00:00
[2024-03-14T08:07:57.433+0530] {processor.py:183} INFO - Processing /home/kai/airflow/dags/execute_branching_variable.py took 0.499 seconds
[2024-03-14T08:08:27.951+0530] {processor.py:161} INFO - Started process (PID=309938) to work on /home/kai/airflow/dags/execute_branching_variable.py
[2024-03-14T08:08:27.955+0530] {processor.py:830} INFO - Processing file /home/kai/airflow/dags/execute_branching_variable.py for tasks to queue
[2024-03-14T08:08:27.956+0530] {logging_mixin.py:188} INFO - [2024-03-14T08:08:27.956+0530] {dagbag.py:540} INFO - Filling up the DagBag from /home/kai/airflow/dags/execute_branching_variable.py
[2024-03-14T08:08:28.445+0530] {processor.py:840} INFO - DAG(s) 'pipeline_variable_dag' retrieved from /home/kai/airflow/dags/execute_branching_variable.py
[2024-03-14T08:08:28.466+0530] {logging_mixin.py:188} INFO - [2024-03-14T08:08:28.465+0530] {dag.py:3047} INFO - Sync 1 DAGs
[2024-03-14T08:08:28.487+0530] {logging_mixin.py:188} INFO - [2024-03-14T08:08:28.487+0530] {dag.py:3834} INFO - Setting next_dagrun for pipeline_variable_dag to 2024-03-13 00:00:00+00:00, run_after=2024-03-14 00:00:00+00:00
[2024-03-14T08:08:28.528+0530] {processor.py:183} INFO - Processing /home/kai/airflow/dags/execute_branching_variable.py took 0.583 seconds
[2024-03-14T08:08:58.635+0530] {processor.py:161} INFO - Started process (PID=309990) to work on /home/kai/airflow/dags/execute_branching_variable.py
[2024-03-14T08:08:58.638+0530] {processor.py:830} INFO - Processing file /home/kai/airflow/dags/execute_branching_variable.py for tasks to queue
[2024-03-14T08:08:58.639+0530] {logging_mixin.py:188} INFO - [2024-03-14T08:08:58.639+0530] {dagbag.py:540} INFO - Filling up the DagBag from /home/kai/airflow/dags/execute_branching_variable.py
[2024-03-14T08:08:59.055+0530] {processor.py:840} INFO - DAG(s) 'pipeline_variable_dag' retrieved from /home/kai/airflow/dags/execute_branching_variable.py
[2024-03-14T08:08:59.071+0530] {logging_mixin.py:188} INFO - [2024-03-14T08:08:59.071+0530] {dag.py:3047} INFO - Sync 1 DAGs
[2024-03-14T08:08:59.086+0530] {logging_mixin.py:188} INFO - [2024-03-14T08:08:59.086+0530] {dag.py:3834} INFO - Setting next_dagrun for pipeline_variable_dag to 2024-03-13 00:00:00+00:00, run_after=2024-03-14 00:00:00+00:00
[2024-03-14T08:08:59.118+0530] {processor.py:183} INFO - Processing /home/kai/airflow/dags/execute_branching_variable.py took 0.487 seconds
[2024-03-14T08:09:29.569+0530] {processor.py:161} INFO - Started process (PID=310041) to work on /home/kai/airflow/dags/execute_branching_variable.py
[2024-03-14T08:09:29.572+0530] {processor.py:830} INFO - Processing file /home/kai/airflow/dags/execute_branching_variable.py for tasks to queue
[2024-03-14T08:09:29.573+0530] {logging_mixin.py:188} INFO - [2024-03-14T08:09:29.573+0530] {dagbag.py:540} INFO - Filling up the DagBag from /home/kai/airflow/dags/execute_branching_variable.py
[2024-03-14T08:09:30.008+0530] {processor.py:840} INFO - DAG(s) 'pipeline_variable_dag' retrieved from /home/kai/airflow/dags/execute_branching_variable.py
[2024-03-14T08:09:30.024+0530] {logging_mixin.py:188} INFO - [2024-03-14T08:09:30.024+0530] {dag.py:3047} INFO - Sync 1 DAGs
[2024-03-14T08:09:30.039+0530] {logging_mixin.py:188} INFO - [2024-03-14T08:09:30.039+0530] {dag.py:3834} INFO - Setting next_dagrun for pipeline_variable_dag to 2024-03-13 00:00:00+00:00, run_after=2024-03-14 00:00:00+00:00
[2024-03-14T08:09:30.071+0530] {processor.py:183} INFO - Processing /home/kai/airflow/dags/execute_branching_variable.py took 0.506 seconds
[2024-03-14T08:10:00.678+0530] {processor.py:161} INFO - Started process (PID=310093) to work on /home/kai/airflow/dags/execute_branching_variable.py
[2024-03-14T08:10:00.681+0530] {processor.py:830} INFO - Processing file /home/kai/airflow/dags/execute_branching_variable.py for tasks to queue
[2024-03-14T08:10:00.682+0530] {logging_mixin.py:188} INFO - [2024-03-14T08:10:00.682+0530] {dagbag.py:540} INFO - Filling up the DagBag from /home/kai/airflow/dags/execute_branching_variable.py
[2024-03-14T08:10:01.146+0530] {processor.py:840} INFO - DAG(s) 'pipeline_variable_dag' retrieved from /home/kai/airflow/dags/execute_branching_variable.py
[2024-03-14T08:10:01.164+0530] {logging_mixin.py:188} INFO - [2024-03-14T08:10:01.163+0530] {dag.py:3047} INFO - Sync 1 DAGs
[2024-03-14T08:10:01.182+0530] {logging_mixin.py:188} INFO - [2024-03-14T08:10:01.181+0530] {dag.py:3834} INFO - Setting next_dagrun for pipeline_variable_dag to 2024-03-13 00:00:00+00:00, run_after=2024-03-14 00:00:00+00:00
[2024-03-14T08:10:01.225+0530] {processor.py:183} INFO - Processing /home/kai/airflow/dags/execute_branching_variable.py took 0.551 seconds
[2024-03-14T08:10:31.504+0530] {processor.py:161} INFO - Started process (PID=310147) to work on /home/kai/airflow/dags/execute_branching_variable.py
[2024-03-14T08:10:31.505+0530] {processor.py:830} INFO - Processing file /home/kai/airflow/dags/execute_branching_variable.py for tasks to queue
[2024-03-14T08:10:31.506+0530] {logging_mixin.py:188} INFO - [2024-03-14T08:10:31.506+0530] {dagbag.py:540} INFO - Filling up the DagBag from /home/kai/airflow/dags/execute_branching_variable.py
[2024-03-14T08:10:31.921+0530] {processor.py:840} INFO - DAG(s) 'pipeline_variable_dag' retrieved from /home/kai/airflow/dags/execute_branching_variable.py
[2024-03-14T08:10:31.937+0530] {logging_mixin.py:188} INFO - [2024-03-14T08:10:31.937+0530] {dag.py:3047} INFO - Sync 1 DAGs
[2024-03-14T08:10:31.955+0530] {logging_mixin.py:188} INFO - [2024-03-14T08:10:31.955+0530] {dag.py:3834} INFO - Setting next_dagrun for pipeline_variable_dag to 2024-03-13 00:00:00+00:00, run_after=2024-03-14 00:00:00+00:00
[2024-03-14T08:10:31.995+0530] {processor.py:183} INFO - Processing /home/kai/airflow/dags/execute_branching_variable.py took 0.496 seconds
[2024-03-14T08:11:02.115+0530] {processor.py:161} INFO - Started process (PID=310199) to work on /home/kai/airflow/dags/execute_branching_variable.py
[2024-03-14T08:11:02.118+0530] {processor.py:830} INFO - Processing file /home/kai/airflow/dags/execute_branching_variable.py for tasks to queue
[2024-03-14T08:11:02.120+0530] {logging_mixin.py:188} INFO - [2024-03-14T08:11:02.119+0530] {dagbag.py:540} INFO - Filling up the DagBag from /home/kai/airflow/dags/execute_branching_variable.py
[2024-03-14T08:11:02.568+0530] {processor.py:840} INFO - DAG(s) 'pipeline_variable_dag' retrieved from /home/kai/airflow/dags/execute_branching_variable.py
[2024-03-14T08:11:02.590+0530] {logging_mixin.py:188} INFO - [2024-03-14T08:11:02.589+0530] {dag.py:3047} INFO - Sync 1 DAGs
[2024-03-14T08:11:02.608+0530] {logging_mixin.py:188} INFO - [2024-03-14T08:11:02.608+0530] {dag.py:3834} INFO - Setting next_dagrun for pipeline_variable_dag to 2024-03-13 00:00:00+00:00, run_after=2024-03-14 00:00:00+00:00
[2024-03-14T08:11:02.650+0530] {processor.py:183} INFO - Processing /home/kai/airflow/dags/execute_branching_variable.py took 0.540 seconds
[2024-03-14T08:11:33.129+0530] {processor.py:161} INFO - Started process (PID=310252) to work on /home/kai/airflow/dags/execute_branching_variable.py
[2024-03-14T08:11:33.130+0530] {processor.py:830} INFO - Processing file /home/kai/airflow/dags/execute_branching_variable.py for tasks to queue
[2024-03-14T08:11:33.131+0530] {logging_mixin.py:188} INFO - [2024-03-14T08:11:33.130+0530] {dagbag.py:540} INFO - Filling up the DagBag from /home/kai/airflow/dags/execute_branching_variable.py
[2024-03-14T08:11:33.552+0530] {processor.py:840} INFO - DAG(s) 'pipeline_variable_dag' retrieved from /home/kai/airflow/dags/execute_branching_variable.py
[2024-03-14T08:11:33.569+0530] {logging_mixin.py:188} INFO - [2024-03-14T08:11:33.569+0530] {dag.py:3047} INFO - Sync 1 DAGs
[2024-03-14T08:11:33.585+0530] {logging_mixin.py:188} INFO - [2024-03-14T08:11:33.585+0530] {dag.py:3834} INFO - Setting next_dagrun for pipeline_variable_dag to 2024-03-13 00:00:00+00:00, run_after=2024-03-14 00:00:00+00:00
[2024-03-14T08:11:33.621+0530] {processor.py:183} INFO - Processing /home/kai/airflow/dags/execute_branching_variable.py took 0.496 seconds
[2024-03-14T08:12:04.361+0530] {processor.py:161} INFO - Started process (PID=310304) to work on /home/kai/airflow/dags/execute_branching_variable.py
[2024-03-14T08:12:04.364+0530] {processor.py:830} INFO - Processing file /home/kai/airflow/dags/execute_branching_variable.py for tasks to queue
[2024-03-14T08:12:04.365+0530] {logging_mixin.py:188} INFO - [2024-03-14T08:12:04.365+0530] {dagbag.py:540} INFO - Filling up the DagBag from /home/kai/airflow/dags/execute_branching_variable.py
[2024-03-14T08:12:04.769+0530] {processor.py:840} INFO - DAG(s) 'pipeline_variable_dag' retrieved from /home/kai/airflow/dags/execute_branching_variable.py
[2024-03-14T08:12:04.786+0530] {logging_mixin.py:188} INFO - [2024-03-14T08:12:04.785+0530] {dag.py:3047} INFO - Sync 1 DAGs
[2024-03-14T08:12:04.801+0530] {logging_mixin.py:188} INFO - [2024-03-14T08:12:04.801+0530] {dag.py:3834} INFO - Setting next_dagrun for pipeline_variable_dag to 2024-03-13 00:00:00+00:00, run_after=2024-03-14 00:00:00+00:00
[2024-03-14T08:12:04.837+0530] {processor.py:183} INFO - Processing /home/kai/airflow/dags/execute_branching_variable.py took 0.480 seconds
[2024-03-14T08:12:35.271+0530] {processor.py:161} INFO - Started process (PID=310355) to work on /home/kai/airflow/dags/execute_branching_variable.py
[2024-03-14T08:12:35.273+0530] {processor.py:830} INFO - Processing file /home/kai/airflow/dags/execute_branching_variable.py for tasks to queue
[2024-03-14T08:12:35.274+0530] {logging_mixin.py:188} INFO - [2024-03-14T08:12:35.274+0530] {dagbag.py:540} INFO - Filling up the DagBag from /home/kai/airflow/dags/execute_branching_variable.py
[2024-03-14T08:12:35.774+0530] {processor.py:840} INFO - DAG(s) 'pipeline_variable_dag' retrieved from /home/kai/airflow/dags/execute_branching_variable.py
[2024-03-14T08:12:35.790+0530] {logging_mixin.py:188} INFO - [2024-03-14T08:12:35.790+0530] {dag.py:3047} INFO - Sync 1 DAGs
[2024-03-14T08:12:35.809+0530] {logging_mixin.py:188} INFO - [2024-03-14T08:12:35.809+0530] {dag.py:3834} INFO - Setting next_dagrun for pipeline_variable_dag to 2024-03-13 00:00:00+00:00, run_after=2024-03-14 00:00:00+00:00
[2024-03-14T08:12:35.882+0530] {processor.py:183} INFO - Processing /home/kai/airflow/dags/execute_branching_variable.py took 0.614 seconds
[2024-03-14T08:13:06.181+0530] {processor.py:161} INFO - Started process (PID=310409) to work on /home/kai/airflow/dags/execute_branching_variable.py
[2024-03-14T08:13:06.184+0530] {processor.py:830} INFO - Processing file /home/kai/airflow/dags/execute_branching_variable.py for tasks to queue
[2024-03-14T08:13:06.185+0530] {logging_mixin.py:188} INFO - [2024-03-14T08:13:06.185+0530] {dagbag.py:540} INFO - Filling up the DagBag from /home/kai/airflow/dags/execute_branching_variable.py
[2024-03-14T08:13:06.593+0530] {processor.py:840} INFO - DAG(s) 'pipeline_variable_dag' retrieved from /home/kai/airflow/dags/execute_branching_variable.py
[2024-03-14T08:13:06.610+0530] {logging_mixin.py:188} INFO - [2024-03-14T08:13:06.609+0530] {dag.py:3047} INFO - Sync 1 DAGs
[2024-03-14T08:13:06.625+0530] {logging_mixin.py:188} INFO - [2024-03-14T08:13:06.625+0530] {dag.py:3834} INFO - Setting next_dagrun for pipeline_variable_dag to 2024-03-13 00:00:00+00:00, run_after=2024-03-14 00:00:00+00:00
[2024-03-14T08:13:06.663+0530] {processor.py:183} INFO - Processing /home/kai/airflow/dags/execute_branching_variable.py took 0.486 seconds
[2024-03-14T08:13:36.953+0530] {processor.py:161} INFO - Started process (PID=310461) to work on /home/kai/airflow/dags/execute_branching_variable.py
[2024-03-14T08:13:36.956+0530] {processor.py:830} INFO - Processing file /home/kai/airflow/dags/execute_branching_variable.py for tasks to queue
[2024-03-14T08:13:36.957+0530] {logging_mixin.py:188} INFO - [2024-03-14T08:13:36.956+0530] {dagbag.py:540} INFO - Filling up the DagBag from /home/kai/airflow/dags/execute_branching_variable.py
[2024-03-14T08:13:37.359+0530] {processor.py:840} INFO - DAG(s) 'pipeline_variable_dag' retrieved from /home/kai/airflow/dags/execute_branching_variable.py
[2024-03-14T08:13:37.376+0530] {logging_mixin.py:188} INFO - [2024-03-14T08:13:37.376+0530] {dag.py:3047} INFO - Sync 1 DAGs
[2024-03-14T08:13:37.391+0530] {logging_mixin.py:188} INFO - [2024-03-14T08:13:37.391+0530] {dag.py:3834} INFO - Setting next_dagrun for pipeline_variable_dag to 2024-03-13 00:00:00+00:00, run_after=2024-03-14 00:00:00+00:00
[2024-03-14T08:13:37.425+0530] {processor.py:183} INFO - Processing /home/kai/airflow/dags/execute_branching_variable.py took 0.475 seconds
[2024-03-14T08:14:07.575+0530] {processor.py:161} INFO - Started process (PID=310512) to work on /home/kai/airflow/dags/execute_branching_variable.py
[2024-03-14T08:14:07.578+0530] {processor.py:830} INFO - Processing file /home/kai/airflow/dags/execute_branching_variable.py for tasks to queue
[2024-03-14T08:14:07.579+0530] {logging_mixin.py:188} INFO - [2024-03-14T08:14:07.578+0530] {dagbag.py:540} INFO - Filling up the DagBag from /home/kai/airflow/dags/execute_branching_variable.py
[2024-03-14T08:14:07.980+0530] {processor.py:840} INFO - DAG(s) 'pipeline_variable_dag' retrieved from /home/kai/airflow/dags/execute_branching_variable.py
[2024-03-14T08:14:07.996+0530] {logging_mixin.py:188} INFO - [2024-03-14T08:14:07.995+0530] {dag.py:3047} INFO - Sync 1 DAGs
[2024-03-14T08:14:08.012+0530] {logging_mixin.py:188} INFO - [2024-03-14T08:14:08.011+0530] {dag.py:3834} INFO - Setting next_dagrun for pipeline_variable_dag to 2024-03-13 00:00:00+00:00, run_after=2024-03-14 00:00:00+00:00
[2024-03-14T08:14:08.055+0530] {processor.py:183} INFO - Processing /home/kai/airflow/dags/execute_branching_variable.py took 0.484 seconds
[2024-03-14T08:14:38.229+0530] {processor.py:161} INFO - Started process (PID=310564) to work on /home/kai/airflow/dags/execute_branching_variable.py
[2024-03-14T08:14:38.232+0530] {processor.py:830} INFO - Processing file /home/kai/airflow/dags/execute_branching_variable.py for tasks to queue
[2024-03-14T08:14:38.233+0530] {logging_mixin.py:188} INFO - [2024-03-14T08:14:38.233+0530] {dagbag.py:540} INFO - Filling up the DagBag from /home/kai/airflow/dags/execute_branching_variable.py
[2024-03-14T08:14:38.631+0530] {processor.py:840} INFO - DAG(s) 'pipeline_variable_dag' retrieved from /home/kai/airflow/dags/execute_branching_variable.py
[2024-03-14T08:14:38.647+0530] {logging_mixin.py:188} INFO - [2024-03-14T08:14:38.646+0530] {dag.py:3047} INFO - Sync 1 DAGs
[2024-03-14T08:14:38.662+0530] {logging_mixin.py:188} INFO - [2024-03-14T08:14:38.662+0530] {dag.py:3834} INFO - Setting next_dagrun for pipeline_variable_dag to 2024-03-13 00:00:00+00:00, run_after=2024-03-14 00:00:00+00:00
[2024-03-14T08:14:38.702+0530] {processor.py:183} INFO - Processing /home/kai/airflow/dags/execute_branching_variable.py took 0.477 seconds
[2024-03-14T08:15:08.974+0530] {processor.py:161} INFO - Started process (PID=310618) to work on /home/kai/airflow/dags/execute_branching_variable.py
[2024-03-14T08:15:08.979+0530] {processor.py:830} INFO - Processing file /home/kai/airflow/dags/execute_branching_variable.py for tasks to queue
[2024-03-14T08:15:08.980+0530] {logging_mixin.py:188} INFO - [2024-03-14T08:15:08.980+0530] {dagbag.py:540} INFO - Filling up the DagBag from /home/kai/airflow/dags/execute_branching_variable.py
[2024-03-14T08:15:09.403+0530] {processor.py:840} INFO - DAG(s) 'pipeline_variable_dag' retrieved from /home/kai/airflow/dags/execute_branching_variable.py
[2024-03-14T08:15:09.420+0530] {logging_mixin.py:188} INFO - [2024-03-14T08:15:09.420+0530] {dag.py:3047} INFO - Sync 1 DAGs
[2024-03-14T08:15:09.436+0530] {logging_mixin.py:188} INFO - [2024-03-14T08:15:09.436+0530] {dag.py:3834} INFO - Setting next_dagrun for pipeline_variable_dag to 2024-03-13 00:00:00+00:00, run_after=2024-03-14 00:00:00+00:00
[2024-03-14T08:15:09.477+0530] {processor.py:183} INFO - Processing /home/kai/airflow/dags/execute_branching_variable.py took 0.506 seconds
[2024-03-14T08:15:39.615+0530] {processor.py:161} INFO - Started process (PID=310670) to work on /home/kai/airflow/dags/execute_branching_variable.py
[2024-03-14T08:15:39.616+0530] {processor.py:830} INFO - Processing file /home/kai/airflow/dags/execute_branching_variable.py for tasks to queue
[2024-03-14T08:15:39.617+0530] {logging_mixin.py:188} INFO - [2024-03-14T08:15:39.617+0530] {dagbag.py:540} INFO - Filling up the DagBag from /home/kai/airflow/dags/execute_branching_variable.py
[2024-03-14T08:15:40.019+0530] {processor.py:840} INFO - DAG(s) 'pipeline_variable_dag' retrieved from /home/kai/airflow/dags/execute_branching_variable.py
[2024-03-14T08:15:40.035+0530] {logging_mixin.py:188} INFO - [2024-03-14T08:15:40.034+0530] {dag.py:3047} INFO - Sync 1 DAGs
[2024-03-14T08:15:40.049+0530] {logging_mixin.py:188} INFO - [2024-03-14T08:15:40.049+0530] {dag.py:3834} INFO - Setting next_dagrun for pipeline_variable_dag to 2024-03-13 00:00:00+00:00, run_after=2024-03-14 00:00:00+00:00
[2024-03-14T08:15:40.085+0530] {processor.py:183} INFO - Processing /home/kai/airflow/dags/execute_branching_variable.py took 0.474 seconds
[2024-03-14T08:16:10.301+0530] {processor.py:161} INFO - Started process (PID=310723) to work on /home/kai/airflow/dags/execute_branching_variable.py
[2024-03-14T08:16:10.304+0530] {processor.py:830} INFO - Processing file /home/kai/airflow/dags/execute_branching_variable.py for tasks to queue
[2024-03-14T08:16:10.305+0530] {logging_mixin.py:188} INFO - [2024-03-14T08:16:10.305+0530] {dagbag.py:540} INFO - Filling up the DagBag from /home/kai/airflow/dags/execute_branching_variable.py
[2024-03-14T08:16:10.705+0530] {processor.py:840} INFO - DAG(s) 'pipeline_variable_dag' retrieved from /home/kai/airflow/dags/execute_branching_variable.py
[2024-03-14T08:16:10.720+0530] {logging_mixin.py:188} INFO - [2024-03-14T08:16:10.720+0530] {dag.py:3047} INFO - Sync 1 DAGs
[2024-03-14T08:16:10.736+0530] {logging_mixin.py:188} INFO - [2024-03-14T08:16:10.736+0530] {dag.py:3834} INFO - Setting next_dagrun for pipeline_variable_dag to 2024-03-13 00:00:00+00:00, run_after=2024-03-14 00:00:00+00:00
[2024-03-14T08:16:10.769+0530] {processor.py:183} INFO - Processing /home/kai/airflow/dags/execute_branching_variable.py took 0.471 seconds
[2024-03-14T08:16:41.061+0530] {processor.py:161} INFO - Started process (PID=310775) to work on /home/kai/airflow/dags/execute_branching_variable.py
[2024-03-14T08:16:41.066+0530] {processor.py:830} INFO - Processing file /home/kai/airflow/dags/execute_branching_variable.py for tasks to queue
[2024-03-14T08:16:41.067+0530] {logging_mixin.py:188} INFO - [2024-03-14T08:16:41.066+0530] {dagbag.py:540} INFO - Filling up the DagBag from /home/kai/airflow/dags/execute_branching_variable.py
[2024-03-14T08:16:41.635+0530] {processor.py:840} INFO - DAG(s) 'pipeline_variable_dag' retrieved from /home/kai/airflow/dags/execute_branching_variable.py
[2024-03-14T08:16:41.655+0530] {logging_mixin.py:188} INFO - [2024-03-14T08:16:41.655+0530] {dag.py:3047} INFO - Sync 1 DAGs
[2024-03-14T08:16:41.676+0530] {logging_mixin.py:188} INFO - [2024-03-14T08:16:41.676+0530] {dag.py:3834} INFO - Setting next_dagrun for pipeline_variable_dag to 2024-03-13 00:00:00+00:00, run_after=2024-03-14 00:00:00+00:00
[2024-03-14T08:16:41.740+0530] {processor.py:183} INFO - Processing /home/kai/airflow/dags/execute_branching_variable.py took 0.686 seconds
