[2024-03-14T07:42:44.011+0530] {processor.py:161} INFO - Started process (PID=307315) to work on /home/kai/airflow/dags/execute_python_pipeline.py
[2024-03-14T07:42:44.011+0530] {processor.py:830} INFO - Processing file /home/kai/airflow/dags/execute_python_pipeline.py for tasks to queue
[2024-03-14T07:42:44.012+0530] {logging_mixin.py:188} INFO - [2024-03-14T07:42:44.012+0530] {dagbag.py:540} INFO - Filling up the DagBag from /home/kai/airflow/dags/execute_python_pipeline.py
[2024-03-14T07:42:44.411+0530] {processor.py:840} INFO - DAG(s) 'python_pipeline_dag' retrieved from /home/kai/airflow/dags/execute_python_pipeline.py
[2024-03-14T07:42:44.482+0530] {logging_mixin.py:188} INFO - [2024-03-14T07:42:44.481+0530] {dag.py:3047} INFO - Sync 1 DAGs
[2024-03-14T07:42:44.496+0530] {logging_mixin.py:188} INFO - [2024-03-14T07:42:44.496+0530] {dag.py:3834} INFO - Setting next_dagrun for python_pipeline_dag to 2024-03-13 00:00:00+00:00, run_after=2024-03-14 00:00:00+00:00
[2024-03-14T07:42:44.531+0530] {processor.py:183} INFO - Processing /home/kai/airflow/dags/execute_python_pipeline.py took 0.523 seconds
[2024-03-14T07:43:15.043+0530] {processor.py:161} INFO - Started process (PID=307369) to work on /home/kai/airflow/dags/execute_python_pipeline.py
[2024-03-14T07:43:15.047+0530] {processor.py:830} INFO - Processing file /home/kai/airflow/dags/execute_python_pipeline.py for tasks to queue
[2024-03-14T07:43:15.048+0530] {logging_mixin.py:188} INFO - [2024-03-14T07:43:15.047+0530] {dagbag.py:540} INFO - Filling up the DagBag from /home/kai/airflow/dags/execute_python_pipeline.py
[2024-03-14T07:43:15.441+0530] {processor.py:840} INFO - DAG(s) 'python_pipeline_dag' retrieved from /home/kai/airflow/dags/execute_python_pipeline.py
[2024-03-14T07:43:15.456+0530] {logging_mixin.py:188} INFO - [2024-03-14T07:43:15.455+0530] {dag.py:3047} INFO - Sync 1 DAGs
[2024-03-14T07:43:15.471+0530] {logging_mixin.py:188} INFO - [2024-03-14T07:43:15.471+0530] {dag.py:3834} INFO - Setting next_dagrun for python_pipeline_dag to 2024-03-13 00:00:00+00:00, run_after=2024-03-14 00:00:00+00:00
[2024-03-14T07:43:15.505+0530] {processor.py:183} INFO - Processing /home/kai/airflow/dags/execute_python_pipeline.py took 0.466 seconds
[2024-03-14T07:43:45.653+0530] {processor.py:161} INFO - Started process (PID=307423) to work on /home/kai/airflow/dags/execute_python_pipeline.py
[2024-03-14T07:43:45.655+0530] {processor.py:830} INFO - Processing file /home/kai/airflow/dags/execute_python_pipeline.py for tasks to queue
[2024-03-14T07:43:45.656+0530] {logging_mixin.py:188} INFO - [2024-03-14T07:43:45.655+0530] {dagbag.py:540} INFO - Filling up the DagBag from /home/kai/airflow/dags/execute_python_pipeline.py
[2024-03-14T07:43:46.072+0530] {processor.py:840} INFO - DAG(s) 'python_pipeline_dag' retrieved from /home/kai/airflow/dags/execute_python_pipeline.py
[2024-03-14T07:43:46.089+0530] {logging_mixin.py:188} INFO - [2024-03-14T07:43:46.089+0530] {dag.py:3047} INFO - Sync 1 DAGs
[2024-03-14T07:43:46.104+0530] {logging_mixin.py:188} INFO - [2024-03-14T07:43:46.104+0530] {dag.py:3834} INFO - Setting next_dagrun for python_pipeline_dag to 2024-03-13 00:00:00+00:00, run_after=2024-03-14 00:00:00+00:00
[2024-03-14T07:43:46.139+0530] {processor.py:183} INFO - Processing /home/kai/airflow/dags/execute_python_pipeline.py took 0.489 seconds
[2024-03-14T07:44:17.243+0530] {processor.py:161} INFO - Started process (PID=307475) to work on /home/kai/airflow/dags/execute_python_pipeline.py
[2024-03-14T07:44:17.246+0530] {processor.py:830} INFO - Processing file /home/kai/airflow/dags/execute_python_pipeline.py for tasks to queue
[2024-03-14T07:44:17.247+0530] {logging_mixin.py:188} INFO - [2024-03-14T07:44:17.246+0530] {dagbag.py:540} INFO - Filling up the DagBag from /home/kai/airflow/dags/execute_python_pipeline.py
[2024-03-14T07:44:17.666+0530] {processor.py:840} INFO - DAG(s) 'python_pipeline_dag' retrieved from /home/kai/airflow/dags/execute_python_pipeline.py
[2024-03-14T07:44:17.681+0530] {logging_mixin.py:188} INFO - [2024-03-14T07:44:17.681+0530] {dag.py:3047} INFO - Sync 1 DAGs
[2024-03-14T07:44:17.696+0530] {logging_mixin.py:188} INFO - [2024-03-14T07:44:17.696+0530] {dag.py:3834} INFO - Setting next_dagrun for python_pipeline_dag to 2024-03-13 00:00:00+00:00, run_after=2024-03-14 00:00:00+00:00
[2024-03-14T07:44:17.730+0530] {processor.py:183} INFO - Processing /home/kai/airflow/dags/execute_python_pipeline.py took 0.490 seconds
[2024-03-14T07:44:48.275+0530] {processor.py:161} INFO - Started process (PID=307528) to work on /home/kai/airflow/dags/execute_python_pipeline.py
[2024-03-14T07:44:48.278+0530] {processor.py:830} INFO - Processing file /home/kai/airflow/dags/execute_python_pipeline.py for tasks to queue
[2024-03-14T07:44:48.279+0530] {logging_mixin.py:188} INFO - [2024-03-14T07:44:48.279+0530] {dagbag.py:540} INFO - Filling up the DagBag from /home/kai/airflow/dags/execute_python_pipeline.py
[2024-03-14T07:44:48.680+0530] {processor.py:840} INFO - DAG(s) 'python_pipeline_dag' retrieved from /home/kai/airflow/dags/execute_python_pipeline.py
[2024-03-14T07:44:48.694+0530] {logging_mixin.py:188} INFO - [2024-03-14T07:44:48.694+0530] {dag.py:3047} INFO - Sync 1 DAGs
[2024-03-14T07:44:48.709+0530] {logging_mixin.py:188} INFO - [2024-03-14T07:44:48.709+0530] {dag.py:3834} INFO - Setting next_dagrun for python_pipeline_dag to 2024-03-13 00:00:00+00:00, run_after=2024-03-14 00:00:00+00:00
[2024-03-14T07:44:48.743+0530] {processor.py:183} INFO - Processing /home/kai/airflow/dags/execute_python_pipeline.py took 0.471 seconds
[2024-03-14T07:45:19.265+0530] {processor.py:161} INFO - Started process (PID=307583) to work on /home/kai/airflow/dags/execute_python_pipeline.py
[2024-03-14T07:45:19.268+0530] {processor.py:830} INFO - Processing file /home/kai/airflow/dags/execute_python_pipeline.py for tasks to queue
[2024-03-14T07:45:19.269+0530] {logging_mixin.py:188} INFO - [2024-03-14T07:45:19.269+0530] {dagbag.py:540} INFO - Filling up the DagBag from /home/kai/airflow/dags/execute_python_pipeline.py
[2024-03-14T07:45:19.668+0530] {processor.py:840} INFO - DAG(s) 'python_pipeline_dag' retrieved from /home/kai/airflow/dags/execute_python_pipeline.py
[2024-03-14T07:45:19.683+0530] {logging_mixin.py:188} INFO - [2024-03-14T07:45:19.683+0530] {dag.py:3047} INFO - Sync 1 DAGs
[2024-03-14T07:45:19.698+0530] {logging_mixin.py:188} INFO - [2024-03-14T07:45:19.698+0530] {dag.py:3834} INFO - Setting next_dagrun for python_pipeline_dag to 2024-03-13 00:00:00+00:00, run_after=2024-03-14 00:00:00+00:00
[2024-03-14T07:45:19.732+0530] {processor.py:183} INFO - Processing /home/kai/airflow/dags/execute_python_pipeline.py took 0.470 seconds
[2024-03-14T07:45:50.234+0530] {processor.py:161} INFO - Started process (PID=307634) to work on /home/kai/airflow/dags/execute_python_pipeline.py
[2024-03-14T07:45:50.238+0530] {processor.py:830} INFO - Processing file /home/kai/airflow/dags/execute_python_pipeline.py for tasks to queue
[2024-03-14T07:45:50.239+0530] {logging_mixin.py:188} INFO - [2024-03-14T07:45:50.239+0530] {dagbag.py:540} INFO - Filling up the DagBag from /home/kai/airflow/dags/execute_python_pipeline.py
[2024-03-14T07:45:50.635+0530] {processor.py:840} INFO - DAG(s) 'python_pipeline_dag' retrieved from /home/kai/airflow/dags/execute_python_pipeline.py
[2024-03-14T07:45:50.653+0530] {logging_mixin.py:188} INFO - [2024-03-14T07:45:50.653+0530] {dag.py:3047} INFO - Sync 1 DAGs
[2024-03-14T07:45:50.671+0530] {logging_mixin.py:188} INFO - [2024-03-14T07:45:50.671+0530] {dag.py:3834} INFO - Setting next_dagrun for python_pipeline_dag to 2024-03-13 00:00:00+00:00, run_after=2024-03-14 00:00:00+00:00
[2024-03-14T07:45:50.727+0530] {processor.py:183} INFO - Processing /home/kai/airflow/dags/execute_python_pipeline.py took 0.496 seconds
[2024-03-14T07:46:21.144+0530] {processor.py:161} INFO - Started process (PID=307688) to work on /home/kai/airflow/dags/execute_python_pipeline.py
[2024-03-14T07:46:21.149+0530] {processor.py:830} INFO - Processing file /home/kai/airflow/dags/execute_python_pipeline.py for tasks to queue
[2024-03-14T07:46:21.150+0530] {logging_mixin.py:188} INFO - [2024-03-14T07:46:21.149+0530] {dagbag.py:540} INFO - Filling up the DagBag from /home/kai/airflow/dags/execute_python_pipeline.py
[2024-03-14T07:46:21.548+0530] {processor.py:840} INFO - DAG(s) 'python_pipeline_dag' retrieved from /home/kai/airflow/dags/execute_python_pipeline.py
[2024-03-14T07:46:21.563+0530] {logging_mixin.py:188} INFO - [2024-03-14T07:46:21.563+0530] {dag.py:3047} INFO - Sync 1 DAGs
[2024-03-14T07:46:21.578+0530] {logging_mixin.py:188} INFO - [2024-03-14T07:46:21.577+0530] {dag.py:3834} INFO - Setting next_dagrun for python_pipeline_dag to 2024-03-13 00:00:00+00:00, run_after=2024-03-14 00:00:00+00:00
[2024-03-14T07:46:21.618+0530] {processor.py:183} INFO - Processing /home/kai/airflow/dags/execute_python_pipeline.py took 0.477 seconds
[2024-03-14T07:46:52.098+0530] {processor.py:161} INFO - Started process (PID=307739) to work on /home/kai/airflow/dags/execute_python_pipeline.py
[2024-03-14T07:46:52.100+0530] {processor.py:830} INFO - Processing file /home/kai/airflow/dags/execute_python_pipeline.py for tasks to queue
[2024-03-14T07:46:52.101+0530] {logging_mixin.py:188} INFO - [2024-03-14T07:46:52.100+0530] {dagbag.py:540} INFO - Filling up the DagBag from /home/kai/airflow/dags/execute_python_pipeline.py
[2024-03-14T07:46:52.499+0530] {processor.py:840} INFO - DAG(s) 'python_pipeline_dag' retrieved from /home/kai/airflow/dags/execute_python_pipeline.py
[2024-03-14T07:46:52.514+0530] {logging_mixin.py:188} INFO - [2024-03-14T07:46:52.514+0530] {dag.py:3047} INFO - Sync 1 DAGs
[2024-03-14T07:46:52.530+0530] {logging_mixin.py:188} INFO - [2024-03-14T07:46:52.530+0530] {dag.py:3834} INFO - Setting next_dagrun for python_pipeline_dag to 2024-03-13 00:00:00+00:00, run_after=2024-03-14 00:00:00+00:00
[2024-03-14T07:46:52.565+0530] {processor.py:183} INFO - Processing /home/kai/airflow/dags/execute_python_pipeline.py took 0.470 seconds
[2024-03-14T07:47:23.388+0530] {processor.py:161} INFO - Started process (PID=307793) to work on /home/kai/airflow/dags/execute_python_pipeline.py
[2024-03-14T07:47:23.391+0530] {processor.py:830} INFO - Processing file /home/kai/airflow/dags/execute_python_pipeline.py for tasks to queue
[2024-03-14T07:47:23.393+0530] {logging_mixin.py:188} INFO - [2024-03-14T07:47:23.392+0530] {dagbag.py:540} INFO - Filling up the DagBag from /home/kai/airflow/dags/execute_python_pipeline.py
[2024-03-14T07:47:23.794+0530] {processor.py:840} INFO - DAG(s) 'python_pipeline_dag' retrieved from /home/kai/airflow/dags/execute_python_pipeline.py
[2024-03-14T07:47:23.808+0530] {logging_mixin.py:188} INFO - [2024-03-14T07:47:23.808+0530] {dag.py:3047} INFO - Sync 1 DAGs
[2024-03-14T07:47:23.823+0530] {logging_mixin.py:188} INFO - [2024-03-14T07:47:23.823+0530] {dag.py:3834} INFO - Setting next_dagrun for python_pipeline_dag to 2024-03-13 00:00:00+00:00, run_after=2024-03-14 00:00:00+00:00
[2024-03-14T07:47:23.858+0530] {processor.py:183} INFO - Processing /home/kai/airflow/dags/execute_python_pipeline.py took 0.474 seconds
[2024-03-14T07:47:54.351+0530] {processor.py:161} INFO - Started process (PID=307844) to work on /home/kai/airflow/dags/execute_python_pipeline.py
[2024-03-14T07:47:54.354+0530] {processor.py:830} INFO - Processing file /home/kai/airflow/dags/execute_python_pipeline.py for tasks to queue
[2024-03-14T07:47:54.355+0530] {logging_mixin.py:188} INFO - [2024-03-14T07:47:54.354+0530] {dagbag.py:540} INFO - Filling up the DagBag from /home/kai/airflow/dags/execute_python_pipeline.py
[2024-03-14T07:47:54.749+0530] {processor.py:840} INFO - DAG(s) 'python_pipeline_dag' retrieved from /home/kai/airflow/dags/execute_python_pipeline.py
[2024-03-14T07:47:54.764+0530] {logging_mixin.py:188} INFO - [2024-03-14T07:47:54.764+0530] {dag.py:3047} INFO - Sync 1 DAGs
[2024-03-14T07:47:54.778+0530] {logging_mixin.py:188} INFO - [2024-03-14T07:47:54.778+0530] {dag.py:3834} INFO - Setting next_dagrun for python_pipeline_dag to 2024-03-13 00:00:00+00:00, run_after=2024-03-14 00:00:00+00:00
[2024-03-14T07:47:54.821+0530] {processor.py:183} INFO - Processing /home/kai/airflow/dags/execute_python_pipeline.py took 0.473 seconds
[2024-03-14T07:48:25.235+0530] {processor.py:161} INFO - Started process (PID=307897) to work on /home/kai/airflow/dags/execute_python_pipeline.py
[2024-03-14T07:48:25.238+0530] {processor.py:830} INFO - Processing file /home/kai/airflow/dags/execute_python_pipeline.py for tasks to queue
[2024-03-14T07:48:25.239+0530] {logging_mixin.py:188} INFO - [2024-03-14T07:48:25.239+0530] {dagbag.py:540} INFO - Filling up the DagBag from /home/kai/airflow/dags/execute_python_pipeline.py
[2024-03-14T07:48:25.636+0530] {processor.py:840} INFO - DAG(s) 'python_pipeline_dag' retrieved from /home/kai/airflow/dags/execute_python_pipeline.py
[2024-03-14T07:48:25.651+0530] {logging_mixin.py:188} INFO - [2024-03-14T07:48:25.650+0530] {dag.py:3047} INFO - Sync 1 DAGs
[2024-03-14T07:48:25.665+0530] {logging_mixin.py:188} INFO - [2024-03-14T07:48:25.665+0530] {dag.py:3834} INFO - Setting next_dagrun for python_pipeline_dag to 2024-03-13 00:00:00+00:00, run_after=2024-03-14 00:00:00+00:00
[2024-03-14T07:48:25.700+0530] {processor.py:183} INFO - Processing /home/kai/airflow/dags/execute_python_pipeline.py took 0.468 seconds
[2024-03-14T07:48:56.223+0530] {processor.py:161} INFO - Started process (PID=307951) to work on /home/kai/airflow/dags/execute_python_pipeline.py
[2024-03-14T07:48:56.226+0530] {processor.py:830} INFO - Processing file /home/kai/airflow/dags/execute_python_pipeline.py for tasks to queue
[2024-03-14T07:48:56.227+0530] {logging_mixin.py:188} INFO - [2024-03-14T07:48:56.226+0530] {dagbag.py:540} INFO - Filling up the DagBag from /home/kai/airflow/dags/execute_python_pipeline.py
[2024-03-14T07:48:56.623+0530] {processor.py:840} INFO - DAG(s) 'python_pipeline_dag' retrieved from /home/kai/airflow/dags/execute_python_pipeline.py
[2024-03-14T07:48:56.637+0530] {logging_mixin.py:188} INFO - [2024-03-14T07:48:56.637+0530] {dag.py:3047} INFO - Sync 1 DAGs
[2024-03-14T07:48:56.653+0530] {logging_mixin.py:188} INFO - [2024-03-14T07:48:56.653+0530] {dag.py:3834} INFO - Setting next_dagrun for python_pipeline_dag to 2024-03-13 00:00:00+00:00, run_after=2024-03-14 00:00:00+00:00
[2024-03-14T07:48:56.686+0530] {processor.py:183} INFO - Processing /home/kai/airflow/dags/execute_python_pipeline.py took 0.466 seconds
[2024-03-14T07:49:27.076+0530] {processor.py:161} INFO - Started process (PID=308002) to work on /home/kai/airflow/dags/execute_python_pipeline.py
[2024-03-14T07:49:27.078+0530] {processor.py:830} INFO - Processing file /home/kai/airflow/dags/execute_python_pipeline.py for tasks to queue
[2024-03-14T07:49:27.079+0530] {logging_mixin.py:188} INFO - [2024-03-14T07:49:27.079+0530] {dagbag.py:540} INFO - Filling up the DagBag from /home/kai/airflow/dags/execute_python_pipeline.py
[2024-03-14T07:49:27.473+0530] {processor.py:840} INFO - DAG(s) 'python_pipeline_dag' retrieved from /home/kai/airflow/dags/execute_python_pipeline.py
[2024-03-14T07:49:27.489+0530] {logging_mixin.py:188} INFO - [2024-03-14T07:49:27.488+0530] {dag.py:3047} INFO - Sync 1 DAGs
[2024-03-14T07:49:27.503+0530] {logging_mixin.py:188} INFO - [2024-03-14T07:49:27.503+0530] {dag.py:3834} INFO - Setting next_dagrun for python_pipeline_dag to 2024-03-13 00:00:00+00:00, run_after=2024-03-14 00:00:00+00:00
[2024-03-14T07:49:27.541+0530] {processor.py:183} INFO - Processing /home/kai/airflow/dags/execute_python_pipeline.py took 0.469 seconds
[2024-03-14T07:49:57.971+0530] {processor.py:161} INFO - Started process (PID=308054) to work on /home/kai/airflow/dags/execute_python_pipeline.py
[2024-03-14T07:49:57.973+0530] {processor.py:830} INFO - Processing file /home/kai/airflow/dags/execute_python_pipeline.py for tasks to queue
[2024-03-14T07:49:57.975+0530] {logging_mixin.py:188} INFO - [2024-03-14T07:49:57.974+0530] {dagbag.py:540} INFO - Filling up the DagBag from /home/kai/airflow/dags/execute_python_pipeline.py
[2024-03-14T07:49:58.372+0530] {processor.py:840} INFO - DAG(s) 'python_pipeline_dag' retrieved from /home/kai/airflow/dags/execute_python_pipeline.py
[2024-03-14T07:49:58.387+0530] {logging_mixin.py:188} INFO - [2024-03-14T07:49:58.386+0530] {dag.py:3047} INFO - Sync 1 DAGs
[2024-03-14T07:49:58.401+0530] {logging_mixin.py:188} INFO - [2024-03-14T07:49:58.401+0530] {dag.py:3834} INFO - Setting next_dagrun for python_pipeline_dag to 2024-03-13 00:00:00+00:00, run_after=2024-03-14 00:00:00+00:00
[2024-03-14T07:49:58.446+0530] {processor.py:183} INFO - Processing /home/kai/airflow/dags/execute_python_pipeline.py took 0.479 seconds
[2024-03-14T07:50:28.716+0530] {processor.py:161} INFO - Started process (PID=308108) to work on /home/kai/airflow/dags/execute_python_pipeline.py
[2024-03-14T07:50:28.717+0530] {processor.py:830} INFO - Processing file /home/kai/airflow/dags/execute_python_pipeline.py for tasks to queue
[2024-03-14T07:50:28.718+0530] {logging_mixin.py:188} INFO - [2024-03-14T07:50:28.718+0530] {dagbag.py:540} INFO - Filling up the DagBag from /home/kai/airflow/dags/execute_python_pipeline.py
[2024-03-14T07:50:29.113+0530] {processor.py:840} INFO - DAG(s) 'python_pipeline_dag' retrieved from /home/kai/airflow/dags/execute_python_pipeline.py
[2024-03-14T07:50:29.128+0530] {logging_mixin.py:188} INFO - [2024-03-14T07:50:29.128+0530] {dag.py:3047} INFO - Sync 1 DAGs
[2024-03-14T07:50:29.143+0530] {logging_mixin.py:188} INFO - [2024-03-14T07:50:29.143+0530] {dag.py:3834} INFO - Setting next_dagrun for python_pipeline_dag to 2024-03-13 00:00:00+00:00, run_after=2024-03-14 00:00:00+00:00
[2024-03-14T07:50:29.181+0530] {processor.py:183} INFO - Processing /home/kai/airflow/dags/execute_python_pipeline.py took 0.467 seconds
[2024-03-14T07:50:59.605+0530] {processor.py:161} INFO - Started process (PID=308160) to work on /home/kai/airflow/dags/execute_python_pipeline.py
[2024-03-14T07:50:59.609+0530] {processor.py:830} INFO - Processing file /home/kai/airflow/dags/execute_python_pipeline.py for tasks to queue
[2024-03-14T07:50:59.610+0530] {logging_mixin.py:188} INFO - [2024-03-14T07:50:59.610+0530] {dagbag.py:540} INFO - Filling up the DagBag from /home/kai/airflow/dags/execute_python_pipeline.py
[2024-03-14T07:51:00.005+0530] {processor.py:840} INFO - DAG(s) 'python_pipeline_dag' retrieved from /home/kai/airflow/dags/execute_python_pipeline.py
[2024-03-14T07:51:00.022+0530] {logging_mixin.py:188} INFO - [2024-03-14T07:51:00.022+0530] {dag.py:3047} INFO - Sync 1 DAGs
[2024-03-14T07:51:00.038+0530] {logging_mixin.py:188} INFO - [2024-03-14T07:51:00.038+0530] {dag.py:3834} INFO - Setting next_dagrun for python_pipeline_dag to 2024-03-13 00:00:00+00:00, run_after=2024-03-14 00:00:00+00:00
[2024-03-14T07:51:00.076+0530] {processor.py:183} INFO - Processing /home/kai/airflow/dags/execute_python_pipeline.py took 0.474 seconds
[2024-03-14T07:51:30.486+0530] {processor.py:161} INFO - Started process (PID=308211) to work on /home/kai/airflow/dags/execute_python_pipeline.py
[2024-03-14T07:51:30.490+0530] {processor.py:830} INFO - Processing file /home/kai/airflow/dags/execute_python_pipeline.py for tasks to queue
[2024-03-14T07:51:30.491+0530] {logging_mixin.py:188} INFO - [2024-03-14T07:51:30.491+0530] {dagbag.py:540} INFO - Filling up the DagBag from /home/kai/airflow/dags/execute_python_pipeline.py
[2024-03-14T07:51:30.884+0530] {processor.py:840} INFO - DAG(s) 'python_pipeline_dag' retrieved from /home/kai/airflow/dags/execute_python_pipeline.py
[2024-03-14T07:51:30.899+0530] {logging_mixin.py:188} INFO - [2024-03-14T07:51:30.899+0530] {dag.py:3047} INFO - Sync 1 DAGs
[2024-03-14T07:51:30.914+0530] {logging_mixin.py:188} INFO - [2024-03-14T07:51:30.913+0530] {dag.py:3834} INFO - Setting next_dagrun for python_pipeline_dag to 2024-03-13 00:00:00+00:00, run_after=2024-03-14 00:00:00+00:00
[2024-03-14T07:51:30.950+0530] {processor.py:183} INFO - Processing /home/kai/airflow/dags/execute_python_pipeline.py took 0.468 seconds
[2024-03-14T07:52:01.336+0530] {processor.py:161} INFO - Started process (PID=308265) to work on /home/kai/airflow/dags/execute_python_pipeline.py
[2024-03-14T07:52:01.344+0530] {processor.py:830} INFO - Processing file /home/kai/airflow/dags/execute_python_pipeline.py for tasks to queue
[2024-03-14T07:52:01.345+0530] {logging_mixin.py:188} INFO - [2024-03-14T07:52:01.345+0530] {dagbag.py:540} INFO - Filling up the DagBag from /home/kai/airflow/dags/execute_python_pipeline.py
[2024-03-14T07:52:01.780+0530] {processor.py:840} INFO - DAG(s) 'python_pipeline_dag' retrieved from /home/kai/airflow/dags/execute_python_pipeline.py
[2024-03-14T07:52:01.799+0530] {logging_mixin.py:188} INFO - [2024-03-14T07:52:01.799+0530] {dag.py:3047} INFO - Sync 1 DAGs
[2024-03-14T07:52:01.817+0530] {logging_mixin.py:188} INFO - [2024-03-14T07:52:01.817+0530] {dag.py:3834} INFO - Setting next_dagrun for python_pipeline_dag to 2024-03-13 00:00:00+00:00, run_after=2024-03-14 00:00:00+00:00
[2024-03-14T07:52:01.874+0530] {processor.py:183} INFO - Processing /home/kai/airflow/dags/execute_python_pipeline.py took 0.542 seconds
[2024-03-14T07:52:32.296+0530] {processor.py:161} INFO - Started process (PID=308320) to work on /home/kai/airflow/dags/execute_python_pipeline.py
[2024-03-14T07:52:32.299+0530] {processor.py:830} INFO - Processing file /home/kai/airflow/dags/execute_python_pipeline.py for tasks to queue
[2024-03-14T07:52:32.300+0530] {logging_mixin.py:188} INFO - [2024-03-14T07:52:32.299+0530] {dagbag.py:540} INFO - Filling up the DagBag from /home/kai/airflow/dags/execute_python_pipeline.py
[2024-03-14T07:52:32.692+0530] {processor.py:840} INFO - DAG(s) 'python_pipeline_dag' retrieved from /home/kai/airflow/dags/execute_python_pipeline.py
[2024-03-14T07:52:32.707+0530] {logging_mixin.py:188} INFO - [2024-03-14T07:52:32.707+0530] {dag.py:3047} INFO - Sync 1 DAGs
[2024-03-14T07:52:32.723+0530] {logging_mixin.py:188} INFO - [2024-03-14T07:52:32.722+0530] {dag.py:3834} INFO - Setting next_dagrun for python_pipeline_dag to 2024-03-13 00:00:00+00:00, run_after=2024-03-14 00:00:00+00:00
[2024-03-14T07:52:32.756+0530] {processor.py:183} INFO - Processing /home/kai/airflow/dags/execute_python_pipeline.py took 0.463 seconds
[2024-03-14T07:53:03.165+0530] {processor.py:161} INFO - Started process (PID=308372) to work on /home/kai/airflow/dags/execute_python_pipeline.py
[2024-03-14T07:53:03.168+0530] {processor.py:830} INFO - Processing file /home/kai/airflow/dags/execute_python_pipeline.py for tasks to queue
[2024-03-14T07:53:03.169+0530] {logging_mixin.py:188} INFO - [2024-03-14T07:53:03.168+0530] {dagbag.py:540} INFO - Filling up the DagBag from /home/kai/airflow/dags/execute_python_pipeline.py
[2024-03-14T07:53:03.564+0530] {processor.py:840} INFO - DAG(s) 'python_pipeline_dag' retrieved from /home/kai/airflow/dags/execute_python_pipeline.py
[2024-03-14T07:53:03.580+0530] {logging_mixin.py:188} INFO - [2024-03-14T07:53:03.579+0530] {dag.py:3047} INFO - Sync 1 DAGs
[2024-03-14T07:53:03.595+0530] {logging_mixin.py:188} INFO - [2024-03-14T07:53:03.595+0530] {dag.py:3834} INFO - Setting next_dagrun for python_pipeline_dag to 2024-03-13 00:00:00+00:00, run_after=2024-03-14 00:00:00+00:00
[2024-03-14T07:53:03.630+0530] {processor.py:183} INFO - Processing /home/kai/airflow/dags/execute_python_pipeline.py took 0.468 seconds
[2024-03-14T07:53:35.323+0530] {processor.py:161} INFO - Started process (PID=308426) to work on /home/kai/airflow/dags/execute_python_pipeline.py
[2024-03-14T07:53:35.328+0530] {processor.py:830} INFO - Processing file /home/kai/airflow/dags/execute_python_pipeline.py for tasks to queue
[2024-03-14T07:53:35.329+0530] {logging_mixin.py:188} INFO - [2024-03-14T07:53:35.328+0530] {dagbag.py:540} INFO - Filling up the DagBag from /home/kai/airflow/dags/execute_python_pipeline.py
[2024-03-14T07:53:35.719+0530] {processor.py:840} INFO - DAG(s) 'python_pipeline_dag' retrieved from /home/kai/airflow/dags/execute_python_pipeline.py
[2024-03-14T07:53:35.734+0530] {logging_mixin.py:188} INFO - [2024-03-14T07:53:35.734+0530] {dag.py:3047} INFO - Sync 1 DAGs
[2024-03-14T07:53:35.749+0530] {logging_mixin.py:188} INFO - [2024-03-14T07:53:35.748+0530] {dag.py:3834} INFO - Setting next_dagrun for python_pipeline_dag to 2024-03-13 00:00:00+00:00, run_after=2024-03-14 00:00:00+00:00
[2024-03-14T07:53:35.789+0530] {processor.py:183} INFO - Processing /home/kai/airflow/dags/execute_python_pipeline.py took 0.469 seconds
[2024-03-14T07:54:06.026+0530] {processor.py:161} INFO - Started process (PID=308477) to work on /home/kai/airflow/dags/execute_python_pipeline.py
[2024-03-14T07:54:06.031+0530] {processor.py:830} INFO - Processing file /home/kai/airflow/dags/execute_python_pipeline.py for tasks to queue
[2024-03-14T07:54:06.032+0530] {logging_mixin.py:188} INFO - [2024-03-14T07:54:06.031+0530] {dagbag.py:540} INFO - Filling up the DagBag from /home/kai/airflow/dags/execute_python_pipeline.py
[2024-03-14T07:54:06.429+0530] {processor.py:840} INFO - DAG(s) 'python_pipeline_dag' retrieved from /home/kai/airflow/dags/execute_python_pipeline.py
[2024-03-14T07:54:06.443+0530] {logging_mixin.py:188} INFO - [2024-03-14T07:54:06.443+0530] {dag.py:3047} INFO - Sync 1 DAGs
[2024-03-14T07:54:06.458+0530] {logging_mixin.py:188} INFO - [2024-03-14T07:54:06.457+0530] {dag.py:3834} INFO - Setting next_dagrun for python_pipeline_dag to 2024-03-13 00:00:00+00:00, run_after=2024-03-14 00:00:00+00:00
[2024-03-14T07:54:06.493+0530] {processor.py:183} INFO - Processing /home/kai/airflow/dags/execute_python_pipeline.py took 0.470 seconds
[2024-03-14T07:54:37.069+0530] {processor.py:161} INFO - Started process (PID=308529) to work on /home/kai/airflow/dags/execute_python_pipeline.py
[2024-03-14T07:54:37.074+0530] {processor.py:830} INFO - Processing file /home/kai/airflow/dags/execute_python_pipeline.py for tasks to queue
[2024-03-14T07:54:37.075+0530] {logging_mixin.py:188} INFO - [2024-03-14T07:54:37.074+0530] {dagbag.py:540} INFO - Filling up the DagBag from /home/kai/airflow/dags/execute_python_pipeline.py
[2024-03-14T07:54:37.470+0530] {processor.py:840} INFO - DAG(s) 'python_pipeline_dag' retrieved from /home/kai/airflow/dags/execute_python_pipeline.py
[2024-03-14T07:54:37.485+0530] {logging_mixin.py:188} INFO - [2024-03-14T07:54:37.485+0530] {dag.py:3047} INFO - Sync 1 DAGs
[2024-03-14T07:54:37.500+0530] {logging_mixin.py:188} INFO - [2024-03-14T07:54:37.500+0530] {dag.py:3834} INFO - Setting next_dagrun for python_pipeline_dag to 2024-03-13 00:00:00+00:00, run_after=2024-03-14 00:00:00+00:00
[2024-03-14T07:54:37.534+0530] {processor.py:183} INFO - Processing /home/kai/airflow/dags/execute_python_pipeline.py took 0.468 seconds
[2024-03-14T07:55:07.892+0530] {processor.py:161} INFO - Started process (PID=308583) to work on /home/kai/airflow/dags/execute_python_pipeline.py
[2024-03-14T07:55:07.897+0530] {processor.py:830} INFO - Processing file /home/kai/airflow/dags/execute_python_pipeline.py for tasks to queue
[2024-03-14T07:55:07.898+0530] {logging_mixin.py:188} INFO - [2024-03-14T07:55:07.897+0530] {dagbag.py:540} INFO - Filling up the DagBag from /home/kai/airflow/dags/execute_python_pipeline.py
[2024-03-14T07:55:08.295+0530] {processor.py:840} INFO - DAG(s) 'python_pipeline_dag' retrieved from /home/kai/airflow/dags/execute_python_pipeline.py
[2024-03-14T07:55:08.310+0530] {logging_mixin.py:188} INFO - [2024-03-14T07:55:08.310+0530] {dag.py:3047} INFO - Sync 1 DAGs
[2024-03-14T07:55:08.326+0530] {logging_mixin.py:188} INFO - [2024-03-14T07:55:08.326+0530] {dag.py:3834} INFO - Setting next_dagrun for python_pipeline_dag to 2024-03-13 00:00:00+00:00, run_after=2024-03-14 00:00:00+00:00
[2024-03-14T07:55:08.363+0530] {processor.py:183} INFO - Processing /home/kai/airflow/dags/execute_python_pipeline.py took 0.473 seconds
[2024-03-14T07:55:38.488+0530] {processor.py:161} INFO - Started process (PID=308637) to work on /home/kai/airflow/dags/execute_python_pipeline.py
[2024-03-14T07:55:38.489+0530] {processor.py:830} INFO - Processing file /home/kai/airflow/dags/execute_python_pipeline.py for tasks to queue
[2024-03-14T07:55:38.490+0530] {logging_mixin.py:188} INFO - [2024-03-14T07:55:38.490+0530] {dagbag.py:540} INFO - Filling up the DagBag from /home/kai/airflow/dags/execute_python_pipeline.py
[2024-03-14T07:55:38.883+0530] {processor.py:840} INFO - DAG(s) 'python_pipeline_dag' retrieved from /home/kai/airflow/dags/execute_python_pipeline.py
[2024-03-14T07:55:38.898+0530] {logging_mixin.py:188} INFO - [2024-03-14T07:55:38.898+0530] {dag.py:3047} INFO - Sync 1 DAGs
[2024-03-14T07:55:38.912+0530] {logging_mixin.py:188} INFO - [2024-03-14T07:55:38.912+0530] {dag.py:3834} INFO - Setting next_dagrun for python_pipeline_dag to 2024-03-13 00:00:00+00:00, run_after=2024-03-14 00:00:00+00:00
[2024-03-14T07:55:38.944+0530] {processor.py:183} INFO - Processing /home/kai/airflow/dags/execute_python_pipeline.py took 0.459 seconds
[2024-03-14T07:56:09.054+0530] {processor.py:161} INFO - Started process (PID=308692) to work on /home/kai/airflow/dags/execute_python_pipeline.py
[2024-03-14T07:56:09.058+0530] {processor.py:830} INFO - Processing file /home/kai/airflow/dags/execute_python_pipeline.py for tasks to queue
[2024-03-14T07:56:09.059+0530] {logging_mixin.py:188} INFO - [2024-03-14T07:56:09.058+0530] {dagbag.py:540} INFO - Filling up the DagBag from /home/kai/airflow/dags/execute_python_pipeline.py
[2024-03-14T07:56:09.461+0530] {processor.py:840} INFO - DAG(s) 'python_pipeline_dag' retrieved from /home/kai/airflow/dags/execute_python_pipeline.py
[2024-03-14T07:56:09.476+0530] {logging_mixin.py:188} INFO - [2024-03-14T07:56:09.476+0530] {dag.py:3047} INFO - Sync 1 DAGs
[2024-03-14T07:56:09.491+0530] {logging_mixin.py:188} INFO - [2024-03-14T07:56:09.491+0530] {dag.py:3834} INFO - Setting next_dagrun for python_pipeline_dag to 2024-03-13 00:00:00+00:00, run_after=2024-03-14 00:00:00+00:00
[2024-03-14T07:56:09.527+0530] {processor.py:183} INFO - Processing /home/kai/airflow/dags/execute_python_pipeline.py took 0.477 seconds
[2024-03-14T07:56:40.484+0530] {processor.py:161} INFO - Started process (PID=308746) to work on /home/kai/airflow/dags/execute_python_pipeline.py
[2024-03-14T07:56:40.485+0530] {processor.py:830} INFO - Processing file /home/kai/airflow/dags/execute_python_pipeline.py for tasks to queue
[2024-03-14T07:56:40.486+0530] {logging_mixin.py:188} INFO - [2024-03-14T07:56:40.485+0530] {dagbag.py:540} INFO - Filling up the DagBag from /home/kai/airflow/dags/execute_python_pipeline.py
[2024-03-14T07:56:40.880+0530] {processor.py:840} INFO - DAG(s) 'python_pipeline_dag' retrieved from /home/kai/airflow/dags/execute_python_pipeline.py
[2024-03-14T07:56:40.896+0530] {logging_mixin.py:188} INFO - [2024-03-14T07:56:40.896+0530] {dag.py:3047} INFO - Sync 1 DAGs
[2024-03-14T07:56:40.912+0530] {logging_mixin.py:188} INFO - [2024-03-14T07:56:40.912+0530] {dag.py:3834} INFO - Setting next_dagrun for python_pipeline_dag to 2024-03-13 00:00:00+00:00, run_after=2024-03-14 00:00:00+00:00
[2024-03-14T07:56:40.946+0530] {processor.py:183} INFO - Processing /home/kai/airflow/dags/execute_python_pipeline.py took 0.465 seconds
[2024-03-14T07:57:11.215+0530] {processor.py:161} INFO - Started process (PID=308799) to work on /home/kai/airflow/dags/execute_python_pipeline.py
[2024-03-14T07:57:11.218+0530] {processor.py:830} INFO - Processing file /home/kai/airflow/dags/execute_python_pipeline.py for tasks to queue
[2024-03-14T07:57:11.220+0530] {logging_mixin.py:188} INFO - [2024-03-14T07:57:11.219+0530] {dagbag.py:540} INFO - Filling up the DagBag from /home/kai/airflow/dags/execute_python_pipeline.py
[2024-03-14T07:57:11.618+0530] {processor.py:840} INFO - DAG(s) 'python_pipeline_dag' retrieved from /home/kai/airflow/dags/execute_python_pipeline.py
[2024-03-14T07:57:11.633+0530] {logging_mixin.py:188} INFO - [2024-03-14T07:57:11.633+0530] {dag.py:3047} INFO - Sync 1 DAGs
[2024-03-14T07:57:11.649+0530] {logging_mixin.py:188} INFO - [2024-03-14T07:57:11.649+0530] {dag.py:3834} INFO - Setting next_dagrun for python_pipeline_dag to 2024-03-13 00:00:00+00:00, run_after=2024-03-14 00:00:00+00:00
[2024-03-14T07:57:11.682+0530] {processor.py:183} INFO - Processing /home/kai/airflow/dags/execute_python_pipeline.py took 0.470 seconds
[2024-03-14T07:57:42.026+0530] {processor.py:161} INFO - Started process (PID=308851) to work on /home/kai/airflow/dags/execute_python_pipeline.py
[2024-03-14T07:57:42.027+0530] {processor.py:830} INFO - Processing file /home/kai/airflow/dags/execute_python_pipeline.py for tasks to queue
[2024-03-14T07:57:42.028+0530] {logging_mixin.py:188} INFO - [2024-03-14T07:57:42.028+0530] {dagbag.py:540} INFO - Filling up the DagBag from /home/kai/airflow/dags/execute_python_pipeline.py
[2024-03-14T07:57:42.481+0530] {processor.py:840} INFO - DAG(s) 'python_pipeline_dag' retrieved from /home/kai/airflow/dags/execute_python_pipeline.py
[2024-03-14T07:57:42.499+0530] {logging_mixin.py:188} INFO - [2024-03-14T07:57:42.498+0530] {dag.py:3047} INFO - Sync 1 DAGs
[2024-03-14T07:57:42.517+0530] {logging_mixin.py:188} INFO - [2024-03-14T07:57:42.517+0530] {dag.py:3834} INFO - Setting next_dagrun for python_pipeline_dag to 2024-03-13 00:00:00+00:00, run_after=2024-03-14 00:00:00+00:00
[2024-03-14T07:57:42.555+0530] {processor.py:183} INFO - Processing /home/kai/airflow/dags/execute_python_pipeline.py took 0.536 seconds
[2024-03-14T07:58:13.025+0530] {processor.py:161} INFO - Started process (PID=308903) to work on /home/kai/airflow/dags/execute_python_pipeline.py
[2024-03-14T07:58:13.028+0530] {processor.py:830} INFO - Processing file /home/kai/airflow/dags/execute_python_pipeline.py for tasks to queue
[2024-03-14T07:58:13.030+0530] {logging_mixin.py:188} INFO - [2024-03-14T07:58:13.029+0530] {dagbag.py:540} INFO - Filling up the DagBag from /home/kai/airflow/dags/execute_python_pipeline.py
[2024-03-14T07:58:13.492+0530] {processor.py:840} INFO - DAG(s) 'python_pipeline_dag' retrieved from /home/kai/airflow/dags/execute_python_pipeline.py
[2024-03-14T07:58:13.509+0530] {logging_mixin.py:188} INFO - [2024-03-14T07:58:13.509+0530] {dag.py:3047} INFO - Sync 1 DAGs
[2024-03-14T07:58:13.526+0530] {logging_mixin.py:188} INFO - [2024-03-14T07:58:13.526+0530] {dag.py:3834} INFO - Setting next_dagrun for python_pipeline_dag to 2024-03-13 00:00:00+00:00, run_after=2024-03-14 00:00:00+00:00
[2024-03-14T07:58:13.561+0530] {processor.py:183} INFO - Processing /home/kai/airflow/dags/execute_python_pipeline.py took 0.540 seconds
[2024-03-14T07:58:43.649+0530] {processor.py:161} INFO - Started process (PID=308957) to work on /home/kai/airflow/dags/execute_python_pipeline.py
[2024-03-14T07:58:43.651+0530] {processor.py:830} INFO - Processing file /home/kai/airflow/dags/execute_python_pipeline.py for tasks to queue
[2024-03-14T07:58:43.651+0530] {logging_mixin.py:188} INFO - [2024-03-14T07:58:43.651+0530] {dagbag.py:540} INFO - Filling up the DagBag from /home/kai/airflow/dags/execute_python_pipeline.py
[2024-03-14T07:58:44.101+0530] {processor.py:840} INFO - DAG(s) 'python_pipeline_dag' retrieved from /home/kai/airflow/dags/execute_python_pipeline.py
[2024-03-14T07:58:44.118+0530] {logging_mixin.py:188} INFO - [2024-03-14T07:58:44.117+0530] {dag.py:3047} INFO - Sync 1 DAGs
[2024-03-14T07:58:44.136+0530] {logging_mixin.py:188} INFO - [2024-03-14T07:58:44.136+0530] {dag.py:3834} INFO - Setting next_dagrun for python_pipeline_dag to 2024-03-13 00:00:00+00:00, run_after=2024-03-14 00:00:00+00:00
[2024-03-14T07:58:44.170+0530] {processor.py:183} INFO - Processing /home/kai/airflow/dags/execute_python_pipeline.py took 0.525 seconds
[2024-03-14T07:59:14.460+0530] {processor.py:161} INFO - Started process (PID=309008) to work on /home/kai/airflow/dags/execute_python_pipeline.py
[2024-03-14T07:59:14.463+0530] {processor.py:830} INFO - Processing file /home/kai/airflow/dags/execute_python_pipeline.py for tasks to queue
[2024-03-14T07:59:14.464+0530] {logging_mixin.py:188} INFO - [2024-03-14T07:59:14.464+0530] {dagbag.py:540} INFO - Filling up the DagBag from /home/kai/airflow/dags/execute_python_pipeline.py
[2024-03-14T07:59:14.879+0530] {processor.py:840} INFO - DAG(s) 'python_pipeline_dag' retrieved from /home/kai/airflow/dags/execute_python_pipeline.py
[2024-03-14T07:59:14.899+0530] {logging_mixin.py:188} INFO - [2024-03-14T07:59:14.899+0530] {dag.py:3047} INFO - Sync 1 DAGs
[2024-03-14T07:59:14.916+0530] {logging_mixin.py:188} INFO - [2024-03-14T07:59:14.916+0530] {dag.py:3834} INFO - Setting next_dagrun for python_pipeline_dag to 2024-03-13 00:00:00+00:00, run_after=2024-03-14 00:00:00+00:00
[2024-03-14T07:59:14.963+0530] {processor.py:183} INFO - Processing /home/kai/airflow/dags/execute_python_pipeline.py took 0.506 seconds
[2024-03-14T07:59:45.304+0530] {processor.py:161} INFO - Started process (PID=309060) to work on /home/kai/airflow/dags/execute_python_pipeline.py
[2024-03-14T07:59:45.307+0530] {processor.py:830} INFO - Processing file /home/kai/airflow/dags/execute_python_pipeline.py for tasks to queue
[2024-03-14T07:59:45.308+0530] {logging_mixin.py:188} INFO - [2024-03-14T07:59:45.308+0530] {dagbag.py:540} INFO - Filling up the DagBag from /home/kai/airflow/dags/execute_python_pipeline.py
[2024-03-14T07:59:45.756+0530] {processor.py:840} INFO - DAG(s) 'python_pipeline_dag' retrieved from /home/kai/airflow/dags/execute_python_pipeline.py
[2024-03-14T07:59:45.773+0530] {logging_mixin.py:188} INFO - [2024-03-14T07:59:45.773+0530] {dag.py:3047} INFO - Sync 1 DAGs
[2024-03-14T07:59:45.790+0530] {logging_mixin.py:188} INFO - [2024-03-14T07:59:45.790+0530] {dag.py:3834} INFO - Setting next_dagrun for python_pipeline_dag to 2024-03-13 00:00:00+00:00, run_after=2024-03-14 00:00:00+00:00
[2024-03-14T07:59:45.845+0530] {processor.py:183} INFO - Processing /home/kai/airflow/dags/execute_python_pipeline.py took 0.545 seconds
[2024-03-14T08:00:16.818+0530] {processor.py:161} INFO - Started process (PID=309113) to work on /home/kai/airflow/dags/execute_python_pipeline.py
[2024-03-14T08:00:16.821+0530] {processor.py:830} INFO - Processing file /home/kai/airflow/dags/execute_python_pipeline.py for tasks to queue
[2024-03-14T08:00:16.822+0530] {logging_mixin.py:188} INFO - [2024-03-14T08:00:16.822+0530] {dagbag.py:540} INFO - Filling up the DagBag from /home/kai/airflow/dags/execute_python_pipeline.py
[2024-03-14T08:00:17.531+0530] {processor.py:840} INFO - DAG(s) 'python_pipeline_dag' retrieved from /home/kai/airflow/dags/execute_python_pipeline.py
[2024-03-14T08:00:17.555+0530] {logging_mixin.py:188} INFO - [2024-03-14T08:00:17.555+0530] {dag.py:3047} INFO - Sync 1 DAGs
[2024-03-14T08:00:17.580+0530] {logging_mixin.py:188} INFO - [2024-03-14T08:00:17.579+0530] {dag.py:3834} INFO - Setting next_dagrun for python_pipeline_dag to 2024-03-13 00:00:00+00:00, run_after=2024-03-14 00:00:00+00:00
[2024-03-14T08:00:17.646+0530] {processor.py:183} INFO - Processing /home/kai/airflow/dags/execute_python_pipeline.py took 0.834 seconds
[2024-03-14T08:00:47.953+0530] {processor.py:161} INFO - Started process (PID=309166) to work on /home/kai/airflow/dags/execute_python_pipeline.py
[2024-03-14T08:00:47.957+0530] {processor.py:830} INFO - Processing file /home/kai/airflow/dags/execute_python_pipeline.py for tasks to queue
[2024-03-14T08:00:47.959+0530] {logging_mixin.py:188} INFO - [2024-03-14T08:00:47.958+0530] {dagbag.py:540} INFO - Filling up the DagBag from /home/kai/airflow/dags/execute_python_pipeline.py
[2024-03-14T08:00:48.649+0530] {processor.py:840} INFO - DAG(s) 'python_pipeline_dag' retrieved from /home/kai/airflow/dags/execute_python_pipeline.py
[2024-03-14T08:00:48.683+0530] {logging_mixin.py:188} INFO - [2024-03-14T08:00:48.683+0530] {dag.py:3047} INFO - Sync 1 DAGs
[2024-03-14T08:00:48.720+0530] {logging_mixin.py:188} INFO - [2024-03-14T08:00:48.719+0530] {dag.py:3834} INFO - Setting next_dagrun for python_pipeline_dag to 2024-03-13 00:00:00+00:00, run_after=2024-03-14 00:00:00+00:00
[2024-03-14T08:00:48.757+0530] {processor.py:183} INFO - Processing /home/kai/airflow/dags/execute_python_pipeline.py took 0.813 seconds
[2024-03-14T08:01:19.371+0530] {processor.py:161} INFO - Started process (PID=309218) to work on /home/kai/airflow/dags/execute_python_pipeline.py
[2024-03-14T08:01:19.374+0530] {processor.py:830} INFO - Processing file /home/kai/airflow/dags/execute_python_pipeline.py for tasks to queue
[2024-03-14T08:01:19.375+0530] {logging_mixin.py:188} INFO - [2024-03-14T08:01:19.374+0530] {dagbag.py:540} INFO - Filling up the DagBag from /home/kai/airflow/dags/execute_python_pipeline.py
[2024-03-14T08:01:19.795+0530] {processor.py:840} INFO - DAG(s) 'python_pipeline_dag' retrieved from /home/kai/airflow/dags/execute_python_pipeline.py
[2024-03-14T08:01:19.814+0530] {logging_mixin.py:188} INFO - [2024-03-14T08:01:19.813+0530] {dag.py:3047} INFO - Sync 1 DAGs
[2024-03-14T08:01:19.836+0530] {logging_mixin.py:188} INFO - [2024-03-14T08:01:19.835+0530] {dag.py:3834} INFO - Setting next_dagrun for python_pipeline_dag to 2024-03-13 00:00:00+00:00, run_after=2024-03-14 00:00:00+00:00
[2024-03-14T08:01:19.882+0530] {processor.py:183} INFO - Processing /home/kai/airflow/dags/execute_python_pipeline.py took 0.514 seconds
[2024-03-14T08:01:50.557+0530] {processor.py:161} INFO - Started process (PID=309269) to work on /home/kai/airflow/dags/execute_python_pipeline.py
[2024-03-14T08:01:50.559+0530] {processor.py:830} INFO - Processing file /home/kai/airflow/dags/execute_python_pipeline.py for tasks to queue
[2024-03-14T08:01:50.560+0530] {logging_mixin.py:188} INFO - [2024-03-14T08:01:50.559+0530] {dagbag.py:540} INFO - Filling up the DagBag from /home/kai/airflow/dags/execute_python_pipeline.py
[2024-03-14T08:01:51.061+0530] {processor.py:840} INFO - DAG(s) 'python_pipeline_dag' retrieved from /home/kai/airflow/dags/execute_python_pipeline.py
[2024-03-14T08:01:51.078+0530] {logging_mixin.py:188} INFO - [2024-03-14T08:01:51.078+0530] {dag.py:3047} INFO - Sync 1 DAGs
[2024-03-14T08:01:51.095+0530] {logging_mixin.py:188} INFO - [2024-03-14T08:01:51.094+0530] {dag.py:3834} INFO - Setting next_dagrun for python_pipeline_dag to 2024-03-13 00:00:00+00:00, run_after=2024-03-14 00:00:00+00:00
[2024-03-14T08:01:51.127+0530] {processor.py:183} INFO - Processing /home/kai/airflow/dags/execute_python_pipeline.py took 0.577 seconds
[2024-03-14T08:02:21.704+0530] {processor.py:161} INFO - Started process (PID=309321) to work on /home/kai/airflow/dags/execute_python_pipeline.py
[2024-03-14T08:02:21.707+0530] {processor.py:830} INFO - Processing file /home/kai/airflow/dags/execute_python_pipeline.py for tasks to queue
[2024-03-14T08:02:21.709+0530] {logging_mixin.py:188} INFO - [2024-03-14T08:02:21.709+0530] {dagbag.py:540} INFO - Filling up the DagBag from /home/kai/airflow/dags/execute_python_pipeline.py
[2024-03-14T08:02:22.149+0530] {processor.py:840} INFO - DAG(s) 'python_pipeline_dag' retrieved from /home/kai/airflow/dags/execute_python_pipeline.py
[2024-03-14T08:02:22.165+0530] {logging_mixin.py:188} INFO - [2024-03-14T08:02:22.165+0530] {dag.py:3047} INFO - Sync 1 DAGs
[2024-03-14T08:02:22.180+0530] {logging_mixin.py:188} INFO - [2024-03-14T08:02:22.180+0530] {dag.py:3834} INFO - Setting next_dagrun for python_pipeline_dag to 2024-03-13 00:00:00+00:00, run_after=2024-03-14 00:00:00+00:00
[2024-03-14T08:02:22.231+0530] {processor.py:183} INFO - Processing /home/kai/airflow/dags/execute_python_pipeline.py took 0.531 seconds
[2024-03-14T08:02:52.717+0530] {processor.py:161} INFO - Started process (PID=309372) to work on /home/kai/airflow/dags/execute_python_pipeline.py
[2024-03-14T08:02:52.721+0530] {processor.py:830} INFO - Processing file /home/kai/airflow/dags/execute_python_pipeline.py for tasks to queue
[2024-03-14T08:02:52.722+0530] {logging_mixin.py:188} INFO - [2024-03-14T08:02:52.721+0530] {dagbag.py:540} INFO - Filling up the DagBag from /home/kai/airflow/dags/execute_python_pipeline.py
[2024-03-14T08:02:53.143+0530] {processor.py:840} INFO - DAG(s) 'python_pipeline_dag' retrieved from /home/kai/airflow/dags/execute_python_pipeline.py
[2024-03-14T08:02:53.160+0530] {logging_mixin.py:188} INFO - [2024-03-14T08:02:53.160+0530] {dag.py:3047} INFO - Sync 1 DAGs
[2024-03-14T08:02:53.177+0530] {logging_mixin.py:188} INFO - [2024-03-14T08:02:53.177+0530] {dag.py:3834} INFO - Setting next_dagrun for python_pipeline_dag to 2024-03-13 00:00:00+00:00, run_after=2024-03-14 00:00:00+00:00
[2024-03-14T08:02:53.212+0530] {processor.py:183} INFO - Processing /home/kai/airflow/dags/execute_python_pipeline.py took 0.498 seconds
[2024-03-14T08:03:23.747+0530] {processor.py:161} INFO - Started process (PID=309426) to work on /home/kai/airflow/dags/execute_python_pipeline.py
[2024-03-14T08:03:23.749+0530] {processor.py:830} INFO - Processing file /home/kai/airflow/dags/execute_python_pipeline.py for tasks to queue
[2024-03-14T08:03:23.751+0530] {logging_mixin.py:188} INFO - [2024-03-14T08:03:23.750+0530] {dagbag.py:540} INFO - Filling up the DagBag from /home/kai/airflow/dags/execute_python_pipeline.py
[2024-03-14T08:03:24.232+0530] {processor.py:840} INFO - DAG(s) 'python_pipeline_dag' retrieved from /home/kai/airflow/dags/execute_python_pipeline.py
[2024-03-14T08:03:24.249+0530] {logging_mixin.py:188} INFO - [2024-03-14T08:03:24.248+0530] {dag.py:3047} INFO - Sync 1 DAGs
[2024-03-14T08:03:24.264+0530] {logging_mixin.py:188} INFO - [2024-03-14T08:03:24.264+0530] {dag.py:3834} INFO - Setting next_dagrun for python_pipeline_dag to 2024-03-13 00:00:00+00:00, run_after=2024-03-14 00:00:00+00:00
[2024-03-14T08:03:24.297+0530] {processor.py:183} INFO - Processing /home/kai/airflow/dags/execute_python_pipeline.py took 0.555 seconds
[2024-03-14T08:03:54.932+0530] {processor.py:161} INFO - Started process (PID=309477) to work on /home/kai/airflow/dags/execute_python_pipeline.py
[2024-03-14T08:03:54.935+0530] {processor.py:830} INFO - Processing file /home/kai/airflow/dags/execute_python_pipeline.py for tasks to queue
[2024-03-14T08:03:54.936+0530] {logging_mixin.py:188} INFO - [2024-03-14T08:03:54.936+0530] {dagbag.py:540} INFO - Filling up the DagBag from /home/kai/airflow/dags/execute_python_pipeline.py
[2024-03-14T08:03:55.335+0530] {processor.py:840} INFO - DAG(s) 'python_pipeline_dag' retrieved from /home/kai/airflow/dags/execute_python_pipeline.py
[2024-03-14T08:03:55.350+0530] {logging_mixin.py:188} INFO - [2024-03-14T08:03:55.349+0530] {dag.py:3047} INFO - Sync 1 DAGs
[2024-03-14T08:03:55.364+0530] {logging_mixin.py:188} INFO - [2024-03-14T08:03:55.364+0530] {dag.py:3834} INFO - Setting next_dagrun for python_pipeline_dag to 2024-03-13 00:00:00+00:00, run_after=2024-03-14 00:00:00+00:00
[2024-03-14T08:03:55.407+0530] {processor.py:183} INFO - Processing /home/kai/airflow/dags/execute_python_pipeline.py took 0.478 seconds
[2024-03-14T08:04:25.804+0530] {processor.py:161} INFO - Started process (PID=309529) to work on /home/kai/airflow/dags/execute_python_pipeline.py
[2024-03-14T08:04:25.806+0530] {processor.py:830} INFO - Processing file /home/kai/airflow/dags/execute_python_pipeline.py for tasks to queue
[2024-03-14T08:04:25.807+0530] {logging_mixin.py:188} INFO - [2024-03-14T08:04:25.807+0530] {dagbag.py:540} INFO - Filling up the DagBag from /home/kai/airflow/dags/execute_python_pipeline.py
[2024-03-14T08:04:26.202+0530] {processor.py:840} INFO - DAG(s) 'python_pipeline_dag' retrieved from /home/kai/airflow/dags/execute_python_pipeline.py
[2024-03-14T08:04:26.218+0530] {logging_mixin.py:188} INFO - [2024-03-14T08:04:26.218+0530] {dag.py:3047} INFO - Sync 1 DAGs
[2024-03-14T08:04:26.233+0530] {logging_mixin.py:188} INFO - [2024-03-14T08:04:26.233+0530] {dag.py:3834} INFO - Setting next_dagrun for python_pipeline_dag to 2024-03-13 00:00:00+00:00, run_after=2024-03-14 00:00:00+00:00
[2024-03-14T08:04:26.273+0530] {processor.py:183} INFO - Processing /home/kai/airflow/dags/execute_python_pipeline.py took 0.473 seconds
[2024-03-14T08:04:56.616+0530] {processor.py:161} INFO - Started process (PID=309581) to work on /home/kai/airflow/dags/execute_python_pipeline.py
[2024-03-14T08:04:56.619+0530] {processor.py:830} INFO - Processing file /home/kai/airflow/dags/execute_python_pipeline.py for tasks to queue
[2024-03-14T08:04:56.620+0530] {logging_mixin.py:188} INFO - [2024-03-14T08:04:56.620+0530] {dagbag.py:540} INFO - Filling up the DagBag from /home/kai/airflow/dags/execute_python_pipeline.py
[2024-03-14T08:04:57.020+0530] {processor.py:840} INFO - DAG(s) 'python_pipeline_dag' retrieved from /home/kai/airflow/dags/execute_python_pipeline.py
[2024-03-14T08:04:57.036+0530] {logging_mixin.py:188} INFO - [2024-03-14T08:04:57.036+0530] {dag.py:3047} INFO - Sync 1 DAGs
[2024-03-14T08:04:57.052+0530] {logging_mixin.py:188} INFO - [2024-03-14T08:04:57.052+0530] {dag.py:3834} INFO - Setting next_dagrun for python_pipeline_dag to 2024-03-13 00:00:00+00:00, run_after=2024-03-14 00:00:00+00:00
[2024-03-14T08:04:57.088+0530] {processor.py:183} INFO - Processing /home/kai/airflow/dags/execute_python_pipeline.py took 0.475 seconds
[2024-03-14T08:05:27.471+0530] {processor.py:161} INFO - Started process (PID=309637) to work on /home/kai/airflow/dags/execute_python_pipeline.py
[2024-03-14T08:05:27.474+0530] {processor.py:830} INFO - Processing file /home/kai/airflow/dags/execute_python_pipeline.py for tasks to queue
[2024-03-14T08:05:27.475+0530] {logging_mixin.py:188} INFO - [2024-03-14T08:05:27.474+0530] {dagbag.py:540} INFO - Filling up the DagBag from /home/kai/airflow/dags/execute_python_pipeline.py
[2024-03-14T08:05:27.877+0530] {processor.py:840} INFO - DAG(s) 'python_pipeline_dag' retrieved from /home/kai/airflow/dags/execute_python_pipeline.py
[2024-03-14T08:05:27.893+0530] {logging_mixin.py:188} INFO - [2024-03-14T08:05:27.892+0530] {dag.py:3047} INFO - Sync 1 DAGs
[2024-03-14T08:05:27.907+0530] {logging_mixin.py:188} INFO - [2024-03-14T08:05:27.907+0530] {dag.py:3834} INFO - Setting next_dagrun for python_pipeline_dag to 2024-03-13 00:00:00+00:00, run_after=2024-03-14 00:00:00+00:00
[2024-03-14T08:05:27.942+0530] {processor.py:183} INFO - Processing /home/kai/airflow/dags/execute_python_pipeline.py took 0.474 seconds
[2024-03-14T08:05:58.503+0530] {processor.py:161} INFO - Started process (PID=309689) to work on /home/kai/airflow/dags/execute_python_pipeline.py
[2024-03-14T08:05:58.506+0530] {processor.py:830} INFO - Processing file /home/kai/airflow/dags/execute_python_pipeline.py for tasks to queue
[2024-03-14T08:05:58.507+0530] {logging_mixin.py:188} INFO - [2024-03-14T08:05:58.507+0530] {dagbag.py:540} INFO - Filling up the DagBag from /home/kai/airflow/dags/execute_python_pipeline.py
[2024-03-14T08:05:58.971+0530] {processor.py:840} INFO - DAG(s) 'python_pipeline_dag' retrieved from /home/kai/airflow/dags/execute_python_pipeline.py
[2024-03-14T08:05:59.000+0530] {logging_mixin.py:188} INFO - [2024-03-14T08:05:59.000+0530] {dag.py:3047} INFO - Sync 1 DAGs
[2024-03-14T08:05:59.029+0530] {logging_mixin.py:188} INFO - [2024-03-14T08:05:59.028+0530] {dag.py:3834} INFO - Setting next_dagrun for python_pipeline_dag to 2024-03-13 00:00:00+00:00, run_after=2024-03-14 00:00:00+00:00
[2024-03-14T08:05:59.074+0530] {processor.py:183} INFO - Processing /home/kai/airflow/dags/execute_python_pipeline.py took 0.576 seconds
[2024-03-14T08:06:29.544+0530] {processor.py:161} INFO - Started process (PID=309740) to work on /home/kai/airflow/dags/execute_python_pipeline.py
[2024-03-14T08:06:29.547+0530] {processor.py:830} INFO - Processing file /home/kai/airflow/dags/execute_python_pipeline.py for tasks to queue
[2024-03-14T08:06:29.548+0530] {logging_mixin.py:188} INFO - [2024-03-14T08:06:29.548+0530] {dagbag.py:540} INFO - Filling up the DagBag from /home/kai/airflow/dags/execute_python_pipeline.py
[2024-03-14T08:06:29.944+0530] {processor.py:840} INFO - DAG(s) 'python_pipeline_dag' retrieved from /home/kai/airflow/dags/execute_python_pipeline.py
[2024-03-14T08:06:29.960+0530] {logging_mixin.py:188} INFO - [2024-03-14T08:06:29.960+0530] {dag.py:3047} INFO - Sync 1 DAGs
[2024-03-14T08:06:29.976+0530] {logging_mixin.py:188} INFO - [2024-03-14T08:06:29.976+0530] {dag.py:3834} INFO - Setting next_dagrun for python_pipeline_dag to 2024-03-13 00:00:00+00:00, run_after=2024-03-14 00:00:00+00:00
[2024-03-14T08:06:30.013+0530] {processor.py:183} INFO - Processing /home/kai/airflow/dags/execute_python_pipeline.py took 0.472 seconds
[2024-03-14T08:07:00.522+0530] {processor.py:161} INFO - Started process (PID=309792) to work on /home/kai/airflow/dags/execute_python_pipeline.py
[2024-03-14T08:07:00.525+0530] {processor.py:830} INFO - Processing file /home/kai/airflow/dags/execute_python_pipeline.py for tasks to queue
[2024-03-14T08:07:00.526+0530] {logging_mixin.py:188} INFO - [2024-03-14T08:07:00.525+0530] {dagbag.py:540} INFO - Filling up the DagBag from /home/kai/airflow/dags/execute_python_pipeline.py
[2024-03-14T08:07:00.938+0530] {processor.py:840} INFO - DAG(s) 'python_pipeline_dag' retrieved from /home/kai/airflow/dags/execute_python_pipeline.py
[2024-03-14T08:07:00.955+0530] {logging_mixin.py:188} INFO - [2024-03-14T08:07:00.955+0530] {dag.py:3047} INFO - Sync 1 DAGs
[2024-03-14T08:07:00.971+0530] {logging_mixin.py:188} INFO - [2024-03-14T08:07:00.971+0530] {dag.py:3834} INFO - Setting next_dagrun for python_pipeline_dag to 2024-03-13 00:00:00+00:00, run_after=2024-03-14 00:00:00+00:00
[2024-03-14T08:07:01.005+0530] {processor.py:183} INFO - Processing /home/kai/airflow/dags/execute_python_pipeline.py took 0.486 seconds
[2024-03-14T08:07:31.167+0530] {processor.py:161} INFO - Started process (PID=309843) to work on /home/kai/airflow/dags/execute_python_pipeline.py
[2024-03-14T08:07:31.170+0530] {processor.py:830} INFO - Processing file /home/kai/airflow/dags/execute_python_pipeline.py for tasks to queue
[2024-03-14T08:07:31.171+0530] {logging_mixin.py:188} INFO - [2024-03-14T08:07:31.170+0530] {dagbag.py:540} INFO - Filling up the DagBag from /home/kai/airflow/dags/execute_python_pipeline.py
[2024-03-14T08:07:31.579+0530] {processor.py:840} INFO - DAG(s) 'python_pipeline_dag' retrieved from /home/kai/airflow/dags/execute_python_pipeline.py
[2024-03-14T08:07:31.595+0530] {logging_mixin.py:188} INFO - [2024-03-14T08:07:31.595+0530] {dag.py:3047} INFO - Sync 1 DAGs
[2024-03-14T08:07:31.611+0530] {logging_mixin.py:188} INFO - [2024-03-14T08:07:31.610+0530] {dag.py:3834} INFO - Setting next_dagrun for python_pipeline_dag to 2024-03-13 00:00:00+00:00, run_after=2024-03-14 00:00:00+00:00
[2024-03-14T08:07:31.652+0530] {processor.py:183} INFO - Processing /home/kai/airflow/dags/execute_python_pipeline.py took 0.488 seconds
[2024-03-14T08:08:02.041+0530] {processor.py:161} INFO - Started process (PID=309897) to work on /home/kai/airflow/dags/execute_python_pipeline.py
[2024-03-14T08:08:02.044+0530] {processor.py:830} INFO - Processing file /home/kai/airflow/dags/execute_python_pipeline.py for tasks to queue
[2024-03-14T08:08:02.045+0530] {logging_mixin.py:188} INFO - [2024-03-14T08:08:02.045+0530] {dagbag.py:540} INFO - Filling up the DagBag from /home/kai/airflow/dags/execute_python_pipeline.py
[2024-03-14T08:08:02.455+0530] {processor.py:840} INFO - DAG(s) 'python_pipeline_dag' retrieved from /home/kai/airflow/dags/execute_python_pipeline.py
[2024-03-14T08:08:02.469+0530] {logging_mixin.py:188} INFO - [2024-03-14T08:08:02.469+0530] {dag.py:3047} INFO - Sync 1 DAGs
[2024-03-14T08:08:02.484+0530] {logging_mixin.py:188} INFO - [2024-03-14T08:08:02.484+0530] {dag.py:3834} INFO - Setting next_dagrun for python_pipeline_dag to 2024-03-13 00:00:00+00:00, run_after=2024-03-14 00:00:00+00:00
[2024-03-14T08:08:02.522+0530] {processor.py:183} INFO - Processing /home/kai/airflow/dags/execute_python_pipeline.py took 0.483 seconds
[2024-03-14T08:08:32.747+0530] {processor.py:161} INFO - Started process (PID=309948) to work on /home/kai/airflow/dags/execute_python_pipeline.py
[2024-03-14T08:08:32.750+0530] {processor.py:830} INFO - Processing file /home/kai/airflow/dags/execute_python_pipeline.py for tasks to queue
[2024-03-14T08:08:32.751+0530] {logging_mixin.py:188} INFO - [2024-03-14T08:08:32.751+0530] {dagbag.py:540} INFO - Filling up the DagBag from /home/kai/airflow/dags/execute_python_pipeline.py
[2024-03-14T08:08:33.154+0530] {processor.py:840} INFO - DAG(s) 'python_pipeline_dag' retrieved from /home/kai/airflow/dags/execute_python_pipeline.py
[2024-03-14T08:08:33.169+0530] {logging_mixin.py:188} INFO - [2024-03-14T08:08:33.169+0530] {dag.py:3047} INFO - Sync 1 DAGs
[2024-03-14T08:08:33.185+0530] {logging_mixin.py:188} INFO - [2024-03-14T08:08:33.185+0530] {dag.py:3834} INFO - Setting next_dagrun for python_pipeline_dag to 2024-03-13 00:00:00+00:00, run_after=2024-03-14 00:00:00+00:00
[2024-03-14T08:08:33.218+0530] {processor.py:183} INFO - Processing /home/kai/airflow/dags/execute_python_pipeline.py took 0.475 seconds
[2024-03-14T08:09:03.648+0530] {processor.py:161} INFO - Started process (PID=310000) to work on /home/kai/airflow/dags/execute_python_pipeline.py
[2024-03-14T08:09:03.651+0530] {processor.py:830} INFO - Processing file /home/kai/airflow/dags/execute_python_pipeline.py for tasks to queue
[2024-03-14T08:09:03.652+0530] {logging_mixin.py:188} INFO - [2024-03-14T08:09:03.652+0530] {dagbag.py:540} INFO - Filling up the DagBag from /home/kai/airflow/dags/execute_python_pipeline.py
[2024-03-14T08:09:04.071+0530] {processor.py:840} INFO - DAG(s) 'python_pipeline_dag' retrieved from /home/kai/airflow/dags/execute_python_pipeline.py
[2024-03-14T08:09:04.087+0530] {logging_mixin.py:188} INFO - [2024-03-14T08:09:04.087+0530] {dag.py:3047} INFO - Sync 1 DAGs
[2024-03-14T08:09:04.102+0530] {logging_mixin.py:188} INFO - [2024-03-14T08:09:04.102+0530] {dag.py:3834} INFO - Setting next_dagrun for python_pipeline_dag to 2024-03-13 00:00:00+00:00, run_after=2024-03-14 00:00:00+00:00
[2024-03-14T08:09:04.142+0530] {processor.py:183} INFO - Processing /home/kai/airflow/dags/execute_python_pipeline.py took 0.497 seconds
[2024-03-14T08:09:34.682+0530] {processor.py:161} INFO - Started process (PID=310051) to work on /home/kai/airflow/dags/execute_python_pipeline.py
[2024-03-14T08:09:34.684+0530] {processor.py:830} INFO - Processing file /home/kai/airflow/dags/execute_python_pipeline.py for tasks to queue
[2024-03-14T08:09:34.685+0530] {logging_mixin.py:188} INFO - [2024-03-14T08:09:34.685+0530] {dagbag.py:540} INFO - Filling up the DagBag from /home/kai/airflow/dags/execute_python_pipeline.py
[2024-03-14T08:09:35.101+0530] {processor.py:840} INFO - DAG(s) 'python_pipeline_dag' retrieved from /home/kai/airflow/dags/execute_python_pipeline.py
[2024-03-14T08:09:35.119+0530] {logging_mixin.py:188} INFO - [2024-03-14T08:09:35.118+0530] {dag.py:3047} INFO - Sync 1 DAGs
[2024-03-14T08:09:35.139+0530] {logging_mixin.py:188} INFO - [2024-03-14T08:09:35.139+0530] {dag.py:3834} INFO - Setting next_dagrun for python_pipeline_dag to 2024-03-13 00:00:00+00:00, run_after=2024-03-14 00:00:00+00:00
[2024-03-14T08:09:35.179+0530] {processor.py:183} INFO - Processing /home/kai/airflow/dags/execute_python_pipeline.py took 0.502 seconds
[2024-03-14T08:10:05.877+0530] {processor.py:161} INFO - Started process (PID=310106) to work on /home/kai/airflow/dags/execute_python_pipeline.py
[2024-03-14T08:10:05.879+0530] {processor.py:830} INFO - Processing file /home/kai/airflow/dags/execute_python_pipeline.py for tasks to queue
[2024-03-14T08:10:05.880+0530] {logging_mixin.py:188} INFO - [2024-03-14T08:10:05.880+0530] {dagbag.py:540} INFO - Filling up the DagBag from /home/kai/airflow/dags/execute_python_pipeline.py
[2024-03-14T08:10:06.298+0530] {processor.py:840} INFO - DAG(s) 'python_pipeline_dag' retrieved from /home/kai/airflow/dags/execute_python_pipeline.py
[2024-03-14T08:10:06.315+0530] {logging_mixin.py:188} INFO - [2024-03-14T08:10:06.315+0530] {dag.py:3047} INFO - Sync 1 DAGs
[2024-03-14T08:10:06.334+0530] {logging_mixin.py:188} INFO - [2024-03-14T08:10:06.334+0530] {dag.py:3834} INFO - Setting next_dagrun for python_pipeline_dag to 2024-03-13 00:00:00+00:00, run_after=2024-03-14 00:00:00+00:00
[2024-03-14T08:10:06.374+0530] {processor.py:183} INFO - Processing /home/kai/airflow/dags/execute_python_pipeline.py took 0.502 seconds
[2024-03-14T08:10:36.866+0530] {processor.py:161} INFO - Started process (PID=310158) to work on /home/kai/airflow/dags/execute_python_pipeline.py
[2024-03-14T08:10:36.870+0530] {processor.py:830} INFO - Processing file /home/kai/airflow/dags/execute_python_pipeline.py for tasks to queue
[2024-03-14T08:10:36.872+0530] {logging_mixin.py:188} INFO - [2024-03-14T08:10:36.871+0530] {dagbag.py:540} INFO - Filling up the DagBag from /home/kai/airflow/dags/execute_python_pipeline.py
[2024-03-14T08:10:37.582+0530] {processor.py:840} INFO - DAG(s) 'python_pipeline_dag' retrieved from /home/kai/airflow/dags/execute_python_pipeline.py
[2024-03-14T08:10:37.601+0530] {logging_mixin.py:188} INFO - [2024-03-14T08:10:37.601+0530] {dag.py:3047} INFO - Sync 1 DAGs
[2024-03-14T08:10:37.630+0530] {logging_mixin.py:188} INFO - [2024-03-14T08:10:37.630+0530] {dag.py:3834} INFO - Setting next_dagrun for python_pipeline_dag to 2024-03-13 00:00:00+00:00, run_after=2024-03-14 00:00:00+00:00
[2024-03-14T08:10:37.666+0530] {processor.py:183} INFO - Processing /home/kai/airflow/dags/execute_python_pipeline.py took 0.807 seconds
[2024-03-14T08:11:07.964+0530] {processor.py:161} INFO - Started process (PID=310211) to work on /home/kai/airflow/dags/execute_python_pipeline.py
[2024-03-14T08:11:07.966+0530] {processor.py:830} INFO - Processing file /home/kai/airflow/dags/execute_python_pipeline.py for tasks to queue
[2024-03-14T08:11:07.967+0530] {logging_mixin.py:188} INFO - [2024-03-14T08:11:07.967+0530] {dagbag.py:540} INFO - Filling up the DagBag from /home/kai/airflow/dags/execute_python_pipeline.py
[2024-03-14T08:11:08.412+0530] {processor.py:840} INFO - DAG(s) 'python_pipeline_dag' retrieved from /home/kai/airflow/dags/execute_python_pipeline.py
[2024-03-14T08:11:08.430+0530] {logging_mixin.py:188} INFO - [2024-03-14T08:11:08.429+0530] {dag.py:3047} INFO - Sync 1 DAGs
[2024-03-14T08:11:08.446+0530] {logging_mixin.py:188} INFO - [2024-03-14T08:11:08.446+0530] {dag.py:3834} INFO - Setting next_dagrun for python_pipeline_dag to 2024-03-13 00:00:00+00:00, run_after=2024-03-14 00:00:00+00:00
[2024-03-14T08:11:08.493+0530] {processor.py:183} INFO - Processing /home/kai/airflow/dags/execute_python_pipeline.py took 0.534 seconds
[2024-03-14T08:11:38.643+0530] {processor.py:161} INFO - Started process (PID=310263) to work on /home/kai/airflow/dags/execute_python_pipeline.py
[2024-03-14T08:11:38.647+0530] {processor.py:830} INFO - Processing file /home/kai/airflow/dags/execute_python_pipeline.py for tasks to queue
[2024-03-14T08:11:38.649+0530] {logging_mixin.py:188} INFO - [2024-03-14T08:11:38.648+0530] {dagbag.py:540} INFO - Filling up the DagBag from /home/kai/airflow/dags/execute_python_pipeline.py
[2024-03-14T08:11:39.061+0530] {processor.py:840} INFO - DAG(s) 'python_pipeline_dag' retrieved from /home/kai/airflow/dags/execute_python_pipeline.py
[2024-03-14T08:11:39.078+0530] {logging_mixin.py:188} INFO - [2024-03-14T08:11:39.078+0530] {dag.py:3047} INFO - Sync 1 DAGs
[2024-03-14T08:11:39.093+0530] {logging_mixin.py:188} INFO - [2024-03-14T08:11:39.093+0530] {dag.py:3834} INFO - Setting next_dagrun for python_pipeline_dag to 2024-03-13 00:00:00+00:00, run_after=2024-03-14 00:00:00+00:00
[2024-03-14T08:11:39.130+0530] {processor.py:183} INFO - Processing /home/kai/airflow/dags/execute_python_pipeline.py took 0.493 seconds
[2024-03-14T08:12:09.434+0530] {processor.py:161} INFO - Started process (PID=310314) to work on /home/kai/airflow/dags/execute_python_pipeline.py
[2024-03-14T08:12:09.437+0530] {processor.py:830} INFO - Processing file /home/kai/airflow/dags/execute_python_pipeline.py for tasks to queue
[2024-03-14T08:12:09.438+0530] {logging_mixin.py:188} INFO - [2024-03-14T08:12:09.438+0530] {dagbag.py:540} INFO - Filling up the DagBag from /home/kai/airflow/dags/execute_python_pipeline.py
[2024-03-14T08:12:09.847+0530] {processor.py:840} INFO - DAG(s) 'python_pipeline_dag' retrieved from /home/kai/airflow/dags/execute_python_pipeline.py
[2024-03-14T08:12:09.863+0530] {logging_mixin.py:188} INFO - [2024-03-14T08:12:09.863+0530] {dag.py:3047} INFO - Sync 1 DAGs
[2024-03-14T08:12:09.879+0530] {logging_mixin.py:188} INFO - [2024-03-14T08:12:09.879+0530] {dag.py:3834} INFO - Setting next_dagrun for python_pipeline_dag to 2024-03-13 00:00:00+00:00, run_after=2024-03-14 00:00:00+00:00
[2024-03-14T08:12:09.918+0530] {processor.py:183} INFO - Processing /home/kai/airflow/dags/execute_python_pipeline.py took 0.488 seconds
[2024-03-14T08:12:40.345+0530] {processor.py:161} INFO - Started process (PID=310366) to work on /home/kai/airflow/dags/execute_python_pipeline.py
[2024-03-14T08:12:40.349+0530] {processor.py:830} INFO - Processing file /home/kai/airflow/dags/execute_python_pipeline.py for tasks to queue
[2024-03-14T08:12:40.350+0530] {logging_mixin.py:188} INFO - [2024-03-14T08:12:40.350+0530] {dagbag.py:540} INFO - Filling up the DagBag from /home/kai/airflow/dags/execute_python_pipeline.py
[2024-03-14T08:12:40.798+0530] {processor.py:840} INFO - DAG(s) 'python_pipeline_dag' retrieved from /home/kai/airflow/dags/execute_python_pipeline.py
[2024-03-14T08:12:40.819+0530] {logging_mixin.py:188} INFO - [2024-03-14T08:12:40.819+0530] {dag.py:3047} INFO - Sync 1 DAGs
[2024-03-14T08:12:40.837+0530] {logging_mixin.py:188} INFO - [2024-03-14T08:12:40.837+0530] {dag.py:3834} INFO - Setting next_dagrun for python_pipeline_dag to 2024-03-13 00:00:00+00:00, run_after=2024-03-14 00:00:00+00:00
[2024-03-14T08:12:40.883+0530] {processor.py:183} INFO - Processing /home/kai/airflow/dags/execute_python_pipeline.py took 0.543 seconds
[2024-03-14T08:13:11.225+0530] {processor.py:161} INFO - Started process (PID=310419) to work on /home/kai/airflow/dags/execute_python_pipeline.py
[2024-03-14T08:13:11.233+0530] {processor.py:830} INFO - Processing file /home/kai/airflow/dags/execute_python_pipeline.py for tasks to queue
[2024-03-14T08:13:11.238+0530] {logging_mixin.py:188} INFO - [2024-03-14T08:13:11.236+0530] {dagbag.py:540} INFO - Filling up the DagBag from /home/kai/airflow/dags/execute_python_pipeline.py
[2024-03-14T08:13:11.681+0530] {processor.py:840} INFO - DAG(s) 'python_pipeline_dag' retrieved from /home/kai/airflow/dags/execute_python_pipeline.py
[2024-03-14T08:13:11.697+0530] {logging_mixin.py:188} INFO - [2024-03-14T08:13:11.697+0530] {dag.py:3047} INFO - Sync 1 DAGs
[2024-03-14T08:13:11.711+0530] {logging_mixin.py:188} INFO - [2024-03-14T08:13:11.711+0530] {dag.py:3834} INFO - Setting next_dagrun for python_pipeline_dag to 2024-03-13 00:00:00+00:00, run_after=2024-03-14 00:00:00+00:00
[2024-03-14T08:13:11.750+0530] {processor.py:183} INFO - Processing /home/kai/airflow/dags/execute_python_pipeline.py took 0.529 seconds
[2024-03-14T08:13:41.968+0530] {processor.py:161} INFO - Started process (PID=310471) to work on /home/kai/airflow/dags/execute_python_pipeline.py
[2024-03-14T08:13:41.971+0530] {processor.py:830} INFO - Processing file /home/kai/airflow/dags/execute_python_pipeline.py for tasks to queue
[2024-03-14T08:13:41.972+0530] {logging_mixin.py:188} INFO - [2024-03-14T08:13:41.971+0530] {dagbag.py:540} INFO - Filling up the DagBag from /home/kai/airflow/dags/execute_python_pipeline.py
[2024-03-14T08:13:42.372+0530] {processor.py:840} INFO - DAG(s) 'python_pipeline_dag' retrieved from /home/kai/airflow/dags/execute_python_pipeline.py
[2024-03-14T08:13:42.387+0530] {logging_mixin.py:188} INFO - [2024-03-14T08:13:42.386+0530] {dag.py:3047} INFO - Sync 1 DAGs
[2024-03-14T08:13:42.401+0530] {logging_mixin.py:188} INFO - [2024-03-14T08:13:42.401+0530] {dag.py:3834} INFO - Setting next_dagrun for python_pipeline_dag to 2024-03-13 00:00:00+00:00, run_after=2024-03-14 00:00:00+00:00
[2024-03-14T08:13:42.448+0530] {processor.py:183} INFO - Processing /home/kai/airflow/dags/execute_python_pipeline.py took 0.483 seconds
[2024-03-14T08:14:12.582+0530] {processor.py:161} INFO - Started process (PID=310522) to work on /home/kai/airflow/dags/execute_python_pipeline.py
[2024-03-14T08:14:12.584+0530] {processor.py:830} INFO - Processing file /home/kai/airflow/dags/execute_python_pipeline.py for tasks to queue
[2024-03-14T08:14:12.585+0530] {logging_mixin.py:188} INFO - [2024-03-14T08:14:12.584+0530] {dagbag.py:540} INFO - Filling up the DagBag from /home/kai/airflow/dags/execute_python_pipeline.py
[2024-03-14T08:14:12.989+0530] {processor.py:840} INFO - DAG(s) 'python_pipeline_dag' retrieved from /home/kai/airflow/dags/execute_python_pipeline.py
[2024-03-14T08:14:13.004+0530] {logging_mixin.py:188} INFO - [2024-03-14T08:14:13.003+0530] {dag.py:3047} INFO - Sync 1 DAGs
[2024-03-14T08:14:13.018+0530] {logging_mixin.py:188} INFO - [2024-03-14T08:14:13.018+0530] {dag.py:3834} INFO - Setting next_dagrun for python_pipeline_dag to 2024-03-13 00:00:00+00:00, run_after=2024-03-14 00:00:00+00:00
[2024-03-14T08:14:13.067+0530] {processor.py:183} INFO - Processing /home/kai/airflow/dags/execute_python_pipeline.py took 0.489 seconds
[2024-03-14T08:14:43.291+0530] {processor.py:161} INFO - Started process (PID=310574) to work on /home/kai/airflow/dags/execute_python_pipeline.py
[2024-03-14T08:14:43.294+0530] {processor.py:830} INFO - Processing file /home/kai/airflow/dags/execute_python_pipeline.py for tasks to queue
[2024-03-14T08:14:43.295+0530] {logging_mixin.py:188} INFO - [2024-03-14T08:14:43.295+0530] {dagbag.py:540} INFO - Filling up the DagBag from /home/kai/airflow/dags/execute_python_pipeline.py
[2024-03-14T08:14:43.691+0530] {processor.py:840} INFO - DAG(s) 'python_pipeline_dag' retrieved from /home/kai/airflow/dags/execute_python_pipeline.py
[2024-03-14T08:14:43.706+0530] {logging_mixin.py:188} INFO - [2024-03-14T08:14:43.706+0530] {dag.py:3047} INFO - Sync 1 DAGs
[2024-03-14T08:14:43.723+0530] {logging_mixin.py:188} INFO - [2024-03-14T08:14:43.723+0530] {dag.py:3834} INFO - Setting next_dagrun for python_pipeline_dag to 2024-03-13 00:00:00+00:00, run_after=2024-03-14 00:00:00+00:00
[2024-03-14T08:14:43.759+0530] {processor.py:183} INFO - Processing /home/kai/airflow/dags/execute_python_pipeline.py took 0.472 seconds
[2024-03-14T08:15:14.040+0530] {processor.py:161} INFO - Started process (PID=310628) to work on /home/kai/airflow/dags/execute_python_pipeline.py
[2024-03-14T08:15:14.044+0530] {processor.py:830} INFO - Processing file /home/kai/airflow/dags/execute_python_pipeline.py for tasks to queue
[2024-03-14T08:15:14.045+0530] {logging_mixin.py:188} INFO - [2024-03-14T08:15:14.045+0530] {dagbag.py:540} INFO - Filling up the DagBag from /home/kai/airflow/dags/execute_python_pipeline.py
[2024-03-14T08:15:14.442+0530] {processor.py:840} INFO - DAG(s) 'python_pipeline_dag' retrieved from /home/kai/airflow/dags/execute_python_pipeline.py
[2024-03-14T08:15:14.457+0530] {logging_mixin.py:188} INFO - [2024-03-14T08:15:14.457+0530] {dag.py:3047} INFO - Sync 1 DAGs
[2024-03-14T08:15:14.472+0530] {logging_mixin.py:188} INFO - [2024-03-14T08:15:14.472+0530] {dag.py:3834} INFO - Setting next_dagrun for python_pipeline_dag to 2024-03-13 00:00:00+00:00, run_after=2024-03-14 00:00:00+00:00
[2024-03-14T08:15:14.512+0530] {processor.py:183} INFO - Processing /home/kai/airflow/dags/execute_python_pipeline.py took 0.475 seconds
[2024-03-14T08:15:44.690+0530] {processor.py:161} INFO - Started process (PID=310680) to work on /home/kai/airflow/dags/execute_python_pipeline.py
[2024-03-14T08:15:44.691+0530] {processor.py:830} INFO - Processing file /home/kai/airflow/dags/execute_python_pipeline.py for tasks to queue
[2024-03-14T08:15:44.692+0530] {logging_mixin.py:188} INFO - [2024-03-14T08:15:44.691+0530] {dagbag.py:540} INFO - Filling up the DagBag from /home/kai/airflow/dags/execute_python_pipeline.py
[2024-03-14T08:15:45.090+0530] {processor.py:840} INFO - DAG(s) 'python_pipeline_dag' retrieved from /home/kai/airflow/dags/execute_python_pipeline.py
[2024-03-14T08:15:45.105+0530] {logging_mixin.py:188} INFO - [2024-03-14T08:15:45.104+0530] {dag.py:3047} INFO - Sync 1 DAGs
[2024-03-14T08:15:45.119+0530] {logging_mixin.py:188} INFO - [2024-03-14T08:15:45.119+0530] {dag.py:3834} INFO - Setting next_dagrun for python_pipeline_dag to 2024-03-13 00:00:00+00:00, run_after=2024-03-14 00:00:00+00:00
[2024-03-14T08:15:45.160+0530] {processor.py:183} INFO - Processing /home/kai/airflow/dags/execute_python_pipeline.py took 0.474 seconds
[2024-03-14T08:16:15.380+0530] {processor.py:161} INFO - Started process (PID=310733) to work on /home/kai/airflow/dags/execute_python_pipeline.py
[2024-03-14T08:16:15.381+0530] {processor.py:830} INFO - Processing file /home/kai/airflow/dags/execute_python_pipeline.py for tasks to queue
[2024-03-14T08:16:15.382+0530] {logging_mixin.py:188} INFO - [2024-03-14T08:16:15.382+0530] {dagbag.py:540} INFO - Filling up the DagBag from /home/kai/airflow/dags/execute_python_pipeline.py
[2024-03-14T08:16:15.781+0530] {processor.py:840} INFO - DAG(s) 'python_pipeline_dag' retrieved from /home/kai/airflow/dags/execute_python_pipeline.py
[2024-03-14T08:16:15.796+0530] {logging_mixin.py:188} INFO - [2024-03-14T08:16:15.796+0530] {dag.py:3047} INFO - Sync 1 DAGs
[2024-03-14T08:16:15.810+0530] {logging_mixin.py:188} INFO - [2024-03-14T08:16:15.810+0530] {dag.py:3834} INFO - Setting next_dagrun for python_pipeline_dag to 2024-03-13 00:00:00+00:00, run_after=2024-03-14 00:00:00+00:00
[2024-03-14T08:16:15.846+0530] {processor.py:183} INFO - Processing /home/kai/airflow/dags/execute_python_pipeline.py took 0.470 seconds
[2024-03-14T08:16:46.146+0530] {processor.py:161} INFO - Started process (PID=310793) to work on /home/kai/airflow/dags/execute_python_pipeline.py
[2024-03-14T08:16:46.157+0530] {processor.py:830} INFO - Processing file /home/kai/airflow/dags/execute_python_pipeline.py for tasks to queue
[2024-03-14T08:16:46.158+0530] {logging_mixin.py:188} INFO - [2024-03-14T08:16:46.158+0530] {dagbag.py:540} INFO - Filling up the DagBag from /home/kai/airflow/dags/execute_python_pipeline.py
[2024-03-14T08:16:46.734+0530] {processor.py:840} INFO - DAG(s) 'python_pipeline_dag' retrieved from /home/kai/airflow/dags/execute_python_pipeline.py
[2024-03-14T08:16:46.752+0530] {logging_mixin.py:188} INFO - [2024-03-14T08:16:46.752+0530] {dag.py:3047} INFO - Sync 1 DAGs
[2024-03-14T08:16:46.772+0530] {logging_mixin.py:188} INFO - [2024-03-14T08:16:46.772+0530] {dag.py:3834} INFO - Setting next_dagrun for python_pipeline_dag to 2024-03-13 00:00:00+00:00, run_after=2024-03-14 00:00:00+00:00
[2024-03-14T08:16:46.820+0530] {processor.py:183} INFO - Processing /home/kai/airflow/dags/execute_python_pipeline.py took 0.679 seconds
