[2024-03-14T07:42:48.012+0530] {processor.py:161} INFO - Started process (PID=307325) to work on /home/kai/airflow/dags/hello_world_dag.py
[2024-03-14T07:42:48.013+0530] {processor.py:830} INFO - Processing file /home/kai/airflow/dags/hello_world_dag.py for tasks to queue
[2024-03-14T07:42:48.014+0530] {logging_mixin.py:188} INFO - [2024-03-14T07:42:48.014+0530] {dagbag.py:540} INFO - Filling up the DagBag from /home/kai/airflow/dags/hello_world_dag.py
[2024-03-14T07:42:48.024+0530] {processor.py:840} INFO - DAG(s) 'hello_world' retrieved from /home/kai/airflow/dags/hello_world_dag.py
[2024-03-14T07:42:48.104+0530] {logging_mixin.py:188} INFO - [2024-03-14T07:42:48.104+0530] {dag.py:3047} INFO - Sync 1 DAGs
[2024-03-14T07:42:48.119+0530] {logging_mixin.py:188} INFO - [2024-03-14T07:42:48.118+0530] {dag.py:3834} INFO - Setting next_dagrun for hello_world to 2024-03-13 00:00:00+00:00, run_after=2024-03-14 00:00:00+00:00
[2024-03-14T07:42:48.152+0530] {processor.py:183} INFO - Processing /home/kai/airflow/dags/hello_world_dag.py took 0.143 seconds
[2024-03-14T07:43:18.411+0530] {processor.py:161} INFO - Started process (PID=307380) to work on /home/kai/airflow/dags/hello_world_dag.py
[2024-03-14T07:43:18.414+0530] {processor.py:830} INFO - Processing file /home/kai/airflow/dags/hello_world_dag.py for tasks to queue
[2024-03-14T07:43:18.415+0530] {logging_mixin.py:188} INFO - [2024-03-14T07:43:18.415+0530] {dagbag.py:540} INFO - Filling up the DagBag from /home/kai/airflow/dags/hello_world_dag.py
[2024-03-14T07:43:18.425+0530] {processor.py:840} INFO - DAG(s) 'hello_world' retrieved from /home/kai/airflow/dags/hello_world_dag.py
[2024-03-14T07:43:18.445+0530] {logging_mixin.py:188} INFO - [2024-03-14T07:43:18.445+0530] {dag.py:3047} INFO - Sync 1 DAGs
[2024-03-14T07:43:18.462+0530] {logging_mixin.py:188} INFO - [2024-03-14T07:43:18.462+0530] {dag.py:3834} INFO - Setting next_dagrun for hello_world to 2024-03-13 00:00:00+00:00, run_after=2024-03-14 00:00:00+00:00
[2024-03-14T07:43:18.494+0530] {processor.py:183} INFO - Processing /home/kai/airflow/dags/hello_world_dag.py took 0.086 seconds
[2024-03-14T07:43:49.821+0530] {processor.py:161} INFO - Started process (PID=307433) to work on /home/kai/airflow/dags/hello_world_dag.py
[2024-03-14T07:43:49.825+0530] {processor.py:830} INFO - Processing file /home/kai/airflow/dags/hello_world_dag.py for tasks to queue
[2024-03-14T07:43:49.826+0530] {logging_mixin.py:188} INFO - [2024-03-14T07:43:49.825+0530] {dagbag.py:540} INFO - Filling up the DagBag from /home/kai/airflow/dags/hello_world_dag.py
[2024-03-14T07:43:49.836+0530] {processor.py:840} INFO - DAG(s) 'hello_world' retrieved from /home/kai/airflow/dags/hello_world_dag.py
[2024-03-14T07:43:49.856+0530] {logging_mixin.py:188} INFO - [2024-03-14T07:43:49.856+0530] {dag.py:3047} INFO - Sync 1 DAGs
[2024-03-14T07:43:49.873+0530] {logging_mixin.py:188} INFO - [2024-03-14T07:43:49.873+0530] {dag.py:3834} INFO - Setting next_dagrun for hello_world to 2024-03-13 00:00:00+00:00, run_after=2024-03-14 00:00:00+00:00
[2024-03-14T07:43:49.907+0530] {processor.py:183} INFO - Processing /home/kai/airflow/dags/hello_world_dag.py took 0.089 seconds
[2024-03-14T07:44:20.335+0530] {processor.py:161} INFO - Started process (PID=307485) to work on /home/kai/airflow/dags/hello_world_dag.py
[2024-03-14T07:44:20.338+0530] {processor.py:830} INFO - Processing file /home/kai/airflow/dags/hello_world_dag.py for tasks to queue
[2024-03-14T07:44:20.339+0530] {logging_mixin.py:188} INFO - [2024-03-14T07:44:20.339+0530] {dagbag.py:540} INFO - Filling up the DagBag from /home/kai/airflow/dags/hello_world_dag.py
[2024-03-14T07:44:20.349+0530] {processor.py:840} INFO - DAG(s) 'hello_world' retrieved from /home/kai/airflow/dags/hello_world_dag.py
[2024-03-14T07:44:20.369+0530] {logging_mixin.py:188} INFO - [2024-03-14T07:44:20.368+0530] {dag.py:3047} INFO - Sync 1 DAGs
[2024-03-14T07:44:20.385+0530] {logging_mixin.py:188} INFO - [2024-03-14T07:44:20.385+0530] {dag.py:3834} INFO - Setting next_dagrun for hello_world to 2024-03-13 00:00:00+00:00, run_after=2024-03-14 00:00:00+00:00
[2024-03-14T07:44:20.422+0530] {processor.py:183} INFO - Processing /home/kai/airflow/dags/hello_world_dag.py took 0.090 seconds
[2024-03-14T07:44:52.108+0530] {processor.py:161} INFO - Started process (PID=307538) to work on /home/kai/airflow/dags/hello_world_dag.py
[2024-03-14T07:44:52.111+0530] {processor.py:830} INFO - Processing file /home/kai/airflow/dags/hello_world_dag.py for tasks to queue
[2024-03-14T07:44:52.112+0530] {logging_mixin.py:188} INFO - [2024-03-14T07:44:52.111+0530] {dagbag.py:540} INFO - Filling up the DagBag from /home/kai/airflow/dags/hello_world_dag.py
[2024-03-14T07:44:52.122+0530] {processor.py:840} INFO - DAG(s) 'hello_world' retrieved from /home/kai/airflow/dags/hello_world_dag.py
[2024-03-14T07:44:52.141+0530] {logging_mixin.py:188} INFO - [2024-03-14T07:44:52.141+0530] {dag.py:3047} INFO - Sync 1 DAGs
[2024-03-14T07:44:52.158+0530] {logging_mixin.py:188} INFO - [2024-03-14T07:44:52.158+0530] {dag.py:3834} INFO - Setting next_dagrun for hello_world to 2024-03-13 00:00:00+00:00, run_after=2024-03-14 00:00:00+00:00
[2024-03-14T07:44:52.189+0530] {processor.py:183} INFO - Processing /home/kai/airflow/dags/hello_world_dag.py took 0.084 seconds
[2024-03-14T07:45:22.821+0530] {processor.py:161} INFO - Started process (PID=307593) to work on /home/kai/airflow/dags/hello_world_dag.py
[2024-03-14T07:45:22.824+0530] {processor.py:830} INFO - Processing file /home/kai/airflow/dags/hello_world_dag.py for tasks to queue
[2024-03-14T07:45:22.825+0530] {logging_mixin.py:188} INFO - [2024-03-14T07:45:22.824+0530] {dagbag.py:540} INFO - Filling up the DagBag from /home/kai/airflow/dags/hello_world_dag.py
[2024-03-14T07:45:22.835+0530] {processor.py:840} INFO - DAG(s) 'hello_world' retrieved from /home/kai/airflow/dags/hello_world_dag.py
[2024-03-14T07:45:22.855+0530] {logging_mixin.py:188} INFO - [2024-03-14T07:45:22.855+0530] {dag.py:3047} INFO - Sync 1 DAGs
[2024-03-14T07:45:22.877+0530] {logging_mixin.py:188} INFO - [2024-03-14T07:45:22.876+0530] {dag.py:3834} INFO - Setting next_dagrun for hello_world to 2024-03-13 00:00:00+00:00, run_after=2024-03-14 00:00:00+00:00
[2024-03-14T07:45:22.916+0530] {processor.py:183} INFO - Processing /home/kai/airflow/dags/hello_world_dag.py took 0.098 seconds
[2024-03-14T07:45:53.555+0530] {processor.py:161} INFO - Started process (PID=307646) to work on /home/kai/airflow/dags/hello_world_dag.py
[2024-03-14T07:45:53.559+0530] {processor.py:830} INFO - Processing file /home/kai/airflow/dags/hello_world_dag.py for tasks to queue
[2024-03-14T07:45:53.560+0530] {logging_mixin.py:188} INFO - [2024-03-14T07:45:53.559+0530] {dagbag.py:540} INFO - Filling up the DagBag from /home/kai/airflow/dags/hello_world_dag.py
[2024-03-14T07:45:53.575+0530] {processor.py:840} INFO - DAG(s) 'hello_world' retrieved from /home/kai/airflow/dags/hello_world_dag.py
[2024-03-14T07:45:53.595+0530] {logging_mixin.py:188} INFO - [2024-03-14T07:45:53.595+0530] {dag.py:3047} INFO - Sync 1 DAGs
[2024-03-14T07:45:53.612+0530] {logging_mixin.py:188} INFO - [2024-03-14T07:45:53.612+0530] {dag.py:3834} INFO - Setting next_dagrun for hello_world to 2024-03-13 00:00:00+00:00, run_after=2024-03-14 00:00:00+00:00
[2024-03-14T07:45:53.644+0530] {processor.py:183} INFO - Processing /home/kai/airflow/dags/hello_world_dag.py took 0.092 seconds
[2024-03-14T07:46:24.278+0530] {processor.py:161} INFO - Started process (PID=307698) to work on /home/kai/airflow/dags/hello_world_dag.py
[2024-03-14T07:46:24.282+0530] {processor.py:830} INFO - Processing file /home/kai/airflow/dags/hello_world_dag.py for tasks to queue
[2024-03-14T07:46:24.283+0530] {logging_mixin.py:188} INFO - [2024-03-14T07:46:24.283+0530] {dagbag.py:540} INFO - Filling up the DagBag from /home/kai/airflow/dags/hello_world_dag.py
[2024-03-14T07:46:24.293+0530] {processor.py:840} INFO - DAG(s) 'hello_world' retrieved from /home/kai/airflow/dags/hello_world_dag.py
[2024-03-14T07:46:24.313+0530] {logging_mixin.py:188} INFO - [2024-03-14T07:46:24.313+0530] {dag.py:3047} INFO - Sync 1 DAGs
[2024-03-14T07:46:24.330+0530] {logging_mixin.py:188} INFO - [2024-03-14T07:46:24.330+0530] {dag.py:3834} INFO - Setting next_dagrun for hello_world to 2024-03-13 00:00:00+00:00, run_after=2024-03-14 00:00:00+00:00
[2024-03-14T07:46:24.362+0530] {processor.py:183} INFO - Processing /home/kai/airflow/dags/hello_world_dag.py took 0.087 seconds
[2024-03-14T07:46:55.082+0530] {processor.py:161} INFO - Started process (PID=307749) to work on /home/kai/airflow/dags/hello_world_dag.py
[2024-03-14T07:46:55.084+0530] {processor.py:830} INFO - Processing file /home/kai/airflow/dags/hello_world_dag.py for tasks to queue
[2024-03-14T07:46:55.085+0530] {logging_mixin.py:188} INFO - [2024-03-14T07:46:55.084+0530] {dagbag.py:540} INFO - Filling up the DagBag from /home/kai/airflow/dags/hello_world_dag.py
[2024-03-14T07:46:55.095+0530] {processor.py:840} INFO - DAG(s) 'hello_world' retrieved from /home/kai/airflow/dags/hello_world_dag.py
[2024-03-14T07:46:55.115+0530] {logging_mixin.py:188} INFO - [2024-03-14T07:46:55.114+0530] {dag.py:3047} INFO - Sync 1 DAGs
[2024-03-14T07:46:55.132+0530] {logging_mixin.py:188} INFO - [2024-03-14T07:46:55.131+0530] {dag.py:3834} INFO - Setting next_dagrun for hello_world to 2024-03-13 00:00:00+00:00, run_after=2024-03-14 00:00:00+00:00
[2024-03-14T07:46:55.166+0530] {processor.py:183} INFO - Processing /home/kai/airflow/dags/hello_world_dag.py took 0.087 seconds
[2024-03-14T07:47:27.249+0530] {processor.py:161} INFO - Started process (PID=307803) to work on /home/kai/airflow/dags/hello_world_dag.py
[2024-03-14T07:47:27.250+0530] {processor.py:830} INFO - Processing file /home/kai/airflow/dags/hello_world_dag.py for tasks to queue
[2024-03-14T07:47:27.251+0530] {logging_mixin.py:188} INFO - [2024-03-14T07:47:27.251+0530] {dagbag.py:540} INFO - Filling up the DagBag from /home/kai/airflow/dags/hello_world_dag.py
[2024-03-14T07:47:27.261+0530] {processor.py:840} INFO - DAG(s) 'hello_world' retrieved from /home/kai/airflow/dags/hello_world_dag.py
[2024-03-14T07:47:27.281+0530] {logging_mixin.py:188} INFO - [2024-03-14T07:47:27.281+0530] {dag.py:3047} INFO - Sync 1 DAGs
[2024-03-14T07:47:27.298+0530] {logging_mixin.py:188} INFO - [2024-03-14T07:47:27.298+0530] {dag.py:3834} INFO - Setting next_dagrun for hello_world to 2024-03-13 00:00:00+00:00, run_after=2024-03-14 00:00:00+00:00
[2024-03-14T07:47:27.335+0530] {processor.py:183} INFO - Processing /home/kai/airflow/dags/hello_world_dag.py took 0.089 seconds
[2024-03-14T07:47:58.212+0530] {processor.py:161} INFO - Started process (PID=307855) to work on /home/kai/airflow/dags/hello_world_dag.py
[2024-03-14T07:47:58.214+0530] {processor.py:830} INFO - Processing file /home/kai/airflow/dags/hello_world_dag.py for tasks to queue
[2024-03-14T07:47:58.215+0530] {logging_mixin.py:188} INFO - [2024-03-14T07:47:58.215+0530] {dagbag.py:540} INFO - Filling up the DagBag from /home/kai/airflow/dags/hello_world_dag.py
[2024-03-14T07:47:58.225+0530] {processor.py:840} INFO - DAG(s) 'hello_world' retrieved from /home/kai/airflow/dags/hello_world_dag.py
[2024-03-14T07:47:58.245+0530] {logging_mixin.py:188} INFO - [2024-03-14T07:47:58.245+0530] {dag.py:3047} INFO - Sync 1 DAGs
[2024-03-14T07:47:58.262+0530] {logging_mixin.py:188} INFO - [2024-03-14T07:47:58.262+0530] {dag.py:3834} INFO - Setting next_dagrun for hello_world to 2024-03-13 00:00:00+00:00, run_after=2024-03-14 00:00:00+00:00
[2024-03-14T07:47:58.294+0530] {processor.py:183} INFO - Processing /home/kai/airflow/dags/hello_world_dag.py took 0.086 seconds
[2024-03-14T07:48:28.421+0530] {processor.py:161} INFO - Started process (PID=307907) to work on /home/kai/airflow/dags/hello_world_dag.py
[2024-03-14T07:48:28.424+0530] {processor.py:830} INFO - Processing file /home/kai/airflow/dags/hello_world_dag.py for tasks to queue
[2024-03-14T07:48:28.425+0530] {logging_mixin.py:188} INFO - [2024-03-14T07:48:28.425+0530] {dagbag.py:540} INFO - Filling up the DagBag from /home/kai/airflow/dags/hello_world_dag.py
[2024-03-14T07:48:28.435+0530] {processor.py:840} INFO - DAG(s) 'hello_world' retrieved from /home/kai/airflow/dags/hello_world_dag.py
[2024-03-14T07:48:28.455+0530] {logging_mixin.py:188} INFO - [2024-03-14T07:48:28.455+0530] {dag.py:3047} INFO - Sync 1 DAGs
[2024-03-14T07:48:28.472+0530] {logging_mixin.py:188} INFO - [2024-03-14T07:48:28.471+0530] {dag.py:3834} INFO - Setting next_dagrun for hello_world to 2024-03-13 00:00:00+00:00, run_after=2024-03-14 00:00:00+00:00
[2024-03-14T07:48:28.505+0530] {processor.py:183} INFO - Processing /home/kai/airflow/dags/hello_world_dag.py took 0.087 seconds
[2024-03-14T07:49:00.061+0530] {processor.py:161} INFO - Started process (PID=307961) to work on /home/kai/airflow/dags/hello_world_dag.py
[2024-03-14T07:49:00.063+0530] {processor.py:830} INFO - Processing file /home/kai/airflow/dags/hello_world_dag.py for tasks to queue
[2024-03-14T07:49:00.064+0530] {logging_mixin.py:188} INFO - [2024-03-14T07:49:00.064+0530] {dagbag.py:540} INFO - Filling up the DagBag from /home/kai/airflow/dags/hello_world_dag.py
[2024-03-14T07:49:00.075+0530] {processor.py:840} INFO - DAG(s) 'hello_world' retrieved from /home/kai/airflow/dags/hello_world_dag.py
[2024-03-14T07:49:00.095+0530] {logging_mixin.py:188} INFO - [2024-03-14T07:49:00.095+0530] {dag.py:3047} INFO - Sync 1 DAGs
[2024-03-14T07:49:00.113+0530] {logging_mixin.py:188} INFO - [2024-03-14T07:49:00.113+0530] {dag.py:3834} INFO - Setting next_dagrun for hello_world to 2024-03-13 00:00:00+00:00, run_after=2024-03-14 00:00:00+00:00
[2024-03-14T07:49:00.145+0530] {processor.py:183} INFO - Processing /home/kai/airflow/dags/hello_world_dag.py took 0.087 seconds
[2024-03-14T07:49:30.867+0530] {processor.py:161} INFO - Started process (PID=308012) to work on /home/kai/airflow/dags/hello_world_dag.py
[2024-03-14T07:49:30.869+0530] {processor.py:830} INFO - Processing file /home/kai/airflow/dags/hello_world_dag.py for tasks to queue
[2024-03-14T07:49:30.870+0530] {logging_mixin.py:188} INFO - [2024-03-14T07:49:30.869+0530] {dagbag.py:540} INFO - Filling up the DagBag from /home/kai/airflow/dags/hello_world_dag.py
[2024-03-14T07:49:30.880+0530] {processor.py:840} INFO - DAG(s) 'hello_world' retrieved from /home/kai/airflow/dags/hello_world_dag.py
[2024-03-14T07:49:30.904+0530] {logging_mixin.py:188} INFO - [2024-03-14T07:49:30.904+0530] {dag.py:3047} INFO - Sync 1 DAGs
[2024-03-14T07:49:30.923+0530] {logging_mixin.py:188} INFO - [2024-03-14T07:49:30.922+0530] {dag.py:3834} INFO - Setting next_dagrun for hello_world to 2024-03-13 00:00:00+00:00, run_after=2024-03-14 00:00:00+00:00
[2024-03-14T07:49:30.961+0530] {processor.py:183} INFO - Processing /home/kai/airflow/dags/hello_world_dag.py took 0.097 seconds
[2024-03-14T07:50:01.827+0530] {processor.py:161} INFO - Started process (PID=308064) to work on /home/kai/airflow/dags/hello_world_dag.py
[2024-03-14T07:50:01.830+0530] {processor.py:830} INFO - Processing file /home/kai/airflow/dags/hello_world_dag.py for tasks to queue
[2024-03-14T07:50:01.832+0530] {logging_mixin.py:188} INFO - [2024-03-14T07:50:01.831+0530] {dagbag.py:540} INFO - Filling up the DagBag from /home/kai/airflow/dags/hello_world_dag.py
[2024-03-14T07:50:01.842+0530] {processor.py:840} INFO - DAG(s) 'hello_world' retrieved from /home/kai/airflow/dags/hello_world_dag.py
[2024-03-14T07:50:01.861+0530] {logging_mixin.py:188} INFO - [2024-03-14T07:50:01.861+0530] {dag.py:3047} INFO - Sync 1 DAGs
[2024-03-14T07:50:01.879+0530] {logging_mixin.py:188} INFO - [2024-03-14T07:50:01.879+0530] {dag.py:3834} INFO - Setting next_dagrun for hello_world to 2024-03-13 00:00:00+00:00, run_after=2024-03-14 00:00:00+00:00
[2024-03-14T07:50:01.910+0530] {processor.py:183} INFO - Processing /home/kai/airflow/dags/hello_world_dag.py took 0.085 seconds
[2024-03-14T07:50:32.591+0530] {processor.py:161} INFO - Started process (PID=308118) to work on /home/kai/airflow/dags/hello_world_dag.py
[2024-03-14T07:50:32.595+0530] {processor.py:830} INFO - Processing file /home/kai/airflow/dags/hello_world_dag.py for tasks to queue
[2024-03-14T07:50:32.596+0530] {logging_mixin.py:188} INFO - [2024-03-14T07:50:32.596+0530] {dagbag.py:540} INFO - Filling up the DagBag from /home/kai/airflow/dags/hello_world_dag.py
[2024-03-14T07:50:32.606+0530] {processor.py:840} INFO - DAG(s) 'hello_world' retrieved from /home/kai/airflow/dags/hello_world_dag.py
[2024-03-14T07:50:32.626+0530] {logging_mixin.py:188} INFO - [2024-03-14T07:50:32.626+0530] {dag.py:3047} INFO - Sync 1 DAGs
[2024-03-14T07:50:32.643+0530] {logging_mixin.py:188} INFO - [2024-03-14T07:50:32.643+0530] {dag.py:3834} INFO - Setting next_dagrun for hello_world to 2024-03-13 00:00:00+00:00, run_after=2024-03-14 00:00:00+00:00
[2024-03-14T07:50:32.674+0530] {processor.py:183} INFO - Processing /home/kai/airflow/dags/hello_world_dag.py took 0.087 seconds
[2024-03-14T07:51:03.451+0530] {processor.py:161} INFO - Started process (PID=308170) to work on /home/kai/airflow/dags/hello_world_dag.py
[2024-03-14T07:51:03.455+0530] {processor.py:830} INFO - Processing file /home/kai/airflow/dags/hello_world_dag.py for tasks to queue
[2024-03-14T07:51:03.456+0530] {logging_mixin.py:188} INFO - [2024-03-14T07:51:03.456+0530] {dagbag.py:540} INFO - Filling up the DagBag from /home/kai/airflow/dags/hello_world_dag.py
[2024-03-14T07:51:03.467+0530] {processor.py:840} INFO - DAG(s) 'hello_world' retrieved from /home/kai/airflow/dags/hello_world_dag.py
[2024-03-14T07:51:03.486+0530] {logging_mixin.py:188} INFO - [2024-03-14T07:51:03.486+0530] {dag.py:3047} INFO - Sync 1 DAGs
[2024-03-14T07:51:03.504+0530] {logging_mixin.py:188} INFO - [2024-03-14T07:51:03.504+0530] {dag.py:3834} INFO - Setting next_dagrun for hello_world to 2024-03-13 00:00:00+00:00, run_after=2024-03-14 00:00:00+00:00
[2024-03-14T07:51:03.536+0530] {processor.py:183} INFO - Processing /home/kai/airflow/dags/hello_world_dag.py took 0.088 seconds
[2024-03-14T07:51:34.351+0530] {processor.py:161} INFO - Started process (PID=308221) to work on /home/kai/airflow/dags/hello_world_dag.py
[2024-03-14T07:51:34.356+0530] {processor.py:830} INFO - Processing file /home/kai/airflow/dags/hello_world_dag.py for tasks to queue
[2024-03-14T07:51:34.357+0530] {logging_mixin.py:188} INFO - [2024-03-14T07:51:34.356+0530] {dagbag.py:540} INFO - Filling up the DagBag from /home/kai/airflow/dags/hello_world_dag.py
[2024-03-14T07:51:34.367+0530] {processor.py:840} INFO - DAG(s) 'hello_world' retrieved from /home/kai/airflow/dags/hello_world_dag.py
[2024-03-14T07:51:34.387+0530] {logging_mixin.py:188} INFO - [2024-03-14T07:51:34.387+0530] {dag.py:3047} INFO - Sync 1 DAGs
[2024-03-14T07:51:34.404+0530] {logging_mixin.py:188} INFO - [2024-03-14T07:51:34.404+0530] {dag.py:3834} INFO - Setting next_dagrun for hello_world to 2024-03-13 00:00:00+00:00, run_after=2024-03-14 00:00:00+00:00
[2024-03-14T07:51:34.441+0530] {processor.py:183} INFO - Processing /home/kai/airflow/dags/hello_world_dag.py took 0.092 seconds
[2024-03-14T07:52:06.827+0530] {processor.py:161} INFO - Started process (PID=308283) to work on /home/kai/airflow/dags/hello_world_dag.py
[2024-03-14T07:52:06.831+0530] {processor.py:830} INFO - Processing file /home/kai/airflow/dags/hello_world_dag.py for tasks to queue
[2024-03-14T07:52:06.832+0530] {logging_mixin.py:188} INFO - [2024-03-14T07:52:06.832+0530] {dagbag.py:540} INFO - Filling up the DagBag from /home/kai/airflow/dags/hello_world_dag.py
[2024-03-14T07:52:06.842+0530] {processor.py:840} INFO - DAG(s) 'hello_world' retrieved from /home/kai/airflow/dags/hello_world_dag.py
[2024-03-14T07:52:06.862+0530] {logging_mixin.py:188} INFO - [2024-03-14T07:52:06.862+0530] {dag.py:3047} INFO - Sync 1 DAGs
[2024-03-14T07:52:06.879+0530] {logging_mixin.py:188} INFO - [2024-03-14T07:52:06.879+0530] {dag.py:3834} INFO - Setting next_dagrun for hello_world to 2024-03-13 00:00:00+00:00, run_after=2024-03-14 00:00:00+00:00
[2024-03-14T07:52:06.911+0530] {processor.py:183} INFO - Processing /home/kai/airflow/dags/hello_world_dag.py took 0.087 seconds
[2024-03-14T07:52:37.629+0530] {processor.py:161} INFO - Started process (PID=308339) to work on /home/kai/airflow/dags/hello_world_dag.py
[2024-03-14T07:52:37.631+0530] {processor.py:830} INFO - Processing file /home/kai/airflow/dags/hello_world_dag.py for tasks to queue
[2024-03-14T07:52:37.632+0530] {logging_mixin.py:188} INFO - [2024-03-14T07:52:37.631+0530] {dagbag.py:540} INFO - Filling up the DagBag from /home/kai/airflow/dags/hello_world_dag.py
[2024-03-14T07:52:37.642+0530] {processor.py:840} INFO - DAG(s) 'hello_world' retrieved from /home/kai/airflow/dags/hello_world_dag.py
[2024-03-14T07:52:37.661+0530] {logging_mixin.py:188} INFO - [2024-03-14T07:52:37.661+0530] {dag.py:3047} INFO - Sync 1 DAGs
[2024-03-14T07:52:37.678+0530] {logging_mixin.py:188} INFO - [2024-03-14T07:52:37.678+0530] {dag.py:3834} INFO - Setting next_dagrun for hello_world to 2024-03-13 00:00:00+00:00, run_after=2024-03-14 00:00:00+00:00
[2024-03-14T07:52:37.711+0530] {processor.py:183} INFO - Processing /home/kai/airflow/dags/hello_world_dag.py took 0.085 seconds
[2024-03-14T07:53:08.288+0530] {processor.py:161} INFO - Started process (PID=308390) to work on /home/kai/airflow/dags/hello_world_dag.py
[2024-03-14T07:53:08.289+0530] {processor.py:830} INFO - Processing file /home/kai/airflow/dags/hello_world_dag.py for tasks to queue
[2024-03-14T07:53:08.290+0530] {logging_mixin.py:188} INFO - [2024-03-14T07:53:08.290+0530] {dagbag.py:540} INFO - Filling up the DagBag from /home/kai/airflow/dags/hello_world_dag.py
[2024-03-14T07:53:08.300+0530] {processor.py:840} INFO - DAG(s) 'hello_world' retrieved from /home/kai/airflow/dags/hello_world_dag.py
[2024-03-14T07:53:08.321+0530] {logging_mixin.py:188} INFO - [2024-03-14T07:53:08.321+0530] {dag.py:3047} INFO - Sync 1 DAGs
[2024-03-14T07:53:08.340+0530] {logging_mixin.py:188} INFO - [2024-03-14T07:53:08.340+0530] {dag.py:3834} INFO - Setting next_dagrun for hello_world to 2024-03-13 00:00:00+00:00, run_after=2024-03-14 00:00:00+00:00
[2024-03-14T07:53:08.379+0530] {processor.py:183} INFO - Processing /home/kai/airflow/dags/hello_world_dag.py took 0.095 seconds
[2024-03-14T07:53:39.323+0530] {processor.py:161} INFO - Started process (PID=308444) to work on /home/kai/airflow/dags/hello_world_dag.py
[2024-03-14T07:53:39.327+0530] {processor.py:830} INFO - Processing file /home/kai/airflow/dags/hello_world_dag.py for tasks to queue
[2024-03-14T07:53:39.328+0530] {logging_mixin.py:188} INFO - [2024-03-14T07:53:39.328+0530] {dagbag.py:540} INFO - Filling up the DagBag from /home/kai/airflow/dags/hello_world_dag.py
[2024-03-14T07:53:39.338+0530] {processor.py:840} INFO - DAG(s) 'hello_world' retrieved from /home/kai/airflow/dags/hello_world_dag.py
[2024-03-14T07:53:39.358+0530] {logging_mixin.py:188} INFO - [2024-03-14T07:53:39.358+0530] {dag.py:3047} INFO - Sync 1 DAGs
[2024-03-14T07:53:39.375+0530] {logging_mixin.py:188} INFO - [2024-03-14T07:53:39.375+0530] {dag.py:3834} INFO - Setting next_dagrun for hello_world to 2024-03-13 00:00:00+00:00, run_after=2024-03-14 00:00:00+00:00
[2024-03-14T07:53:39.407+0530] {processor.py:183} INFO - Processing /home/kai/airflow/dags/hello_world_dag.py took 0.087 seconds
[2024-03-14T07:54:11.615+0530] {processor.py:161} INFO - Started process (PID=308495) to work on /home/kai/airflow/dags/hello_world_dag.py
[2024-03-14T07:54:11.620+0530] {processor.py:830} INFO - Processing file /home/kai/airflow/dags/hello_world_dag.py for tasks to queue
[2024-03-14T07:54:11.621+0530] {logging_mixin.py:188} INFO - [2024-03-14T07:54:11.620+0530] {dagbag.py:540} INFO - Filling up the DagBag from /home/kai/airflow/dags/hello_world_dag.py
[2024-03-14T07:54:11.631+0530] {processor.py:840} INFO - DAG(s) 'hello_world' retrieved from /home/kai/airflow/dags/hello_world_dag.py
[2024-03-14T07:54:11.651+0530] {logging_mixin.py:188} INFO - [2024-03-14T07:54:11.651+0530] {dag.py:3047} INFO - Sync 1 DAGs
[2024-03-14T07:54:11.668+0530] {logging_mixin.py:188} INFO - [2024-03-14T07:54:11.667+0530] {dag.py:3834} INFO - Setting next_dagrun for hello_world to 2024-03-13 00:00:00+00:00, run_after=2024-03-14 00:00:00+00:00
[2024-03-14T07:54:11.699+0530] {processor.py:183} INFO - Processing /home/kai/airflow/dags/hello_world_dag.py took 0.086 seconds
[2024-03-14T07:54:42.380+0530] {processor.py:161} INFO - Started process (PID=308547) to work on /home/kai/airflow/dags/hello_world_dag.py
[2024-03-14T07:54:42.385+0530] {processor.py:830} INFO - Processing file /home/kai/airflow/dags/hello_world_dag.py for tasks to queue
[2024-03-14T07:54:42.386+0530] {logging_mixin.py:188} INFO - [2024-03-14T07:54:42.385+0530] {dagbag.py:540} INFO - Filling up the DagBag from /home/kai/airflow/dags/hello_world_dag.py
[2024-03-14T07:54:42.396+0530] {processor.py:840} INFO - DAG(s) 'hello_world' retrieved from /home/kai/airflow/dags/hello_world_dag.py
[2024-03-14T07:54:42.415+0530] {logging_mixin.py:188} INFO - [2024-03-14T07:54:42.415+0530] {dag.py:3047} INFO - Sync 1 DAGs
[2024-03-14T07:54:42.432+0530] {logging_mixin.py:188} INFO - [2024-03-14T07:54:42.432+0530] {dag.py:3834} INFO - Setting next_dagrun for hello_world to 2024-03-13 00:00:00+00:00, run_after=2024-03-14 00:00:00+00:00
[2024-03-14T07:54:42.470+0530] {processor.py:183} INFO - Processing /home/kai/airflow/dags/hello_world_dag.py took 0.093 seconds
[2024-03-14T07:55:12.950+0530] {processor.py:161} INFO - Started process (PID=308603) to work on /home/kai/airflow/dags/hello_world_dag.py
[2024-03-14T07:55:12.954+0530] {processor.py:830} INFO - Processing file /home/kai/airflow/dags/hello_world_dag.py for tasks to queue
[2024-03-14T07:55:12.955+0530] {logging_mixin.py:188} INFO - [2024-03-14T07:55:12.955+0530] {dagbag.py:540} INFO - Filling up the DagBag from /home/kai/airflow/dags/hello_world_dag.py
[2024-03-14T07:55:12.965+0530] {processor.py:840} INFO - DAG(s) 'hello_world' retrieved from /home/kai/airflow/dags/hello_world_dag.py
[2024-03-14T07:55:12.984+0530] {logging_mixin.py:188} INFO - [2024-03-14T07:55:12.984+0530] {dag.py:3047} INFO - Sync 1 DAGs
[2024-03-14T07:55:13.002+0530] {logging_mixin.py:188} INFO - [2024-03-14T07:55:13.002+0530] {dag.py:3834} INFO - Setting next_dagrun for hello_world to 2024-03-13 00:00:00+00:00, run_after=2024-03-14 00:00:00+00:00
[2024-03-14T07:55:13.034+0530] {processor.py:183} INFO - Processing /home/kai/airflow/dags/hello_world_dag.py took 0.088 seconds
[2024-03-14T07:55:43.494+0530] {processor.py:161} INFO - Started process (PID=308655) to work on /home/kai/airflow/dags/hello_world_dag.py
[2024-03-14T07:55:43.498+0530] {processor.py:830} INFO - Processing file /home/kai/airflow/dags/hello_world_dag.py for tasks to queue
[2024-03-14T07:55:43.499+0530] {logging_mixin.py:188} INFO - [2024-03-14T07:55:43.499+0530] {dagbag.py:540} INFO - Filling up the DagBag from /home/kai/airflow/dags/hello_world_dag.py
[2024-03-14T07:55:43.510+0530] {processor.py:840} INFO - DAG(s) 'hello_world' retrieved from /home/kai/airflow/dags/hello_world_dag.py
[2024-03-14T07:55:43.529+0530] {logging_mixin.py:188} INFO - [2024-03-14T07:55:43.529+0530] {dag.py:3047} INFO - Sync 1 DAGs
[2024-03-14T07:55:43.546+0530] {logging_mixin.py:188} INFO - [2024-03-14T07:55:43.546+0530] {dag.py:3834} INFO - Setting next_dagrun for hello_world to 2024-03-13 00:00:00+00:00, run_after=2024-03-14 00:00:00+00:00
[2024-03-14T07:55:43.579+0530] {processor.py:183} INFO - Processing /home/kai/airflow/dags/hello_world_dag.py took 0.088 seconds
[2024-03-14T07:56:14.091+0530] {processor.py:161} INFO - Started process (PID=308710) to work on /home/kai/airflow/dags/hello_world_dag.py
[2024-03-14T07:56:14.094+0530] {processor.py:830} INFO - Processing file /home/kai/airflow/dags/hello_world_dag.py for tasks to queue
[2024-03-14T07:56:14.095+0530] {logging_mixin.py:188} INFO - [2024-03-14T07:56:14.095+0530] {dagbag.py:540} INFO - Filling up the DagBag from /home/kai/airflow/dags/hello_world_dag.py
[2024-03-14T07:56:14.106+0530] {processor.py:840} INFO - DAG(s) 'hello_world' retrieved from /home/kai/airflow/dags/hello_world_dag.py
[2024-03-14T07:56:14.126+0530] {logging_mixin.py:188} INFO - [2024-03-14T07:56:14.125+0530] {dag.py:3047} INFO - Sync 1 DAGs
[2024-03-14T07:56:14.143+0530] {logging_mixin.py:188} INFO - [2024-03-14T07:56:14.142+0530] {dag.py:3834} INFO - Setting next_dagrun for hello_world to 2024-03-13 00:00:00+00:00, run_after=2024-03-14 00:00:00+00:00
[2024-03-14T07:56:14.174+0530] {processor.py:183} INFO - Processing /home/kai/airflow/dags/hello_world_dag.py took 0.086 seconds
[2024-03-14T07:56:45.881+0530] {processor.py:161} INFO - Started process (PID=308764) to work on /home/kai/airflow/dags/hello_world_dag.py
[2024-03-14T07:56:45.886+0530] {processor.py:830} INFO - Processing file /home/kai/airflow/dags/hello_world_dag.py for tasks to queue
[2024-03-14T07:56:45.887+0530] {logging_mixin.py:188} INFO - [2024-03-14T07:56:45.886+0530] {dagbag.py:540} INFO - Filling up the DagBag from /home/kai/airflow/dags/hello_world_dag.py
[2024-03-14T07:56:45.897+0530] {processor.py:840} INFO - DAG(s) 'hello_world' retrieved from /home/kai/airflow/dags/hello_world_dag.py
[2024-03-14T07:56:45.917+0530] {logging_mixin.py:188} INFO - [2024-03-14T07:56:45.916+0530] {dag.py:3047} INFO - Sync 1 DAGs
[2024-03-14T07:56:45.933+0530] {logging_mixin.py:188} INFO - [2024-03-14T07:56:45.933+0530] {dag.py:3834} INFO - Setting next_dagrun for hello_world to 2024-03-13 00:00:00+00:00, run_after=2024-03-14 00:00:00+00:00
[2024-03-14T07:56:45.967+0530] {processor.py:183} INFO - Processing /home/kai/airflow/dags/hello_world_dag.py took 0.089 seconds
[2024-03-14T07:57:16.595+0530] {processor.py:161} INFO - Started process (PID=308818) to work on /home/kai/airflow/dags/hello_world_dag.py
[2024-03-14T07:57:16.596+0530] {processor.py:830} INFO - Processing file /home/kai/airflow/dags/hello_world_dag.py for tasks to queue
[2024-03-14T07:57:16.597+0530] {logging_mixin.py:188} INFO - [2024-03-14T07:57:16.597+0530] {dagbag.py:540} INFO - Filling up the DagBag from /home/kai/airflow/dags/hello_world_dag.py
[2024-03-14T07:57:16.607+0530] {processor.py:840} INFO - DAG(s) 'hello_world' retrieved from /home/kai/airflow/dags/hello_world_dag.py
[2024-03-14T07:57:16.627+0530] {logging_mixin.py:188} INFO - [2024-03-14T07:57:16.627+0530] {dag.py:3047} INFO - Sync 1 DAGs
[2024-03-14T07:57:16.645+0530] {logging_mixin.py:188} INFO - [2024-03-14T07:57:16.645+0530] {dag.py:3834} INFO - Setting next_dagrun for hello_world to 2024-03-13 00:00:00+00:00, run_after=2024-03-14 00:00:00+00:00
[2024-03-14T07:57:16.676+0530] {processor.py:183} INFO - Processing /home/kai/airflow/dags/hello_world_dag.py took 0.084 seconds
[2024-03-14T07:57:47.740+0530] {processor.py:161} INFO - Started process (PID=308869) to work on /home/kai/airflow/dags/hello_world_dag.py
[2024-03-14T07:57:47.743+0530] {processor.py:830} INFO - Processing file /home/kai/airflow/dags/hello_world_dag.py for tasks to queue
[2024-03-14T07:57:47.744+0530] {logging_mixin.py:188} INFO - [2024-03-14T07:57:47.744+0530] {dagbag.py:540} INFO - Filling up the DagBag from /home/kai/airflow/dags/hello_world_dag.py
[2024-03-14T07:57:47.756+0530] {processor.py:840} INFO - DAG(s) 'hello_world' retrieved from /home/kai/airflow/dags/hello_world_dag.py
[2024-03-14T07:57:47.777+0530] {logging_mixin.py:188} INFO - [2024-03-14T07:57:47.777+0530] {dag.py:3047} INFO - Sync 1 DAGs
[2024-03-14T07:57:47.797+0530] {logging_mixin.py:188} INFO - [2024-03-14T07:57:47.796+0530] {dag.py:3834} INFO - Setting next_dagrun for hello_world to 2024-03-13 00:00:00+00:00, run_after=2024-03-14 00:00:00+00:00
[2024-03-14T07:57:47.846+0530] {processor.py:183} INFO - Processing /home/kai/airflow/dags/hello_world_dag.py took 0.111 seconds
[2024-03-14T07:58:18.992+0530] {processor.py:161} INFO - Started process (PID=308922) to work on /home/kai/airflow/dags/hello_world_dag.py
[2024-03-14T07:58:19.003+0530] {processor.py:830} INFO - Processing file /home/kai/airflow/dags/hello_world_dag.py for tasks to queue
[2024-03-14T07:58:19.005+0530] {logging_mixin.py:188} INFO - [2024-03-14T07:58:19.004+0530] {dagbag.py:540} INFO - Filling up the DagBag from /home/kai/airflow/dags/hello_world_dag.py
[2024-03-14T07:58:19.023+0530] {processor.py:840} INFO - DAG(s) 'hello_world' retrieved from /home/kai/airflow/dags/hello_world_dag.py
[2024-03-14T07:58:19.057+0530] {logging_mixin.py:188} INFO - [2024-03-14T07:58:19.057+0530] {dag.py:3047} INFO - Sync 1 DAGs
[2024-03-14T07:58:19.090+0530] {logging_mixin.py:188} INFO - [2024-03-14T07:58:19.090+0530] {dag.py:3834} INFO - Setting next_dagrun for hello_world to 2024-03-13 00:00:00+00:00, run_after=2024-03-14 00:00:00+00:00
[2024-03-14T07:58:19.171+0530] {processor.py:183} INFO - Processing /home/kai/airflow/dags/hello_world_dag.py took 0.185 seconds
[2024-03-14T07:58:50.240+0530] {processor.py:161} INFO - Started process (PID=308975) to work on /home/kai/airflow/dags/hello_world_dag.py
[2024-03-14T07:58:50.243+0530] {processor.py:830} INFO - Processing file /home/kai/airflow/dags/hello_world_dag.py for tasks to queue
[2024-03-14T07:58:50.244+0530] {logging_mixin.py:188} INFO - [2024-03-14T07:58:50.244+0530] {dagbag.py:540} INFO - Filling up the DagBag from /home/kai/airflow/dags/hello_world_dag.py
[2024-03-14T07:58:50.254+0530] {processor.py:840} INFO - DAG(s) 'hello_world' retrieved from /home/kai/airflow/dags/hello_world_dag.py
[2024-03-14T07:58:50.274+0530] {logging_mixin.py:188} INFO - [2024-03-14T07:58:50.274+0530] {dag.py:3047} INFO - Sync 1 DAGs
[2024-03-14T07:58:50.292+0530] {logging_mixin.py:188} INFO - [2024-03-14T07:58:50.292+0530] {dag.py:3834} INFO - Setting next_dagrun for hello_world to 2024-03-13 00:00:00+00:00, run_after=2024-03-14 00:00:00+00:00
[2024-03-14T07:58:50.325+0530] {processor.py:183} INFO - Processing /home/kai/airflow/dags/hello_world_dag.py took 0.088 seconds
[2024-03-14T07:59:20.993+0530] {processor.py:161} INFO - Started process (PID=309027) to work on /home/kai/airflow/dags/hello_world_dag.py
[2024-03-14T07:59:20.997+0530] {processor.py:830} INFO - Processing file /home/kai/airflow/dags/hello_world_dag.py for tasks to queue
[2024-03-14T07:59:20.998+0530] {logging_mixin.py:188} INFO - [2024-03-14T07:59:20.998+0530] {dagbag.py:540} INFO - Filling up the DagBag from /home/kai/airflow/dags/hello_world_dag.py
[2024-03-14T07:59:21.014+0530] {processor.py:840} INFO - DAG(s) 'hello_world' retrieved from /home/kai/airflow/dags/hello_world_dag.py
[2024-03-14T07:59:21.035+0530] {logging_mixin.py:188} INFO - [2024-03-14T07:59:21.035+0530] {dag.py:3047} INFO - Sync 1 DAGs
[2024-03-14T07:59:21.053+0530] {logging_mixin.py:188} INFO - [2024-03-14T07:59:21.053+0530] {dag.py:3834} INFO - Setting next_dagrun for hello_world to 2024-03-13 00:00:00+00:00, run_after=2024-03-14 00:00:00+00:00
[2024-03-14T07:59:21.089+0530] {processor.py:183} INFO - Processing /home/kai/airflow/dags/hello_world_dag.py took 0.101 seconds
[2024-03-14T07:59:51.804+0530] {processor.py:161} INFO - Started process (PID=309078) to work on /home/kai/airflow/dags/hello_world_dag.py
[2024-03-14T07:59:51.806+0530] {processor.py:830} INFO - Processing file /home/kai/airflow/dags/hello_world_dag.py for tasks to queue
[2024-03-14T07:59:51.807+0530] {logging_mixin.py:188} INFO - [2024-03-14T07:59:51.806+0530] {dagbag.py:540} INFO - Filling up the DagBag from /home/kai/airflow/dags/hello_world_dag.py
[2024-03-14T07:59:51.820+0530] {processor.py:840} INFO - DAG(s) 'hello_world' retrieved from /home/kai/airflow/dags/hello_world_dag.py
[2024-03-14T07:59:51.847+0530] {logging_mixin.py:188} INFO - [2024-03-14T07:59:51.846+0530] {dag.py:3047} INFO - Sync 1 DAGs
[2024-03-14T07:59:51.868+0530] {logging_mixin.py:188} INFO - [2024-03-14T07:59:51.867+0530] {dag.py:3834} INFO - Setting next_dagrun for hello_world to 2024-03-13 00:00:00+00:00, run_after=2024-03-14 00:00:00+00:00
[2024-03-14T07:59:51.924+0530] {processor.py:183} INFO - Processing /home/kai/airflow/dags/hello_world_dag.py took 0.125 seconds
[2024-03-14T08:00:22.682+0530] {processor.py:161} INFO - Started process (PID=309131) to work on /home/kai/airflow/dags/hello_world_dag.py
[2024-03-14T08:00:22.687+0530] {processor.py:830} INFO - Processing file /home/kai/airflow/dags/hello_world_dag.py for tasks to queue
[2024-03-14T08:00:22.689+0530] {logging_mixin.py:188} INFO - [2024-03-14T08:00:22.688+0530] {dagbag.py:540} INFO - Filling up the DagBag from /home/kai/airflow/dags/hello_world_dag.py
[2024-03-14T08:00:22.705+0530] {processor.py:840} INFO - DAG(s) 'hello_world' retrieved from /home/kai/airflow/dags/hello_world_dag.py
[2024-03-14T08:00:22.734+0530] {logging_mixin.py:188} INFO - [2024-03-14T08:00:22.733+0530] {dag.py:3047} INFO - Sync 1 DAGs
[2024-03-14T08:00:22.764+0530] {logging_mixin.py:188} INFO - [2024-03-14T08:00:22.764+0530] {dag.py:3834} INFO - Setting next_dagrun for hello_world to 2024-03-13 00:00:00+00:00, run_after=2024-03-14 00:00:00+00:00
[2024-03-14T08:00:22.810+0530] {processor.py:183} INFO - Processing /home/kai/airflow/dags/hello_world_dag.py took 0.133 seconds
[2024-03-14T08:00:53.580+0530] {processor.py:161} INFO - Started process (PID=309184) to work on /home/kai/airflow/dags/hello_world_dag.py
[2024-03-14T08:00:53.582+0530] {processor.py:830} INFO - Processing file /home/kai/airflow/dags/hello_world_dag.py for tasks to queue
[2024-03-14T08:00:53.583+0530] {logging_mixin.py:188} INFO - [2024-03-14T08:00:53.582+0530] {dagbag.py:540} INFO - Filling up the DagBag from /home/kai/airflow/dags/hello_world_dag.py
[2024-03-14T08:00:53.595+0530] {processor.py:840} INFO - DAG(s) 'hello_world' retrieved from /home/kai/airflow/dags/hello_world_dag.py
[2024-03-14T08:00:53.620+0530] {logging_mixin.py:188} INFO - [2024-03-14T08:00:53.620+0530] {dag.py:3047} INFO - Sync 1 DAGs
[2024-03-14T08:00:53.644+0530] {logging_mixin.py:188} INFO - [2024-03-14T08:00:53.643+0530] {dag.py:3834} INFO - Setting next_dagrun for hello_world to 2024-03-13 00:00:00+00:00, run_after=2024-03-14 00:00:00+00:00
[2024-03-14T08:00:53.688+0530] {processor.py:183} INFO - Processing /home/kai/airflow/dags/hello_world_dag.py took 0.111 seconds
[2024-03-14T08:01:24.857+0530] {processor.py:161} INFO - Started process (PID=309236) to work on /home/kai/airflow/dags/hello_world_dag.py
[2024-03-14T08:01:24.861+0530] {processor.py:830} INFO - Processing file /home/kai/airflow/dags/hello_world_dag.py for tasks to queue
[2024-03-14T08:01:24.862+0530] {logging_mixin.py:188} INFO - [2024-03-14T08:01:24.862+0530] {dagbag.py:540} INFO - Filling up the DagBag from /home/kai/airflow/dags/hello_world_dag.py
[2024-03-14T08:01:24.874+0530] {processor.py:840} INFO - DAG(s) 'hello_world' retrieved from /home/kai/airflow/dags/hello_world_dag.py
[2024-03-14T08:01:24.893+0530] {logging_mixin.py:188} INFO - [2024-03-14T08:01:24.893+0530] {dag.py:3047} INFO - Sync 1 DAGs
[2024-03-14T08:01:24.911+0530] {logging_mixin.py:188} INFO - [2024-03-14T08:01:24.911+0530] {dag.py:3834} INFO - Setting next_dagrun for hello_world to 2024-03-13 00:00:00+00:00, run_after=2024-03-14 00:00:00+00:00
[2024-03-14T08:01:24.944+0530] {processor.py:183} INFO - Processing /home/kai/airflow/dags/hello_world_dag.py took 0.092 seconds
[2024-03-14T08:01:55.964+0530] {processor.py:161} INFO - Started process (PID=309288) to work on /home/kai/airflow/dags/hello_world_dag.py
[2024-03-14T08:01:55.967+0530] {processor.py:830} INFO - Processing file /home/kai/airflow/dags/hello_world_dag.py for tasks to queue
[2024-03-14T08:01:55.968+0530] {logging_mixin.py:188} INFO - [2024-03-14T08:01:55.968+0530] {dagbag.py:540} INFO - Filling up the DagBag from /home/kai/airflow/dags/hello_world_dag.py
[2024-03-14T08:01:55.981+0530] {processor.py:840} INFO - DAG(s) 'hello_world' retrieved from /home/kai/airflow/dags/hello_world_dag.py
[2024-03-14T08:01:56.003+0530] {logging_mixin.py:188} INFO - [2024-03-14T08:01:56.003+0530] {dag.py:3047} INFO - Sync 1 DAGs
[2024-03-14T08:01:56.025+0530] {logging_mixin.py:188} INFO - [2024-03-14T08:01:56.025+0530] {dag.py:3834} INFO - Setting next_dagrun for hello_world to 2024-03-13 00:00:00+00:00, run_after=2024-03-14 00:00:00+00:00
[2024-03-14T08:01:56.059+0530] {processor.py:183} INFO - Processing /home/kai/airflow/dags/hello_world_dag.py took 0.099 seconds
[2024-03-14T08:02:27.212+0530] {processor.py:161} INFO - Started process (PID=309339) to work on /home/kai/airflow/dags/hello_world_dag.py
[2024-03-14T08:02:27.215+0530] {processor.py:830} INFO - Processing file /home/kai/airflow/dags/hello_world_dag.py for tasks to queue
[2024-03-14T08:02:27.216+0530] {logging_mixin.py:188} INFO - [2024-03-14T08:02:27.216+0530] {dagbag.py:540} INFO - Filling up the DagBag from /home/kai/airflow/dags/hello_world_dag.py
[2024-03-14T08:02:27.227+0530] {processor.py:840} INFO - DAG(s) 'hello_world' retrieved from /home/kai/airflow/dags/hello_world_dag.py
[2024-03-14T08:02:27.247+0530] {logging_mixin.py:188} INFO - [2024-03-14T08:02:27.247+0530] {dag.py:3047} INFO - Sync 1 DAGs
[2024-03-14T08:02:27.264+0530] {logging_mixin.py:188} INFO - [2024-03-14T08:02:27.264+0530] {dag.py:3834} INFO - Setting next_dagrun for hello_world to 2024-03-13 00:00:00+00:00, run_after=2024-03-14 00:00:00+00:00
[2024-03-14T08:02:27.307+0530] {processor.py:183} INFO - Processing /home/kai/airflow/dags/hello_world_dag.py took 0.098 seconds
[2024-03-14T08:02:58.227+0530] {processor.py:161} INFO - Started process (PID=309391) to work on /home/kai/airflow/dags/hello_world_dag.py
[2024-03-14T08:02:58.230+0530] {processor.py:830} INFO - Processing file /home/kai/airflow/dags/hello_world_dag.py for tasks to queue
[2024-03-14T08:02:58.231+0530] {logging_mixin.py:188} INFO - [2024-03-14T08:02:58.231+0530] {dagbag.py:540} INFO - Filling up the DagBag from /home/kai/airflow/dags/hello_world_dag.py
[2024-03-14T08:02:58.241+0530] {processor.py:840} INFO - DAG(s) 'hello_world' retrieved from /home/kai/airflow/dags/hello_world_dag.py
[2024-03-14T08:02:58.260+0530] {logging_mixin.py:188} INFO - [2024-03-14T08:02:58.260+0530] {dag.py:3047} INFO - Sync 1 DAGs
[2024-03-14T08:02:58.283+0530] {logging_mixin.py:188} INFO - [2024-03-14T08:02:58.283+0530] {dag.py:3834} INFO - Setting next_dagrun for hello_world to 2024-03-13 00:00:00+00:00, run_after=2024-03-14 00:00:00+00:00
[2024-03-14T08:02:58.318+0530] {processor.py:183} INFO - Processing /home/kai/airflow/dags/hello_world_dag.py took 0.094 seconds
[2024-03-14T08:03:29.389+0530] {processor.py:161} INFO - Started process (PID=309444) to work on /home/kai/airflow/dags/hello_world_dag.py
[2024-03-14T08:03:29.392+0530] {processor.py:830} INFO - Processing file /home/kai/airflow/dags/hello_world_dag.py for tasks to queue
[2024-03-14T08:03:29.393+0530] {logging_mixin.py:188} INFO - [2024-03-14T08:03:29.393+0530] {dagbag.py:540} INFO - Filling up the DagBag from /home/kai/airflow/dags/hello_world_dag.py
[2024-03-14T08:03:29.407+0530] {processor.py:840} INFO - DAG(s) 'hello_world' retrieved from /home/kai/airflow/dags/hello_world_dag.py
[2024-03-14T08:03:29.430+0530] {logging_mixin.py:188} INFO - [2024-03-14T08:03:29.430+0530] {dag.py:3047} INFO - Sync 1 DAGs
[2024-03-14T08:03:29.448+0530] {logging_mixin.py:188} INFO - [2024-03-14T08:03:29.448+0530] {dag.py:3834} INFO - Setting next_dagrun for hello_world to 2024-03-13 00:00:00+00:00, run_after=2024-03-14 00:00:00+00:00
[2024-03-14T08:03:29.497+0530] {processor.py:183} INFO - Processing /home/kai/airflow/dags/hello_world_dag.py took 0.111 seconds
[2024-03-14T08:04:00.387+0530] {processor.py:161} INFO - Started process (PID=309496) to work on /home/kai/airflow/dags/hello_world_dag.py
[2024-03-14T08:04:00.391+0530] {processor.py:830} INFO - Processing file /home/kai/airflow/dags/hello_world_dag.py for tasks to queue
[2024-03-14T08:04:00.393+0530] {logging_mixin.py:188} INFO - [2024-03-14T08:04:00.392+0530] {dagbag.py:540} INFO - Filling up the DagBag from /home/kai/airflow/dags/hello_world_dag.py
[2024-03-14T08:04:00.404+0530] {processor.py:840} INFO - DAG(s) 'hello_world' retrieved from /home/kai/airflow/dags/hello_world_dag.py
[2024-03-14T08:04:00.424+0530] {logging_mixin.py:188} INFO - [2024-03-14T08:04:00.423+0530] {dag.py:3047} INFO - Sync 1 DAGs
[2024-03-14T08:04:00.441+0530] {logging_mixin.py:188} INFO - [2024-03-14T08:04:00.440+0530] {dag.py:3834} INFO - Setting next_dagrun for hello_world to 2024-03-13 00:00:00+00:00, run_after=2024-03-14 00:00:00+00:00
[2024-03-14T08:04:00.478+0530] {processor.py:183} INFO - Processing /home/kai/airflow/dags/hello_world_dag.py took 0.099 seconds
[2024-03-14T08:04:31.156+0530] {processor.py:161} INFO - Started process (PID=309547) to work on /home/kai/airflow/dags/hello_world_dag.py
[2024-03-14T08:04:31.159+0530] {processor.py:830} INFO - Processing file /home/kai/airflow/dags/hello_world_dag.py for tasks to queue
[2024-03-14T08:04:31.160+0530] {logging_mixin.py:188} INFO - [2024-03-14T08:04:31.160+0530] {dagbag.py:540} INFO - Filling up the DagBag from /home/kai/airflow/dags/hello_world_dag.py
[2024-03-14T08:04:31.171+0530] {processor.py:840} INFO - DAG(s) 'hello_world' retrieved from /home/kai/airflow/dags/hello_world_dag.py
[2024-03-14T08:04:31.190+0530] {logging_mixin.py:188} INFO - [2024-03-14T08:04:31.190+0530] {dag.py:3047} INFO - Sync 1 DAGs
[2024-03-14T08:04:31.208+0530] {logging_mixin.py:188} INFO - [2024-03-14T08:04:31.207+0530] {dag.py:3834} INFO - Setting next_dagrun for hello_world to 2024-03-13 00:00:00+00:00, run_after=2024-03-14 00:00:00+00:00
[2024-03-14T08:04:31.244+0530] {processor.py:183} INFO - Processing /home/kai/airflow/dags/hello_world_dag.py took 0.091 seconds
[2024-03-14T08:05:02.019+0530] {processor.py:161} INFO - Started process (PID=309602) to work on /home/kai/airflow/dags/hello_world_dag.py
[2024-03-14T08:05:02.022+0530] {processor.py:830} INFO - Processing file /home/kai/airflow/dags/hello_world_dag.py for tasks to queue
[2024-03-14T08:05:02.023+0530] {logging_mixin.py:188} INFO - [2024-03-14T08:05:02.022+0530] {dagbag.py:540} INFO - Filling up the DagBag from /home/kai/airflow/dags/hello_world_dag.py
[2024-03-14T08:05:02.033+0530] {processor.py:840} INFO - DAG(s) 'hello_world' retrieved from /home/kai/airflow/dags/hello_world_dag.py
[2024-03-14T08:05:02.053+0530] {logging_mixin.py:188} INFO - [2024-03-14T08:05:02.053+0530] {dag.py:3047} INFO - Sync 1 DAGs
[2024-03-14T08:05:02.071+0530] {logging_mixin.py:188} INFO - [2024-03-14T08:05:02.071+0530] {dag.py:3834} INFO - Setting next_dagrun for hello_world to 2024-03-13 00:00:00+00:00, run_after=2024-03-14 00:00:00+00:00
[2024-03-14T08:05:02.107+0530] {processor.py:183} INFO - Processing /home/kai/airflow/dags/hello_world_dag.py took 0.091 seconds
[2024-03-14T08:05:32.435+0530] {processor.py:161} INFO - Started process (PID=309655) to work on /home/kai/airflow/dags/hello_world_dag.py
[2024-03-14T08:05:32.438+0530] {processor.py:830} INFO - Processing file /home/kai/airflow/dags/hello_world_dag.py for tasks to queue
[2024-03-14T08:05:32.439+0530] {logging_mixin.py:188} INFO - [2024-03-14T08:05:32.438+0530] {dagbag.py:540} INFO - Filling up the DagBag from /home/kai/airflow/dags/hello_world_dag.py
[2024-03-14T08:05:32.449+0530] {processor.py:840} INFO - DAG(s) 'hello_world' retrieved from /home/kai/airflow/dags/hello_world_dag.py
[2024-03-14T08:05:32.469+0530] {logging_mixin.py:188} INFO - [2024-03-14T08:05:32.469+0530] {dag.py:3047} INFO - Sync 1 DAGs
[2024-03-14T08:05:32.486+0530] {logging_mixin.py:188} INFO - [2024-03-14T08:05:32.486+0530] {dag.py:3834} INFO - Setting next_dagrun for hello_world to 2024-03-13 00:00:00+00:00, run_after=2024-03-14 00:00:00+00:00
[2024-03-14T08:05:32.523+0530] {processor.py:183} INFO - Processing /home/kai/airflow/dags/hello_world_dag.py took 0.091 seconds
[2024-03-14T08:06:03.933+0530] {processor.py:161} INFO - Started process (PID=309707) to work on /home/kai/airflow/dags/hello_world_dag.py
[2024-03-14T08:06:03.936+0530] {processor.py:830} INFO - Processing file /home/kai/airflow/dags/hello_world_dag.py for tasks to queue
[2024-03-14T08:06:03.937+0530] {logging_mixin.py:188} INFO - [2024-03-14T08:06:03.937+0530] {dagbag.py:540} INFO - Filling up the DagBag from /home/kai/airflow/dags/hello_world_dag.py
[2024-03-14T08:06:03.949+0530] {processor.py:840} INFO - DAG(s) 'hello_world' retrieved from /home/kai/airflow/dags/hello_world_dag.py
[2024-03-14T08:06:03.970+0530] {logging_mixin.py:188} INFO - [2024-03-14T08:06:03.970+0530] {dag.py:3047} INFO - Sync 1 DAGs
[2024-03-14T08:06:03.990+0530] {logging_mixin.py:188} INFO - [2024-03-14T08:06:03.989+0530] {dag.py:3834} INFO - Setting next_dagrun for hello_world to 2024-03-13 00:00:00+00:00, run_after=2024-03-14 00:00:00+00:00
[2024-03-14T08:06:04.033+0530] {processor.py:183} INFO - Processing /home/kai/airflow/dags/hello_world_dag.py took 0.103 seconds
[2024-03-14T08:06:34.982+0530] {processor.py:161} INFO - Started process (PID=309758) to work on /home/kai/airflow/dags/hello_world_dag.py
[2024-03-14T08:06:34.985+0530] {processor.py:830} INFO - Processing file /home/kai/airflow/dags/hello_world_dag.py for tasks to queue
[2024-03-14T08:06:34.986+0530] {logging_mixin.py:188} INFO - [2024-03-14T08:06:34.985+0530] {dagbag.py:540} INFO - Filling up the DagBag from /home/kai/airflow/dags/hello_world_dag.py
[2024-03-14T08:06:34.996+0530] {processor.py:840} INFO - DAG(s) 'hello_world' retrieved from /home/kai/airflow/dags/hello_world_dag.py
[2024-03-14T08:06:35.016+0530] {logging_mixin.py:188} INFO - [2024-03-14T08:06:35.015+0530] {dag.py:3047} INFO - Sync 1 DAGs
[2024-03-14T08:06:35.032+0530] {logging_mixin.py:188} INFO - [2024-03-14T08:06:35.032+0530] {dag.py:3834} INFO - Setting next_dagrun for hello_world to 2024-03-13 00:00:00+00:00, run_after=2024-03-14 00:00:00+00:00
[2024-03-14T08:06:35.065+0530] {processor.py:183} INFO - Processing /home/kai/airflow/dags/hello_world_dag.py took 0.086 seconds
[2024-03-14T08:07:05.933+0530] {processor.py:161} INFO - Started process (PID=309810) to work on /home/kai/airflow/dags/hello_world_dag.py
[2024-03-14T08:07:05.935+0530] {processor.py:830} INFO - Processing file /home/kai/airflow/dags/hello_world_dag.py for tasks to queue
[2024-03-14T08:07:05.936+0530] {logging_mixin.py:188} INFO - [2024-03-14T08:07:05.936+0530] {dagbag.py:540} INFO - Filling up the DagBag from /home/kai/airflow/dags/hello_world_dag.py
[2024-03-14T08:07:05.952+0530] {processor.py:840} INFO - DAG(s) 'hello_world' retrieved from /home/kai/airflow/dags/hello_world_dag.py
[2024-03-14T08:07:05.973+0530] {logging_mixin.py:188} INFO - [2024-03-14T08:07:05.973+0530] {dag.py:3047} INFO - Sync 1 DAGs
[2024-03-14T08:07:05.991+0530] {logging_mixin.py:188} INFO - [2024-03-14T08:07:05.991+0530] {dag.py:3834} INFO - Setting next_dagrun for hello_world to 2024-03-13 00:00:00+00:00, run_after=2024-03-14 00:00:00+00:00
[2024-03-14T08:07:06.028+0530] {processor.py:183} INFO - Processing /home/kai/airflow/dags/hello_world_dag.py took 0.100 seconds
[2024-03-14T08:07:36.684+0530] {processor.py:161} INFO - Started process (PID=309862) to work on /home/kai/airflow/dags/hello_world_dag.py
[2024-03-14T08:07:36.687+0530] {processor.py:830} INFO - Processing file /home/kai/airflow/dags/hello_world_dag.py for tasks to queue
[2024-03-14T08:07:36.688+0530] {logging_mixin.py:188} INFO - [2024-03-14T08:07:36.688+0530] {dagbag.py:540} INFO - Filling up the DagBag from /home/kai/airflow/dags/hello_world_dag.py
[2024-03-14T08:07:36.699+0530] {processor.py:840} INFO - DAG(s) 'hello_world' retrieved from /home/kai/airflow/dags/hello_world_dag.py
[2024-03-14T08:07:36.719+0530] {logging_mixin.py:188} INFO - [2024-03-14T08:07:36.719+0530] {dag.py:3047} INFO - Sync 1 DAGs
[2024-03-14T08:07:36.736+0530] {logging_mixin.py:188} INFO - [2024-03-14T08:07:36.736+0530] {dag.py:3834} INFO - Setting next_dagrun for hello_world to 2024-03-13 00:00:00+00:00, run_after=2024-03-14 00:00:00+00:00
[2024-03-14T08:07:36.774+0530] {processor.py:183} INFO - Processing /home/kai/airflow/dags/hello_world_dag.py took 0.093 seconds
[2024-03-14T08:08:07.370+0530] {processor.py:161} INFO - Started process (PID=309915) to work on /home/kai/airflow/dags/hello_world_dag.py
[2024-03-14T08:08:07.373+0530] {processor.py:830} INFO - Processing file /home/kai/airflow/dags/hello_world_dag.py for tasks to queue
[2024-03-14T08:08:07.374+0530] {logging_mixin.py:188} INFO - [2024-03-14T08:08:07.374+0530] {dagbag.py:540} INFO - Filling up the DagBag from /home/kai/airflow/dags/hello_world_dag.py
[2024-03-14T08:08:07.384+0530] {processor.py:840} INFO - DAG(s) 'hello_world' retrieved from /home/kai/airflow/dags/hello_world_dag.py
[2024-03-14T08:08:07.404+0530] {logging_mixin.py:188} INFO - [2024-03-14T08:08:07.403+0530] {dag.py:3047} INFO - Sync 1 DAGs
[2024-03-14T08:08:07.421+0530] {logging_mixin.py:188} INFO - [2024-03-14T08:08:07.420+0530] {dag.py:3834} INFO - Setting next_dagrun for hello_world to 2024-03-13 00:00:00+00:00, run_after=2024-03-14 00:00:00+00:00
[2024-03-14T08:08:07.455+0530] {processor.py:183} INFO - Processing /home/kai/airflow/dags/hello_world_dag.py took 0.088 seconds
[2024-03-14T08:08:38.166+0530] {processor.py:161} INFO - Started process (PID=309967) to work on /home/kai/airflow/dags/hello_world_dag.py
[2024-03-14T08:08:38.168+0530] {processor.py:830} INFO - Processing file /home/kai/airflow/dags/hello_world_dag.py for tasks to queue
[2024-03-14T08:08:38.169+0530] {logging_mixin.py:188} INFO - [2024-03-14T08:08:38.169+0530] {dagbag.py:540} INFO - Filling up the DagBag from /home/kai/airflow/dags/hello_world_dag.py
[2024-03-14T08:08:38.184+0530] {processor.py:840} INFO - DAG(s) 'hello_world' retrieved from /home/kai/airflow/dags/hello_world_dag.py
[2024-03-14T08:08:38.208+0530] {logging_mixin.py:188} INFO - [2024-03-14T08:08:38.208+0530] {dag.py:3047} INFO - Sync 1 DAGs
[2024-03-14T08:08:38.228+0530] {logging_mixin.py:188} INFO - [2024-03-14T08:08:38.228+0530] {dag.py:3834} INFO - Setting next_dagrun for hello_world to 2024-03-13 00:00:00+00:00, run_after=2024-03-14 00:00:00+00:00
[2024-03-14T08:08:38.263+0530] {processor.py:183} INFO - Processing /home/kai/airflow/dags/hello_world_dag.py took 0.102 seconds
[2024-03-14T08:09:09.183+0530] {processor.py:161} INFO - Started process (PID=310018) to work on /home/kai/airflow/dags/hello_world_dag.py
[2024-03-14T08:09:09.186+0530] {processor.py:830} INFO - Processing file /home/kai/airflow/dags/hello_world_dag.py for tasks to queue
[2024-03-14T08:09:09.187+0530] {logging_mixin.py:188} INFO - [2024-03-14T08:09:09.187+0530] {dagbag.py:540} INFO - Filling up the DagBag from /home/kai/airflow/dags/hello_world_dag.py
[2024-03-14T08:09:09.202+0530] {processor.py:840} INFO - DAG(s) 'hello_world' retrieved from /home/kai/airflow/dags/hello_world_dag.py
[2024-03-14T08:09:09.222+0530] {logging_mixin.py:188} INFO - [2024-03-14T08:09:09.222+0530] {dag.py:3047} INFO - Sync 1 DAGs
[2024-03-14T08:09:09.240+0530] {logging_mixin.py:188} INFO - [2024-03-14T08:09:09.240+0530] {dag.py:3834} INFO - Setting next_dagrun for hello_world to 2024-03-13 00:00:00+00:00, run_after=2024-03-14 00:00:00+00:00
[2024-03-14T08:09:09.280+0530] {processor.py:183} INFO - Processing /home/kai/airflow/dags/hello_world_dag.py took 0.102 seconds
[2024-03-14T08:09:40.243+0530] {processor.py:161} INFO - Started process (PID=310070) to work on /home/kai/airflow/dags/hello_world_dag.py
[2024-03-14T08:09:40.246+0530] {processor.py:830} INFO - Processing file /home/kai/airflow/dags/hello_world_dag.py for tasks to queue
[2024-03-14T08:09:40.247+0530] {logging_mixin.py:188} INFO - [2024-03-14T08:09:40.247+0530] {dagbag.py:540} INFO - Filling up the DagBag from /home/kai/airflow/dags/hello_world_dag.py
[2024-03-14T08:09:40.258+0530] {processor.py:840} INFO - DAG(s) 'hello_world' retrieved from /home/kai/airflow/dags/hello_world_dag.py
[2024-03-14T08:09:40.278+0530] {logging_mixin.py:188} INFO - [2024-03-14T08:09:40.278+0530] {dag.py:3047} INFO - Sync 1 DAGs
[2024-03-14T08:09:40.295+0530] {logging_mixin.py:188} INFO - [2024-03-14T08:09:40.295+0530] {dag.py:3834} INFO - Setting next_dagrun for hello_world to 2024-03-13 00:00:00+00:00, run_after=2024-03-14 00:00:00+00:00
[2024-03-14T08:09:40.332+0530] {processor.py:183} INFO - Processing /home/kai/airflow/dags/hello_world_dag.py took 0.093 seconds
[2024-03-14T08:10:11.319+0530] {processor.py:161} INFO - Started process (PID=310124) to work on /home/kai/airflow/dags/hello_world_dag.py
[2024-03-14T08:10:11.320+0530] {processor.py:830} INFO - Processing file /home/kai/airflow/dags/hello_world_dag.py for tasks to queue
[2024-03-14T08:10:11.321+0530] {logging_mixin.py:188} INFO - [2024-03-14T08:10:11.321+0530] {dagbag.py:540} INFO - Filling up the DagBag from /home/kai/airflow/dags/hello_world_dag.py
[2024-03-14T08:10:11.332+0530] {processor.py:840} INFO - DAG(s) 'hello_world' retrieved from /home/kai/airflow/dags/hello_world_dag.py
[2024-03-14T08:10:11.353+0530] {logging_mixin.py:188} INFO - [2024-03-14T08:10:11.353+0530] {dag.py:3047} INFO - Sync 1 DAGs
[2024-03-14T08:10:11.371+0530] {logging_mixin.py:188} INFO - [2024-03-14T08:10:11.371+0530] {dag.py:3834} INFO - Setting next_dagrun for hello_world to 2024-03-13 00:00:00+00:00, run_after=2024-03-14 00:00:00+00:00
[2024-03-14T08:10:11.411+0530] {processor.py:183} INFO - Processing /home/kai/airflow/dags/hello_world_dag.py took 0.094 seconds
[2024-03-14T08:10:42.050+0530] {processor.py:161} INFO - Started process (PID=310176) to work on /home/kai/airflow/dags/hello_world_dag.py
[2024-03-14T08:10:42.053+0530] {processor.py:830} INFO - Processing file /home/kai/airflow/dags/hello_world_dag.py for tasks to queue
[2024-03-14T08:10:42.055+0530] {logging_mixin.py:188} INFO - [2024-03-14T08:10:42.054+0530] {dagbag.py:540} INFO - Filling up the DagBag from /home/kai/airflow/dags/hello_world_dag.py
[2024-03-14T08:10:42.067+0530] {processor.py:840} INFO - DAG(s) 'hello_world' retrieved from /home/kai/airflow/dags/hello_world_dag.py
[2024-03-14T08:10:42.089+0530] {logging_mixin.py:188} INFO - [2024-03-14T08:10:42.089+0530] {dag.py:3047} INFO - Sync 1 DAGs
[2024-03-14T08:10:42.109+0530] {logging_mixin.py:188} INFO - [2024-03-14T08:10:42.108+0530] {dag.py:3834} INFO - Setting next_dagrun for hello_world to 2024-03-13 00:00:00+00:00, run_after=2024-03-14 00:00:00+00:00
[2024-03-14T08:10:42.161+0530] {processor.py:183} INFO - Processing /home/kai/airflow/dags/hello_world_dag.py took 0.115 seconds
[2024-03-14T08:11:12.977+0530] {processor.py:161} INFO - Started process (PID=310229) to work on /home/kai/airflow/dags/hello_world_dag.py
[2024-03-14T08:11:12.978+0530] {processor.py:830} INFO - Processing file /home/kai/airflow/dags/hello_world_dag.py for tasks to queue
[2024-03-14T08:11:12.979+0530] {logging_mixin.py:188} INFO - [2024-03-14T08:11:12.979+0530] {dagbag.py:540} INFO - Filling up the DagBag from /home/kai/airflow/dags/hello_world_dag.py
[2024-03-14T08:11:12.994+0530] {processor.py:840} INFO - DAG(s) 'hello_world' retrieved from /home/kai/airflow/dags/hello_world_dag.py
[2024-03-14T08:11:13.015+0530] {logging_mixin.py:188} INFO - [2024-03-14T08:11:13.015+0530] {dag.py:3047} INFO - Sync 1 DAGs
[2024-03-14T08:11:13.035+0530] {logging_mixin.py:188} INFO - [2024-03-14T08:11:13.034+0530] {dag.py:3834} INFO - Setting next_dagrun for hello_world to 2024-03-13 00:00:00+00:00, run_after=2024-03-14 00:00:00+00:00
[2024-03-14T08:11:13.072+0530] {processor.py:183} INFO - Processing /home/kai/airflow/dags/hello_world_dag.py took 0.098 seconds
[2024-03-14T08:11:44.838+0530] {processor.py:161} INFO - Started process (PID=310281) to work on /home/kai/airflow/dags/hello_world_dag.py
[2024-03-14T08:11:44.838+0530] {processor.py:830} INFO - Processing file /home/kai/airflow/dags/hello_world_dag.py for tasks to queue
[2024-03-14T08:11:44.839+0530] {logging_mixin.py:188} INFO - [2024-03-14T08:11:44.839+0530] {dagbag.py:540} INFO - Filling up the DagBag from /home/kai/airflow/dags/hello_world_dag.py
[2024-03-14T08:11:44.849+0530] {processor.py:840} INFO - DAG(s) 'hello_world' retrieved from /home/kai/airflow/dags/hello_world_dag.py
[2024-03-14T08:11:44.870+0530] {logging_mixin.py:188} INFO - [2024-03-14T08:11:44.870+0530] {dag.py:3047} INFO - Sync 1 DAGs
[2024-03-14T08:11:44.889+0530] {logging_mixin.py:188} INFO - [2024-03-14T08:11:44.889+0530] {dag.py:3834} INFO - Setting next_dagrun for hello_world to 2024-03-13 00:00:00+00:00, run_after=2024-03-14 00:00:00+00:00
[2024-03-14T08:11:44.930+0530] {processor.py:183} INFO - Processing /home/kai/airflow/dags/hello_world_dag.py took 0.095 seconds
[2024-03-14T08:12:15.998+0530] {processor.py:161} INFO - Started process (PID=310333) to work on /home/kai/airflow/dags/hello_world_dag.py
[2024-03-14T08:12:16.002+0530] {processor.py:830} INFO - Processing file /home/kai/airflow/dags/hello_world_dag.py for tasks to queue
[2024-03-14T08:12:16.003+0530] {logging_mixin.py:188} INFO - [2024-03-14T08:12:16.003+0530] {dagbag.py:540} INFO - Filling up the DagBag from /home/kai/airflow/dags/hello_world_dag.py
[2024-03-14T08:12:16.018+0530] {processor.py:840} INFO - DAG(s) 'hello_world' retrieved from /home/kai/airflow/dags/hello_world_dag.py
[2024-03-14T08:12:16.039+0530] {logging_mixin.py:188} INFO - [2024-03-14T08:12:16.039+0530] {dag.py:3047} INFO - Sync 1 DAGs
[2024-03-14T08:12:16.057+0530] {logging_mixin.py:188} INFO - [2024-03-14T08:12:16.057+0530] {dag.py:3834} INFO - Setting next_dagrun for hello_world to 2024-03-13 00:00:00+00:00, run_after=2024-03-14 00:00:00+00:00
[2024-03-14T08:12:16.102+0530] {processor.py:183} INFO - Processing /home/kai/airflow/dags/hello_world_dag.py took 0.112 seconds
[2024-03-14T08:12:47.099+0530] {processor.py:161} INFO - Started process (PID=310386) to work on /home/kai/airflow/dags/hello_world_dag.py
[2024-03-14T08:12:47.100+0530] {processor.py:830} INFO - Processing file /home/kai/airflow/dags/hello_world_dag.py for tasks to queue
[2024-03-14T08:12:47.101+0530] {logging_mixin.py:188} INFO - [2024-03-14T08:12:47.101+0530] {dagbag.py:540} INFO - Filling up the DagBag from /home/kai/airflow/dags/hello_world_dag.py
[2024-03-14T08:12:47.115+0530] {processor.py:840} INFO - DAG(s) 'hello_world' retrieved from /home/kai/airflow/dags/hello_world_dag.py
[2024-03-14T08:12:47.145+0530] {logging_mixin.py:188} INFO - [2024-03-14T08:12:47.145+0530] {dag.py:3047} INFO - Sync 1 DAGs
[2024-03-14T08:12:47.172+0530] {logging_mixin.py:188} INFO - [2024-03-14T08:12:47.172+0530] {dag.py:3834} INFO - Setting next_dagrun for hello_world to 2024-03-13 00:00:00+00:00, run_after=2024-03-14 00:00:00+00:00
[2024-03-14T08:12:47.211+0530] {processor.py:183} INFO - Processing /home/kai/airflow/dags/hello_world_dag.py took 0.116 seconds
[2024-03-14T08:13:17.793+0530] {processor.py:161} INFO - Started process (PID=310438) to work on /home/kai/airflow/dags/hello_world_dag.py
[2024-03-14T08:13:17.796+0530] {processor.py:830} INFO - Processing file /home/kai/airflow/dags/hello_world_dag.py for tasks to queue
[2024-03-14T08:13:17.797+0530] {logging_mixin.py:188} INFO - [2024-03-14T08:13:17.796+0530] {dagbag.py:540} INFO - Filling up the DagBag from /home/kai/airflow/dags/hello_world_dag.py
[2024-03-14T08:13:17.807+0530] {processor.py:840} INFO - DAG(s) 'hello_world' retrieved from /home/kai/airflow/dags/hello_world_dag.py
[2024-03-14T08:13:17.827+0530] {logging_mixin.py:188} INFO - [2024-03-14T08:13:17.827+0530] {dag.py:3047} INFO - Sync 1 DAGs
[2024-03-14T08:13:17.844+0530] {logging_mixin.py:188} INFO - [2024-03-14T08:13:17.844+0530] {dag.py:3834} INFO - Setting next_dagrun for hello_world to 2024-03-13 00:00:00+00:00, run_after=2024-03-14 00:00:00+00:00
[2024-03-14T08:13:17.878+0530] {processor.py:183} INFO - Processing /home/kai/airflow/dags/hello_world_dag.py took 0.088 seconds
[2024-03-14T08:13:48.539+0530] {processor.py:161} INFO - Started process (PID=310489) to work on /home/kai/airflow/dags/hello_world_dag.py
[2024-03-14T08:13:48.542+0530] {processor.py:830} INFO - Processing file /home/kai/airflow/dags/hello_world_dag.py for tasks to queue
[2024-03-14T08:13:48.543+0530] {logging_mixin.py:188} INFO - [2024-03-14T08:13:48.543+0530] {dagbag.py:540} INFO - Filling up the DagBag from /home/kai/airflow/dags/hello_world_dag.py
[2024-03-14T08:13:48.555+0530] {processor.py:840} INFO - DAG(s) 'hello_world' retrieved from /home/kai/airflow/dags/hello_world_dag.py
[2024-03-14T08:13:48.575+0530] {logging_mixin.py:188} INFO - [2024-03-14T08:13:48.575+0530] {dag.py:3047} INFO - Sync 1 DAGs
[2024-03-14T08:13:48.592+0530] {logging_mixin.py:188} INFO - [2024-03-14T08:13:48.592+0530] {dag.py:3834} INFO - Setting next_dagrun for hello_world to 2024-03-13 00:00:00+00:00, run_after=2024-03-14 00:00:00+00:00
[2024-03-14T08:13:48.630+0530] {processor.py:183} INFO - Processing /home/kai/airflow/dags/hello_world_dag.py took 0.094 seconds
[2024-03-14T08:14:19.125+0530] {processor.py:161} INFO - Started process (PID=310541) to work on /home/kai/airflow/dags/hello_world_dag.py
[2024-03-14T08:14:19.127+0530] {processor.py:830} INFO - Processing file /home/kai/airflow/dags/hello_world_dag.py for tasks to queue
[2024-03-14T08:14:19.128+0530] {logging_mixin.py:188} INFO - [2024-03-14T08:14:19.128+0530] {dagbag.py:540} INFO - Filling up the DagBag from /home/kai/airflow/dags/hello_world_dag.py
[2024-03-14T08:14:19.139+0530] {processor.py:840} INFO - DAG(s) 'hello_world' retrieved from /home/kai/airflow/dags/hello_world_dag.py
[2024-03-14T08:14:19.159+0530] {logging_mixin.py:188} INFO - [2024-03-14T08:14:19.158+0530] {dag.py:3047} INFO - Sync 1 DAGs
[2024-03-14T08:14:19.176+0530] {logging_mixin.py:188} INFO - [2024-03-14T08:14:19.175+0530] {dag.py:3834} INFO - Setting next_dagrun for hello_world to 2024-03-13 00:00:00+00:00, run_after=2024-03-14 00:00:00+00:00
[2024-03-14T08:14:19.216+0530] {processor.py:183} INFO - Processing /home/kai/airflow/dags/hello_world_dag.py took 0.095 seconds
[2024-03-14T08:14:49.813+0530] {processor.py:161} INFO - Started process (PID=310592) to work on /home/kai/airflow/dags/hello_world_dag.py
[2024-03-14T08:14:49.818+0530] {processor.py:830} INFO - Processing file /home/kai/airflow/dags/hello_world_dag.py for tasks to queue
[2024-03-14T08:14:49.819+0530] {logging_mixin.py:188} INFO - [2024-03-14T08:14:49.818+0530] {dagbag.py:540} INFO - Filling up the DagBag from /home/kai/airflow/dags/hello_world_dag.py
[2024-03-14T08:14:49.830+0530] {processor.py:840} INFO - DAG(s) 'hello_world' retrieved from /home/kai/airflow/dags/hello_world_dag.py
[2024-03-14T08:14:49.851+0530] {logging_mixin.py:188} INFO - [2024-03-14T08:14:49.850+0530] {dag.py:3047} INFO - Sync 1 DAGs
[2024-03-14T08:14:49.868+0530] {logging_mixin.py:188} INFO - [2024-03-14T08:14:49.868+0530] {dag.py:3834} INFO - Setting next_dagrun for hello_world to 2024-03-13 00:00:00+00:00, run_after=2024-03-14 00:00:00+00:00
[2024-03-14T08:14:49.906+0530] {processor.py:183} INFO - Processing /home/kai/airflow/dags/hello_world_dag.py took 0.096 seconds
[2024-03-14T08:15:20.658+0530] {processor.py:161} INFO - Started process (PID=310647) to work on /home/kai/airflow/dags/hello_world_dag.py
[2024-03-14T08:15:20.659+0530] {processor.py:830} INFO - Processing file /home/kai/airflow/dags/hello_world_dag.py for tasks to queue
[2024-03-14T08:15:20.660+0530] {logging_mixin.py:188} INFO - [2024-03-14T08:15:20.660+0530] {dagbag.py:540} INFO - Filling up the DagBag from /home/kai/airflow/dags/hello_world_dag.py
[2024-03-14T08:15:20.671+0530] {processor.py:840} INFO - DAG(s) 'hello_world' retrieved from /home/kai/airflow/dags/hello_world_dag.py
[2024-03-14T08:15:20.692+0530] {logging_mixin.py:188} INFO - [2024-03-14T08:15:20.691+0530] {dag.py:3047} INFO - Sync 1 DAGs
[2024-03-14T08:15:20.709+0530] {logging_mixin.py:188} INFO - [2024-03-14T08:15:20.708+0530] {dag.py:3834} INFO - Setting next_dagrun for hello_world to 2024-03-13 00:00:00+00:00, run_after=2024-03-14 00:00:00+00:00
[2024-03-14T08:15:20.745+0530] {processor.py:183} INFO - Processing /home/kai/airflow/dags/hello_world_dag.py took 0.091 seconds
[2024-03-14T08:15:51.202+0530] {processor.py:161} INFO - Started process (PID=310698) to work on /home/kai/airflow/dags/hello_world_dag.py
[2024-03-14T08:15:51.206+0530] {processor.py:830} INFO - Processing file /home/kai/airflow/dags/hello_world_dag.py for tasks to queue
[2024-03-14T08:15:51.207+0530] {logging_mixin.py:188} INFO - [2024-03-14T08:15:51.207+0530] {dagbag.py:540} INFO - Filling up the DagBag from /home/kai/airflow/dags/hello_world_dag.py
[2024-03-14T08:15:51.219+0530] {processor.py:840} INFO - DAG(s) 'hello_world' retrieved from /home/kai/airflow/dags/hello_world_dag.py
[2024-03-14T08:15:51.238+0530] {logging_mixin.py:188} INFO - [2024-03-14T08:15:51.238+0530] {dag.py:3047} INFO - Sync 1 DAGs
[2024-03-14T08:15:51.255+0530] {logging_mixin.py:188} INFO - [2024-03-14T08:15:51.255+0530] {dag.py:3834} INFO - Setting next_dagrun for hello_world to 2024-03-13 00:00:00+00:00, run_after=2024-03-14 00:00:00+00:00
[2024-03-14T08:15:51.289+0530] {processor.py:183} INFO - Processing /home/kai/airflow/dags/hello_world_dag.py took 0.091 seconds
[2024-03-14T08:16:21.923+0530] {processor.py:161} INFO - Started process (PID=310752) to work on /home/kai/airflow/dags/hello_world_dag.py
[2024-03-14T08:16:21.926+0530] {processor.py:830} INFO - Processing file /home/kai/airflow/dags/hello_world_dag.py for tasks to queue
[2024-03-14T08:16:21.927+0530] {logging_mixin.py:188} INFO - [2024-03-14T08:16:21.927+0530] {dagbag.py:540} INFO - Filling up the DagBag from /home/kai/airflow/dags/hello_world_dag.py
[2024-03-14T08:16:21.940+0530] {processor.py:840} INFO - DAG(s) 'hello_world' retrieved from /home/kai/airflow/dags/hello_world_dag.py
[2024-03-14T08:16:21.963+0530] {logging_mixin.py:188} INFO - [2024-03-14T08:16:21.963+0530] {dag.py:3047} INFO - Sync 1 DAGs
[2024-03-14T08:16:21.982+0530] {logging_mixin.py:188} INFO - [2024-03-14T08:16:21.981+0530] {dag.py:3834} INFO - Setting next_dagrun for hello_world to 2024-03-13 00:00:00+00:00, run_after=2024-03-14 00:00:00+00:00
[2024-03-14T08:16:22.019+0530] {processor.py:183} INFO - Processing /home/kai/airflow/dags/hello_world_dag.py took 0.100 seconds
