[2024-03-14T07:42:46.908+0530] {processor.py:161} INFO - Started process (PID=307324) to work on /home/kai/airflow/dags/multitask_dag.py
[2024-03-14T07:42:46.908+0530] {processor.py:830} INFO - Processing file /home/kai/airflow/dags/multitask_dag.py for tasks to queue
[2024-03-14T07:42:46.909+0530] {logging_mixin.py:188} INFO - [2024-03-14T07:42:46.909+0530] {dagbag.py:540} INFO - Filling up the DagBag from /home/kai/airflow/dags/multitask_dag.py
[2024-03-14T07:42:46.921+0530] {processor.py:840} INFO - DAG(s) 'multitask_dag' retrieved from /home/kai/airflow/dags/multitask_dag.py
[2024-03-14T07:42:47.001+0530] {logging_mixin.py:188} INFO - [2024-03-14T07:42:47.001+0530] {dag.py:3047} INFO - Sync 1 DAGs
[2024-03-14T07:42:47.016+0530] {logging_mixin.py:188} INFO - [2024-03-14T07:42:47.015+0530] {dag.py:3834} INFO - Setting next_dagrun for multitask_dag to 2024-03-13 00:00:00+00:00, run_after=2024-03-14 00:00:00+00:00
[2024-03-14T07:42:47.051+0530] {processor.py:183} INFO - Processing /home/kai/airflow/dags/multitask_dag.py took 0.146 seconds
[2024-03-14T07:43:17.738+0530] {processor.py:161} INFO - Started process (PID=307379) to work on /home/kai/airflow/dags/multitask_dag.py
[2024-03-14T07:43:17.741+0530] {processor.py:830} INFO - Processing file /home/kai/airflow/dags/multitask_dag.py for tasks to queue
[2024-03-14T07:43:17.742+0530] {logging_mixin.py:188} INFO - [2024-03-14T07:43:17.741+0530] {dagbag.py:540} INFO - Filling up the DagBag from /home/kai/airflow/dags/multitask_dag.py
[2024-03-14T07:43:17.754+0530] {processor.py:840} INFO - DAG(s) 'multitask_dag' retrieved from /home/kai/airflow/dags/multitask_dag.py
[2024-03-14T07:43:17.773+0530] {logging_mixin.py:188} INFO - [2024-03-14T07:43:17.773+0530] {dag.py:3047} INFO - Sync 1 DAGs
[2024-03-14T07:43:17.789+0530] {logging_mixin.py:188} INFO - [2024-03-14T07:43:17.789+0530] {dag.py:3834} INFO - Setting next_dagrun for multitask_dag to 2024-03-13 00:00:00+00:00, run_after=2024-03-14 00:00:00+00:00
[2024-03-14T07:43:17.823+0530] {processor.py:183} INFO - Processing /home/kai/airflow/dags/multitask_dag.py took 0.088 seconds
[2024-03-14T07:43:48.679+0530] {processor.py:161} INFO - Started process (PID=307432) to work on /home/kai/airflow/dags/multitask_dag.py
[2024-03-14T07:43:48.681+0530] {processor.py:830} INFO - Processing file /home/kai/airflow/dags/multitask_dag.py for tasks to queue
[2024-03-14T07:43:48.682+0530] {logging_mixin.py:188} INFO - [2024-03-14T07:43:48.681+0530] {dagbag.py:540} INFO - Filling up the DagBag from /home/kai/airflow/dags/multitask_dag.py
[2024-03-14T07:43:48.693+0530] {processor.py:840} INFO - DAG(s) 'multitask_dag' retrieved from /home/kai/airflow/dags/multitask_dag.py
[2024-03-14T07:43:48.713+0530] {logging_mixin.py:188} INFO - [2024-03-14T07:43:48.712+0530] {dag.py:3047} INFO - Sync 1 DAGs
[2024-03-14T07:43:48.729+0530] {logging_mixin.py:188} INFO - [2024-03-14T07:43:48.729+0530] {dag.py:3834} INFO - Setting next_dagrun for multitask_dag to 2024-03-13 00:00:00+00:00, run_after=2024-03-14 00:00:00+00:00
[2024-03-14T07:43:48.766+0530] {processor.py:183} INFO - Processing /home/kai/airflow/dags/multitask_dag.py took 0.090 seconds
[2024-03-14T07:44:19.073+0530] {processor.py:161} INFO - Started process (PID=307484) to work on /home/kai/airflow/dags/multitask_dag.py
[2024-03-14T07:44:19.074+0530] {processor.py:830} INFO - Processing file /home/kai/airflow/dags/multitask_dag.py for tasks to queue
[2024-03-14T07:44:19.075+0530] {logging_mixin.py:188} INFO - [2024-03-14T07:44:19.075+0530] {dagbag.py:540} INFO - Filling up the DagBag from /home/kai/airflow/dags/multitask_dag.py
[2024-03-14T07:44:19.088+0530] {processor.py:840} INFO - DAG(s) 'multitask_dag' retrieved from /home/kai/airflow/dags/multitask_dag.py
[2024-03-14T07:44:19.108+0530] {logging_mixin.py:188} INFO - [2024-03-14T07:44:19.108+0530] {dag.py:3047} INFO - Sync 1 DAGs
[2024-03-14T07:44:19.126+0530] {logging_mixin.py:188} INFO - [2024-03-14T07:44:19.125+0530] {dag.py:3834} INFO - Setting next_dagrun for multitask_dag to 2024-03-13 00:00:00+00:00, run_after=2024-03-14 00:00:00+00:00
[2024-03-14T07:44:19.173+0530] {processor.py:183} INFO - Processing /home/kai/airflow/dags/multitask_dag.py took 0.104 seconds
[2024-03-14T07:44:50.973+0530] {processor.py:161} INFO - Started process (PID=307537) to work on /home/kai/airflow/dags/multitask_dag.py
[2024-03-14T07:44:50.975+0530] {processor.py:830} INFO - Processing file /home/kai/airflow/dags/multitask_dag.py for tasks to queue
[2024-03-14T07:44:50.976+0530] {logging_mixin.py:188} INFO - [2024-03-14T07:44:50.976+0530] {dagbag.py:540} INFO - Filling up the DagBag from /home/kai/airflow/dags/multitask_dag.py
[2024-03-14T07:44:50.988+0530] {processor.py:840} INFO - DAG(s) 'multitask_dag' retrieved from /home/kai/airflow/dags/multitask_dag.py
[2024-03-14T07:44:51.008+0530] {logging_mixin.py:188} INFO - [2024-03-14T07:44:51.008+0530] {dag.py:3047} INFO - Sync 1 DAGs
[2024-03-14T07:44:51.024+0530] {logging_mixin.py:188} INFO - [2024-03-14T07:44:51.024+0530] {dag.py:3834} INFO - Setting next_dagrun for multitask_dag to 2024-03-13 00:00:00+00:00, run_after=2024-03-14 00:00:00+00:00
[2024-03-14T07:44:51.054+0530] {processor.py:183} INFO - Processing /home/kai/airflow/dags/multitask_dag.py took 0.084 seconds
[2024-03-14T07:45:21.687+0530] {processor.py:161} INFO - Started process (PID=307592) to work on /home/kai/airflow/dags/multitask_dag.py
[2024-03-14T07:45:21.688+0530] {processor.py:830} INFO - Processing file /home/kai/airflow/dags/multitask_dag.py for tasks to queue
[2024-03-14T07:45:21.689+0530] {logging_mixin.py:188} INFO - [2024-03-14T07:45:21.689+0530] {dagbag.py:540} INFO - Filling up the DagBag from /home/kai/airflow/dags/multitask_dag.py
[2024-03-14T07:45:21.701+0530] {processor.py:840} INFO - DAG(s) 'multitask_dag' retrieved from /home/kai/airflow/dags/multitask_dag.py
[2024-03-14T07:45:21.721+0530] {logging_mixin.py:188} INFO - [2024-03-14T07:45:21.721+0530] {dag.py:3047} INFO - Sync 1 DAGs
[2024-03-14T07:45:21.737+0530] {logging_mixin.py:188} INFO - [2024-03-14T07:45:21.737+0530] {dag.py:3834} INFO - Setting next_dagrun for multitask_dag to 2024-03-13 00:00:00+00:00, run_after=2024-03-14 00:00:00+00:00
[2024-03-14T07:45:21.770+0530] {processor.py:183} INFO - Processing /home/kai/airflow/dags/multitask_dag.py took 0.087 seconds
[2024-03-14T07:45:52.420+0530] {processor.py:161} INFO - Started process (PID=307643) to work on /home/kai/airflow/dags/multitask_dag.py
[2024-03-14T07:45:52.424+0530] {processor.py:830} INFO - Processing file /home/kai/airflow/dags/multitask_dag.py for tasks to queue
[2024-03-14T07:45:52.425+0530] {logging_mixin.py:188} INFO - [2024-03-14T07:45:52.425+0530] {dagbag.py:540} INFO - Filling up the DagBag from /home/kai/airflow/dags/multitask_dag.py
[2024-03-14T07:45:52.437+0530] {processor.py:840} INFO - DAG(s) 'multitask_dag' retrieved from /home/kai/airflow/dags/multitask_dag.py
[2024-03-14T07:45:52.456+0530] {logging_mixin.py:188} INFO - [2024-03-14T07:45:52.456+0530] {dag.py:3047} INFO - Sync 1 DAGs
[2024-03-14T07:45:52.473+0530] {logging_mixin.py:188} INFO - [2024-03-14T07:45:52.473+0530] {dag.py:3834} INFO - Setting next_dagrun for multitask_dag to 2024-03-13 00:00:00+00:00, run_after=2024-03-14 00:00:00+00:00
[2024-03-14T07:45:52.505+0530] {processor.py:183} INFO - Processing /home/kai/airflow/dags/multitask_dag.py took 0.088 seconds
[2024-03-14T07:46:23.140+0530] {processor.py:161} INFO - Started process (PID=307697) to work on /home/kai/airflow/dags/multitask_dag.py
[2024-03-14T07:46:23.145+0530] {processor.py:830} INFO - Processing file /home/kai/airflow/dags/multitask_dag.py for tasks to queue
[2024-03-14T07:46:23.146+0530] {logging_mixin.py:188} INFO - [2024-03-14T07:46:23.145+0530] {dagbag.py:540} INFO - Filling up the DagBag from /home/kai/airflow/dags/multitask_dag.py
[2024-03-14T07:46:23.157+0530] {processor.py:840} INFO - DAG(s) 'multitask_dag' retrieved from /home/kai/airflow/dags/multitask_dag.py
[2024-03-14T07:46:23.177+0530] {logging_mixin.py:188} INFO - [2024-03-14T07:46:23.177+0530] {dag.py:3047} INFO - Sync 1 DAGs
[2024-03-14T07:46:23.193+0530] {logging_mixin.py:188} INFO - [2024-03-14T07:46:23.193+0530] {dag.py:3834} INFO - Setting next_dagrun for multitask_dag to 2024-03-13 00:00:00+00:00, run_after=2024-03-14 00:00:00+00:00
[2024-03-14T07:46:23.224+0530] {processor.py:183} INFO - Processing /home/kai/airflow/dags/multitask_dag.py took 0.087 seconds
[2024-03-14T07:46:53.947+0530] {processor.py:161} INFO - Started process (PID=307748) to work on /home/kai/airflow/dags/multitask_dag.py
[2024-03-14T07:46:53.950+0530] {processor.py:830} INFO - Processing file /home/kai/airflow/dags/multitask_dag.py for tasks to queue
[2024-03-14T07:46:53.951+0530] {logging_mixin.py:188} INFO - [2024-03-14T07:46:53.951+0530] {dagbag.py:540} INFO - Filling up the DagBag from /home/kai/airflow/dags/multitask_dag.py
[2024-03-14T07:46:53.963+0530] {processor.py:840} INFO - DAG(s) 'multitask_dag' retrieved from /home/kai/airflow/dags/multitask_dag.py
[2024-03-14T07:46:53.983+0530] {logging_mixin.py:188} INFO - [2024-03-14T07:46:53.983+0530] {dag.py:3047} INFO - Sync 1 DAGs
[2024-03-14T07:46:54.000+0530] {logging_mixin.py:188} INFO - [2024-03-14T07:46:53.999+0530] {dag.py:3834} INFO - Setting next_dagrun for multitask_dag to 2024-03-13 00:00:00+00:00, run_after=2024-03-14 00:00:00+00:00
[2024-03-14T07:46:54.032+0530] {processor.py:183} INFO - Processing /home/kai/airflow/dags/multitask_dag.py took 0.088 seconds
[2024-03-14T07:47:26.113+0530] {processor.py:161} INFO - Started process (PID=307802) to work on /home/kai/airflow/dags/multitask_dag.py
[2024-03-14T07:47:26.114+0530] {processor.py:830} INFO - Processing file /home/kai/airflow/dags/multitask_dag.py for tasks to queue
[2024-03-14T07:47:26.114+0530] {logging_mixin.py:188} INFO - [2024-03-14T07:47:26.114+0530] {dagbag.py:540} INFO - Filling up the DagBag from /home/kai/airflow/dags/multitask_dag.py
[2024-03-14T07:47:26.128+0530] {processor.py:840} INFO - DAG(s) 'multitask_dag' retrieved from /home/kai/airflow/dags/multitask_dag.py
[2024-03-14T07:47:26.147+0530] {logging_mixin.py:188} INFO - [2024-03-14T07:47:26.147+0530] {dag.py:3047} INFO - Sync 1 DAGs
[2024-03-14T07:47:26.164+0530] {logging_mixin.py:188} INFO - [2024-03-14T07:47:26.164+0530] {dag.py:3834} INFO - Setting next_dagrun for multitask_dag to 2024-03-13 00:00:00+00:00, run_after=2024-03-14 00:00:00+00:00
[2024-03-14T07:47:26.200+0530] {processor.py:183} INFO - Processing /home/kai/airflow/dags/multitask_dag.py took 0.090 seconds
[2024-03-14T07:47:57.074+0530] {processor.py:161} INFO - Started process (PID=307854) to work on /home/kai/airflow/dags/multitask_dag.py
[2024-03-14T07:47:57.077+0530] {processor.py:830} INFO - Processing file /home/kai/airflow/dags/multitask_dag.py for tasks to queue
[2024-03-14T07:47:57.078+0530] {logging_mixin.py:188} INFO - [2024-03-14T07:47:57.078+0530] {dagbag.py:540} INFO - Filling up the DagBag from /home/kai/airflow/dags/multitask_dag.py
[2024-03-14T07:47:57.090+0530] {processor.py:840} INFO - DAG(s) 'multitask_dag' retrieved from /home/kai/airflow/dags/multitask_dag.py
[2024-03-14T07:47:57.109+0530] {logging_mixin.py:188} INFO - [2024-03-14T07:47:57.109+0530] {dag.py:3047} INFO - Sync 1 DAGs
[2024-03-14T07:47:57.125+0530] {logging_mixin.py:188} INFO - [2024-03-14T07:47:57.125+0530] {dag.py:3834} INFO - Setting next_dagrun for multitask_dag to 2024-03-13 00:00:00+00:00, run_after=2024-03-14 00:00:00+00:00
[2024-03-14T07:47:57.162+0530] {processor.py:183} INFO - Processing /home/kai/airflow/dags/multitask_dag.py took 0.091 seconds
[2024-03-14T07:48:27.865+0530] {processor.py:161} INFO - Started process (PID=307906) to work on /home/kai/airflow/dags/multitask_dag.py
[2024-03-14T07:48:27.868+0530] {processor.py:830} INFO - Processing file /home/kai/airflow/dags/multitask_dag.py for tasks to queue
[2024-03-14T07:48:27.869+0530] {logging_mixin.py:188} INFO - [2024-03-14T07:48:27.869+0530] {dagbag.py:540} INFO - Filling up the DagBag from /home/kai/airflow/dags/multitask_dag.py
[2024-03-14T07:48:27.882+0530] {processor.py:840} INFO - DAG(s) 'multitask_dag' retrieved from /home/kai/airflow/dags/multitask_dag.py
[2024-03-14T07:48:27.902+0530] {logging_mixin.py:188} INFO - [2024-03-14T07:48:27.902+0530] {dag.py:3047} INFO - Sync 1 DAGs
[2024-03-14T07:48:27.918+0530] {logging_mixin.py:188} INFO - [2024-03-14T07:48:27.918+0530] {dag.py:3834} INFO - Setting next_dagrun for multitask_dag to 2024-03-13 00:00:00+00:00, run_after=2024-03-14 00:00:00+00:00
[2024-03-14T07:48:27.951+0530] {processor.py:183} INFO - Processing /home/kai/airflow/dags/multitask_dag.py took 0.089 seconds
[2024-03-14T07:48:58.929+0530] {processor.py:161} INFO - Started process (PID=307960) to work on /home/kai/airflow/dags/multitask_dag.py
[2024-03-14T07:48:58.932+0530] {processor.py:830} INFO - Processing file /home/kai/airflow/dags/multitask_dag.py for tasks to queue
[2024-03-14T07:48:58.933+0530] {logging_mixin.py:188} INFO - [2024-03-14T07:48:58.932+0530] {dagbag.py:540} INFO - Filling up the DagBag from /home/kai/airflow/dags/multitask_dag.py
[2024-03-14T07:48:58.944+0530] {processor.py:840} INFO - DAG(s) 'multitask_dag' retrieved from /home/kai/airflow/dags/multitask_dag.py
[2024-03-14T07:48:58.964+0530] {logging_mixin.py:188} INFO - [2024-03-14T07:48:58.964+0530] {dag.py:3047} INFO - Sync 1 DAGs
[2024-03-14T07:48:58.981+0530] {logging_mixin.py:188} INFO - [2024-03-14T07:48:58.981+0530] {dag.py:3834} INFO - Setting next_dagrun for multitask_dag to 2024-03-13 00:00:00+00:00, run_after=2024-03-14 00:00:00+00:00
[2024-03-14T07:48:59.012+0530] {processor.py:183} INFO - Processing /home/kai/airflow/dags/multitask_dag.py took 0.087 seconds
[2024-03-14T07:49:29.733+0530] {processor.py:161} INFO - Started process (PID=308011) to work on /home/kai/airflow/dags/multitask_dag.py
[2024-03-14T07:49:29.736+0530] {processor.py:830} INFO - Processing file /home/kai/airflow/dags/multitask_dag.py for tasks to queue
[2024-03-14T07:49:29.737+0530] {logging_mixin.py:188} INFO - [2024-03-14T07:49:29.737+0530] {dagbag.py:540} INFO - Filling up the DagBag from /home/kai/airflow/dags/multitask_dag.py
[2024-03-14T07:49:29.749+0530] {processor.py:840} INFO - DAG(s) 'multitask_dag' retrieved from /home/kai/airflow/dags/multitask_dag.py
[2024-03-14T07:49:29.768+0530] {logging_mixin.py:188} INFO - [2024-03-14T07:49:29.768+0530] {dag.py:3047} INFO - Sync 1 DAGs
[2024-03-14T07:49:29.785+0530] {logging_mixin.py:188} INFO - [2024-03-14T07:49:29.785+0530] {dag.py:3834} INFO - Setting next_dagrun for multitask_dag to 2024-03-13 00:00:00+00:00, run_after=2024-03-14 00:00:00+00:00
[2024-03-14T07:49:29.822+0530] {processor.py:183} INFO - Processing /home/kai/airflow/dags/multitask_dag.py took 0.092 seconds
[2024-03-14T07:50:00.689+0530] {processor.py:161} INFO - Started process (PID=308063) to work on /home/kai/airflow/dags/multitask_dag.py
[2024-03-14T07:50:00.692+0530] {processor.py:830} INFO - Processing file /home/kai/airflow/dags/multitask_dag.py for tasks to queue
[2024-03-14T07:50:00.693+0530] {logging_mixin.py:188} INFO - [2024-03-14T07:50:00.693+0530] {dagbag.py:540} INFO - Filling up the DagBag from /home/kai/airflow/dags/multitask_dag.py
[2024-03-14T07:50:00.705+0530] {processor.py:840} INFO - DAG(s) 'multitask_dag' retrieved from /home/kai/airflow/dags/multitask_dag.py
[2024-03-14T07:50:00.724+0530] {logging_mixin.py:188} INFO - [2024-03-14T07:50:00.724+0530] {dag.py:3047} INFO - Sync 1 DAGs
[2024-03-14T07:50:00.740+0530] {logging_mixin.py:188} INFO - [2024-03-14T07:50:00.740+0530] {dag.py:3834} INFO - Setting next_dagrun for multitask_dag to 2024-03-13 00:00:00+00:00, run_after=2024-03-14 00:00:00+00:00
[2024-03-14T07:50:00.773+0530] {processor.py:183} INFO - Processing /home/kai/airflow/dags/multitask_dag.py took 0.087 seconds
[2024-03-14T07:50:31.458+0530] {processor.py:161} INFO - Started process (PID=308117) to work on /home/kai/airflow/dags/multitask_dag.py
[2024-03-14T07:50:31.462+0530] {processor.py:830} INFO - Processing file /home/kai/airflow/dags/multitask_dag.py for tasks to queue
[2024-03-14T07:50:31.463+0530] {logging_mixin.py:188} INFO - [2024-03-14T07:50:31.463+0530] {dagbag.py:540} INFO - Filling up the DagBag from /home/kai/airflow/dags/multitask_dag.py
[2024-03-14T07:50:31.475+0530] {processor.py:840} INFO - DAG(s) 'multitask_dag' retrieved from /home/kai/airflow/dags/multitask_dag.py
[2024-03-14T07:50:31.495+0530] {logging_mixin.py:188} INFO - [2024-03-14T07:50:31.494+0530] {dag.py:3047} INFO - Sync 1 DAGs
[2024-03-14T07:50:31.510+0530] {logging_mixin.py:188} INFO - [2024-03-14T07:50:31.510+0530] {dag.py:3834} INFO - Setting next_dagrun for multitask_dag to 2024-03-13 00:00:00+00:00, run_after=2024-03-14 00:00:00+00:00
[2024-03-14T07:50:31.545+0530] {processor.py:183} INFO - Processing /home/kai/airflow/dags/multitask_dag.py took 0.090 seconds
[2024-03-14T07:51:02.312+0530] {processor.py:161} INFO - Started process (PID=308169) to work on /home/kai/airflow/dags/multitask_dag.py
[2024-03-14T07:51:02.313+0530] {processor.py:830} INFO - Processing file /home/kai/airflow/dags/multitask_dag.py for tasks to queue
[2024-03-14T07:51:02.314+0530] {logging_mixin.py:188} INFO - [2024-03-14T07:51:02.314+0530] {dagbag.py:540} INFO - Filling up the DagBag from /home/kai/airflow/dags/multitask_dag.py
[2024-03-14T07:51:02.326+0530] {processor.py:840} INFO - DAG(s) 'multitask_dag' retrieved from /home/kai/airflow/dags/multitask_dag.py
[2024-03-14T07:51:02.345+0530] {logging_mixin.py:188} INFO - [2024-03-14T07:51:02.345+0530] {dag.py:3047} INFO - Sync 1 DAGs
[2024-03-14T07:51:02.363+0530] {logging_mixin.py:188} INFO - [2024-03-14T07:51:02.363+0530] {dag.py:3834} INFO - Setting next_dagrun for multitask_dag to 2024-03-13 00:00:00+00:00, run_after=2024-03-14 00:00:00+00:00
[2024-03-14T07:51:02.401+0530] {processor.py:183} INFO - Processing /home/kai/airflow/dags/multitask_dag.py took 0.092 seconds
[2024-03-14T07:51:33.215+0530] {processor.py:161} INFO - Started process (PID=308220) to work on /home/kai/airflow/dags/multitask_dag.py
[2024-03-14T07:51:33.220+0530] {processor.py:830} INFO - Processing file /home/kai/airflow/dags/multitask_dag.py for tasks to queue
[2024-03-14T07:51:33.221+0530] {logging_mixin.py:188} INFO - [2024-03-14T07:51:33.220+0530] {dagbag.py:540} INFO - Filling up the DagBag from /home/kai/airflow/dags/multitask_dag.py
[2024-03-14T07:51:33.232+0530] {processor.py:840} INFO - DAG(s) 'multitask_dag' retrieved from /home/kai/airflow/dags/multitask_dag.py
[2024-03-14T07:51:33.252+0530] {logging_mixin.py:188} INFO - [2024-03-14T07:51:33.252+0530] {dag.py:3047} INFO - Sync 1 DAGs
[2024-03-14T07:51:33.268+0530] {logging_mixin.py:188} INFO - [2024-03-14T07:51:33.268+0530] {dag.py:3834} INFO - Setting next_dagrun for multitask_dag to 2024-03-13 00:00:00+00:00, run_after=2024-03-14 00:00:00+00:00
[2024-03-14T07:51:33.301+0530] {processor.py:183} INFO - Processing /home/kai/airflow/dags/multitask_dag.py took 0.088 seconds
[2024-03-14T07:52:04.140+0530] {processor.py:161} INFO - Started process (PID=308274) to work on /home/kai/airflow/dags/multitask_dag.py
[2024-03-14T07:52:04.144+0530] {processor.py:830} INFO - Processing file /home/kai/airflow/dags/multitask_dag.py for tasks to queue
[2024-03-14T07:52:04.145+0530] {logging_mixin.py:188} INFO - [2024-03-14T07:52:04.145+0530] {dagbag.py:540} INFO - Filling up the DagBag from /home/kai/airflow/dags/multitask_dag.py
[2024-03-14T07:52:04.157+0530] {processor.py:840} INFO - DAG(s) 'multitask_dag' retrieved from /home/kai/airflow/dags/multitask_dag.py
[2024-03-14T07:52:04.176+0530] {logging_mixin.py:188} INFO - [2024-03-14T07:52:04.176+0530] {dag.py:3047} INFO - Sync 1 DAGs
[2024-03-14T07:52:04.192+0530] {logging_mixin.py:188} INFO - [2024-03-14T07:52:04.192+0530] {dag.py:3834} INFO - Setting next_dagrun for multitask_dag to 2024-03-13 00:00:00+00:00, run_after=2024-03-14 00:00:00+00:00
[2024-03-14T07:52:04.224+0530] {processor.py:183} INFO - Processing /home/kai/airflow/dags/multitask_dag.py took 0.088 seconds
[2024-03-14T07:52:35.019+0530] {processor.py:161} INFO - Started process (PID=308329) to work on /home/kai/airflow/dags/multitask_dag.py
[2024-03-14T07:52:35.022+0530] {processor.py:830} INFO - Processing file /home/kai/airflow/dags/multitask_dag.py for tasks to queue
[2024-03-14T07:52:35.023+0530] {logging_mixin.py:188} INFO - [2024-03-14T07:52:35.023+0530] {dagbag.py:540} INFO - Filling up the DagBag from /home/kai/airflow/dags/multitask_dag.py
[2024-03-14T07:52:35.035+0530] {processor.py:840} INFO - DAG(s) 'multitask_dag' retrieved from /home/kai/airflow/dags/multitask_dag.py
[2024-03-14T07:52:35.054+0530] {logging_mixin.py:188} INFO - [2024-03-14T07:52:35.054+0530] {dag.py:3047} INFO - Sync 1 DAGs
[2024-03-14T07:52:35.070+0530] {logging_mixin.py:188} INFO - [2024-03-14T07:52:35.070+0530] {dag.py:3834} INFO - Setting next_dagrun for multitask_dag to 2024-03-13 00:00:00+00:00, run_after=2024-03-14 00:00:00+00:00
[2024-03-14T07:52:35.103+0530] {processor.py:183} INFO - Processing /home/kai/airflow/dags/multitask_dag.py took 0.087 seconds
[2024-03-14T07:53:05.865+0530] {processor.py:161} INFO - Started process (PID=308381) to work on /home/kai/airflow/dags/multitask_dag.py
[2024-03-14T07:53:05.868+0530] {processor.py:830} INFO - Processing file /home/kai/airflow/dags/multitask_dag.py for tasks to queue
[2024-03-14T07:53:05.869+0530] {logging_mixin.py:188} INFO - [2024-03-14T07:53:05.869+0530] {dagbag.py:540} INFO - Filling up the DagBag from /home/kai/airflow/dags/multitask_dag.py
[2024-03-14T07:53:05.881+0530] {processor.py:840} INFO - DAG(s) 'multitask_dag' retrieved from /home/kai/airflow/dags/multitask_dag.py
[2024-03-14T07:53:05.900+0530] {logging_mixin.py:188} INFO - [2024-03-14T07:53:05.900+0530] {dag.py:3047} INFO - Sync 1 DAGs
[2024-03-14T07:53:05.917+0530] {logging_mixin.py:188} INFO - [2024-03-14T07:53:05.917+0530] {dag.py:3834} INFO - Setting next_dagrun for multitask_dag to 2024-03-13 00:00:00+00:00, run_after=2024-03-14 00:00:00+00:00
[2024-03-14T07:53:05.948+0530] {processor.py:183} INFO - Processing /home/kai/airflow/dags/multitask_dag.py took 0.086 seconds
[2024-03-14T07:53:37.443+0530] {processor.py:161} INFO - Started process (PID=308435) to work on /home/kai/airflow/dags/multitask_dag.py
[2024-03-14T07:53:37.447+0530] {processor.py:830} INFO - Processing file /home/kai/airflow/dags/multitask_dag.py for tasks to queue
[2024-03-14T07:53:37.448+0530] {logging_mixin.py:188} INFO - [2024-03-14T07:53:37.448+0530] {dagbag.py:540} INFO - Filling up the DagBag from /home/kai/airflow/dags/multitask_dag.py
[2024-03-14T07:53:37.460+0530] {processor.py:840} INFO - DAG(s) 'multitask_dag' retrieved from /home/kai/airflow/dags/multitask_dag.py
[2024-03-14T07:53:37.480+0530] {logging_mixin.py:188} INFO - [2024-03-14T07:53:37.480+0530] {dag.py:3047} INFO - Sync 1 DAGs
[2024-03-14T07:53:37.496+0530] {logging_mixin.py:188} INFO - [2024-03-14T07:53:37.496+0530] {dag.py:3834} INFO - Setting next_dagrun for multitask_dag to 2024-03-13 00:00:00+00:00, run_after=2024-03-14 00:00:00+00:00
[2024-03-14T07:53:37.529+0530] {processor.py:183} INFO - Processing /home/kai/airflow/dags/multitask_dag.py took 0.089 seconds
[2024-03-14T07:54:07.848+0530] {processor.py:161} INFO - Started process (PID=308486) to work on /home/kai/airflow/dags/multitask_dag.py
[2024-03-14T07:54:07.852+0530] {processor.py:830} INFO - Processing file /home/kai/airflow/dags/multitask_dag.py for tasks to queue
[2024-03-14T07:54:07.853+0530] {logging_mixin.py:188} INFO - [2024-03-14T07:54:07.853+0530] {dagbag.py:540} INFO - Filling up the DagBag from /home/kai/airflow/dags/multitask_dag.py
[2024-03-14T07:54:07.865+0530] {processor.py:840} INFO - DAG(s) 'multitask_dag' retrieved from /home/kai/airflow/dags/multitask_dag.py
[2024-03-14T07:54:07.884+0530] {logging_mixin.py:188} INFO - [2024-03-14T07:54:07.884+0530] {dag.py:3047} INFO - Sync 1 DAGs
[2024-03-14T07:54:07.900+0530] {logging_mixin.py:188} INFO - [2024-03-14T07:54:07.900+0530] {dag.py:3834} INFO - Setting next_dagrun for multitask_dag to 2024-03-13 00:00:00+00:00, run_after=2024-03-14 00:00:00+00:00
[2024-03-14T07:54:07.932+0530] {processor.py:183} INFO - Processing /home/kai/airflow/dags/multitask_dag.py took 0.088 seconds
[2024-03-14T07:54:39.678+0530] {processor.py:161} INFO - Started process (PID=308538) to work on /home/kai/airflow/dags/multitask_dag.py
[2024-03-14T07:54:39.682+0530] {processor.py:830} INFO - Processing file /home/kai/airflow/dags/multitask_dag.py for tasks to queue
[2024-03-14T07:54:39.683+0530] {logging_mixin.py:188} INFO - [2024-03-14T07:54:39.683+0530] {dagbag.py:540} INFO - Filling up the DagBag from /home/kai/airflow/dags/multitask_dag.py
[2024-03-14T07:54:39.695+0530] {processor.py:840} INFO - DAG(s) 'multitask_dag' retrieved from /home/kai/airflow/dags/multitask_dag.py
[2024-03-14T07:54:39.714+0530] {logging_mixin.py:188} INFO - [2024-03-14T07:54:39.714+0530] {dag.py:3047} INFO - Sync 1 DAGs
[2024-03-14T07:54:39.730+0530] {logging_mixin.py:188} INFO - [2024-03-14T07:54:39.730+0530] {dag.py:3834} INFO - Setting next_dagrun for multitask_dag to 2024-03-13 00:00:00+00:00, run_after=2024-03-14 00:00:00+00:00
[2024-03-14T07:54:39.763+0530] {processor.py:183} INFO - Processing /home/kai/airflow/dags/multitask_dag.py took 0.089 seconds
[2024-03-14T07:55:10.240+0530] {processor.py:161} INFO - Started process (PID=308594) to work on /home/kai/airflow/dags/multitask_dag.py
[2024-03-14T07:55:10.244+0530] {processor.py:830} INFO - Processing file /home/kai/airflow/dags/multitask_dag.py for tasks to queue
[2024-03-14T07:55:10.245+0530] {logging_mixin.py:188} INFO - [2024-03-14T07:55:10.245+0530] {dagbag.py:540} INFO - Filling up the DagBag from /home/kai/airflow/dags/multitask_dag.py
[2024-03-14T07:55:10.257+0530] {processor.py:840} INFO - DAG(s) 'multitask_dag' retrieved from /home/kai/airflow/dags/multitask_dag.py
[2024-03-14T07:55:10.276+0530] {logging_mixin.py:188} INFO - [2024-03-14T07:55:10.276+0530] {dag.py:3047} INFO - Sync 1 DAGs
[2024-03-14T07:55:10.293+0530] {logging_mixin.py:188} INFO - [2024-03-14T07:55:10.293+0530] {dag.py:3834} INFO - Setting next_dagrun for multitask_dag to 2024-03-13 00:00:00+00:00, run_after=2024-03-14 00:00:00+00:00
[2024-03-14T07:55:10.327+0530] {processor.py:183} INFO - Processing /home/kai/airflow/dags/multitask_dag.py took 0.090 seconds
[2024-03-14T07:55:40.783+0530] {processor.py:161} INFO - Started process (PID=308646) to work on /home/kai/airflow/dags/multitask_dag.py
[2024-03-14T07:55:40.788+0530] {processor.py:830} INFO - Processing file /home/kai/airflow/dags/multitask_dag.py for tasks to queue
[2024-03-14T07:55:40.789+0530] {logging_mixin.py:188} INFO - [2024-03-14T07:55:40.789+0530] {dagbag.py:540} INFO - Filling up the DagBag from /home/kai/airflow/dags/multitask_dag.py
[2024-03-14T07:55:40.801+0530] {processor.py:840} INFO - DAG(s) 'multitask_dag' retrieved from /home/kai/airflow/dags/multitask_dag.py
[2024-03-14T07:55:40.820+0530] {logging_mixin.py:188} INFO - [2024-03-14T07:55:40.820+0530] {dag.py:3047} INFO - Sync 1 DAGs
[2024-03-14T07:55:40.836+0530] {logging_mixin.py:188} INFO - [2024-03-14T07:55:40.836+0530] {dag.py:3834} INFO - Setting next_dagrun for multitask_dag to 2024-03-13 00:00:00+00:00, run_after=2024-03-14 00:00:00+00:00
[2024-03-14T07:55:40.873+0530] {processor.py:183} INFO - Processing /home/kai/airflow/dags/multitask_dag.py took 0.093 seconds
[2024-03-14T07:56:11.342+0530] {processor.py:161} INFO - Started process (PID=308701) to work on /home/kai/airflow/dags/multitask_dag.py
[2024-03-14T07:56:11.346+0530] {processor.py:830} INFO - Processing file /home/kai/airflow/dags/multitask_dag.py for tasks to queue
[2024-03-14T07:56:11.347+0530] {logging_mixin.py:188} INFO - [2024-03-14T07:56:11.347+0530] {dagbag.py:540} INFO - Filling up the DagBag from /home/kai/airflow/dags/multitask_dag.py
[2024-03-14T07:56:11.360+0530] {processor.py:840} INFO - DAG(s) 'multitask_dag' retrieved from /home/kai/airflow/dags/multitask_dag.py
[2024-03-14T07:56:11.381+0530] {logging_mixin.py:188} INFO - [2024-03-14T07:56:11.380+0530] {dag.py:3047} INFO - Sync 1 DAGs
[2024-03-14T07:56:11.398+0530] {logging_mixin.py:188} INFO - [2024-03-14T07:56:11.397+0530] {dag.py:3834} INFO - Setting next_dagrun for multitask_dag to 2024-03-13 00:00:00+00:00, run_after=2024-03-14 00:00:00+00:00
[2024-03-14T07:56:11.431+0530] {processor.py:183} INFO - Processing /home/kai/airflow/dags/multitask_dag.py took 0.093 seconds
[2024-03-14T07:56:44.742+0530] {processor.py:161} INFO - Started process (PID=308763) to work on /home/kai/airflow/dags/multitask_dag.py
[2024-03-14T07:56:44.745+0530] {processor.py:830} INFO - Processing file /home/kai/airflow/dags/multitask_dag.py for tasks to queue
[2024-03-14T07:56:44.746+0530] {logging_mixin.py:188} INFO - [2024-03-14T07:56:44.746+0530] {dagbag.py:540} INFO - Filling up the DagBag from /home/kai/airflow/dags/multitask_dag.py
[2024-03-14T07:56:44.758+0530] {processor.py:840} INFO - DAG(s) 'multitask_dag' retrieved from /home/kai/airflow/dags/multitask_dag.py
[2024-03-14T07:56:44.777+0530] {logging_mixin.py:188} INFO - [2024-03-14T07:56:44.777+0530] {dag.py:3047} INFO - Sync 1 DAGs
[2024-03-14T07:56:44.794+0530] {logging_mixin.py:188} INFO - [2024-03-14T07:56:44.794+0530] {dag.py:3834} INFO - Setting next_dagrun for multitask_dag to 2024-03-13 00:00:00+00:00, run_after=2024-03-14 00:00:00+00:00
[2024-03-14T07:56:44.828+0530] {processor.py:183} INFO - Processing /home/kai/airflow/dags/multitask_dag.py took 0.089 seconds
[2024-03-14T07:57:15.459+0530] {processor.py:161} INFO - Started process (PID=308817) to work on /home/kai/airflow/dags/multitask_dag.py
[2024-03-14T07:57:15.462+0530] {processor.py:830} INFO - Processing file /home/kai/airflow/dags/multitask_dag.py for tasks to queue
[2024-03-14T07:57:15.463+0530] {logging_mixin.py:188} INFO - [2024-03-14T07:57:15.463+0530] {dagbag.py:540} INFO - Filling up the DagBag from /home/kai/airflow/dags/multitask_dag.py
[2024-03-14T07:57:15.475+0530] {processor.py:840} INFO - DAG(s) 'multitask_dag' retrieved from /home/kai/airflow/dags/multitask_dag.py
[2024-03-14T07:57:15.495+0530] {logging_mixin.py:188} INFO - [2024-03-14T07:57:15.494+0530] {dag.py:3047} INFO - Sync 1 DAGs
[2024-03-14T07:57:15.511+0530] {logging_mixin.py:188} INFO - [2024-03-14T07:57:15.511+0530] {dag.py:3834} INFO - Setting next_dagrun for multitask_dag to 2024-03-13 00:00:00+00:00, run_after=2024-03-14 00:00:00+00:00
[2024-03-14T07:57:15.543+0530] {processor.py:183} INFO - Processing /home/kai/airflow/dags/multitask_dag.py took 0.086 seconds
[2024-03-14T07:57:46.491+0530] {processor.py:161} INFO - Started process (PID=308868) to work on /home/kai/airflow/dags/multitask_dag.py
[2024-03-14T07:57:46.494+0530] {processor.py:830} INFO - Processing file /home/kai/airflow/dags/multitask_dag.py for tasks to queue
[2024-03-14T07:57:46.495+0530] {logging_mixin.py:188} INFO - [2024-03-14T07:57:46.495+0530] {dagbag.py:540} INFO - Filling up the DagBag from /home/kai/airflow/dags/multitask_dag.py
[2024-03-14T07:57:46.509+0530] {processor.py:840} INFO - DAG(s) 'multitask_dag' retrieved from /home/kai/airflow/dags/multitask_dag.py
[2024-03-14T07:57:46.531+0530] {logging_mixin.py:188} INFO - [2024-03-14T07:57:46.531+0530] {dag.py:3047} INFO - Sync 1 DAGs
[2024-03-14T07:57:46.548+0530] {logging_mixin.py:188} INFO - [2024-03-14T07:57:46.548+0530] {dag.py:3834} INFO - Setting next_dagrun for multitask_dag to 2024-03-13 00:00:00+00:00, run_after=2024-03-14 00:00:00+00:00
[2024-03-14T07:57:46.584+0530] {processor.py:183} INFO - Processing /home/kai/airflow/dags/multitask_dag.py took 0.097 seconds
[2024-03-14T07:58:18.025+0530] {processor.py:161} INFO - Started process (PID=308921) to work on /home/kai/airflow/dags/multitask_dag.py
[2024-03-14T07:58:18.028+0530] {processor.py:830} INFO - Processing file /home/kai/airflow/dags/multitask_dag.py for tasks to queue
[2024-03-14T07:58:18.031+0530] {logging_mixin.py:188} INFO - [2024-03-14T07:58:18.030+0530] {dagbag.py:540} INFO - Filling up the DagBag from /home/kai/airflow/dags/multitask_dag.py
[2024-03-14T07:58:18.080+0530] {processor.py:840} INFO - DAG(s) 'multitask_dag' retrieved from /home/kai/airflow/dags/multitask_dag.py
[2024-03-14T07:58:18.145+0530] {logging_mixin.py:188} INFO - [2024-03-14T07:58:18.145+0530] {dag.py:3047} INFO - Sync 1 DAGs
[2024-03-14T07:58:18.180+0530] {logging_mixin.py:188} INFO - [2024-03-14T07:58:18.179+0530] {dag.py:3834} INFO - Setting next_dagrun for multitask_dag to 2024-03-13 00:00:00+00:00, run_after=2024-03-14 00:00:00+00:00
[2024-03-14T07:58:18.239+0530] {processor.py:183} INFO - Processing /home/kai/airflow/dags/multitask_dag.py took 0.225 seconds
[2024-03-14T07:58:49.163+0530] {processor.py:161} INFO - Started process (PID=308974) to work on /home/kai/airflow/dags/multitask_dag.py
[2024-03-14T07:58:49.166+0530] {processor.py:830} INFO - Processing file /home/kai/airflow/dags/multitask_dag.py for tasks to queue
[2024-03-14T07:58:49.166+0530] {logging_mixin.py:188} INFO - [2024-03-14T07:58:49.166+0530] {dagbag.py:540} INFO - Filling up the DagBag from /home/kai/airflow/dags/multitask_dag.py
[2024-03-14T07:58:49.179+0530] {processor.py:840} INFO - DAG(s) 'multitask_dag' retrieved from /home/kai/airflow/dags/multitask_dag.py
[2024-03-14T07:58:49.205+0530] {logging_mixin.py:188} INFO - [2024-03-14T07:58:49.205+0530] {dag.py:3047} INFO - Sync 1 DAGs
[2024-03-14T07:58:49.223+0530] {logging_mixin.py:188} INFO - [2024-03-14T07:58:49.223+0530] {dag.py:3834} INFO - Setting next_dagrun for multitask_dag to 2024-03-13 00:00:00+00:00, run_after=2024-03-14 00:00:00+00:00
[2024-03-14T07:58:49.263+0530] {processor.py:183} INFO - Processing /home/kai/airflow/dags/multitask_dag.py took 0.103 seconds
[2024-03-14T07:59:19.863+0530] {processor.py:161} INFO - Started process (PID=309026) to work on /home/kai/airflow/dags/multitask_dag.py
[2024-03-14T07:59:19.866+0530] {processor.py:830} INFO - Processing file /home/kai/airflow/dags/multitask_dag.py for tasks to queue
[2024-03-14T07:59:19.867+0530] {logging_mixin.py:188} INFO - [2024-03-14T07:59:19.866+0530] {dagbag.py:540} INFO - Filling up the DagBag from /home/kai/airflow/dags/multitask_dag.py
[2024-03-14T07:59:19.879+0530] {processor.py:840} INFO - DAG(s) 'multitask_dag' retrieved from /home/kai/airflow/dags/multitask_dag.py
[2024-03-14T07:59:19.899+0530] {logging_mixin.py:188} INFO - [2024-03-14T07:59:19.899+0530] {dag.py:3047} INFO - Sync 1 DAGs
[2024-03-14T07:59:19.916+0530] {logging_mixin.py:188} INFO - [2024-03-14T07:59:19.916+0530] {dag.py:3834} INFO - Setting next_dagrun for multitask_dag to 2024-03-13 00:00:00+00:00, run_after=2024-03-14 00:00:00+00:00
[2024-03-14T07:59:19.950+0530] {processor.py:183} INFO - Processing /home/kai/airflow/dags/multitask_dag.py took 0.090 seconds
[2024-03-14T07:59:50.915+0530] {processor.py:161} INFO - Started process (PID=309077) to work on /home/kai/airflow/dags/multitask_dag.py
[2024-03-14T07:59:50.919+0530] {processor.py:830} INFO - Processing file /home/kai/airflow/dags/multitask_dag.py for tasks to queue
[2024-03-14T07:59:50.920+0530] {logging_mixin.py:188} INFO - [2024-03-14T07:59:50.920+0530] {dagbag.py:540} INFO - Filling up the DagBag from /home/kai/airflow/dags/multitask_dag.py
[2024-03-14T07:59:50.936+0530] {processor.py:840} INFO - DAG(s) 'multitask_dag' retrieved from /home/kai/airflow/dags/multitask_dag.py
[2024-03-14T07:59:50.961+0530] {logging_mixin.py:188} INFO - [2024-03-14T07:59:50.960+0530] {dag.py:3047} INFO - Sync 1 DAGs
[2024-03-14T07:59:50.980+0530] {logging_mixin.py:188} INFO - [2024-03-14T07:59:50.979+0530] {dag.py:3834} INFO - Setting next_dagrun for multitask_dag to 2024-03-13 00:00:00+00:00, run_after=2024-03-14 00:00:00+00:00
[2024-03-14T07:59:51.024+0530] {processor.py:183} INFO - Processing /home/kai/airflow/dags/multitask_dag.py took 0.112 seconds
[2024-03-14T08:00:21.989+0530] {processor.py:161} INFO - Started process (PID=309130) to work on /home/kai/airflow/dags/multitask_dag.py
[2024-03-14T08:00:21.992+0530] {processor.py:830} INFO - Processing file /home/kai/airflow/dags/multitask_dag.py for tasks to queue
[2024-03-14T08:00:21.994+0530] {logging_mixin.py:188} INFO - [2024-03-14T08:00:21.993+0530] {dagbag.py:540} INFO - Filling up the DagBag from /home/kai/airflow/dags/multitask_dag.py
[2024-03-14T08:00:22.013+0530] {processor.py:840} INFO - DAG(s) 'multitask_dag' retrieved from /home/kai/airflow/dags/multitask_dag.py
[2024-03-14T08:00:22.048+0530] {logging_mixin.py:188} INFO - [2024-03-14T08:00:22.048+0530] {dag.py:3047} INFO - Sync 1 DAGs
[2024-03-14T08:00:22.077+0530] {logging_mixin.py:188} INFO - [2024-03-14T08:00:22.077+0530] {dag.py:3834} INFO - Setting next_dagrun for multitask_dag to 2024-03-13 00:00:00+00:00, run_after=2024-03-14 00:00:00+00:00
[2024-03-14T08:00:22.140+0530] {processor.py:183} INFO - Processing /home/kai/airflow/dags/multitask_dag.py took 0.156 seconds
[2024-03-14T08:00:52.694+0530] {processor.py:161} INFO - Started process (PID=309183) to work on /home/kai/airflow/dags/multitask_dag.py
[2024-03-14T08:00:52.695+0530] {processor.py:830} INFO - Processing file /home/kai/airflow/dags/multitask_dag.py for tasks to queue
[2024-03-14T08:00:52.696+0530] {logging_mixin.py:188} INFO - [2024-03-14T08:00:52.696+0530] {dagbag.py:540} INFO - Filling up the DagBag from /home/kai/airflow/dags/multitask_dag.py
[2024-03-14T08:00:52.709+0530] {processor.py:840} INFO - DAG(s) 'multitask_dag' retrieved from /home/kai/airflow/dags/multitask_dag.py
[2024-03-14T08:00:52.730+0530] {logging_mixin.py:188} INFO - [2024-03-14T08:00:52.730+0530] {dag.py:3047} INFO - Sync 1 DAGs
[2024-03-14T08:00:52.748+0530] {logging_mixin.py:188} INFO - [2024-03-14T08:00:52.748+0530] {dag.py:3834} INFO - Setting next_dagrun for multitask_dag to 2024-03-13 00:00:00+00:00, run_after=2024-03-14 00:00:00+00:00
[2024-03-14T08:00:52.781+0530] {processor.py:183} INFO - Processing /home/kai/airflow/dags/multitask_dag.py took 0.091 seconds
[2024-03-14T08:01:23.954+0530] {processor.py:161} INFO - Started process (PID=309235) to work on /home/kai/airflow/dags/multitask_dag.py
[2024-03-14T08:01:23.956+0530] {processor.py:830} INFO - Processing file /home/kai/airflow/dags/multitask_dag.py for tasks to queue
[2024-03-14T08:01:23.957+0530] {logging_mixin.py:188} INFO - [2024-03-14T08:01:23.957+0530] {dagbag.py:540} INFO - Filling up the DagBag from /home/kai/airflow/dags/multitask_dag.py
[2024-03-14T08:01:23.969+0530] {processor.py:840} INFO - DAG(s) 'multitask_dag' retrieved from /home/kai/airflow/dags/multitask_dag.py
[2024-03-14T08:01:23.989+0530] {logging_mixin.py:188} INFO - [2024-03-14T08:01:23.988+0530] {dag.py:3047} INFO - Sync 1 DAGs
[2024-03-14T08:01:24.006+0530] {logging_mixin.py:188} INFO - [2024-03-14T08:01:24.006+0530] {dag.py:3834} INFO - Setting next_dagrun for multitask_dag to 2024-03-13 00:00:00+00:00, run_after=2024-03-14 00:00:00+00:00
[2024-03-14T08:01:24.042+0530] {processor.py:183} INFO - Processing /home/kai/airflow/dags/multitask_dag.py took 0.092 seconds
[2024-03-14T08:01:55.035+0530] {processor.py:161} INFO - Started process (PID=309286) to work on /home/kai/airflow/dags/multitask_dag.py
[2024-03-14T08:01:55.038+0530] {processor.py:830} INFO - Processing file /home/kai/airflow/dags/multitask_dag.py for tasks to queue
[2024-03-14T08:01:55.039+0530] {logging_mixin.py:188} INFO - [2024-03-14T08:01:55.039+0530] {dagbag.py:540} INFO - Filling up the DagBag from /home/kai/airflow/dags/multitask_dag.py
[2024-03-14T08:01:55.054+0530] {processor.py:840} INFO - DAG(s) 'multitask_dag' retrieved from /home/kai/airflow/dags/multitask_dag.py
[2024-03-14T08:01:55.075+0530] {logging_mixin.py:188} INFO - [2024-03-14T08:01:55.075+0530] {dag.py:3047} INFO - Sync 1 DAGs
[2024-03-14T08:01:55.092+0530] {logging_mixin.py:188} INFO - [2024-03-14T08:01:55.092+0530] {dag.py:3834} INFO - Setting next_dagrun for multitask_dag to 2024-03-13 00:00:00+00:00, run_after=2024-03-14 00:00:00+00:00
[2024-03-14T08:01:55.128+0530] {processor.py:183} INFO - Processing /home/kai/airflow/dags/multitask_dag.py took 0.097 seconds
[2024-03-14T08:02:26.183+0530] {processor.py:161} INFO - Started process (PID=309338) to work on /home/kai/airflow/dags/multitask_dag.py
[2024-03-14T08:02:26.186+0530] {processor.py:830} INFO - Processing file /home/kai/airflow/dags/multitask_dag.py for tasks to queue
[2024-03-14T08:02:26.187+0530] {logging_mixin.py:188} INFO - [2024-03-14T08:02:26.187+0530] {dagbag.py:540} INFO - Filling up the DagBag from /home/kai/airflow/dags/multitask_dag.py
[2024-03-14T08:02:26.202+0530] {processor.py:840} INFO - DAG(s) 'multitask_dag' retrieved from /home/kai/airflow/dags/multitask_dag.py
[2024-03-14T08:02:26.222+0530] {logging_mixin.py:188} INFO - [2024-03-14T08:02:26.222+0530] {dag.py:3047} INFO - Sync 1 DAGs
[2024-03-14T08:02:26.239+0530] {logging_mixin.py:188} INFO - [2024-03-14T08:02:26.239+0530] {dag.py:3834} INFO - Setting next_dagrun for multitask_dag to 2024-03-13 00:00:00+00:00, run_after=2024-03-14 00:00:00+00:00
[2024-03-14T08:02:26.271+0530] {processor.py:183} INFO - Processing /home/kai/airflow/dags/multitask_dag.py took 0.092 seconds
[2024-03-14T08:02:57.073+0530] {processor.py:161} INFO - Started process (PID=309390) to work on /home/kai/airflow/dags/multitask_dag.py
[2024-03-14T08:02:57.076+0530] {processor.py:830} INFO - Processing file /home/kai/airflow/dags/multitask_dag.py for tasks to queue
[2024-03-14T08:02:57.078+0530] {logging_mixin.py:188} INFO - [2024-03-14T08:02:57.077+0530] {dagbag.py:540} INFO - Filling up the DagBag from /home/kai/airflow/dags/multitask_dag.py
[2024-03-14T08:02:57.091+0530] {processor.py:840} INFO - DAG(s) 'multitask_dag' retrieved from /home/kai/airflow/dags/multitask_dag.py
[2024-03-14T08:02:57.111+0530] {logging_mixin.py:188} INFO - [2024-03-14T08:02:57.111+0530] {dag.py:3047} INFO - Sync 1 DAGs
[2024-03-14T08:02:57.128+0530] {logging_mixin.py:188} INFO - [2024-03-14T08:02:57.128+0530] {dag.py:3834} INFO - Setting next_dagrun for multitask_dag to 2024-03-13 00:00:00+00:00, run_after=2024-03-14 00:00:00+00:00
[2024-03-14T08:02:57.163+0530] {processor.py:183} INFO - Processing /home/kai/airflow/dags/multitask_dag.py took 0.093 seconds
[2024-03-14T08:03:28.318+0530] {processor.py:161} INFO - Started process (PID=309443) to work on /home/kai/airflow/dags/multitask_dag.py
[2024-03-14T08:03:28.321+0530] {processor.py:830} INFO - Processing file /home/kai/airflow/dags/multitask_dag.py for tasks to queue
[2024-03-14T08:03:28.322+0530] {logging_mixin.py:188} INFO - [2024-03-14T08:03:28.321+0530] {dagbag.py:540} INFO - Filling up the DagBag from /home/kai/airflow/dags/multitask_dag.py
[2024-03-14T08:03:28.334+0530] {processor.py:840} INFO - DAG(s) 'multitask_dag' retrieved from /home/kai/airflow/dags/multitask_dag.py
[2024-03-14T08:03:28.354+0530] {logging_mixin.py:188} INFO - [2024-03-14T08:03:28.353+0530] {dag.py:3047} INFO - Sync 1 DAGs
[2024-03-14T08:03:28.371+0530] {logging_mixin.py:188} INFO - [2024-03-14T08:03:28.371+0530] {dag.py:3834} INFO - Setting next_dagrun for multitask_dag to 2024-03-13 00:00:00+00:00, run_after=2024-03-14 00:00:00+00:00
[2024-03-14T08:03:28.416+0530] {processor.py:183} INFO - Processing /home/kai/airflow/dags/multitask_dag.py took 0.101 seconds
[2024-03-14T08:03:59.300+0530] {processor.py:161} INFO - Started process (PID=309495) to work on /home/kai/airflow/dags/multitask_dag.py
[2024-03-14T08:03:59.303+0530] {processor.py:830} INFO - Processing file /home/kai/airflow/dags/multitask_dag.py for tasks to queue
[2024-03-14T08:03:59.304+0530] {logging_mixin.py:188} INFO - [2024-03-14T08:03:59.304+0530] {dagbag.py:540} INFO - Filling up the DagBag from /home/kai/airflow/dags/multitask_dag.py
[2024-03-14T08:03:59.316+0530] {processor.py:840} INFO - DAG(s) 'multitask_dag' retrieved from /home/kai/airflow/dags/multitask_dag.py
[2024-03-14T08:03:59.335+0530] {logging_mixin.py:188} INFO - [2024-03-14T08:03:59.335+0530] {dag.py:3047} INFO - Sync 1 DAGs
[2024-03-14T08:03:59.351+0530] {logging_mixin.py:188} INFO - [2024-03-14T08:03:59.351+0530] {dag.py:3834} INFO - Setting next_dagrun for multitask_dag to 2024-03-13 00:00:00+00:00, run_after=2024-03-14 00:00:00+00:00
[2024-03-14T08:03:59.387+0530] {processor.py:183} INFO - Processing /home/kai/airflow/dags/multitask_dag.py took 0.090 seconds
[2024-03-14T08:04:30.019+0530] {processor.py:161} INFO - Started process (PID=309546) to work on /home/kai/airflow/dags/multitask_dag.py
[2024-03-14T08:04:30.022+0530] {processor.py:830} INFO - Processing file /home/kai/airflow/dags/multitask_dag.py for tasks to queue
[2024-03-14T08:04:30.023+0530] {logging_mixin.py:188} INFO - [2024-03-14T08:04:30.022+0530] {dagbag.py:540} INFO - Filling up the DagBag from /home/kai/airflow/dags/multitask_dag.py
[2024-03-14T08:04:30.035+0530] {processor.py:840} INFO - DAG(s) 'multitask_dag' retrieved from /home/kai/airflow/dags/multitask_dag.py
[2024-03-14T08:04:30.055+0530] {logging_mixin.py:188} INFO - [2024-03-14T08:04:30.054+0530] {dag.py:3047} INFO - Sync 1 DAGs
[2024-03-14T08:04:30.071+0530] {logging_mixin.py:188} INFO - [2024-03-14T08:04:30.071+0530] {dag.py:3834} INFO - Setting next_dagrun for multitask_dag to 2024-03-13 00:00:00+00:00, run_after=2024-03-14 00:00:00+00:00
[2024-03-14T08:04:30.111+0530] {processor.py:183} INFO - Processing /home/kai/airflow/dags/multitask_dag.py took 0.095 seconds
[2024-03-14T08:05:00.885+0530] {processor.py:161} INFO - Started process (PID=309598) to work on /home/kai/airflow/dags/multitask_dag.py
[2024-03-14T08:05:00.888+0530] {processor.py:830} INFO - Processing file /home/kai/airflow/dags/multitask_dag.py for tasks to queue
[2024-03-14T08:05:00.889+0530] {logging_mixin.py:188} INFO - [2024-03-14T08:05:00.888+0530] {dagbag.py:540} INFO - Filling up the DagBag from /home/kai/airflow/dags/multitask_dag.py
[2024-03-14T08:05:00.901+0530] {processor.py:840} INFO - DAG(s) 'multitask_dag' retrieved from /home/kai/airflow/dags/multitask_dag.py
[2024-03-14T08:05:00.920+0530] {logging_mixin.py:188} INFO - [2024-03-14T08:05:00.920+0530] {dag.py:3047} INFO - Sync 1 DAGs
[2024-03-14T08:05:00.937+0530] {logging_mixin.py:188} INFO - [2024-03-14T08:05:00.937+0530] {dag.py:3834} INFO - Setting next_dagrun for multitask_dag to 2024-03-13 00:00:00+00:00, run_after=2024-03-14 00:00:00+00:00
[2024-03-14T08:05:00.972+0530] {processor.py:183} INFO - Processing /home/kai/airflow/dags/multitask_dag.py took 0.090 seconds
[2024-03-14T08:05:31.292+0530] {processor.py:161} INFO - Started process (PID=309654) to work on /home/kai/airflow/dags/multitask_dag.py
[2024-03-14T08:05:31.295+0530] {processor.py:830} INFO - Processing file /home/kai/airflow/dags/multitask_dag.py for tasks to queue
[2024-03-14T08:05:31.296+0530] {logging_mixin.py:188} INFO - [2024-03-14T08:05:31.296+0530] {dagbag.py:540} INFO - Filling up the DagBag from /home/kai/airflow/dags/multitask_dag.py
[2024-03-14T08:05:31.308+0530] {processor.py:840} INFO - DAG(s) 'multitask_dag' retrieved from /home/kai/airflow/dags/multitask_dag.py
[2024-03-14T08:05:31.328+0530] {logging_mixin.py:188} INFO - [2024-03-14T08:05:31.328+0530] {dag.py:3047} INFO - Sync 1 DAGs
[2024-03-14T08:05:31.344+0530] {logging_mixin.py:188} INFO - [2024-03-14T08:05:31.344+0530] {dag.py:3834} INFO - Setting next_dagrun for multitask_dag to 2024-03-13 00:00:00+00:00, run_after=2024-03-14 00:00:00+00:00
[2024-03-14T08:05:31.379+0530] {processor.py:183} INFO - Processing /home/kai/airflow/dags/multitask_dag.py took 0.090 seconds
[2024-03-14T08:06:03.066+0530] {processor.py:161} INFO - Started process (PID=309706) to work on /home/kai/airflow/dags/multitask_dag.py
[2024-03-14T08:06:03.067+0530] {processor.py:830} INFO - Processing file /home/kai/airflow/dags/multitask_dag.py for tasks to queue
[2024-03-14T08:06:03.068+0530] {logging_mixin.py:188} INFO - [2024-03-14T08:06:03.068+0530] {dagbag.py:540} INFO - Filling up the DagBag from /home/kai/airflow/dags/multitask_dag.py
[2024-03-14T08:06:03.081+0530] {processor.py:840} INFO - DAG(s) 'multitask_dag' retrieved from /home/kai/airflow/dags/multitask_dag.py
[2024-03-14T08:06:03.102+0530] {logging_mixin.py:188} INFO - [2024-03-14T08:06:03.101+0530] {dag.py:3047} INFO - Sync 1 DAGs
[2024-03-14T08:06:03.119+0530] {logging_mixin.py:188} INFO - [2024-03-14T08:06:03.119+0530] {dag.py:3834} INFO - Setting next_dagrun for multitask_dag to 2024-03-13 00:00:00+00:00, run_after=2024-03-14 00:00:00+00:00
[2024-03-14T08:06:03.164+0530] {processor.py:183} INFO - Processing /home/kai/airflow/dags/multitask_dag.py took 0.101 seconds
[2024-03-14T08:06:34.066+0530] {processor.py:161} INFO - Started process (PID=309757) to work on /home/kai/airflow/dags/multitask_dag.py
[2024-03-14T08:06:34.069+0530] {processor.py:830} INFO - Processing file /home/kai/airflow/dags/multitask_dag.py for tasks to queue
[2024-03-14T08:06:34.070+0530] {logging_mixin.py:188} INFO - [2024-03-14T08:06:34.070+0530] {dagbag.py:540} INFO - Filling up the DagBag from /home/kai/airflow/dags/multitask_dag.py
[2024-03-14T08:06:34.082+0530] {processor.py:840} INFO - DAG(s) 'multitask_dag' retrieved from /home/kai/airflow/dags/multitask_dag.py
[2024-03-14T08:06:34.105+0530] {logging_mixin.py:188} INFO - [2024-03-14T08:06:34.105+0530] {dag.py:3047} INFO - Sync 1 DAGs
[2024-03-14T08:06:34.122+0530] {logging_mixin.py:188} INFO - [2024-03-14T08:06:34.121+0530] {dag.py:3834} INFO - Setting next_dagrun for multitask_dag to 2024-03-13 00:00:00+00:00, run_after=2024-03-14 00:00:00+00:00
[2024-03-14T08:06:34.155+0530] {processor.py:183} INFO - Processing /home/kai/airflow/dags/multitask_dag.py took 0.093 seconds
[2024-03-14T08:07:04.778+0530] {processor.py:161} INFO - Started process (PID=309809) to work on /home/kai/airflow/dags/multitask_dag.py
[2024-03-14T08:07:04.781+0530] {processor.py:830} INFO - Processing file /home/kai/airflow/dags/multitask_dag.py for tasks to queue
[2024-03-14T08:07:04.782+0530] {logging_mixin.py:188} INFO - [2024-03-14T08:07:04.782+0530] {dagbag.py:540} INFO - Filling up the DagBag from /home/kai/airflow/dags/multitask_dag.py
[2024-03-14T08:07:04.794+0530] {processor.py:840} INFO - DAG(s) 'multitask_dag' retrieved from /home/kai/airflow/dags/multitask_dag.py
[2024-03-14T08:07:04.814+0530] {logging_mixin.py:188} INFO - [2024-03-14T08:07:04.814+0530] {dag.py:3047} INFO - Sync 1 DAGs
[2024-03-14T08:07:04.831+0530] {logging_mixin.py:188} INFO - [2024-03-14T08:07:04.830+0530] {dag.py:3834} INFO - Setting next_dagrun for multitask_dag to 2024-03-13 00:00:00+00:00, run_after=2024-03-14 00:00:00+00:00
[2024-03-14T08:07:04.867+0530] {processor.py:183} INFO - Processing /home/kai/airflow/dags/multitask_dag.py took 0.092 seconds
[2024-03-14T08:07:35.534+0530] {processor.py:161} INFO - Started process (PID=309861) to work on /home/kai/airflow/dags/multitask_dag.py
[2024-03-14T08:07:35.535+0530] {processor.py:830} INFO - Processing file /home/kai/airflow/dags/multitask_dag.py for tasks to queue
[2024-03-14T08:07:35.536+0530] {logging_mixin.py:188} INFO - [2024-03-14T08:07:35.536+0530] {dagbag.py:540} INFO - Filling up the DagBag from /home/kai/airflow/dags/multitask_dag.py
[2024-03-14T08:07:35.548+0530] {processor.py:840} INFO - DAG(s) 'multitask_dag' retrieved from /home/kai/airflow/dags/multitask_dag.py
[2024-03-14T08:07:35.568+0530] {logging_mixin.py:188} INFO - [2024-03-14T08:07:35.568+0530] {dag.py:3047} INFO - Sync 1 DAGs
[2024-03-14T08:07:35.584+0530] {logging_mixin.py:188} INFO - [2024-03-14T08:07:35.584+0530] {dag.py:3834} INFO - Setting next_dagrun for multitask_dag to 2024-03-13 00:00:00+00:00, run_after=2024-03-14 00:00:00+00:00
[2024-03-14T08:07:35.615+0530] {processor.py:183} INFO - Processing /home/kai/airflow/dags/multitask_dag.py took 0.085 seconds
[2024-03-14T08:08:06.417+0530] {processor.py:161} INFO - Started process (PID=309914) to work on /home/kai/airflow/dags/multitask_dag.py
[2024-03-14T08:08:06.420+0530] {processor.py:830} INFO - Processing file /home/kai/airflow/dags/multitask_dag.py for tasks to queue
[2024-03-14T08:08:06.421+0530] {logging_mixin.py:188} INFO - [2024-03-14T08:08:06.420+0530] {dagbag.py:540} INFO - Filling up the DagBag from /home/kai/airflow/dags/multitask_dag.py
[2024-03-14T08:08:06.432+0530] {processor.py:840} INFO - DAG(s) 'multitask_dag' retrieved from /home/kai/airflow/dags/multitask_dag.py
[2024-03-14T08:08:06.452+0530] {logging_mixin.py:188} INFO - [2024-03-14T08:08:06.452+0530] {dag.py:3047} INFO - Sync 1 DAGs
[2024-03-14T08:08:06.468+0530] {logging_mixin.py:188} INFO - [2024-03-14T08:08:06.468+0530] {dag.py:3834} INFO - Setting next_dagrun for multitask_dag to 2024-03-13 00:00:00+00:00, run_after=2024-03-14 00:00:00+00:00
[2024-03-14T08:08:06.502+0530] {processor.py:183} INFO - Processing /home/kai/airflow/dags/multitask_dag.py took 0.088 seconds
[2024-03-14T08:08:37.018+0530] {processor.py:161} INFO - Started process (PID=309966) to work on /home/kai/airflow/dags/multitask_dag.py
[2024-03-14T08:08:37.021+0530] {processor.py:830} INFO - Processing file /home/kai/airflow/dags/multitask_dag.py for tasks to queue
[2024-03-14T08:08:37.023+0530] {logging_mixin.py:188} INFO - [2024-03-14T08:08:37.022+0530] {dagbag.py:540} INFO - Filling up the DagBag from /home/kai/airflow/dags/multitask_dag.py
[2024-03-14T08:08:37.035+0530] {processor.py:840} INFO - DAG(s) 'multitask_dag' retrieved from /home/kai/airflow/dags/multitask_dag.py
[2024-03-14T08:08:37.059+0530] {logging_mixin.py:188} INFO - [2024-03-14T08:08:37.058+0530] {dag.py:3047} INFO - Sync 1 DAGs
[2024-03-14T08:08:37.076+0530] {logging_mixin.py:188} INFO - [2024-03-14T08:08:37.076+0530] {dag.py:3834} INFO - Setting next_dagrun for multitask_dag to 2024-03-13 00:00:00+00:00, run_after=2024-03-14 00:00:00+00:00
[2024-03-14T08:08:37.112+0530] {processor.py:183} INFO - Processing /home/kai/airflow/dags/multitask_dag.py took 0.097 seconds
[2024-03-14T08:09:08.070+0530] {processor.py:161} INFO - Started process (PID=310017) to work on /home/kai/airflow/dags/multitask_dag.py
[2024-03-14T08:09:08.073+0530] {processor.py:830} INFO - Processing file /home/kai/airflow/dags/multitask_dag.py for tasks to queue
[2024-03-14T08:09:08.074+0530] {logging_mixin.py:188} INFO - [2024-03-14T08:09:08.074+0530] {dagbag.py:540} INFO - Filling up the DagBag from /home/kai/airflow/dags/multitask_dag.py
[2024-03-14T08:09:08.088+0530] {processor.py:840} INFO - DAG(s) 'multitask_dag' retrieved from /home/kai/airflow/dags/multitask_dag.py
[2024-03-14T08:09:08.108+0530] {logging_mixin.py:188} INFO - [2024-03-14T08:09:08.108+0530] {dag.py:3047} INFO - Sync 1 DAGs
[2024-03-14T08:09:08.127+0530] {logging_mixin.py:188} INFO - [2024-03-14T08:09:08.126+0530] {dag.py:3834} INFO - Setting next_dagrun for multitask_dag to 2024-03-13 00:00:00+00:00, run_after=2024-03-14 00:00:00+00:00
[2024-03-14T08:09:08.164+0530] {processor.py:183} INFO - Processing /home/kai/airflow/dags/multitask_dag.py took 0.097 seconds
[2024-03-14T08:09:39.165+0530] {processor.py:161} INFO - Started process (PID=310069) to work on /home/kai/airflow/dags/multitask_dag.py
[2024-03-14T08:09:39.168+0530] {processor.py:830} INFO - Processing file /home/kai/airflow/dags/multitask_dag.py for tasks to queue
[2024-03-14T08:09:39.170+0530] {logging_mixin.py:188} INFO - [2024-03-14T08:09:39.169+0530] {dagbag.py:540} INFO - Filling up the DagBag from /home/kai/airflow/dags/multitask_dag.py
[2024-03-14T08:09:39.183+0530] {processor.py:840} INFO - DAG(s) 'multitask_dag' retrieved from /home/kai/airflow/dags/multitask_dag.py
[2024-03-14T08:09:39.203+0530] {logging_mixin.py:188} INFO - [2024-03-14T08:09:39.203+0530] {dag.py:3047} INFO - Sync 1 DAGs
[2024-03-14T08:09:39.220+0530] {logging_mixin.py:188} INFO - [2024-03-14T08:09:39.220+0530] {dag.py:3834} INFO - Setting next_dagrun for multitask_dag to 2024-03-13 00:00:00+00:00, run_after=2024-03-14 00:00:00+00:00
[2024-03-14T08:09:39.265+0530] {processor.py:183} INFO - Processing /home/kai/airflow/dags/multitask_dag.py took 0.105 seconds
[2024-03-14T08:10:10.358+0530] {processor.py:161} INFO - Started process (PID=310123) to work on /home/kai/airflow/dags/multitask_dag.py
[2024-03-14T08:10:10.359+0530] {processor.py:830} INFO - Processing file /home/kai/airflow/dags/multitask_dag.py for tasks to queue
[2024-03-14T08:10:10.360+0530] {logging_mixin.py:188} INFO - [2024-03-14T08:10:10.360+0530] {dagbag.py:540} INFO - Filling up the DagBag from /home/kai/airflow/dags/multitask_dag.py
[2024-03-14T08:10:10.372+0530] {processor.py:840} INFO - DAG(s) 'multitask_dag' retrieved from /home/kai/airflow/dags/multitask_dag.py
[2024-03-14T08:10:10.393+0530] {logging_mixin.py:188} INFO - [2024-03-14T08:10:10.392+0530] {dag.py:3047} INFO - Sync 1 DAGs
[2024-03-14T08:10:10.410+0530] {logging_mixin.py:188} INFO - [2024-03-14T08:10:10.410+0530] {dag.py:3834} INFO - Setting next_dagrun for multitask_dag to 2024-03-13 00:00:00+00:00, run_after=2024-03-14 00:00:00+00:00
[2024-03-14T08:10:10.448+0530] {processor.py:183} INFO - Processing /home/kai/airflow/dags/multitask_dag.py took 0.093 seconds
[2024-03-14T08:10:41.531+0530] {processor.py:161} INFO - Started process (PID=310175) to work on /home/kai/airflow/dags/multitask_dag.py
[2024-03-14T08:10:41.533+0530] {processor.py:830} INFO - Processing file /home/kai/airflow/dags/multitask_dag.py for tasks to queue
[2024-03-14T08:10:41.533+0530] {logging_mixin.py:188} INFO - [2024-03-14T08:10:41.533+0530] {dagbag.py:540} INFO - Filling up the DagBag from /home/kai/airflow/dags/multitask_dag.py
[2024-03-14T08:10:41.546+0530] {processor.py:840} INFO - DAG(s) 'multitask_dag' retrieved from /home/kai/airflow/dags/multitask_dag.py
[2024-03-14T08:10:41.566+0530] {logging_mixin.py:188} INFO - [2024-03-14T08:10:41.566+0530] {dag.py:3047} INFO - Sync 1 DAGs
[2024-03-14T08:10:41.584+0530] {logging_mixin.py:188} INFO - [2024-03-14T08:10:41.584+0530] {dag.py:3834} INFO - Setting next_dagrun for multitask_dag to 2024-03-13 00:00:00+00:00, run_after=2024-03-14 00:00:00+00:00
[2024-03-14T08:10:41.617+0530] {processor.py:183} INFO - Processing /home/kai/airflow/dags/multitask_dag.py took 0.089 seconds
[2024-03-14T08:11:12.598+0530] {processor.py:161} INFO - Started process (PID=310228) to work on /home/kai/airflow/dags/multitask_dag.py
[2024-03-14T08:11:12.600+0530] {processor.py:830} INFO - Processing file /home/kai/airflow/dags/multitask_dag.py for tasks to queue
[2024-03-14T08:11:12.603+0530] {logging_mixin.py:188} INFO - [2024-03-14T08:11:12.602+0530] {dagbag.py:540} INFO - Filling up the DagBag from /home/kai/airflow/dags/multitask_dag.py
[2024-03-14T08:11:12.620+0530] {processor.py:840} INFO - DAG(s) 'multitask_dag' retrieved from /home/kai/airflow/dags/multitask_dag.py
[2024-03-14T08:11:12.641+0530] {logging_mixin.py:188} INFO - [2024-03-14T08:11:12.641+0530] {dag.py:3047} INFO - Sync 1 DAGs
[2024-03-14T08:11:12.662+0530] {logging_mixin.py:188} INFO - [2024-03-14T08:11:12.661+0530] {dag.py:3834} INFO - Setting next_dagrun for multitask_dag to 2024-03-13 00:00:00+00:00, run_after=2024-03-14 00:00:00+00:00
[2024-03-14T08:11:12.702+0530] {processor.py:183} INFO - Processing /home/kai/airflow/dags/multitask_dag.py took 0.109 seconds
[2024-03-14T08:11:43.685+0530] {processor.py:161} INFO - Started process (PID=310280) to work on /home/kai/airflow/dags/multitask_dag.py
[2024-03-14T08:11:43.686+0530] {processor.py:830} INFO - Processing file /home/kai/airflow/dags/multitask_dag.py for tasks to queue
[2024-03-14T08:11:43.686+0530] {logging_mixin.py:188} INFO - [2024-03-14T08:11:43.686+0530] {dagbag.py:540} INFO - Filling up the DagBag from /home/kai/airflow/dags/multitask_dag.py
[2024-03-14T08:11:43.699+0530] {processor.py:840} INFO - DAG(s) 'multitask_dag' retrieved from /home/kai/airflow/dags/multitask_dag.py
[2024-03-14T08:11:43.718+0530] {logging_mixin.py:188} INFO - [2024-03-14T08:11:43.718+0530] {dag.py:3047} INFO - Sync 1 DAGs
[2024-03-14T08:11:43.735+0530] {logging_mixin.py:188} INFO - [2024-03-14T08:11:43.734+0530] {dag.py:3834} INFO - Setting next_dagrun for multitask_dag to 2024-03-13 00:00:00+00:00, run_after=2024-03-14 00:00:00+00:00
[2024-03-14T08:11:43.772+0530] {processor.py:183} INFO - Processing /home/kai/airflow/dags/multitask_dag.py took 0.091 seconds
[2024-03-14T08:12:14.716+0530] {processor.py:161} INFO - Started process (PID=310331) to work on /home/kai/airflow/dags/multitask_dag.py
[2024-03-14T08:12:14.718+0530] {processor.py:830} INFO - Processing file /home/kai/airflow/dags/multitask_dag.py for tasks to queue
[2024-03-14T08:12:14.719+0530] {logging_mixin.py:188} INFO - [2024-03-14T08:12:14.719+0530] {dagbag.py:540} INFO - Filling up the DagBag from /home/kai/airflow/dags/multitask_dag.py
[2024-03-14T08:12:14.732+0530] {processor.py:840} INFO - DAG(s) 'multitask_dag' retrieved from /home/kai/airflow/dags/multitask_dag.py
[2024-03-14T08:12:14.753+0530] {logging_mixin.py:188} INFO - [2024-03-14T08:12:14.753+0530] {dag.py:3047} INFO - Sync 1 DAGs
[2024-03-14T08:12:14.772+0530] {logging_mixin.py:188} INFO - [2024-03-14T08:12:14.772+0530] {dag.py:3834} INFO - Setting next_dagrun for multitask_dag to 2024-03-13 00:00:00+00:00, run_after=2024-03-14 00:00:00+00:00
[2024-03-14T08:12:14.813+0530] {processor.py:183} INFO - Processing /home/kai/airflow/dags/multitask_dag.py took 0.102 seconds
[2024-03-14T08:12:45.818+0530] {processor.py:161} INFO - Started process (PID=310385) to work on /home/kai/airflow/dags/multitask_dag.py
[2024-03-14T08:12:45.819+0530] {processor.py:830} INFO - Processing file /home/kai/airflow/dags/multitask_dag.py for tasks to queue
[2024-03-14T08:12:45.820+0530] {logging_mixin.py:188} INFO - [2024-03-14T08:12:45.820+0530] {dagbag.py:540} INFO - Filling up the DagBag from /home/kai/airflow/dags/multitask_dag.py
[2024-03-14T08:12:45.833+0530] {processor.py:840} INFO - DAG(s) 'multitask_dag' retrieved from /home/kai/airflow/dags/multitask_dag.py
[2024-03-14T08:12:45.854+0530] {logging_mixin.py:188} INFO - [2024-03-14T08:12:45.854+0530] {dag.py:3047} INFO - Sync 1 DAGs
[2024-03-14T08:12:45.877+0530] {logging_mixin.py:188} INFO - [2024-03-14T08:12:45.877+0530] {dag.py:3834} INFO - Setting next_dagrun for multitask_dag to 2024-03-13 00:00:00+00:00, run_after=2024-03-14 00:00:00+00:00
[2024-03-14T08:12:45.917+0530] {processor.py:183} INFO - Processing /home/kai/airflow/dags/multitask_dag.py took 0.102 seconds
[2024-03-14T08:13:16.638+0530] {processor.py:161} INFO - Started process (PID=310437) to work on /home/kai/airflow/dags/multitask_dag.py
[2024-03-14T08:13:16.641+0530] {processor.py:830} INFO - Processing file /home/kai/airflow/dags/multitask_dag.py for tasks to queue
[2024-03-14T08:13:16.642+0530] {logging_mixin.py:188} INFO - [2024-03-14T08:13:16.642+0530] {dagbag.py:540} INFO - Filling up the DagBag from /home/kai/airflow/dags/multitask_dag.py
[2024-03-14T08:13:16.656+0530] {processor.py:840} INFO - DAG(s) 'multitask_dag' retrieved from /home/kai/airflow/dags/multitask_dag.py
[2024-03-14T08:13:16.677+0530] {logging_mixin.py:188} INFO - [2024-03-14T08:13:16.676+0530] {dag.py:3047} INFO - Sync 1 DAGs
[2024-03-14T08:13:16.693+0530] {logging_mixin.py:188} INFO - [2024-03-14T08:13:16.693+0530] {dag.py:3834} INFO - Setting next_dagrun for multitask_dag to 2024-03-13 00:00:00+00:00, run_after=2024-03-14 00:00:00+00:00
[2024-03-14T08:13:16.729+0530] {processor.py:183} INFO - Processing /home/kai/airflow/dags/multitask_dag.py took 0.094 seconds
[2024-03-14T08:13:47.262+0530] {processor.py:161} INFO - Started process (PID=310488) to work on /home/kai/airflow/dags/multitask_dag.py
[2024-03-14T08:13:47.265+0530] {processor.py:830} INFO - Processing file /home/kai/airflow/dags/multitask_dag.py for tasks to queue
[2024-03-14T08:13:47.266+0530] {logging_mixin.py:188} INFO - [2024-03-14T08:13:47.265+0530] {dagbag.py:540} INFO - Filling up the DagBag from /home/kai/airflow/dags/multitask_dag.py
[2024-03-14T08:13:47.277+0530] {processor.py:840} INFO - DAG(s) 'multitask_dag' retrieved from /home/kai/airflow/dags/multitask_dag.py
[2024-03-14T08:13:47.297+0530] {logging_mixin.py:188} INFO - [2024-03-14T08:13:47.297+0530] {dag.py:3047} INFO - Sync 1 DAGs
[2024-03-14T08:13:47.314+0530] {logging_mixin.py:188} INFO - [2024-03-14T08:13:47.313+0530] {dag.py:3834} INFO - Setting next_dagrun for multitask_dag to 2024-03-13 00:00:00+00:00, run_after=2024-03-14 00:00:00+00:00
[2024-03-14T08:13:47.350+0530] {processor.py:183} INFO - Processing /home/kai/airflow/dags/multitask_dag.py took 0.091 seconds
[2024-03-14T08:14:17.880+0530] {processor.py:161} INFO - Started process (PID=310540) to work on /home/kai/airflow/dags/multitask_dag.py
[2024-03-14T08:14:17.884+0530] {processor.py:830} INFO - Processing file /home/kai/airflow/dags/multitask_dag.py for tasks to queue
[2024-03-14T08:14:17.885+0530] {logging_mixin.py:188} INFO - [2024-03-14T08:14:17.885+0530] {dagbag.py:540} INFO - Filling up the DagBag from /home/kai/airflow/dags/multitask_dag.py
[2024-03-14T08:14:17.903+0530] {processor.py:840} INFO - DAG(s) 'multitask_dag' retrieved from /home/kai/airflow/dags/multitask_dag.py
[2024-03-14T08:14:17.923+0530] {logging_mixin.py:188} INFO - [2024-03-14T08:14:17.923+0530] {dag.py:3047} INFO - Sync 1 DAGs
[2024-03-14T08:14:17.939+0530] {logging_mixin.py:188} INFO - [2024-03-14T08:14:17.939+0530] {dag.py:3834} INFO - Setting next_dagrun for multitask_dag to 2024-03-13 00:00:00+00:00, run_after=2024-03-14 00:00:00+00:00
[2024-03-14T08:14:17.981+0530] {processor.py:183} INFO - Processing /home/kai/airflow/dags/multitask_dag.py took 0.106 seconds
[2024-03-14T08:14:48.593+0530] {processor.py:161} INFO - Started process (PID=310591) to work on /home/kai/airflow/dags/multitask_dag.py
[2024-03-14T08:14:48.597+0530] {processor.py:830} INFO - Processing file /home/kai/airflow/dags/multitask_dag.py for tasks to queue
[2024-03-14T08:14:48.598+0530] {logging_mixin.py:188} INFO - [2024-03-14T08:14:48.598+0530] {dagbag.py:540} INFO - Filling up the DagBag from /home/kai/airflow/dags/multitask_dag.py
[2024-03-14T08:14:48.610+0530] {processor.py:840} INFO - DAG(s) 'multitask_dag' retrieved from /home/kai/airflow/dags/multitask_dag.py
[2024-03-14T08:14:48.630+0530] {logging_mixin.py:188} INFO - [2024-03-14T08:14:48.629+0530] {dag.py:3047} INFO - Sync 1 DAGs
[2024-03-14T08:14:48.646+0530] {logging_mixin.py:188} INFO - [2024-03-14T08:14:48.646+0530] {dag.py:3834} INFO - Setting next_dagrun for multitask_dag to 2024-03-13 00:00:00+00:00, run_after=2024-03-14 00:00:00+00:00
[2024-03-14T08:14:48.679+0530] {processor.py:183} INFO - Processing /home/kai/airflow/dags/multitask_dag.py took 0.090 seconds
[2024-03-14T08:15:19.329+0530] {processor.py:161} INFO - Started process (PID=310646) to work on /home/kai/airflow/dags/multitask_dag.py
[2024-03-14T08:15:19.333+0530] {processor.py:830} INFO - Processing file /home/kai/airflow/dags/multitask_dag.py for tasks to queue
[2024-03-14T08:15:19.334+0530] {logging_mixin.py:188} INFO - [2024-03-14T08:15:19.334+0530] {dagbag.py:540} INFO - Filling up the DagBag from /home/kai/airflow/dags/multitask_dag.py
[2024-03-14T08:15:19.347+0530] {processor.py:840} INFO - DAG(s) 'multitask_dag' retrieved from /home/kai/airflow/dags/multitask_dag.py
[2024-03-14T08:15:19.367+0530] {logging_mixin.py:188} INFO - [2024-03-14T08:15:19.367+0530] {dag.py:3047} INFO - Sync 1 DAGs
[2024-03-14T08:15:19.383+0530] {logging_mixin.py:188} INFO - [2024-03-14T08:15:19.383+0530] {dag.py:3834} INFO - Setting next_dagrun for multitask_dag to 2024-03-13 00:00:00+00:00, run_after=2024-03-14 00:00:00+00:00
[2024-03-14T08:15:19.416+0530] {processor.py:183} INFO - Processing /home/kai/airflow/dags/multitask_dag.py took 0.090 seconds
[2024-03-14T08:15:49.990+0530] {processor.py:161} INFO - Started process (PID=310697) to work on /home/kai/airflow/dags/multitask_dag.py
[2024-03-14T08:15:49.995+0530] {processor.py:830} INFO - Processing file /home/kai/airflow/dags/multitask_dag.py for tasks to queue
[2024-03-14T08:15:49.996+0530] {logging_mixin.py:188} INFO - [2024-03-14T08:15:49.995+0530] {dagbag.py:540} INFO - Filling up the DagBag from /home/kai/airflow/dags/multitask_dag.py
[2024-03-14T08:15:50.008+0530] {processor.py:840} INFO - DAG(s) 'multitask_dag' retrieved from /home/kai/airflow/dags/multitask_dag.py
[2024-03-14T08:15:50.028+0530] {logging_mixin.py:188} INFO - [2024-03-14T08:15:50.028+0530] {dag.py:3047} INFO - Sync 1 DAGs
[2024-03-14T08:15:50.044+0530] {logging_mixin.py:188} INFO - [2024-03-14T08:15:50.044+0530] {dag.py:3834} INFO - Setting next_dagrun for multitask_dag to 2024-03-13 00:00:00+00:00, run_after=2024-03-14 00:00:00+00:00
[2024-03-14T08:15:50.077+0530] {processor.py:183} INFO - Processing /home/kai/airflow/dags/multitask_dag.py took 0.090 seconds
[2024-03-14T08:16:20.665+0530] {processor.py:161} INFO - Started process (PID=310751) to work on /home/kai/airflow/dags/multitask_dag.py
[2024-03-14T08:16:20.668+0530] {processor.py:830} INFO - Processing file /home/kai/airflow/dags/multitask_dag.py for tasks to queue
[2024-03-14T08:16:20.669+0530] {logging_mixin.py:188} INFO - [2024-03-14T08:16:20.668+0530] {dagbag.py:540} INFO - Filling up the DagBag from /home/kai/airflow/dags/multitask_dag.py
[2024-03-14T08:16:20.686+0530] {processor.py:840} INFO - DAG(s) 'multitask_dag' retrieved from /home/kai/airflow/dags/multitask_dag.py
[2024-03-14T08:16:20.713+0530] {logging_mixin.py:188} INFO - [2024-03-14T08:16:20.713+0530] {dag.py:3047} INFO - Sync 1 DAGs
[2024-03-14T08:16:20.735+0530] {logging_mixin.py:188} INFO - [2024-03-14T08:16:20.735+0530] {dag.py:3834} INFO - Setting next_dagrun for multitask_dag to 2024-03-13 00:00:00+00:00, run_after=2024-03-14 00:00:00+00:00
[2024-03-14T08:16:20.778+0530] {processor.py:183} INFO - Processing /home/kai/airflow/dags/multitask_dag.py took 0.119 seconds
