[2024-03-14T07:42:27.810+0530] {processor.py:161} INFO - Started process (PID=307259) to work on /home/kai/airflow/dags/taskflow_sql_operations.py
[2024-03-14T07:42:27.811+0530] {processor.py:830} INFO - Processing file /home/kai/airflow/dags/taskflow_sql_operations.py for tasks to queue
[2024-03-14T07:42:27.812+0530] {logging_mixin.py:188} INFO - [2024-03-14T07:42:27.812+0530] {dagbag.py:540} INFO - Filling up the DagBag from /home/kai/airflow/dags/taskflow_sql_operations.py
[2024-03-14T07:42:28.297+0530] {processor.py:840} INFO - DAG(s) 'taskflow_sql_operations_dag' retrieved from /home/kai/airflow/dags/taskflow_sql_operations.py
[2024-03-14T07:42:28.383+0530] {logging_mixin.py:188} INFO - [2024-03-14T07:42:28.383+0530] {dag.py:3047} INFO - Sync 1 DAGs
[2024-03-14T07:42:28.400+0530] {logging_mixin.py:188} INFO - [2024-03-14T07:42:28.399+0530] {dag.py:3834} INFO - Setting next_dagrun for taskflow_sql_operations_dag to 2024-03-14 00:00:00+00:00, run_after=2024-03-15 00:00:00+00:00
[2024-03-14T07:42:28.434+0530] {processor.py:183} INFO - Processing /home/kai/airflow/dags/taskflow_sql_operations.py took 0.627 seconds
[2024-03-14T07:42:59.275+0530] {processor.py:161} INFO - Started process (PID=307335) to work on /home/kai/airflow/dags/taskflow_sql_operations.py
[2024-03-14T07:42:59.276+0530] {processor.py:830} INFO - Processing file /home/kai/airflow/dags/taskflow_sql_operations.py for tasks to queue
[2024-03-14T07:42:59.276+0530] {logging_mixin.py:188} INFO - [2024-03-14T07:42:59.276+0530] {dagbag.py:540} INFO - Filling up the DagBag from /home/kai/airflow/dags/taskflow_sql_operations.py
[2024-03-14T07:42:59.732+0530] {processor.py:840} INFO - DAG(s) 'taskflow_sql_operations_dag' retrieved from /home/kai/airflow/dags/taskflow_sql_operations.py
[2024-03-14T07:42:59.752+0530] {logging_mixin.py:188} INFO - [2024-03-14T07:42:59.751+0530] {dag.py:3047} INFO - Sync 1 DAGs
[2024-03-14T07:42:59.768+0530] {logging_mixin.py:188} INFO - [2024-03-14T07:42:59.768+0530] {dag.py:3834} INFO - Setting next_dagrun for taskflow_sql_operations_dag to 2024-03-14 00:00:00+00:00, run_after=2024-03-15 00:00:00+00:00
[2024-03-14T07:42:59.802+0530] {processor.py:183} INFO - Processing /home/kai/airflow/dags/taskflow_sql_operations.py took 0.530 seconds
[2024-03-14T07:43:30.600+0530] {processor.py:161} INFO - Started process (PID=307389) to work on /home/kai/airflow/dags/taskflow_sql_operations.py
[2024-03-14T07:43:30.602+0530] {processor.py:830} INFO - Processing file /home/kai/airflow/dags/taskflow_sql_operations.py for tasks to queue
[2024-03-14T07:43:30.603+0530] {logging_mixin.py:188} INFO - [2024-03-14T07:43:30.602+0530] {dagbag.py:540} INFO - Filling up the DagBag from /home/kai/airflow/dags/taskflow_sql_operations.py
[2024-03-14T07:43:31.028+0530] {processor.py:840} INFO - DAG(s) 'taskflow_sql_operations_dag' retrieved from /home/kai/airflow/dags/taskflow_sql_operations.py
[2024-03-14T07:43:31.048+0530] {logging_mixin.py:188} INFO - [2024-03-14T07:43:31.047+0530] {dag.py:3047} INFO - Sync 1 DAGs
[2024-03-14T07:43:31.064+0530] {logging_mixin.py:188} INFO - [2024-03-14T07:43:31.064+0530] {dag.py:3834} INFO - Setting next_dagrun for taskflow_sql_operations_dag to 2024-03-14 00:00:00+00:00, run_after=2024-03-15 00:00:00+00:00
[2024-03-14T07:43:31.100+0530] {processor.py:183} INFO - Processing /home/kai/airflow/dags/taskflow_sql_operations.py took 0.502 seconds
[2024-03-14T07:44:01.913+0530] {processor.py:161} INFO - Started process (PID=307443) to work on /home/kai/airflow/dags/taskflow_sql_operations.py
[2024-03-14T07:44:01.918+0530] {processor.py:830} INFO - Processing file /home/kai/airflow/dags/taskflow_sql_operations.py for tasks to queue
[2024-03-14T07:44:01.919+0530] {logging_mixin.py:188} INFO - [2024-03-14T07:44:01.918+0530] {dagbag.py:540} INFO - Filling up the DagBag from /home/kai/airflow/dags/taskflow_sql_operations.py
[2024-03-14T07:44:02.328+0530] {processor.py:840} INFO - DAG(s) 'taskflow_sql_operations_dag' retrieved from /home/kai/airflow/dags/taskflow_sql_operations.py
[2024-03-14T07:44:02.343+0530] {logging_mixin.py:188} INFO - [2024-03-14T07:44:02.343+0530] {dag.py:3047} INFO - Sync 1 DAGs
[2024-03-14T07:44:02.359+0530] {logging_mixin.py:188} INFO - [2024-03-14T07:44:02.359+0530] {dag.py:3834} INFO - Setting next_dagrun for taskflow_sql_operations_dag to 2024-03-14 00:00:00+00:00, run_after=2024-03-15 00:00:00+00:00
[2024-03-14T07:44:02.392+0530] {processor.py:183} INFO - Processing /home/kai/airflow/dags/taskflow_sql_operations.py took 0.482 seconds
[2024-03-14T07:44:32.428+0530] {processor.py:161} INFO - Started process (PID=307494) to work on /home/kai/airflow/dags/taskflow_sql_operations.py
[2024-03-14T07:44:32.431+0530] {processor.py:830} INFO - Processing file /home/kai/airflow/dags/taskflow_sql_operations.py for tasks to queue
[2024-03-14T07:44:32.432+0530] {logging_mixin.py:188} INFO - [2024-03-14T07:44:32.431+0530] {dagbag.py:540} INFO - Filling up the DagBag from /home/kai/airflow/dags/taskflow_sql_operations.py
[2024-03-14T07:44:32.838+0530] {processor.py:840} INFO - DAG(s) 'taskflow_sql_operations_dag' retrieved from /home/kai/airflow/dags/taskflow_sql_operations.py
[2024-03-14T07:44:32.852+0530] {logging_mixin.py:188} INFO - [2024-03-14T07:44:32.852+0530] {dag.py:3047} INFO - Sync 1 DAGs
[2024-03-14T07:44:32.869+0530] {logging_mixin.py:188} INFO - [2024-03-14T07:44:32.868+0530] {dag.py:3834} INFO - Setting next_dagrun for taskflow_sql_operations_dag to 2024-03-14 00:00:00+00:00, run_after=2024-03-15 00:00:00+00:00
[2024-03-14T07:44:32.902+0530] {processor.py:183} INFO - Processing /home/kai/airflow/dags/taskflow_sql_operations.py took 0.478 seconds
[2024-03-14T07:45:03.054+0530] {processor.py:161} INFO - Started process (PID=307551) to work on /home/kai/airflow/dags/taskflow_sql_operations.py
[2024-03-14T07:45:03.057+0530] {processor.py:830} INFO - Processing file /home/kai/airflow/dags/taskflow_sql_operations.py for tasks to queue
[2024-03-14T07:45:03.058+0530] {logging_mixin.py:188} INFO - [2024-03-14T07:45:03.058+0530] {dagbag.py:540} INFO - Filling up the DagBag from /home/kai/airflow/dags/taskflow_sql_operations.py
[2024-03-14T07:45:03.463+0530] {processor.py:840} INFO - DAG(s) 'taskflow_sql_operations_dag' retrieved from /home/kai/airflow/dags/taskflow_sql_operations.py
[2024-03-14T07:45:03.484+0530] {logging_mixin.py:188} INFO - [2024-03-14T07:45:03.483+0530] {dag.py:3047} INFO - Sync 1 DAGs
[2024-03-14T07:45:03.502+0530] {logging_mixin.py:188} INFO - [2024-03-14T07:45:03.502+0530] {dag.py:3834} INFO - Setting next_dagrun for taskflow_sql_operations_dag to 2024-03-14 00:00:00+00:00, run_after=2024-03-15 00:00:00+00:00
[2024-03-14T07:45:03.537+0530] {processor.py:183} INFO - Processing /home/kai/airflow/dags/taskflow_sql_operations.py took 0.486 seconds
[2024-03-14T07:45:33.812+0530] {processor.py:161} INFO - Started process (PID=307602) to work on /home/kai/airflow/dags/taskflow_sql_operations.py
[2024-03-14T07:45:33.815+0530] {processor.py:830} INFO - Processing file /home/kai/airflow/dags/taskflow_sql_operations.py for tasks to queue
[2024-03-14T07:45:33.816+0530] {logging_mixin.py:188} INFO - [2024-03-14T07:45:33.816+0530] {dagbag.py:540} INFO - Filling up the DagBag from /home/kai/airflow/dags/taskflow_sql_operations.py
[2024-03-14T07:45:34.222+0530] {processor.py:840} INFO - DAG(s) 'taskflow_sql_operations_dag' retrieved from /home/kai/airflow/dags/taskflow_sql_operations.py
[2024-03-14T07:45:34.237+0530] {logging_mixin.py:188} INFO - [2024-03-14T07:45:34.237+0530] {dag.py:3047} INFO - Sync 1 DAGs
[2024-03-14T07:45:34.252+0530] {logging_mixin.py:188} INFO - [2024-03-14T07:45:34.251+0530] {dag.py:3834} INFO - Setting next_dagrun for taskflow_sql_operations_dag to 2024-03-14 00:00:00+00:00, run_after=2024-03-15 00:00:00+00:00
[2024-03-14T07:45:34.285+0530] {processor.py:183} INFO - Processing /home/kai/airflow/dags/taskflow_sql_operations.py took 0.477 seconds
[2024-03-14T07:46:04.517+0530] {processor.py:161} INFO - Started process (PID=307656) to work on /home/kai/airflow/dags/taskflow_sql_operations.py
[2024-03-14T07:46:04.521+0530] {processor.py:830} INFO - Processing file /home/kai/airflow/dags/taskflow_sql_operations.py for tasks to queue
[2024-03-14T07:46:04.522+0530] {logging_mixin.py:188} INFO - [2024-03-14T07:46:04.522+0530] {dagbag.py:540} INFO - Filling up the DagBag from /home/kai/airflow/dags/taskflow_sql_operations.py
[2024-03-14T07:46:04.930+0530] {processor.py:840} INFO - DAG(s) 'taskflow_sql_operations_dag' retrieved from /home/kai/airflow/dags/taskflow_sql_operations.py
[2024-03-14T07:46:04.944+0530] {logging_mixin.py:188} INFO - [2024-03-14T07:46:04.944+0530] {dag.py:3047} INFO - Sync 1 DAGs
[2024-03-14T07:46:04.959+0530] {logging_mixin.py:188} INFO - [2024-03-14T07:46:04.959+0530] {dag.py:3834} INFO - Setting next_dagrun for taskflow_sql_operations_dag to 2024-03-14 00:00:00+00:00, run_after=2024-03-15 00:00:00+00:00
[2024-03-14T07:46:04.993+0530] {processor.py:183} INFO - Processing /home/kai/airflow/dags/taskflow_sql_operations.py took 0.480 seconds
[2024-03-14T07:46:35.223+0530] {processor.py:161} INFO - Started process (PID=307708) to work on /home/kai/airflow/dags/taskflow_sql_operations.py
[2024-03-14T07:46:35.225+0530] {processor.py:830} INFO - Processing file /home/kai/airflow/dags/taskflow_sql_operations.py for tasks to queue
[2024-03-14T07:46:35.226+0530] {logging_mixin.py:188} INFO - [2024-03-14T07:46:35.225+0530] {dagbag.py:540} INFO - Filling up the DagBag from /home/kai/airflow/dags/taskflow_sql_operations.py
[2024-03-14T07:46:35.651+0530] {processor.py:840} INFO - DAG(s) 'taskflow_sql_operations_dag' retrieved from /home/kai/airflow/dags/taskflow_sql_operations.py
[2024-03-14T07:46:35.667+0530] {logging_mixin.py:188} INFO - [2024-03-14T07:46:35.666+0530] {dag.py:3047} INFO - Sync 1 DAGs
[2024-03-14T07:46:35.683+0530] {logging_mixin.py:188} INFO - [2024-03-14T07:46:35.683+0530] {dag.py:3834} INFO - Setting next_dagrun for taskflow_sql_operations_dag to 2024-03-14 00:00:00+00:00, run_after=2024-03-15 00:00:00+00:00
[2024-03-14T07:46:35.719+0530] {processor.py:183} INFO - Processing /home/kai/airflow/dags/taskflow_sql_operations.py took 0.499 seconds
[2024-03-14T07:47:06.038+0530] {processor.py:161} INFO - Started process (PID=307759) to work on /home/kai/airflow/dags/taskflow_sql_operations.py
[2024-03-14T07:47:06.040+0530] {processor.py:830} INFO - Processing file /home/kai/airflow/dags/taskflow_sql_operations.py for tasks to queue
[2024-03-14T07:47:06.040+0530] {logging_mixin.py:188} INFO - [2024-03-14T07:47:06.040+0530] {dagbag.py:540} INFO - Filling up the DagBag from /home/kai/airflow/dags/taskflow_sql_operations.py
[2024-03-14T07:47:06.448+0530] {processor.py:840} INFO - DAG(s) 'taskflow_sql_operations_dag' retrieved from /home/kai/airflow/dags/taskflow_sql_operations.py
[2024-03-14T07:47:06.463+0530] {logging_mixin.py:188} INFO - [2024-03-14T07:47:06.463+0530] {dag.py:3047} INFO - Sync 1 DAGs
[2024-03-14T07:47:06.478+0530] {logging_mixin.py:188} INFO - [2024-03-14T07:47:06.478+0530] {dag.py:3834} INFO - Setting next_dagrun for taskflow_sql_operations_dag to 2024-03-14 00:00:00+00:00, run_after=2024-03-15 00:00:00+00:00
[2024-03-14T07:47:06.511+0530] {processor.py:183} INFO - Processing /home/kai/airflow/dags/taskflow_sql_operations.py took 0.476 seconds
[2024-03-14T07:47:37.146+0530] {processor.py:161} INFO - Started process (PID=307813) to work on /home/kai/airflow/dags/taskflow_sql_operations.py
[2024-03-14T07:47:37.147+0530] {processor.py:830} INFO - Processing file /home/kai/airflow/dags/taskflow_sql_operations.py for tasks to queue
[2024-03-14T07:47:37.148+0530] {logging_mixin.py:188} INFO - [2024-03-14T07:47:37.148+0530] {dagbag.py:540} INFO - Filling up the DagBag from /home/kai/airflow/dags/taskflow_sql_operations.py
[2024-03-14T07:47:37.557+0530] {processor.py:840} INFO - DAG(s) 'taskflow_sql_operations_dag' retrieved from /home/kai/airflow/dags/taskflow_sql_operations.py
[2024-03-14T07:47:37.571+0530] {logging_mixin.py:188} INFO - [2024-03-14T07:47:37.571+0530] {dag.py:3047} INFO - Sync 1 DAGs
[2024-03-14T07:47:37.586+0530] {logging_mixin.py:188} INFO - [2024-03-14T07:47:37.586+0530] {dag.py:3834} INFO - Setting next_dagrun for taskflow_sql_operations_dag to 2024-03-14 00:00:00+00:00, run_after=2024-03-15 00:00:00+00:00
[2024-03-14T07:47:37.620+0530] {processor.py:183} INFO - Processing /home/kai/airflow/dags/taskflow_sql_operations.py took 0.478 seconds
[2024-03-14T07:48:07.745+0530] {processor.py:161} INFO - Started process (PID=307865) to work on /home/kai/airflow/dags/taskflow_sql_operations.py
[2024-03-14T07:48:07.748+0530] {processor.py:830} INFO - Processing file /home/kai/airflow/dags/taskflow_sql_operations.py for tasks to queue
[2024-03-14T07:48:07.749+0530] {logging_mixin.py:188} INFO - [2024-03-14T07:48:07.749+0530] {dagbag.py:540} INFO - Filling up the DagBag from /home/kai/airflow/dags/taskflow_sql_operations.py
[2024-03-14T07:48:08.160+0530] {processor.py:840} INFO - DAG(s) 'taskflow_sql_operations_dag' retrieved from /home/kai/airflow/dags/taskflow_sql_operations.py
[2024-03-14T07:48:08.175+0530] {logging_mixin.py:188} INFO - [2024-03-14T07:48:08.174+0530] {dag.py:3047} INFO - Sync 1 DAGs
[2024-03-14T07:48:08.191+0530] {logging_mixin.py:188} INFO - [2024-03-14T07:48:08.190+0530] {dag.py:3834} INFO - Setting next_dagrun for taskflow_sql_operations_dag to 2024-03-14 00:00:00+00:00, run_after=2024-03-15 00:00:00+00:00
[2024-03-14T07:48:08.223+0530] {processor.py:183} INFO - Processing /home/kai/airflow/dags/taskflow_sql_operations.py took 0.482 seconds
[2024-03-14T07:48:39.127+0530] {processor.py:161} INFO - Started process (PID=307917) to work on /home/kai/airflow/dags/taskflow_sql_operations.py
[2024-03-14T07:48:39.130+0530] {processor.py:830} INFO - Processing file /home/kai/airflow/dags/taskflow_sql_operations.py for tasks to queue
[2024-03-14T07:48:39.131+0530] {logging_mixin.py:188} INFO - [2024-03-14T07:48:39.130+0530] {dagbag.py:540} INFO - Filling up the DagBag from /home/kai/airflow/dags/taskflow_sql_operations.py
[2024-03-14T07:48:39.539+0530] {processor.py:840} INFO - DAG(s) 'taskflow_sql_operations_dag' retrieved from /home/kai/airflow/dags/taskflow_sql_operations.py
[2024-03-14T07:48:39.555+0530] {logging_mixin.py:188} INFO - [2024-03-14T07:48:39.555+0530] {dag.py:3047} INFO - Sync 1 DAGs
[2024-03-14T07:48:39.571+0530] {logging_mixin.py:188} INFO - [2024-03-14T07:48:39.571+0530] {dag.py:3834} INFO - Setting next_dagrun for taskflow_sql_operations_dag to 2024-03-14 00:00:00+00:00, run_after=2024-03-15 00:00:00+00:00
[2024-03-14T07:48:39.617+0530] {processor.py:183} INFO - Processing /home/kai/airflow/dags/taskflow_sql_operations.py took 0.493 seconds
[2024-03-14T07:49:09.990+0530] {processor.py:161} INFO - Started process (PID=307970) to work on /home/kai/airflow/dags/taskflow_sql_operations.py
[2024-03-14T07:49:09.993+0530] {processor.py:830} INFO - Processing file /home/kai/airflow/dags/taskflow_sql_operations.py for tasks to queue
[2024-03-14T07:49:09.994+0530] {logging_mixin.py:188} INFO - [2024-03-14T07:49:09.993+0530] {dagbag.py:540} INFO - Filling up the DagBag from /home/kai/airflow/dags/taskflow_sql_operations.py
[2024-03-14T07:49:10.399+0530] {processor.py:840} INFO - DAG(s) 'taskflow_sql_operations_dag' retrieved from /home/kai/airflow/dags/taskflow_sql_operations.py
[2024-03-14T07:49:10.415+0530] {logging_mixin.py:188} INFO - [2024-03-14T07:49:10.414+0530] {dag.py:3047} INFO - Sync 1 DAGs
[2024-03-14T07:49:10.430+0530] {logging_mixin.py:188} INFO - [2024-03-14T07:49:10.430+0530] {dag.py:3834} INFO - Setting next_dagrun for taskflow_sql_operations_dag to 2024-03-14 00:00:00+00:00, run_after=2024-03-15 00:00:00+00:00
[2024-03-14T07:49:10.462+0530] {processor.py:183} INFO - Processing /home/kai/airflow/dags/taskflow_sql_operations.py took 0.475 seconds
[2024-03-14T07:49:40.871+0530] {processor.py:161} INFO - Started process (PID=308022) to work on /home/kai/airflow/dags/taskflow_sql_operations.py
[2024-03-14T07:49:40.874+0530] {processor.py:830} INFO - Processing file /home/kai/airflow/dags/taskflow_sql_operations.py for tasks to queue
[2024-03-14T07:49:40.875+0530] {logging_mixin.py:188} INFO - [2024-03-14T07:49:40.875+0530] {dagbag.py:540} INFO - Filling up the DagBag from /home/kai/airflow/dags/taskflow_sql_operations.py
[2024-03-14T07:49:41.282+0530] {processor.py:840} INFO - DAG(s) 'taskflow_sql_operations_dag' retrieved from /home/kai/airflow/dags/taskflow_sql_operations.py
[2024-03-14T07:49:41.297+0530] {logging_mixin.py:188} INFO - [2024-03-14T07:49:41.296+0530] {dag.py:3047} INFO - Sync 1 DAGs
[2024-03-14T07:49:41.313+0530] {logging_mixin.py:188} INFO - [2024-03-14T07:49:41.313+0530] {dag.py:3834} INFO - Setting next_dagrun for taskflow_sql_operations_dag to 2024-03-14 00:00:00+00:00, run_after=2024-03-15 00:00:00+00:00
[2024-03-14T07:49:41.348+0530] {processor.py:183} INFO - Processing /home/kai/airflow/dags/taskflow_sql_operations.py took 0.480 seconds
[2024-03-14T07:50:11.725+0530] {processor.py:161} INFO - Started process (PID=308076) to work on /home/kai/airflow/dags/taskflow_sql_operations.py
[2024-03-14T07:50:11.727+0530] {processor.py:830} INFO - Processing file /home/kai/airflow/dags/taskflow_sql_operations.py for tasks to queue
[2024-03-14T07:50:11.727+0530] {logging_mixin.py:188} INFO - [2024-03-14T07:50:11.727+0530] {dagbag.py:540} INFO - Filling up the DagBag from /home/kai/airflow/dags/taskflow_sql_operations.py
[2024-03-14T07:50:12.134+0530] {processor.py:840} INFO - DAG(s) 'taskflow_sql_operations_dag' retrieved from /home/kai/airflow/dags/taskflow_sql_operations.py
[2024-03-14T07:50:12.150+0530] {logging_mixin.py:188} INFO - [2024-03-14T07:50:12.149+0530] {dag.py:3047} INFO - Sync 1 DAGs
[2024-03-14T07:50:12.166+0530] {logging_mixin.py:188} INFO - [2024-03-14T07:50:12.166+0530] {dag.py:3834} INFO - Setting next_dagrun for taskflow_sql_operations_dag to 2024-03-14 00:00:00+00:00, run_after=2024-03-15 00:00:00+00:00
[2024-03-14T07:50:12.200+0530] {processor.py:183} INFO - Processing /home/kai/airflow/dags/taskflow_sql_operations.py took 0.478 seconds
[2024-03-14T07:50:42.481+0530] {processor.py:161} INFO - Started process (PID=308128) to work on /home/kai/airflow/dags/taskflow_sql_operations.py
[2024-03-14T07:50:42.486+0530] {processor.py:830} INFO - Processing file /home/kai/airflow/dags/taskflow_sql_operations.py for tasks to queue
[2024-03-14T07:50:42.487+0530] {logging_mixin.py:188} INFO - [2024-03-14T07:50:42.486+0530] {dagbag.py:540} INFO - Filling up the DagBag from /home/kai/airflow/dags/taskflow_sql_operations.py
[2024-03-14T07:50:42.889+0530] {processor.py:840} INFO - DAG(s) 'taskflow_sql_operations_dag' retrieved from /home/kai/airflow/dags/taskflow_sql_operations.py
[2024-03-14T07:50:42.904+0530] {logging_mixin.py:188} INFO - [2024-03-14T07:50:42.904+0530] {dag.py:3047} INFO - Sync 1 DAGs
[2024-03-14T07:50:42.919+0530] {logging_mixin.py:188} INFO - [2024-03-14T07:50:42.919+0530] {dag.py:3834} INFO - Setting next_dagrun for taskflow_sql_operations_dag to 2024-03-14 00:00:00+00:00, run_after=2024-03-15 00:00:00+00:00
[2024-03-14T07:50:42.954+0530] {processor.py:183} INFO - Processing /home/kai/airflow/dags/taskflow_sql_operations.py took 0.476 seconds
[2024-03-14T07:51:13.373+0530] {processor.py:161} INFO - Started process (PID=308179) to work on /home/kai/airflow/dags/taskflow_sql_operations.py
[2024-03-14T07:51:13.378+0530] {processor.py:830} INFO - Processing file /home/kai/airflow/dags/taskflow_sql_operations.py for tasks to queue
[2024-03-14T07:51:13.379+0530] {logging_mixin.py:188} INFO - [2024-03-14T07:51:13.379+0530] {dagbag.py:540} INFO - Filling up the DagBag from /home/kai/airflow/dags/taskflow_sql_operations.py
[2024-03-14T07:51:13.784+0530] {processor.py:840} INFO - DAG(s) 'taskflow_sql_operations_dag' retrieved from /home/kai/airflow/dags/taskflow_sql_operations.py
[2024-03-14T07:51:13.799+0530] {logging_mixin.py:188} INFO - [2024-03-14T07:51:13.799+0530] {dag.py:3047} INFO - Sync 1 DAGs
[2024-03-14T07:51:13.815+0530] {logging_mixin.py:188} INFO - [2024-03-14T07:51:13.815+0530] {dag.py:3834} INFO - Setting next_dagrun for taskflow_sql_operations_dag to 2024-03-14 00:00:00+00:00, run_after=2024-03-15 00:00:00+00:00
[2024-03-14T07:51:13.857+0530] {processor.py:183} INFO - Processing /home/kai/airflow/dags/taskflow_sql_operations.py took 0.487 seconds
[2024-03-14T07:51:44.232+0530] {processor.py:161} INFO - Started process (PID=308231) to work on /home/kai/airflow/dags/taskflow_sql_operations.py
[2024-03-14T07:51:44.237+0530] {processor.py:830} INFO - Processing file /home/kai/airflow/dags/taskflow_sql_operations.py for tasks to queue
[2024-03-14T07:51:44.238+0530] {logging_mixin.py:188} INFO - [2024-03-14T07:51:44.237+0530] {dagbag.py:540} INFO - Filling up the DagBag from /home/kai/airflow/dags/taskflow_sql_operations.py
[2024-03-14T07:51:44.645+0530] {processor.py:840} INFO - DAG(s) 'taskflow_sql_operations_dag' retrieved from /home/kai/airflow/dags/taskflow_sql_operations.py
[2024-03-14T07:51:44.660+0530] {logging_mixin.py:188} INFO - [2024-03-14T07:51:44.660+0530] {dag.py:3047} INFO - Sync 1 DAGs
[2024-03-14T07:51:44.677+0530] {logging_mixin.py:188} INFO - [2024-03-14T07:51:44.677+0530] {dag.py:3834} INFO - Setting next_dagrun for taskflow_sql_operations_dag to 2024-03-14 00:00:00+00:00, run_after=2024-03-15 00:00:00+00:00
[2024-03-14T07:51:44.718+0530] {processor.py:183} INFO - Processing /home/kai/airflow/dags/taskflow_sql_operations.py took 0.488 seconds
[2024-03-14T07:52:15.183+0530] {processor.py:161} INFO - Started process (PID=308286) to work on /home/kai/airflow/dags/taskflow_sql_operations.py
[2024-03-14T07:52:15.187+0530] {processor.py:830} INFO - Processing file /home/kai/airflow/dags/taskflow_sql_operations.py for tasks to queue
[2024-03-14T07:52:15.188+0530] {logging_mixin.py:188} INFO - [2024-03-14T07:52:15.188+0530] {dagbag.py:540} INFO - Filling up the DagBag from /home/kai/airflow/dags/taskflow_sql_operations.py
[2024-03-14T07:52:15.598+0530] {processor.py:840} INFO - DAG(s) 'taskflow_sql_operations_dag' retrieved from /home/kai/airflow/dags/taskflow_sql_operations.py
[2024-03-14T07:52:15.612+0530] {logging_mixin.py:188} INFO - [2024-03-14T07:52:15.612+0530] {dag.py:3047} INFO - Sync 1 DAGs
[2024-03-14T07:52:15.629+0530] {logging_mixin.py:188} INFO - [2024-03-14T07:52:15.628+0530] {dag.py:3834} INFO - Setting next_dagrun for taskflow_sql_operations_dag to 2024-03-14 00:00:00+00:00, run_after=2024-03-15 00:00:00+00:00
[2024-03-14T07:52:15.664+0530] {processor.py:183} INFO - Processing /home/kai/airflow/dags/taskflow_sql_operations.py took 0.484 seconds
[2024-03-14T07:52:46.050+0530] {processor.py:161} INFO - Started process (PID=308340) to work on /home/kai/airflow/dags/taskflow_sql_operations.py
[2024-03-14T07:52:46.053+0530] {processor.py:830} INFO - Processing file /home/kai/airflow/dags/taskflow_sql_operations.py for tasks to queue
[2024-03-14T07:52:46.054+0530] {logging_mixin.py:188} INFO - [2024-03-14T07:52:46.053+0530] {dagbag.py:540} INFO - Filling up the DagBag from /home/kai/airflow/dags/taskflow_sql_operations.py
[2024-03-14T07:52:46.462+0530] {processor.py:840} INFO - DAG(s) 'taskflow_sql_operations_dag' retrieved from /home/kai/airflow/dags/taskflow_sql_operations.py
[2024-03-14T07:52:46.478+0530] {logging_mixin.py:188} INFO - [2024-03-14T07:52:46.478+0530] {dag.py:3047} INFO - Sync 1 DAGs
[2024-03-14T07:52:46.495+0530] {logging_mixin.py:188} INFO - [2024-03-14T07:52:46.495+0530] {dag.py:3834} INFO - Setting next_dagrun for taskflow_sql_operations_dag to 2024-03-14 00:00:00+00:00, run_after=2024-03-15 00:00:00+00:00
[2024-03-14T07:52:46.530+0530] {processor.py:183} INFO - Processing /home/kai/airflow/dags/taskflow_sql_operations.py took 0.483 seconds
[2024-03-14T07:53:16.926+0530] {processor.py:161} INFO - Started process (PID=308392) to work on /home/kai/airflow/dags/taskflow_sql_operations.py
[2024-03-14T07:53:16.929+0530] {processor.py:830} INFO - Processing file /home/kai/airflow/dags/taskflow_sql_operations.py for tasks to queue
[2024-03-14T07:53:16.930+0530] {logging_mixin.py:188} INFO - [2024-03-14T07:53:16.929+0530] {dagbag.py:540} INFO - Filling up the DagBag from /home/kai/airflow/dags/taskflow_sql_operations.py
[2024-03-14T07:53:17.338+0530] {processor.py:840} INFO - DAG(s) 'taskflow_sql_operations_dag' retrieved from /home/kai/airflow/dags/taskflow_sql_operations.py
[2024-03-14T07:53:17.352+0530] {logging_mixin.py:188} INFO - [2024-03-14T07:53:17.352+0530] {dag.py:3047} INFO - Sync 1 DAGs
[2024-03-14T07:53:17.367+0530] {logging_mixin.py:188} INFO - [2024-03-14T07:53:17.367+0530] {dag.py:3834} INFO - Setting next_dagrun for taskflow_sql_operations_dag to 2024-03-14 00:00:00+00:00, run_after=2024-03-15 00:00:00+00:00
[2024-03-14T07:53:17.406+0530] {processor.py:183} INFO - Processing /home/kai/airflow/dags/taskflow_sql_operations.py took 0.484 seconds
[2024-03-14T07:53:47.633+0530] {processor.py:161} INFO - Started process (PID=308445) to work on /home/kai/airflow/dags/taskflow_sql_operations.py
[2024-03-14T07:53:47.637+0530] {processor.py:830} INFO - Processing file /home/kai/airflow/dags/taskflow_sql_operations.py for tasks to queue
[2024-03-14T07:53:47.638+0530] {logging_mixin.py:188} INFO - [2024-03-14T07:53:47.638+0530] {dagbag.py:540} INFO - Filling up the DagBag from /home/kai/airflow/dags/taskflow_sql_operations.py
[2024-03-14T07:53:48.043+0530] {processor.py:840} INFO - DAG(s) 'taskflow_sql_operations_dag' retrieved from /home/kai/airflow/dags/taskflow_sql_operations.py
[2024-03-14T07:53:48.058+0530] {logging_mixin.py:188} INFO - [2024-03-14T07:53:48.058+0530] {dag.py:3047} INFO - Sync 1 DAGs
[2024-03-14T07:53:48.074+0530] {logging_mixin.py:188} INFO - [2024-03-14T07:53:48.074+0530] {dag.py:3834} INFO - Setting next_dagrun for taskflow_sql_operations_dag to 2024-03-14 00:00:00+00:00, run_after=2024-03-15 00:00:00+00:00
[2024-03-14T07:53:48.109+0530] {processor.py:183} INFO - Processing /home/kai/airflow/dags/taskflow_sql_operations.py took 0.479 seconds
[2024-03-14T07:54:18.730+0530] {processor.py:161} INFO - Started process (PID=308497) to work on /home/kai/airflow/dags/taskflow_sql_operations.py
[2024-03-14T07:54:18.734+0530] {processor.py:830} INFO - Processing file /home/kai/airflow/dags/taskflow_sql_operations.py for tasks to queue
[2024-03-14T07:54:18.735+0530] {logging_mixin.py:188} INFO - [2024-03-14T07:54:18.735+0530] {dagbag.py:540} INFO - Filling up the DagBag from /home/kai/airflow/dags/taskflow_sql_operations.py
[2024-03-14T07:54:19.138+0530] {processor.py:840} INFO - DAG(s) 'taskflow_sql_operations_dag' retrieved from /home/kai/airflow/dags/taskflow_sql_operations.py
[2024-03-14T07:54:19.153+0530] {logging_mixin.py:188} INFO - [2024-03-14T07:54:19.153+0530] {dag.py:3047} INFO - Sync 1 DAGs
[2024-03-14T07:54:19.169+0530] {logging_mixin.py:188} INFO - [2024-03-14T07:54:19.169+0530] {dag.py:3834} INFO - Setting next_dagrun for taskflow_sql_operations_dag to 2024-03-14 00:00:00+00:00, run_after=2024-03-15 00:00:00+00:00
[2024-03-14T07:54:19.210+0530] {processor.py:183} INFO - Processing /home/kai/airflow/dags/taskflow_sql_operations.py took 0.483 seconds
[2024-03-14T07:54:49.505+0530] {processor.py:161} INFO - Started process (PID=308548) to work on /home/kai/airflow/dags/taskflow_sql_operations.py
[2024-03-14T07:54:49.509+0530] {processor.py:830} INFO - Processing file /home/kai/airflow/dags/taskflow_sql_operations.py for tasks to queue
[2024-03-14T07:54:49.510+0530] {logging_mixin.py:188} INFO - [2024-03-14T07:54:49.510+0530] {dagbag.py:540} INFO - Filling up the DagBag from /home/kai/airflow/dags/taskflow_sql_operations.py
[2024-03-14T07:54:49.912+0530] {processor.py:840} INFO - DAG(s) 'taskflow_sql_operations_dag' retrieved from /home/kai/airflow/dags/taskflow_sql_operations.py
[2024-03-14T07:54:49.928+0530] {logging_mixin.py:188} INFO - [2024-03-14T07:54:49.928+0530] {dag.py:3047} INFO - Sync 1 DAGs
[2024-03-14T07:54:49.943+0530] {logging_mixin.py:188} INFO - [2024-03-14T07:54:49.943+0530] {dag.py:3834} INFO - Setting next_dagrun for taskflow_sql_operations_dag to 2024-03-14 00:00:00+00:00, run_after=2024-03-15 00:00:00+00:00
[2024-03-14T07:54:49.977+0530] {processor.py:183} INFO - Processing /home/kai/airflow/dags/taskflow_sql_operations.py took 0.476 seconds
[2024-03-14T07:55:20.072+0530] {processor.py:161} INFO - Started process (PID=308605) to work on /home/kai/airflow/dags/taskflow_sql_operations.py
[2024-03-14T07:55:20.076+0530] {processor.py:830} INFO - Processing file /home/kai/airflow/dags/taskflow_sql_operations.py for tasks to queue
[2024-03-14T07:55:20.077+0530] {logging_mixin.py:188} INFO - [2024-03-14T07:55:20.077+0530] {dagbag.py:540} INFO - Filling up the DagBag from /home/kai/airflow/dags/taskflow_sql_operations.py
[2024-03-14T07:55:20.480+0530] {processor.py:840} INFO - DAG(s) 'taskflow_sql_operations_dag' retrieved from /home/kai/airflow/dags/taskflow_sql_operations.py
[2024-03-14T07:55:20.495+0530] {logging_mixin.py:188} INFO - [2024-03-14T07:55:20.494+0530] {dag.py:3047} INFO - Sync 1 DAGs
[2024-03-14T07:55:20.509+0530] {logging_mixin.py:188} INFO - [2024-03-14T07:55:20.509+0530] {dag.py:3834} INFO - Setting next_dagrun for taskflow_sql_operations_dag to 2024-03-14 00:00:00+00:00, run_after=2024-03-15 00:00:00+00:00
[2024-03-14T07:55:20.545+0530] {processor.py:183} INFO - Processing /home/kai/airflow/dags/taskflow_sql_operations.py took 0.476 seconds
[2024-03-14T07:55:50.625+0530] {processor.py:161} INFO - Started process (PID=308656) to work on /home/kai/airflow/dags/taskflow_sql_operations.py
[2024-03-14T07:55:50.630+0530] {processor.py:830} INFO - Processing file /home/kai/airflow/dags/taskflow_sql_operations.py for tasks to queue
[2024-03-14T07:55:50.630+0530] {logging_mixin.py:188} INFO - [2024-03-14T07:55:50.630+0530] {dagbag.py:540} INFO - Filling up the DagBag from /home/kai/airflow/dags/taskflow_sql_operations.py
[2024-03-14T07:55:51.036+0530] {processor.py:840} INFO - DAG(s) 'taskflow_sql_operations_dag' retrieved from /home/kai/airflow/dags/taskflow_sql_operations.py
[2024-03-14T07:55:51.051+0530] {logging_mixin.py:188} INFO - [2024-03-14T07:55:51.051+0530] {dag.py:3047} INFO - Sync 1 DAGs
[2024-03-14T07:55:51.068+0530] {logging_mixin.py:188} INFO - [2024-03-14T07:55:51.068+0530] {dag.py:3834} INFO - Setting next_dagrun for taskflow_sql_operations_dag to 2024-03-14 00:00:00+00:00, run_after=2024-03-15 00:00:00+00:00
[2024-03-14T07:55:51.106+0530] {processor.py:183} INFO - Processing /home/kai/airflow/dags/taskflow_sql_operations.py took 0.484 seconds
[2024-03-14T07:56:21.183+0530] {processor.py:161} INFO - Started process (PID=308712) to work on /home/kai/airflow/dags/taskflow_sql_operations.py
[2024-03-14T07:56:21.184+0530] {processor.py:830} INFO - Processing file /home/kai/airflow/dags/taskflow_sql_operations.py for tasks to queue
[2024-03-14T07:56:21.185+0530] {logging_mixin.py:188} INFO - [2024-03-14T07:56:21.185+0530] {dagbag.py:540} INFO - Filling up the DagBag from /home/kai/airflow/dags/taskflow_sql_operations.py
[2024-03-14T07:56:21.594+0530] {processor.py:840} INFO - DAG(s) 'taskflow_sql_operations_dag' retrieved from /home/kai/airflow/dags/taskflow_sql_operations.py
[2024-03-14T07:56:21.609+0530] {logging_mixin.py:188} INFO - [2024-03-14T07:56:21.609+0530] {dag.py:3047} INFO - Sync 1 DAGs
[2024-03-14T07:56:21.625+0530] {logging_mixin.py:188} INFO - [2024-03-14T07:56:21.624+0530] {dag.py:3834} INFO - Setting next_dagrun for taskflow_sql_operations_dag to 2024-03-14 00:00:00+00:00, run_after=2024-03-15 00:00:00+00:00
[2024-03-14T07:56:21.663+0530] {processor.py:183} INFO - Processing /home/kai/airflow/dags/taskflow_sql_operations.py took 0.483 seconds
[2024-03-14T07:56:51.882+0530] {processor.py:161} INFO - Started process (PID=308765) to work on /home/kai/airflow/dags/taskflow_sql_operations.py
[2024-03-14T07:56:51.883+0530] {processor.py:830} INFO - Processing file /home/kai/airflow/dags/taskflow_sql_operations.py for tasks to queue
[2024-03-14T07:56:51.884+0530] {logging_mixin.py:188} INFO - [2024-03-14T07:56:51.884+0530] {dagbag.py:540} INFO - Filling up the DagBag from /home/kai/airflow/dags/taskflow_sql_operations.py
[2024-03-14T07:56:52.292+0530] {processor.py:840} INFO - DAG(s) 'taskflow_sql_operations_dag' retrieved from /home/kai/airflow/dags/taskflow_sql_operations.py
[2024-03-14T07:56:52.308+0530] {logging_mixin.py:188} INFO - [2024-03-14T07:56:52.307+0530] {dag.py:3047} INFO - Sync 1 DAGs
[2024-03-14T07:56:52.323+0530] {logging_mixin.py:188} INFO - [2024-03-14T07:56:52.323+0530] {dag.py:3834} INFO - Setting next_dagrun for taskflow_sql_operations_dag to 2024-03-14 00:00:00+00:00, run_after=2024-03-15 00:00:00+00:00
[2024-03-14T07:56:52.358+0530] {processor.py:183} INFO - Processing /home/kai/airflow/dags/taskflow_sql_operations.py took 0.479 seconds
[2024-03-14T07:57:22.600+0530] {processor.py:161} INFO - Started process (PID=308819) to work on /home/kai/airflow/dags/taskflow_sql_operations.py
[2024-03-14T07:57:22.603+0530] {processor.py:830} INFO - Processing file /home/kai/airflow/dags/taskflow_sql_operations.py for tasks to queue
[2024-03-14T07:57:22.604+0530] {logging_mixin.py:188} INFO - [2024-03-14T07:57:22.604+0530] {dagbag.py:540} INFO - Filling up the DagBag from /home/kai/airflow/dags/taskflow_sql_operations.py
[2024-03-14T07:57:23.042+0530] {processor.py:840} INFO - DAG(s) 'taskflow_sql_operations_dag' retrieved from /home/kai/airflow/dags/taskflow_sql_operations.py
[2024-03-14T07:57:23.057+0530] {logging_mixin.py:188} INFO - [2024-03-14T07:57:23.057+0530] {dag.py:3047} INFO - Sync 1 DAGs
[2024-03-14T07:57:23.073+0530] {logging_mixin.py:188} INFO - [2024-03-14T07:57:23.073+0530] {dag.py:3834} INFO - Setting next_dagrun for taskflow_sql_operations_dag to 2024-03-14 00:00:00+00:00, run_after=2024-03-15 00:00:00+00:00
[2024-03-14T07:57:23.105+0530] {processor.py:183} INFO - Processing /home/kai/airflow/dags/taskflow_sql_operations.py took 0.509 seconds
[2024-03-14T07:57:53.632+0530] {processor.py:161} INFO - Started process (PID=308870) to work on /home/kai/airflow/dags/taskflow_sql_operations.py
[2024-03-14T07:57:53.633+0530] {processor.py:830} INFO - Processing file /home/kai/airflow/dags/taskflow_sql_operations.py for tasks to queue
[2024-03-14T07:57:53.634+0530] {logging_mixin.py:188} INFO - [2024-03-14T07:57:53.634+0530] {dagbag.py:540} INFO - Filling up the DagBag from /home/kai/airflow/dags/taskflow_sql_operations.py
[2024-03-14T07:57:54.089+0530] {processor.py:840} INFO - DAG(s) 'taskflow_sql_operations_dag' retrieved from /home/kai/airflow/dags/taskflow_sql_operations.py
[2024-03-14T07:57:54.106+0530] {logging_mixin.py:188} INFO - [2024-03-14T07:57:54.106+0530] {dag.py:3047} INFO - Sync 1 DAGs
[2024-03-14T07:57:54.124+0530] {logging_mixin.py:188} INFO - [2024-03-14T07:57:54.124+0530] {dag.py:3834} INFO - Setting next_dagrun for taskflow_sql_operations_dag to 2024-03-14 00:00:00+00:00, run_after=2024-03-15 00:00:00+00:00
[2024-03-14T07:57:54.163+0530] {processor.py:183} INFO - Processing /home/kai/airflow/dags/taskflow_sql_operations.py took 0.534 seconds
[2024-03-14T07:58:25.146+0530] {processor.py:161} INFO - Started process (PID=308923) to work on /home/kai/airflow/dags/taskflow_sql_operations.py
[2024-03-14T07:58:25.148+0530] {processor.py:830} INFO - Processing file /home/kai/airflow/dags/taskflow_sql_operations.py for tasks to queue
[2024-03-14T07:58:25.149+0530] {logging_mixin.py:188} INFO - [2024-03-14T07:58:25.149+0530] {dagbag.py:540} INFO - Filling up the DagBag from /home/kai/airflow/dags/taskflow_sql_operations.py
[2024-03-14T07:58:25.691+0530] {processor.py:840} INFO - DAG(s) 'taskflow_sql_operations_dag' retrieved from /home/kai/airflow/dags/taskflow_sql_operations.py
[2024-03-14T07:58:25.714+0530] {logging_mixin.py:188} INFO - [2024-03-14T07:58:25.713+0530] {dag.py:3047} INFO - Sync 1 DAGs
[2024-03-14T07:58:25.740+0530] {logging_mixin.py:188} INFO - [2024-03-14T07:58:25.740+0530] {dag.py:3834} INFO - Setting next_dagrun for taskflow_sql_operations_dag to 2024-03-14 00:00:00+00:00, run_after=2024-03-15 00:00:00+00:00
[2024-03-14T07:58:25.776+0530] {processor.py:183} INFO - Processing /home/kai/airflow/dags/taskflow_sql_operations.py took 0.633 seconds
[2024-03-14T07:58:56.282+0530] {processor.py:161} INFO - Started process (PID=308977) to work on /home/kai/airflow/dags/taskflow_sql_operations.py
[2024-03-14T07:58:56.285+0530] {processor.py:830} INFO - Processing file /home/kai/airflow/dags/taskflow_sql_operations.py for tasks to queue
[2024-03-14T07:58:56.286+0530] {logging_mixin.py:188} INFO - [2024-03-14T07:58:56.286+0530] {dagbag.py:540} INFO - Filling up the DagBag from /home/kai/airflow/dags/taskflow_sql_operations.py
[2024-03-14T07:58:56.694+0530] {processor.py:840} INFO - DAG(s) 'taskflow_sql_operations_dag' retrieved from /home/kai/airflow/dags/taskflow_sql_operations.py
[2024-03-14T07:58:56.711+0530] {logging_mixin.py:188} INFO - [2024-03-14T07:58:56.711+0530] {dag.py:3047} INFO - Sync 1 DAGs
[2024-03-14T07:58:56.728+0530] {logging_mixin.py:188} INFO - [2024-03-14T07:58:56.728+0530] {dag.py:3834} INFO - Setting next_dagrun for taskflow_sql_operations_dag to 2024-03-14 00:00:00+00:00, run_after=2024-03-15 00:00:00+00:00
[2024-03-14T07:58:56.769+0530] {processor.py:183} INFO - Processing /home/kai/airflow/dags/taskflow_sql_operations.py took 0.490 seconds
[2024-03-14T07:59:26.992+0530] {processor.py:161} INFO - Started process (PID=309028) to work on /home/kai/airflow/dags/taskflow_sql_operations.py
[2024-03-14T07:59:26.994+0530] {processor.py:830} INFO - Processing file /home/kai/airflow/dags/taskflow_sql_operations.py for tasks to queue
[2024-03-14T07:59:26.995+0530] {logging_mixin.py:188} INFO - [2024-03-14T07:59:26.995+0530] {dagbag.py:540} INFO - Filling up the DagBag from /home/kai/airflow/dags/taskflow_sql_operations.py
[2024-03-14T07:59:27.410+0530] {processor.py:840} INFO - DAG(s) 'taskflow_sql_operations_dag' retrieved from /home/kai/airflow/dags/taskflow_sql_operations.py
[2024-03-14T07:59:27.426+0530] {logging_mixin.py:188} INFO - [2024-03-14T07:59:27.426+0530] {dag.py:3047} INFO - Sync 1 DAGs
[2024-03-14T07:59:27.442+0530] {logging_mixin.py:188} INFO - [2024-03-14T07:59:27.442+0530] {dag.py:3834} INFO - Setting next_dagrun for taskflow_sql_operations_dag to 2024-03-14 00:00:00+00:00, run_after=2024-03-15 00:00:00+00:00
[2024-03-14T07:59:27.481+0530] {processor.py:183} INFO - Processing /home/kai/airflow/dags/taskflow_sql_operations.py took 0.492 seconds
[2024-03-14T07:59:58.131+0530] {processor.py:161} INFO - Started process (PID=309080) to work on /home/kai/airflow/dags/taskflow_sql_operations.py
[2024-03-14T07:59:58.132+0530] {processor.py:830} INFO - Processing file /home/kai/airflow/dags/taskflow_sql_operations.py for tasks to queue
[2024-03-14T07:59:58.133+0530] {logging_mixin.py:188} INFO - [2024-03-14T07:59:58.133+0530] {dagbag.py:540} INFO - Filling up the DagBag from /home/kai/airflow/dags/taskflow_sql_operations.py
[2024-03-14T07:59:58.824+0530] {processor.py:840} INFO - DAG(s) 'taskflow_sql_operations_dag' retrieved from /home/kai/airflow/dags/taskflow_sql_operations.py
[2024-03-14T07:59:58.862+0530] {logging_mixin.py:188} INFO - [2024-03-14T07:59:58.862+0530] {dag.py:3047} INFO - Sync 1 DAGs
[2024-03-14T07:59:58.907+0530] {logging_mixin.py:188} INFO - [2024-03-14T07:59:58.906+0530] {dag.py:3834} INFO - Setting next_dagrun for taskflow_sql_operations_dag to 2024-03-14 00:00:00+00:00, run_after=2024-03-15 00:00:00+00:00
[2024-03-14T07:59:58.962+0530] {processor.py:183} INFO - Processing /home/kai/airflow/dags/taskflow_sql_operations.py took 0.836 seconds
[2024-03-14T08:00:29.126+0530] {processor.py:161} INFO - Started process (PID=309132) to work on /home/kai/airflow/dags/taskflow_sql_operations.py
[2024-03-14T08:00:29.129+0530] {processor.py:830} INFO - Processing file /home/kai/airflow/dags/taskflow_sql_operations.py for tasks to queue
[2024-03-14T08:00:29.131+0530] {logging_mixin.py:188} INFO - [2024-03-14T08:00:29.130+0530] {dagbag.py:540} INFO - Filling up the DagBag from /home/kai/airflow/dags/taskflow_sql_operations.py
[2024-03-14T08:00:29.783+0530] {processor.py:840} INFO - DAG(s) 'taskflow_sql_operations_dag' retrieved from /home/kai/airflow/dags/taskflow_sql_operations.py
[2024-03-14T08:00:29.810+0530] {logging_mixin.py:188} INFO - [2024-03-14T08:00:29.809+0530] {dag.py:3047} INFO - Sync 1 DAGs
[2024-03-14T08:00:29.840+0530] {logging_mixin.py:188} INFO - [2024-03-14T08:00:29.839+0530] {dag.py:3834} INFO - Setting next_dagrun for taskflow_sql_operations_dag to 2024-03-14 00:00:00+00:00, run_after=2024-03-15 00:00:00+00:00
[2024-03-14T08:00:29.903+0530] {processor.py:183} INFO - Processing /home/kai/airflow/dags/taskflow_sql_operations.py took 0.781 seconds
[2024-03-14T08:01:00.980+0530] {processor.py:161} INFO - Started process (PID=309186) to work on /home/kai/airflow/dags/taskflow_sql_operations.py
[2024-03-14T08:01:00.984+0530] {processor.py:830} INFO - Processing file /home/kai/airflow/dags/taskflow_sql_operations.py for tasks to queue
[2024-03-14T08:01:00.988+0530] {logging_mixin.py:188} INFO - [2024-03-14T08:01:00.986+0530] {dagbag.py:540} INFO - Filling up the DagBag from /home/kai/airflow/dags/taskflow_sql_operations.py
[2024-03-14T08:01:01.669+0530] {processor.py:840} INFO - DAG(s) 'taskflow_sql_operations_dag' retrieved from /home/kai/airflow/dags/taskflow_sql_operations.py
[2024-03-14T08:01:01.692+0530] {logging_mixin.py:188} INFO - [2024-03-14T08:01:01.691+0530] {dag.py:3047} INFO - Sync 1 DAGs
[2024-03-14T08:01:01.722+0530] {logging_mixin.py:188} INFO - [2024-03-14T08:01:01.721+0530] {dag.py:3834} INFO - Setting next_dagrun for taskflow_sql_operations_dag to 2024-03-14 00:00:00+00:00, run_after=2024-03-15 00:00:00+00:00
[2024-03-14T08:01:01.778+0530] {processor.py:183} INFO - Processing /home/kai/airflow/dags/taskflow_sql_operations.py took 0.809 seconds
[2024-03-14T08:01:32.093+0530] {processor.py:161} INFO - Started process (PID=309237) to work on /home/kai/airflow/dags/taskflow_sql_operations.py
[2024-03-14T08:01:32.095+0530] {processor.py:830} INFO - Processing file /home/kai/airflow/dags/taskflow_sql_operations.py for tasks to queue
[2024-03-14T08:01:32.096+0530] {logging_mixin.py:188} INFO - [2024-03-14T08:01:32.096+0530] {dagbag.py:540} INFO - Filling up the DagBag from /home/kai/airflow/dags/taskflow_sql_operations.py
[2024-03-14T08:01:32.578+0530] {processor.py:840} INFO - DAG(s) 'taskflow_sql_operations_dag' retrieved from /home/kai/airflow/dags/taskflow_sql_operations.py
[2024-03-14T08:01:32.596+0530] {logging_mixin.py:188} INFO - [2024-03-14T08:01:32.595+0530] {dag.py:3047} INFO - Sync 1 DAGs
[2024-03-14T08:01:32.615+0530] {logging_mixin.py:188} INFO - [2024-03-14T08:01:32.615+0530] {dag.py:3834} INFO - Setting next_dagrun for taskflow_sql_operations_dag to 2024-03-14 00:00:00+00:00, run_after=2024-03-15 00:00:00+00:00
[2024-03-14T08:01:32.663+0530] {processor.py:183} INFO - Processing /home/kai/airflow/dags/taskflow_sql_operations.py took 0.575 seconds
[2024-03-14T08:02:03.192+0530] {processor.py:161} INFO - Started process (PID=309289) to work on /home/kai/airflow/dags/taskflow_sql_operations.py
[2024-03-14T08:02:03.195+0530] {processor.py:830} INFO - Processing file /home/kai/airflow/dags/taskflow_sql_operations.py for tasks to queue
[2024-03-14T08:02:03.196+0530] {logging_mixin.py:188} INFO - [2024-03-14T08:02:03.195+0530] {dagbag.py:540} INFO - Filling up the DagBag from /home/kai/airflow/dags/taskflow_sql_operations.py
[2024-03-14T08:02:03.598+0530] {processor.py:840} INFO - DAG(s) 'taskflow_sql_operations_dag' retrieved from /home/kai/airflow/dags/taskflow_sql_operations.py
[2024-03-14T08:02:03.613+0530] {logging_mixin.py:188} INFO - [2024-03-14T08:02:03.613+0530] {dag.py:3047} INFO - Sync 1 DAGs
[2024-03-14T08:02:03.630+0530] {logging_mixin.py:188} INFO - [2024-03-14T08:02:03.630+0530] {dag.py:3834} INFO - Setting next_dagrun for taskflow_sql_operations_dag to 2024-03-14 00:00:00+00:00, run_after=2024-03-15 00:00:00+00:00
[2024-03-14T08:02:03.663+0530] {processor.py:183} INFO - Processing /home/kai/airflow/dags/taskflow_sql_operations.py took 0.475 seconds
[2024-03-14T08:02:34.199+0530] {processor.py:161} INFO - Started process (PID=309340) to work on /home/kai/airflow/dags/taskflow_sql_operations.py
[2024-03-14T08:02:34.200+0530] {processor.py:830} INFO - Processing file /home/kai/airflow/dags/taskflow_sql_operations.py for tasks to queue
[2024-03-14T08:02:34.201+0530] {logging_mixin.py:188} INFO - [2024-03-14T08:02:34.201+0530] {dagbag.py:540} INFO - Filling up the DagBag from /home/kai/airflow/dags/taskflow_sql_operations.py
[2024-03-14T08:02:34.631+0530] {processor.py:840} INFO - DAG(s) 'taskflow_sql_operations_dag' retrieved from /home/kai/airflow/dags/taskflow_sql_operations.py
[2024-03-14T08:02:34.647+0530] {logging_mixin.py:188} INFO - [2024-03-14T08:02:34.647+0530] {dag.py:3047} INFO - Sync 1 DAGs
[2024-03-14T08:02:34.662+0530] {logging_mixin.py:188} INFO - [2024-03-14T08:02:34.662+0530] {dag.py:3834} INFO - Setting next_dagrun for taskflow_sql_operations_dag to 2024-03-14 00:00:00+00:00, run_after=2024-03-15 00:00:00+00:00
[2024-03-14T08:02:34.698+0530] {processor.py:183} INFO - Processing /home/kai/airflow/dags/taskflow_sql_operations.py took 0.502 seconds
[2024-03-14T08:03:05.269+0530] {processor.py:161} INFO - Started process (PID=309394) to work on /home/kai/airflow/dags/taskflow_sql_operations.py
[2024-03-14T08:03:05.272+0530] {processor.py:830} INFO - Processing file /home/kai/airflow/dags/taskflow_sql_operations.py for tasks to queue
[2024-03-14T08:03:05.273+0530] {logging_mixin.py:188} INFO - [2024-03-14T08:03:05.273+0530] {dagbag.py:540} INFO - Filling up the DagBag from /home/kai/airflow/dags/taskflow_sql_operations.py
[2024-03-14T08:03:05.689+0530] {processor.py:840} INFO - DAG(s) 'taskflow_sql_operations_dag' retrieved from /home/kai/airflow/dags/taskflow_sql_operations.py
[2024-03-14T08:03:05.705+0530] {logging_mixin.py:188} INFO - [2024-03-14T08:03:05.705+0530] {dag.py:3047} INFO - Sync 1 DAGs
[2024-03-14T08:03:05.720+0530] {logging_mixin.py:188} INFO - [2024-03-14T08:03:05.720+0530] {dag.py:3834} INFO - Setting next_dagrun for taskflow_sql_operations_dag to 2024-03-14 00:00:00+00:00, run_after=2024-03-15 00:00:00+00:00
[2024-03-14T08:03:05.767+0530] {processor.py:183} INFO - Processing /home/kai/airflow/dags/taskflow_sql_operations.py took 0.502 seconds
[2024-03-14T08:03:36.485+0530] {processor.py:161} INFO - Started process (PID=309446) to work on /home/kai/airflow/dags/taskflow_sql_operations.py
[2024-03-14T08:03:36.488+0530] {processor.py:830} INFO - Processing file /home/kai/airflow/dags/taskflow_sql_operations.py for tasks to queue
[2024-03-14T08:03:36.489+0530] {logging_mixin.py:188} INFO - [2024-03-14T08:03:36.488+0530] {dagbag.py:540} INFO - Filling up the DagBag from /home/kai/airflow/dags/taskflow_sql_operations.py
[2024-03-14T08:03:36.921+0530] {processor.py:840} INFO - DAG(s) 'taskflow_sql_operations_dag' retrieved from /home/kai/airflow/dags/taskflow_sql_operations.py
[2024-03-14T08:03:36.938+0530] {logging_mixin.py:188} INFO - [2024-03-14T08:03:36.937+0530] {dag.py:3047} INFO - Sync 1 DAGs
[2024-03-14T08:03:36.956+0530] {logging_mixin.py:188} INFO - [2024-03-14T08:03:36.955+0530] {dag.py:3834} INFO - Setting next_dagrun for taskflow_sql_operations_dag to 2024-03-14 00:00:00+00:00, run_after=2024-03-15 00:00:00+00:00
[2024-03-14T08:03:37.005+0530] {processor.py:183} INFO - Processing /home/kai/airflow/dags/taskflow_sql_operations.py took 0.523 seconds
[2024-03-14T08:04:07.499+0530] {processor.py:161} INFO - Started process (PID=309497) to work on /home/kai/airflow/dags/taskflow_sql_operations.py
[2024-03-14T08:04:07.502+0530] {processor.py:830} INFO - Processing file /home/kai/airflow/dags/taskflow_sql_operations.py for tasks to queue
[2024-03-14T08:04:07.503+0530] {logging_mixin.py:188} INFO - [2024-03-14T08:04:07.503+0530] {dagbag.py:540} INFO - Filling up the DagBag from /home/kai/airflow/dags/taskflow_sql_operations.py
[2024-03-14T08:04:07.916+0530] {processor.py:840} INFO - DAG(s) 'taskflow_sql_operations_dag' retrieved from /home/kai/airflow/dags/taskflow_sql_operations.py
[2024-03-14T08:04:07.931+0530] {logging_mixin.py:188} INFO - [2024-03-14T08:04:07.930+0530] {dag.py:3047} INFO - Sync 1 DAGs
[2024-03-14T08:04:07.947+0530] {logging_mixin.py:188} INFO - [2024-03-14T08:04:07.947+0530] {dag.py:3834} INFO - Setting next_dagrun for taskflow_sql_operations_dag to 2024-03-14 00:00:00+00:00, run_after=2024-03-15 00:00:00+00:00
[2024-03-14T08:04:07.981+0530] {processor.py:183} INFO - Processing /home/kai/airflow/dags/taskflow_sql_operations.py took 0.485 seconds
[2024-03-14T08:04:38.394+0530] {processor.py:161} INFO - Started process (PID=309549) to work on /home/kai/airflow/dags/taskflow_sql_operations.py
[2024-03-14T08:04:38.397+0530] {processor.py:830} INFO - Processing file /home/kai/airflow/dags/taskflow_sql_operations.py for tasks to queue
[2024-03-14T08:04:38.398+0530] {logging_mixin.py:188} INFO - [2024-03-14T08:04:38.397+0530] {dagbag.py:540} INFO - Filling up the DagBag from /home/kai/airflow/dags/taskflow_sql_operations.py
[2024-03-14T08:04:38.809+0530] {processor.py:840} INFO - DAG(s) 'taskflow_sql_operations_dag' retrieved from /home/kai/airflow/dags/taskflow_sql_operations.py
[2024-03-14T08:04:38.826+0530] {logging_mixin.py:188} INFO - [2024-03-14T08:04:38.825+0530] {dag.py:3047} INFO - Sync 1 DAGs
[2024-03-14T08:04:38.842+0530] {logging_mixin.py:188} INFO - [2024-03-14T08:04:38.841+0530] {dag.py:3834} INFO - Setting next_dagrun for taskflow_sql_operations_dag to 2024-03-14 00:00:00+00:00, run_after=2024-03-15 00:00:00+00:00
[2024-03-14T08:04:38.883+0530] {processor.py:183} INFO - Processing /home/kai/airflow/dags/taskflow_sql_operations.py took 0.492 seconds
[2024-03-14T08:05:09.040+0530] {processor.py:161} INFO - Started process (PID=309603) to work on /home/kai/airflow/dags/taskflow_sql_operations.py
[2024-03-14T08:05:09.043+0530] {processor.py:830} INFO - Processing file /home/kai/airflow/dags/taskflow_sql_operations.py for tasks to queue
[2024-03-14T08:05:09.044+0530] {logging_mixin.py:188} INFO - [2024-03-14T08:05:09.043+0530] {dagbag.py:540} INFO - Filling up the DagBag from /home/kai/airflow/dags/taskflow_sql_operations.py
[2024-03-14T08:05:09.472+0530] {processor.py:840} INFO - DAG(s) 'taskflow_sql_operations_dag' retrieved from /home/kai/airflow/dags/taskflow_sql_operations.py
[2024-03-14T08:05:09.487+0530] {logging_mixin.py:188} INFO - [2024-03-14T08:05:09.487+0530] {dag.py:3047} INFO - Sync 1 DAGs
[2024-03-14T08:05:09.502+0530] {logging_mixin.py:188} INFO - [2024-03-14T08:05:09.502+0530] {dag.py:3834} INFO - Setting next_dagrun for taskflow_sql_operations_dag to 2024-03-14 00:00:00+00:00, run_after=2024-03-15 00:00:00+00:00
[2024-03-14T08:05:09.542+0530] {processor.py:183} INFO - Processing /home/kai/airflow/dags/taskflow_sql_operations.py took 0.505 seconds
[2024-03-14T08:05:39.984+0530] {processor.py:161} INFO - Started process (PID=309657) to work on /home/kai/airflow/dags/taskflow_sql_operations.py
[2024-03-14T08:05:39.985+0530] {processor.py:830} INFO - Processing file /home/kai/airflow/dags/taskflow_sql_operations.py for tasks to queue
[2024-03-14T08:05:39.986+0530] {logging_mixin.py:188} INFO - [2024-03-14T08:05:39.986+0530] {dagbag.py:540} INFO - Filling up the DagBag from /home/kai/airflow/dags/taskflow_sql_operations.py
[2024-03-14T08:05:40.396+0530] {processor.py:840} INFO - DAG(s) 'taskflow_sql_operations_dag' retrieved from /home/kai/airflow/dags/taskflow_sql_operations.py
[2024-03-14T08:05:40.411+0530] {logging_mixin.py:188} INFO - [2024-03-14T08:05:40.410+0530] {dag.py:3047} INFO - Sync 1 DAGs
[2024-03-14T08:05:40.426+0530] {logging_mixin.py:188} INFO - [2024-03-14T08:05:40.426+0530] {dag.py:3834} INFO - Setting next_dagrun for taskflow_sql_operations_dag to 2024-03-14 00:00:00+00:00, run_after=2024-03-15 00:00:00+00:00
[2024-03-14T08:05:40.461+0530] {processor.py:183} INFO - Processing /home/kai/airflow/dags/taskflow_sql_operations.py took 0.480 seconds
[2024-03-14T08:06:11.275+0530] {processor.py:161} INFO - Started process (PID=309708) to work on /home/kai/airflow/dags/taskflow_sql_operations.py
[2024-03-14T08:06:11.279+0530] {processor.py:830} INFO - Processing file /home/kai/airflow/dags/taskflow_sql_operations.py for tasks to queue
[2024-03-14T08:06:11.280+0530] {logging_mixin.py:188} INFO - [2024-03-14T08:06:11.280+0530] {dagbag.py:540} INFO - Filling up the DagBag from /home/kai/airflow/dags/taskflow_sql_operations.py
[2024-03-14T08:06:11.868+0530] {processor.py:840} INFO - DAG(s) 'taskflow_sql_operations_dag' retrieved from /home/kai/airflow/dags/taskflow_sql_operations.py
[2024-03-14T08:06:11.888+0530] {logging_mixin.py:188} INFO - [2024-03-14T08:06:11.887+0530] {dag.py:3047} INFO - Sync 1 DAGs
[2024-03-14T08:06:11.918+0530] {logging_mixin.py:188} INFO - [2024-03-14T08:06:11.918+0530] {dag.py:3834} INFO - Setting next_dagrun for taskflow_sql_operations_dag to 2024-03-14 00:00:00+00:00, run_after=2024-03-15 00:00:00+00:00
[2024-03-14T08:06:11.954+0530] {processor.py:183} INFO - Processing /home/kai/airflow/dags/taskflow_sql_operations.py took 0.686 seconds
[2024-03-14T08:06:42.222+0530] {processor.py:161} INFO - Started process (PID=309760) to work on /home/kai/airflow/dags/taskflow_sql_operations.py
[2024-03-14T08:06:42.223+0530] {processor.py:830} INFO - Processing file /home/kai/airflow/dags/taskflow_sql_operations.py for tasks to queue
[2024-03-14T08:06:42.223+0530] {logging_mixin.py:188} INFO - [2024-03-14T08:06:42.223+0530] {dagbag.py:540} INFO - Filling up the DagBag from /home/kai/airflow/dags/taskflow_sql_operations.py
[2024-03-14T08:06:42.627+0530] {processor.py:840} INFO - DAG(s) 'taskflow_sql_operations_dag' retrieved from /home/kai/airflow/dags/taskflow_sql_operations.py
[2024-03-14T08:06:42.644+0530] {logging_mixin.py:188} INFO - [2024-03-14T08:06:42.643+0530] {dag.py:3047} INFO - Sync 1 DAGs
[2024-03-14T08:06:42.660+0530] {logging_mixin.py:188} INFO - [2024-03-14T08:06:42.659+0530] {dag.py:3834} INFO - Setting next_dagrun for taskflow_sql_operations_dag to 2024-03-14 00:00:00+00:00, run_after=2024-03-15 00:00:00+00:00
[2024-03-14T08:06:42.695+0530] {processor.py:183} INFO - Processing /home/kai/airflow/dags/taskflow_sql_operations.py took 0.476 seconds
[2024-03-14T08:07:12.934+0530] {processor.py:161} INFO - Started process (PID=309811) to work on /home/kai/airflow/dags/taskflow_sql_operations.py
[2024-03-14T08:07:12.936+0530] {processor.py:830} INFO - Processing file /home/kai/airflow/dags/taskflow_sql_operations.py for tasks to queue
[2024-03-14T08:07:12.937+0530] {logging_mixin.py:188} INFO - [2024-03-14T08:07:12.937+0530] {dagbag.py:540} INFO - Filling up the DagBag from /home/kai/airflow/dags/taskflow_sql_operations.py
[2024-03-14T08:07:13.345+0530] {processor.py:840} INFO - DAG(s) 'taskflow_sql_operations_dag' retrieved from /home/kai/airflow/dags/taskflow_sql_operations.py
[2024-03-14T08:07:13.359+0530] {logging_mixin.py:188} INFO - [2024-03-14T08:07:13.359+0530] {dag.py:3047} INFO - Sync 1 DAGs
[2024-03-14T08:07:13.374+0530] {logging_mixin.py:188} INFO - [2024-03-14T08:07:13.374+0530] {dag.py:3834} INFO - Setting next_dagrun for taskflow_sql_operations_dag to 2024-03-14 00:00:00+00:00, run_after=2024-03-15 00:00:00+00:00
[2024-03-14T08:07:13.409+0530] {processor.py:183} INFO - Processing /home/kai/airflow/dags/taskflow_sql_operations.py took 0.478 seconds
[2024-03-14T08:07:43.721+0530] {processor.py:161} INFO - Started process (PID=309865) to work on /home/kai/airflow/dags/taskflow_sql_operations.py
[2024-03-14T08:07:43.724+0530] {processor.py:830} INFO - Processing file /home/kai/airflow/dags/taskflow_sql_operations.py for tasks to queue
[2024-03-14T08:07:43.725+0530] {logging_mixin.py:188} INFO - [2024-03-14T08:07:43.725+0530] {dagbag.py:540} INFO - Filling up the DagBag from /home/kai/airflow/dags/taskflow_sql_operations.py
[2024-03-14T08:07:44.137+0530] {processor.py:840} INFO - DAG(s) 'taskflow_sql_operations_dag' retrieved from /home/kai/airflow/dags/taskflow_sql_operations.py
[2024-03-14T08:07:44.153+0530] {logging_mixin.py:188} INFO - [2024-03-14T08:07:44.152+0530] {dag.py:3047} INFO - Sync 1 DAGs
[2024-03-14T08:07:44.170+0530] {logging_mixin.py:188} INFO - [2024-03-14T08:07:44.169+0530] {dag.py:3834} INFO - Setting next_dagrun for taskflow_sql_operations_dag to 2024-03-14 00:00:00+00:00, run_after=2024-03-15 00:00:00+00:00
[2024-03-14T08:07:44.204+0530] {processor.py:183} INFO - Processing /home/kai/airflow/dags/taskflow_sql_operations.py took 0.486 seconds
[2024-03-14T08:08:14.581+0530] {processor.py:161} INFO - Started process (PID=309916) to work on /home/kai/airflow/dags/taskflow_sql_operations.py
[2024-03-14T08:08:14.584+0530] {processor.py:830} INFO - Processing file /home/kai/airflow/dags/taskflow_sql_operations.py for tasks to queue
[2024-03-14T08:08:14.586+0530] {logging_mixin.py:188} INFO - [2024-03-14T08:08:14.585+0530] {dagbag.py:540} INFO - Filling up the DagBag from /home/kai/airflow/dags/taskflow_sql_operations.py
[2024-03-14T08:08:15.001+0530] {processor.py:840} INFO - DAG(s) 'taskflow_sql_operations_dag' retrieved from /home/kai/airflow/dags/taskflow_sql_operations.py
[2024-03-14T08:08:15.016+0530] {logging_mixin.py:188} INFO - [2024-03-14T08:08:15.016+0530] {dag.py:3047} INFO - Sync 1 DAGs
[2024-03-14T08:08:15.032+0530] {logging_mixin.py:188} INFO - [2024-03-14T08:08:15.032+0530] {dag.py:3834} INFO - Setting next_dagrun for taskflow_sql_operations_dag to 2024-03-14 00:00:00+00:00, run_after=2024-03-15 00:00:00+00:00
[2024-03-14T08:08:15.078+0530] {processor.py:183} INFO - Processing /home/kai/airflow/dags/taskflow_sql_operations.py took 0.501 seconds
[2024-03-14T08:08:45.193+0530] {processor.py:161} INFO - Started process (PID=309968) to work on /home/kai/airflow/dags/taskflow_sql_operations.py
[2024-03-14T08:08:45.196+0530] {processor.py:830} INFO - Processing file /home/kai/airflow/dags/taskflow_sql_operations.py for tasks to queue
[2024-03-14T08:08:45.196+0530] {logging_mixin.py:188} INFO - [2024-03-14T08:08:45.196+0530] {dagbag.py:540} INFO - Filling up the DagBag from /home/kai/airflow/dags/taskflow_sql_operations.py
[2024-03-14T08:08:45.660+0530] {processor.py:840} INFO - DAG(s) 'taskflow_sql_operations_dag' retrieved from /home/kai/airflow/dags/taskflow_sql_operations.py
[2024-03-14T08:08:45.678+0530] {logging_mixin.py:188} INFO - [2024-03-14T08:08:45.678+0530] {dag.py:3047} INFO - Sync 1 DAGs
[2024-03-14T08:08:45.696+0530] {logging_mixin.py:188} INFO - [2024-03-14T08:08:45.696+0530] {dag.py:3834} INFO - Setting next_dagrun for taskflow_sql_operations_dag to 2024-03-14 00:00:00+00:00, run_after=2024-03-15 00:00:00+00:00
[2024-03-14T08:08:45.749+0530] {processor.py:183} INFO - Processing /home/kai/airflow/dags/taskflow_sql_operations.py took 0.559 seconds
[2024-03-14T08:09:16.283+0530] {processor.py:161} INFO - Started process (PID=310020) to work on /home/kai/airflow/dags/taskflow_sql_operations.py
[2024-03-14T08:09:16.287+0530] {processor.py:830} INFO - Processing file /home/kai/airflow/dags/taskflow_sql_operations.py for tasks to queue
[2024-03-14T08:09:16.288+0530] {logging_mixin.py:188} INFO - [2024-03-14T08:09:16.288+0530] {dagbag.py:540} INFO - Filling up the DagBag from /home/kai/airflow/dags/taskflow_sql_operations.py
[2024-03-14T08:09:16.719+0530] {processor.py:840} INFO - DAG(s) 'taskflow_sql_operations_dag' retrieved from /home/kai/airflow/dags/taskflow_sql_operations.py
[2024-03-14T08:09:16.734+0530] {logging_mixin.py:188} INFO - [2024-03-14T08:09:16.733+0530] {dag.py:3047} INFO - Sync 1 DAGs
[2024-03-14T08:09:16.749+0530] {logging_mixin.py:188} INFO - [2024-03-14T08:09:16.749+0530] {dag.py:3834} INFO - Setting next_dagrun for taskflow_sql_operations_dag to 2024-03-14 00:00:00+00:00, run_after=2024-03-15 00:00:00+00:00
[2024-03-14T08:09:16.789+0530] {processor.py:183} INFO - Processing /home/kai/airflow/dags/taskflow_sql_operations.py took 0.510 seconds
[2024-03-14T08:09:47.348+0530] {processor.py:161} INFO - Started process (PID=310071) to work on /home/kai/airflow/dags/taskflow_sql_operations.py
[2024-03-14T08:09:47.351+0530] {processor.py:830} INFO - Processing file /home/kai/airflow/dags/taskflow_sql_operations.py for tasks to queue
[2024-03-14T08:09:47.352+0530] {logging_mixin.py:188} INFO - [2024-03-14T08:09:47.352+0530] {dagbag.py:540} INFO - Filling up the DagBag from /home/kai/airflow/dags/taskflow_sql_operations.py
[2024-03-14T08:09:47.773+0530] {processor.py:840} INFO - DAG(s) 'taskflow_sql_operations_dag' retrieved from /home/kai/airflow/dags/taskflow_sql_operations.py
[2024-03-14T08:09:47.788+0530] {logging_mixin.py:188} INFO - [2024-03-14T08:09:47.788+0530] {dag.py:3047} INFO - Sync 1 DAGs
[2024-03-14T08:09:47.805+0530] {logging_mixin.py:188} INFO - [2024-03-14T08:09:47.805+0530] {dag.py:3834} INFO - Setting next_dagrun for taskflow_sql_operations_dag to 2024-03-14 00:00:00+00:00, run_after=2024-03-15 00:00:00+00:00
[2024-03-14T08:09:47.844+0530] {processor.py:183} INFO - Processing /home/kai/airflow/dags/taskflow_sql_operations.py took 0.499 seconds
[2024-03-14T08:10:18.583+0530] {processor.py:161} INFO - Started process (PID=310126) to work on /home/kai/airflow/dags/taskflow_sql_operations.py
[2024-03-14T08:10:18.584+0530] {processor.py:830} INFO - Processing file /home/kai/airflow/dags/taskflow_sql_operations.py for tasks to queue
[2024-03-14T08:10:18.586+0530] {logging_mixin.py:188} INFO - [2024-03-14T08:10:18.585+0530] {dagbag.py:540} INFO - Filling up the DagBag from /home/kai/airflow/dags/taskflow_sql_operations.py
[2024-03-14T08:10:19.007+0530] {processor.py:840} INFO - DAG(s) 'taskflow_sql_operations_dag' retrieved from /home/kai/airflow/dags/taskflow_sql_operations.py
[2024-03-14T08:10:19.023+0530] {logging_mixin.py:188} INFO - [2024-03-14T08:10:19.023+0530] {dag.py:3047} INFO - Sync 1 DAGs
[2024-03-14T08:10:19.040+0530] {logging_mixin.py:188} INFO - [2024-03-14T08:10:19.040+0530] {dag.py:3834} INFO - Setting next_dagrun for taskflow_sql_operations_dag to 2024-03-14 00:00:00+00:00, run_after=2024-03-15 00:00:00+00:00
[2024-03-14T08:10:19.074+0530] {processor.py:183} INFO - Processing /home/kai/airflow/dags/taskflow_sql_operations.py took 0.496 seconds
[2024-03-14T08:10:49.730+0530] {processor.py:161} INFO - Started process (PID=310177) to work on /home/kai/airflow/dags/taskflow_sql_operations.py
[2024-03-14T08:10:49.735+0530] {processor.py:830} INFO - Processing file /home/kai/airflow/dags/taskflow_sql_operations.py for tasks to queue
[2024-03-14T08:10:49.738+0530] {logging_mixin.py:188} INFO - [2024-03-14T08:10:49.737+0530] {dagbag.py:540} INFO - Filling up the DagBag from /home/kai/airflow/dags/taskflow_sql_operations.py
[2024-03-14T08:10:50.197+0530] {processor.py:840} INFO - DAG(s) 'taskflow_sql_operations_dag' retrieved from /home/kai/airflow/dags/taskflow_sql_operations.py
[2024-03-14T08:10:50.215+0530] {logging_mixin.py:188} INFO - [2024-03-14T08:10:50.215+0530] {dag.py:3047} INFO - Sync 1 DAGs
[2024-03-14T08:10:50.234+0530] {logging_mixin.py:188} INFO - [2024-03-14T08:10:50.234+0530] {dag.py:3834} INFO - Setting next_dagrun for taskflow_sql_operations_dag to 2024-03-14 00:00:00+00:00, run_after=2024-03-15 00:00:00+00:00
[2024-03-14T08:10:50.274+0530] {processor.py:183} INFO - Processing /home/kai/airflow/dags/taskflow_sql_operations.py took 0.553 seconds
[2024-03-14T08:11:20.873+0530] {processor.py:161} INFO - Started process (PID=310231) to work on /home/kai/airflow/dags/taskflow_sql_operations.py
[2024-03-14T08:11:20.877+0530] {processor.py:830} INFO - Processing file /home/kai/airflow/dags/taskflow_sql_operations.py for tasks to queue
[2024-03-14T08:11:20.879+0530] {logging_mixin.py:188} INFO - [2024-03-14T08:11:20.878+0530] {dagbag.py:540} INFO - Filling up the DagBag from /home/kai/airflow/dags/taskflow_sql_operations.py
[2024-03-14T08:11:21.362+0530] {processor.py:840} INFO - DAG(s) 'taskflow_sql_operations_dag' retrieved from /home/kai/airflow/dags/taskflow_sql_operations.py
[2024-03-14T08:11:21.378+0530] {logging_mixin.py:188} INFO - [2024-03-14T08:11:21.378+0530] {dag.py:3047} INFO - Sync 1 DAGs
[2024-03-14T08:11:21.395+0530] {logging_mixin.py:188} INFO - [2024-03-14T08:11:21.395+0530] {dag.py:3834} INFO - Setting next_dagrun for taskflow_sql_operations_dag to 2024-03-14 00:00:00+00:00, run_after=2024-03-15 00:00:00+00:00
[2024-03-14T08:11:21.442+0530] {processor.py:183} INFO - Processing /home/kai/airflow/dags/taskflow_sql_operations.py took 0.577 seconds
[2024-03-14T08:11:52.093+0530] {processor.py:161} INFO - Started process (PID=310282) to work on /home/kai/airflow/dags/taskflow_sql_operations.py
[2024-03-14T08:11:52.095+0530] {processor.py:830} INFO - Processing file /home/kai/airflow/dags/taskflow_sql_operations.py for tasks to queue
[2024-03-14T08:11:52.098+0530] {logging_mixin.py:188} INFO - [2024-03-14T08:11:52.097+0530] {dagbag.py:540} INFO - Filling up the DagBag from /home/kai/airflow/dags/taskflow_sql_operations.py
[2024-03-14T08:11:52.582+0530] {processor.py:840} INFO - DAG(s) 'taskflow_sql_operations_dag' retrieved from /home/kai/airflow/dags/taskflow_sql_operations.py
[2024-03-14T08:11:52.599+0530] {logging_mixin.py:188} INFO - [2024-03-14T08:11:52.598+0530] {dag.py:3047} INFO - Sync 1 DAGs
[2024-03-14T08:11:52.617+0530] {logging_mixin.py:188} INFO - [2024-03-14T08:11:52.617+0530] {dag.py:3834} INFO - Setting next_dagrun for taskflow_sql_operations_dag to 2024-03-14 00:00:00+00:00, run_after=2024-03-15 00:00:00+00:00
[2024-03-14T08:11:52.665+0530] {processor.py:183} INFO - Processing /home/kai/airflow/dags/taskflow_sql_operations.py took 0.579 seconds
[2024-03-14T08:12:22.894+0530] {processor.py:161} INFO - Started process (PID=310334) to work on /home/kai/airflow/dags/taskflow_sql_operations.py
[2024-03-14T08:12:22.896+0530] {processor.py:830} INFO - Processing file /home/kai/airflow/dags/taskflow_sql_operations.py for tasks to queue
[2024-03-14T08:12:22.897+0530] {logging_mixin.py:188} INFO - [2024-03-14T08:12:22.896+0530] {dagbag.py:540} INFO - Filling up the DagBag from /home/kai/airflow/dags/taskflow_sql_operations.py
[2024-03-14T08:12:23.328+0530] {processor.py:840} INFO - DAG(s) 'taskflow_sql_operations_dag' retrieved from /home/kai/airflow/dags/taskflow_sql_operations.py
[2024-03-14T08:12:23.346+0530] {logging_mixin.py:188} INFO - [2024-03-14T08:12:23.345+0530] {dag.py:3047} INFO - Sync 1 DAGs
[2024-03-14T08:12:23.362+0530] {logging_mixin.py:188} INFO - [2024-03-14T08:12:23.362+0530] {dag.py:3834} INFO - Setting next_dagrun for taskflow_sql_operations_dag to 2024-03-14 00:00:00+00:00, run_after=2024-03-15 00:00:00+00:00
[2024-03-14T08:12:23.397+0530] {processor.py:183} INFO - Processing /home/kai/airflow/dags/taskflow_sql_operations.py took 0.507 seconds
[2024-03-14T08:12:53.984+0530] {processor.py:161} INFO - Started process (PID=310387) to work on /home/kai/airflow/dags/taskflow_sql_operations.py
[2024-03-14T08:12:53.985+0530] {processor.py:830} INFO - Processing file /home/kai/airflow/dags/taskflow_sql_operations.py for tasks to queue
[2024-03-14T08:12:53.987+0530] {logging_mixin.py:188} INFO - [2024-03-14T08:12:53.986+0530] {dagbag.py:540} INFO - Filling up the DagBag from /home/kai/airflow/dags/taskflow_sql_operations.py
[2024-03-14T08:12:54.399+0530] {processor.py:840} INFO - DAG(s) 'taskflow_sql_operations_dag' retrieved from /home/kai/airflow/dags/taskflow_sql_operations.py
[2024-03-14T08:12:54.414+0530] {logging_mixin.py:188} INFO - [2024-03-14T08:12:54.414+0530] {dag.py:3047} INFO - Sync 1 DAGs
[2024-03-14T08:12:54.429+0530] {logging_mixin.py:188} INFO - [2024-03-14T08:12:54.429+0530] {dag.py:3834} INFO - Setting next_dagrun for taskflow_sql_operations_dag to 2024-03-14 00:00:00+00:00, run_after=2024-03-15 00:00:00+00:00
[2024-03-14T08:12:54.467+0530] {processor.py:183} INFO - Processing /home/kai/airflow/dags/taskflow_sql_operations.py took 0.488 seconds
[2024-03-14T08:13:24.801+0530] {processor.py:161} INFO - Started process (PID=310439) to work on /home/kai/airflow/dags/taskflow_sql_operations.py
[2024-03-14T08:13:24.804+0530] {processor.py:830} INFO - Processing file /home/kai/airflow/dags/taskflow_sql_operations.py for tasks to queue
[2024-03-14T08:13:24.805+0530] {logging_mixin.py:188} INFO - [2024-03-14T08:13:24.804+0530] {dagbag.py:540} INFO - Filling up the DagBag from /home/kai/airflow/dags/taskflow_sql_operations.py
[2024-03-14T08:13:25.217+0530] {processor.py:840} INFO - DAG(s) 'taskflow_sql_operations_dag' retrieved from /home/kai/airflow/dags/taskflow_sql_operations.py
[2024-03-14T08:13:25.232+0530] {logging_mixin.py:188} INFO - [2024-03-14T08:13:25.232+0530] {dag.py:3047} INFO - Sync 1 DAGs
[2024-03-14T08:13:25.250+0530] {logging_mixin.py:188} INFO - [2024-03-14T08:13:25.249+0530] {dag.py:3834} INFO - Setting next_dagrun for taskflow_sql_operations_dag to 2024-03-14 00:00:00+00:00, run_after=2024-03-15 00:00:00+00:00
[2024-03-14T08:13:25.288+0530] {processor.py:183} INFO - Processing /home/kai/airflow/dags/taskflow_sql_operations.py took 0.491 seconds
[2024-03-14T08:13:55.428+0530] {processor.py:161} INFO - Started process (PID=310490) to work on /home/kai/airflow/dags/taskflow_sql_operations.py
[2024-03-14T08:13:55.431+0530] {processor.py:830} INFO - Processing file /home/kai/airflow/dags/taskflow_sql_operations.py for tasks to queue
[2024-03-14T08:13:55.433+0530] {logging_mixin.py:188} INFO - [2024-03-14T08:13:55.432+0530] {dagbag.py:540} INFO - Filling up the DagBag from /home/kai/airflow/dags/taskflow_sql_operations.py
[2024-03-14T08:13:55.845+0530] {processor.py:840} INFO - DAG(s) 'taskflow_sql_operations_dag' retrieved from /home/kai/airflow/dags/taskflow_sql_operations.py
[2024-03-14T08:13:55.860+0530] {logging_mixin.py:188} INFO - [2024-03-14T08:13:55.860+0530] {dag.py:3047} INFO - Sync 1 DAGs
[2024-03-14T08:13:55.876+0530] {logging_mixin.py:188} INFO - [2024-03-14T08:13:55.876+0530] {dag.py:3834} INFO - Setting next_dagrun for taskflow_sql_operations_dag to 2024-03-14 00:00:00+00:00, run_after=2024-03-15 00:00:00+00:00
[2024-03-14T08:13:55.912+0530] {processor.py:183} INFO - Processing /home/kai/airflow/dags/taskflow_sql_operations.py took 0.487 seconds
[2024-03-14T08:14:26.045+0530] {processor.py:161} INFO - Started process (PID=310542) to work on /home/kai/airflow/dags/taskflow_sql_operations.py
[2024-03-14T08:14:26.048+0530] {processor.py:830} INFO - Processing file /home/kai/airflow/dags/taskflow_sql_operations.py for tasks to queue
[2024-03-14T08:14:26.049+0530] {logging_mixin.py:188} INFO - [2024-03-14T08:14:26.049+0530] {dagbag.py:540} INFO - Filling up the DagBag from /home/kai/airflow/dags/taskflow_sql_operations.py
[2024-03-14T08:14:26.453+0530] {processor.py:840} INFO - DAG(s) 'taskflow_sql_operations_dag' retrieved from /home/kai/airflow/dags/taskflow_sql_operations.py
[2024-03-14T08:14:26.469+0530] {logging_mixin.py:188} INFO - [2024-03-14T08:14:26.468+0530] {dag.py:3047} INFO - Sync 1 DAGs
[2024-03-14T08:14:26.484+0530] {logging_mixin.py:188} INFO - [2024-03-14T08:14:26.484+0530] {dag.py:3834} INFO - Setting next_dagrun for taskflow_sql_operations_dag to 2024-03-14 00:00:00+00:00, run_after=2024-03-15 00:00:00+00:00
[2024-03-14T08:14:26.520+0530] {processor.py:183} INFO - Processing /home/kai/airflow/dags/taskflow_sql_operations.py took 0.479 seconds
[2024-03-14T08:14:56.749+0530] {processor.py:161} INFO - Started process (PID=310594) to work on /home/kai/airflow/dags/taskflow_sql_operations.py
[2024-03-14T08:14:56.754+0530] {processor.py:830} INFO - Processing file /home/kai/airflow/dags/taskflow_sql_operations.py for tasks to queue
[2024-03-14T08:14:56.755+0530] {logging_mixin.py:188} INFO - [2024-03-14T08:14:56.754+0530] {dagbag.py:540} INFO - Filling up the DagBag from /home/kai/airflow/dags/taskflow_sql_operations.py
[2024-03-14T08:14:57.160+0530] {processor.py:840} INFO - DAG(s) 'taskflow_sql_operations_dag' retrieved from /home/kai/airflow/dags/taskflow_sql_operations.py
[2024-03-14T08:14:57.175+0530] {logging_mixin.py:188} INFO - [2024-03-14T08:14:57.175+0530] {dag.py:3047} INFO - Sync 1 DAGs
[2024-03-14T08:14:57.190+0530] {logging_mixin.py:188} INFO - [2024-03-14T08:14:57.190+0530] {dag.py:3834} INFO - Setting next_dagrun for taskflow_sql_operations_dag to 2024-03-14 00:00:00+00:00, run_after=2024-03-15 00:00:00+00:00
[2024-03-14T08:14:57.225+0530] {processor.py:183} INFO - Processing /home/kai/airflow/dags/taskflow_sql_operations.py took 0.479 seconds
[2024-03-14T08:15:27.489+0530] {processor.py:161} INFO - Started process (PID=310648) to work on /home/kai/airflow/dags/taskflow_sql_operations.py
[2024-03-14T08:15:27.493+0530] {processor.py:830} INFO - Processing file /home/kai/airflow/dags/taskflow_sql_operations.py for tasks to queue
[2024-03-14T08:15:27.494+0530] {logging_mixin.py:188} INFO - [2024-03-14T08:15:27.494+0530] {dagbag.py:540} INFO - Filling up the DagBag from /home/kai/airflow/dags/taskflow_sql_operations.py
[2024-03-14T08:15:27.903+0530] {processor.py:840} INFO - DAG(s) 'taskflow_sql_operations_dag' retrieved from /home/kai/airflow/dags/taskflow_sql_operations.py
[2024-03-14T08:15:27.918+0530] {logging_mixin.py:188} INFO - [2024-03-14T08:15:27.918+0530] {dag.py:3047} INFO - Sync 1 DAGs
[2024-03-14T08:15:27.935+0530] {logging_mixin.py:188} INFO - [2024-03-14T08:15:27.935+0530] {dag.py:3834} INFO - Setting next_dagrun for taskflow_sql_operations_dag to 2024-03-14 00:00:00+00:00, run_after=2024-03-15 00:00:00+00:00
[2024-03-14T08:15:27.975+0530] {processor.py:183} INFO - Processing /home/kai/airflow/dags/taskflow_sql_operations.py took 0.490 seconds
[2024-03-14T08:15:58.155+0530] {processor.py:161} INFO - Started process (PID=310702) to work on /home/kai/airflow/dags/taskflow_sql_operations.py
[2024-03-14T08:15:58.159+0530] {processor.py:830} INFO - Processing file /home/kai/airflow/dags/taskflow_sql_operations.py for tasks to queue
[2024-03-14T08:15:58.160+0530] {logging_mixin.py:188} INFO - [2024-03-14T08:15:58.160+0530] {dagbag.py:540} INFO - Filling up the DagBag from /home/kai/airflow/dags/taskflow_sql_operations.py
[2024-03-14T08:15:58.564+0530] {processor.py:840} INFO - DAG(s) 'taskflow_sql_operations_dag' retrieved from /home/kai/airflow/dags/taskflow_sql_operations.py
[2024-03-14T08:15:58.578+0530] {logging_mixin.py:188} INFO - [2024-03-14T08:15:58.578+0530] {dag.py:3047} INFO - Sync 1 DAGs
[2024-03-14T08:15:58.594+0530] {logging_mixin.py:188} INFO - [2024-03-14T08:15:58.594+0530] {dag.py:3834} INFO - Setting next_dagrun for taskflow_sql_operations_dag to 2024-03-14 00:00:00+00:00, run_after=2024-03-15 00:00:00+00:00
[2024-03-14T08:15:58.630+0530] {processor.py:183} INFO - Processing /home/kai/airflow/dags/taskflow_sql_operations.py took 0.479 seconds
[2024-03-14T08:16:28.835+0530] {processor.py:161} INFO - Started process (PID=310753) to work on /home/kai/airflow/dags/taskflow_sql_operations.py
[2024-03-14T08:16:28.838+0530] {processor.py:830} INFO - Processing file /home/kai/airflow/dags/taskflow_sql_operations.py for tasks to queue
[2024-03-14T08:16:28.839+0530] {logging_mixin.py:188} INFO - [2024-03-14T08:16:28.839+0530] {dagbag.py:540} INFO - Filling up the DagBag from /home/kai/airflow/dags/taskflow_sql_operations.py
[2024-03-14T08:16:29.290+0530] {processor.py:840} INFO - DAG(s) 'taskflow_sql_operations_dag' retrieved from /home/kai/airflow/dags/taskflow_sql_operations.py
[2024-03-14T08:16:29.308+0530] {logging_mixin.py:188} INFO - [2024-03-14T08:16:29.308+0530] {dag.py:3047} INFO - Sync 1 DAGs
[2024-03-14T08:16:29.325+0530] {logging_mixin.py:188} INFO - [2024-03-14T08:16:29.325+0530] {dag.py:3834} INFO - Setting next_dagrun for taskflow_sql_operations_dag to 2024-03-14 00:00:00+00:00, run_after=2024-03-15 00:00:00+00:00
[2024-03-14T08:16:29.367+0530] {processor.py:183} INFO - Processing /home/kai/airflow/dags/taskflow_sql_operations.py took 0.535 seconds
