[2024-03-14T07:42:31.192+0530] {processor.py:161} INFO - Started process (PID=307278) to work on /home/kai/airflow/dags/taskflow_and_operators_interoperating.py
[2024-03-14T07:42:31.193+0530] {processor.py:830} INFO - Processing file /home/kai/airflow/dags/taskflow_and_operators_interoperating.py for tasks to queue
[2024-03-14T07:42:31.195+0530] {logging_mixin.py:188} INFO - [2024-03-14T07:42:31.194+0530] {dagbag.py:540} INFO - Filling up the DagBag from /home/kai/airflow/dags/taskflow_and_operators_interoperating.py
[2024-03-14T07:42:31.213+0530] {processor.py:840} INFO - DAG(s) 'taskflow_and_operators_interoperating' retrieved from /home/kai/airflow/dags/taskflow_and_operators_interoperating.py
[2024-03-14T07:42:31.319+0530] {logging_mixin.py:188} INFO - [2024-03-14T07:42:31.319+0530] {dag.py:3047} INFO - Sync 1 DAGs
[2024-03-14T07:42:31.342+0530] {logging_mixin.py:188} INFO - [2024-03-14T07:42:31.342+0530] {dag.py:3834} INFO - Setting next_dagrun for taskflow_and_operators_interoperating to 2024-03-13 00:00:00+00:00, run_after=2024-03-14 00:00:00+00:00
[2024-03-14T07:42:31.385+0530] {processor.py:183} INFO - Processing /home/kai/airflow/dags/taskflow_and_operators_interoperating.py took 0.196 seconds
[2024-03-14T07:43:01.960+0530] {processor.py:161} INFO - Started process (PID=307343) to work on /home/kai/airflow/dags/taskflow_and_operators_interoperating.py
[2024-03-14T07:43:01.961+0530] {processor.py:830} INFO - Processing file /home/kai/airflow/dags/taskflow_and_operators_interoperating.py for tasks to queue
[2024-03-14T07:43:01.962+0530] {logging_mixin.py:188} INFO - [2024-03-14T07:43:01.962+0530] {dagbag.py:540} INFO - Filling up the DagBag from /home/kai/airflow/dags/taskflow_and_operators_interoperating.py
[2024-03-14T07:43:01.973+0530] {processor.py:840} INFO - DAG(s) 'taskflow_and_operators_interoperating' retrieved from /home/kai/airflow/dags/taskflow_and_operators_interoperating.py
[2024-03-14T07:43:01.992+0530] {logging_mixin.py:188} INFO - [2024-03-14T07:43:01.992+0530] {dag.py:3047} INFO - Sync 1 DAGs
[2024-03-14T07:43:02.009+0530] {logging_mixin.py:188} INFO - [2024-03-14T07:43:02.009+0530] {dag.py:3834} INFO - Setting next_dagrun for taskflow_and_operators_interoperating to 2024-03-13 00:00:00+00:00, run_after=2024-03-14 00:00:00+00:00
[2024-03-14T07:43:02.045+0530] {processor.py:183} INFO - Processing /home/kai/airflow/dags/taskflow_and_operators_interoperating.py took 0.088 seconds
[2024-03-14T07:43:32.260+0530] {processor.py:161} INFO - Started process (PID=307399) to work on /home/kai/airflow/dags/taskflow_and_operators_interoperating.py
[2024-03-14T07:43:32.262+0530] {processor.py:830} INFO - Processing file /home/kai/airflow/dags/taskflow_and_operators_interoperating.py for tasks to queue
[2024-03-14T07:43:32.263+0530] {logging_mixin.py:188} INFO - [2024-03-14T07:43:32.262+0530] {dagbag.py:540} INFO - Filling up the DagBag from /home/kai/airflow/dags/taskflow_and_operators_interoperating.py
[2024-03-14T07:43:32.274+0530] {processor.py:840} INFO - DAG(s) 'taskflow_and_operators_interoperating' retrieved from /home/kai/airflow/dags/taskflow_and_operators_interoperating.py
[2024-03-14T07:43:32.296+0530] {logging_mixin.py:188} INFO - [2024-03-14T07:43:32.295+0530] {dag.py:3047} INFO - Sync 1 DAGs
[2024-03-14T07:43:32.314+0530] {logging_mixin.py:188} INFO - [2024-03-14T07:43:32.314+0530] {dag.py:3834} INFO - Setting next_dagrun for taskflow_and_operators_interoperating to 2024-03-13 00:00:00+00:00, run_after=2024-03-14 00:00:00+00:00
[2024-03-14T07:43:32.345+0530] {processor.py:183} INFO - Processing /home/kai/airflow/dags/taskflow_and_operators_interoperating.py took 0.088 seconds
[2024-03-14T07:44:03.476+0530] {processor.py:161} INFO - Started process (PID=307451) to work on /home/kai/airflow/dags/taskflow_and_operators_interoperating.py
[2024-03-14T07:44:03.480+0530] {processor.py:830} INFO - Processing file /home/kai/airflow/dags/taskflow_and_operators_interoperating.py for tasks to queue
[2024-03-14T07:44:03.481+0530] {logging_mixin.py:188} INFO - [2024-03-14T07:44:03.481+0530] {dagbag.py:540} INFO - Filling up the DagBag from /home/kai/airflow/dags/taskflow_and_operators_interoperating.py
[2024-03-14T07:44:03.492+0530] {processor.py:840} INFO - DAG(s) 'taskflow_and_operators_interoperating' retrieved from /home/kai/airflow/dags/taskflow_and_operators_interoperating.py
[2024-03-14T07:44:03.511+0530] {logging_mixin.py:188} INFO - [2024-03-14T07:44:03.511+0530] {dag.py:3047} INFO - Sync 1 DAGs
[2024-03-14T07:44:03.529+0530] {logging_mixin.py:188} INFO - [2024-03-14T07:44:03.529+0530] {dag.py:3834} INFO - Setting next_dagrun for taskflow_and_operators_interoperating to 2024-03-13 00:00:00+00:00, run_after=2024-03-14 00:00:00+00:00
[2024-03-14T07:44:03.561+0530] {processor.py:183} INFO - Processing /home/kai/airflow/dags/taskflow_and_operators_interoperating.py took 0.088 seconds
[2024-03-14T07:44:34.206+0530] {processor.py:161} INFO - Started process (PID=307502) to work on /home/kai/airflow/dags/taskflow_and_operators_interoperating.py
[2024-03-14T07:44:34.209+0530] {processor.py:830} INFO - Processing file /home/kai/airflow/dags/taskflow_and_operators_interoperating.py for tasks to queue
[2024-03-14T07:44:34.210+0530] {logging_mixin.py:188} INFO - [2024-03-14T07:44:34.209+0530] {dagbag.py:540} INFO - Filling up the DagBag from /home/kai/airflow/dags/taskflow_and_operators_interoperating.py
[2024-03-14T07:44:34.221+0530] {processor.py:840} INFO - DAG(s) 'taskflow_and_operators_interoperating' retrieved from /home/kai/airflow/dags/taskflow_and_operators_interoperating.py
[2024-03-14T07:44:34.240+0530] {logging_mixin.py:188} INFO - [2024-03-14T07:44:34.240+0530] {dag.py:3047} INFO - Sync 1 DAGs
[2024-03-14T07:44:34.257+0530] {logging_mixin.py:188} INFO - [2024-03-14T07:44:34.257+0530] {dag.py:3834} INFO - Setting next_dagrun for taskflow_and_operators_interoperating to 2024-03-13 00:00:00+00:00, run_after=2024-03-14 00:00:00+00:00
[2024-03-14T07:44:34.290+0530] {processor.py:183} INFO - Processing /home/kai/airflow/dags/taskflow_and_operators_interoperating.py took 0.088 seconds
[2024-03-14T07:45:05.049+0530] {processor.py:161} INFO - Started process (PID=307559) to work on /home/kai/airflow/dags/taskflow_and_operators_interoperating.py
[2024-03-14T07:45:05.051+0530] {processor.py:830} INFO - Processing file /home/kai/airflow/dags/taskflow_and_operators_interoperating.py for tasks to queue
[2024-03-14T07:45:05.052+0530] {logging_mixin.py:188} INFO - [2024-03-14T07:45:05.051+0530] {dagbag.py:540} INFO - Filling up the DagBag from /home/kai/airflow/dags/taskflow_and_operators_interoperating.py
[2024-03-14T07:45:05.062+0530] {processor.py:840} INFO - DAG(s) 'taskflow_and_operators_interoperating' retrieved from /home/kai/airflow/dags/taskflow_and_operators_interoperating.py
[2024-03-14T07:45:05.082+0530] {logging_mixin.py:188} INFO - [2024-03-14T07:45:05.082+0530] {dag.py:3047} INFO - Sync 1 DAGs
[2024-03-14T07:45:05.099+0530] {logging_mixin.py:188} INFO - [2024-03-14T07:45:05.099+0530] {dag.py:3834} INFO - Setting next_dagrun for taskflow_and_operators_interoperating to 2024-03-13 00:00:00+00:00, run_after=2024-03-14 00:00:00+00:00
[2024-03-14T07:45:05.136+0530] {processor.py:183} INFO - Processing /home/kai/airflow/dags/taskflow_and_operators_interoperating.py took 0.090 seconds
[2024-03-14T07:45:36.013+0530] {processor.py:161} INFO - Started process (PID=307611) to work on /home/kai/airflow/dags/taskflow_and_operators_interoperating.py
[2024-03-14T07:45:36.016+0530] {processor.py:830} INFO - Processing file /home/kai/airflow/dags/taskflow_and_operators_interoperating.py for tasks to queue
[2024-03-14T07:45:36.017+0530] {logging_mixin.py:188} INFO - [2024-03-14T07:45:36.016+0530] {dagbag.py:540} INFO - Filling up the DagBag from /home/kai/airflow/dags/taskflow_and_operators_interoperating.py
[2024-03-14T07:45:36.027+0530] {processor.py:840} INFO - DAG(s) 'taskflow_and_operators_interoperating' retrieved from /home/kai/airflow/dags/taskflow_and_operators_interoperating.py
[2024-03-14T07:45:36.047+0530] {logging_mixin.py:188} INFO - [2024-03-14T07:45:36.047+0530] {dag.py:3047} INFO - Sync 1 DAGs
[2024-03-14T07:45:36.064+0530] {logging_mixin.py:188} INFO - [2024-03-14T07:45:36.064+0530] {dag.py:3834} INFO - Setting next_dagrun for taskflow_and_operators_interoperating to 2024-03-13 00:00:00+00:00, run_after=2024-03-14 00:00:00+00:00
[2024-03-14T07:45:36.097+0530] {processor.py:183} INFO - Processing /home/kai/airflow/dags/taskflow_and_operators_interoperating.py took 0.088 seconds
[2024-03-14T07:46:07.019+0530] {processor.py:161} INFO - Started process (PID=307664) to work on /home/kai/airflow/dags/taskflow_and_operators_interoperating.py
[2024-03-14T07:46:07.021+0530] {processor.py:830} INFO - Processing file /home/kai/airflow/dags/taskflow_and_operators_interoperating.py for tasks to queue
[2024-03-14T07:46:07.022+0530] {logging_mixin.py:188} INFO - [2024-03-14T07:46:07.021+0530] {dagbag.py:540} INFO - Filling up the DagBag from /home/kai/airflow/dags/taskflow_and_operators_interoperating.py
[2024-03-14T07:46:07.033+0530] {processor.py:840} INFO - DAG(s) 'taskflow_and_operators_interoperating' retrieved from /home/kai/airflow/dags/taskflow_and_operators_interoperating.py
[2024-03-14T07:46:07.052+0530] {logging_mixin.py:188} INFO - [2024-03-14T07:46:07.052+0530] {dag.py:3047} INFO - Sync 1 DAGs
[2024-03-14T07:46:07.070+0530] {logging_mixin.py:188} INFO - [2024-03-14T07:46:07.070+0530] {dag.py:3834} INFO - Setting next_dagrun for taskflow_and_operators_interoperating to 2024-03-13 00:00:00+00:00, run_after=2024-03-14 00:00:00+00:00
[2024-03-14T07:46:07.102+0530] {processor.py:183} INFO - Processing /home/kai/airflow/dags/taskflow_and_operators_interoperating.py took 0.087 seconds
[2024-03-14T07:46:37.869+0530] {processor.py:161} INFO - Started process (PID=307716) to work on /home/kai/airflow/dags/taskflow_and_operators_interoperating.py
[2024-03-14T07:46:37.872+0530] {processor.py:830} INFO - Processing file /home/kai/airflow/dags/taskflow_and_operators_interoperating.py for tasks to queue
[2024-03-14T07:46:37.872+0530] {logging_mixin.py:188} INFO - [2024-03-14T07:46:37.872+0530] {dagbag.py:540} INFO - Filling up the DagBag from /home/kai/airflow/dags/taskflow_and_operators_interoperating.py
[2024-03-14T07:46:37.883+0530] {processor.py:840} INFO - DAG(s) 'taskflow_and_operators_interoperating' retrieved from /home/kai/airflow/dags/taskflow_and_operators_interoperating.py
[2024-03-14T07:46:37.904+0530] {logging_mixin.py:188} INFO - [2024-03-14T07:46:37.904+0530] {dag.py:3047} INFO - Sync 1 DAGs
[2024-03-14T07:46:37.922+0530] {logging_mixin.py:188} INFO - [2024-03-14T07:46:37.922+0530] {dag.py:3834} INFO - Setting next_dagrun for taskflow_and_operators_interoperating to 2024-03-13 00:00:00+00:00, run_after=2024-03-14 00:00:00+00:00
[2024-03-14T07:46:37.956+0530] {processor.py:183} INFO - Processing /home/kai/airflow/dags/taskflow_and_operators_interoperating.py took 0.090 seconds
[2024-03-14T07:47:08.821+0530] {processor.py:161} INFO - Started process (PID=307767) to work on /home/kai/airflow/dags/taskflow_and_operators_interoperating.py
[2024-03-14T07:47:08.822+0530] {processor.py:830} INFO - Processing file /home/kai/airflow/dags/taskflow_and_operators_interoperating.py for tasks to queue
[2024-03-14T07:47:08.823+0530] {logging_mixin.py:188} INFO - [2024-03-14T07:47:08.823+0530] {dagbag.py:540} INFO - Filling up the DagBag from /home/kai/airflow/dags/taskflow_and_operators_interoperating.py
[2024-03-14T07:47:08.834+0530] {processor.py:840} INFO - DAG(s) 'taskflow_and_operators_interoperating' retrieved from /home/kai/airflow/dags/taskflow_and_operators_interoperating.py
[2024-03-14T07:47:08.854+0530] {logging_mixin.py:188} INFO - [2024-03-14T07:47:08.853+0530] {dag.py:3047} INFO - Sync 1 DAGs
[2024-03-14T07:47:08.870+0530] {logging_mixin.py:188} INFO - [2024-03-14T07:47:08.870+0530] {dag.py:3834} INFO - Setting next_dagrun for taskflow_and_operators_interoperating to 2024-03-13 00:00:00+00:00, run_after=2024-03-14 00:00:00+00:00
[2024-03-14T07:47:08.903+0530] {processor.py:183} INFO - Processing /home/kai/airflow/dags/taskflow_and_operators_interoperating.py took 0.085 seconds
[2024-03-14T07:47:39.082+0530] {processor.py:161} INFO - Started process (PID=307821) to work on /home/kai/airflow/dags/taskflow_and_operators_interoperating.py
[2024-03-14T07:47:39.084+0530] {processor.py:830} INFO - Processing file /home/kai/airflow/dags/taskflow_and_operators_interoperating.py for tasks to queue
[2024-03-14T07:47:39.085+0530] {logging_mixin.py:188} INFO - [2024-03-14T07:47:39.085+0530] {dagbag.py:540} INFO - Filling up the DagBag from /home/kai/airflow/dags/taskflow_and_operators_interoperating.py
[2024-03-14T07:47:39.096+0530] {processor.py:840} INFO - DAG(s) 'taskflow_and_operators_interoperating' retrieved from /home/kai/airflow/dags/taskflow_and_operators_interoperating.py
[2024-03-14T07:47:39.115+0530] {logging_mixin.py:188} INFO - [2024-03-14T07:47:39.115+0530] {dag.py:3047} INFO - Sync 1 DAGs
[2024-03-14T07:47:39.132+0530] {logging_mixin.py:188} INFO - [2024-03-14T07:47:39.132+0530] {dag.py:3834} INFO - Setting next_dagrun for taskflow_and_operators_interoperating to 2024-03-13 00:00:00+00:00, run_after=2024-03-14 00:00:00+00:00
[2024-03-14T07:47:39.164+0530] {processor.py:183} INFO - Processing /home/kai/airflow/dags/taskflow_and_operators_interoperating.py took 0.085 seconds
[2024-03-14T07:48:09.281+0530] {processor.py:161} INFO - Started process (PID=307873) to work on /home/kai/airflow/dags/taskflow_and_operators_interoperating.py
[2024-03-14T07:48:09.282+0530] {processor.py:830} INFO - Processing file /home/kai/airflow/dags/taskflow_and_operators_interoperating.py for tasks to queue
[2024-03-14T07:48:09.283+0530] {logging_mixin.py:188} INFO - [2024-03-14T07:48:09.283+0530] {dagbag.py:540} INFO - Filling up the DagBag from /home/kai/airflow/dags/taskflow_and_operators_interoperating.py
[2024-03-14T07:48:09.296+0530] {processor.py:840} INFO - DAG(s) 'taskflow_and_operators_interoperating' retrieved from /home/kai/airflow/dags/taskflow_and_operators_interoperating.py
[2024-03-14T07:48:09.319+0530] {logging_mixin.py:188} INFO - [2024-03-14T07:48:09.319+0530] {dag.py:3047} INFO - Sync 1 DAGs
[2024-03-14T07:48:09.336+0530] {logging_mixin.py:188} INFO - [2024-03-14T07:48:09.336+0530] {dag.py:3834} INFO - Setting next_dagrun for taskflow_and_operators_interoperating to 2024-03-13 00:00:00+00:00, run_after=2024-03-14 00:00:00+00:00
[2024-03-14T07:48:09.368+0530] {processor.py:183} INFO - Processing /home/kai/airflow/dags/taskflow_and_operators_interoperating.py took 0.091 seconds
[2024-03-14T07:48:40.671+0530] {processor.py:161} INFO - Started process (PID=307925) to work on /home/kai/airflow/dags/taskflow_and_operators_interoperating.py
[2024-03-14T07:48:40.674+0530] {processor.py:830} INFO - Processing file /home/kai/airflow/dags/taskflow_and_operators_interoperating.py for tasks to queue
[2024-03-14T07:48:40.675+0530] {logging_mixin.py:188} INFO - [2024-03-14T07:48:40.675+0530] {dagbag.py:540} INFO - Filling up the DagBag from /home/kai/airflow/dags/taskflow_and_operators_interoperating.py
[2024-03-14T07:48:40.686+0530] {processor.py:840} INFO - DAG(s) 'taskflow_and_operators_interoperating' retrieved from /home/kai/airflow/dags/taskflow_and_operators_interoperating.py
[2024-03-14T07:48:40.705+0530] {logging_mixin.py:188} INFO - [2024-03-14T07:48:40.705+0530] {dag.py:3047} INFO - Sync 1 DAGs
[2024-03-14T07:48:40.722+0530] {logging_mixin.py:188} INFO - [2024-03-14T07:48:40.722+0530] {dag.py:3834} INFO - Setting next_dagrun for taskflow_and_operators_interoperating to 2024-03-13 00:00:00+00:00, run_after=2024-03-14 00:00:00+00:00
[2024-03-14T07:48:40.765+0530] {processor.py:183} INFO - Processing /home/kai/airflow/dags/taskflow_and_operators_interoperating.py took 0.097 seconds
[2024-03-14T07:49:11.530+0530] {processor.py:161} INFO - Started process (PID=307978) to work on /home/kai/airflow/dags/taskflow_and_operators_interoperating.py
[2024-03-14T07:49:11.533+0530] {processor.py:830} INFO - Processing file /home/kai/airflow/dags/taskflow_and_operators_interoperating.py for tasks to queue
[2024-03-14T07:49:11.534+0530] {logging_mixin.py:188} INFO - [2024-03-14T07:49:11.534+0530] {dagbag.py:540} INFO - Filling up the DagBag from /home/kai/airflow/dags/taskflow_and_operators_interoperating.py
[2024-03-14T07:49:11.545+0530] {processor.py:840} INFO - DAG(s) 'taskflow_and_operators_interoperating' retrieved from /home/kai/airflow/dags/taskflow_and_operators_interoperating.py
[2024-03-14T07:49:11.565+0530] {logging_mixin.py:188} INFO - [2024-03-14T07:49:11.564+0530] {dag.py:3047} INFO - Sync 1 DAGs
[2024-03-14T07:49:11.582+0530] {logging_mixin.py:188} INFO - [2024-03-14T07:49:11.582+0530] {dag.py:3834} INFO - Setting next_dagrun for taskflow_and_operators_interoperating to 2024-03-13 00:00:00+00:00, run_after=2024-03-14 00:00:00+00:00
[2024-03-14T07:49:11.614+0530] {processor.py:183} INFO - Processing /home/kai/airflow/dags/taskflow_and_operators_interoperating.py took 0.087 seconds
[2024-03-14T07:49:42.412+0530] {processor.py:161} INFO - Started process (PID=308030) to work on /home/kai/airflow/dags/taskflow_and_operators_interoperating.py
[2024-03-14T07:49:42.415+0530] {processor.py:830} INFO - Processing file /home/kai/airflow/dags/taskflow_and_operators_interoperating.py for tasks to queue
[2024-03-14T07:49:42.416+0530] {logging_mixin.py:188} INFO - [2024-03-14T07:49:42.415+0530] {dagbag.py:540} INFO - Filling up the DagBag from /home/kai/airflow/dags/taskflow_and_operators_interoperating.py
[2024-03-14T07:49:42.426+0530] {processor.py:840} INFO - DAG(s) 'taskflow_and_operators_interoperating' retrieved from /home/kai/airflow/dags/taskflow_and_operators_interoperating.py
[2024-03-14T07:49:42.446+0530] {logging_mixin.py:188} INFO - [2024-03-14T07:49:42.446+0530] {dag.py:3047} INFO - Sync 1 DAGs
[2024-03-14T07:49:42.463+0530] {logging_mixin.py:188} INFO - [2024-03-14T07:49:42.462+0530] {dag.py:3834} INFO - Setting next_dagrun for taskflow_and_operators_interoperating to 2024-03-13 00:00:00+00:00, run_after=2024-03-14 00:00:00+00:00
[2024-03-14T07:49:42.495+0530] {processor.py:183} INFO - Processing /home/kai/airflow/dags/taskflow_and_operators_interoperating.py took 0.086 seconds
[2024-03-14T07:50:13.265+0530] {processor.py:161} INFO - Started process (PID=308084) to work on /home/kai/airflow/dags/taskflow_and_operators_interoperating.py
[2024-03-14T07:50:13.270+0530] {processor.py:830} INFO - Processing file /home/kai/airflow/dags/taskflow_and_operators_interoperating.py for tasks to queue
[2024-03-14T07:50:13.271+0530] {logging_mixin.py:188} INFO - [2024-03-14T07:50:13.270+0530] {dagbag.py:540} INFO - Filling up the DagBag from /home/kai/airflow/dags/taskflow_and_operators_interoperating.py
[2024-03-14T07:50:13.281+0530] {processor.py:840} INFO - DAG(s) 'taskflow_and_operators_interoperating' retrieved from /home/kai/airflow/dags/taskflow_and_operators_interoperating.py
[2024-03-14T07:50:13.300+0530] {logging_mixin.py:188} INFO - [2024-03-14T07:50:13.300+0530] {dag.py:3047} INFO - Sync 1 DAGs
[2024-03-14T07:50:13.317+0530] {logging_mixin.py:188} INFO - [2024-03-14T07:50:13.317+0530] {dag.py:3834} INFO - Setting next_dagrun for taskflow_and_operators_interoperating to 2024-03-13 00:00:00+00:00, run_after=2024-03-14 00:00:00+00:00
[2024-03-14T07:50:13.349+0530] {processor.py:183} INFO - Processing /home/kai/airflow/dags/taskflow_and_operators_interoperating.py took 0.087 seconds
[2024-03-14T07:50:44.022+0530] {processor.py:161} INFO - Started process (PID=308136) to work on /home/kai/airflow/dags/taskflow_and_operators_interoperating.py
[2024-03-14T07:50:44.026+0530] {processor.py:830} INFO - Processing file /home/kai/airflow/dags/taskflow_and_operators_interoperating.py for tasks to queue
[2024-03-14T07:50:44.027+0530] {logging_mixin.py:188} INFO - [2024-03-14T07:50:44.026+0530] {dagbag.py:540} INFO - Filling up the DagBag from /home/kai/airflow/dags/taskflow_and_operators_interoperating.py
[2024-03-14T07:50:44.037+0530] {processor.py:840} INFO - DAG(s) 'taskflow_and_operators_interoperating' retrieved from /home/kai/airflow/dags/taskflow_and_operators_interoperating.py
[2024-03-14T07:50:44.057+0530] {logging_mixin.py:188} INFO - [2024-03-14T07:50:44.056+0530] {dag.py:3047} INFO - Sync 1 DAGs
[2024-03-14T07:50:44.073+0530] {logging_mixin.py:188} INFO - [2024-03-14T07:50:44.073+0530] {dag.py:3834} INFO - Setting next_dagrun for taskflow_and_operators_interoperating to 2024-03-13 00:00:00+00:00, run_after=2024-03-14 00:00:00+00:00
[2024-03-14T07:50:44.106+0530] {processor.py:183} INFO - Processing /home/kai/airflow/dags/taskflow_and_operators_interoperating.py took 0.088 seconds
[2024-03-14T07:51:14.914+0530] {processor.py:161} INFO - Started process (PID=308187) to work on /home/kai/airflow/dags/taskflow_and_operators_interoperating.py
[2024-03-14T07:51:14.919+0530] {processor.py:830} INFO - Processing file /home/kai/airflow/dags/taskflow_and_operators_interoperating.py for tasks to queue
[2024-03-14T07:51:14.920+0530] {logging_mixin.py:188} INFO - [2024-03-14T07:51:14.919+0530] {dagbag.py:540} INFO - Filling up the DagBag from /home/kai/airflow/dags/taskflow_and_operators_interoperating.py
[2024-03-14T07:51:14.930+0530] {processor.py:840} INFO - DAG(s) 'taskflow_and_operators_interoperating' retrieved from /home/kai/airflow/dags/taskflow_and_operators_interoperating.py
[2024-03-14T07:51:14.949+0530] {logging_mixin.py:188} INFO - [2024-03-14T07:51:14.949+0530] {dag.py:3047} INFO - Sync 1 DAGs
[2024-03-14T07:51:14.967+0530] {logging_mixin.py:188} INFO - [2024-03-14T07:51:14.967+0530] {dag.py:3834} INFO - Setting next_dagrun for taskflow_and_operators_interoperating to 2024-03-13 00:00:00+00:00, run_after=2024-03-14 00:00:00+00:00
[2024-03-14T07:51:14.999+0530] {processor.py:183} INFO - Processing /home/kai/airflow/dags/taskflow_and_operators_interoperating.py took 0.088 seconds
[2024-03-14T07:51:45.772+0530] {processor.py:161} INFO - Started process (PID=308239) to work on /home/kai/airflow/dags/taskflow_and_operators_interoperating.py
[2024-03-14T07:51:45.774+0530] {processor.py:830} INFO - Processing file /home/kai/airflow/dags/taskflow_and_operators_interoperating.py for tasks to queue
[2024-03-14T07:51:45.775+0530] {logging_mixin.py:188} INFO - [2024-03-14T07:51:45.774+0530] {dagbag.py:540} INFO - Filling up the DagBag from /home/kai/airflow/dags/taskflow_and_operators_interoperating.py
[2024-03-14T07:51:45.785+0530] {processor.py:840} INFO - DAG(s) 'taskflow_and_operators_interoperating' retrieved from /home/kai/airflow/dags/taskflow_and_operators_interoperating.py
[2024-03-14T07:51:45.805+0530] {logging_mixin.py:188} INFO - [2024-03-14T07:51:45.805+0530] {dag.py:3047} INFO - Sync 1 DAGs
[2024-03-14T07:51:45.822+0530] {logging_mixin.py:188} INFO - [2024-03-14T07:51:45.822+0530] {dag.py:3834} INFO - Setting next_dagrun for taskflow_and_operators_interoperating to 2024-03-13 00:00:00+00:00, run_after=2024-03-14 00:00:00+00:00
[2024-03-14T07:51:45.855+0530] {processor.py:183} INFO - Processing /home/kai/airflow/dags/taskflow_and_operators_interoperating.py took 0.086 seconds
[2024-03-14T07:52:16.722+0530] {processor.py:161} INFO - Started process (PID=308295) to work on /home/kai/airflow/dags/taskflow_and_operators_interoperating.py
[2024-03-14T07:52:16.725+0530] {processor.py:830} INFO - Processing file /home/kai/airflow/dags/taskflow_and_operators_interoperating.py for tasks to queue
[2024-03-14T07:52:16.726+0530] {logging_mixin.py:188} INFO - [2024-03-14T07:52:16.725+0530] {dagbag.py:540} INFO - Filling up the DagBag from /home/kai/airflow/dags/taskflow_and_operators_interoperating.py
[2024-03-14T07:52:16.736+0530] {processor.py:840} INFO - DAG(s) 'taskflow_and_operators_interoperating' retrieved from /home/kai/airflow/dags/taskflow_and_operators_interoperating.py
[2024-03-14T07:52:16.756+0530] {logging_mixin.py:188} INFO - [2024-03-14T07:52:16.755+0530] {dag.py:3047} INFO - Sync 1 DAGs
[2024-03-14T07:52:16.772+0530] {logging_mixin.py:188} INFO - [2024-03-14T07:52:16.772+0530] {dag.py:3834} INFO - Setting next_dagrun for taskflow_and_operators_interoperating to 2024-03-13 00:00:00+00:00, run_after=2024-03-14 00:00:00+00:00
[2024-03-14T07:52:16.805+0530] {processor.py:183} INFO - Processing /home/kai/airflow/dags/taskflow_and_operators_interoperating.py took 0.086 seconds
[2024-03-14T07:52:47.589+0530] {processor.py:161} INFO - Started process (PID=308348) to work on /home/kai/airflow/dags/taskflow_and_operators_interoperating.py
[2024-03-14T07:52:47.592+0530] {processor.py:830} INFO - Processing file /home/kai/airflow/dags/taskflow_and_operators_interoperating.py for tasks to queue
[2024-03-14T07:52:47.593+0530] {logging_mixin.py:188} INFO - [2024-03-14T07:52:47.593+0530] {dagbag.py:540} INFO - Filling up the DagBag from /home/kai/airflow/dags/taskflow_and_operators_interoperating.py
[2024-03-14T07:52:47.604+0530] {processor.py:840} INFO - DAG(s) 'taskflow_and_operators_interoperating' retrieved from /home/kai/airflow/dags/taskflow_and_operators_interoperating.py
[2024-03-14T07:52:47.623+0530] {logging_mixin.py:188} INFO - [2024-03-14T07:52:47.623+0530] {dag.py:3047} INFO - Sync 1 DAGs
[2024-03-14T07:52:47.640+0530] {logging_mixin.py:188} INFO - [2024-03-14T07:52:47.640+0530] {dag.py:3834} INFO - Setting next_dagrun for taskflow_and_operators_interoperating to 2024-03-13 00:00:00+00:00, run_after=2024-03-14 00:00:00+00:00
[2024-03-14T07:52:47.672+0530] {processor.py:183} INFO - Processing /home/kai/airflow/dags/taskflow_and_operators_interoperating.py took 0.086 seconds
[2024-03-14T07:53:18.465+0530] {processor.py:161} INFO - Started process (PID=308400) to work on /home/kai/airflow/dags/taskflow_and_operators_interoperating.py
[2024-03-14T07:53:18.468+0530] {processor.py:830} INFO - Processing file /home/kai/airflow/dags/taskflow_and_operators_interoperating.py for tasks to queue
[2024-03-14T07:53:18.469+0530] {logging_mixin.py:188} INFO - [2024-03-14T07:53:18.469+0530] {dagbag.py:540} INFO - Filling up the DagBag from /home/kai/airflow/dags/taskflow_and_operators_interoperating.py
[2024-03-14T07:53:18.481+0530] {processor.py:840} INFO - DAG(s) 'taskflow_and_operators_interoperating' retrieved from /home/kai/airflow/dags/taskflow_and_operators_interoperating.py
[2024-03-14T07:53:18.500+0530] {logging_mixin.py:188} INFO - [2024-03-14T07:53:18.500+0530] {dag.py:3047} INFO - Sync 1 DAGs
[2024-03-14T07:53:18.517+0530] {logging_mixin.py:188} INFO - [2024-03-14T07:53:18.517+0530] {dag.py:3834} INFO - Setting next_dagrun for taskflow_and_operators_interoperating to 2024-03-13 00:00:00+00:00, run_after=2024-03-14 00:00:00+00:00
[2024-03-14T07:53:18.554+0530] {processor.py:183} INFO - Processing /home/kai/airflow/dags/taskflow_and_operators_interoperating.py took 0.092 seconds
[2024-03-14T07:53:49.173+0530] {processor.py:161} INFO - Started process (PID=308453) to work on /home/kai/airflow/dags/taskflow_and_operators_interoperating.py
[2024-03-14T07:53:49.177+0530] {processor.py:830} INFO - Processing file /home/kai/airflow/dags/taskflow_and_operators_interoperating.py for tasks to queue
[2024-03-14T07:53:49.178+0530] {logging_mixin.py:188} INFO - [2024-03-14T07:53:49.177+0530] {dagbag.py:540} INFO - Filling up the DagBag from /home/kai/airflow/dags/taskflow_and_operators_interoperating.py
[2024-03-14T07:53:49.188+0530] {processor.py:840} INFO - DAG(s) 'taskflow_and_operators_interoperating' retrieved from /home/kai/airflow/dags/taskflow_and_operators_interoperating.py
[2024-03-14T07:53:49.208+0530] {logging_mixin.py:188} INFO - [2024-03-14T07:53:49.207+0530] {dag.py:3047} INFO - Sync 1 DAGs
[2024-03-14T07:53:49.224+0530] {logging_mixin.py:188} INFO - [2024-03-14T07:53:49.224+0530] {dag.py:3834} INFO - Setting next_dagrun for taskflow_and_operators_interoperating to 2024-03-13 00:00:00+00:00, run_after=2024-03-14 00:00:00+00:00
[2024-03-14T07:53:49.257+0530] {processor.py:183} INFO - Processing /home/kai/airflow/dags/taskflow_and_operators_interoperating.py took 0.087 seconds
[2024-03-14T07:54:20.269+0530] {processor.py:161} INFO - Started process (PID=308505) to work on /home/kai/airflow/dags/taskflow_and_operators_interoperating.py
[2024-03-14T07:54:20.271+0530] {processor.py:830} INFO - Processing file /home/kai/airflow/dags/taskflow_and_operators_interoperating.py for tasks to queue
[2024-03-14T07:54:20.272+0530] {logging_mixin.py:188} INFO - [2024-03-14T07:54:20.271+0530] {dagbag.py:540} INFO - Filling up the DagBag from /home/kai/airflow/dags/taskflow_and_operators_interoperating.py
[2024-03-14T07:54:20.282+0530] {processor.py:840} INFO - DAG(s) 'taskflow_and_operators_interoperating' retrieved from /home/kai/airflow/dags/taskflow_and_operators_interoperating.py
[2024-03-14T07:54:20.302+0530] {logging_mixin.py:188} INFO - [2024-03-14T07:54:20.302+0530] {dag.py:3047} INFO - Sync 1 DAGs
[2024-03-14T07:54:20.318+0530] {logging_mixin.py:188} INFO - [2024-03-14T07:54:20.318+0530] {dag.py:3834} INFO - Setting next_dagrun for taskflow_and_operators_interoperating to 2024-03-13 00:00:00+00:00, run_after=2024-03-14 00:00:00+00:00
[2024-03-14T07:54:20.350+0530] {processor.py:183} INFO - Processing /home/kai/airflow/dags/taskflow_and_operators_interoperating.py took 0.084 seconds
[2024-03-14T07:54:51.050+0530] {processor.py:161} INFO - Started process (PID=308556) to work on /home/kai/airflow/dags/taskflow_and_operators_interoperating.py
[2024-03-14T07:54:51.054+0530] {processor.py:830} INFO - Processing file /home/kai/airflow/dags/taskflow_and_operators_interoperating.py for tasks to queue
[2024-03-14T07:54:51.055+0530] {logging_mixin.py:188} INFO - [2024-03-14T07:54:51.055+0530] {dagbag.py:540} INFO - Filling up the DagBag from /home/kai/airflow/dags/taskflow_and_operators_interoperating.py
[2024-03-14T07:54:51.066+0530] {processor.py:840} INFO - DAG(s) 'taskflow_and_operators_interoperating' retrieved from /home/kai/airflow/dags/taskflow_and_operators_interoperating.py
[2024-03-14T07:54:51.085+0530] {logging_mixin.py:188} INFO - [2024-03-14T07:54:51.085+0530] {dag.py:3047} INFO - Sync 1 DAGs
[2024-03-14T07:54:51.102+0530] {logging_mixin.py:188} INFO - [2024-03-14T07:54:51.102+0530] {dag.py:3834} INFO - Setting next_dagrun for taskflow_and_operators_interoperating to 2024-03-13 00:00:00+00:00, run_after=2024-03-14 00:00:00+00:00
[2024-03-14T07:54:51.136+0530] {processor.py:183} INFO - Processing /home/kai/airflow/dags/taskflow_and_operators_interoperating.py took 0.089 seconds
[2024-03-14T07:55:21.606+0530] {processor.py:161} INFO - Started process (PID=308613) to work on /home/kai/airflow/dags/taskflow_and_operators_interoperating.py
[2024-03-14T07:55:21.608+0530] {processor.py:830} INFO - Processing file /home/kai/airflow/dags/taskflow_and_operators_interoperating.py for tasks to queue
[2024-03-14T07:55:21.608+0530] {logging_mixin.py:188} INFO - [2024-03-14T07:55:21.608+0530] {dagbag.py:540} INFO - Filling up the DagBag from /home/kai/airflow/dags/taskflow_and_operators_interoperating.py
[2024-03-14T07:55:21.619+0530] {processor.py:840} INFO - DAG(s) 'taskflow_and_operators_interoperating' retrieved from /home/kai/airflow/dags/taskflow_and_operators_interoperating.py
[2024-03-14T07:55:21.638+0530] {logging_mixin.py:188} INFO - [2024-03-14T07:55:21.638+0530] {dag.py:3047} INFO - Sync 1 DAGs
[2024-03-14T07:55:21.655+0530] {logging_mixin.py:188} INFO - [2024-03-14T07:55:21.655+0530] {dag.py:3834} INFO - Setting next_dagrun for taskflow_and_operators_interoperating to 2024-03-13 00:00:00+00:00, run_after=2024-03-14 00:00:00+00:00
[2024-03-14T07:55:21.692+0530] {processor.py:183} INFO - Processing /home/kai/airflow/dags/taskflow_and_operators_interoperating.py took 0.089 seconds
[2024-03-14T07:55:52.165+0530] {processor.py:161} INFO - Started process (PID=308664) to work on /home/kai/airflow/dags/taskflow_and_operators_interoperating.py
[2024-03-14T07:55:52.169+0530] {processor.py:830} INFO - Processing file /home/kai/airflow/dags/taskflow_and_operators_interoperating.py for tasks to queue
[2024-03-14T07:55:52.170+0530] {logging_mixin.py:188} INFO - [2024-03-14T07:55:52.170+0530] {dagbag.py:540} INFO - Filling up the DagBag from /home/kai/airflow/dags/taskflow_and_operators_interoperating.py
[2024-03-14T07:55:52.181+0530] {processor.py:840} INFO - DAG(s) 'taskflow_and_operators_interoperating' retrieved from /home/kai/airflow/dags/taskflow_and_operators_interoperating.py
[2024-03-14T07:55:52.200+0530] {logging_mixin.py:188} INFO - [2024-03-14T07:55:52.200+0530] {dag.py:3047} INFO - Sync 1 DAGs
[2024-03-14T07:55:52.217+0530] {logging_mixin.py:188} INFO - [2024-03-14T07:55:52.217+0530] {dag.py:3834} INFO - Setting next_dagrun for taskflow_and_operators_interoperating to 2024-03-13 00:00:00+00:00, run_after=2024-03-14 00:00:00+00:00
[2024-03-14T07:55:52.248+0530] {processor.py:183} INFO - Processing /home/kai/airflow/dags/taskflow_and_operators_interoperating.py took 0.087 seconds
[2024-03-14T07:56:22.725+0530] {processor.py:161} INFO - Started process (PID=308720) to work on /home/kai/airflow/dags/taskflow_and_operators_interoperating.py
[2024-03-14T07:56:22.727+0530] {processor.py:830} INFO - Processing file /home/kai/airflow/dags/taskflow_and_operators_interoperating.py for tasks to queue
[2024-03-14T07:56:22.728+0530] {logging_mixin.py:188} INFO - [2024-03-14T07:56:22.728+0530] {dagbag.py:540} INFO - Filling up the DagBag from /home/kai/airflow/dags/taskflow_and_operators_interoperating.py
[2024-03-14T07:56:22.738+0530] {processor.py:840} INFO - DAG(s) 'taskflow_and_operators_interoperating' retrieved from /home/kai/airflow/dags/taskflow_and_operators_interoperating.py
[2024-03-14T07:56:22.758+0530] {logging_mixin.py:188} INFO - [2024-03-14T07:56:22.757+0530] {dag.py:3047} INFO - Sync 1 DAGs
[2024-03-14T07:56:22.775+0530] {logging_mixin.py:188} INFO - [2024-03-14T07:56:22.774+0530] {dag.py:3834} INFO - Setting next_dagrun for taskflow_and_operators_interoperating to 2024-03-13 00:00:00+00:00, run_after=2024-03-14 00:00:00+00:00
[2024-03-14T07:56:22.808+0530] {processor.py:183} INFO - Processing /home/kai/airflow/dags/taskflow_and_operators_interoperating.py took 0.086 seconds
[2024-03-14T07:56:53.418+0530] {processor.py:161} INFO - Started process (PID=308775) to work on /home/kai/airflow/dags/taskflow_and_operators_interoperating.py
[2024-03-14T07:56:53.419+0530] {processor.py:830} INFO - Processing file /home/kai/airflow/dags/taskflow_and_operators_interoperating.py for tasks to queue
[2024-03-14T07:56:53.419+0530] {logging_mixin.py:188} INFO - [2024-03-14T07:56:53.419+0530] {dagbag.py:540} INFO - Filling up the DagBag from /home/kai/airflow/dags/taskflow_and_operators_interoperating.py
[2024-03-14T07:56:53.430+0530] {processor.py:840} INFO - DAG(s) 'taskflow_and_operators_interoperating' retrieved from /home/kai/airflow/dags/taskflow_and_operators_interoperating.py
[2024-03-14T07:56:53.450+0530] {logging_mixin.py:188} INFO - [2024-03-14T07:56:53.449+0530] {dag.py:3047} INFO - Sync 1 DAGs
[2024-03-14T07:56:53.466+0530] {logging_mixin.py:188} INFO - [2024-03-14T07:56:53.466+0530] {dag.py:3834} INFO - Setting next_dagrun for taskflow_and_operators_interoperating to 2024-03-13 00:00:00+00:00, run_after=2024-03-14 00:00:00+00:00
[2024-03-14T07:56:53.499+0530] {processor.py:183} INFO - Processing /home/kai/airflow/dags/taskflow_and_operators_interoperating.py took 0.084 seconds
[2024-03-14T07:57:24.281+0530] {processor.py:161} INFO - Started process (PID=308827) to work on /home/kai/airflow/dags/taskflow_and_operators_interoperating.py
[2024-03-14T07:57:24.285+0530] {processor.py:830} INFO - Processing file /home/kai/airflow/dags/taskflow_and_operators_interoperating.py for tasks to queue
[2024-03-14T07:57:24.286+0530] {logging_mixin.py:188} INFO - [2024-03-14T07:57:24.286+0530] {dagbag.py:540} INFO - Filling up the DagBag from /home/kai/airflow/dags/taskflow_and_operators_interoperating.py
[2024-03-14T07:57:24.301+0530] {processor.py:840} INFO - DAG(s) 'taskflow_and_operators_interoperating' retrieved from /home/kai/airflow/dags/taskflow_and_operators_interoperating.py
[2024-03-14T07:57:24.321+0530] {logging_mixin.py:188} INFO - [2024-03-14T07:57:24.321+0530] {dag.py:3047} INFO - Sync 1 DAGs
[2024-03-14T07:57:24.338+0530] {logging_mixin.py:188} INFO - [2024-03-14T07:57:24.338+0530] {dag.py:3834} INFO - Setting next_dagrun for taskflow_and_operators_interoperating to 2024-03-13 00:00:00+00:00, run_after=2024-03-14 00:00:00+00:00
[2024-03-14T07:57:24.374+0530] {processor.py:183} INFO - Processing /home/kai/airflow/dags/taskflow_and_operators_interoperating.py took 0.098 seconds
[2024-03-14T07:57:55.278+0530] {processor.py:161} INFO - Started process (PID=308878) to work on /home/kai/airflow/dags/taskflow_and_operators_interoperating.py
[2024-03-14T07:57:55.280+0530] {processor.py:830} INFO - Processing file /home/kai/airflow/dags/taskflow_and_operators_interoperating.py for tasks to queue
[2024-03-14T07:57:55.281+0530] {logging_mixin.py:188} INFO - [2024-03-14T07:57:55.280+0530] {dagbag.py:540} INFO - Filling up the DagBag from /home/kai/airflow/dags/taskflow_and_operators_interoperating.py
[2024-03-14T07:57:55.293+0530] {processor.py:840} INFO - DAG(s) 'taskflow_and_operators_interoperating' retrieved from /home/kai/airflow/dags/taskflow_and_operators_interoperating.py
[2024-03-14T07:57:55.315+0530] {logging_mixin.py:188} INFO - [2024-03-14T07:57:55.314+0530] {dag.py:3047} INFO - Sync 1 DAGs
[2024-03-14T07:57:55.334+0530] {logging_mixin.py:188} INFO - [2024-03-14T07:57:55.333+0530] {dag.py:3834} INFO - Setting next_dagrun for taskflow_and_operators_interoperating to 2024-03-13 00:00:00+00:00, run_after=2024-03-14 00:00:00+00:00
[2024-03-14T07:57:55.370+0530] {processor.py:183} INFO - Processing /home/kai/airflow/dags/taskflow_and_operators_interoperating.py took 0.096 seconds
[2024-03-14T07:58:26.901+0530] {processor.py:161} INFO - Started process (PID=308931) to work on /home/kai/airflow/dags/taskflow_and_operators_interoperating.py
[2024-03-14T07:58:26.903+0530] {processor.py:830} INFO - Processing file /home/kai/airflow/dags/taskflow_and_operators_interoperating.py for tasks to queue
[2024-03-14T07:58:26.904+0530] {logging_mixin.py:188} INFO - [2024-03-14T07:58:26.903+0530] {dagbag.py:540} INFO - Filling up the DagBag from /home/kai/airflow/dags/taskflow_and_operators_interoperating.py
[2024-03-14T07:58:26.918+0530] {processor.py:840} INFO - DAG(s) 'taskflow_and_operators_interoperating' retrieved from /home/kai/airflow/dags/taskflow_and_operators_interoperating.py
[2024-03-14T07:58:26.941+0530] {logging_mixin.py:188} INFO - [2024-03-14T07:58:26.941+0530] {dag.py:3047} INFO - Sync 1 DAGs
[2024-03-14T07:58:26.962+0530] {logging_mixin.py:188} INFO - [2024-03-14T07:58:26.962+0530] {dag.py:3834} INFO - Setting next_dagrun for taskflow_and_operators_interoperating to 2024-03-13 00:00:00+00:00, run_after=2024-03-14 00:00:00+00:00
[2024-03-14T07:58:27.002+0530] {processor.py:183} INFO - Processing /home/kai/airflow/dags/taskflow_and_operators_interoperating.py took 0.106 seconds
[2024-03-14T07:58:57.837+0530] {processor.py:161} INFO - Started process (PID=308985) to work on /home/kai/airflow/dags/taskflow_and_operators_interoperating.py
[2024-03-14T07:58:57.840+0530] {processor.py:830} INFO - Processing file /home/kai/airflow/dags/taskflow_and_operators_interoperating.py for tasks to queue
[2024-03-14T07:58:57.841+0530] {logging_mixin.py:188} INFO - [2024-03-14T07:58:57.841+0530] {dagbag.py:540} INFO - Filling up the DagBag from /home/kai/airflow/dags/taskflow_and_operators_interoperating.py
[2024-03-14T07:58:57.853+0530] {processor.py:840} INFO - DAG(s) 'taskflow_and_operators_interoperating' retrieved from /home/kai/airflow/dags/taskflow_and_operators_interoperating.py
[2024-03-14T07:58:57.873+0530] {logging_mixin.py:188} INFO - [2024-03-14T07:58:57.873+0530] {dag.py:3047} INFO - Sync 1 DAGs
[2024-03-14T07:58:57.891+0530] {logging_mixin.py:188} INFO - [2024-03-14T07:58:57.891+0530] {dag.py:3834} INFO - Setting next_dagrun for taskflow_and_operators_interoperating to 2024-03-13 00:00:00+00:00, run_after=2024-03-14 00:00:00+00:00
[2024-03-14T07:58:57.926+0530] {processor.py:183} INFO - Processing /home/kai/airflow/dags/taskflow_and_operators_interoperating.py took 0.094 seconds
[2024-03-14T07:59:28.533+0530] {processor.py:161} INFO - Started process (PID=309036) to work on /home/kai/airflow/dags/taskflow_and_operators_interoperating.py
[2024-03-14T07:59:28.536+0530] {processor.py:830} INFO - Processing file /home/kai/airflow/dags/taskflow_and_operators_interoperating.py for tasks to queue
[2024-03-14T07:59:28.538+0530] {logging_mixin.py:188} INFO - [2024-03-14T07:59:28.537+0530] {dagbag.py:540} INFO - Filling up the DagBag from /home/kai/airflow/dags/taskflow_and_operators_interoperating.py
[2024-03-14T07:59:28.549+0530] {processor.py:840} INFO - DAG(s) 'taskflow_and_operators_interoperating' retrieved from /home/kai/airflow/dags/taskflow_and_operators_interoperating.py
[2024-03-14T07:59:28.569+0530] {logging_mixin.py:188} INFO - [2024-03-14T07:59:28.568+0530] {dag.py:3047} INFO - Sync 1 DAGs
[2024-03-14T07:59:28.586+0530] {logging_mixin.py:188} INFO - [2024-03-14T07:59:28.586+0530] {dag.py:3834} INFO - Setting next_dagrun for taskflow_and_operators_interoperating to 2024-03-13 00:00:00+00:00, run_after=2024-03-14 00:00:00+00:00
[2024-03-14T07:59:28.619+0530] {processor.py:183} INFO - Processing /home/kai/airflow/dags/taskflow_and_operators_interoperating.py took 0.088 seconds
[2024-03-14T08:00:00.046+0530] {processor.py:161} INFO - Started process (PID=309088) to work on /home/kai/airflow/dags/taskflow_and_operators_interoperating.py
[2024-03-14T08:00:00.048+0530] {processor.py:830} INFO - Processing file /home/kai/airflow/dags/taskflow_and_operators_interoperating.py for tasks to queue
[2024-03-14T08:00:00.049+0530] {logging_mixin.py:188} INFO - [2024-03-14T08:00:00.048+0530] {dagbag.py:540} INFO - Filling up the DagBag from /home/kai/airflow/dags/taskflow_and_operators_interoperating.py
[2024-03-14T08:00:00.074+0530] {processor.py:840} INFO - DAG(s) 'taskflow_and_operators_interoperating' retrieved from /home/kai/airflow/dags/taskflow_and_operators_interoperating.py
[2024-03-14T08:00:00.134+0530] {logging_mixin.py:188} INFO - [2024-03-14T08:00:00.133+0530] {dag.py:3047} INFO - Sync 1 DAGs
[2024-03-14T08:00:00.195+0530] {logging_mixin.py:188} INFO - [2024-03-14T08:00:00.195+0530] {dag.py:3834} INFO - Setting next_dagrun for taskflow_and_operators_interoperating to 2024-03-13 00:00:00+00:00, run_after=2024-03-14 00:00:00+00:00
[2024-03-14T08:00:00.253+0530] {processor.py:183} INFO - Processing /home/kai/airflow/dags/taskflow_and_operators_interoperating.py took 0.211 seconds
[2024-03-14T08:00:30.780+0530] {processor.py:161} INFO - Started process (PID=309140) to work on /home/kai/airflow/dags/taskflow_and_operators_interoperating.py
[2024-03-14T08:00:30.785+0530] {processor.py:830} INFO - Processing file /home/kai/airflow/dags/taskflow_and_operators_interoperating.py for tasks to queue
[2024-03-14T08:00:30.786+0530] {logging_mixin.py:188} INFO - [2024-03-14T08:00:30.786+0530] {dagbag.py:540} INFO - Filling up the DagBag from /home/kai/airflow/dags/taskflow_and_operators_interoperating.py
[2024-03-14T08:00:30.802+0530] {processor.py:840} INFO - DAG(s) 'taskflow_and_operators_interoperating' retrieved from /home/kai/airflow/dags/taskflow_and_operators_interoperating.py
[2024-03-14T08:00:30.830+0530] {logging_mixin.py:188} INFO - [2024-03-14T08:00:30.830+0530] {dag.py:3047} INFO - Sync 1 DAGs
[2024-03-14T08:00:30.856+0530] {logging_mixin.py:188} INFO - [2024-03-14T08:00:30.856+0530] {dag.py:3834} INFO - Setting next_dagrun for taskflow_and_operators_interoperating to 2024-03-13 00:00:00+00:00, run_after=2024-03-14 00:00:00+00:00
[2024-03-14T08:00:30.902+0530] {processor.py:183} INFO - Processing /home/kai/airflow/dags/taskflow_and_operators_interoperating.py took 0.125 seconds
[2024-03-14T08:01:02.933+0530] {processor.py:161} INFO - Started process (PID=309194) to work on /home/kai/airflow/dags/taskflow_and_operators_interoperating.py
[2024-03-14T08:01:02.936+0530] {processor.py:830} INFO - Processing file /home/kai/airflow/dags/taskflow_and_operators_interoperating.py for tasks to queue
[2024-03-14T08:01:02.938+0530] {logging_mixin.py:188} INFO - [2024-03-14T08:01:02.937+0530] {dagbag.py:540} INFO - Filling up the DagBag from /home/kai/airflow/dags/taskflow_and_operators_interoperating.py
[2024-03-14T08:01:02.955+0530] {processor.py:840} INFO - DAG(s) 'taskflow_and_operators_interoperating' retrieved from /home/kai/airflow/dags/taskflow_and_operators_interoperating.py
[2024-03-14T08:01:02.987+0530] {logging_mixin.py:188} INFO - [2024-03-14T08:01:02.987+0530] {dag.py:3047} INFO - Sync 1 DAGs
[2024-03-14T08:01:03.023+0530] {logging_mixin.py:188} INFO - [2024-03-14T08:01:03.022+0530] {dag.py:3834} INFO - Setting next_dagrun for taskflow_and_operators_interoperating to 2024-03-13 00:00:00+00:00, run_after=2024-03-14 00:00:00+00:00
[2024-03-14T08:01:03.069+0530] {processor.py:183} INFO - Processing /home/kai/airflow/dags/taskflow_and_operators_interoperating.py took 0.139 seconds
[2024-03-14T08:01:34.092+0530] {processor.py:161} INFO - Started process (PID=309245) to work on /home/kai/airflow/dags/taskflow_and_operators_interoperating.py
[2024-03-14T08:01:34.095+0530] {processor.py:830} INFO - Processing file /home/kai/airflow/dags/taskflow_and_operators_interoperating.py for tasks to queue
[2024-03-14T08:01:34.097+0530] {logging_mixin.py:188} INFO - [2024-03-14T08:01:34.096+0530] {dagbag.py:540} INFO - Filling up the DagBag from /home/kai/airflow/dags/taskflow_and_operators_interoperating.py
[2024-03-14T08:01:34.110+0530] {processor.py:840} INFO - DAG(s) 'taskflow_and_operators_interoperating' retrieved from /home/kai/airflow/dags/taskflow_and_operators_interoperating.py
[2024-03-14T08:01:34.130+0530] {logging_mixin.py:188} INFO - [2024-03-14T08:01:34.130+0530] {dag.py:3047} INFO - Sync 1 DAGs
[2024-03-14T08:01:34.149+0530] {logging_mixin.py:188} INFO - [2024-03-14T08:01:34.148+0530] {dag.py:3834} INFO - Setting next_dagrun for taskflow_and_operators_interoperating to 2024-03-13 00:00:00+00:00, run_after=2024-03-14 00:00:00+00:00
[2024-03-14T08:01:34.184+0530] {processor.py:183} INFO - Processing /home/kai/airflow/dags/taskflow_and_operators_interoperating.py took 0.096 seconds
[2024-03-14T08:02:05.176+0530] {processor.py:161} INFO - Started process (PID=309297) to work on /home/kai/airflow/dags/taskflow_and_operators_interoperating.py
[2024-03-14T08:02:05.178+0530] {processor.py:830} INFO - Processing file /home/kai/airflow/dags/taskflow_and_operators_interoperating.py for tasks to queue
[2024-03-14T08:02:05.180+0530] {logging_mixin.py:188} INFO - [2024-03-14T08:02:05.179+0530] {dagbag.py:540} INFO - Filling up the DagBag from /home/kai/airflow/dags/taskflow_and_operators_interoperating.py
[2024-03-14T08:02:05.190+0530] {processor.py:840} INFO - DAG(s) 'taskflow_and_operators_interoperating' retrieved from /home/kai/airflow/dags/taskflow_and_operators_interoperating.py
[2024-03-14T08:02:05.210+0530] {logging_mixin.py:188} INFO - [2024-03-14T08:02:05.209+0530] {dag.py:3047} INFO - Sync 1 DAGs
[2024-03-14T08:02:05.226+0530] {logging_mixin.py:188} INFO - [2024-03-14T08:02:05.226+0530] {dag.py:3834} INFO - Setting next_dagrun for taskflow_and_operators_interoperating to 2024-03-13 00:00:00+00:00, run_after=2024-03-14 00:00:00+00:00
[2024-03-14T08:02:05.259+0530] {processor.py:183} INFO - Processing /home/kai/airflow/dags/taskflow_and_operators_interoperating.py took 0.086 seconds
[2024-03-14T08:02:36.330+0530] {processor.py:161} INFO - Started process (PID=309349) to work on /home/kai/airflow/dags/taskflow_and_operators_interoperating.py
[2024-03-14T08:02:36.332+0530] {processor.py:830} INFO - Processing file /home/kai/airflow/dags/taskflow_and_operators_interoperating.py for tasks to queue
[2024-03-14T08:02:36.333+0530] {logging_mixin.py:188} INFO - [2024-03-14T08:02:36.333+0530] {dagbag.py:540} INFO - Filling up the DagBag from /home/kai/airflow/dags/taskflow_and_operators_interoperating.py
[2024-03-14T08:02:36.350+0530] {processor.py:840} INFO - DAG(s) 'taskflow_and_operators_interoperating' retrieved from /home/kai/airflow/dags/taskflow_and_operators_interoperating.py
[2024-03-14T08:02:36.371+0530] {logging_mixin.py:188} INFO - [2024-03-14T08:02:36.371+0530] {dag.py:3047} INFO - Sync 1 DAGs
[2024-03-14T08:02:36.390+0530] {logging_mixin.py:188} INFO - [2024-03-14T08:02:36.390+0530] {dag.py:3834} INFO - Setting next_dagrun for taskflow_and_operators_interoperating to 2024-03-13 00:00:00+00:00, run_after=2024-03-14 00:00:00+00:00
[2024-03-14T08:02:36.436+0530] {processor.py:183} INFO - Processing /home/kai/airflow/dags/taskflow_and_operators_interoperating.py took 0.115 seconds
[2024-03-14T08:03:07.227+0530] {processor.py:161} INFO - Started process (PID=309402) to work on /home/kai/airflow/dags/taskflow_and_operators_interoperating.py
[2024-03-14T08:03:07.230+0530] {processor.py:830} INFO - Processing file /home/kai/airflow/dags/taskflow_and_operators_interoperating.py for tasks to queue
[2024-03-14T08:03:07.231+0530] {logging_mixin.py:188} INFO - [2024-03-14T08:03:07.231+0530] {dagbag.py:540} INFO - Filling up the DagBag from /home/kai/airflow/dags/taskflow_and_operators_interoperating.py
[2024-03-14T08:03:07.242+0530] {processor.py:840} INFO - DAG(s) 'taskflow_and_operators_interoperating' retrieved from /home/kai/airflow/dags/taskflow_and_operators_interoperating.py
[2024-03-14T08:03:07.261+0530] {logging_mixin.py:188} INFO - [2024-03-14T08:03:07.261+0530] {dag.py:3047} INFO - Sync 1 DAGs
[2024-03-14T08:03:07.279+0530] {logging_mixin.py:188} INFO - [2024-03-14T08:03:07.279+0530] {dag.py:3834} INFO - Setting next_dagrun for taskflow_and_operators_interoperating to 2024-03-13 00:00:00+00:00, run_after=2024-03-14 00:00:00+00:00
[2024-03-14T08:03:07.313+0530] {processor.py:183} INFO - Processing /home/kai/airflow/dags/taskflow_and_operators_interoperating.py took 0.089 seconds
[2024-03-14T08:03:37.372+0530] {processor.py:161} INFO - Started process (PID=309454) to work on /home/kai/airflow/dags/taskflow_and_operators_interoperating.py
[2024-03-14T08:03:37.373+0530] {processor.py:830} INFO - Processing file /home/kai/airflow/dags/taskflow_and_operators_interoperating.py for tasks to queue
[2024-03-14T08:03:37.374+0530] {logging_mixin.py:188} INFO - [2024-03-14T08:03:37.374+0530] {dagbag.py:540} INFO - Filling up the DagBag from /home/kai/airflow/dags/taskflow_and_operators_interoperating.py
[2024-03-14T08:03:37.385+0530] {processor.py:840} INFO - DAG(s) 'taskflow_and_operators_interoperating' retrieved from /home/kai/airflow/dags/taskflow_and_operators_interoperating.py
[2024-03-14T08:03:37.404+0530] {logging_mixin.py:188} INFO - [2024-03-14T08:03:37.404+0530] {dag.py:3047} INFO - Sync 1 DAGs
[2024-03-14T08:03:37.421+0530] {logging_mixin.py:188} INFO - [2024-03-14T08:03:37.421+0530] {dag.py:3834} INFO - Setting next_dagrun for taskflow_and_operators_interoperating to 2024-03-13 00:00:00+00:00, run_after=2024-03-14 00:00:00+00:00
[2024-03-14T08:03:37.453+0530] {processor.py:183} INFO - Processing /home/kai/airflow/dags/taskflow_and_operators_interoperating.py took 0.084 seconds
[2024-03-14T08:04:08.382+0530] {processor.py:161} INFO - Started process (PID=309505) to work on /home/kai/airflow/dags/taskflow_and_operators_interoperating.py
[2024-03-14T08:04:08.385+0530] {processor.py:830} INFO - Processing file /home/kai/airflow/dags/taskflow_and_operators_interoperating.py for tasks to queue
[2024-03-14T08:04:08.385+0530] {logging_mixin.py:188} INFO - [2024-03-14T08:04:08.385+0530] {dagbag.py:540} INFO - Filling up the DagBag from /home/kai/airflow/dags/taskflow_and_operators_interoperating.py
[2024-03-14T08:04:08.397+0530] {processor.py:840} INFO - DAG(s) 'taskflow_and_operators_interoperating' retrieved from /home/kai/airflow/dags/taskflow_and_operators_interoperating.py
[2024-03-14T08:04:08.416+0530] {logging_mixin.py:188} INFO - [2024-03-14T08:04:08.416+0530] {dag.py:3047} INFO - Sync 1 DAGs
[2024-03-14T08:04:08.433+0530] {logging_mixin.py:188} INFO - [2024-03-14T08:04:08.432+0530] {dag.py:3834} INFO - Setting next_dagrun for taskflow_and_operators_interoperating to 2024-03-13 00:00:00+00:00, run_after=2024-03-14 00:00:00+00:00
[2024-03-14T08:04:08.475+0530] {processor.py:183} INFO - Processing /home/kai/airflow/dags/taskflow_and_operators_interoperating.py took 0.096 seconds
[2024-03-14T08:04:39.285+0530] {processor.py:161} INFO - Started process (PID=309557) to work on /home/kai/airflow/dags/taskflow_and_operators_interoperating.py
[2024-03-14T08:04:39.288+0530] {processor.py:830} INFO - Processing file /home/kai/airflow/dags/taskflow_and_operators_interoperating.py for tasks to queue
[2024-03-14T08:04:39.289+0530] {logging_mixin.py:188} INFO - [2024-03-14T08:04:39.288+0530] {dagbag.py:540} INFO - Filling up the DagBag from /home/kai/airflow/dags/taskflow_and_operators_interoperating.py
[2024-03-14T08:04:39.299+0530] {processor.py:840} INFO - DAG(s) 'taskflow_and_operators_interoperating' retrieved from /home/kai/airflow/dags/taskflow_and_operators_interoperating.py
[2024-03-14T08:04:39.319+0530] {logging_mixin.py:188} INFO - [2024-03-14T08:04:39.319+0530] {dag.py:3047} INFO - Sync 1 DAGs
[2024-03-14T08:04:39.336+0530] {logging_mixin.py:188} INFO - [2024-03-14T08:04:39.335+0530] {dag.py:3834} INFO - Setting next_dagrun for taskflow_and_operators_interoperating to 2024-03-13 00:00:00+00:00, run_after=2024-03-14 00:00:00+00:00
[2024-03-14T08:04:39.372+0530] {processor.py:183} INFO - Processing /home/kai/airflow/dags/taskflow_and_operators_interoperating.py took 0.090 seconds
[2024-03-14T08:05:09.954+0530] {processor.py:161} INFO - Started process (PID=309611) to work on /home/kai/airflow/dags/taskflow_and_operators_interoperating.py
[2024-03-14T08:05:09.957+0530] {processor.py:830} INFO - Processing file /home/kai/airflow/dags/taskflow_and_operators_interoperating.py for tasks to queue
[2024-03-14T08:05:09.958+0530] {logging_mixin.py:188} INFO - [2024-03-14T08:05:09.958+0530] {dagbag.py:540} INFO - Filling up the DagBag from /home/kai/airflow/dags/taskflow_and_operators_interoperating.py
[2024-03-14T08:05:09.970+0530] {processor.py:840} INFO - DAG(s) 'taskflow_and_operators_interoperating' retrieved from /home/kai/airflow/dags/taskflow_and_operators_interoperating.py
[2024-03-14T08:05:09.992+0530] {logging_mixin.py:188} INFO - [2024-03-14T08:05:09.992+0530] {dag.py:3047} INFO - Sync 1 DAGs
[2024-03-14T08:05:10.010+0530] {logging_mixin.py:188} INFO - [2024-03-14T08:05:10.010+0530] {dag.py:3834} INFO - Setting next_dagrun for taskflow_and_operators_interoperating to 2024-03-13 00:00:00+00:00, run_after=2024-03-14 00:00:00+00:00
[2024-03-14T08:05:10.047+0530] {processor.py:183} INFO - Processing /home/kai/airflow/dags/taskflow_and_operators_interoperating.py took 0.097 seconds
[2024-03-14T08:05:40.888+0530] {processor.py:161} INFO - Started process (PID=309665) to work on /home/kai/airflow/dags/taskflow_and_operators_interoperating.py
[2024-03-14T08:05:40.891+0530] {processor.py:830} INFO - Processing file /home/kai/airflow/dags/taskflow_and_operators_interoperating.py for tasks to queue
[2024-03-14T08:05:40.892+0530] {logging_mixin.py:188} INFO - [2024-03-14T08:05:40.892+0530] {dagbag.py:540} INFO - Filling up the DagBag from /home/kai/airflow/dags/taskflow_and_operators_interoperating.py
[2024-03-14T08:05:40.903+0530] {processor.py:840} INFO - DAG(s) 'taskflow_and_operators_interoperating' retrieved from /home/kai/airflow/dags/taskflow_and_operators_interoperating.py
[2024-03-14T08:05:40.923+0530] {logging_mixin.py:188} INFO - [2024-03-14T08:05:40.922+0530] {dag.py:3047} INFO - Sync 1 DAGs
[2024-03-14T08:05:40.940+0530] {logging_mixin.py:188} INFO - [2024-03-14T08:05:40.939+0530] {dag.py:3834} INFO - Setting next_dagrun for taskflow_and_operators_interoperating to 2024-03-13 00:00:00+00:00, run_after=2024-03-14 00:00:00+00:00
[2024-03-14T08:05:40.972+0530] {processor.py:183} INFO - Processing /home/kai/airflow/dags/taskflow_and_operators_interoperating.py took 0.087 seconds
[2024-03-14T08:06:12.119+0530] {processor.py:161} INFO - Started process (PID=309716) to work on /home/kai/airflow/dags/taskflow_and_operators_interoperating.py
[2024-03-14T08:06:12.120+0530] {processor.py:830} INFO - Processing file /home/kai/airflow/dags/taskflow_and_operators_interoperating.py for tasks to queue
[2024-03-14T08:06:12.121+0530] {logging_mixin.py:188} INFO - [2024-03-14T08:06:12.121+0530] {dagbag.py:540} INFO - Filling up the DagBag from /home/kai/airflow/dags/taskflow_and_operators_interoperating.py
[2024-03-14T08:06:12.132+0530] {processor.py:840} INFO - DAG(s) 'taskflow_and_operators_interoperating' retrieved from /home/kai/airflow/dags/taskflow_and_operators_interoperating.py
[2024-03-14T08:06:12.154+0530] {logging_mixin.py:188} INFO - [2024-03-14T08:06:12.154+0530] {dag.py:3047} INFO - Sync 1 DAGs
[2024-03-14T08:06:12.174+0530] {logging_mixin.py:188} INFO - [2024-03-14T08:06:12.174+0530] {dag.py:3834} INFO - Setting next_dagrun for taskflow_and_operators_interoperating to 2024-03-13 00:00:00+00:00, run_after=2024-03-14 00:00:00+00:00
[2024-03-14T08:06:12.209+0530] {processor.py:183} INFO - Processing /home/kai/airflow/dags/taskflow_and_operators_interoperating.py took 0.093 seconds
[2024-03-14T08:06:43.122+0530] {processor.py:161} INFO - Started process (PID=309768) to work on /home/kai/airflow/dags/taskflow_and_operators_interoperating.py
[2024-03-14T08:06:43.125+0530] {processor.py:830} INFO - Processing file /home/kai/airflow/dags/taskflow_and_operators_interoperating.py for tasks to queue
[2024-03-14T08:06:43.126+0530] {logging_mixin.py:188} INFO - [2024-03-14T08:06:43.126+0530] {dagbag.py:540} INFO - Filling up the DagBag from /home/kai/airflow/dags/taskflow_and_operators_interoperating.py
[2024-03-14T08:06:43.137+0530] {processor.py:840} INFO - DAG(s) 'taskflow_and_operators_interoperating' retrieved from /home/kai/airflow/dags/taskflow_and_operators_interoperating.py
[2024-03-14T08:06:43.156+0530] {logging_mixin.py:188} INFO - [2024-03-14T08:06:43.156+0530] {dag.py:3047} INFO - Sync 1 DAGs
[2024-03-14T08:06:43.173+0530] {logging_mixin.py:188} INFO - [2024-03-14T08:06:43.173+0530] {dag.py:3834} INFO - Setting next_dagrun for taskflow_and_operators_interoperating to 2024-03-13 00:00:00+00:00, run_after=2024-03-14 00:00:00+00:00
[2024-03-14T08:06:43.206+0530] {processor.py:183} INFO - Processing /home/kai/airflow/dags/taskflow_and_operators_interoperating.py took 0.087 seconds
[2024-03-14T08:07:13.842+0530] {processor.py:161} INFO - Started process (PID=309819) to work on /home/kai/airflow/dags/taskflow_and_operators_interoperating.py
[2024-03-14T08:07:13.845+0530] {processor.py:830} INFO - Processing file /home/kai/airflow/dags/taskflow_and_operators_interoperating.py for tasks to queue
[2024-03-14T08:07:13.846+0530] {logging_mixin.py:188} INFO - [2024-03-14T08:07:13.845+0530] {dagbag.py:540} INFO - Filling up the DagBag from /home/kai/airflow/dags/taskflow_and_operators_interoperating.py
[2024-03-14T08:07:13.856+0530] {processor.py:840} INFO - DAG(s) 'taskflow_and_operators_interoperating' retrieved from /home/kai/airflow/dags/taskflow_and_operators_interoperating.py
[2024-03-14T08:07:13.876+0530] {logging_mixin.py:188} INFO - [2024-03-14T08:07:13.876+0530] {dag.py:3047} INFO - Sync 1 DAGs
[2024-03-14T08:07:13.894+0530] {logging_mixin.py:188} INFO - [2024-03-14T08:07:13.894+0530] {dag.py:3834} INFO - Setting next_dagrun for taskflow_and_operators_interoperating to 2024-03-13 00:00:00+00:00, run_after=2024-03-14 00:00:00+00:00
[2024-03-14T08:07:13.936+0530] {processor.py:183} INFO - Processing /home/kai/airflow/dags/taskflow_and_operators_interoperating.py took 0.096 seconds
[2024-03-14T08:07:44.599+0530] {processor.py:161} INFO - Started process (PID=309873) to work on /home/kai/airflow/dags/taskflow_and_operators_interoperating.py
[2024-03-14T08:07:44.602+0530] {processor.py:830} INFO - Processing file /home/kai/airflow/dags/taskflow_and_operators_interoperating.py for tasks to queue
[2024-03-14T08:07:44.603+0530] {logging_mixin.py:188} INFO - [2024-03-14T08:07:44.603+0530] {dagbag.py:540} INFO - Filling up the DagBag from /home/kai/airflow/dags/taskflow_and_operators_interoperating.py
[2024-03-14T08:07:44.614+0530] {processor.py:840} INFO - DAG(s) 'taskflow_and_operators_interoperating' retrieved from /home/kai/airflow/dags/taskflow_and_operators_interoperating.py
[2024-03-14T08:07:44.634+0530] {logging_mixin.py:188} INFO - [2024-03-14T08:07:44.634+0530] {dag.py:3047} INFO - Sync 1 DAGs
[2024-03-14T08:07:44.651+0530] {logging_mixin.py:188} INFO - [2024-03-14T08:07:44.651+0530] {dag.py:3834} INFO - Setting next_dagrun for taskflow_and_operators_interoperating to 2024-03-13 00:00:00+00:00, run_after=2024-03-14 00:00:00+00:00
[2024-03-14T08:07:44.684+0530] {processor.py:183} INFO - Processing /home/kai/airflow/dags/taskflow_and_operators_interoperating.py took 0.088 seconds
[2024-03-14T08:08:15.488+0530] {processor.py:161} INFO - Started process (PID=309924) to work on /home/kai/airflow/dags/taskflow_and_operators_interoperating.py
[2024-03-14T08:08:15.490+0530] {processor.py:830} INFO - Processing file /home/kai/airflow/dags/taskflow_and_operators_interoperating.py for tasks to queue
[2024-03-14T08:08:15.491+0530] {logging_mixin.py:188} INFO - [2024-03-14T08:08:15.491+0530] {dagbag.py:540} INFO - Filling up the DagBag from /home/kai/airflow/dags/taskflow_and_operators_interoperating.py
[2024-03-14T08:08:15.505+0530] {processor.py:840} INFO - DAG(s) 'taskflow_and_operators_interoperating' retrieved from /home/kai/airflow/dags/taskflow_and_operators_interoperating.py
[2024-03-14T08:08:15.525+0530] {logging_mixin.py:188} INFO - [2024-03-14T08:08:15.525+0530] {dag.py:3047} INFO - Sync 1 DAGs
[2024-03-14T08:08:15.545+0530] {logging_mixin.py:188} INFO - [2024-03-14T08:08:15.545+0530] {dag.py:3834} INFO - Setting next_dagrun for taskflow_and_operators_interoperating to 2024-03-13 00:00:00+00:00, run_after=2024-03-14 00:00:00+00:00
[2024-03-14T08:08:15.601+0530] {processor.py:183} INFO - Processing /home/kai/airflow/dags/taskflow_and_operators_interoperating.py took 0.117 seconds
[2024-03-14T08:08:46.087+0530] {processor.py:161} INFO - Started process (PID=309976) to work on /home/kai/airflow/dags/taskflow_and_operators_interoperating.py
[2024-03-14T08:08:46.090+0530] {processor.py:830} INFO - Processing file /home/kai/airflow/dags/taskflow_and_operators_interoperating.py for tasks to queue
[2024-03-14T08:08:46.092+0530] {logging_mixin.py:188} INFO - [2024-03-14T08:08:46.091+0530] {dagbag.py:540} INFO - Filling up the DagBag from /home/kai/airflow/dags/taskflow_and_operators_interoperating.py
[2024-03-14T08:08:46.103+0530] {processor.py:840} INFO - DAG(s) 'taskflow_and_operators_interoperating' retrieved from /home/kai/airflow/dags/taskflow_and_operators_interoperating.py
[2024-03-14T08:08:46.126+0530] {logging_mixin.py:188} INFO - [2024-03-14T08:08:46.125+0530] {dag.py:3047} INFO - Sync 1 DAGs
[2024-03-14T08:08:46.146+0530] {logging_mixin.py:188} INFO - [2024-03-14T08:08:46.146+0530] {dag.py:3834} INFO - Setting next_dagrun for taskflow_and_operators_interoperating to 2024-03-13 00:00:00+00:00, run_after=2024-03-14 00:00:00+00:00
[2024-03-14T08:08:46.190+0530] {processor.py:183} INFO - Processing /home/kai/airflow/dags/taskflow_and_operators_interoperating.py took 0.108 seconds
[2024-03-14T08:09:17.142+0530] {processor.py:161} INFO - Started process (PID=310028) to work on /home/kai/airflow/dags/taskflow_and_operators_interoperating.py
[2024-03-14T08:09:17.145+0530] {processor.py:830} INFO - Processing file /home/kai/airflow/dags/taskflow_and_operators_interoperating.py for tasks to queue
[2024-03-14T08:09:17.146+0530] {logging_mixin.py:188} INFO - [2024-03-14T08:09:17.145+0530] {dagbag.py:540} INFO - Filling up the DagBag from /home/kai/airflow/dags/taskflow_and_operators_interoperating.py
[2024-03-14T08:09:17.158+0530] {processor.py:840} INFO - DAG(s) 'taskflow_and_operators_interoperating' retrieved from /home/kai/airflow/dags/taskflow_and_operators_interoperating.py
[2024-03-14T08:09:17.178+0530] {logging_mixin.py:188} INFO - [2024-03-14T08:09:17.178+0530] {dag.py:3047} INFO - Sync 1 DAGs
[2024-03-14T08:09:17.202+0530] {logging_mixin.py:188} INFO - [2024-03-14T08:09:17.202+0530] {dag.py:3834} INFO - Setting next_dagrun for taskflow_and_operators_interoperating to 2024-03-13 00:00:00+00:00, run_after=2024-03-14 00:00:00+00:00
[2024-03-14T08:09:17.239+0530] {processor.py:183} INFO - Processing /home/kai/airflow/dags/taskflow_and_operators_interoperating.py took 0.101 seconds
[2024-03-14T08:09:48.220+0530] {processor.py:161} INFO - Started process (PID=310079) to work on /home/kai/airflow/dags/taskflow_and_operators_interoperating.py
[2024-03-14T08:09:48.222+0530] {processor.py:830} INFO - Processing file /home/kai/airflow/dags/taskflow_and_operators_interoperating.py for tasks to queue
[2024-03-14T08:09:48.223+0530] {logging_mixin.py:188} INFO - [2024-03-14T08:09:48.223+0530] {dagbag.py:540} INFO - Filling up the DagBag from /home/kai/airflow/dags/taskflow_and_operators_interoperating.py
[2024-03-14T08:09:48.234+0530] {processor.py:840} INFO - DAG(s) 'taskflow_and_operators_interoperating' retrieved from /home/kai/airflow/dags/taskflow_and_operators_interoperating.py
[2024-03-14T08:09:48.256+0530] {logging_mixin.py:188} INFO - [2024-03-14T08:09:48.256+0530] {dag.py:3047} INFO - Sync 1 DAGs
[2024-03-14T08:09:48.273+0530] {logging_mixin.py:188} INFO - [2024-03-14T08:09:48.273+0530] {dag.py:3834} INFO - Setting next_dagrun for taskflow_and_operators_interoperating to 2024-03-13 00:00:00+00:00, run_after=2024-03-14 00:00:00+00:00
[2024-03-14T08:09:48.316+0530] {processor.py:183} INFO - Processing /home/kai/airflow/dags/taskflow_and_operators_interoperating.py took 0.100 seconds
[2024-03-14T08:10:19.431+0530] {processor.py:161} INFO - Started process (PID=310134) to work on /home/kai/airflow/dags/taskflow_and_operators_interoperating.py
[2024-03-14T08:10:19.432+0530] {processor.py:830} INFO - Processing file /home/kai/airflow/dags/taskflow_and_operators_interoperating.py for tasks to queue
[2024-03-14T08:10:19.434+0530] {logging_mixin.py:188} INFO - [2024-03-14T08:10:19.433+0530] {dagbag.py:540} INFO - Filling up the DagBag from /home/kai/airflow/dags/taskflow_and_operators_interoperating.py
[2024-03-14T08:10:19.447+0530] {processor.py:840} INFO - DAG(s) 'taskflow_and_operators_interoperating' retrieved from /home/kai/airflow/dags/taskflow_and_operators_interoperating.py
[2024-03-14T08:10:19.467+0530] {logging_mixin.py:188} INFO - [2024-03-14T08:10:19.467+0530] {dag.py:3047} INFO - Sync 1 DAGs
[2024-03-14T08:10:19.485+0530] {logging_mixin.py:188} INFO - [2024-03-14T08:10:19.485+0530] {dag.py:3834} INFO - Setting next_dagrun for taskflow_and_operators_interoperating to 2024-03-13 00:00:00+00:00, run_after=2024-03-14 00:00:00+00:00
[2024-03-14T08:10:19.519+0530] {processor.py:183} INFO - Processing /home/kai/airflow/dags/taskflow_and_operators_interoperating.py took 0.093 seconds
[2024-03-14T08:10:50.554+0530] {processor.py:161} INFO - Started process (PID=310185) to work on /home/kai/airflow/dags/taskflow_and_operators_interoperating.py
[2024-03-14T08:10:50.558+0530] {processor.py:830} INFO - Processing file /home/kai/airflow/dags/taskflow_and_operators_interoperating.py for tasks to queue
[2024-03-14T08:10:50.559+0530] {logging_mixin.py:188} INFO - [2024-03-14T08:10:50.559+0530] {dagbag.py:540} INFO - Filling up the DagBag from /home/kai/airflow/dags/taskflow_and_operators_interoperating.py
[2024-03-14T08:10:50.570+0530] {processor.py:840} INFO - DAG(s) 'taskflow_and_operators_interoperating' retrieved from /home/kai/airflow/dags/taskflow_and_operators_interoperating.py
[2024-03-14T08:10:50.597+0530] {logging_mixin.py:188} INFO - [2024-03-14T08:10:50.596+0530] {dag.py:3047} INFO - Sync 1 DAGs
[2024-03-14T08:10:50.624+0530] {logging_mixin.py:188} INFO - [2024-03-14T08:10:50.623+0530] {dag.py:3834} INFO - Setting next_dagrun for taskflow_and_operators_interoperating to 2024-03-13 00:00:00+00:00, run_after=2024-03-14 00:00:00+00:00
[2024-03-14T08:10:50.662+0530] {processor.py:183} INFO - Processing /home/kai/airflow/dags/taskflow_and_operators_interoperating.py took 0.111 seconds
[2024-03-14T08:11:21.670+0530] {processor.py:161} INFO - Started process (PID=310239) to work on /home/kai/airflow/dags/taskflow_and_operators_interoperating.py
[2024-03-14T08:11:21.673+0530] {processor.py:830} INFO - Processing file /home/kai/airflow/dags/taskflow_and_operators_interoperating.py for tasks to queue
[2024-03-14T08:11:21.674+0530] {logging_mixin.py:188} INFO - [2024-03-14T08:11:21.674+0530] {dagbag.py:540} INFO - Filling up the DagBag from /home/kai/airflow/dags/taskflow_and_operators_interoperating.py
[2024-03-14T08:11:21.688+0530] {processor.py:840} INFO - DAG(s) 'taskflow_and_operators_interoperating' retrieved from /home/kai/airflow/dags/taskflow_and_operators_interoperating.py
[2024-03-14T08:11:21.712+0530] {logging_mixin.py:188} INFO - [2024-03-14T08:11:21.711+0530] {dag.py:3047} INFO - Sync 1 DAGs
[2024-03-14T08:11:21.731+0530] {logging_mixin.py:188} INFO - [2024-03-14T08:11:21.731+0530] {dag.py:3834} INFO - Setting next_dagrun for taskflow_and_operators_interoperating to 2024-03-13 00:00:00+00:00, run_after=2024-03-14 00:00:00+00:00
[2024-03-14T08:11:21.773+0530] {processor.py:183} INFO - Processing /home/kai/airflow/dags/taskflow_and_operators_interoperating.py took 0.107 seconds
[2024-03-14T08:11:52.867+0530] {processor.py:161} INFO - Started process (PID=310290) to work on /home/kai/airflow/dags/taskflow_and_operators_interoperating.py
[2024-03-14T08:11:52.868+0530] {processor.py:830} INFO - Processing file /home/kai/airflow/dags/taskflow_and_operators_interoperating.py for tasks to queue
[2024-03-14T08:11:52.869+0530] {logging_mixin.py:188} INFO - [2024-03-14T08:11:52.869+0530] {dagbag.py:540} INFO - Filling up the DagBag from /home/kai/airflow/dags/taskflow_and_operators_interoperating.py
[2024-03-14T08:11:52.882+0530] {processor.py:840} INFO - DAG(s) 'taskflow_and_operators_interoperating' retrieved from /home/kai/airflow/dags/taskflow_and_operators_interoperating.py
[2024-03-14T08:11:52.904+0530] {logging_mixin.py:188} INFO - [2024-03-14T08:11:52.904+0530] {dag.py:3047} INFO - Sync 1 DAGs
[2024-03-14T08:11:52.926+0530] {logging_mixin.py:188} INFO - [2024-03-14T08:11:52.926+0530] {dag.py:3834} INFO - Setting next_dagrun for taskflow_and_operators_interoperating to 2024-03-13 00:00:00+00:00, run_after=2024-03-14 00:00:00+00:00
[2024-03-14T08:11:52.964+0530] {processor.py:183} INFO - Processing /home/kai/airflow/dags/taskflow_and_operators_interoperating.py took 0.100 seconds
[2024-03-14T08:12:23.762+0530] {processor.py:161} INFO - Started process (PID=310342) to work on /home/kai/airflow/dags/taskflow_and_operators_interoperating.py
[2024-03-14T08:12:23.763+0530] {processor.py:830} INFO - Processing file /home/kai/airflow/dags/taskflow_and_operators_interoperating.py for tasks to queue
[2024-03-14T08:12:23.764+0530] {logging_mixin.py:188} INFO - [2024-03-14T08:12:23.764+0530] {dagbag.py:540} INFO - Filling up the DagBag from /home/kai/airflow/dags/taskflow_and_operators_interoperating.py
[2024-03-14T08:12:23.775+0530] {processor.py:840} INFO - DAG(s) 'taskflow_and_operators_interoperating' retrieved from /home/kai/airflow/dags/taskflow_and_operators_interoperating.py
[2024-03-14T08:12:23.795+0530] {logging_mixin.py:188} INFO - [2024-03-14T08:12:23.795+0530] {dag.py:3047} INFO - Sync 1 DAGs
[2024-03-14T08:12:23.812+0530] {logging_mixin.py:188} INFO - [2024-03-14T08:12:23.812+0530] {dag.py:3834} INFO - Setting next_dagrun for taskflow_and_operators_interoperating to 2024-03-13 00:00:00+00:00, run_after=2024-03-14 00:00:00+00:00
[2024-03-14T08:12:23.851+0530] {processor.py:183} INFO - Processing /home/kai/airflow/dags/taskflow_and_operators_interoperating.py took 0.092 seconds
[2024-03-14T08:12:54.884+0530] {processor.py:161} INFO - Started process (PID=310395) to work on /home/kai/airflow/dags/taskflow_and_operators_interoperating.py
[2024-03-14T08:12:54.885+0530] {processor.py:830} INFO - Processing file /home/kai/airflow/dags/taskflow_and_operators_interoperating.py for tasks to queue
[2024-03-14T08:12:54.886+0530] {logging_mixin.py:188} INFO - [2024-03-14T08:12:54.886+0530] {dagbag.py:540} INFO - Filling up the DagBag from /home/kai/airflow/dags/taskflow_and_operators_interoperating.py
[2024-03-14T08:12:54.898+0530] {processor.py:840} INFO - DAG(s) 'taskflow_and_operators_interoperating' retrieved from /home/kai/airflow/dags/taskflow_and_operators_interoperating.py
[2024-03-14T08:12:54.917+0530] {logging_mixin.py:188} INFO - [2024-03-14T08:12:54.917+0530] {dag.py:3047} INFO - Sync 1 DAGs
[2024-03-14T08:12:54.936+0530] {logging_mixin.py:188} INFO - [2024-03-14T08:12:54.936+0530] {dag.py:3834} INFO - Setting next_dagrun for taskflow_and_operators_interoperating to 2024-03-13 00:00:00+00:00, run_after=2024-03-14 00:00:00+00:00
[2024-03-14T08:12:54.974+0530] {processor.py:183} INFO - Processing /home/kai/airflow/dags/taskflow_and_operators_interoperating.py took 0.094 seconds
[2024-03-14T08:13:25.702+0530] {processor.py:161} INFO - Started process (PID=310447) to work on /home/kai/airflow/dags/taskflow_and_operators_interoperating.py
[2024-03-14T08:13:25.705+0530] {processor.py:830} INFO - Processing file /home/kai/airflow/dags/taskflow_and_operators_interoperating.py for tasks to queue
[2024-03-14T08:13:25.706+0530] {logging_mixin.py:188} INFO - [2024-03-14T08:13:25.705+0530] {dagbag.py:540} INFO - Filling up the DagBag from /home/kai/airflow/dags/taskflow_and_operators_interoperating.py
[2024-03-14T08:13:25.718+0530] {processor.py:840} INFO - DAG(s) 'taskflow_and_operators_interoperating' retrieved from /home/kai/airflow/dags/taskflow_and_operators_interoperating.py
[2024-03-14T08:13:25.738+0530] {logging_mixin.py:188} INFO - [2024-03-14T08:13:25.737+0530] {dag.py:3047} INFO - Sync 1 DAGs
[2024-03-14T08:13:25.755+0530] {logging_mixin.py:188} INFO - [2024-03-14T08:13:25.754+0530] {dag.py:3834} INFO - Setting next_dagrun for taskflow_and_operators_interoperating to 2024-03-13 00:00:00+00:00, run_after=2024-03-14 00:00:00+00:00
[2024-03-14T08:13:25.791+0530] {processor.py:183} INFO - Processing /home/kai/airflow/dags/taskflow_and_operators_interoperating.py took 0.093 seconds
[2024-03-14T08:13:56.325+0530] {processor.py:161} INFO - Started process (PID=310499) to work on /home/kai/airflow/dags/taskflow_and_operators_interoperating.py
[2024-03-14T08:13:56.328+0530] {processor.py:830} INFO - Processing file /home/kai/airflow/dags/taskflow_and_operators_interoperating.py for tasks to queue
[2024-03-14T08:13:56.329+0530] {logging_mixin.py:188} INFO - [2024-03-14T08:13:56.328+0530] {dagbag.py:540} INFO - Filling up the DagBag from /home/kai/airflow/dags/taskflow_and_operators_interoperating.py
[2024-03-14T08:13:56.339+0530] {processor.py:840} INFO - DAG(s) 'taskflow_and_operators_interoperating' retrieved from /home/kai/airflow/dags/taskflow_and_operators_interoperating.py
[2024-03-14T08:13:56.359+0530] {logging_mixin.py:188} INFO - [2024-03-14T08:13:56.358+0530] {dag.py:3047} INFO - Sync 1 DAGs
[2024-03-14T08:13:56.376+0530] {logging_mixin.py:188} INFO - [2024-03-14T08:13:56.375+0530] {dag.py:3834} INFO - Setting next_dagrun for taskflow_and_operators_interoperating to 2024-03-13 00:00:00+00:00, run_after=2024-03-14 00:00:00+00:00
[2024-03-14T08:13:56.416+0530] {processor.py:183} INFO - Processing /home/kai/airflow/dags/taskflow_and_operators_interoperating.py took 0.095 seconds
[2024-03-14T08:14:26.944+0530] {processor.py:161} INFO - Started process (PID=310550) to work on /home/kai/airflow/dags/taskflow_and_operators_interoperating.py
[2024-03-14T08:14:26.947+0530] {processor.py:830} INFO - Processing file /home/kai/airflow/dags/taskflow_and_operators_interoperating.py for tasks to queue
[2024-03-14T08:14:26.948+0530] {logging_mixin.py:188} INFO - [2024-03-14T08:14:26.948+0530] {dagbag.py:540} INFO - Filling up the DagBag from /home/kai/airflow/dags/taskflow_and_operators_interoperating.py
[2024-03-14T08:14:26.960+0530] {processor.py:840} INFO - DAG(s) 'taskflow_and_operators_interoperating' retrieved from /home/kai/airflow/dags/taskflow_and_operators_interoperating.py
[2024-03-14T08:14:26.979+0530] {logging_mixin.py:188} INFO - [2024-03-14T08:14:26.979+0530] {dag.py:3047} INFO - Sync 1 DAGs
[2024-03-14T08:14:26.996+0530] {logging_mixin.py:188} INFO - [2024-03-14T08:14:26.996+0530] {dag.py:3834} INFO - Setting next_dagrun for taskflow_and_operators_interoperating to 2024-03-13 00:00:00+00:00, run_after=2024-03-14 00:00:00+00:00
[2024-03-14T08:14:27.033+0530] {processor.py:183} INFO - Processing /home/kai/airflow/dags/taskflow_and_operators_interoperating.py took 0.093 seconds
[2024-03-14T08:14:57.657+0530] {processor.py:161} INFO - Started process (PID=310602) to work on /home/kai/airflow/dags/taskflow_and_operators_interoperating.py
[2024-03-14T08:14:57.661+0530] {processor.py:830} INFO - Processing file /home/kai/airflow/dags/taskflow_and_operators_interoperating.py for tasks to queue
[2024-03-14T08:14:57.662+0530] {logging_mixin.py:188} INFO - [2024-03-14T08:14:57.662+0530] {dagbag.py:540} INFO - Filling up the DagBag from /home/kai/airflow/dags/taskflow_and_operators_interoperating.py
[2024-03-14T08:14:57.673+0530] {processor.py:840} INFO - DAG(s) 'taskflow_and_operators_interoperating' retrieved from /home/kai/airflow/dags/taskflow_and_operators_interoperating.py
[2024-03-14T08:14:57.693+0530] {logging_mixin.py:188} INFO - [2024-03-14T08:14:57.693+0530] {dag.py:3047} INFO - Sync 1 DAGs
[2024-03-14T08:14:57.710+0530] {logging_mixin.py:188} INFO - [2024-03-14T08:14:57.710+0530] {dag.py:3834} INFO - Setting next_dagrun for taskflow_and_operators_interoperating to 2024-03-13 00:00:00+00:00, run_after=2024-03-14 00:00:00+00:00
[2024-03-14T08:14:57.742+0530] {processor.py:183} INFO - Processing /home/kai/airflow/dags/taskflow_and_operators_interoperating.py took 0.088 seconds
[2024-03-14T08:15:28.389+0530] {processor.py:161} INFO - Started process (PID=310656) to work on /home/kai/airflow/dags/taskflow_and_operators_interoperating.py
[2024-03-14T08:15:28.393+0530] {processor.py:830} INFO - Processing file /home/kai/airflow/dags/taskflow_and_operators_interoperating.py for tasks to queue
[2024-03-14T08:15:28.394+0530] {logging_mixin.py:188} INFO - [2024-03-14T08:15:28.394+0530] {dagbag.py:540} INFO - Filling up the DagBag from /home/kai/airflow/dags/taskflow_and_operators_interoperating.py
[2024-03-14T08:15:28.406+0530] {processor.py:840} INFO - DAG(s) 'taskflow_and_operators_interoperating' retrieved from /home/kai/airflow/dags/taskflow_and_operators_interoperating.py
[2024-03-14T08:15:28.426+0530] {logging_mixin.py:188} INFO - [2024-03-14T08:15:28.426+0530] {dag.py:3047} INFO - Sync 1 DAGs
[2024-03-14T08:15:28.443+0530] {logging_mixin.py:188} INFO - [2024-03-14T08:15:28.442+0530] {dag.py:3834} INFO - Setting next_dagrun for taskflow_and_operators_interoperating to 2024-03-13 00:00:00+00:00, run_after=2024-03-14 00:00:00+00:00
[2024-03-14T08:15:28.480+0530] {processor.py:183} INFO - Processing /home/kai/airflow/dags/taskflow_and_operators_interoperating.py took 0.095 seconds
[2024-03-14T08:15:59.046+0530] {processor.py:161} INFO - Started process (PID=310710) to work on /home/kai/airflow/dags/taskflow_and_operators_interoperating.py
[2024-03-14T08:15:59.050+0530] {processor.py:830} INFO - Processing file /home/kai/airflow/dags/taskflow_and_operators_interoperating.py for tasks to queue
[2024-03-14T08:15:59.051+0530] {logging_mixin.py:188} INFO - [2024-03-14T08:15:59.051+0530] {dagbag.py:540} INFO - Filling up the DagBag from /home/kai/airflow/dags/taskflow_and_operators_interoperating.py
[2024-03-14T08:15:59.062+0530] {processor.py:840} INFO - DAG(s) 'taskflow_and_operators_interoperating' retrieved from /home/kai/airflow/dags/taskflow_and_operators_interoperating.py
[2024-03-14T08:15:59.082+0530] {logging_mixin.py:188} INFO - [2024-03-14T08:15:59.082+0530] {dag.py:3047} INFO - Sync 1 DAGs
[2024-03-14T08:15:59.099+0530] {logging_mixin.py:188} INFO - [2024-03-14T08:15:59.098+0530] {dag.py:3834} INFO - Setting next_dagrun for taskflow_and_operators_interoperating to 2024-03-13 00:00:00+00:00, run_after=2024-03-14 00:00:00+00:00
[2024-03-14T08:15:59.132+0530] {processor.py:183} INFO - Processing /home/kai/airflow/dags/taskflow_and_operators_interoperating.py took 0.090 seconds
[2024-03-14T08:16:29.722+0530] {processor.py:161} INFO - Started process (PID=310761) to work on /home/kai/airflow/dags/taskflow_and_operators_interoperating.py
[2024-03-14T08:16:29.725+0530] {processor.py:830} INFO - Processing file /home/kai/airflow/dags/taskflow_and_operators_interoperating.py for tasks to queue
[2024-03-14T08:16:29.726+0530] {logging_mixin.py:188} INFO - [2024-03-14T08:16:29.725+0530] {dagbag.py:540} INFO - Filling up the DagBag from /home/kai/airflow/dags/taskflow_and_operators_interoperating.py
[2024-03-14T08:16:29.737+0530] {processor.py:840} INFO - DAG(s) 'taskflow_and_operators_interoperating' retrieved from /home/kai/airflow/dags/taskflow_and_operators_interoperating.py
[2024-03-14T08:16:29.756+0530] {logging_mixin.py:188} INFO - [2024-03-14T08:16:29.756+0530] {dag.py:3047} INFO - Sync 1 DAGs
[2024-03-14T08:16:29.773+0530] {logging_mixin.py:188} INFO - [2024-03-14T08:16:29.772+0530] {dag.py:3834} INFO - Setting next_dagrun for taskflow_and_operators_interoperating to 2024-03-13 00:00:00+00:00, run_after=2024-03-14 00:00:00+00:00
[2024-03-14T08:16:29.813+0530] {processor.py:183} INFO - Processing /home/kai/airflow/dags/taskflow_and_operators_interoperating.py took 0.095 seconds
