[2024-03-14T07:42:34.231+0530] {processor.py:161} INFO - Started process (PID=307288) to work on /home/kai/airflow/dags/taskflow_branching_operators_dag.py
[2024-03-14T07:42:34.232+0530] {processor.py:830} INFO - Processing file /home/kai/airflow/dags/taskflow_branching_operators_dag.py for tasks to queue
[2024-03-14T07:42:34.233+0530] {logging_mixin.py:188} INFO - [2024-03-14T07:42:34.233+0530] {dagbag.py:540} INFO - Filling up the DagBag from /home/kai/airflow/dags/taskflow_branching_operators_dag.py
[2024-03-14T07:42:34.707+0530] {processor.py:840} INFO - DAG(s) 'taskflow_branching_operators_dag' retrieved from /home/kai/airflow/dags/taskflow_branching_operators_dag.py
[2024-03-14T07:42:34.788+0530] {logging_mixin.py:188} INFO - [2024-03-14T07:42:34.787+0530] {dag.py:3047} INFO - Sync 1 DAGs
[2024-03-14T07:42:34.804+0530] {logging_mixin.py:188} INFO - [2024-03-14T07:42:34.803+0530] {dag.py:3834} INFO - Setting next_dagrun for taskflow_branching_operators_dag to 2024-03-13 00:00:00+00:00, run_after=2024-03-14 00:00:00+00:00
[2024-03-14T07:42:34.843+0530] {processor.py:183} INFO - Processing /home/kai/airflow/dags/taskflow_branching_operators_dag.py took 0.615 seconds
[2024-03-14T07:43:05.988+0530] {processor.py:161} INFO - Started process (PID=307344) to work on /home/kai/airflow/dags/taskflow_branching_operators_dag.py
[2024-03-14T07:43:05.989+0530] {processor.py:830} INFO - Processing file /home/kai/airflow/dags/taskflow_branching_operators_dag.py for tasks to queue
[2024-03-14T07:43:05.990+0530] {logging_mixin.py:188} INFO - [2024-03-14T07:43:05.989+0530] {dagbag.py:540} INFO - Filling up the DagBag from /home/kai/airflow/dags/taskflow_branching_operators_dag.py
[2024-03-14T07:43:06.389+0530] {processor.py:840} INFO - DAG(s) 'taskflow_branching_operators_dag' retrieved from /home/kai/airflow/dags/taskflow_branching_operators_dag.py
[2024-03-14T07:43:06.407+0530] {logging_mixin.py:188} INFO - [2024-03-14T07:43:06.406+0530] {dag.py:3047} INFO - Sync 1 DAGs
[2024-03-14T07:43:06.424+0530] {logging_mixin.py:188} INFO - [2024-03-14T07:43:06.424+0530] {dag.py:3834} INFO - Setting next_dagrun for taskflow_branching_operators_dag to 2024-03-13 00:00:00+00:00, run_after=2024-03-14 00:00:00+00:00
[2024-03-14T07:43:06.458+0530] {processor.py:183} INFO - Processing /home/kai/airflow/dags/taskflow_branching_operators_dag.py took 0.473 seconds
[2024-03-14T07:43:37.334+0530] {processor.py:161} INFO - Started process (PID=307401) to work on /home/kai/airflow/dags/taskflow_branching_operators_dag.py
[2024-03-14T07:43:37.337+0530] {processor.py:830} INFO - Processing file /home/kai/airflow/dags/taskflow_branching_operators_dag.py for tasks to queue
[2024-03-14T07:43:37.338+0530] {logging_mixin.py:188} INFO - [2024-03-14T07:43:37.338+0530] {dagbag.py:540} INFO - Filling up the DagBag from /home/kai/airflow/dags/taskflow_branching_operators_dag.py
[2024-03-14T07:43:37.740+0530] {processor.py:840} INFO - DAG(s) 'taskflow_branching_operators_dag' retrieved from /home/kai/airflow/dags/taskflow_branching_operators_dag.py
[2024-03-14T07:43:37.755+0530] {logging_mixin.py:188} INFO - [2024-03-14T07:43:37.754+0530] {dag.py:3047} INFO - Sync 1 DAGs
[2024-03-14T07:43:37.771+0530] {logging_mixin.py:188} INFO - [2024-03-14T07:43:37.771+0530] {dag.py:3834} INFO - Setting next_dagrun for taskflow_branching_operators_dag to 2024-03-13 00:00:00+00:00, run_after=2024-03-14 00:00:00+00:00
[2024-03-14T07:43:37.802+0530] {processor.py:183} INFO - Processing /home/kai/airflow/dags/taskflow_branching_operators_dag.py took 0.471 seconds
[2024-03-14T07:44:08.537+0530] {processor.py:161} INFO - Started process (PID=307452) to work on /home/kai/airflow/dags/taskflow_branching_operators_dag.py
[2024-03-14T07:44:08.542+0530] {processor.py:830} INFO - Processing file /home/kai/airflow/dags/taskflow_branching_operators_dag.py for tasks to queue
[2024-03-14T07:44:08.543+0530] {logging_mixin.py:188} INFO - [2024-03-14T07:44:08.542+0530] {dagbag.py:540} INFO - Filling up the DagBag from /home/kai/airflow/dags/taskflow_branching_operators_dag.py
[2024-03-14T07:44:08.945+0530] {processor.py:840} INFO - DAG(s) 'taskflow_branching_operators_dag' retrieved from /home/kai/airflow/dags/taskflow_branching_operators_dag.py
[2024-03-14T07:44:08.962+0530] {logging_mixin.py:188} INFO - [2024-03-14T07:44:08.962+0530] {dag.py:3047} INFO - Sync 1 DAGs
[2024-03-14T07:44:08.979+0530] {logging_mixin.py:188} INFO - [2024-03-14T07:44:08.978+0530] {dag.py:3834} INFO - Setting next_dagrun for taskflow_branching_operators_dag to 2024-03-13 00:00:00+00:00, run_after=2024-03-14 00:00:00+00:00
[2024-03-14T07:44:09.014+0530] {processor.py:183} INFO - Processing /home/kai/airflow/dags/taskflow_branching_operators_dag.py took 0.480 seconds
[2024-03-14T07:44:39.278+0530] {processor.py:161} INFO - Started process (PID=307504) to work on /home/kai/airflow/dags/taskflow_branching_operators_dag.py
[2024-03-14T07:44:39.281+0530] {processor.py:830} INFO - Processing file /home/kai/airflow/dags/taskflow_branching_operators_dag.py for tasks to queue
[2024-03-14T07:44:39.282+0530] {logging_mixin.py:188} INFO - [2024-03-14T07:44:39.282+0530] {dagbag.py:540} INFO - Filling up the DagBag from /home/kai/airflow/dags/taskflow_branching_operators_dag.py
[2024-03-14T07:44:39.681+0530] {processor.py:840} INFO - DAG(s) 'taskflow_branching_operators_dag' retrieved from /home/kai/airflow/dags/taskflow_branching_operators_dag.py
[2024-03-14T07:44:39.697+0530] {logging_mixin.py:188} INFO - [2024-03-14T07:44:39.697+0530] {dag.py:3047} INFO - Sync 1 DAGs
[2024-03-14T07:44:39.713+0530] {logging_mixin.py:188} INFO - [2024-03-14T07:44:39.712+0530] {dag.py:3834} INFO - Setting next_dagrun for taskflow_branching_operators_dag to 2024-03-13 00:00:00+00:00, run_after=2024-03-14 00:00:00+00:00
[2024-03-14T07:44:39.746+0530] {processor.py:183} INFO - Processing /home/kai/airflow/dags/taskflow_branching_operators_dag.py took 0.471 seconds
[2024-03-14T07:45:09.992+0530] {processor.py:161} INFO - Started process (PID=307560) to work on /home/kai/airflow/dags/taskflow_branching_operators_dag.py
[2024-03-14T07:45:09.995+0530] {processor.py:830} INFO - Processing file /home/kai/airflow/dags/taskflow_branching_operators_dag.py for tasks to queue
[2024-03-14T07:45:09.996+0530] {logging_mixin.py:188} INFO - [2024-03-14T07:45:09.995+0530] {dagbag.py:540} INFO - Filling up the DagBag from /home/kai/airflow/dags/taskflow_branching_operators_dag.py
[2024-03-14T07:45:10.397+0530] {processor.py:840} INFO - DAG(s) 'taskflow_branching_operators_dag' retrieved from /home/kai/airflow/dags/taskflow_branching_operators_dag.py
[2024-03-14T07:45:10.411+0530] {logging_mixin.py:188} INFO - [2024-03-14T07:45:10.411+0530] {dag.py:3047} INFO - Sync 1 DAGs
[2024-03-14T07:45:10.428+0530] {logging_mixin.py:188} INFO - [2024-03-14T07:45:10.427+0530] {dag.py:3834} INFO - Setting next_dagrun for taskflow_branching_operators_dag to 2024-03-13 00:00:00+00:00, run_after=2024-03-14 00:00:00+00:00
[2024-03-14T07:45:10.462+0530] {processor.py:183} INFO - Processing /home/kai/airflow/dags/taskflow_branching_operators_dag.py took 0.474 seconds
[2024-03-14T07:45:40.737+0530] {processor.py:161} INFO - Started process (PID=307612) to work on /home/kai/airflow/dags/taskflow_branching_operators_dag.py
[2024-03-14T07:45:40.742+0530] {processor.py:830} INFO - Processing file /home/kai/airflow/dags/taskflow_branching_operators_dag.py for tasks to queue
[2024-03-14T07:45:40.743+0530] {logging_mixin.py:188} INFO - [2024-03-14T07:45:40.742+0530] {dagbag.py:540} INFO - Filling up the DagBag from /home/kai/airflow/dags/taskflow_branching_operators_dag.py
[2024-03-14T07:45:41.146+0530] {processor.py:840} INFO - DAG(s) 'taskflow_branching_operators_dag' retrieved from /home/kai/airflow/dags/taskflow_branching_operators_dag.py
[2024-03-14T07:45:41.160+0530] {logging_mixin.py:188} INFO - [2024-03-14T07:45:41.160+0530] {dag.py:3047} INFO - Sync 1 DAGs
[2024-03-14T07:45:41.176+0530] {logging_mixin.py:188} INFO - [2024-03-14T07:45:41.176+0530] {dag.py:3834} INFO - Setting next_dagrun for taskflow_branching_operators_dag to 2024-03-13 00:00:00+00:00, run_after=2024-03-14 00:00:00+00:00
[2024-03-14T07:45:41.210+0530] {processor.py:183} INFO - Processing /home/kai/airflow/dags/taskflow_branching_operators_dag.py took 0.476 seconds
[2024-03-14T07:46:11.451+0530] {processor.py:161} INFO - Started process (PID=307665) to work on /home/kai/airflow/dags/taskflow_branching_operators_dag.py
[2024-03-14T07:46:11.455+0530] {processor.py:830} INFO - Processing file /home/kai/airflow/dags/taskflow_branching_operators_dag.py for tasks to queue
[2024-03-14T07:46:11.456+0530] {logging_mixin.py:188} INFO - [2024-03-14T07:46:11.456+0530] {dagbag.py:540} INFO - Filling up the DagBag from /home/kai/airflow/dags/taskflow_branching_operators_dag.py
[2024-03-14T07:46:11.858+0530] {processor.py:840} INFO - DAG(s) 'taskflow_branching_operators_dag' retrieved from /home/kai/airflow/dags/taskflow_branching_operators_dag.py
[2024-03-14T07:46:11.875+0530] {logging_mixin.py:188} INFO - [2024-03-14T07:46:11.875+0530] {dag.py:3047} INFO - Sync 1 DAGs
[2024-03-14T07:46:11.890+0530] {logging_mixin.py:188} INFO - [2024-03-14T07:46:11.890+0530] {dag.py:3834} INFO - Setting next_dagrun for taskflow_branching_operators_dag to 2024-03-13 00:00:00+00:00, run_after=2024-03-14 00:00:00+00:00
[2024-03-14T07:46:11.926+0530] {processor.py:183} INFO - Processing /home/kai/airflow/dags/taskflow_branching_operators_dag.py took 0.478 seconds
[2024-03-14T07:46:42.164+0530] {processor.py:161} INFO - Started process (PID=307717) to work on /home/kai/airflow/dags/taskflow_branching_operators_dag.py
[2024-03-14T07:46:42.166+0530] {processor.py:830} INFO - Processing file /home/kai/airflow/dags/taskflow_branching_operators_dag.py for tasks to queue
[2024-03-14T07:46:42.167+0530] {logging_mixin.py:188} INFO - [2024-03-14T07:46:42.167+0530] {dagbag.py:540} INFO - Filling up the DagBag from /home/kai/airflow/dags/taskflow_branching_operators_dag.py
[2024-03-14T07:46:42.589+0530] {processor.py:840} INFO - DAG(s) 'taskflow_branching_operators_dag' retrieved from /home/kai/airflow/dags/taskflow_branching_operators_dag.py
[2024-03-14T07:46:42.606+0530] {logging_mixin.py:188} INFO - [2024-03-14T07:46:42.606+0530] {dag.py:3047} INFO - Sync 1 DAGs
[2024-03-14T07:46:42.625+0530] {logging_mixin.py:188} INFO - [2024-03-14T07:46:42.624+0530] {dag.py:3834} INFO - Setting next_dagrun for taskflow_branching_operators_dag to 2024-03-13 00:00:00+00:00, run_after=2024-03-14 00:00:00+00:00
[2024-03-14T07:46:42.662+0530] {processor.py:183} INFO - Processing /home/kai/airflow/dags/taskflow_branching_operators_dag.py took 0.501 seconds
[2024-03-14T07:47:12.817+0530] {processor.py:161} INFO - Started process (PID=307768) to work on /home/kai/airflow/dags/taskflow_branching_operators_dag.py
[2024-03-14T07:47:12.818+0530] {processor.py:830} INFO - Processing file /home/kai/airflow/dags/taskflow_branching_operators_dag.py for tasks to queue
[2024-03-14T07:47:12.818+0530] {logging_mixin.py:188} INFO - [2024-03-14T07:47:12.818+0530] {dagbag.py:540} INFO - Filling up the DagBag from /home/kai/airflow/dags/taskflow_branching_operators_dag.py
[2024-03-14T07:47:13.221+0530] {processor.py:840} INFO - DAG(s) 'taskflow_branching_operators_dag' retrieved from /home/kai/airflow/dags/taskflow_branching_operators_dag.py
[2024-03-14T07:47:13.236+0530] {logging_mixin.py:188} INFO - [2024-03-14T07:47:13.235+0530] {dag.py:3047} INFO - Sync 1 DAGs
[2024-03-14T07:47:13.251+0530] {logging_mixin.py:188} INFO - [2024-03-14T07:47:13.251+0530] {dag.py:3834} INFO - Setting next_dagrun for taskflow_branching_operators_dag to 2024-03-13 00:00:00+00:00, run_after=2024-03-14 00:00:00+00:00
[2024-03-14T07:47:13.304+0530] {processor.py:183} INFO - Processing /home/kai/airflow/dags/taskflow_branching_operators_dag.py took 0.491 seconds
[2024-03-14T07:47:43.342+0530] {processor.py:161} INFO - Started process (PID=307822) to work on /home/kai/airflow/dags/taskflow_branching_operators_dag.py
[2024-03-14T07:47:43.345+0530] {processor.py:830} INFO - Processing file /home/kai/airflow/dags/taskflow_branching_operators_dag.py for tasks to queue
[2024-03-14T07:47:43.346+0530] {logging_mixin.py:188} INFO - [2024-03-14T07:47:43.346+0530] {dagbag.py:540} INFO - Filling up the DagBag from /home/kai/airflow/dags/taskflow_branching_operators_dag.py
[2024-03-14T07:47:43.745+0530] {processor.py:840} INFO - DAG(s) 'taskflow_branching_operators_dag' retrieved from /home/kai/airflow/dags/taskflow_branching_operators_dag.py
[2024-03-14T07:47:43.761+0530] {logging_mixin.py:188} INFO - [2024-03-14T07:47:43.761+0530] {dag.py:3047} INFO - Sync 1 DAGs
[2024-03-14T07:47:43.776+0530] {logging_mixin.py:188} INFO - [2024-03-14T07:47:43.776+0530] {dag.py:3834} INFO - Setting next_dagrun for taskflow_branching_operators_dag to 2024-03-13 00:00:00+00:00, run_after=2024-03-14 00:00:00+00:00
[2024-03-14T07:47:43.809+0530] {processor.py:183} INFO - Processing /home/kai/airflow/dags/taskflow_branching_operators_dag.py took 0.470 seconds
[2024-03-14T07:48:14.193+0530] {processor.py:161} INFO - Started process (PID=307874) to work on /home/kai/airflow/dags/taskflow_branching_operators_dag.py
[2024-03-14T07:48:14.194+0530] {processor.py:830} INFO - Processing file /home/kai/airflow/dags/taskflow_branching_operators_dag.py for tasks to queue
[2024-03-14T07:48:14.195+0530] {logging_mixin.py:188} INFO - [2024-03-14T07:48:14.195+0530] {dagbag.py:540} INFO - Filling up the DagBag from /home/kai/airflow/dags/taskflow_branching_operators_dag.py
[2024-03-14T07:48:14.619+0530] {processor.py:840} INFO - DAG(s) 'taskflow_branching_operators_dag' retrieved from /home/kai/airflow/dags/taskflow_branching_operators_dag.py
[2024-03-14T07:48:14.635+0530] {logging_mixin.py:188} INFO - [2024-03-14T07:48:14.634+0530] {dag.py:3047} INFO - Sync 1 DAGs
[2024-03-14T07:48:14.651+0530] {logging_mixin.py:188} INFO - [2024-03-14T07:48:14.651+0530] {dag.py:3834} INFO - Setting next_dagrun for taskflow_branching_operators_dag to 2024-03-13 00:00:00+00:00, run_after=2024-03-14 00:00:00+00:00
[2024-03-14T07:48:14.692+0530] {processor.py:183} INFO - Processing /home/kai/airflow/dags/taskflow_branching_operators_dag.py took 0.502 seconds
[2024-03-14T07:48:45.014+0530] {processor.py:161} INFO - Started process (PID=307928) to work on /home/kai/airflow/dags/taskflow_branching_operators_dag.py
[2024-03-14T07:48:45.017+0530] {processor.py:830} INFO - Processing file /home/kai/airflow/dags/taskflow_branching_operators_dag.py for tasks to queue
[2024-03-14T07:48:45.018+0530] {logging_mixin.py:188} INFO - [2024-03-14T07:48:45.018+0530] {dagbag.py:540} INFO - Filling up the DagBag from /home/kai/airflow/dags/taskflow_branching_operators_dag.py
[2024-03-14T07:48:45.419+0530] {processor.py:840} INFO - DAG(s) 'taskflow_branching_operators_dag' retrieved from /home/kai/airflow/dags/taskflow_branching_operators_dag.py
[2024-03-14T07:48:45.435+0530] {logging_mixin.py:188} INFO - [2024-03-14T07:48:45.434+0530] {dag.py:3047} INFO - Sync 1 DAGs
[2024-03-14T07:48:45.451+0530] {logging_mixin.py:188} INFO - [2024-03-14T07:48:45.451+0530] {dag.py:3834} INFO - Setting next_dagrun for taskflow_branching_operators_dag to 2024-03-13 00:00:00+00:00, run_after=2024-03-14 00:00:00+00:00
[2024-03-14T07:48:45.491+0530] {processor.py:183} INFO - Processing /home/kai/airflow/dags/taskflow_branching_operators_dag.py took 0.481 seconds
[2024-03-14T07:49:15.732+0530] {processor.py:161} INFO - Started process (PID=307980) to work on /home/kai/airflow/dags/taskflow_branching_operators_dag.py
[2024-03-14T07:49:15.735+0530] {processor.py:830} INFO - Processing file /home/kai/airflow/dags/taskflow_branching_operators_dag.py for tasks to queue
[2024-03-14T07:49:15.736+0530] {logging_mixin.py:188} INFO - [2024-03-14T07:49:15.736+0530] {dagbag.py:540} INFO - Filling up the DagBag from /home/kai/airflow/dags/taskflow_branching_operators_dag.py
[2024-03-14T07:49:16.135+0530] {processor.py:840} INFO - DAG(s) 'taskflow_branching_operators_dag' retrieved from /home/kai/airflow/dags/taskflow_branching_operators_dag.py
[2024-03-14T07:49:16.150+0530] {logging_mixin.py:188} INFO - [2024-03-14T07:49:16.150+0530] {dag.py:3047} INFO - Sync 1 DAGs
[2024-03-14T07:49:16.166+0530] {logging_mixin.py:188} INFO - [2024-03-14T07:49:16.166+0530] {dag.py:3834} INFO - Setting next_dagrun for taskflow_branching_operators_dag to 2024-03-13 00:00:00+00:00, run_after=2024-03-14 00:00:00+00:00
[2024-03-14T07:49:16.201+0530] {processor.py:183} INFO - Processing /home/kai/airflow/dags/taskflow_branching_operators_dag.py took 0.472 seconds
[2024-03-14T07:49:46.447+0530] {processor.py:161} INFO - Started process (PID=308031) to work on /home/kai/airflow/dags/taskflow_branching_operators_dag.py
[2024-03-14T07:49:46.450+0530] {processor.py:830} INFO - Processing file /home/kai/airflow/dags/taskflow_branching_operators_dag.py for tasks to queue
[2024-03-14T07:49:46.451+0530] {logging_mixin.py:188} INFO - [2024-03-14T07:49:46.450+0530] {dagbag.py:540} INFO - Filling up the DagBag from /home/kai/airflow/dags/taskflow_branching_operators_dag.py
[2024-03-14T07:49:46.853+0530] {processor.py:840} INFO - DAG(s) 'taskflow_branching_operators_dag' retrieved from /home/kai/airflow/dags/taskflow_branching_operators_dag.py
[2024-03-14T07:49:46.869+0530] {logging_mixin.py:188} INFO - [2024-03-14T07:49:46.868+0530] {dag.py:3047} INFO - Sync 1 DAGs
[2024-03-14T07:49:46.884+0530] {logging_mixin.py:188} INFO - [2024-03-14T07:49:46.884+0530] {dag.py:3834} INFO - Setting next_dagrun for taskflow_branching_operators_dag to 2024-03-13 00:00:00+00:00, run_after=2024-03-14 00:00:00+00:00
[2024-03-14T07:49:46.917+0530] {processor.py:183} INFO - Processing /home/kai/airflow/dags/taskflow_branching_operators_dag.py took 0.474 seconds
[2024-03-14T07:50:17.280+0530] {processor.py:161} INFO - Started process (PID=308086) to work on /home/kai/airflow/dags/taskflow_branching_operators_dag.py
[2024-03-14T07:50:17.284+0530] {processor.py:830} INFO - Processing file /home/kai/airflow/dags/taskflow_branching_operators_dag.py for tasks to queue
[2024-03-14T07:50:17.285+0530] {logging_mixin.py:188} INFO - [2024-03-14T07:50:17.285+0530] {dagbag.py:540} INFO - Filling up the DagBag from /home/kai/airflow/dags/taskflow_branching_operators_dag.py
[2024-03-14T07:50:17.686+0530] {processor.py:840} INFO - DAG(s) 'taskflow_branching_operators_dag' retrieved from /home/kai/airflow/dags/taskflow_branching_operators_dag.py
[2024-03-14T07:50:17.701+0530] {logging_mixin.py:188} INFO - [2024-03-14T07:50:17.700+0530] {dag.py:3047} INFO - Sync 1 DAGs
[2024-03-14T07:50:17.716+0530] {logging_mixin.py:188} INFO - [2024-03-14T07:50:17.716+0530] {dag.py:3834} INFO - Setting next_dagrun for taskflow_branching_operators_dag to 2024-03-13 00:00:00+00:00, run_after=2024-03-14 00:00:00+00:00
[2024-03-14T07:50:17.752+0530] {processor.py:183} INFO - Processing /home/kai/airflow/dags/taskflow_branching_operators_dag.py took 0.476 seconds
[2024-03-14T07:50:48.100+0530] {processor.py:161} INFO - Started process (PID=308137) to work on /home/kai/airflow/dags/taskflow_branching_operators_dag.py
[2024-03-14T07:50:48.104+0530] {processor.py:830} INFO - Processing file /home/kai/airflow/dags/taskflow_branching_operators_dag.py for tasks to queue
[2024-03-14T07:50:48.105+0530] {logging_mixin.py:188} INFO - [2024-03-14T07:50:48.105+0530] {dagbag.py:540} INFO - Filling up the DagBag from /home/kai/airflow/dags/taskflow_branching_operators_dag.py
[2024-03-14T07:50:48.501+0530] {processor.py:840} INFO - DAG(s) 'taskflow_branching_operators_dag' retrieved from /home/kai/airflow/dags/taskflow_branching_operators_dag.py
[2024-03-14T07:50:48.516+0530] {logging_mixin.py:188} INFO - [2024-03-14T07:50:48.516+0530] {dag.py:3047} INFO - Sync 1 DAGs
[2024-03-14T07:50:48.532+0530] {logging_mixin.py:188} INFO - [2024-03-14T07:50:48.532+0530] {dag.py:3834} INFO - Setting next_dagrun for taskflow_branching_operators_dag to 2024-03-13 00:00:00+00:00, run_after=2024-03-14 00:00:00+00:00
[2024-03-14T07:50:48.568+0530] {processor.py:183} INFO - Processing /home/kai/airflow/dags/taskflow_branching_operators_dag.py took 0.472 seconds
[2024-03-14T07:51:18.914+0530] {processor.py:161} INFO - Started process (PID=308189) to work on /home/kai/airflow/dags/taskflow_branching_operators_dag.py
[2024-03-14T07:51:18.919+0530] {processor.py:830} INFO - Processing file /home/kai/airflow/dags/taskflow_branching_operators_dag.py for tasks to queue
[2024-03-14T07:51:18.920+0530] {logging_mixin.py:188} INFO - [2024-03-14T07:51:18.919+0530] {dagbag.py:540} INFO - Filling up the DagBag from /home/kai/airflow/dags/taskflow_branching_operators_dag.py
[2024-03-14T07:51:19.319+0530] {processor.py:840} INFO - DAG(s) 'taskflow_branching_operators_dag' retrieved from /home/kai/airflow/dags/taskflow_branching_operators_dag.py
[2024-03-14T07:51:19.334+0530] {logging_mixin.py:188} INFO - [2024-03-14T07:51:19.334+0530] {dag.py:3047} INFO - Sync 1 DAGs
[2024-03-14T07:51:19.350+0530] {logging_mixin.py:188} INFO - [2024-03-14T07:51:19.350+0530] {dag.py:3834} INFO - Setting next_dagrun for taskflow_branching_operators_dag to 2024-03-13 00:00:00+00:00, run_after=2024-03-14 00:00:00+00:00
[2024-03-14T07:51:19.385+0530] {processor.py:183} INFO - Processing /home/kai/airflow/dags/taskflow_branching_operators_dag.py took 0.474 seconds
[2024-03-14T07:51:49.578+0530] {processor.py:161} INFO - Started process (PID=308240) to work on /home/kai/airflow/dags/taskflow_branching_operators_dag.py
[2024-03-14T07:51:49.580+0530] {processor.py:830} INFO - Processing file /home/kai/airflow/dags/taskflow_branching_operators_dag.py for tasks to queue
[2024-03-14T07:51:49.580+0530] {logging_mixin.py:188} INFO - [2024-03-14T07:51:49.580+0530] {dagbag.py:540} INFO - Filling up the DagBag from /home/kai/airflow/dags/taskflow_branching_operators_dag.py
[2024-03-14T07:51:49.982+0530] {processor.py:840} INFO - DAG(s) 'taskflow_branching_operators_dag' retrieved from /home/kai/airflow/dags/taskflow_branching_operators_dag.py
[2024-03-14T07:51:49.997+0530] {logging_mixin.py:188} INFO - [2024-03-14T07:51:49.997+0530] {dag.py:3047} INFO - Sync 1 DAGs
[2024-03-14T07:51:50.012+0530] {logging_mixin.py:188} INFO - [2024-03-14T07:51:50.012+0530] {dag.py:3834} INFO - Setting next_dagrun for taskflow_branching_operators_dag to 2024-03-13 00:00:00+00:00, run_after=2024-03-14 00:00:00+00:00
[2024-03-14T07:51:50.046+0530] {processor.py:183} INFO - Processing /home/kai/airflow/dags/taskflow_branching_operators_dag.py took 0.472 seconds
[2024-03-14T07:52:20.240+0530] {processor.py:161} INFO - Started process (PID=308296) to work on /home/kai/airflow/dags/taskflow_branching_operators_dag.py
[2024-03-14T07:52:20.243+0530] {processor.py:830} INFO - Processing file /home/kai/airflow/dags/taskflow_branching_operators_dag.py for tasks to queue
[2024-03-14T07:52:20.244+0530] {logging_mixin.py:188} INFO - [2024-03-14T07:52:20.244+0530] {dagbag.py:540} INFO - Filling up the DagBag from /home/kai/airflow/dags/taskflow_branching_operators_dag.py
[2024-03-14T07:52:20.646+0530] {processor.py:840} INFO - DAG(s) 'taskflow_branching_operators_dag' retrieved from /home/kai/airflow/dags/taskflow_branching_operators_dag.py
[2024-03-14T07:52:20.661+0530] {logging_mixin.py:188} INFO - [2024-03-14T07:52:20.660+0530] {dag.py:3047} INFO - Sync 1 DAGs
[2024-03-14T07:52:20.677+0530] {logging_mixin.py:188} INFO - [2024-03-14T07:52:20.677+0530] {dag.py:3834} INFO - Setting next_dagrun for taskflow_branching_operators_dag to 2024-03-13 00:00:00+00:00, run_after=2024-03-14 00:00:00+00:00
[2024-03-14T07:52:20.712+0530] {processor.py:183} INFO - Processing /home/kai/airflow/dags/taskflow_branching_operators_dag.py took 0.475 seconds
[2024-03-14T07:52:50.937+0530] {processor.py:161} INFO - Started process (PID=308349) to work on /home/kai/airflow/dags/taskflow_branching_operators_dag.py
[2024-03-14T07:52:50.940+0530] {processor.py:830} INFO - Processing file /home/kai/airflow/dags/taskflow_branching_operators_dag.py for tasks to queue
[2024-03-14T07:52:50.941+0530] {logging_mixin.py:188} INFO - [2024-03-14T07:52:50.941+0530] {dagbag.py:540} INFO - Filling up the DagBag from /home/kai/airflow/dags/taskflow_branching_operators_dag.py
[2024-03-14T07:52:51.337+0530] {processor.py:840} INFO - DAG(s) 'taskflow_branching_operators_dag' retrieved from /home/kai/airflow/dags/taskflow_branching_operators_dag.py
[2024-03-14T07:52:51.352+0530] {logging_mixin.py:188} INFO - [2024-03-14T07:52:51.352+0530] {dag.py:3047} INFO - Sync 1 DAGs
[2024-03-14T07:52:51.368+0530] {logging_mixin.py:188} INFO - [2024-03-14T07:52:51.368+0530] {dag.py:3834} INFO - Setting next_dagrun for taskflow_branching_operators_dag to 2024-03-13 00:00:00+00:00, run_after=2024-03-14 00:00:00+00:00
[2024-03-14T07:52:51.405+0530] {processor.py:183} INFO - Processing /home/kai/airflow/dags/taskflow_branching_operators_dag.py took 0.471 seconds
[2024-03-14T07:53:21.665+0530] {processor.py:161} INFO - Started process (PID=308401) to work on /home/kai/airflow/dags/taskflow_branching_operators_dag.py
[2024-03-14T07:53:21.668+0530] {processor.py:830} INFO - Processing file /home/kai/airflow/dags/taskflow_branching_operators_dag.py for tasks to queue
[2024-03-14T07:53:21.669+0530] {logging_mixin.py:188} INFO - [2024-03-14T07:53:21.669+0530] {dagbag.py:540} INFO - Filling up the DagBag from /home/kai/airflow/dags/taskflow_branching_operators_dag.py
[2024-03-14T07:53:22.068+0530] {processor.py:840} INFO - DAG(s) 'taskflow_branching_operators_dag' retrieved from /home/kai/airflow/dags/taskflow_branching_operators_dag.py
[2024-03-14T07:53:22.085+0530] {logging_mixin.py:188} INFO - [2024-03-14T07:53:22.084+0530] {dag.py:3047} INFO - Sync 1 DAGs
[2024-03-14T07:53:22.100+0530] {logging_mixin.py:188} INFO - [2024-03-14T07:53:22.100+0530] {dag.py:3834} INFO - Setting next_dagrun for taskflow_branching_operators_dag to 2024-03-13 00:00:00+00:00, run_after=2024-03-14 00:00:00+00:00
[2024-03-14T07:53:22.153+0530] {processor.py:183} INFO - Processing /home/kai/airflow/dags/taskflow_branching_operators_dag.py took 0.490 seconds
[2024-03-14T07:53:52.304+0530] {processor.py:161} INFO - Started process (PID=308454) to work on /home/kai/airflow/dags/taskflow_branching_operators_dag.py
[2024-03-14T07:53:52.308+0530] {processor.py:830} INFO - Processing file /home/kai/airflow/dags/taskflow_branching_operators_dag.py for tasks to queue
[2024-03-14T07:53:52.309+0530] {logging_mixin.py:188} INFO - [2024-03-14T07:53:52.309+0530] {dagbag.py:540} INFO - Filling up the DagBag from /home/kai/airflow/dags/taskflow_branching_operators_dag.py
[2024-03-14T07:53:52.707+0530] {processor.py:840} INFO - DAG(s) 'taskflow_branching_operators_dag' retrieved from /home/kai/airflow/dags/taskflow_branching_operators_dag.py
[2024-03-14T07:53:52.721+0530] {logging_mixin.py:188} INFO - [2024-03-14T07:53:52.721+0530] {dag.py:3047} INFO - Sync 1 DAGs
[2024-03-14T07:53:52.736+0530] {logging_mixin.py:188} INFO - [2024-03-14T07:53:52.736+0530] {dag.py:3834} INFO - Setting next_dagrun for taskflow_branching_operators_dag to 2024-03-13 00:00:00+00:00, run_after=2024-03-14 00:00:00+00:00
[2024-03-14T07:53:52.776+0530] {processor.py:183} INFO - Processing /home/kai/airflow/dags/taskflow_branching_operators_dag.py took 0.475 seconds
[2024-03-14T07:54:22.997+0530] {processor.py:161} INFO - Started process (PID=308506) to work on /home/kai/airflow/dags/taskflow_branching_operators_dag.py
[2024-03-14T07:54:23.001+0530] {processor.py:830} INFO - Processing file /home/kai/airflow/dags/taskflow_branching_operators_dag.py for tasks to queue
[2024-03-14T07:54:23.002+0530] {logging_mixin.py:188} INFO - [2024-03-14T07:54:23.002+0530] {dagbag.py:540} INFO - Filling up the DagBag from /home/kai/airflow/dags/taskflow_branching_operators_dag.py
[2024-03-14T07:54:23.405+0530] {processor.py:840} INFO - DAG(s) 'taskflow_branching_operators_dag' retrieved from /home/kai/airflow/dags/taskflow_branching_operators_dag.py
[2024-03-14T07:54:23.420+0530] {logging_mixin.py:188} INFO - [2024-03-14T07:54:23.420+0530] {dag.py:3047} INFO - Sync 1 DAGs
[2024-03-14T07:54:23.436+0530] {logging_mixin.py:188} INFO - [2024-03-14T07:54:23.436+0530] {dag.py:3834} INFO - Setting next_dagrun for taskflow_branching_operators_dag to 2024-03-13 00:00:00+00:00, run_after=2024-03-14 00:00:00+00:00
[2024-03-14T07:54:23.471+0530] {processor.py:183} INFO - Processing /home/kai/airflow/dags/taskflow_branching_operators_dag.py took 0.477 seconds
[2024-03-14T07:54:53.542+0530] {processor.py:161} INFO - Started process (PID=308557) to work on /home/kai/airflow/dags/taskflow_branching_operators_dag.py
[2024-03-14T07:54:53.546+0530] {processor.py:830} INFO - Processing file /home/kai/airflow/dags/taskflow_branching_operators_dag.py for tasks to queue
[2024-03-14T07:54:53.547+0530] {logging_mixin.py:188} INFO - [2024-03-14T07:54:53.547+0530] {dagbag.py:540} INFO - Filling up the DagBag from /home/kai/airflow/dags/taskflow_branching_operators_dag.py
[2024-03-14T07:54:53.945+0530] {processor.py:840} INFO - DAG(s) 'taskflow_branching_operators_dag' retrieved from /home/kai/airflow/dags/taskflow_branching_operators_dag.py
[2024-03-14T07:54:53.960+0530] {logging_mixin.py:188} INFO - [2024-03-14T07:54:53.960+0530] {dag.py:3047} INFO - Sync 1 DAGs
[2024-03-14T07:54:53.976+0530] {logging_mixin.py:188} INFO - [2024-03-14T07:54:53.976+0530] {dag.py:3834} INFO - Setting next_dagrun for taskflow_branching_operators_dag to 2024-03-13 00:00:00+00:00, run_after=2024-03-14 00:00:00+00:00
[2024-03-14T07:54:54.018+0530] {processor.py:183} INFO - Processing /home/kai/airflow/dags/taskflow_branching_operators_dag.py took 0.478 seconds
[2024-03-14T07:55:24.100+0530] {processor.py:161} INFO - Started process (PID=308614) to work on /home/kai/airflow/dags/taskflow_branching_operators_dag.py
[2024-03-14T07:55:24.104+0530] {processor.py:830} INFO - Processing file /home/kai/airflow/dags/taskflow_branching_operators_dag.py for tasks to queue
[2024-03-14T07:55:24.105+0530] {logging_mixin.py:188} INFO - [2024-03-14T07:55:24.105+0530] {dagbag.py:540} INFO - Filling up the DagBag from /home/kai/airflow/dags/taskflow_branching_operators_dag.py
[2024-03-14T07:55:24.501+0530] {processor.py:840} INFO - DAG(s) 'taskflow_branching_operators_dag' retrieved from /home/kai/airflow/dags/taskflow_branching_operators_dag.py
[2024-03-14T07:55:24.517+0530] {logging_mixin.py:188} INFO - [2024-03-14T07:55:24.517+0530] {dag.py:3047} INFO - Sync 1 DAGs
[2024-03-14T07:55:24.532+0530] {logging_mixin.py:188} INFO - [2024-03-14T07:55:24.532+0530] {dag.py:3834} INFO - Setting next_dagrun for taskflow_branching_operators_dag to 2024-03-13 00:00:00+00:00, run_after=2024-03-14 00:00:00+00:00
[2024-03-14T07:55:24.571+0530] {processor.py:183} INFO - Processing /home/kai/airflow/dags/taskflow_branching_operators_dag.py took 0.474 seconds
[2024-03-14T07:55:54.658+0530] {processor.py:161} INFO - Started process (PID=308665) to work on /home/kai/airflow/dags/taskflow_branching_operators_dag.py
[2024-03-14T07:55:54.663+0530] {processor.py:830} INFO - Processing file /home/kai/airflow/dags/taskflow_branching_operators_dag.py for tasks to queue
[2024-03-14T07:55:54.664+0530] {logging_mixin.py:188} INFO - [2024-03-14T07:55:54.663+0530] {dagbag.py:540} INFO - Filling up the DagBag from /home/kai/airflow/dags/taskflow_branching_operators_dag.py
[2024-03-14T07:55:55.060+0530] {processor.py:840} INFO - DAG(s) 'taskflow_branching_operators_dag' retrieved from /home/kai/airflow/dags/taskflow_branching_operators_dag.py
[2024-03-14T07:55:55.076+0530] {logging_mixin.py:188} INFO - [2024-03-14T07:55:55.076+0530] {dag.py:3047} INFO - Sync 1 DAGs
[2024-03-14T07:55:55.091+0530] {logging_mixin.py:188} INFO - [2024-03-14T07:55:55.091+0530] {dag.py:3834} INFO - Setting next_dagrun for taskflow_branching_operators_dag to 2024-03-13 00:00:00+00:00, run_after=2024-03-14 00:00:00+00:00
[2024-03-14T07:55:55.127+0530] {processor.py:183} INFO - Processing /home/kai/airflow/dags/taskflow_branching_operators_dag.py took 0.472 seconds
[2024-03-14T07:56:25.213+0530] {processor.py:161} INFO - Started process (PID=308721) to work on /home/kai/airflow/dags/taskflow_branching_operators_dag.py
[2024-03-14T07:56:25.216+0530] {processor.py:830} INFO - Processing file /home/kai/airflow/dags/taskflow_branching_operators_dag.py for tasks to queue
[2024-03-14T07:56:25.217+0530] {logging_mixin.py:188} INFO - [2024-03-14T07:56:25.217+0530] {dagbag.py:540} INFO - Filling up the DagBag from /home/kai/airflow/dags/taskflow_branching_operators_dag.py
[2024-03-14T07:56:25.618+0530] {processor.py:840} INFO - DAG(s) 'taskflow_branching_operators_dag' retrieved from /home/kai/airflow/dags/taskflow_branching_operators_dag.py
[2024-03-14T07:56:25.632+0530] {logging_mixin.py:188} INFO - [2024-03-14T07:56:25.632+0530] {dag.py:3047} INFO - Sync 1 DAGs
[2024-03-14T07:56:25.648+0530] {logging_mixin.py:188} INFO - [2024-03-14T07:56:25.647+0530] {dag.py:3834} INFO - Setting next_dagrun for taskflow_branching_operators_dag to 2024-03-13 00:00:00+00:00, run_after=2024-03-14 00:00:00+00:00
[2024-03-14T07:56:25.682+0530] {processor.py:183} INFO - Processing /home/kai/airflow/dags/taskflow_branching_operators_dag.py took 0.472 seconds
[2024-03-14T07:56:55.911+0530] {processor.py:161} INFO - Started process (PID=308777) to work on /home/kai/airflow/dags/taskflow_branching_operators_dag.py
[2024-03-14T07:56:55.912+0530] {processor.py:830} INFO - Processing file /home/kai/airflow/dags/taskflow_branching_operators_dag.py for tasks to queue
[2024-03-14T07:56:55.913+0530] {logging_mixin.py:188} INFO - [2024-03-14T07:56:55.912+0530] {dagbag.py:540} INFO - Filling up the DagBag from /home/kai/airflow/dags/taskflow_branching_operators_dag.py
[2024-03-14T07:56:56.309+0530] {processor.py:840} INFO - DAG(s) 'taskflow_branching_operators_dag' retrieved from /home/kai/airflow/dags/taskflow_branching_operators_dag.py
[2024-03-14T07:56:56.324+0530] {logging_mixin.py:188} INFO - [2024-03-14T07:56:56.324+0530] {dag.py:3047} INFO - Sync 1 DAGs
[2024-03-14T07:56:56.340+0530] {logging_mixin.py:188} INFO - [2024-03-14T07:56:56.340+0530] {dag.py:3834} INFO - Setting next_dagrun for taskflow_branching_operators_dag to 2024-03-13 00:00:00+00:00, run_after=2024-03-14 00:00:00+00:00
[2024-03-14T07:56:56.380+0530] {processor.py:183} INFO - Processing /home/kai/airflow/dags/taskflow_branching_operators_dag.py took 0.472 seconds
[2024-03-14T07:57:26.600+0530] {processor.py:161} INFO - Started process (PID=308828) to work on /home/kai/airflow/dags/taskflow_branching_operators_dag.py
[2024-03-14T07:57:26.603+0530] {processor.py:830} INFO - Processing file /home/kai/airflow/dags/taskflow_branching_operators_dag.py for tasks to queue
[2024-03-14T07:57:26.605+0530] {logging_mixin.py:188} INFO - [2024-03-14T07:57:26.604+0530] {dagbag.py:540} INFO - Filling up the DagBag from /home/kai/airflow/dags/taskflow_branching_operators_dag.py
[2024-03-14T07:57:27.019+0530] {processor.py:840} INFO - DAG(s) 'taskflow_branching_operators_dag' retrieved from /home/kai/airflow/dags/taskflow_branching_operators_dag.py
[2024-03-14T07:57:27.034+0530] {logging_mixin.py:188} INFO - [2024-03-14T07:57:27.034+0530] {dag.py:3047} INFO - Sync 1 DAGs
[2024-03-14T07:57:27.049+0530] {logging_mixin.py:188} INFO - [2024-03-14T07:57:27.049+0530] {dag.py:3834} INFO - Setting next_dagrun for taskflow_branching_operators_dag to 2024-03-13 00:00:00+00:00, run_after=2024-03-14 00:00:00+00:00
[2024-03-14T07:57:27.082+0530] {processor.py:183} INFO - Processing /home/kai/airflow/dags/taskflow_branching_operators_dag.py took 0.488 seconds
[2024-03-14T07:57:57.645+0530] {processor.py:161} INFO - Started process (PID=308881) to work on /home/kai/airflow/dags/taskflow_branching_operators_dag.py
[2024-03-14T07:57:57.646+0530] {processor.py:830} INFO - Processing file /home/kai/airflow/dags/taskflow_branching_operators_dag.py for tasks to queue
[2024-03-14T07:57:57.648+0530] {logging_mixin.py:188} INFO - [2024-03-14T07:57:57.647+0530] {dagbag.py:540} INFO - Filling up the DagBag from /home/kai/airflow/dags/taskflow_branching_operators_dag.py
[2024-03-14T07:57:58.161+0530] {processor.py:840} INFO - DAG(s) 'taskflow_branching_operators_dag' retrieved from /home/kai/airflow/dags/taskflow_branching_operators_dag.py
[2024-03-14T07:57:58.189+0530] {logging_mixin.py:188} INFO - [2024-03-14T07:57:58.188+0530] {dag.py:3047} INFO - Sync 1 DAGs
[2024-03-14T07:57:58.217+0530] {logging_mixin.py:188} INFO - [2024-03-14T07:57:58.217+0530] {dag.py:3834} INFO - Setting next_dagrun for taskflow_branching_operators_dag to 2024-03-13 00:00:00+00:00, run_after=2024-03-14 00:00:00+00:00
[2024-03-14T07:57:58.267+0530] {processor.py:183} INFO - Processing /home/kai/airflow/dags/taskflow_branching_operators_dag.py took 0.625 seconds
[2024-03-14T07:58:28.415+0530] {processor.py:161} INFO - Started process (PID=308932) to work on /home/kai/airflow/dags/taskflow_branching_operators_dag.py
[2024-03-14T07:58:28.419+0530] {processor.py:830} INFO - Processing file /home/kai/airflow/dags/taskflow_branching_operators_dag.py for tasks to queue
[2024-03-14T07:58:28.420+0530] {logging_mixin.py:188} INFO - [2024-03-14T07:58:28.420+0530] {dagbag.py:540} INFO - Filling up the DagBag from /home/kai/airflow/dags/taskflow_branching_operators_dag.py
[2024-03-14T07:58:29.031+0530] {processor.py:840} INFO - DAG(s) 'taskflow_branching_operators_dag' retrieved from /home/kai/airflow/dags/taskflow_branching_operators_dag.py
[2024-03-14T07:58:29.052+0530] {logging_mixin.py:188} INFO - [2024-03-14T07:58:29.051+0530] {dag.py:3047} INFO - Sync 1 DAGs
[2024-03-14T07:58:29.078+0530] {logging_mixin.py:188} INFO - [2024-03-14T07:58:29.078+0530] {dag.py:3834} INFO - Setting next_dagrun for taskflow_branching_operators_dag to 2024-03-13 00:00:00+00:00, run_after=2024-03-14 00:00:00+00:00
[2024-03-14T07:58:29.132+0530] {processor.py:183} INFO - Processing /home/kai/airflow/dags/taskflow_branching_operators_dag.py took 0.721 seconds
[2024-03-14T07:58:59.277+0530] {processor.py:161} INFO - Started process (PID=308986) to work on /home/kai/airflow/dags/taskflow_branching_operators_dag.py
[2024-03-14T07:58:59.279+0530] {processor.py:830} INFO - Processing file /home/kai/airflow/dags/taskflow_branching_operators_dag.py for tasks to queue
[2024-03-14T07:58:59.279+0530] {logging_mixin.py:188} INFO - [2024-03-14T07:58:59.279+0530] {dagbag.py:540} INFO - Filling up the DagBag from /home/kai/airflow/dags/taskflow_branching_operators_dag.py
[2024-03-14T07:58:59.793+0530] {processor.py:840} INFO - DAG(s) 'taskflow_branching_operators_dag' retrieved from /home/kai/airflow/dags/taskflow_branching_operators_dag.py
[2024-03-14T07:58:59.811+0530] {logging_mixin.py:188} INFO - [2024-03-14T07:58:59.810+0530] {dag.py:3047} INFO - Sync 1 DAGs
[2024-03-14T07:58:59.835+0530] {logging_mixin.py:188} INFO - [2024-03-14T07:58:59.835+0530] {dag.py:3834} INFO - Setting next_dagrun for taskflow_branching_operators_dag to 2024-03-13 00:00:00+00:00, run_after=2024-03-14 00:00:00+00:00
[2024-03-14T07:58:59.873+0530] {processor.py:183} INFO - Processing /home/kai/airflow/dags/taskflow_branching_operators_dag.py took 0.599 seconds
[2024-03-14T07:59:30.113+0530] {processor.py:161} INFO - Started process (PID=309037) to work on /home/kai/airflow/dags/taskflow_branching_operators_dag.py
[2024-03-14T07:59:30.114+0530] {processor.py:830} INFO - Processing file /home/kai/airflow/dags/taskflow_branching_operators_dag.py for tasks to queue
[2024-03-14T07:59:30.115+0530] {logging_mixin.py:188} INFO - [2024-03-14T07:59:30.115+0530] {dagbag.py:540} INFO - Filling up the DagBag from /home/kai/airflow/dags/taskflow_branching_operators_dag.py
[2024-03-14T07:59:30.577+0530] {processor.py:840} INFO - DAG(s) 'taskflow_branching_operators_dag' retrieved from /home/kai/airflow/dags/taskflow_branching_operators_dag.py
[2024-03-14T07:59:30.593+0530] {logging_mixin.py:188} INFO - [2024-03-14T07:59:30.593+0530] {dag.py:3047} INFO - Sync 1 DAGs
[2024-03-14T07:59:30.609+0530] {logging_mixin.py:188} INFO - [2024-03-14T07:59:30.609+0530] {dag.py:3834} INFO - Setting next_dagrun for taskflow_branching_operators_dag to 2024-03-13 00:00:00+00:00, run_after=2024-03-14 00:00:00+00:00
[2024-03-14T07:59:30.660+0530] {processor.py:183} INFO - Processing /home/kai/airflow/dags/taskflow_branching_operators_dag.py took 0.551 seconds
[2024-03-14T08:00:00.957+0530] {processor.py:161} INFO - Started process (PID=309089) to work on /home/kai/airflow/dags/taskflow_branching_operators_dag.py
[2024-03-14T08:00:00.960+0530] {processor.py:830} INFO - Processing file /home/kai/airflow/dags/taskflow_branching_operators_dag.py for tasks to queue
[2024-03-14T08:00:00.961+0530] {logging_mixin.py:188} INFO - [2024-03-14T08:00:00.961+0530] {dagbag.py:540} INFO - Filling up the DagBag from /home/kai/airflow/dags/taskflow_branching_operators_dag.py
[2024-03-14T08:00:01.630+0530] {processor.py:840} INFO - DAG(s) 'taskflow_branching_operators_dag' retrieved from /home/kai/airflow/dags/taskflow_branching_operators_dag.py
[2024-03-14T08:00:01.662+0530] {logging_mixin.py:188} INFO - [2024-03-14T08:00:01.662+0530] {dag.py:3047} INFO - Sync 1 DAGs
[2024-03-14T08:00:01.690+0530] {logging_mixin.py:188} INFO - [2024-03-14T08:00:01.689+0530] {dag.py:3834} INFO - Setting next_dagrun for taskflow_branching_operators_dag to 2024-03-13 00:00:00+00:00, run_after=2024-03-14 00:00:00+00:00
[2024-03-14T08:00:01.733+0530] {processor.py:183} INFO - Processing /home/kai/airflow/dags/taskflow_branching_operators_dag.py took 0.781 seconds
[2024-03-14T08:00:32.093+0530] {processor.py:161} INFO - Started process (PID=309141) to work on /home/kai/airflow/dags/taskflow_branching_operators_dag.py
[2024-03-14T08:00:32.094+0530] {processor.py:830} INFO - Processing file /home/kai/airflow/dags/taskflow_branching_operators_dag.py for tasks to queue
[2024-03-14T08:00:32.095+0530] {logging_mixin.py:188} INFO - [2024-03-14T08:00:32.095+0530] {dagbag.py:540} INFO - Filling up the DagBag from /home/kai/airflow/dags/taskflow_branching_operators_dag.py
[2024-03-14T08:00:32.722+0530] {processor.py:840} INFO - DAG(s) 'taskflow_branching_operators_dag' retrieved from /home/kai/airflow/dags/taskflow_branching_operators_dag.py
[2024-03-14T08:00:32.746+0530] {logging_mixin.py:188} INFO - [2024-03-14T08:00:32.745+0530] {dag.py:3047} INFO - Sync 1 DAGs
[2024-03-14T08:00:32.776+0530] {logging_mixin.py:188} INFO - [2024-03-14T08:00:32.776+0530] {dag.py:3834} INFO - Setting next_dagrun for taskflow_branching_operators_dag to 2024-03-13 00:00:00+00:00, run_after=2024-03-14 00:00:00+00:00
[2024-03-14T08:00:32.827+0530] {processor.py:183} INFO - Processing /home/kai/airflow/dags/taskflow_branching_operators_dag.py took 0.739 seconds
[2024-03-14T08:01:03.826+0530] {processor.py:161} INFO - Started process (PID=309195) to work on /home/kai/airflow/dags/taskflow_branching_operators_dag.py
[2024-03-14T08:01:03.830+0530] {processor.py:830} INFO - Processing file /home/kai/airflow/dags/taskflow_branching_operators_dag.py for tasks to queue
[2024-03-14T08:01:03.831+0530] {logging_mixin.py:188} INFO - [2024-03-14T08:01:03.831+0530] {dagbag.py:540} INFO - Filling up the DagBag from /home/kai/airflow/dags/taskflow_branching_operators_dag.py
[2024-03-14T08:01:04.379+0530] {processor.py:840} INFO - DAG(s) 'taskflow_branching_operators_dag' retrieved from /home/kai/airflow/dags/taskflow_branching_operators_dag.py
[2024-03-14T08:01:04.395+0530] {logging_mixin.py:188} INFO - [2024-03-14T08:01:04.394+0530] {dag.py:3047} INFO - Sync 1 DAGs
[2024-03-14T08:01:04.412+0530] {logging_mixin.py:188} INFO - [2024-03-14T08:01:04.412+0530] {dag.py:3834} INFO - Setting next_dagrun for taskflow_branching_operators_dag to 2024-03-13 00:00:00+00:00, run_after=2024-03-14 00:00:00+00:00
[2024-03-14T08:01:04.473+0530] {processor.py:183} INFO - Processing /home/kai/airflow/dags/taskflow_branching_operators_dag.py took 0.650 seconds
[2024-03-14T08:01:34.990+0530] {processor.py:161} INFO - Started process (PID=309246) to work on /home/kai/airflow/dags/taskflow_branching_operators_dag.py
[2024-03-14T08:01:34.992+0530] {processor.py:830} INFO - Processing file /home/kai/airflow/dags/taskflow_branching_operators_dag.py for tasks to queue
[2024-03-14T08:01:34.993+0530] {logging_mixin.py:188} INFO - [2024-03-14T08:01:34.992+0530] {dagbag.py:540} INFO - Filling up the DagBag from /home/kai/airflow/dags/taskflow_branching_operators_dag.py
[2024-03-14T08:01:35.410+0530] {processor.py:840} INFO - DAG(s) 'taskflow_branching_operators_dag' retrieved from /home/kai/airflow/dags/taskflow_branching_operators_dag.py
[2024-03-14T08:01:35.425+0530] {logging_mixin.py:188} INFO - [2024-03-14T08:01:35.425+0530] {dag.py:3047} INFO - Sync 1 DAGs
[2024-03-14T08:01:35.441+0530] {logging_mixin.py:188} INFO - [2024-03-14T08:01:35.440+0530] {dag.py:3834} INFO - Setting next_dagrun for taskflow_branching_operators_dag to 2024-03-13 00:00:00+00:00, run_after=2024-03-14 00:00:00+00:00
[2024-03-14T08:01:35.474+0530] {processor.py:183} INFO - Processing /home/kai/airflow/dags/taskflow_branching_operators_dag.py took 0.486 seconds
[2024-03-14T08:02:06.196+0530] {processor.py:161} INFO - Started process (PID=309298) to work on /home/kai/airflow/dags/taskflow_branching_operators_dag.py
[2024-03-14T08:02:06.199+0530] {processor.py:830} INFO - Processing file /home/kai/airflow/dags/taskflow_branching_operators_dag.py for tasks to queue
[2024-03-14T08:02:06.200+0530] {logging_mixin.py:188} INFO - [2024-03-14T08:02:06.200+0530] {dagbag.py:540} INFO - Filling up the DagBag from /home/kai/airflow/dags/taskflow_branching_operators_dag.py
[2024-03-14T08:02:06.622+0530] {processor.py:840} INFO - DAG(s) 'taskflow_branching_operators_dag' retrieved from /home/kai/airflow/dags/taskflow_branching_operators_dag.py
[2024-03-14T08:02:06.639+0530] {logging_mixin.py:188} INFO - [2024-03-14T08:02:06.638+0530] {dag.py:3047} INFO - Sync 1 DAGs
[2024-03-14T08:02:06.656+0530] {logging_mixin.py:188} INFO - [2024-03-14T08:02:06.655+0530] {dag.py:3834} INFO - Setting next_dagrun for taskflow_branching_operators_dag to 2024-03-13 00:00:00+00:00, run_after=2024-03-14 00:00:00+00:00
[2024-03-14T08:02:06.700+0530] {processor.py:183} INFO - Processing /home/kai/airflow/dags/taskflow_branching_operators_dag.py took 0.507 seconds
[2024-03-14T08:02:37.357+0530] {processor.py:161} INFO - Started process (PID=309350) to work on /home/kai/airflow/dags/taskflow_branching_operators_dag.py
[2024-03-14T08:02:37.358+0530] {processor.py:830} INFO - Processing file /home/kai/airflow/dags/taskflow_branching_operators_dag.py for tasks to queue
[2024-03-14T08:02:37.359+0530] {logging_mixin.py:188} INFO - [2024-03-14T08:02:37.358+0530] {dagbag.py:540} INFO - Filling up the DagBag from /home/kai/airflow/dags/taskflow_branching_operators_dag.py
[2024-03-14T08:02:37.798+0530] {processor.py:840} INFO - DAG(s) 'taskflow_branching_operators_dag' retrieved from /home/kai/airflow/dags/taskflow_branching_operators_dag.py
[2024-03-14T08:02:37.815+0530] {logging_mixin.py:188} INFO - [2024-03-14T08:02:37.814+0530] {dag.py:3047} INFO - Sync 1 DAGs
[2024-03-14T08:02:37.832+0530] {logging_mixin.py:188} INFO - [2024-03-14T08:02:37.832+0530] {dag.py:3834} INFO - Setting next_dagrun for taskflow_branching_operators_dag to 2024-03-13 00:00:00+00:00, run_after=2024-03-14 00:00:00+00:00
[2024-03-14T08:02:37.869+0530] {processor.py:183} INFO - Processing /home/kai/airflow/dags/taskflow_branching_operators_dag.py took 0.517 seconds
[2024-03-14T08:03:08.358+0530] {processor.py:161} INFO - Started process (PID=309403) to work on /home/kai/airflow/dags/taskflow_branching_operators_dag.py
[2024-03-14T08:03:08.361+0530] {processor.py:830} INFO - Processing file /home/kai/airflow/dags/taskflow_branching_operators_dag.py for tasks to queue
[2024-03-14T08:03:08.362+0530] {logging_mixin.py:188} INFO - [2024-03-14T08:03:08.361+0530] {dagbag.py:540} INFO - Filling up the DagBag from /home/kai/airflow/dags/taskflow_branching_operators_dag.py
[2024-03-14T08:03:08.773+0530] {processor.py:840} INFO - DAG(s) 'taskflow_branching_operators_dag' retrieved from /home/kai/airflow/dags/taskflow_branching_operators_dag.py
[2024-03-14T08:03:08.792+0530] {logging_mixin.py:188} INFO - [2024-03-14T08:03:08.792+0530] {dag.py:3047} INFO - Sync 1 DAGs
[2024-03-14T08:03:08.809+0530] {logging_mixin.py:188} INFO - [2024-03-14T08:03:08.809+0530] {dag.py:3834} INFO - Setting next_dagrun for taskflow_branching_operators_dag to 2024-03-13 00:00:00+00:00, run_after=2024-03-14 00:00:00+00:00
[2024-03-14T08:03:08.849+0530] {processor.py:183} INFO - Processing /home/kai/airflow/dags/taskflow_branching_operators_dag.py took 0.495 seconds
[2024-03-14T08:03:39.382+0530] {processor.py:161} INFO - Started process (PID=309455) to work on /home/kai/airflow/dags/taskflow_branching_operators_dag.py
[2024-03-14T08:03:39.385+0530] {processor.py:830} INFO - Processing file /home/kai/airflow/dags/taskflow_branching_operators_dag.py for tasks to queue
[2024-03-14T08:03:39.386+0530] {logging_mixin.py:188} INFO - [2024-03-14T08:03:39.386+0530] {dagbag.py:540} INFO - Filling up the DagBag from /home/kai/airflow/dags/taskflow_branching_operators_dag.py
[2024-03-14T08:03:39.802+0530] {processor.py:840} INFO - DAG(s) 'taskflow_branching_operators_dag' retrieved from /home/kai/airflow/dags/taskflow_branching_operators_dag.py
[2024-03-14T08:03:39.819+0530] {logging_mixin.py:188} INFO - [2024-03-14T08:03:39.818+0530] {dag.py:3047} INFO - Sync 1 DAGs
[2024-03-14T08:03:39.835+0530] {logging_mixin.py:188} INFO - [2024-03-14T08:03:39.835+0530] {dag.py:3834} INFO - Setting next_dagrun for taskflow_branching_operators_dag to 2024-03-13 00:00:00+00:00, run_after=2024-03-14 00:00:00+00:00
[2024-03-14T08:03:39.889+0530] {processor.py:183} INFO - Processing /home/kai/airflow/dags/taskflow_branching_operators_dag.py took 0.511 seconds
[2024-03-14T08:04:10.472+0530] {processor.py:161} INFO - Started process (PID=309506) to work on /home/kai/airflow/dags/taskflow_branching_operators_dag.py
[2024-03-14T08:04:10.476+0530] {processor.py:830} INFO - Processing file /home/kai/airflow/dags/taskflow_branching_operators_dag.py for tasks to queue
[2024-03-14T08:04:10.478+0530] {logging_mixin.py:188} INFO - [2024-03-14T08:04:10.477+0530] {dagbag.py:540} INFO - Filling up the DagBag from /home/kai/airflow/dags/taskflow_branching_operators_dag.py
[2024-03-14T08:04:11.232+0530] {processor.py:840} INFO - DAG(s) 'taskflow_branching_operators_dag' retrieved from /home/kai/airflow/dags/taskflow_branching_operators_dag.py
[2024-03-14T08:04:11.251+0530] {logging_mixin.py:188} INFO - [2024-03-14T08:04:11.250+0530] {dag.py:3047} INFO - Sync 1 DAGs
[2024-03-14T08:04:11.276+0530] {logging_mixin.py:188} INFO - [2024-03-14T08:04:11.275+0530] {dag.py:3834} INFO - Setting next_dagrun for taskflow_branching_operators_dag to 2024-03-13 00:00:00+00:00, run_after=2024-03-14 00:00:00+00:00
[2024-03-14T08:04:11.317+0530] {processor.py:183} INFO - Processing /home/kai/airflow/dags/taskflow_branching_operators_dag.py took 0.851 seconds
[2024-03-14T08:04:41.485+0530] {processor.py:161} INFO - Started process (PID=309558) to work on /home/kai/airflow/dags/taskflow_branching_operators_dag.py
[2024-03-14T08:04:41.488+0530] {processor.py:830} INFO - Processing file /home/kai/airflow/dags/taskflow_branching_operators_dag.py for tasks to queue
[2024-03-14T08:04:41.489+0530] {logging_mixin.py:188} INFO - [2024-03-14T08:04:41.488+0530] {dagbag.py:540} INFO - Filling up the DagBag from /home/kai/airflow/dags/taskflow_branching_operators_dag.py
[2024-03-14T08:04:41.895+0530] {processor.py:840} INFO - DAG(s) 'taskflow_branching_operators_dag' retrieved from /home/kai/airflow/dags/taskflow_branching_operators_dag.py
[2024-03-14T08:04:41.910+0530] {logging_mixin.py:188} INFO - [2024-03-14T08:04:41.910+0530] {dag.py:3047} INFO - Sync 1 DAGs
[2024-03-14T08:04:41.926+0530] {logging_mixin.py:188} INFO - [2024-03-14T08:04:41.926+0530] {dag.py:3834} INFO - Setting next_dagrun for taskflow_branching_operators_dag to 2024-03-13 00:00:00+00:00, run_after=2024-03-14 00:00:00+00:00
[2024-03-14T08:04:41.960+0530] {processor.py:183} INFO - Processing /home/kai/airflow/dags/taskflow_branching_operators_dag.py took 0.479 seconds
[2024-03-14T08:05:12.166+0530] {processor.py:161} INFO - Started process (PID=309614) to work on /home/kai/airflow/dags/taskflow_branching_operators_dag.py
[2024-03-14T08:05:12.169+0530] {processor.py:830} INFO - Processing file /home/kai/airflow/dags/taskflow_branching_operators_dag.py for tasks to queue
[2024-03-14T08:05:12.170+0530] {logging_mixin.py:188} INFO - [2024-03-14T08:05:12.170+0530] {dagbag.py:540} INFO - Filling up the DagBag from /home/kai/airflow/dags/taskflow_branching_operators_dag.py
[2024-03-14T08:05:12.575+0530] {processor.py:840} INFO - DAG(s) 'taskflow_branching_operators_dag' retrieved from /home/kai/airflow/dags/taskflow_branching_operators_dag.py
[2024-03-14T08:05:12.591+0530] {logging_mixin.py:188} INFO - [2024-03-14T08:05:12.590+0530] {dag.py:3047} INFO - Sync 1 DAGs
[2024-03-14T08:05:12.608+0530] {logging_mixin.py:188} INFO - [2024-03-14T08:05:12.607+0530] {dag.py:3834} INFO - Setting next_dagrun for taskflow_branching_operators_dag to 2024-03-13 00:00:00+00:00, run_after=2024-03-14 00:00:00+00:00
[2024-03-14T08:05:12.650+0530] {processor.py:183} INFO - Processing /home/kai/airflow/dags/taskflow_branching_operators_dag.py took 0.487 seconds
[2024-03-14T08:05:43.011+0530] {processor.py:161} INFO - Started process (PID=309666) to work on /home/kai/airflow/dags/taskflow_branching_operators_dag.py
[2024-03-14T08:05:43.014+0530] {processor.py:830} INFO - Processing file /home/kai/airflow/dags/taskflow_branching_operators_dag.py for tasks to queue
[2024-03-14T08:05:43.015+0530] {logging_mixin.py:188} INFO - [2024-03-14T08:05:43.015+0530] {dagbag.py:540} INFO - Filling up the DagBag from /home/kai/airflow/dags/taskflow_branching_operators_dag.py
[2024-03-14T08:05:43.428+0530] {processor.py:840} INFO - DAG(s) 'taskflow_branching_operators_dag' retrieved from /home/kai/airflow/dags/taskflow_branching_operators_dag.py
[2024-03-14T08:05:43.445+0530] {logging_mixin.py:188} INFO - [2024-03-14T08:05:43.445+0530] {dag.py:3047} INFO - Sync 1 DAGs
[2024-03-14T08:05:43.462+0530] {logging_mixin.py:188} INFO - [2024-03-14T08:05:43.461+0530] {dag.py:3834} INFO - Setting next_dagrun for taskflow_branching_operators_dag to 2024-03-13 00:00:00+00:00, run_after=2024-03-14 00:00:00+00:00
[2024-03-14T08:05:43.510+0530] {processor.py:183} INFO - Processing /home/kai/airflow/dags/taskflow_branching_operators_dag.py took 0.504 seconds
[2024-03-14T08:06:14.143+0530] {processor.py:161} INFO - Started process (PID=309717) to work on /home/kai/airflow/dags/taskflow_branching_operators_dag.py
[2024-03-14T08:06:14.145+0530] {processor.py:830} INFO - Processing file /home/kai/airflow/dags/taskflow_branching_operators_dag.py for tasks to queue
[2024-03-14T08:06:14.146+0530] {logging_mixin.py:188} INFO - [2024-03-14T08:06:14.145+0530] {dagbag.py:540} INFO - Filling up the DagBag from /home/kai/airflow/dags/taskflow_branching_operators_dag.py
[2024-03-14T08:06:14.551+0530] {processor.py:840} INFO - DAG(s) 'taskflow_branching_operators_dag' retrieved from /home/kai/airflow/dags/taskflow_branching_operators_dag.py
[2024-03-14T08:06:14.567+0530] {logging_mixin.py:188} INFO - [2024-03-14T08:06:14.566+0530] {dag.py:3047} INFO - Sync 1 DAGs
[2024-03-14T08:06:14.583+0530] {logging_mixin.py:188} INFO - [2024-03-14T08:06:14.582+0530] {dag.py:3834} INFO - Setting next_dagrun for taskflow_branching_operators_dag to 2024-03-13 00:00:00+00:00, run_after=2024-03-14 00:00:00+00:00
[2024-03-14T08:06:14.616+0530] {processor.py:183} INFO - Processing /home/kai/airflow/dags/taskflow_branching_operators_dag.py took 0.477 seconds
[2024-03-14T08:06:45.093+0530] {processor.py:161} INFO - Started process (PID=309769) to work on /home/kai/airflow/dags/taskflow_branching_operators_dag.py
[2024-03-14T08:06:45.094+0530] {processor.py:830} INFO - Processing file /home/kai/airflow/dags/taskflow_branching_operators_dag.py for tasks to queue
[2024-03-14T08:06:45.096+0530] {logging_mixin.py:188} INFO - [2024-03-14T08:06:45.095+0530] {dagbag.py:540} INFO - Filling up the DagBag from /home/kai/airflow/dags/taskflow_branching_operators_dag.py
[2024-03-14T08:06:45.499+0530] {processor.py:840} INFO - DAG(s) 'taskflow_branching_operators_dag' retrieved from /home/kai/airflow/dags/taskflow_branching_operators_dag.py
[2024-03-14T08:06:45.514+0530] {logging_mixin.py:188} INFO - [2024-03-14T08:06:45.513+0530] {dag.py:3047} INFO - Sync 1 DAGs
[2024-03-14T08:06:45.530+0530] {logging_mixin.py:188} INFO - [2024-03-14T08:06:45.530+0530] {dag.py:3834} INFO - Setting next_dagrun for taskflow_branching_operators_dag to 2024-03-13 00:00:00+00:00, run_after=2024-03-14 00:00:00+00:00
[2024-03-14T08:06:45.564+0530] {processor.py:183} INFO - Processing /home/kai/airflow/dags/taskflow_branching_operators_dag.py took 0.475 seconds
[2024-03-14T08:07:16.037+0530] {processor.py:161} INFO - Started process (PID=309821) to work on /home/kai/airflow/dags/taskflow_branching_operators_dag.py
[2024-03-14T08:07:16.040+0530] {processor.py:830} INFO - Processing file /home/kai/airflow/dags/taskflow_branching_operators_dag.py for tasks to queue
[2024-03-14T08:07:16.041+0530] {logging_mixin.py:188} INFO - [2024-03-14T08:07:16.041+0530] {dagbag.py:540} INFO - Filling up the DagBag from /home/kai/airflow/dags/taskflow_branching_operators_dag.py
[2024-03-14T08:07:16.460+0530] {processor.py:840} INFO - DAG(s) 'taskflow_branching_operators_dag' retrieved from /home/kai/airflow/dags/taskflow_branching_operators_dag.py
[2024-03-14T08:07:16.474+0530] {logging_mixin.py:188} INFO - [2024-03-14T08:07:16.474+0530] {dag.py:3047} INFO - Sync 1 DAGs
[2024-03-14T08:07:16.490+0530] {logging_mixin.py:188} INFO - [2024-03-14T08:07:16.490+0530] {dag.py:3834} INFO - Setting next_dagrun for taskflow_branching_operators_dag to 2024-03-13 00:00:00+00:00, run_after=2024-03-14 00:00:00+00:00
[2024-03-14T08:07:16.524+0530] {processor.py:183} INFO - Processing /home/kai/airflow/dags/taskflow_branching_operators_dag.py took 0.490 seconds
[2024-03-14T08:07:46.707+0530] {processor.py:161} INFO - Started process (PID=309874) to work on /home/kai/airflow/dags/taskflow_branching_operators_dag.py
[2024-03-14T08:07:46.710+0530] {processor.py:830} INFO - Processing file /home/kai/airflow/dags/taskflow_branching_operators_dag.py for tasks to queue
[2024-03-14T08:07:46.711+0530] {logging_mixin.py:188} INFO - [2024-03-14T08:07:46.711+0530] {dagbag.py:540} INFO - Filling up the DagBag from /home/kai/airflow/dags/taskflow_branching_operators_dag.py
[2024-03-14T08:07:47.123+0530] {processor.py:840} INFO - DAG(s) 'taskflow_branching_operators_dag' retrieved from /home/kai/airflow/dags/taskflow_branching_operators_dag.py
[2024-03-14T08:07:47.139+0530] {logging_mixin.py:188} INFO - [2024-03-14T08:07:47.138+0530] {dag.py:3047} INFO - Sync 1 DAGs
[2024-03-14T08:07:47.155+0530] {logging_mixin.py:188} INFO - [2024-03-14T08:07:47.155+0530] {dag.py:3834} INFO - Setting next_dagrun for taskflow_branching_operators_dag to 2024-03-13 00:00:00+00:00, run_after=2024-03-14 00:00:00+00:00
[2024-03-14T08:07:47.190+0530] {processor.py:183} INFO - Processing /home/kai/airflow/dags/taskflow_branching_operators_dag.py took 0.486 seconds
[2024-03-14T08:08:17.577+0530] {processor.py:161} INFO - Started process (PID=309926) to work on /home/kai/airflow/dags/taskflow_branching_operators_dag.py
[2024-03-14T08:08:17.580+0530] {processor.py:830} INFO - Processing file /home/kai/airflow/dags/taskflow_branching_operators_dag.py for tasks to queue
[2024-03-14T08:08:17.581+0530] {logging_mixin.py:188} INFO - [2024-03-14T08:08:17.581+0530] {dagbag.py:540} INFO - Filling up the DagBag from /home/kai/airflow/dags/taskflow_branching_operators_dag.py
[2024-03-14T08:08:18.009+0530] {processor.py:840} INFO - DAG(s) 'taskflow_branching_operators_dag' retrieved from /home/kai/airflow/dags/taskflow_branching_operators_dag.py
[2024-03-14T08:08:18.024+0530] {logging_mixin.py:188} INFO - [2024-03-14T08:08:18.024+0530] {dag.py:3047} INFO - Sync 1 DAGs
[2024-03-14T08:08:18.041+0530] {logging_mixin.py:188} INFO - [2024-03-14T08:08:18.041+0530] {dag.py:3834} INFO - Setting next_dagrun for taskflow_branching_operators_dag to 2024-03-13 00:00:00+00:00, run_after=2024-03-14 00:00:00+00:00
[2024-03-14T08:08:18.090+0530] {processor.py:183} INFO - Processing /home/kai/airflow/dags/taskflow_branching_operators_dag.py took 0.516 seconds
[2024-03-14T08:08:48.329+0530] {processor.py:161} INFO - Started process (PID=309977) to work on /home/kai/airflow/dags/taskflow_branching_operators_dag.py
[2024-03-14T08:08:48.332+0530] {processor.py:830} INFO - Processing file /home/kai/airflow/dags/taskflow_branching_operators_dag.py for tasks to queue
[2024-03-14T08:08:48.334+0530] {logging_mixin.py:188} INFO - [2024-03-14T08:08:48.333+0530] {dagbag.py:540} INFO - Filling up the DagBag from /home/kai/airflow/dags/taskflow_branching_operators_dag.py
[2024-03-14T08:08:48.790+0530] {processor.py:840} INFO - DAG(s) 'taskflow_branching_operators_dag' retrieved from /home/kai/airflow/dags/taskflow_branching_operators_dag.py
[2024-03-14T08:08:48.807+0530] {logging_mixin.py:188} INFO - [2024-03-14T08:08:48.806+0530] {dag.py:3047} INFO - Sync 1 DAGs
[2024-03-14T08:08:48.825+0530] {logging_mixin.py:188} INFO - [2024-03-14T08:08:48.825+0530] {dag.py:3834} INFO - Setting next_dagrun for taskflow_branching_operators_dag to 2024-03-13 00:00:00+00:00, run_after=2024-03-14 00:00:00+00:00
[2024-03-14T08:08:48.865+0530] {processor.py:183} INFO - Processing /home/kai/airflow/dags/taskflow_branching_operators_dag.py took 0.546 seconds
[2024-03-14T08:09:19.204+0530] {processor.py:161} INFO - Started process (PID=310029) to work on /home/kai/airflow/dags/taskflow_branching_operators_dag.py
[2024-03-14T08:09:19.208+0530] {processor.py:830} INFO - Processing file /home/kai/airflow/dags/taskflow_branching_operators_dag.py for tasks to queue
[2024-03-14T08:09:19.209+0530] {logging_mixin.py:188} INFO - [2024-03-14T08:09:19.208+0530] {dagbag.py:540} INFO - Filling up the DagBag from /home/kai/airflow/dags/taskflow_branching_operators_dag.py
[2024-03-14T08:09:19.623+0530] {processor.py:840} INFO - DAG(s) 'taskflow_branching_operators_dag' retrieved from /home/kai/airflow/dags/taskflow_branching_operators_dag.py
[2024-03-14T08:09:19.641+0530] {logging_mixin.py:188} INFO - [2024-03-14T08:09:19.640+0530] {dag.py:3047} INFO - Sync 1 DAGs
[2024-03-14T08:09:19.663+0530] {logging_mixin.py:188} INFO - [2024-03-14T08:09:19.663+0530] {dag.py:3834} INFO - Setting next_dagrun for taskflow_branching_operators_dag to 2024-03-13 00:00:00+00:00, run_after=2024-03-14 00:00:00+00:00
[2024-03-14T08:09:19.710+0530] {processor.py:183} INFO - Processing /home/kai/airflow/dags/taskflow_branching_operators_dag.py took 0.510 seconds
[2024-03-14T08:09:50.319+0530] {processor.py:161} INFO - Started process (PID=310080) to work on /home/kai/airflow/dags/taskflow_branching_operators_dag.py
[2024-03-14T08:09:50.322+0530] {processor.py:830} INFO - Processing file /home/kai/airflow/dags/taskflow_branching_operators_dag.py for tasks to queue
[2024-03-14T08:09:50.323+0530] {logging_mixin.py:188} INFO - [2024-03-14T08:09:50.322+0530] {dagbag.py:540} INFO - Filling up the DagBag from /home/kai/airflow/dags/taskflow_branching_operators_dag.py
[2024-03-14T08:09:50.744+0530] {processor.py:840} INFO - DAG(s) 'taskflow_branching_operators_dag' retrieved from /home/kai/airflow/dags/taskflow_branching_operators_dag.py
[2024-03-14T08:09:50.760+0530] {logging_mixin.py:188} INFO - [2024-03-14T08:09:50.760+0530] {dag.py:3047} INFO - Sync 1 DAGs
[2024-03-14T08:09:50.777+0530] {logging_mixin.py:188} INFO - [2024-03-14T08:09:50.777+0530] {dag.py:3834} INFO - Setting next_dagrun for taskflow_branching_operators_dag to 2024-03-13 00:00:00+00:00, run_after=2024-03-14 00:00:00+00:00
[2024-03-14T08:09:50.817+0530] {processor.py:183} INFO - Processing /home/kai/airflow/dags/taskflow_branching_operators_dag.py took 0.502 seconds
[2024-03-14T08:10:21.459+0530] {processor.py:161} INFO - Started process (PID=310135) to work on /home/kai/airflow/dags/taskflow_branching_operators_dag.py
[2024-03-14T08:10:21.462+0530] {processor.py:830} INFO - Processing file /home/kai/airflow/dags/taskflow_branching_operators_dag.py for tasks to queue
[2024-03-14T08:10:21.463+0530] {logging_mixin.py:188} INFO - [2024-03-14T08:10:21.463+0530] {dagbag.py:540} INFO - Filling up the DagBag from /home/kai/airflow/dags/taskflow_branching_operators_dag.py
[2024-03-14T08:10:21.869+0530] {processor.py:840} INFO - DAG(s) 'taskflow_branching_operators_dag' retrieved from /home/kai/airflow/dags/taskflow_branching_operators_dag.py
[2024-03-14T08:10:21.884+0530] {logging_mixin.py:188} INFO - [2024-03-14T08:10:21.884+0530] {dag.py:3047} INFO - Sync 1 DAGs
[2024-03-14T08:10:21.901+0530] {logging_mixin.py:188} INFO - [2024-03-14T08:10:21.901+0530] {dag.py:3834} INFO - Setting next_dagrun for taskflow_branching_operators_dag to 2024-03-13 00:00:00+00:00, run_after=2024-03-14 00:00:00+00:00
[2024-03-14T08:10:21.939+0530] {processor.py:183} INFO - Processing /home/kai/airflow/dags/taskflow_branching_operators_dag.py took 0.483 seconds
[2024-03-14T08:10:52.297+0530] {processor.py:161} INFO - Started process (PID=310186) to work on /home/kai/airflow/dags/taskflow_branching_operators_dag.py
[2024-03-14T08:10:52.300+0530] {processor.py:830} INFO - Processing file /home/kai/airflow/dags/taskflow_branching_operators_dag.py for tasks to queue
[2024-03-14T08:10:52.301+0530] {logging_mixin.py:188} INFO - [2024-03-14T08:10:52.301+0530] {dagbag.py:540} INFO - Filling up the DagBag from /home/kai/airflow/dags/taskflow_branching_operators_dag.py
[2024-03-14T08:10:52.773+0530] {processor.py:840} INFO - DAG(s) 'taskflow_branching_operators_dag' retrieved from /home/kai/airflow/dags/taskflow_branching_operators_dag.py
[2024-03-14T08:10:52.793+0530] {logging_mixin.py:188} INFO - [2024-03-14T08:10:52.793+0530] {dag.py:3047} INFO - Sync 1 DAGs
[2024-03-14T08:10:52.813+0530] {logging_mixin.py:188} INFO - [2024-03-14T08:10:52.813+0530] {dag.py:3834} INFO - Setting next_dagrun for taskflow_branching_operators_dag to 2024-03-13 00:00:00+00:00, run_after=2024-03-14 00:00:00+00:00
[2024-03-14T08:10:52.848+0530] {processor.py:183} INFO - Processing /home/kai/airflow/dags/taskflow_branching_operators_dag.py took 0.555 seconds
[2024-03-14T08:11:22.943+0530] {processor.py:161} INFO - Started process (PID=310240) to work on /home/kai/airflow/dags/taskflow_branching_operators_dag.py
[2024-03-14T08:11:22.946+0530] {processor.py:830} INFO - Processing file /home/kai/airflow/dags/taskflow_branching_operators_dag.py for tasks to queue
[2024-03-14T08:11:22.947+0530] {logging_mixin.py:188} INFO - [2024-03-14T08:11:22.947+0530] {dagbag.py:540} INFO - Filling up the DagBag from /home/kai/airflow/dags/taskflow_branching_operators_dag.py
[2024-03-14T08:11:23.441+0530] {processor.py:840} INFO - DAG(s) 'taskflow_branching_operators_dag' retrieved from /home/kai/airflow/dags/taskflow_branching_operators_dag.py
[2024-03-14T08:11:23.458+0530] {logging_mixin.py:188} INFO - [2024-03-14T08:11:23.458+0530] {dag.py:3047} INFO - Sync 1 DAGs
[2024-03-14T08:11:23.475+0530] {logging_mixin.py:188} INFO - [2024-03-14T08:11:23.475+0530] {dag.py:3834} INFO - Setting next_dagrun for taskflow_branching_operators_dag to 2024-03-13 00:00:00+00:00, run_after=2024-03-14 00:00:00+00:00
[2024-03-14T08:11:23.511+0530] {processor.py:183} INFO - Processing /home/kai/airflow/dags/taskflow_branching_operators_dag.py took 0.573 seconds
[2024-03-14T08:11:53.837+0530] {processor.py:161} INFO - Started process (PID=310291) to work on /home/kai/airflow/dags/taskflow_branching_operators_dag.py
[2024-03-14T08:11:53.839+0530] {processor.py:830} INFO - Processing file /home/kai/airflow/dags/taskflow_branching_operators_dag.py for tasks to queue
[2024-03-14T08:11:53.841+0530] {logging_mixin.py:188} INFO - [2024-03-14T08:11:53.840+0530] {dagbag.py:540} INFO - Filling up the DagBag from /home/kai/airflow/dags/taskflow_branching_operators_dag.py
[2024-03-14T08:11:54.315+0530] {processor.py:840} INFO - DAG(s) 'taskflow_branching_operators_dag' retrieved from /home/kai/airflow/dags/taskflow_branching_operators_dag.py
[2024-03-14T08:11:54.333+0530] {logging_mixin.py:188} INFO - [2024-03-14T08:11:54.333+0530] {dag.py:3047} INFO - Sync 1 DAGs
[2024-03-14T08:11:54.350+0530] {logging_mixin.py:188} INFO - [2024-03-14T08:11:54.350+0530] {dag.py:3834} INFO - Setting next_dagrun for taskflow_branching_operators_dag to 2024-03-13 00:00:00+00:00, run_after=2024-03-14 00:00:00+00:00
[2024-03-14T08:11:54.388+0530] {processor.py:183} INFO - Processing /home/kai/airflow/dags/taskflow_branching_operators_dag.py took 0.556 seconds
[2024-03-14T08:12:24.931+0530] {processor.py:161} INFO - Started process (PID=310343) to work on /home/kai/airflow/dags/taskflow_branching_operators_dag.py
[2024-03-14T08:12:24.933+0530] {processor.py:830} INFO - Processing file /home/kai/airflow/dags/taskflow_branching_operators_dag.py for tasks to queue
[2024-03-14T08:12:24.934+0530] {logging_mixin.py:188} INFO - [2024-03-14T08:12:24.933+0530] {dagbag.py:540} INFO - Filling up the DagBag from /home/kai/airflow/dags/taskflow_branching_operators_dag.py
[2024-03-14T08:12:25.359+0530] {processor.py:840} INFO - DAG(s) 'taskflow_branching_operators_dag' retrieved from /home/kai/airflow/dags/taskflow_branching_operators_dag.py
[2024-03-14T08:12:25.373+0530] {logging_mixin.py:188} INFO - [2024-03-14T08:12:25.373+0530] {dag.py:3047} INFO - Sync 1 DAGs
[2024-03-14T08:12:25.390+0530] {logging_mixin.py:188} INFO - [2024-03-14T08:12:25.389+0530] {dag.py:3834} INFO - Setting next_dagrun for taskflow_branching_operators_dag to 2024-03-13 00:00:00+00:00, run_after=2024-03-14 00:00:00+00:00
[2024-03-14T08:12:25.431+0530] {processor.py:183} INFO - Processing /home/kai/airflow/dags/taskflow_branching_operators_dag.py took 0.505 seconds
[2024-03-14T08:12:55.997+0530] {processor.py:161} INFO - Started process (PID=310397) to work on /home/kai/airflow/dags/taskflow_branching_operators_dag.py
[2024-03-14T08:12:55.998+0530] {processor.py:830} INFO - Processing file /home/kai/airflow/dags/taskflow_branching_operators_dag.py for tasks to queue
[2024-03-14T08:12:55.998+0530] {logging_mixin.py:188} INFO - [2024-03-14T08:12:55.998+0530] {dagbag.py:540} INFO - Filling up the DagBag from /home/kai/airflow/dags/taskflow_branching_operators_dag.py
[2024-03-14T08:12:56.406+0530] {processor.py:840} INFO - DAG(s) 'taskflow_branching_operators_dag' retrieved from /home/kai/airflow/dags/taskflow_branching_operators_dag.py
[2024-03-14T08:12:56.422+0530] {logging_mixin.py:188} INFO - [2024-03-14T08:12:56.421+0530] {dag.py:3047} INFO - Sync 1 DAGs
[2024-03-14T08:12:56.437+0530] {logging_mixin.py:188} INFO - [2024-03-14T08:12:56.437+0530] {dag.py:3834} INFO - Setting next_dagrun for taskflow_branching_operators_dag to 2024-03-13 00:00:00+00:00, run_after=2024-03-14 00:00:00+00:00
[2024-03-14T08:12:56.473+0530] {processor.py:183} INFO - Processing /home/kai/airflow/dags/taskflow_branching_operators_dag.py took 0.480 seconds
[2024-03-14T08:13:26.781+0530] {processor.py:161} INFO - Started process (PID=310448) to work on /home/kai/airflow/dags/taskflow_branching_operators_dag.py
[2024-03-14T08:13:26.784+0530] {processor.py:830} INFO - Processing file /home/kai/airflow/dags/taskflow_branching_operators_dag.py for tasks to queue
[2024-03-14T08:13:26.785+0530] {logging_mixin.py:188} INFO - [2024-03-14T08:13:26.785+0530] {dagbag.py:540} INFO - Filling up the DagBag from /home/kai/airflow/dags/taskflow_branching_operators_dag.py
[2024-03-14T08:13:27.190+0530] {processor.py:840} INFO - DAG(s) 'taskflow_branching_operators_dag' retrieved from /home/kai/airflow/dags/taskflow_branching_operators_dag.py
[2024-03-14T08:13:27.205+0530] {logging_mixin.py:188} INFO - [2024-03-14T08:13:27.205+0530] {dag.py:3047} INFO - Sync 1 DAGs
[2024-03-14T08:13:27.221+0530] {logging_mixin.py:188} INFO - [2024-03-14T08:13:27.220+0530] {dag.py:3834} INFO - Setting next_dagrun for taskflow_branching_operators_dag to 2024-03-13 00:00:00+00:00, run_after=2024-03-14 00:00:00+00:00
[2024-03-14T08:13:27.254+0530] {processor.py:183} INFO - Processing /home/kai/airflow/dags/taskflow_branching_operators_dag.py took 0.476 seconds
[2024-03-14T08:13:57.500+0530] {processor.py:161} INFO - Started process (PID=310500) to work on /home/kai/airflow/dags/taskflow_branching_operators_dag.py
[2024-03-14T08:13:57.503+0530] {processor.py:830} INFO - Processing file /home/kai/airflow/dags/taskflow_branching_operators_dag.py for tasks to queue
[2024-03-14T08:13:57.504+0530] {logging_mixin.py:188} INFO - [2024-03-14T08:13:57.504+0530] {dagbag.py:540} INFO - Filling up the DagBag from /home/kai/airflow/dags/taskflow_branching_operators_dag.py
[2024-03-14T08:13:57.908+0530] {processor.py:840} INFO - DAG(s) 'taskflow_branching_operators_dag' retrieved from /home/kai/airflow/dags/taskflow_branching_operators_dag.py
[2024-03-14T08:13:57.923+0530] {logging_mixin.py:188} INFO - [2024-03-14T08:13:57.923+0530] {dag.py:3047} INFO - Sync 1 DAGs
[2024-03-14T08:13:57.939+0530] {logging_mixin.py:188} INFO - [2024-03-14T08:13:57.939+0530] {dag.py:3834} INFO - Setting next_dagrun for taskflow_branching_operators_dag to 2024-03-13 00:00:00+00:00, run_after=2024-03-14 00:00:00+00:00
[2024-03-14T08:13:57.980+0530] {processor.py:183} INFO - Processing /home/kai/airflow/dags/taskflow_branching_operators_dag.py took 0.483 seconds
[2024-03-14T08:14:28.109+0530] {processor.py:161} INFO - Started process (PID=310551) to work on /home/kai/airflow/dags/taskflow_branching_operators_dag.py
[2024-03-14T08:14:28.112+0530] {processor.py:830} INFO - Processing file /home/kai/airflow/dags/taskflow_branching_operators_dag.py for tasks to queue
[2024-03-14T08:14:28.113+0530] {logging_mixin.py:188} INFO - [2024-03-14T08:14:28.113+0530] {dagbag.py:540} INFO - Filling up the DagBag from /home/kai/airflow/dags/taskflow_branching_operators_dag.py
[2024-03-14T08:14:28.514+0530] {processor.py:840} INFO - DAG(s) 'taskflow_branching_operators_dag' retrieved from /home/kai/airflow/dags/taskflow_branching_operators_dag.py
[2024-03-14T08:14:28.529+0530] {logging_mixin.py:188} INFO - [2024-03-14T08:14:28.529+0530] {dag.py:3047} INFO - Sync 1 DAGs
[2024-03-14T08:14:28.546+0530] {logging_mixin.py:188} INFO - [2024-03-14T08:14:28.545+0530] {dag.py:3834} INFO - Setting next_dagrun for taskflow_branching_operators_dag to 2024-03-13 00:00:00+00:00, run_after=2024-03-14 00:00:00+00:00
[2024-03-14T08:14:28.582+0530] {processor.py:183} INFO - Processing /home/kai/airflow/dags/taskflow_branching_operators_dag.py took 0.476 seconds
[2024-03-14T08:14:58.815+0530] {processor.py:161} INFO - Started process (PID=310603) to work on /home/kai/airflow/dags/taskflow_branching_operators_dag.py
[2024-03-14T08:14:58.820+0530] {processor.py:830} INFO - Processing file /home/kai/airflow/dags/taskflow_branching_operators_dag.py for tasks to queue
[2024-03-14T08:14:58.821+0530] {logging_mixin.py:188} INFO - [2024-03-14T08:14:58.820+0530] {dagbag.py:540} INFO - Filling up the DagBag from /home/kai/airflow/dags/taskflow_branching_operators_dag.py
[2024-03-14T08:14:59.220+0530] {processor.py:840} INFO - DAG(s) 'taskflow_branching_operators_dag' retrieved from /home/kai/airflow/dags/taskflow_branching_operators_dag.py
[2024-03-14T08:14:59.237+0530] {logging_mixin.py:188} INFO - [2024-03-14T08:14:59.236+0530] {dag.py:3047} INFO - Sync 1 DAGs
[2024-03-14T08:14:59.253+0530] {logging_mixin.py:188} INFO - [2024-03-14T08:14:59.253+0530] {dag.py:3834} INFO - Setting next_dagrun for taskflow_branching_operators_dag to 2024-03-13 00:00:00+00:00, run_after=2024-03-14 00:00:00+00:00
[2024-03-14T08:14:59.293+0530] {processor.py:183} INFO - Processing /home/kai/airflow/dags/taskflow_branching_operators_dag.py took 0.481 seconds
[2024-03-14T08:15:29.553+0530] {processor.py:161} INFO - Started process (PID=310657) to work on /home/kai/airflow/dags/taskflow_branching_operators_dag.py
[2024-03-14T08:15:29.554+0530] {processor.py:830} INFO - Processing file /home/kai/airflow/dags/taskflow_branching_operators_dag.py for tasks to queue
[2024-03-14T08:15:29.555+0530] {logging_mixin.py:188} INFO - [2024-03-14T08:15:29.555+0530] {dagbag.py:540} INFO - Filling up the DagBag from /home/kai/airflow/dags/taskflow_branching_operators_dag.py
[2024-03-14T08:15:29.955+0530] {processor.py:840} INFO - DAG(s) 'taskflow_branching_operators_dag' retrieved from /home/kai/airflow/dags/taskflow_branching_operators_dag.py
[2024-03-14T08:15:29.969+0530] {logging_mixin.py:188} INFO - [2024-03-14T08:15:29.969+0530] {dag.py:3047} INFO - Sync 1 DAGs
[2024-03-14T08:15:29.984+0530] {logging_mixin.py:188} INFO - [2024-03-14T08:15:29.984+0530] {dag.py:3834} INFO - Setting next_dagrun for taskflow_branching_operators_dag to 2024-03-13 00:00:00+00:00, run_after=2024-03-14 00:00:00+00:00
[2024-03-14T08:15:30.021+0530] {processor.py:183} INFO - Processing /home/kai/airflow/dags/taskflow_branching_operators_dag.py took 0.471 seconds
[2024-03-14T08:16:00.211+0530] {processor.py:161} INFO - Started process (PID=310711) to work on /home/kai/airflow/dags/taskflow_branching_operators_dag.py
[2024-03-14T08:16:00.216+0530] {processor.py:830} INFO - Processing file /home/kai/airflow/dags/taskflow_branching_operators_dag.py for tasks to queue
[2024-03-14T08:16:00.217+0530] {logging_mixin.py:188} INFO - [2024-03-14T08:16:00.216+0530] {dagbag.py:540} INFO - Filling up the DagBag from /home/kai/airflow/dags/taskflow_branching_operators_dag.py
[2024-03-14T08:16:00.617+0530] {processor.py:840} INFO - DAG(s) 'taskflow_branching_operators_dag' retrieved from /home/kai/airflow/dags/taskflow_branching_operators_dag.py
[2024-03-14T08:16:00.632+0530] {logging_mixin.py:188} INFO - [2024-03-14T08:16:00.632+0530] {dag.py:3047} INFO - Sync 1 DAGs
[2024-03-14T08:16:00.647+0530] {logging_mixin.py:188} INFO - [2024-03-14T08:16:00.647+0530] {dag.py:3834} INFO - Setting next_dagrun for taskflow_branching_operators_dag to 2024-03-13 00:00:00+00:00, run_after=2024-03-14 00:00:00+00:00
[2024-03-14T08:16:00.688+0530] {processor.py:183} INFO - Processing /home/kai/airflow/dags/taskflow_branching_operators_dag.py took 0.479 seconds
[2024-03-14T08:16:30.912+0530] {processor.py:161} INFO - Started process (PID=310762) to work on /home/kai/airflow/dags/taskflow_branching_operators_dag.py
[2024-03-14T08:16:30.915+0530] {processor.py:830} INFO - Processing file /home/kai/airflow/dags/taskflow_branching_operators_dag.py for tasks to queue
[2024-03-14T08:16:30.916+0530] {logging_mixin.py:188} INFO - [2024-03-14T08:16:30.916+0530] {dagbag.py:540} INFO - Filling up the DagBag from /home/kai/airflow/dags/taskflow_branching_operators_dag.py
[2024-03-14T08:16:31.483+0530] {processor.py:840} INFO - DAG(s) 'taskflow_branching_operators_dag' retrieved from /home/kai/airflow/dags/taskflow_branching_operators_dag.py
[2024-03-14T08:16:31.500+0530] {logging_mixin.py:188} INFO - [2024-03-14T08:16:31.499+0530] {dag.py:3047} INFO - Sync 1 DAGs
[2024-03-14T08:16:31.517+0530] {logging_mixin.py:188} INFO - [2024-03-14T08:16:31.517+0530] {dag.py:3834} INFO - Setting next_dagrun for taskflow_branching_operators_dag to 2024-03-13 00:00:00+00:00, run_after=2024-03-14 00:00:00+00:00
[2024-03-14T08:16:31.567+0530] {processor.py:183} INFO - Processing /home/kai/airflow/dags/taskflow_branching_operators_dag.py took 0.658 seconds
