[2024-03-09T15:44:16.793+0530] {processor.py:161} INFO - Started process (PID=4658) to work on /home/kai/.local/lib/python3.10/site-packages/airflow/example_dags/example_params_ui_tutorial.py
[2024-03-09T15:44:16.794+0530] {processor.py:830} INFO - Processing file /home/kai/.local/lib/python3.10/site-packages/airflow/example_dags/example_params_ui_tutorial.py for tasks to queue
[2024-03-09T15:44:16.795+0530] {logging_mixin.py:188} INFO - [2024-03-09T15:44:16.795+0530] {dagbag.py:540} INFO - Filling up the DagBag from /home/kai/.local/lib/python3.10/site-packages/airflow/example_dags/example_params_ui_tutorial.py
[2024-03-09T15:44:16.806+0530] {processor.py:840} INFO - DAG(s) 'example_params_ui_tutorial' retrieved from /home/kai/.local/lib/python3.10/site-packages/airflow/example_dags/example_params_ui_tutorial.py
[2024-03-09T15:44:16.957+0530] {logging_mixin.py:188} INFO - [2024-03-09T15:44:16.957+0530] {override.py:1769} INFO - Created Permission View: can delete on DAG:example_params_ui_tutorial
[2024-03-09T15:44:16.983+0530] {logging_mixin.py:188} INFO - [2024-03-09T15:44:16.983+0530] {override.py:1769} INFO - Created Permission View: can read on DAG:example_params_ui_tutorial
[2024-03-09T15:44:17.006+0530] {logging_mixin.py:188} INFO - [2024-03-09T15:44:17.006+0530] {override.py:1769} INFO - Created Permission View: can edit on DAG:example_params_ui_tutorial
[2024-03-09T15:44:17.007+0530] {logging_mixin.py:188} INFO - [2024-03-09T15:44:17.007+0530] {dag.py:3047} INFO - Sync 1 DAGs
[2024-03-09T15:44:17.095+0530] {logging_mixin.py:188} INFO - [2024-03-09T15:44:17.095+0530] {dag.py:3069} INFO - Creating ORM DAG for example_params_ui_tutorial
[2024-03-09T15:44:17.095+0530] {logging_mixin.py:188} INFO - [2024-03-09T15:44:17.095+0530] {dag.py:3834} INFO - Setting next_dagrun for example_params_ui_tutorial to None, run_after=None
[2024-03-09T15:44:17.134+0530] {processor.py:183} INFO - Processing /home/kai/.local/lib/python3.10/site-packages/airflow/example_dags/example_params_ui_tutorial.py took 0.343 seconds
[2024-03-09T15:45:18.426+0530] {processor.py:161} INFO - Started process (PID=4717) to work on /home/kai/.local/lib/python3.10/site-packages/airflow/example_dags/example_params_ui_tutorial.py
[2024-03-09T15:45:18.429+0530] {processor.py:830} INFO - Processing file /home/kai/.local/lib/python3.10/site-packages/airflow/example_dags/example_params_ui_tutorial.py for tasks to queue
[2024-03-09T15:45:18.430+0530] {logging_mixin.py:188} INFO - [2024-03-09T15:45:18.429+0530] {dagbag.py:540} INFO - Filling up the DagBag from /home/kai/.local/lib/python3.10/site-packages/airflow/example_dags/example_params_ui_tutorial.py
[2024-03-09T15:45:18.448+0530] {processor.py:840} INFO - DAG(s) 'example_params_ui_tutorial' retrieved from /home/kai/.local/lib/python3.10/site-packages/airflow/example_dags/example_params_ui_tutorial.py
[2024-03-09T15:45:18.516+0530] {logging_mixin.py:188} INFO - [2024-03-09T15:45:18.516+0530] {dag.py:3047} INFO - Sync 1 DAGs
[2024-03-09T15:45:18.595+0530] {logging_mixin.py:188} INFO - [2024-03-09T15:45:18.594+0530] {dag.py:3834} INFO - Setting next_dagrun for example_params_ui_tutorial to None, run_after=None
[2024-03-09T15:45:18.661+0530] {processor.py:183} INFO - Processing /home/kai/.local/lib/python3.10/site-packages/airflow/example_dags/example_params_ui_tutorial.py took 0.238 seconds
[2024-03-09T15:46:13.639+0530] {processor.py:161} INFO - Started process (PID=4774) to work on /home/kai/.local/lib/python3.10/site-packages/airflow/example_dags/example_params_ui_tutorial.py
[2024-03-09T15:46:13.644+0530] {processor.py:830} INFO - Processing file /home/kai/.local/lib/python3.10/site-packages/airflow/example_dags/example_params_ui_tutorial.py for tasks to queue
[2024-03-09T15:46:13.645+0530] {logging_mixin.py:188} INFO - [2024-03-09T15:46:13.644+0530] {dagbag.py:540} INFO - Filling up the DagBag from /home/kai/.local/lib/python3.10/site-packages/airflow/example_dags/example_params_ui_tutorial.py
[2024-03-09T15:46:13.656+0530] {processor.py:840} INFO - DAG(s) 'example_params_ui_tutorial' retrieved from /home/kai/.local/lib/python3.10/site-packages/airflow/example_dags/example_params_ui_tutorial.py
[2024-03-09T15:46:13.785+0530] {logging_mixin.py:188} INFO - [2024-03-09T15:46:13.784+0530] {dag.py:3047} INFO - Sync 1 DAGs
[2024-03-09T15:46:13.793+0530] {logging_mixin.py:188} INFO - [2024-03-09T15:46:13.793+0530] {dag.py:3834} INFO - Setting next_dagrun for example_params_ui_tutorial to None, run_after=None
[2024-03-09T15:46:13.827+0530] {processor.py:183} INFO - Processing /home/kai/.local/lib/python3.10/site-packages/airflow/example_dags/example_params_ui_tutorial.py took 0.191 seconds
[2024-03-09T15:47:03.311+0530] {processor.py:161} INFO - Started process (PID=4822) to work on /home/kai/.local/lib/python3.10/site-packages/airflow/example_dags/example_params_ui_tutorial.py
[2024-03-09T15:47:03.314+0530] {processor.py:830} INFO - Processing file /home/kai/.local/lib/python3.10/site-packages/airflow/example_dags/example_params_ui_tutorial.py for tasks to queue
[2024-03-09T15:47:03.315+0530] {logging_mixin.py:188} INFO - [2024-03-09T15:47:03.315+0530] {dagbag.py:540} INFO - Filling up the DagBag from /home/kai/.local/lib/python3.10/site-packages/airflow/example_dags/example_params_ui_tutorial.py
[2024-03-09T15:47:03.328+0530] {processor.py:840} INFO - DAG(s) 'example_params_ui_tutorial' retrieved from /home/kai/.local/lib/python3.10/site-packages/airflow/example_dags/example_params_ui_tutorial.py
[2024-03-09T15:47:03.368+0530] {logging_mixin.py:188} INFO - [2024-03-09T15:47:03.368+0530] {dag.py:3047} INFO - Sync 1 DAGs
[2024-03-09T15:47:03.378+0530] {logging_mixin.py:188} INFO - [2024-03-09T15:47:03.378+0530] {dag.py:3834} INFO - Setting next_dagrun for example_params_ui_tutorial to None, run_after=None
[2024-03-09T15:47:03.417+0530] {processor.py:183} INFO - Processing /home/kai/.local/lib/python3.10/site-packages/airflow/example_dags/example_params_ui_tutorial.py took 0.110 seconds
[2024-03-09T15:47:58.578+0530] {processor.py:161} INFO - Started process (PID=4877) to work on /home/kai/.local/lib/python3.10/site-packages/airflow/example_dags/example_params_ui_tutorial.py
[2024-03-09T15:47:58.581+0530] {processor.py:830} INFO - Processing file /home/kai/.local/lib/python3.10/site-packages/airflow/example_dags/example_params_ui_tutorial.py for tasks to queue
[2024-03-09T15:47:58.582+0530] {logging_mixin.py:188} INFO - [2024-03-09T15:47:58.582+0530] {dagbag.py:540} INFO - Filling up the DagBag from /home/kai/.local/lib/python3.10/site-packages/airflow/example_dags/example_params_ui_tutorial.py
[2024-03-09T15:47:58.595+0530] {processor.py:840} INFO - DAG(s) 'example_params_ui_tutorial' retrieved from /home/kai/.local/lib/python3.10/site-packages/airflow/example_dags/example_params_ui_tutorial.py
[2024-03-09T15:47:58.635+0530] {logging_mixin.py:188} INFO - [2024-03-09T15:47:58.635+0530] {dag.py:3047} INFO - Sync 1 DAGs
[2024-03-09T15:47:58.644+0530] {logging_mixin.py:188} INFO - [2024-03-09T15:47:58.644+0530] {dag.py:3834} INFO - Setting next_dagrun for example_params_ui_tutorial to None, run_after=None
[2024-03-09T15:47:58.687+0530] {processor.py:183} INFO - Processing /home/kai/.local/lib/python3.10/site-packages/airflow/example_dags/example_params_ui_tutorial.py took 0.112 seconds
[2024-03-09T15:49:01.552+0530] {processor.py:161} INFO - Started process (PID=4962) to work on /home/kai/.local/lib/python3.10/site-packages/airflow/example_dags/example_params_ui_tutorial.py
[2024-03-09T15:49:01.555+0530] {processor.py:830} INFO - Processing file /home/kai/.local/lib/python3.10/site-packages/airflow/example_dags/example_params_ui_tutorial.py for tasks to queue
[2024-03-09T15:49:01.556+0530] {logging_mixin.py:188} INFO - [2024-03-09T15:49:01.556+0530] {dagbag.py:540} INFO - Filling up the DagBag from /home/kai/.local/lib/python3.10/site-packages/airflow/example_dags/example_params_ui_tutorial.py
[2024-03-09T15:49:01.568+0530] {processor.py:840} INFO - DAG(s) 'example_params_ui_tutorial' retrieved from /home/kai/.local/lib/python3.10/site-packages/airflow/example_dags/example_params_ui_tutorial.py
[2024-03-09T15:49:01.613+0530] {logging_mixin.py:188} INFO - [2024-03-09T15:49:01.613+0530] {dag.py:3047} INFO - Sync 1 DAGs
[2024-03-09T15:49:01.623+0530] {logging_mixin.py:188} INFO - [2024-03-09T15:49:01.622+0530] {dag.py:3834} INFO - Setting next_dagrun for example_params_ui_tutorial to None, run_after=None
[2024-03-09T15:49:01.658+0530] {processor.py:183} INFO - Processing /home/kai/.local/lib/python3.10/site-packages/airflow/example_dags/example_params_ui_tutorial.py took 0.109 seconds
[2024-03-09T15:49:53.321+0530] {processor.py:161} INFO - Started process (PID=5022) to work on /home/kai/.local/lib/python3.10/site-packages/airflow/example_dags/example_params_ui_tutorial.py
[2024-03-09T15:49:53.324+0530] {processor.py:830} INFO - Processing file /home/kai/.local/lib/python3.10/site-packages/airflow/example_dags/example_params_ui_tutorial.py for tasks to queue
[2024-03-09T15:49:53.325+0530] {logging_mixin.py:188} INFO - [2024-03-09T15:49:53.325+0530] {dagbag.py:540} INFO - Filling up the DagBag from /home/kai/.local/lib/python3.10/site-packages/airflow/example_dags/example_params_ui_tutorial.py
[2024-03-09T15:49:53.337+0530] {processor.py:840} INFO - DAG(s) 'example_params_ui_tutorial' retrieved from /home/kai/.local/lib/python3.10/site-packages/airflow/example_dags/example_params_ui_tutorial.py
[2024-03-09T15:49:53.380+0530] {logging_mixin.py:188} INFO - [2024-03-09T15:49:53.379+0530] {dag.py:3047} INFO - Sync 1 DAGs
[2024-03-09T15:49:53.389+0530] {logging_mixin.py:188} INFO - [2024-03-09T15:49:53.389+0530] {dag.py:3834} INFO - Setting next_dagrun for example_params_ui_tutorial to None, run_after=None
[2024-03-09T15:49:53.424+0530] {processor.py:183} INFO - Processing /home/kai/.local/lib/python3.10/site-packages/airflow/example_dags/example_params_ui_tutorial.py took 0.107 seconds
[2024-03-09T15:51:07.781+0530] {processor.py:161} INFO - Started process (PID=5100) to work on /home/kai/.local/lib/python3.10/site-packages/airflow/example_dags/example_params_ui_tutorial.py
[2024-03-09T15:51:07.784+0530] {processor.py:830} INFO - Processing file /home/kai/.local/lib/python3.10/site-packages/airflow/example_dags/example_params_ui_tutorial.py for tasks to queue
[2024-03-09T15:51:07.785+0530] {logging_mixin.py:188} INFO - [2024-03-09T15:51:07.785+0530] {dagbag.py:540} INFO - Filling up the DagBag from /home/kai/.local/lib/python3.10/site-packages/airflow/example_dags/example_params_ui_tutorial.py
[2024-03-09T15:51:07.799+0530] {processor.py:840} INFO - DAG(s) 'example_params_ui_tutorial' retrieved from /home/kai/.local/lib/python3.10/site-packages/airflow/example_dags/example_params_ui_tutorial.py
[2024-03-09T15:51:07.851+0530] {logging_mixin.py:188} INFO - [2024-03-09T15:51:07.851+0530] {dag.py:3047} INFO - Sync 1 DAGs
[2024-03-09T15:51:07.863+0530] {logging_mixin.py:188} INFO - [2024-03-09T15:51:07.863+0530] {dag.py:3834} INFO - Setting next_dagrun for example_params_ui_tutorial to None, run_after=None
[2024-03-09T15:51:07.900+0530] {processor.py:183} INFO - Processing /home/kai/.local/lib/python3.10/site-packages/airflow/example_dags/example_params_ui_tutorial.py took 0.122 seconds
[2024-03-09T15:52:00.818+0530] {processor.py:161} INFO - Started process (PID=5160) to work on /home/kai/.local/lib/python3.10/site-packages/airflow/example_dags/example_params_ui_tutorial.py
[2024-03-09T15:52:00.820+0530] {processor.py:830} INFO - Processing file /home/kai/.local/lib/python3.10/site-packages/airflow/example_dags/example_params_ui_tutorial.py for tasks to queue
[2024-03-09T15:52:00.821+0530] {logging_mixin.py:188} INFO - [2024-03-09T15:52:00.820+0530] {dagbag.py:540} INFO - Filling up the DagBag from /home/kai/.local/lib/python3.10/site-packages/airflow/example_dags/example_params_ui_tutorial.py
[2024-03-09T15:52:00.834+0530] {processor.py:840} INFO - DAG(s) 'example_params_ui_tutorial' retrieved from /home/kai/.local/lib/python3.10/site-packages/airflow/example_dags/example_params_ui_tutorial.py
[2024-03-09T15:52:00.873+0530] {logging_mixin.py:188} INFO - [2024-03-09T15:52:00.873+0530] {dag.py:3047} INFO - Sync 1 DAGs
[2024-03-09T15:52:00.883+0530] {logging_mixin.py:188} INFO - [2024-03-09T15:52:00.882+0530] {dag.py:3834} INFO - Setting next_dagrun for example_params_ui_tutorial to None, run_after=None
[2024-03-09T15:52:00.919+0530] {processor.py:183} INFO - Processing /home/kai/.local/lib/python3.10/site-packages/airflow/example_dags/example_params_ui_tutorial.py took 0.105 seconds
[2024-03-09T15:52:52.706+0530] {processor.py:161} INFO - Started process (PID=5212) to work on /home/kai/.local/lib/python3.10/site-packages/airflow/example_dags/example_params_ui_tutorial.py
[2024-03-09T15:52:52.709+0530] {processor.py:830} INFO - Processing file /home/kai/.local/lib/python3.10/site-packages/airflow/example_dags/example_params_ui_tutorial.py for tasks to queue
[2024-03-09T15:52:52.711+0530] {logging_mixin.py:188} INFO - [2024-03-09T15:52:52.711+0530] {dagbag.py:540} INFO - Filling up the DagBag from /home/kai/.local/lib/python3.10/site-packages/airflow/example_dags/example_params_ui_tutorial.py
[2024-03-09T15:52:52.725+0530] {processor.py:840} INFO - DAG(s) 'example_params_ui_tutorial' retrieved from /home/kai/.local/lib/python3.10/site-packages/airflow/example_dags/example_params_ui_tutorial.py
[2024-03-09T15:52:52.775+0530] {logging_mixin.py:188} INFO - [2024-03-09T15:52:52.775+0530] {dag.py:3047} INFO - Sync 1 DAGs
[2024-03-09T15:52:52.787+0530] {logging_mixin.py:188} INFO - [2024-03-09T15:52:52.786+0530] {dag.py:3834} INFO - Setting next_dagrun for example_params_ui_tutorial to None, run_after=None
[2024-03-09T15:52:52.821+0530] {processor.py:183} INFO - Processing /home/kai/.local/lib/python3.10/site-packages/airflow/example_dags/example_params_ui_tutorial.py took 0.118 seconds
[2024-03-09T15:53:44.852+0530] {processor.py:161} INFO - Started process (PID=5266) to work on /home/kai/.local/lib/python3.10/site-packages/airflow/example_dags/example_params_ui_tutorial.py
[2024-03-09T15:53:44.855+0530] {processor.py:830} INFO - Processing file /home/kai/.local/lib/python3.10/site-packages/airflow/example_dags/example_params_ui_tutorial.py for tasks to queue
[2024-03-09T15:53:44.856+0530] {logging_mixin.py:188} INFO - [2024-03-09T15:53:44.856+0530] {dagbag.py:540} INFO - Filling up the DagBag from /home/kai/.local/lib/python3.10/site-packages/airflow/example_dags/example_params_ui_tutorial.py
[2024-03-09T15:53:44.867+0530] {processor.py:840} INFO - DAG(s) 'example_params_ui_tutorial' retrieved from /home/kai/.local/lib/python3.10/site-packages/airflow/example_dags/example_params_ui_tutorial.py
[2024-03-09T15:53:44.911+0530] {logging_mixin.py:188} INFO - [2024-03-09T15:53:44.911+0530] {dag.py:3047} INFO - Sync 1 DAGs
[2024-03-09T15:53:44.922+0530] {logging_mixin.py:188} INFO - [2024-03-09T15:53:44.921+0530] {dag.py:3834} INFO - Setting next_dagrun for example_params_ui_tutorial to None, run_after=None
[2024-03-09T15:53:44.962+0530] {processor.py:183} INFO - Processing /home/kai/.local/lib/python3.10/site-packages/airflow/example_dags/example_params_ui_tutorial.py took 0.113 seconds
[2024-03-09T15:54:41.759+0530] {processor.py:161} INFO - Started process (PID=5330) to work on /home/kai/.local/lib/python3.10/site-packages/airflow/example_dags/example_params_ui_tutorial.py
[2024-03-09T15:54:41.762+0530] {processor.py:830} INFO - Processing file /home/kai/.local/lib/python3.10/site-packages/airflow/example_dags/example_params_ui_tutorial.py for tasks to queue
[2024-03-09T15:54:41.763+0530] {logging_mixin.py:188} INFO - [2024-03-09T15:54:41.763+0530] {dagbag.py:540} INFO - Filling up the DagBag from /home/kai/.local/lib/python3.10/site-packages/airflow/example_dags/example_params_ui_tutorial.py
[2024-03-09T15:54:41.775+0530] {processor.py:840} INFO - DAG(s) 'example_params_ui_tutorial' retrieved from /home/kai/.local/lib/python3.10/site-packages/airflow/example_dags/example_params_ui_tutorial.py
[2024-03-09T15:54:41.816+0530] {logging_mixin.py:188} INFO - [2024-03-09T15:54:41.816+0530] {dag.py:3047} INFO - Sync 1 DAGs
[2024-03-09T15:54:41.826+0530] {logging_mixin.py:188} INFO - [2024-03-09T15:54:41.826+0530] {dag.py:3834} INFO - Setting next_dagrun for example_params_ui_tutorial to None, run_after=None
[2024-03-09T15:54:41.862+0530] {processor.py:183} INFO - Processing /home/kai/.local/lib/python3.10/site-packages/airflow/example_dags/example_params_ui_tutorial.py took 0.106 seconds
