[2024-03-09T15:44:05.859+0530] {processor.py:161} INFO - Started process (PID=4649) to work on /home/kai/.local/lib/python3.10/site-packages/airflow/example_dags/example_xcom.py
[2024-03-09T15:44:05.860+0530] {processor.py:830} INFO - Processing file /home/kai/.local/lib/python3.10/site-packages/airflow/example_dags/example_xcom.py for tasks to queue
[2024-03-09T15:44:05.862+0530] {logging_mixin.py:188} INFO - [2024-03-09T15:44:05.861+0530] {dagbag.py:540} INFO - Filling up the DagBag from /home/kai/.local/lib/python3.10/site-packages/airflow/example_dags/example_xcom.py
[2024-03-09T15:44:05.871+0530] {processor.py:840} INFO - DAG(s) 'example_xcom' retrieved from /home/kai/.local/lib/python3.10/site-packages/airflow/example_dags/example_xcom.py
[2024-03-09T15:44:06.003+0530] {logging_mixin.py:188} INFO - [2024-03-09T15:44:06.003+0530] {override.py:1769} INFO - Created Permission View: can delete on DAG:example_xcom
[2024-03-09T15:44:06.028+0530] {logging_mixin.py:188} INFO - [2024-03-09T15:44:06.027+0530] {override.py:1769} INFO - Created Permission View: can read on DAG:example_xcom
[2024-03-09T15:44:06.052+0530] {logging_mixin.py:188} INFO - [2024-03-09T15:44:06.052+0530] {override.py:1769} INFO - Created Permission View: can edit on DAG:example_xcom
[2024-03-09T15:44:06.053+0530] {logging_mixin.py:188} INFO - [2024-03-09T15:44:06.053+0530] {dag.py:3047} INFO - Sync 1 DAGs
[2024-03-09T15:44:06.061+0530] {logging_mixin.py:188} INFO - [2024-03-09T15:44:06.061+0530] {dag.py:3069} INFO - Creating ORM DAG for example_xcom
[2024-03-09T15:44:06.070+0530] {logging_mixin.py:188} INFO - [2024-03-09T15:44:06.070+0530] {dag.py:3834} INFO - Setting next_dagrun for example_xcom to 2021-01-01 00:00:00+00:00, run_after=2021-01-01 00:00:00+00:00
[2024-03-09T15:44:06.197+0530] {processor.py:183} INFO - Processing /home/kai/.local/lib/python3.10/site-packages/airflow/example_dags/example_xcom.py took 0.341 seconds
[2024-03-09T15:45:07.431+0530] {processor.py:161} INFO - Started process (PID=4705) to work on /home/kai/.local/lib/python3.10/site-packages/airflow/example_dags/example_xcom.py
[2024-03-09T15:45:07.434+0530] {processor.py:830} INFO - Processing file /home/kai/.local/lib/python3.10/site-packages/airflow/example_dags/example_xcom.py for tasks to queue
[2024-03-09T15:45:07.435+0530] {logging_mixin.py:188} INFO - [2024-03-09T15:45:07.434+0530] {dagbag.py:540} INFO - Filling up the DagBag from /home/kai/.local/lib/python3.10/site-packages/airflow/example_dags/example_xcom.py
[2024-03-09T15:45:07.443+0530] {processor.py:840} INFO - DAG(s) 'example_xcom' retrieved from /home/kai/.local/lib/python3.10/site-packages/airflow/example_dags/example_xcom.py
[2024-03-09T15:45:07.458+0530] {logging_mixin.py:188} INFO - [2024-03-09T15:45:07.458+0530] {dag.py:3047} INFO - Sync 1 DAGs
[2024-03-09T15:45:07.505+0530] {logging_mixin.py:188} INFO - [2024-03-09T15:45:07.505+0530] {dag.py:3834} INFO - Setting next_dagrun for example_xcom to 2021-01-01 00:00:00+00:00, run_after=2021-01-01 00:00:00+00:00
[2024-03-09T15:45:07.602+0530] {processor.py:183} INFO - Processing /home/kai/.local/lib/python3.10/site-packages/airflow/example_dags/example_xcom.py took 0.175 seconds
[2024-03-09T15:46:04.334+0530] {processor.py:161} INFO - Started process (PID=4765) to work on /home/kai/.local/lib/python3.10/site-packages/airflow/example_dags/example_xcom.py
[2024-03-09T15:46:04.336+0530] {processor.py:830} INFO - Processing file /home/kai/.local/lib/python3.10/site-packages/airflow/example_dags/example_xcom.py for tasks to queue
[2024-03-09T15:46:04.337+0530] {logging_mixin.py:188} INFO - [2024-03-09T15:46:04.337+0530] {dagbag.py:540} INFO - Filling up the DagBag from /home/kai/.local/lib/python3.10/site-packages/airflow/example_dags/example_xcom.py
[2024-03-09T15:46:04.345+0530] {processor.py:840} INFO - DAG(s) 'example_xcom' retrieved from /home/kai/.local/lib/python3.10/site-packages/airflow/example_dags/example_xcom.py
[2024-03-09T15:46:04.362+0530] {logging_mixin.py:188} INFO - [2024-03-09T15:46:04.362+0530] {dag.py:3047} INFO - Sync 1 DAGs
[2024-03-09T15:46:04.478+0530] {logging_mixin.py:188} INFO - [2024-03-09T15:46:04.477+0530] {dag.py:3834} INFO - Setting next_dagrun for example_xcom to 2021-01-01 00:00:00+00:00, run_after=2021-01-01 00:00:00+00:00
[2024-03-09T15:46:04.513+0530] {processor.py:183} INFO - Processing /home/kai/.local/lib/python3.10/site-packages/airflow/example_dags/example_xcom.py took 0.183 seconds
[2024-03-09T15:46:53.901+0530] {processor.py:161} INFO - Started process (PID=4813) to work on /home/kai/.local/lib/python3.10/site-packages/airflow/example_dags/example_xcom.py
[2024-03-09T15:46:53.904+0530] {processor.py:830} INFO - Processing file /home/kai/.local/lib/python3.10/site-packages/airflow/example_dags/example_xcom.py for tasks to queue
[2024-03-09T15:46:53.905+0530] {logging_mixin.py:188} INFO - [2024-03-09T15:46:53.904+0530] {dagbag.py:540} INFO - Filling up the DagBag from /home/kai/.local/lib/python3.10/site-packages/airflow/example_dags/example_xcom.py
[2024-03-09T15:46:53.913+0530] {processor.py:840} INFO - DAG(s) 'example_xcom' retrieved from /home/kai/.local/lib/python3.10/site-packages/airflow/example_dags/example_xcom.py
[2024-03-09T15:46:53.928+0530] {logging_mixin.py:188} INFO - [2024-03-09T15:46:53.928+0530] {dag.py:3047} INFO - Sync 1 DAGs
[2024-03-09T15:46:53.944+0530] {logging_mixin.py:188} INFO - [2024-03-09T15:46:53.944+0530] {dag.py:3834} INFO - Setting next_dagrun for example_xcom to 2021-01-01 00:00:00+00:00, run_after=2021-01-01 00:00:00+00:00
[2024-03-09T15:46:53.977+0530] {processor.py:183} INFO - Processing /home/kai/.local/lib/python3.10/site-packages/airflow/example_dags/example_xcom.py took 0.080 seconds
[2024-03-09T15:47:37.882+0530] {processor.py:161} INFO - Started process (PID=4857) to work on /home/kai/.local/lib/python3.10/site-packages/airflow/example_dags/example_xcom.py
[2024-03-09T15:47:37.884+0530] {processor.py:830} INFO - Processing file /home/kai/.local/lib/python3.10/site-packages/airflow/example_dags/example_xcom.py for tasks to queue
[2024-03-09T15:47:37.885+0530] {logging_mixin.py:188} INFO - [2024-03-09T15:47:37.884+0530] {dagbag.py:540} INFO - Filling up the DagBag from /home/kai/.local/lib/python3.10/site-packages/airflow/example_dags/example_xcom.py
[2024-03-09T15:47:37.894+0530] {processor.py:840} INFO - DAG(s) 'example_xcom' retrieved from /home/kai/.local/lib/python3.10/site-packages/airflow/example_dags/example_xcom.py
[2024-03-09T15:47:37.911+0530] {logging_mixin.py:188} INFO - [2024-03-09T15:47:37.911+0530] {dag.py:3047} INFO - Sync 1 DAGs
[2024-03-09T15:47:37.932+0530] {logging_mixin.py:188} INFO - [2024-03-09T15:47:37.932+0530] {dag.py:3834} INFO - Setting next_dagrun for example_xcom to 2021-01-01 00:00:00+00:00, run_after=2021-01-01 00:00:00+00:00
[2024-03-09T15:47:37.973+0530] {processor.py:183} INFO - Processing /home/kai/.local/lib/python3.10/site-packages/airflow/example_dags/example_xcom.py took 0.095 seconds
[2024-03-09T15:48:52.541+0530] {processor.py:161} INFO - Started process (PID=4951) to work on /home/kai/.local/lib/python3.10/site-packages/airflow/example_dags/example_xcom.py
[2024-03-09T15:48:52.544+0530] {processor.py:830} INFO - Processing file /home/kai/.local/lib/python3.10/site-packages/airflow/example_dags/example_xcom.py for tasks to queue
[2024-03-09T15:48:52.545+0530] {logging_mixin.py:188} INFO - [2024-03-09T15:48:52.545+0530] {dagbag.py:540} INFO - Filling up the DagBag from /home/kai/.local/lib/python3.10/site-packages/airflow/example_dags/example_xcom.py
[2024-03-09T15:48:52.554+0530] {processor.py:840} INFO - DAG(s) 'example_xcom' retrieved from /home/kai/.local/lib/python3.10/site-packages/airflow/example_dags/example_xcom.py
[2024-03-09T15:48:52.570+0530] {logging_mixin.py:188} INFO - [2024-03-09T15:48:52.570+0530] {dag.py:3047} INFO - Sync 1 DAGs
[2024-03-09T15:48:52.587+0530] {logging_mixin.py:188} INFO - [2024-03-09T15:48:52.587+0530] {dag.py:3834} INFO - Setting next_dagrun for example_xcom to 2021-01-01 00:00:00+00:00, run_after=2021-01-01 00:00:00+00:00
[2024-03-09T15:48:52.626+0530] {processor.py:183} INFO - Processing /home/kai/.local/lib/python3.10/site-packages/airflow/example_dags/example_xcom.py took 0.090 seconds
[2024-03-09T15:49:38.816+0530] {processor.py:161} INFO - Started process (PID=5007) to work on /home/kai/.local/lib/python3.10/site-packages/airflow/example_dags/example_xcom.py
[2024-03-09T15:49:38.819+0530] {processor.py:830} INFO - Processing file /home/kai/.local/lib/python3.10/site-packages/airflow/example_dags/example_xcom.py for tasks to queue
[2024-03-09T15:49:38.820+0530] {logging_mixin.py:188} INFO - [2024-03-09T15:49:38.820+0530] {dagbag.py:540} INFO - Filling up the DagBag from /home/kai/.local/lib/python3.10/site-packages/airflow/example_dags/example_xcom.py
[2024-03-09T15:49:38.829+0530] {processor.py:840} INFO - DAG(s) 'example_xcom' retrieved from /home/kai/.local/lib/python3.10/site-packages/airflow/example_dags/example_xcom.py
[2024-03-09T15:49:38.845+0530] {logging_mixin.py:188} INFO - [2024-03-09T15:49:38.845+0530] {dag.py:3047} INFO - Sync 1 DAGs
[2024-03-09T15:49:38.863+0530] {logging_mixin.py:188} INFO - [2024-03-09T15:49:38.863+0530] {dag.py:3834} INFO - Setting next_dagrun for example_xcom to 2021-01-01 00:00:00+00:00, run_after=2021-01-01 00:00:00+00:00
[2024-03-09T15:49:38.895+0530] {processor.py:183} INFO - Processing /home/kai/.local/lib/python3.10/site-packages/airflow/example_dags/example_xcom.py took 0.084 seconds
[2024-03-09T15:50:58.606+0530] {processor.py:161} INFO - Started process (PID=5091) to work on /home/kai/.local/lib/python3.10/site-packages/airflow/example_dags/example_xcom.py
[2024-03-09T15:50:58.609+0530] {processor.py:830} INFO - Processing file /home/kai/.local/lib/python3.10/site-packages/airflow/example_dags/example_xcom.py for tasks to queue
[2024-03-09T15:50:58.611+0530] {logging_mixin.py:188} INFO - [2024-03-09T15:50:58.610+0530] {dagbag.py:540} INFO - Filling up the DagBag from /home/kai/.local/lib/python3.10/site-packages/airflow/example_dags/example_xcom.py
[2024-03-09T15:50:58.619+0530] {processor.py:840} INFO - DAG(s) 'example_xcom' retrieved from /home/kai/.local/lib/python3.10/site-packages/airflow/example_dags/example_xcom.py
[2024-03-09T15:50:58.635+0530] {logging_mixin.py:188} INFO - [2024-03-09T15:50:58.635+0530] {dag.py:3047} INFO - Sync 1 DAGs
[2024-03-09T15:50:58.654+0530] {logging_mixin.py:188} INFO - [2024-03-09T15:50:58.654+0530] {dag.py:3834} INFO - Setting next_dagrun for example_xcom to 2021-01-01 00:00:00+00:00, run_after=2021-01-01 00:00:00+00:00
[2024-03-09T15:50:58.690+0530] {processor.py:183} INFO - Processing /home/kai/.local/lib/python3.10/site-packages/airflow/example_dags/example_xcom.py took 0.087 seconds
[2024-03-09T15:51:46.356+0530] {processor.py:161} INFO - Started process (PID=5143) to work on /home/kai/.local/lib/python3.10/site-packages/airflow/example_dags/example_xcom.py
[2024-03-09T15:51:46.359+0530] {processor.py:830} INFO - Processing file /home/kai/.local/lib/python3.10/site-packages/airflow/example_dags/example_xcom.py for tasks to queue
[2024-03-09T15:51:46.360+0530] {logging_mixin.py:188} INFO - [2024-03-09T15:51:46.359+0530] {dagbag.py:540} INFO - Filling up the DagBag from /home/kai/.local/lib/python3.10/site-packages/airflow/example_dags/example_xcom.py
[2024-03-09T15:51:46.367+0530] {processor.py:840} INFO - DAG(s) 'example_xcom' retrieved from /home/kai/.local/lib/python3.10/site-packages/airflow/example_dags/example_xcom.py
[2024-03-09T15:51:46.383+0530] {logging_mixin.py:188} INFO - [2024-03-09T15:51:46.382+0530] {dag.py:3047} INFO - Sync 1 DAGs
[2024-03-09T15:51:46.400+0530] {logging_mixin.py:188} INFO - [2024-03-09T15:51:46.399+0530] {dag.py:3834} INFO - Setting next_dagrun for example_xcom to 2021-01-01 00:00:00+00:00, run_after=2021-01-01 00:00:00+00:00
[2024-03-09T15:51:46.431+0530] {processor.py:183} INFO - Processing /home/kai/.local/lib/python3.10/site-packages/airflow/example_dags/example_xcom.py took 0.079 seconds
[2024-03-09T15:52:37.089+0530] {processor.py:161} INFO - Started process (PID=5197) to work on /home/kai/.local/lib/python3.10/site-packages/airflow/example_dags/example_xcom.py
[2024-03-09T15:52:37.092+0530] {processor.py:830} INFO - Processing file /home/kai/.local/lib/python3.10/site-packages/airflow/example_dags/example_xcom.py for tasks to queue
[2024-03-09T15:52:37.094+0530] {logging_mixin.py:188} INFO - [2024-03-09T15:52:37.093+0530] {dagbag.py:540} INFO - Filling up the DagBag from /home/kai/.local/lib/python3.10/site-packages/airflow/example_dags/example_xcom.py
[2024-03-09T15:52:37.101+0530] {processor.py:840} INFO - DAG(s) 'example_xcom' retrieved from /home/kai/.local/lib/python3.10/site-packages/airflow/example_dags/example_xcom.py
[2024-03-09T15:52:37.116+0530] {logging_mixin.py:188} INFO - [2024-03-09T15:52:37.116+0530] {dag.py:3047} INFO - Sync 1 DAGs
[2024-03-09T15:52:37.134+0530] {logging_mixin.py:188} INFO - [2024-03-09T15:52:37.133+0530] {dag.py:3834} INFO - Setting next_dagrun for example_xcom to 2021-01-01 00:00:00+00:00, run_after=2021-01-01 00:00:00+00:00
[2024-03-09T15:52:37.176+0530] {processor.py:183} INFO - Processing /home/kai/.local/lib/python3.10/site-packages/airflow/example_dags/example_xcom.py took 0.090 seconds
[2024-03-09T15:53:30.359+0530] {processor.py:161} INFO - Started process (PID=5250) to work on /home/kai/.local/lib/python3.10/site-packages/airflow/example_dags/example_xcom.py
[2024-03-09T15:53:30.361+0530] {processor.py:830} INFO - Processing file /home/kai/.local/lib/python3.10/site-packages/airflow/example_dags/example_xcom.py for tasks to queue
[2024-03-09T15:53:30.362+0530] {logging_mixin.py:188} INFO - [2024-03-09T15:53:30.362+0530] {dagbag.py:540} INFO - Filling up the DagBag from /home/kai/.local/lib/python3.10/site-packages/airflow/example_dags/example_xcom.py
[2024-03-09T15:53:30.370+0530] {processor.py:840} INFO - DAG(s) 'example_xcom' retrieved from /home/kai/.local/lib/python3.10/site-packages/airflow/example_dags/example_xcom.py
[2024-03-09T15:53:30.387+0530] {logging_mixin.py:188} INFO - [2024-03-09T15:53:30.387+0530] {dag.py:3047} INFO - Sync 1 DAGs
[2024-03-09T15:53:30.409+0530] {logging_mixin.py:188} INFO - [2024-03-09T15:53:30.409+0530] {dag.py:3834} INFO - Setting next_dagrun for example_xcom to 2021-01-01 00:00:00+00:00, run_after=2021-01-01 00:00:00+00:00
[2024-03-09T15:53:30.445+0530] {processor.py:183} INFO - Processing /home/kai/.local/lib/python3.10/site-packages/airflow/example_dags/example_xcom.py took 0.091 seconds
[2024-03-09T15:54:24.707+0530] {processor.py:161} INFO - Started process (PID=5307) to work on /home/kai/.local/lib/python3.10/site-packages/airflow/example_dags/example_xcom.py
[2024-03-09T15:54:24.710+0530] {processor.py:830} INFO - Processing file /home/kai/.local/lib/python3.10/site-packages/airflow/example_dags/example_xcom.py for tasks to queue
[2024-03-09T15:54:24.711+0530] {logging_mixin.py:188} INFO - [2024-03-09T15:54:24.711+0530] {dagbag.py:540} INFO - Filling up the DagBag from /home/kai/.local/lib/python3.10/site-packages/airflow/example_dags/example_xcom.py
[2024-03-09T15:54:24.719+0530] {processor.py:840} INFO - DAG(s) 'example_xcom' retrieved from /home/kai/.local/lib/python3.10/site-packages/airflow/example_dags/example_xcom.py
[2024-03-09T15:54:24.735+0530] {logging_mixin.py:188} INFO - [2024-03-09T15:54:24.735+0530] {dag.py:3047} INFO - Sync 1 DAGs
[2024-03-09T15:54:24.753+0530] {logging_mixin.py:188} INFO - [2024-03-09T15:54:24.753+0530] {dag.py:3834} INFO - Setting next_dagrun for example_xcom to 2021-01-01 00:00:00+00:00, run_after=2021-01-01 00:00:00+00:00
[2024-03-09T15:54:24.786+0530] {processor.py:183} INFO - Processing /home/kai/.local/lib/python3.10/site-packages/airflow/example_dags/example_xcom.py took 0.083 seconds
