[2024-03-09T15:44:08.780+0530] {processor.py:161} INFO - Started process (PID=4651) to work on /home/kai/.local/lib/python3.10/site-packages/airflow/example_dags/example_latest_only_with_trigger.py
[2024-03-09T15:44:08.781+0530] {processor.py:830} INFO - Processing file /home/kai/.local/lib/python3.10/site-packages/airflow/example_dags/example_latest_only_with_trigger.py for tasks to queue
[2024-03-09T15:44:08.782+0530] {logging_mixin.py:188} INFO - [2024-03-09T15:44:08.782+0530] {dagbag.py:540} INFO - Filling up the DagBag from /home/kai/.local/lib/python3.10/site-packages/airflow/example_dags/example_latest_only_with_trigger.py
[2024-03-09T15:44:08.788+0530] {processor.py:840} INFO - DAG(s) 'latest_only_with_trigger' retrieved from /home/kai/.local/lib/python3.10/site-packages/airflow/example_dags/example_latest_only_with_trigger.py
[2024-03-09T15:44:08.923+0530] {logging_mixin.py:188} INFO - [2024-03-09T15:44:08.922+0530] {override.py:1769} INFO - Created Permission View: can delete on DAG:latest_only_with_trigger
[2024-03-09T15:44:08.948+0530] {logging_mixin.py:188} INFO - [2024-03-09T15:44:08.948+0530] {override.py:1769} INFO - Created Permission View: can read on DAG:latest_only_with_trigger
[2024-03-09T15:44:08.971+0530] {logging_mixin.py:188} INFO - [2024-03-09T15:44:08.970+0530] {override.py:1769} INFO - Created Permission View: can edit on DAG:latest_only_with_trigger
[2024-03-09T15:44:08.971+0530] {logging_mixin.py:188} INFO - [2024-03-09T15:44:08.971+0530] {dag.py:3047} INFO - Sync 1 DAGs
[2024-03-09T15:44:08.980+0530] {logging_mixin.py:188} INFO - [2024-03-09T15:44:08.979+0530] {dag.py:3069} INFO - Creating ORM DAG for latest_only_with_trigger
[2024-03-09T15:44:09.067+0530] {logging_mixin.py:188} INFO - [2024-03-09T15:44:09.066+0530] {dag.py:3834} INFO - Setting next_dagrun for latest_only_with_trigger to 2024-03-09 04:00:00+00:00, run_after=2024-03-09 08:00:00+00:00
[2024-03-09T15:44:09.110+0530] {processor.py:183} INFO - Processing /home/kai/.local/lib/python3.10/site-packages/airflow/example_dags/example_latest_only_with_trigger.py took 0.333 seconds
[2024-03-09T15:45:09.365+0530] {processor.py:161} INFO - Started process (PID=4707) to work on /home/kai/.local/lib/python3.10/site-packages/airflow/example_dags/example_latest_only_with_trigger.py
[2024-03-09T15:45:09.366+0530] {processor.py:830} INFO - Processing file /home/kai/.local/lib/python3.10/site-packages/airflow/example_dags/example_latest_only_with_trigger.py for tasks to queue
[2024-03-09T15:45:09.367+0530] {logging_mixin.py:188} INFO - [2024-03-09T15:45:09.367+0530] {dagbag.py:540} INFO - Filling up the DagBag from /home/kai/.local/lib/python3.10/site-packages/airflow/example_dags/example_latest_only_with_trigger.py
[2024-03-09T15:45:09.373+0530] {processor.py:840} INFO - DAG(s) 'latest_only_with_trigger' retrieved from /home/kai/.local/lib/python3.10/site-packages/airflow/example_dags/example_latest_only_with_trigger.py
[2024-03-09T15:45:09.388+0530] {logging_mixin.py:188} INFO - [2024-03-09T15:45:09.388+0530] {dag.py:3047} INFO - Sync 1 DAGs
[2024-03-09T15:45:09.406+0530] {logging_mixin.py:188} INFO - [2024-03-09T15:45:09.406+0530] {dag.py:3834} INFO - Setting next_dagrun for latest_only_with_trigger to 2024-03-09 04:00:00+00:00, run_after=2024-03-09 08:00:00+00:00
[2024-03-09T15:45:09.448+0530] {processor.py:183} INFO - Processing /home/kai/.local/lib/python3.10/site-packages/airflow/example_dags/example_latest_only_with_trigger.py took 0.086 seconds
[2024-03-09T15:46:06.817+0530] {processor.py:161} INFO - Started process (PID=4767) to work on /home/kai/.local/lib/python3.10/site-packages/airflow/example_dags/example_latest_only_with_trigger.py
[2024-03-09T15:46:06.820+0530] {processor.py:830} INFO - Processing file /home/kai/.local/lib/python3.10/site-packages/airflow/example_dags/example_latest_only_with_trigger.py for tasks to queue
[2024-03-09T15:46:06.821+0530] {logging_mixin.py:188} INFO - [2024-03-09T15:46:06.820+0530] {dagbag.py:540} INFO - Filling up the DagBag from /home/kai/.local/lib/python3.10/site-packages/airflow/example_dags/example_latest_only_with_trigger.py
[2024-03-09T15:46:06.827+0530] {processor.py:840} INFO - DAG(s) 'latest_only_with_trigger' retrieved from /home/kai/.local/lib/python3.10/site-packages/airflow/example_dags/example_latest_only_with_trigger.py
[2024-03-09T15:46:06.842+0530] {logging_mixin.py:188} INFO - [2024-03-09T15:46:06.842+0530] {dag.py:3047} INFO - Sync 1 DAGs
[2024-03-09T15:46:06.942+0530] {logging_mixin.py:188} INFO - [2024-03-09T15:46:06.942+0530] {dag.py:3834} INFO - Setting next_dagrun for latest_only_with_trigger to 2024-03-09 04:00:00+00:00, run_after=2024-03-09 08:00:00+00:00
[2024-03-09T15:46:06.983+0530] {processor.py:183} INFO - Processing /home/kai/.local/lib/python3.10/site-packages/airflow/example_dags/example_latest_only_with_trigger.py took 0.168 seconds
[2024-03-09T15:46:56.195+0530] {processor.py:161} INFO - Started process (PID=4815) to work on /home/kai/.local/lib/python3.10/site-packages/airflow/example_dags/example_latest_only_with_trigger.py
[2024-03-09T15:46:56.198+0530] {processor.py:830} INFO - Processing file /home/kai/.local/lib/python3.10/site-packages/airflow/example_dags/example_latest_only_with_trigger.py for tasks to queue
[2024-03-09T15:46:56.199+0530] {logging_mixin.py:188} INFO - [2024-03-09T15:46:56.199+0530] {dagbag.py:540} INFO - Filling up the DagBag from /home/kai/.local/lib/python3.10/site-packages/airflow/example_dags/example_latest_only_with_trigger.py
[2024-03-09T15:46:56.206+0530] {processor.py:840} INFO - DAG(s) 'latest_only_with_trigger' retrieved from /home/kai/.local/lib/python3.10/site-packages/airflow/example_dags/example_latest_only_with_trigger.py
[2024-03-09T15:46:56.222+0530] {logging_mixin.py:188} INFO - [2024-03-09T15:46:56.222+0530] {dag.py:3047} INFO - Sync 1 DAGs
[2024-03-09T15:46:56.241+0530] {logging_mixin.py:188} INFO - [2024-03-09T15:46:56.241+0530] {dag.py:3834} INFO - Setting next_dagrun for latest_only_with_trigger to 2024-03-09 04:00:00+00:00, run_after=2024-03-09 08:00:00+00:00
[2024-03-09T15:46:56.277+0530] {processor.py:183} INFO - Processing /home/kai/.local/lib/python3.10/site-packages/airflow/example_dags/example_latest_only_with_trigger.py took 0.085 seconds
[2024-03-09T15:47:51.008+0530] {processor.py:161} INFO - Started process (PID=4870) to work on /home/kai/.local/lib/python3.10/site-packages/airflow/example_dags/example_latest_only_with_trigger.py
[2024-03-09T15:47:51.011+0530] {processor.py:830} INFO - Processing file /home/kai/.local/lib/python3.10/site-packages/airflow/example_dags/example_latest_only_with_trigger.py for tasks to queue
[2024-03-09T15:47:51.012+0530] {logging_mixin.py:188} INFO - [2024-03-09T15:47:51.012+0530] {dagbag.py:540} INFO - Filling up the DagBag from /home/kai/.local/lib/python3.10/site-packages/airflow/example_dags/example_latest_only_with_trigger.py
[2024-03-09T15:47:51.019+0530] {processor.py:840} INFO - DAG(s) 'latest_only_with_trigger' retrieved from /home/kai/.local/lib/python3.10/site-packages/airflow/example_dags/example_latest_only_with_trigger.py
[2024-03-09T15:47:51.034+0530] {logging_mixin.py:188} INFO - [2024-03-09T15:47:51.034+0530] {dag.py:3047} INFO - Sync 1 DAGs
[2024-03-09T15:47:51.051+0530] {logging_mixin.py:188} INFO - [2024-03-09T15:47:51.051+0530] {dag.py:3834} INFO - Setting next_dagrun for latest_only_with_trigger to 2024-03-09 04:00:00+00:00, run_after=2024-03-09 08:00:00+00:00
[2024-03-09T15:47:51.085+0530] {processor.py:183} INFO - Processing /home/kai/.local/lib/python3.10/site-packages/airflow/example_dags/example_latest_only_with_trigger.py took 0.081 seconds
[2024-03-09T15:48:54.838+0530] {processor.py:161} INFO - Started process (PID=4953) to work on /home/kai/.local/lib/python3.10/site-packages/airflow/example_dags/example_latest_only_with_trigger.py
[2024-03-09T15:48:54.841+0530] {processor.py:830} INFO - Processing file /home/kai/.local/lib/python3.10/site-packages/airflow/example_dags/example_latest_only_with_trigger.py for tasks to queue
[2024-03-09T15:48:54.842+0530] {logging_mixin.py:188} INFO - [2024-03-09T15:48:54.842+0530] {dagbag.py:540} INFO - Filling up the DagBag from /home/kai/.local/lib/python3.10/site-packages/airflow/example_dags/example_latest_only_with_trigger.py
[2024-03-09T15:48:54.850+0530] {processor.py:840} INFO - DAG(s) 'latest_only_with_trigger' retrieved from /home/kai/.local/lib/python3.10/site-packages/airflow/example_dags/example_latest_only_with_trigger.py
[2024-03-09T15:48:54.869+0530] {logging_mixin.py:188} INFO - [2024-03-09T15:48:54.869+0530] {dag.py:3047} INFO - Sync 1 DAGs
[2024-03-09T15:48:54.889+0530] {logging_mixin.py:188} INFO - [2024-03-09T15:48:54.889+0530] {dag.py:3834} INFO - Setting next_dagrun for latest_only_with_trigger to 2024-03-09 04:00:00+00:00, run_after=2024-03-09 08:00:00+00:00
[2024-03-09T15:48:54.924+0530] {processor.py:183} INFO - Processing /home/kai/.local/lib/python3.10/site-packages/airflow/example_dags/example_latest_only_with_trigger.py took 0.090 seconds
[2024-03-09T15:49:40.981+0530] {processor.py:161} INFO - Started process (PID=5009) to work on /home/kai/.local/lib/python3.10/site-packages/airflow/example_dags/example_latest_only_with_trigger.py
[2024-03-09T15:49:40.984+0530] {processor.py:830} INFO - Processing file /home/kai/.local/lib/python3.10/site-packages/airflow/example_dags/example_latest_only_with_trigger.py for tasks to queue
[2024-03-09T15:49:40.985+0530] {logging_mixin.py:188} INFO - [2024-03-09T15:49:40.985+0530] {dagbag.py:540} INFO - Filling up the DagBag from /home/kai/.local/lib/python3.10/site-packages/airflow/example_dags/example_latest_only_with_trigger.py
[2024-03-09T15:49:40.993+0530] {processor.py:840} INFO - DAG(s) 'latest_only_with_trigger' retrieved from /home/kai/.local/lib/python3.10/site-packages/airflow/example_dags/example_latest_only_with_trigger.py
[2024-03-09T15:49:41.010+0530] {logging_mixin.py:188} INFO - [2024-03-09T15:49:41.009+0530] {dag.py:3047} INFO - Sync 1 DAGs
[2024-03-09T15:49:41.029+0530] {logging_mixin.py:188} INFO - [2024-03-09T15:49:41.028+0530] {dag.py:3834} INFO - Setting next_dagrun for latest_only_with_trigger to 2024-03-09 04:00:00+00:00, run_after=2024-03-09 08:00:00+00:00
[2024-03-09T15:49:41.062+0530] {processor.py:183} INFO - Processing /home/kai/.local/lib/python3.10/site-packages/airflow/example_dags/example_latest_only_with_trigger.py took 0.085 seconds
[2024-03-09T15:51:00.898+0530] {processor.py:161} INFO - Started process (PID=5093) to work on /home/kai/.local/lib/python3.10/site-packages/airflow/example_dags/example_latest_only_with_trigger.py
[2024-03-09T15:51:00.900+0530] {processor.py:830} INFO - Processing file /home/kai/.local/lib/python3.10/site-packages/airflow/example_dags/example_latest_only_with_trigger.py for tasks to queue
[2024-03-09T15:51:00.901+0530] {logging_mixin.py:188} INFO - [2024-03-09T15:51:00.901+0530] {dagbag.py:540} INFO - Filling up the DagBag from /home/kai/.local/lib/python3.10/site-packages/airflow/example_dags/example_latest_only_with_trigger.py
[2024-03-09T15:51:00.908+0530] {processor.py:840} INFO - DAG(s) 'latest_only_with_trigger' retrieved from /home/kai/.local/lib/python3.10/site-packages/airflow/example_dags/example_latest_only_with_trigger.py
[2024-03-09T15:51:00.923+0530] {logging_mixin.py:188} INFO - [2024-03-09T15:51:00.923+0530] {dag.py:3047} INFO - Sync 1 DAGs
[2024-03-09T15:51:00.942+0530] {logging_mixin.py:188} INFO - [2024-03-09T15:51:00.942+0530] {dag.py:3834} INFO - Setting next_dagrun for latest_only_with_trigger to 2024-03-09 04:00:00+00:00, run_after=2024-03-09 08:00:00+00:00
[2024-03-09T15:51:00.989+0530] {processor.py:183} INFO - Processing /home/kai/.local/lib/python3.10/site-packages/airflow/example_dags/example_latest_only_with_trigger.py took 0.095 seconds
[2024-03-09T15:51:48.618+0530] {processor.py:161} INFO - Started process (PID=5145) to work on /home/kai/.local/lib/python3.10/site-packages/airflow/example_dags/example_latest_only_with_trigger.py
[2024-03-09T15:51:48.620+0530] {processor.py:830} INFO - Processing file /home/kai/.local/lib/python3.10/site-packages/airflow/example_dags/example_latest_only_with_trigger.py for tasks to queue
[2024-03-09T15:51:48.622+0530] {logging_mixin.py:188} INFO - [2024-03-09T15:51:48.621+0530] {dagbag.py:540} INFO - Filling up the DagBag from /home/kai/.local/lib/python3.10/site-packages/airflow/example_dags/example_latest_only_with_trigger.py
[2024-03-09T15:51:48.629+0530] {processor.py:840} INFO - DAG(s) 'latest_only_with_trigger' retrieved from /home/kai/.local/lib/python3.10/site-packages/airflow/example_dags/example_latest_only_with_trigger.py
[2024-03-09T15:51:48.645+0530] {logging_mixin.py:188} INFO - [2024-03-09T15:51:48.645+0530] {dag.py:3047} INFO - Sync 1 DAGs
[2024-03-09T15:51:48.662+0530] {logging_mixin.py:188} INFO - [2024-03-09T15:51:48.662+0530] {dag.py:3834} INFO - Setting next_dagrun for latest_only_with_trigger to 2024-03-09 04:00:00+00:00, run_after=2024-03-09 08:00:00+00:00
[2024-03-09T15:51:48.697+0530] {processor.py:183} INFO - Processing /home/kai/.local/lib/python3.10/site-packages/airflow/example_dags/example_latest_only_with_trigger.py took 0.083 seconds
[2024-03-09T15:52:39.388+0530] {processor.py:161} INFO - Started process (PID=5199) to work on /home/kai/.local/lib/python3.10/site-packages/airflow/example_dags/example_latest_only_with_trigger.py
[2024-03-09T15:52:39.391+0530] {processor.py:830} INFO - Processing file /home/kai/.local/lib/python3.10/site-packages/airflow/example_dags/example_latest_only_with_trigger.py for tasks to queue
[2024-03-09T15:52:39.392+0530] {logging_mixin.py:188} INFO - [2024-03-09T15:52:39.391+0530] {dagbag.py:540} INFO - Filling up the DagBag from /home/kai/.local/lib/python3.10/site-packages/airflow/example_dags/example_latest_only_with_trigger.py
[2024-03-09T15:52:39.399+0530] {processor.py:840} INFO - DAG(s) 'latest_only_with_trigger' retrieved from /home/kai/.local/lib/python3.10/site-packages/airflow/example_dags/example_latest_only_with_trigger.py
[2024-03-09T15:52:39.414+0530] {logging_mixin.py:188} INFO - [2024-03-09T15:52:39.414+0530] {dag.py:3047} INFO - Sync 1 DAGs
[2024-03-09T15:52:39.431+0530] {logging_mixin.py:188} INFO - [2024-03-09T15:52:39.431+0530] {dag.py:3834} INFO - Setting next_dagrun for latest_only_with_trigger to 2024-03-09 04:00:00+00:00, run_after=2024-03-09 08:00:00+00:00
[2024-03-09T15:52:39.464+0530] {processor.py:183} INFO - Processing /home/kai/.local/lib/python3.10/site-packages/airflow/example_dags/example_latest_only_with_trigger.py took 0.081 seconds
[2024-03-09T15:53:32.663+0530] {processor.py:161} INFO - Started process (PID=5252) to work on /home/kai/.local/lib/python3.10/site-packages/airflow/example_dags/example_latest_only_with_trigger.py
[2024-03-09T15:53:32.666+0530] {processor.py:830} INFO - Processing file /home/kai/.local/lib/python3.10/site-packages/airflow/example_dags/example_latest_only_with_trigger.py for tasks to queue
[2024-03-09T15:53:32.667+0530] {logging_mixin.py:188} INFO - [2024-03-09T15:53:32.667+0530] {dagbag.py:540} INFO - Filling up the DagBag from /home/kai/.local/lib/python3.10/site-packages/airflow/example_dags/example_latest_only_with_trigger.py
[2024-03-09T15:53:32.674+0530] {processor.py:840} INFO - DAG(s) 'latest_only_with_trigger' retrieved from /home/kai/.local/lib/python3.10/site-packages/airflow/example_dags/example_latest_only_with_trigger.py
[2024-03-09T15:53:32.688+0530] {logging_mixin.py:188} INFO - [2024-03-09T15:53:32.688+0530] {dag.py:3047} INFO - Sync 1 DAGs
[2024-03-09T15:53:32.707+0530] {logging_mixin.py:188} INFO - [2024-03-09T15:53:32.706+0530] {dag.py:3834} INFO - Setting next_dagrun for latest_only_with_trigger to 2024-03-09 04:00:00+00:00, run_after=2024-03-09 08:00:00+00:00
[2024-03-09T15:53:32.739+0530] {processor.py:183} INFO - Processing /home/kai/.local/lib/python3.10/site-packages/airflow/example_dags/example_latest_only_with_trigger.py took 0.080 seconds
[2024-03-09T15:54:27.030+0530] {processor.py:161} INFO - Started process (PID=5309) to work on /home/kai/.local/lib/python3.10/site-packages/airflow/example_dags/example_latest_only_with_trigger.py
[2024-03-09T15:54:27.033+0530] {processor.py:830} INFO - Processing file /home/kai/.local/lib/python3.10/site-packages/airflow/example_dags/example_latest_only_with_trigger.py for tasks to queue
[2024-03-09T15:54:27.034+0530] {logging_mixin.py:188} INFO - [2024-03-09T15:54:27.034+0530] {dagbag.py:540} INFO - Filling up the DagBag from /home/kai/.local/lib/python3.10/site-packages/airflow/example_dags/example_latest_only_with_trigger.py
[2024-03-09T15:54:27.041+0530] {processor.py:840} INFO - DAG(s) 'latest_only_with_trigger' retrieved from /home/kai/.local/lib/python3.10/site-packages/airflow/example_dags/example_latest_only_with_trigger.py
[2024-03-09T15:54:27.057+0530] {logging_mixin.py:188} INFO - [2024-03-09T15:54:27.056+0530] {dag.py:3047} INFO - Sync 1 DAGs
[2024-03-09T15:54:27.075+0530] {logging_mixin.py:188} INFO - [2024-03-09T15:54:27.074+0530] {dag.py:3834} INFO - Setting next_dagrun for latest_only_with_trigger to 2024-03-09 04:00:00+00:00, run_after=2024-03-09 08:00:00+00:00
[2024-03-09T15:54:27.108+0530] {processor.py:183} INFO - Processing /home/kai/.local/lib/python3.10/site-packages/airflow/example_dags/example_latest_only_with_trigger.py took 0.082 seconds
