[2024-03-09T15:44:14.253+0530] {processor.py:161} INFO - Started process (PID=4655) to work on /home/kai/.local/lib/python3.10/site-packages/airflow/example_dags/example_branch_python_dop_operator_3.py
[2024-03-09T15:44:14.254+0530] {processor.py:830} INFO - Processing file /home/kai/.local/lib/python3.10/site-packages/airflow/example_dags/example_branch_python_dop_operator_3.py for tasks to queue
[2024-03-09T15:44:14.255+0530] {logging_mixin.py:188} INFO - [2024-03-09T15:44:14.255+0530] {dagbag.py:540} INFO - Filling up the DagBag from /home/kai/.local/lib/python3.10/site-packages/airflow/example_dags/example_branch_python_dop_operator_3.py
[2024-03-09T15:44:14.264+0530] {processor.py:840} INFO - DAG(s) 'example_branch_dop_operator_v3' retrieved from /home/kai/.local/lib/python3.10/site-packages/airflow/example_dags/example_branch_python_dop_operator_3.py
[2024-03-09T15:44:14.396+0530] {logging_mixin.py:188} INFO - [2024-03-09T15:44:14.396+0530] {override.py:1769} INFO - Created Permission View: can delete on DAG:example_branch_dop_operator_v3
[2024-03-09T15:44:14.422+0530] {logging_mixin.py:188} INFO - [2024-03-09T15:44:14.422+0530] {override.py:1769} INFO - Created Permission View: can read on DAG:example_branch_dop_operator_v3
[2024-03-09T15:44:14.445+0530] {logging_mixin.py:188} INFO - [2024-03-09T15:44:14.444+0530] {override.py:1769} INFO - Created Permission View: can edit on DAG:example_branch_dop_operator_v3
[2024-03-09T15:44:14.445+0530] {logging_mixin.py:188} INFO - [2024-03-09T15:44:14.445+0530] {dag.py:3047} INFO - Sync 1 DAGs
[2024-03-09T15:44:14.453+0530] {logging_mixin.py:188} INFO - [2024-03-09T15:44:14.453+0530] {dag.py:3069} INFO - Creating ORM DAG for example_branch_dop_operator_v3
[2024-03-09T15:44:14.545+0530] {logging_mixin.py:188} INFO - [2024-03-09T15:44:14.545+0530] {dag.py:3834} INFO - Setting next_dagrun for example_branch_dop_operator_v3 to 2024-03-09 10:13:00+00:00, run_after=2024-03-09 10:14:00+00:00
[2024-03-09T15:44:14.584+0530] {processor.py:183} INFO - Processing /home/kai/.local/lib/python3.10/site-packages/airflow/example_dags/example_branch_python_dop_operator_3.py took 0.334 seconds
[2024-03-09T15:45:13.998+0530] {processor.py:161} INFO - Started process (PID=4713) to work on /home/kai/.local/lib/python3.10/site-packages/airflow/example_dags/example_branch_python_dop_operator_3.py
[2024-03-09T15:45:13.999+0530] {processor.py:830} INFO - Processing file /home/kai/.local/lib/python3.10/site-packages/airflow/example_dags/example_branch_python_dop_operator_3.py for tasks to queue
[2024-03-09T15:45:14.000+0530] {logging_mixin.py:188} INFO - [2024-03-09T15:45:14.000+0530] {dagbag.py:540} INFO - Filling up the DagBag from /home/kai/.local/lib/python3.10/site-packages/airflow/example_dags/example_branch_python_dop_operator_3.py
[2024-03-09T15:45:14.089+0530] {processor.py:840} INFO - DAG(s) 'example_branch_dop_operator_v3' retrieved from /home/kai/.local/lib/python3.10/site-packages/airflow/example_dags/example_branch_python_dop_operator_3.py
[2024-03-09T15:45:14.287+0530] {logging_mixin.py:188} INFO - [2024-03-09T15:45:14.286+0530] {dag.py:3047} INFO - Sync 1 DAGs
[2024-03-09T15:45:14.533+0530] {logging_mixin.py:188} INFO - [2024-03-09T15:45:14.533+0530] {dag.py:3834} INFO - Setting next_dagrun for example_branch_dop_operator_v3 to 2024-03-09 10:14:00+00:00, run_after=2024-03-09 10:15:00+00:00
[2024-03-09T15:45:15.207+0530] {processor.py:183} INFO - Processing /home/kai/.local/lib/python3.10/site-packages/airflow/example_dags/example_branch_python_dop_operator_3.py took 1.227 seconds
[2024-03-09T15:46:10.828+0530] {processor.py:161} INFO - Started process (PID=4771) to work on /home/kai/.local/lib/python3.10/site-packages/airflow/example_dags/example_branch_python_dop_operator_3.py
[2024-03-09T15:46:10.830+0530] {processor.py:830} INFO - Processing file /home/kai/.local/lib/python3.10/site-packages/airflow/example_dags/example_branch_python_dop_operator_3.py for tasks to queue
[2024-03-09T15:46:10.831+0530] {logging_mixin.py:188} INFO - [2024-03-09T15:46:10.830+0530] {dagbag.py:540} INFO - Filling up the DagBag from /home/kai/.local/lib/python3.10/site-packages/airflow/example_dags/example_branch_python_dop_operator_3.py
[2024-03-09T15:46:10.839+0530] {processor.py:840} INFO - DAG(s) 'example_branch_dop_operator_v3' retrieved from /home/kai/.local/lib/python3.10/site-packages/airflow/example_dags/example_branch_python_dop_operator_3.py
[2024-03-09T15:46:10.854+0530] {logging_mixin.py:188} INFO - [2024-03-09T15:46:10.854+0530] {dag.py:3047} INFO - Sync 1 DAGs
[2024-03-09T15:46:10.956+0530] {logging_mixin.py:188} INFO - [2024-03-09T15:46:10.956+0530] {dag.py:3834} INFO - Setting next_dagrun for example_branch_dop_operator_v3 to 2024-03-09 10:15:00+00:00, run_after=2024-03-09 10:16:00+00:00
[2024-03-09T15:46:10.990+0530] {processor.py:183} INFO - Processing /home/kai/.local/lib/python3.10/site-packages/airflow/example_dags/example_branch_python_dop_operator_3.py took 0.165 seconds
[2024-03-09T15:47:00.235+0530] {processor.py:161} INFO - Started process (PID=4819) to work on /home/kai/.local/lib/python3.10/site-packages/airflow/example_dags/example_branch_python_dop_operator_3.py
[2024-03-09T15:47:00.238+0530] {processor.py:830} INFO - Processing file /home/kai/.local/lib/python3.10/site-packages/airflow/example_dags/example_branch_python_dop_operator_3.py for tasks to queue
[2024-03-09T15:47:00.239+0530] {logging_mixin.py:188} INFO - [2024-03-09T15:47:00.239+0530] {dagbag.py:540} INFO - Filling up the DagBag from /home/kai/.local/lib/python3.10/site-packages/airflow/example_dags/example_branch_python_dop_operator_3.py
[2024-03-09T15:47:00.248+0530] {processor.py:840} INFO - DAG(s) 'example_branch_dop_operator_v3' retrieved from /home/kai/.local/lib/python3.10/site-packages/airflow/example_dags/example_branch_python_dop_operator_3.py
[2024-03-09T15:47:00.263+0530] {logging_mixin.py:188} INFO - [2024-03-09T15:47:00.263+0530] {dag.py:3047} INFO - Sync 1 DAGs
[2024-03-09T15:47:00.283+0530] {logging_mixin.py:188} INFO - [2024-03-09T15:47:00.283+0530] {dag.py:3834} INFO - Setting next_dagrun for example_branch_dop_operator_v3 to 2024-03-09 10:16:00+00:00, run_after=2024-03-09 10:17:00+00:00
[2024-03-09T15:47:00.317+0530] {processor.py:183} INFO - Processing /home/kai/.local/lib/python3.10/site-packages/airflow/example_dags/example_branch_python_dop_operator_3.py took 0.087 seconds
[2024-03-09T15:47:55.231+0530] {processor.py:161} INFO - Started process (PID=4874) to work on /home/kai/.local/lib/python3.10/site-packages/airflow/example_dags/example_branch_python_dop_operator_3.py
[2024-03-09T15:47:55.234+0530] {processor.py:830} INFO - Processing file /home/kai/.local/lib/python3.10/site-packages/airflow/example_dags/example_branch_python_dop_operator_3.py for tasks to queue
[2024-03-09T15:47:55.235+0530] {logging_mixin.py:188} INFO - [2024-03-09T15:47:55.235+0530] {dagbag.py:540} INFO - Filling up the DagBag from /home/kai/.local/lib/python3.10/site-packages/airflow/example_dags/example_branch_python_dop_operator_3.py
[2024-03-09T15:47:55.244+0530] {processor.py:840} INFO - DAG(s) 'example_branch_dop_operator_v3' retrieved from /home/kai/.local/lib/python3.10/site-packages/airflow/example_dags/example_branch_python_dop_operator_3.py
[2024-03-09T15:47:55.259+0530] {logging_mixin.py:188} INFO - [2024-03-09T15:47:55.258+0530] {dag.py:3047} INFO - Sync 1 DAGs
[2024-03-09T15:47:55.279+0530] {logging_mixin.py:188} INFO - [2024-03-09T15:47:55.279+0530] {dag.py:3834} INFO - Setting next_dagrun for example_branch_dop_operator_v3 to 2024-03-09 10:16:00+00:00, run_after=2024-03-09 10:17:00+00:00
[2024-03-09T15:47:55.313+0530] {processor.py:183} INFO - Processing /home/kai/.local/lib/python3.10/site-packages/airflow/example_dags/example_branch_python_dop_operator_3.py took 0.085 seconds
[2024-03-09T15:48:58.719+0530] {processor.py:161} INFO - Started process (PID=4957) to work on /home/kai/.local/lib/python3.10/site-packages/airflow/example_dags/example_branch_python_dop_operator_3.py
[2024-03-09T15:48:58.723+0530] {processor.py:830} INFO - Processing file /home/kai/.local/lib/python3.10/site-packages/airflow/example_dags/example_branch_python_dop_operator_3.py for tasks to queue
[2024-03-09T15:48:58.724+0530] {logging_mixin.py:188} INFO - [2024-03-09T15:48:58.724+0530] {dagbag.py:540} INFO - Filling up the DagBag from /home/kai/.local/lib/python3.10/site-packages/airflow/example_dags/example_branch_python_dop_operator_3.py
[2024-03-09T15:48:58.733+0530] {processor.py:840} INFO - DAG(s) 'example_branch_dop_operator_v3' retrieved from /home/kai/.local/lib/python3.10/site-packages/airflow/example_dags/example_branch_python_dop_operator_3.py
[2024-03-09T15:48:58.748+0530] {logging_mixin.py:188} INFO - [2024-03-09T15:48:58.748+0530] {dag.py:3047} INFO - Sync 1 DAGs
[2024-03-09T15:48:58.769+0530] {logging_mixin.py:188} INFO - [2024-03-09T15:48:58.768+0530] {dag.py:3834} INFO - Setting next_dagrun for example_branch_dop_operator_v3 to 2024-03-09 10:17:00+00:00, run_after=2024-03-09 10:18:00+00:00
[2024-03-09T15:48:58.807+0530] {processor.py:183} INFO - Processing /home/kai/.local/lib/python3.10/site-packages/airflow/example_dags/example_branch_python_dop_operator_3.py took 0.092 seconds
[2024-03-09T15:49:50.734+0530] {processor.py:161} INFO - Started process (PID=5019) to work on /home/kai/.local/lib/python3.10/site-packages/airflow/example_dags/example_branch_python_dop_operator_3.py
[2024-03-09T15:49:50.738+0530] {processor.py:830} INFO - Processing file /home/kai/.local/lib/python3.10/site-packages/airflow/example_dags/example_branch_python_dop_operator_3.py for tasks to queue
[2024-03-09T15:49:50.739+0530] {logging_mixin.py:188} INFO - [2024-03-09T15:49:50.739+0530] {dagbag.py:540} INFO - Filling up the DagBag from /home/kai/.local/lib/python3.10/site-packages/airflow/example_dags/example_branch_python_dop_operator_3.py
[2024-03-09T15:49:50.749+0530] {processor.py:840} INFO - DAG(s) 'example_branch_dop_operator_v3' retrieved from /home/kai/.local/lib/python3.10/site-packages/airflow/example_dags/example_branch_python_dop_operator_3.py
[2024-03-09T15:49:50.764+0530] {logging_mixin.py:188} INFO - [2024-03-09T15:49:50.764+0530] {dag.py:3047} INFO - Sync 1 DAGs
[2024-03-09T15:49:50.785+0530] {logging_mixin.py:188} INFO - [2024-03-09T15:49:50.785+0530] {dag.py:3834} INFO - Setting next_dagrun for example_branch_dop_operator_v3 to 2024-03-09 10:18:00+00:00, run_after=2024-03-09 10:19:00+00:00
[2024-03-09T15:49:50.818+0530] {processor.py:183} INFO - Processing /home/kai/.local/lib/python3.10/site-packages/airflow/example_dags/example_branch_python_dop_operator_3.py took 0.088 seconds
[2024-03-09T15:51:05.056+0530] {processor.py:161} INFO - Started process (PID=5097) to work on /home/kai/.local/lib/python3.10/site-packages/airflow/example_dags/example_branch_python_dop_operator_3.py
[2024-03-09T15:51:05.060+0530] {processor.py:830} INFO - Processing file /home/kai/.local/lib/python3.10/site-packages/airflow/example_dags/example_branch_python_dop_operator_3.py for tasks to queue
[2024-03-09T15:51:05.062+0530] {logging_mixin.py:188} INFO - [2024-03-09T15:51:05.061+0530] {dagbag.py:540} INFO - Filling up the DagBag from /home/kai/.local/lib/python3.10/site-packages/airflow/example_dags/example_branch_python_dop_operator_3.py
[2024-03-09T15:51:05.072+0530] {processor.py:840} INFO - DAG(s) 'example_branch_dop_operator_v3' retrieved from /home/kai/.local/lib/python3.10/site-packages/airflow/example_dags/example_branch_python_dop_operator_3.py
[2024-03-09T15:51:05.102+0530] {logging_mixin.py:188} INFO - [2024-03-09T15:51:05.101+0530] {dag.py:3047} INFO - Sync 1 DAGs
[2024-03-09T15:51:05.130+0530] {logging_mixin.py:188} INFO - [2024-03-09T15:51:05.130+0530] {dag.py:3834} INFO - Setting next_dagrun for example_branch_dop_operator_v3 to 2024-03-09 10:20:00+00:00, run_after=2024-03-09 10:21:00+00:00
[2024-03-09T15:51:05.169+0530] {processor.py:183} INFO - Processing /home/kai/.local/lib/python3.10/site-packages/airflow/example_dags/example_branch_python_dop_operator_3.py took 0.115 seconds
[2024-03-09T15:51:57.597+0530] {processor.py:161} INFO - Started process (PID=5157) to work on /home/kai/.local/lib/python3.10/site-packages/airflow/example_dags/example_branch_python_dop_operator_3.py
[2024-03-09T15:51:57.600+0530] {processor.py:830} INFO - Processing file /home/kai/.local/lib/python3.10/site-packages/airflow/example_dags/example_branch_python_dop_operator_3.py for tasks to queue
[2024-03-09T15:51:57.601+0530] {logging_mixin.py:188} INFO - [2024-03-09T15:51:57.601+0530] {dagbag.py:540} INFO - Filling up the DagBag from /home/kai/.local/lib/python3.10/site-packages/airflow/example_dags/example_branch_python_dop_operator_3.py
[2024-03-09T15:51:57.610+0530] {processor.py:840} INFO - DAG(s) 'example_branch_dop_operator_v3' retrieved from /home/kai/.local/lib/python3.10/site-packages/airflow/example_dags/example_branch_python_dop_operator_3.py
[2024-03-09T15:51:57.625+0530] {logging_mixin.py:188} INFO - [2024-03-09T15:51:57.625+0530] {dag.py:3047} INFO - Sync 1 DAGs
[2024-03-09T15:51:57.646+0530] {logging_mixin.py:188} INFO - [2024-03-09T15:51:57.646+0530] {dag.py:3834} INFO - Setting next_dagrun for example_branch_dop_operator_v3 to 2024-03-09 10:20:00+00:00, run_after=2024-03-09 10:21:00+00:00
[2024-03-09T15:51:57.679+0530] {processor.py:183} INFO - Processing /home/kai/.local/lib/python3.10/site-packages/airflow/example_dags/example_branch_python_dop_operator_3.py took 0.085 seconds
[2024-03-09T15:52:49.514+0530] {processor.py:161} INFO - Started process (PID=5209) to work on /home/kai/.local/lib/python3.10/site-packages/airflow/example_dags/example_branch_python_dop_operator_3.py
[2024-03-09T15:52:49.517+0530] {processor.py:830} INFO - Processing file /home/kai/.local/lib/python3.10/site-packages/airflow/example_dags/example_branch_python_dop_operator_3.py for tasks to queue
[2024-03-09T15:52:49.518+0530] {logging_mixin.py:188} INFO - [2024-03-09T15:52:49.518+0530] {dagbag.py:540} INFO - Filling up the DagBag from /home/kai/.local/lib/python3.10/site-packages/airflow/example_dags/example_branch_python_dop_operator_3.py
[2024-03-09T15:52:49.529+0530] {processor.py:840} INFO - DAG(s) 'example_branch_dop_operator_v3' retrieved from /home/kai/.local/lib/python3.10/site-packages/airflow/example_dags/example_branch_python_dop_operator_3.py
[2024-03-09T15:52:49.543+0530] {logging_mixin.py:188} INFO - [2024-03-09T15:52:49.543+0530] {dag.py:3047} INFO - Sync 1 DAGs
[2024-03-09T15:52:49.565+0530] {logging_mixin.py:188} INFO - [2024-03-09T15:52:49.565+0530] {dag.py:3834} INFO - Setting next_dagrun for example_branch_dop_operator_v3 to 2024-03-09 10:21:00+00:00, run_after=2024-03-09 10:22:00+00:00
[2024-03-09T15:52:49.598+0530] {processor.py:183} INFO - Processing /home/kai/.local/lib/python3.10/site-packages/airflow/example_dags/example_branch_python_dop_operator_3.py took 0.088 seconds
[2024-03-09T15:53:42.981+0530] {processor.py:161} INFO - Started process (PID=5263) to work on /home/kai/.local/lib/python3.10/site-packages/airflow/example_dags/example_branch_python_dop_operator_3.py
[2024-03-09T15:53:42.984+0530] {processor.py:830} INFO - Processing file /home/kai/.local/lib/python3.10/site-packages/airflow/example_dags/example_branch_python_dop_operator_3.py for tasks to queue
[2024-03-09T15:53:42.986+0530] {logging_mixin.py:188} INFO - [2024-03-09T15:53:42.985+0530] {dagbag.py:540} INFO - Filling up the DagBag from /home/kai/.local/lib/python3.10/site-packages/airflow/example_dags/example_branch_python_dop_operator_3.py
[2024-03-09T15:53:42.997+0530] {processor.py:840} INFO - DAG(s) 'example_branch_dop_operator_v3' retrieved from /home/kai/.local/lib/python3.10/site-packages/airflow/example_dags/example_branch_python_dop_operator_3.py
[2024-03-09T15:53:43.012+0530] {logging_mixin.py:188} INFO - [2024-03-09T15:53:43.012+0530] {dag.py:3047} INFO - Sync 1 DAGs
[2024-03-09T15:53:43.033+0530] {logging_mixin.py:188} INFO - [2024-03-09T15:53:43.033+0530] {dag.py:3834} INFO - Setting next_dagrun for example_branch_dop_operator_v3 to 2024-03-09 10:22:00+00:00, run_after=2024-03-09 10:23:00+00:00
[2024-03-09T15:53:43.066+0530] {processor.py:183} INFO - Processing /home/kai/.local/lib/python3.10/site-packages/airflow/example_dags/example_branch_python_dop_operator_3.py took 0.090 seconds
[2024-03-09T15:54:39.080+0530] {processor.py:161} INFO - Started process (PID=5327) to work on /home/kai/.local/lib/python3.10/site-packages/airflow/example_dags/example_branch_python_dop_operator_3.py
[2024-03-09T15:54:39.083+0530] {processor.py:830} INFO - Processing file /home/kai/.local/lib/python3.10/site-packages/airflow/example_dags/example_branch_python_dop_operator_3.py for tasks to queue
[2024-03-09T15:54:39.084+0530] {logging_mixin.py:188} INFO - [2024-03-09T15:54:39.083+0530] {dagbag.py:540} INFO - Filling up the DagBag from /home/kai/.local/lib/python3.10/site-packages/airflow/example_dags/example_branch_python_dop_operator_3.py
[2024-03-09T15:54:39.092+0530] {processor.py:840} INFO - DAG(s) 'example_branch_dop_operator_v3' retrieved from /home/kai/.local/lib/python3.10/site-packages/airflow/example_dags/example_branch_python_dop_operator_3.py
[2024-03-09T15:54:39.107+0530] {logging_mixin.py:188} INFO - [2024-03-09T15:54:39.107+0530] {dag.py:3047} INFO - Sync 1 DAGs
[2024-03-09T15:54:39.128+0530] {logging_mixin.py:188} INFO - [2024-03-09T15:54:39.128+0530] {dag.py:3834} INFO - Setting next_dagrun for example_branch_dop_operator_v3 to 2024-03-09 10:23:00+00:00, run_after=2024-03-09 10:24:00+00:00
[2024-03-09T15:54:39.164+0530] {processor.py:183} INFO - Processing /home/kai/.local/lib/python3.10/site-packages/airflow/example_dags/example_branch_python_dop_operator_3.py took 0.087 seconds
