[2024-03-09T15:44:33.630+0530] {processor.py:161} INFO - Started process (PID=4671) to work on /home/kai/.local/lib/python3.10/site-packages/airflow/example_dags/example_branch_datetime_operator.py
[2024-03-09T15:44:33.631+0530] {processor.py:830} INFO - Processing file /home/kai/.local/lib/python3.10/site-packages/airflow/example_dags/example_branch_datetime_operator.py for tasks to queue
[2024-03-09T15:44:33.632+0530] {logging_mixin.py:188} INFO - [2024-03-09T15:44:33.631+0530] {dagbag.py:540} INFO - Filling up the DagBag from /home/kai/.local/lib/python3.10/site-packages/airflow/example_dags/example_branch_datetime_operator.py
[2024-03-09T15:44:33.642+0530] {processor.py:840} INFO - DAG(s) 'example_branch_datetime_operator', 'example_branch_datetime_operator_2', 'example_branch_datetime_operator_3' retrieved from /home/kai/.local/lib/python3.10/site-packages/airflow/example_dags/example_branch_datetime_operator.py
[2024-03-09T15:44:33.766+0530] {logging_mixin.py:188} INFO - [2024-03-09T15:44:33.765+0530] {override.py:1769} INFO - Created Permission View: can delete on DAG:example_branch_datetime_operator
[2024-03-09T15:44:33.791+0530] {logging_mixin.py:188} INFO - [2024-03-09T15:44:33.791+0530] {override.py:1769} INFO - Created Permission View: can read on DAG:example_branch_datetime_operator
[2024-03-09T15:44:33.814+0530] {logging_mixin.py:188} INFO - [2024-03-09T15:44:33.813+0530] {override.py:1769} INFO - Created Permission View: can edit on DAG:example_branch_datetime_operator
[2024-03-09T15:44:33.871+0530] {logging_mixin.py:188} INFO - [2024-03-09T15:44:33.870+0530] {override.py:1769} INFO - Created Permission View: can delete on DAG:example_branch_datetime_operator_2
[2024-03-09T15:44:33.895+0530] {logging_mixin.py:188} INFO - [2024-03-09T15:44:33.894+0530] {override.py:1769} INFO - Created Permission View: can read on DAG:example_branch_datetime_operator_2
[2024-03-09T15:44:33.917+0530] {logging_mixin.py:188} INFO - [2024-03-09T15:44:33.916+0530] {override.py:1769} INFO - Created Permission View: can edit on DAG:example_branch_datetime_operator_2
[2024-03-09T15:44:33.971+0530] {logging_mixin.py:188} INFO - [2024-03-09T15:44:33.970+0530] {override.py:1769} INFO - Created Permission View: can delete on DAG:example_branch_datetime_operator_3
[2024-03-09T15:44:33.998+0530] {logging_mixin.py:188} INFO - [2024-03-09T15:44:33.998+0530] {override.py:1769} INFO - Created Permission View: can read on DAG:example_branch_datetime_operator_3
[2024-03-09T15:44:34.021+0530] {logging_mixin.py:188} INFO - [2024-03-09T15:44:34.020+0530] {override.py:1769} INFO - Created Permission View: can edit on DAG:example_branch_datetime_operator_3
[2024-03-09T15:44:34.021+0530] {logging_mixin.py:188} INFO - [2024-03-09T15:44:34.021+0530] {dag.py:3047} INFO - Sync 3 DAGs
[2024-03-09T15:44:34.110+0530] {logging_mixin.py:188} INFO - [2024-03-09T15:44:34.110+0530] {dag.py:3069} INFO - Creating ORM DAG for example_branch_datetime_operator_3
[2024-03-09T15:44:34.111+0530] {logging_mixin.py:188} INFO - [2024-03-09T15:44:34.110+0530] {dag.py:3069} INFO - Creating ORM DAG for example_branch_datetime_operator_2
[2024-03-09T15:44:34.111+0530] {logging_mixin.py:188} INFO - [2024-03-09T15:44:34.111+0530] {dag.py:3069} INFO - Creating ORM DAG for example_branch_datetime_operator
[2024-03-09T15:44:34.120+0530] {logging_mixin.py:188} INFO - [2024-03-09T15:44:34.120+0530] {dag.py:3834} INFO - Setting next_dagrun for example_branch_datetime_operator to 2024-03-08 00:00:00+00:00, run_after=2024-03-09 00:00:00+00:00
[2024-03-09T15:44:34.121+0530] {logging_mixin.py:188} INFO - [2024-03-09T15:44:34.121+0530] {dag.py:3834} INFO - Setting next_dagrun for example_branch_datetime_operator_2 to 2024-03-08 00:00:00+00:00, run_after=2024-03-09 00:00:00+00:00
[2024-03-09T15:44:34.123+0530] {logging_mixin.py:188} INFO - [2024-03-09T15:44:34.123+0530] {dag.py:3834} INFO - Setting next_dagrun for example_branch_datetime_operator_3 to 2024-03-08 00:00:00+00:00, run_after=2024-03-09 00:00:00+00:00
[2024-03-09T15:44:34.165+0530] {processor.py:183} INFO - Processing /home/kai/.local/lib/python3.10/site-packages/airflow/example_dags/example_branch_datetime_operator.py took 0.538 seconds
[2024-03-09T15:45:33.322+0530] {processor.py:161} INFO - Started process (PID=4735) to work on /home/kai/.local/lib/python3.10/site-packages/airflow/example_dags/example_branch_datetime_operator.py
[2024-03-09T15:45:33.325+0530] {processor.py:830} INFO - Processing file /home/kai/.local/lib/python3.10/site-packages/airflow/example_dags/example_branch_datetime_operator.py for tasks to queue
[2024-03-09T15:45:33.326+0530] {logging_mixin.py:188} INFO - [2024-03-09T15:45:33.326+0530] {dagbag.py:540} INFO - Filling up the DagBag from /home/kai/.local/lib/python3.10/site-packages/airflow/example_dags/example_branch_datetime_operator.py
[2024-03-09T15:45:33.335+0530] {processor.py:840} INFO - DAG(s) 'example_branch_datetime_operator', 'example_branch_datetime_operator_2', 'example_branch_datetime_operator_3' retrieved from /home/kai/.local/lib/python3.10/site-packages/airflow/example_dags/example_branch_datetime_operator.py
[2024-03-09T15:45:33.354+0530] {logging_mixin.py:188} INFO - [2024-03-09T15:45:33.354+0530] {dag.py:3047} INFO - Sync 3 DAGs
[2024-03-09T15:45:33.372+0530] {logging_mixin.py:188} INFO - [2024-03-09T15:45:33.371+0530] {dag.py:3834} INFO - Setting next_dagrun for example_branch_datetime_operator to 2024-03-08 00:00:00+00:00, run_after=2024-03-09 00:00:00+00:00
[2024-03-09T15:45:33.375+0530] {logging_mixin.py:188} INFO - [2024-03-09T15:45:33.375+0530] {dag.py:3834} INFO - Setting next_dagrun for example_branch_datetime_operator_2 to 2024-03-08 00:00:00+00:00, run_after=2024-03-09 00:00:00+00:00
[2024-03-09T15:45:33.377+0530] {logging_mixin.py:188} INFO - [2024-03-09T15:45:33.377+0530] {dag.py:3834} INFO - Setting next_dagrun for example_branch_datetime_operator_3 to 2024-03-08 00:00:00+00:00, run_after=2024-03-09 00:00:00+00:00
[2024-03-09T15:45:33.411+0530] {processor.py:183} INFO - Processing /home/kai/.local/lib/python3.10/site-packages/airflow/example_dags/example_branch_datetime_operator.py took 0.092 seconds
[2024-03-09T15:46:45.880+0530] {processor.py:161} INFO - Started process (PID=4804) to work on /home/kai/.local/lib/python3.10/site-packages/airflow/example_dags/example_branch_datetime_operator.py
[2024-03-09T15:46:45.883+0530] {processor.py:830} INFO - Processing file /home/kai/.local/lib/python3.10/site-packages/airflow/example_dags/example_branch_datetime_operator.py for tasks to queue
[2024-03-09T15:46:45.884+0530] {logging_mixin.py:188} INFO - [2024-03-09T15:46:45.884+0530] {dagbag.py:540} INFO - Filling up the DagBag from /home/kai/.local/lib/python3.10/site-packages/airflow/example_dags/example_branch_datetime_operator.py
[2024-03-09T15:46:45.895+0530] {processor.py:840} INFO - DAG(s) 'example_branch_datetime_operator_2', 'example_branch_datetime_operator', 'example_branch_datetime_operator_3' retrieved from /home/kai/.local/lib/python3.10/site-packages/airflow/example_dags/example_branch_datetime_operator.py
[2024-03-09T15:46:45.915+0530] {logging_mixin.py:188} INFO - [2024-03-09T15:46:45.915+0530] {dag.py:3047} INFO - Sync 3 DAGs
[2024-03-09T15:46:45.934+0530] {logging_mixin.py:188} INFO - [2024-03-09T15:46:45.934+0530] {dag.py:3834} INFO - Setting next_dagrun for example_branch_datetime_operator to 2024-03-08 00:00:00+00:00, run_after=2024-03-09 00:00:00+00:00
[2024-03-09T15:46:45.938+0530] {logging_mixin.py:188} INFO - [2024-03-09T15:46:45.938+0530] {dag.py:3834} INFO - Setting next_dagrun for example_branch_datetime_operator_2 to 2024-03-08 00:00:00+00:00, run_after=2024-03-09 00:00:00+00:00
[2024-03-09T15:46:45.940+0530] {logging_mixin.py:188} INFO - [2024-03-09T15:46:45.940+0530] {dag.py:3834} INFO - Setting next_dagrun for example_branch_datetime_operator_3 to 2024-03-08 00:00:00+00:00, run_after=2024-03-09 00:00:00+00:00
[2024-03-09T15:46:45.980+0530] {processor.py:183} INFO - Processing /home/kai/.local/lib/python3.10/site-packages/airflow/example_dags/example_branch_datetime_operator.py took 0.104 seconds
[2024-03-09T15:47:41.526+0530] {processor.py:161} INFO - Started process (PID=4861) to work on /home/kai/.local/lib/python3.10/site-packages/airflow/example_dags/example_branch_datetime_operator.py
[2024-03-09T15:47:41.529+0530] {processor.py:830} INFO - Processing file /home/kai/.local/lib/python3.10/site-packages/airflow/example_dags/example_branch_datetime_operator.py for tasks to queue
[2024-03-09T15:47:41.530+0530] {logging_mixin.py:188} INFO - [2024-03-09T15:47:41.530+0530] {dagbag.py:540} INFO - Filling up the DagBag from /home/kai/.local/lib/python3.10/site-packages/airflow/example_dags/example_branch_datetime_operator.py
[2024-03-09T15:47:41.541+0530] {processor.py:840} INFO - DAG(s) 'example_branch_datetime_operator_2', 'example_branch_datetime_operator_3', 'example_branch_datetime_operator' retrieved from /home/kai/.local/lib/python3.10/site-packages/airflow/example_dags/example_branch_datetime_operator.py
[2024-03-09T15:47:41.561+0530] {logging_mixin.py:188} INFO - [2024-03-09T15:47:41.561+0530] {dag.py:3047} INFO - Sync 3 DAGs
[2024-03-09T15:47:41.579+0530] {logging_mixin.py:188} INFO - [2024-03-09T15:47:41.579+0530] {dag.py:3834} INFO - Setting next_dagrun for example_branch_datetime_operator to 2024-03-08 00:00:00+00:00, run_after=2024-03-09 00:00:00+00:00
[2024-03-09T15:47:41.583+0530] {logging_mixin.py:188} INFO - [2024-03-09T15:47:41.583+0530] {dag.py:3834} INFO - Setting next_dagrun for example_branch_datetime_operator_2 to 2024-03-08 00:00:00+00:00, run_after=2024-03-09 00:00:00+00:00
[2024-03-09T15:47:41.585+0530] {logging_mixin.py:188} INFO - [2024-03-09T15:47:41.585+0530] {dag.py:3834} INFO - Setting next_dagrun for example_branch_datetime_operator_3 to 2024-03-08 00:00:00+00:00, run_after=2024-03-09 00:00:00+00:00
[2024-03-09T15:47:41.618+0530] {processor.py:183} INFO - Processing /home/kai/.local/lib/python3.10/site-packages/airflow/example_dags/example_branch_datetime_operator.py took 0.097 seconds
[2024-03-09T15:49:06.735+0530] {processor.py:161} INFO - Started process (PID=4971) to work on /home/kai/.local/lib/python3.10/site-packages/airflow/example_dags/example_branch_datetime_operator.py
[2024-03-09T15:49:06.739+0530] {processor.py:830} INFO - Processing file /home/kai/.local/lib/python3.10/site-packages/airflow/example_dags/example_branch_datetime_operator.py for tasks to queue
[2024-03-09T15:49:06.740+0530] {logging_mixin.py:188} INFO - [2024-03-09T15:49:06.740+0530] {dagbag.py:540} INFO - Filling up the DagBag from /home/kai/.local/lib/python3.10/site-packages/airflow/example_dags/example_branch_datetime_operator.py
[2024-03-09T15:49:06.753+0530] {processor.py:840} INFO - DAG(s) 'example_branch_datetime_operator_3', 'example_branch_datetime_operator', 'example_branch_datetime_operator_2' retrieved from /home/kai/.local/lib/python3.10/site-packages/airflow/example_dags/example_branch_datetime_operator.py
[2024-03-09T15:49:06.774+0530] {logging_mixin.py:188} INFO - [2024-03-09T15:49:06.773+0530] {dag.py:3047} INFO - Sync 3 DAGs
[2024-03-09T15:49:06.793+0530] {logging_mixin.py:188} INFO - [2024-03-09T15:49:06.793+0530] {dag.py:3834} INFO - Setting next_dagrun for example_branch_datetime_operator to 2024-03-08 00:00:00+00:00, run_after=2024-03-09 00:00:00+00:00
[2024-03-09T15:49:06.797+0530] {logging_mixin.py:188} INFO - [2024-03-09T15:49:06.796+0530] {dag.py:3834} INFO - Setting next_dagrun for example_branch_datetime_operator_2 to 2024-03-08 00:00:00+00:00, run_after=2024-03-09 00:00:00+00:00
[2024-03-09T15:49:06.798+0530] {logging_mixin.py:188} INFO - [2024-03-09T15:49:06.798+0530] {dag.py:3834} INFO - Setting next_dagrun for example_branch_datetime_operator_3 to 2024-03-08 00:00:00+00:00, run_after=2024-03-09 00:00:00+00:00
[2024-03-09T15:49:06.833+0530] {processor.py:183} INFO - Processing /home/kai/.local/lib/python3.10/site-packages/airflow/example_dags/example_branch_datetime_operator.py took 0.102 seconds
[2024-03-09T15:49:59.615+0530] {processor.py:161} INFO - Started process (PID=5028) to work on /home/kai/.local/lib/python3.10/site-packages/airflow/example_dags/example_branch_datetime_operator.py
[2024-03-09T15:49:59.618+0530] {processor.py:830} INFO - Processing file /home/kai/.local/lib/python3.10/site-packages/airflow/example_dags/example_branch_datetime_operator.py for tasks to queue
[2024-03-09T15:49:59.619+0530] {logging_mixin.py:188} INFO - [2024-03-09T15:49:59.618+0530] {dagbag.py:540} INFO - Filling up the DagBag from /home/kai/.local/lib/python3.10/site-packages/airflow/example_dags/example_branch_datetime_operator.py
[2024-03-09T15:49:59.628+0530] {processor.py:840} INFO - DAG(s) 'example_branch_datetime_operator_2', 'example_branch_datetime_operator', 'example_branch_datetime_operator_3' retrieved from /home/kai/.local/lib/python3.10/site-packages/airflow/example_dags/example_branch_datetime_operator.py
[2024-03-09T15:49:59.648+0530] {logging_mixin.py:188} INFO - [2024-03-09T15:49:59.648+0530] {dag.py:3047} INFO - Sync 3 DAGs
[2024-03-09T15:49:59.668+0530] {logging_mixin.py:188} INFO - [2024-03-09T15:49:59.668+0530] {dag.py:3834} INFO - Setting next_dagrun for example_branch_datetime_operator to 2024-03-08 00:00:00+00:00, run_after=2024-03-09 00:00:00+00:00
[2024-03-09T15:49:59.672+0530] {logging_mixin.py:188} INFO - [2024-03-09T15:49:59.671+0530] {dag.py:3834} INFO - Setting next_dagrun for example_branch_datetime_operator_2 to 2024-03-08 00:00:00+00:00, run_after=2024-03-09 00:00:00+00:00
[2024-03-09T15:49:59.674+0530] {logging_mixin.py:188} INFO - [2024-03-09T15:49:59.673+0530] {dag.py:3834} INFO - Setting next_dagrun for example_branch_datetime_operator_3 to 2024-03-08 00:00:00+00:00, run_after=2024-03-09 00:00:00+00:00
[2024-03-09T15:49:59.710+0530] {processor.py:183} INFO - Processing /home/kai/.local/lib/python3.10/site-packages/airflow/example_dags/example_branch_datetime_operator.py took 0.098 seconds
[2024-03-09T15:51:14.204+0530] {processor.py:161} INFO - Started process (PID=5106) to work on /home/kai/.local/lib/python3.10/site-packages/airflow/example_dags/example_branch_datetime_operator.py
[2024-03-09T15:51:14.207+0530] {processor.py:830} INFO - Processing file /home/kai/.local/lib/python3.10/site-packages/airflow/example_dags/example_branch_datetime_operator.py for tasks to queue
[2024-03-09T15:51:14.209+0530] {logging_mixin.py:188} INFO - [2024-03-09T15:51:14.208+0530] {dagbag.py:540} INFO - Filling up the DagBag from /home/kai/.local/lib/python3.10/site-packages/airflow/example_dags/example_branch_datetime_operator.py
[2024-03-09T15:51:14.219+0530] {processor.py:840} INFO - DAG(s) 'example_branch_datetime_operator', 'example_branch_datetime_operator_2', 'example_branch_datetime_operator_3' retrieved from /home/kai/.local/lib/python3.10/site-packages/airflow/example_dags/example_branch_datetime_operator.py
[2024-03-09T15:51:14.246+0530] {logging_mixin.py:188} INFO - [2024-03-09T15:51:14.246+0530] {dag.py:3047} INFO - Sync 3 DAGs
[2024-03-09T15:51:14.268+0530] {logging_mixin.py:188} INFO - [2024-03-09T15:51:14.268+0530] {dag.py:3834} INFO - Setting next_dagrun for example_branch_datetime_operator to 2024-03-08 00:00:00+00:00, run_after=2024-03-09 00:00:00+00:00
[2024-03-09T15:51:14.272+0530] {logging_mixin.py:188} INFO - [2024-03-09T15:51:14.272+0530] {dag.py:3834} INFO - Setting next_dagrun for example_branch_datetime_operator_2 to 2024-03-08 00:00:00+00:00, run_after=2024-03-09 00:00:00+00:00
[2024-03-09T15:51:14.277+0530] {logging_mixin.py:188} INFO - [2024-03-09T15:51:14.276+0530] {dag.py:3834} INFO - Setting next_dagrun for example_branch_datetime_operator_3 to 2024-03-08 00:00:00+00:00, run_after=2024-03-09 00:00:00+00:00
[2024-03-09T15:51:14.313+0530] {processor.py:183} INFO - Processing /home/kai/.local/lib/python3.10/site-packages/airflow/example_dags/example_branch_datetime_operator.py took 0.113 seconds
[2024-03-09T15:52:07.138+0530] {processor.py:161} INFO - Started process (PID=5166) to work on /home/kai/.local/lib/python3.10/site-packages/airflow/example_dags/example_branch_datetime_operator.py
[2024-03-09T15:52:07.141+0530] {processor.py:830} INFO - Processing file /home/kai/.local/lib/python3.10/site-packages/airflow/example_dags/example_branch_datetime_operator.py for tasks to queue
[2024-03-09T15:52:07.142+0530] {logging_mixin.py:188} INFO - [2024-03-09T15:52:07.142+0530] {dagbag.py:540} INFO - Filling up the DagBag from /home/kai/.local/lib/python3.10/site-packages/airflow/example_dags/example_branch_datetime_operator.py
[2024-03-09T15:52:07.153+0530] {processor.py:840} INFO - DAG(s) 'example_branch_datetime_operator', 'example_branch_datetime_operator_2', 'example_branch_datetime_operator_3' retrieved from /home/kai/.local/lib/python3.10/site-packages/airflow/example_dags/example_branch_datetime_operator.py
[2024-03-09T15:52:07.172+0530] {logging_mixin.py:188} INFO - [2024-03-09T15:52:07.172+0530] {dag.py:3047} INFO - Sync 3 DAGs
[2024-03-09T15:52:07.190+0530] {logging_mixin.py:188} INFO - [2024-03-09T15:52:07.190+0530] {dag.py:3834} INFO - Setting next_dagrun for example_branch_datetime_operator to 2024-03-08 00:00:00+00:00, run_after=2024-03-09 00:00:00+00:00
[2024-03-09T15:52:07.194+0530] {logging_mixin.py:188} INFO - [2024-03-09T15:52:07.194+0530] {dag.py:3834} INFO - Setting next_dagrun for example_branch_datetime_operator_2 to 2024-03-08 00:00:00+00:00, run_after=2024-03-09 00:00:00+00:00
[2024-03-09T15:52:07.196+0530] {logging_mixin.py:188} INFO - [2024-03-09T15:52:07.196+0530] {dag.py:3834} INFO - Setting next_dagrun for example_branch_datetime_operator_3 to 2024-03-08 00:00:00+00:00, run_after=2024-03-09 00:00:00+00:00
[2024-03-09T15:52:07.233+0530] {processor.py:183} INFO - Processing /home/kai/.local/lib/python3.10/site-packages/airflow/example_dags/example_branch_datetime_operator.py took 0.100 seconds
[2024-03-09T15:52:58.025+0530] {processor.py:161} INFO - Started process (PID=5218) to work on /home/kai/.local/lib/python3.10/site-packages/airflow/example_dags/example_branch_datetime_operator.py
[2024-03-09T15:52:58.028+0530] {processor.py:830} INFO - Processing file /home/kai/.local/lib/python3.10/site-packages/airflow/example_dags/example_branch_datetime_operator.py for tasks to queue
[2024-03-09T15:52:58.029+0530] {logging_mixin.py:188} INFO - [2024-03-09T15:52:58.029+0530] {dagbag.py:540} INFO - Filling up the DagBag from /home/kai/.local/lib/python3.10/site-packages/airflow/example_dags/example_branch_datetime_operator.py
[2024-03-09T15:52:58.039+0530] {processor.py:840} INFO - DAG(s) 'example_branch_datetime_operator_3', 'example_branch_datetime_operator_2', 'example_branch_datetime_operator' retrieved from /home/kai/.local/lib/python3.10/site-packages/airflow/example_dags/example_branch_datetime_operator.py
[2024-03-09T15:52:58.064+0530] {logging_mixin.py:188} INFO - [2024-03-09T15:52:58.064+0530] {dag.py:3047} INFO - Sync 3 DAGs
[2024-03-09T15:52:58.085+0530] {logging_mixin.py:188} INFO - [2024-03-09T15:52:58.085+0530] {dag.py:3834} INFO - Setting next_dagrun for example_branch_datetime_operator to 2024-03-08 00:00:00+00:00, run_after=2024-03-09 00:00:00+00:00
[2024-03-09T15:52:58.088+0530] {logging_mixin.py:188} INFO - [2024-03-09T15:52:58.088+0530] {dag.py:3834} INFO - Setting next_dagrun for example_branch_datetime_operator_2 to 2024-03-08 00:00:00+00:00, run_after=2024-03-09 00:00:00+00:00
[2024-03-09T15:52:58.090+0530] {logging_mixin.py:188} INFO - [2024-03-09T15:52:58.090+0530] {dag.py:3834} INFO - Setting next_dagrun for example_branch_datetime_operator_3 to 2024-03-08 00:00:00+00:00, run_after=2024-03-09 00:00:00+00:00
[2024-03-09T15:52:58.124+0530] {processor.py:183} INFO - Processing /home/kai/.local/lib/python3.10/site-packages/airflow/example_dags/example_branch_datetime_operator.py took 0.102 seconds
[2024-03-09T15:53:51.866+0530] {processor.py:161} INFO - Started process (PID=5274) to work on /home/kai/.local/lib/python3.10/site-packages/airflow/example_dags/example_branch_datetime_operator.py
[2024-03-09T15:53:51.869+0530] {processor.py:830} INFO - Processing file /home/kai/.local/lib/python3.10/site-packages/airflow/example_dags/example_branch_datetime_operator.py for tasks to queue
[2024-03-09T15:53:51.870+0530] {logging_mixin.py:188} INFO - [2024-03-09T15:53:51.870+0530] {dagbag.py:540} INFO - Filling up the DagBag from /home/kai/.local/lib/python3.10/site-packages/airflow/example_dags/example_branch_datetime_operator.py
[2024-03-09T15:53:51.881+0530] {processor.py:840} INFO - DAG(s) 'example_branch_datetime_operator_2', 'example_branch_datetime_operator_3', 'example_branch_datetime_operator' retrieved from /home/kai/.local/lib/python3.10/site-packages/airflow/example_dags/example_branch_datetime_operator.py
[2024-03-09T15:53:51.902+0530] {logging_mixin.py:188} INFO - [2024-03-09T15:53:51.902+0530] {dag.py:3047} INFO - Sync 3 DAGs
[2024-03-09T15:53:51.923+0530] {logging_mixin.py:188} INFO - [2024-03-09T15:53:51.923+0530] {dag.py:3834} INFO - Setting next_dagrun for example_branch_datetime_operator to 2024-03-08 00:00:00+00:00, run_after=2024-03-09 00:00:00+00:00
[2024-03-09T15:53:51.927+0530] {logging_mixin.py:188} INFO - [2024-03-09T15:53:51.927+0530] {dag.py:3834} INFO - Setting next_dagrun for example_branch_datetime_operator_2 to 2024-03-08 00:00:00+00:00, run_after=2024-03-09 00:00:00+00:00
[2024-03-09T15:53:51.929+0530] {logging_mixin.py:188} INFO - [2024-03-09T15:53:51.929+0530] {dag.py:3834} INFO - Setting next_dagrun for example_branch_datetime_operator_3 to 2024-03-08 00:00:00+00:00, run_after=2024-03-09 00:00:00+00:00
[2024-03-09T15:53:51.965+0530] {processor.py:183} INFO - Processing /home/kai/.local/lib/python3.10/site-packages/airflow/example_dags/example_branch_datetime_operator.py took 0.103 seconds
