[2024-03-09T15:44:32.194+0530] {processor.py:161} INFO - Started process (PID=4670) to work on /home/kai/.local/lib/python3.10/site-packages/airflow/example_dags/example_branch_day_of_week_operator.py
[2024-03-09T15:44:32.195+0530] {processor.py:830} INFO - Processing file /home/kai/.local/lib/python3.10/site-packages/airflow/example_dags/example_branch_day_of_week_operator.py for tasks to queue
[2024-03-09T15:44:32.196+0530] {logging_mixin.py:188} INFO - [2024-03-09T15:44:32.196+0530] {dagbag.py:540} INFO - Filling up the DagBag from /home/kai/.local/lib/python3.10/site-packages/airflow/example_dags/example_branch_day_of_week_operator.py
[2024-03-09T15:44:32.204+0530] {processor.py:840} INFO - DAG(s) 'example_weekday_branch_operator' retrieved from /home/kai/.local/lib/python3.10/site-packages/airflow/example_dags/example_branch_day_of_week_operator.py
[2024-03-09T15:44:32.338+0530] {logging_mixin.py:188} INFO - [2024-03-09T15:44:32.338+0530] {override.py:1769} INFO - Created Permission View: can delete on DAG:example_weekday_branch_operator
[2024-03-09T15:44:32.362+0530] {logging_mixin.py:188} INFO - [2024-03-09T15:44:32.361+0530] {override.py:1769} INFO - Created Permission View: can read on DAG:example_weekday_branch_operator
[2024-03-09T15:44:32.384+0530] {logging_mixin.py:188} INFO - [2024-03-09T15:44:32.384+0530] {override.py:1769} INFO - Created Permission View: can edit on DAG:example_weekday_branch_operator
[2024-03-09T15:44:32.384+0530] {logging_mixin.py:188} INFO - [2024-03-09T15:44:32.384+0530] {dag.py:3047} INFO - Sync 1 DAGs
[2024-03-09T15:44:32.472+0530] {logging_mixin.py:188} INFO - [2024-03-09T15:44:32.472+0530] {dag.py:3069} INFO - Creating ORM DAG for example_weekday_branch_operator
[2024-03-09T15:44:32.481+0530] {logging_mixin.py:188} INFO - [2024-03-09T15:44:32.481+0530] {dag.py:3834} INFO - Setting next_dagrun for example_weekday_branch_operator to 2024-03-08 00:00:00+00:00, run_after=2024-03-09 00:00:00+00:00
[2024-03-09T15:44:32.519+0530] {processor.py:183} INFO - Processing /home/kai/.local/lib/python3.10/site-packages/airflow/example_dags/example_branch_day_of_week_operator.py took 0.328 seconds
[2024-03-09T15:45:32.189+0530] {processor.py:161} INFO - Started process (PID=4734) to work on /home/kai/.local/lib/python3.10/site-packages/airflow/example_dags/example_branch_day_of_week_operator.py
[2024-03-09T15:45:32.192+0530] {processor.py:830} INFO - Processing file /home/kai/.local/lib/python3.10/site-packages/airflow/example_dags/example_branch_day_of_week_operator.py for tasks to queue
[2024-03-09T15:45:32.193+0530] {logging_mixin.py:188} INFO - [2024-03-09T15:45:32.193+0530] {dagbag.py:540} INFO - Filling up the DagBag from /home/kai/.local/lib/python3.10/site-packages/airflow/example_dags/example_branch_day_of_week_operator.py
[2024-03-09T15:45:32.201+0530] {processor.py:840} INFO - DAG(s) 'example_weekday_branch_operator' retrieved from /home/kai/.local/lib/python3.10/site-packages/airflow/example_dags/example_branch_day_of_week_operator.py
[2024-03-09T15:45:32.217+0530] {logging_mixin.py:188} INFO - [2024-03-09T15:45:32.217+0530] {dag.py:3047} INFO - Sync 1 DAGs
[2024-03-09T15:45:32.237+0530] {logging_mixin.py:188} INFO - [2024-03-09T15:45:32.237+0530] {dag.py:3834} INFO - Setting next_dagrun for example_weekday_branch_operator to 2024-03-08 00:00:00+00:00, run_after=2024-03-09 00:00:00+00:00
[2024-03-09T15:45:32.271+0530] {processor.py:183} INFO - Processing /home/kai/.local/lib/python3.10/site-packages/airflow/example_dags/example_branch_day_of_week_operator.py took 0.085 seconds
[2024-03-09T15:46:44.740+0530] {processor.py:161} INFO - Started process (PID=4803) to work on /home/kai/.local/lib/python3.10/site-packages/airflow/example_dags/example_branch_day_of_week_operator.py
[2024-03-09T15:46:44.741+0530] {processor.py:830} INFO - Processing file /home/kai/.local/lib/python3.10/site-packages/airflow/example_dags/example_branch_day_of_week_operator.py for tasks to queue
[2024-03-09T15:46:44.742+0530] {logging_mixin.py:188} INFO - [2024-03-09T15:46:44.742+0530] {dagbag.py:540} INFO - Filling up the DagBag from /home/kai/.local/lib/python3.10/site-packages/airflow/example_dags/example_branch_day_of_week_operator.py
[2024-03-09T15:46:44.750+0530] {processor.py:840} INFO - DAG(s) 'example_weekday_branch_operator' retrieved from /home/kai/.local/lib/python3.10/site-packages/airflow/example_dags/example_branch_day_of_week_operator.py
[2024-03-09T15:46:44.767+0530] {logging_mixin.py:188} INFO - [2024-03-09T15:46:44.767+0530] {dag.py:3047} INFO - Sync 1 DAGs
[2024-03-09T15:46:44.786+0530] {logging_mixin.py:188} INFO - [2024-03-09T15:46:44.785+0530] {dag.py:3834} INFO - Setting next_dagrun for example_weekday_branch_operator to 2024-03-08 00:00:00+00:00, run_after=2024-03-09 00:00:00+00:00
[2024-03-09T15:46:44.820+0530] {processor.py:183} INFO - Processing /home/kai/.local/lib/python3.10/site-packages/airflow/example_dags/example_branch_day_of_week_operator.py took 0.084 seconds
[2024-03-09T15:47:40.539+0530] {processor.py:161} INFO - Started process (PID=4860) to work on /home/kai/.local/lib/python3.10/site-packages/airflow/example_dags/example_branch_day_of_week_operator.py
[2024-03-09T15:47:40.542+0530] {processor.py:830} INFO - Processing file /home/kai/.local/lib/python3.10/site-packages/airflow/example_dags/example_branch_day_of_week_operator.py for tasks to queue
[2024-03-09T15:47:40.543+0530] {logging_mixin.py:188} INFO - [2024-03-09T15:47:40.542+0530] {dagbag.py:540} INFO - Filling up the DagBag from /home/kai/.local/lib/python3.10/site-packages/airflow/example_dags/example_branch_day_of_week_operator.py
[2024-03-09T15:47:40.552+0530] {processor.py:840} INFO - DAG(s) 'example_weekday_branch_operator' retrieved from /home/kai/.local/lib/python3.10/site-packages/airflow/example_dags/example_branch_day_of_week_operator.py
[2024-03-09T15:47:40.569+0530] {logging_mixin.py:188} INFO - [2024-03-09T15:47:40.569+0530] {dag.py:3047} INFO - Sync 1 DAGs
[2024-03-09T15:47:40.590+0530] {logging_mixin.py:188} INFO - [2024-03-09T15:47:40.590+0530] {dag.py:3834} INFO - Setting next_dagrun for example_weekday_branch_operator to 2024-03-08 00:00:00+00:00, run_after=2024-03-09 00:00:00+00:00
[2024-03-09T15:47:40.626+0530] {processor.py:183} INFO - Processing /home/kai/.local/lib/python3.10/site-packages/airflow/example_dags/example_branch_day_of_week_operator.py took 0.090 seconds
[2024-03-09T15:49:05.552+0530] {processor.py:161} INFO - Started process (PID=4967) to work on /home/kai/.local/lib/python3.10/site-packages/airflow/example_dags/example_branch_day_of_week_operator.py
[2024-03-09T15:49:05.555+0530] {processor.py:830} INFO - Processing file /home/kai/.local/lib/python3.10/site-packages/airflow/example_dags/example_branch_day_of_week_operator.py for tasks to queue
[2024-03-09T15:49:05.557+0530] {logging_mixin.py:188} INFO - [2024-03-09T15:49:05.556+0530] {dagbag.py:540} INFO - Filling up the DagBag from /home/kai/.local/lib/python3.10/site-packages/airflow/example_dags/example_branch_day_of_week_operator.py
[2024-03-09T15:49:05.565+0530] {processor.py:840} INFO - DAG(s) 'example_weekday_branch_operator' retrieved from /home/kai/.local/lib/python3.10/site-packages/airflow/example_dags/example_branch_day_of_week_operator.py
[2024-03-09T15:49:05.583+0530] {logging_mixin.py:188} INFO - [2024-03-09T15:49:05.583+0530] {dag.py:3047} INFO - Sync 1 DAGs
[2024-03-09T15:49:05.602+0530] {logging_mixin.py:188} INFO - [2024-03-09T15:49:05.601+0530] {dag.py:3834} INFO - Setting next_dagrun for example_weekday_branch_operator to 2024-03-08 00:00:00+00:00, run_after=2024-03-09 00:00:00+00:00
[2024-03-09T15:49:05.636+0530] {processor.py:183} INFO - Processing /home/kai/.local/lib/python3.10/site-packages/airflow/example_dags/example_branch_day_of_week_operator.py took 0.087 seconds
[2024-03-09T15:49:58.482+0530] {processor.py:161} INFO - Started process (PID=5027) to work on /home/kai/.local/lib/python3.10/site-packages/airflow/example_dags/example_branch_day_of_week_operator.py
[2024-03-09T15:49:58.488+0530] {processor.py:830} INFO - Processing file /home/kai/.local/lib/python3.10/site-packages/airflow/example_dags/example_branch_day_of_week_operator.py for tasks to queue
[2024-03-09T15:49:58.489+0530] {logging_mixin.py:188} INFO - [2024-03-09T15:49:58.488+0530] {dagbag.py:540} INFO - Filling up the DagBag from /home/kai/.local/lib/python3.10/site-packages/airflow/example_dags/example_branch_day_of_week_operator.py
[2024-03-09T15:49:58.496+0530] {processor.py:840} INFO - DAG(s) 'example_weekday_branch_operator' retrieved from /home/kai/.local/lib/python3.10/site-packages/airflow/example_dags/example_branch_day_of_week_operator.py
[2024-03-09T15:49:58.512+0530] {logging_mixin.py:188} INFO - [2024-03-09T15:49:58.512+0530] {dag.py:3047} INFO - Sync 1 DAGs
[2024-03-09T15:49:58.530+0530] {logging_mixin.py:188} INFO - [2024-03-09T15:49:58.530+0530] {dag.py:3834} INFO - Setting next_dagrun for example_weekday_branch_operator to 2024-03-08 00:00:00+00:00, run_after=2024-03-09 00:00:00+00:00
[2024-03-09T15:49:58.569+0530] {processor.py:183} INFO - Processing /home/kai/.local/lib/python3.10/site-packages/airflow/example_dags/example_branch_day_of_week_operator.py took 0.091 seconds
[2024-03-09T15:51:13.039+0530] {processor.py:161} INFO - Started process (PID=5105) to work on /home/kai/.local/lib/python3.10/site-packages/airflow/example_dags/example_branch_day_of_week_operator.py
[2024-03-09T15:51:13.042+0530] {processor.py:830} INFO - Processing file /home/kai/.local/lib/python3.10/site-packages/airflow/example_dags/example_branch_day_of_week_operator.py for tasks to queue
[2024-03-09T15:51:13.043+0530] {logging_mixin.py:188} INFO - [2024-03-09T15:51:13.043+0530] {dagbag.py:540} INFO - Filling up the DagBag from /home/kai/.local/lib/python3.10/site-packages/airflow/example_dags/example_branch_day_of_week_operator.py
[2024-03-09T15:51:13.051+0530] {processor.py:840} INFO - DAG(s) 'example_weekday_branch_operator' retrieved from /home/kai/.local/lib/python3.10/site-packages/airflow/example_dags/example_branch_day_of_week_operator.py
[2024-03-09T15:51:13.067+0530] {logging_mixin.py:188} INFO - [2024-03-09T15:51:13.067+0530] {dag.py:3047} INFO - Sync 1 DAGs
[2024-03-09T15:51:13.085+0530] {logging_mixin.py:188} INFO - [2024-03-09T15:51:13.085+0530] {dag.py:3834} INFO - Setting next_dagrun for example_weekday_branch_operator to 2024-03-08 00:00:00+00:00, run_after=2024-03-09 00:00:00+00:00
[2024-03-09T15:51:13.124+0530] {processor.py:183} INFO - Processing /home/kai/.local/lib/python3.10/site-packages/airflow/example_dags/example_branch_day_of_week_operator.py took 0.090 seconds
[2024-03-09T15:52:05.982+0530] {processor.py:161} INFO - Started process (PID=5165) to work on /home/kai/.local/lib/python3.10/site-packages/airflow/example_dags/example_branch_day_of_week_operator.py
[2024-03-09T15:52:05.985+0530] {processor.py:830} INFO - Processing file /home/kai/.local/lib/python3.10/site-packages/airflow/example_dags/example_branch_day_of_week_operator.py for tasks to queue
[2024-03-09T15:52:05.986+0530] {logging_mixin.py:188} INFO - [2024-03-09T15:52:05.986+0530] {dagbag.py:540} INFO - Filling up the DagBag from /home/kai/.local/lib/python3.10/site-packages/airflow/example_dags/example_branch_day_of_week_operator.py
[2024-03-09T15:52:05.995+0530] {processor.py:840} INFO - DAG(s) 'example_weekday_branch_operator' retrieved from /home/kai/.local/lib/python3.10/site-packages/airflow/example_dags/example_branch_day_of_week_operator.py
[2024-03-09T15:52:06.011+0530] {logging_mixin.py:188} INFO - [2024-03-09T15:52:06.011+0530] {dag.py:3047} INFO - Sync 1 DAGs
[2024-03-09T15:52:06.029+0530] {logging_mixin.py:188} INFO - [2024-03-09T15:52:06.029+0530] {dag.py:3834} INFO - Setting next_dagrun for example_weekday_branch_operator to 2024-03-08 00:00:00+00:00, run_after=2024-03-09 00:00:00+00:00
[2024-03-09T15:52:06.071+0530] {processor.py:183} INFO - Processing /home/kai/.local/lib/python3.10/site-packages/airflow/example_dags/example_branch_day_of_week_operator.py took 0.093 seconds
[2024-03-09T15:52:57.862+0530] {processor.py:161} INFO - Started process (PID=5217) to work on /home/kai/.local/lib/python3.10/site-packages/airflow/example_dags/example_branch_day_of_week_operator.py
[2024-03-09T15:52:57.864+0530] {processor.py:830} INFO - Processing file /home/kai/.local/lib/python3.10/site-packages/airflow/example_dags/example_branch_day_of_week_operator.py for tasks to queue
[2024-03-09T15:52:57.865+0530] {logging_mixin.py:188} INFO - [2024-03-09T15:52:57.865+0530] {dagbag.py:540} INFO - Filling up the DagBag from /home/kai/.local/lib/python3.10/site-packages/airflow/example_dags/example_branch_day_of_week_operator.py
[2024-03-09T15:52:57.873+0530] {processor.py:840} INFO - DAG(s) 'example_weekday_branch_operator' retrieved from /home/kai/.local/lib/python3.10/site-packages/airflow/example_dags/example_branch_day_of_week_operator.py
[2024-03-09T15:52:57.889+0530] {logging_mixin.py:188} INFO - [2024-03-09T15:52:57.889+0530] {dag.py:3047} INFO - Sync 1 DAGs
[2024-03-09T15:52:57.909+0530] {logging_mixin.py:188} INFO - [2024-03-09T15:52:57.908+0530] {dag.py:3834} INFO - Setting next_dagrun for example_weekday_branch_operator to 2024-03-08 00:00:00+00:00, run_after=2024-03-09 00:00:00+00:00
[2024-03-09T15:52:57.943+0530] {processor.py:183} INFO - Processing /home/kai/.local/lib/python3.10/site-packages/airflow/example_dags/example_branch_day_of_week_operator.py took 0.084 seconds
[2024-03-09T15:53:50.718+0530] {processor.py:161} INFO - Started process (PID=5273) to work on /home/kai/.local/lib/python3.10/site-packages/airflow/example_dags/example_branch_day_of_week_operator.py
[2024-03-09T15:53:50.720+0530] {processor.py:830} INFO - Processing file /home/kai/.local/lib/python3.10/site-packages/airflow/example_dags/example_branch_day_of_week_operator.py for tasks to queue
[2024-03-09T15:53:50.722+0530] {logging_mixin.py:188} INFO - [2024-03-09T15:53:50.721+0530] {dagbag.py:540} INFO - Filling up the DagBag from /home/kai/.local/lib/python3.10/site-packages/airflow/example_dags/example_branch_day_of_week_operator.py
[2024-03-09T15:53:50.730+0530] {processor.py:840} INFO - DAG(s) 'example_weekday_branch_operator' retrieved from /home/kai/.local/lib/python3.10/site-packages/airflow/example_dags/example_branch_day_of_week_operator.py
[2024-03-09T15:53:50.748+0530] {logging_mixin.py:188} INFO - [2024-03-09T15:53:50.748+0530] {dag.py:3047} INFO - Sync 1 DAGs
[2024-03-09T15:53:50.767+0530] {logging_mixin.py:188} INFO - [2024-03-09T15:53:50.767+0530] {dag.py:3834} INFO - Setting next_dagrun for example_weekday_branch_operator to 2024-03-08 00:00:00+00:00, run_after=2024-03-09 00:00:00+00:00
[2024-03-09T15:53:50.800+0530] {processor.py:183} INFO - Processing /home/kai/.local/lib/python3.10/site-packages/airflow/example_dags/example_branch_day_of_week_operator.py took 0.085 seconds
