[2024-03-09T15:43:51.347+0530] {processor.py:161} INFO - Started process (PID=4635) to work on /home/kai/.local/lib/python3.10/site-packages/airflow/example_dags/example_complex.py
[2024-03-09T15:43:51.348+0530] {processor.py:830} INFO - Processing file /home/kai/.local/lib/python3.10/site-packages/airflow/example_dags/example_complex.py for tasks to queue
[2024-03-09T15:43:51.349+0530] {logging_mixin.py:188} INFO - [2024-03-09T15:43:51.349+0530] {dagbag.py:540} INFO - Filling up the DagBag from /home/kai/.local/lib/python3.10/site-packages/airflow/example_dags/example_complex.py
[2024-03-09T15:43:51.359+0530] {processor.py:840} INFO - DAG(s) 'example_complex' retrieved from /home/kai/.local/lib/python3.10/site-packages/airflow/example_dags/example_complex.py
[2024-03-09T15:43:51.491+0530] {logging_mixin.py:188} INFO - [2024-03-09T15:43:51.490+0530] {override.py:1769} INFO - Created Permission View: can delete on DAG:example_complex
[2024-03-09T15:43:51.516+0530] {logging_mixin.py:188} INFO - [2024-03-09T15:43:51.516+0530] {override.py:1769} INFO - Created Permission View: can read on DAG:example_complex
[2024-03-09T15:43:51.538+0530] {logging_mixin.py:188} INFO - [2024-03-09T15:43:51.538+0530] {override.py:1769} INFO - Created Permission View: can edit on DAG:example_complex
[2024-03-09T15:43:51.538+0530] {logging_mixin.py:188} INFO - [2024-03-09T15:43:51.538+0530] {dag.py:3047} INFO - Sync 1 DAGs
[2024-03-09T15:43:51.547+0530] {logging_mixin.py:188} INFO - [2024-03-09T15:43:51.546+0530] {dag.py:3069} INFO - Creating ORM DAG for example_complex
[2024-03-09T15:43:51.547+0530] {logging_mixin.py:188} INFO - [2024-03-09T15:43:51.547+0530] {dag.py:3834} INFO - Setting next_dagrun for example_complex to None, run_after=None
[2024-03-09T15:43:51.593+0530] {processor.py:183} INFO - Processing /home/kai/.local/lib/python3.10/site-packages/airflow/example_dags/example_complex.py took 0.250 seconds
[2024-03-09T15:44:55.025+0530] {processor.py:161} INFO - Started process (PID=4693) to work on /home/kai/.local/lib/python3.10/site-packages/airflow/example_dags/example_complex.py
[2024-03-09T15:44:55.028+0530] {processor.py:830} INFO - Processing file /home/kai/.local/lib/python3.10/site-packages/airflow/example_dags/example_complex.py for tasks to queue
[2024-03-09T15:44:55.029+0530] {logging_mixin.py:188} INFO - [2024-03-09T15:44:55.029+0530] {dagbag.py:540} INFO - Filling up the DagBag from /home/kai/.local/lib/python3.10/site-packages/airflow/example_dags/example_complex.py
[2024-03-09T15:44:55.038+0530] {processor.py:840} INFO - DAG(s) 'example_complex' retrieved from /home/kai/.local/lib/python3.10/site-packages/airflow/example_dags/example_complex.py
[2024-03-09T15:44:55.062+0530] {logging_mixin.py:188} INFO - [2024-03-09T15:44:55.062+0530] {dag.py:3047} INFO - Sync 1 DAGs
[2024-03-09T15:44:55.072+0530] {logging_mixin.py:188} INFO - [2024-03-09T15:44:55.071+0530] {dag.py:3834} INFO - Setting next_dagrun for example_complex to None, run_after=None
[2024-03-09T15:44:55.202+0530] {processor.py:183} INFO - Processing /home/kai/.local/lib/python3.10/site-packages/airflow/example_dags/example_complex.py took 0.180 seconds
[2024-03-09T15:45:50.238+0530] {processor.py:161} INFO - Started process (PID=4753) to work on /home/kai/.local/lib/python3.10/site-packages/airflow/example_dags/example_complex.py
[2024-03-09T15:45:50.241+0530] {processor.py:830} INFO - Processing file /home/kai/.local/lib/python3.10/site-packages/airflow/example_dags/example_complex.py for tasks to queue
[2024-03-09T15:45:50.243+0530] {logging_mixin.py:188} INFO - [2024-03-09T15:45:50.242+0530] {dagbag.py:540} INFO - Filling up the DagBag from /home/kai/.local/lib/python3.10/site-packages/airflow/example_dags/example_complex.py
[2024-03-09T15:45:50.255+0530] {processor.py:840} INFO - DAG(s) 'example_complex' retrieved from /home/kai/.local/lib/python3.10/site-packages/airflow/example_dags/example_complex.py
[2024-03-09T15:45:50.279+0530] {logging_mixin.py:188} INFO - [2024-03-09T15:45:50.279+0530] {dag.py:3047} INFO - Sync 1 DAGs
[2024-03-09T15:45:50.289+0530] {logging_mixin.py:188} INFO - [2024-03-09T15:45:50.288+0530] {dag.py:3834} INFO - Setting next_dagrun for example_complex to None, run_after=None
[2024-03-09T15:45:50.404+0530] {processor.py:183} INFO - Processing /home/kai/.local/lib/python3.10/site-packages/airflow/example_dags/example_complex.py took 0.170 seconds
[2024-03-09T15:46:38.307+0530] {processor.py:161} INFO - Started process (PID=4797) to work on /home/kai/.local/lib/python3.10/site-packages/airflow/example_dags/example_complex.py
[2024-03-09T15:46:38.310+0530] {processor.py:830} INFO - Processing file /home/kai/.local/lib/python3.10/site-packages/airflow/example_dags/example_complex.py for tasks to queue
[2024-03-09T15:46:38.311+0530] {logging_mixin.py:188} INFO - [2024-03-09T15:46:38.310+0530] {dagbag.py:540} INFO - Filling up the DagBag from /home/kai/.local/lib/python3.10/site-packages/airflow/example_dags/example_complex.py
[2024-03-09T15:46:38.321+0530] {processor.py:840} INFO - DAG(s) 'example_complex' retrieved from /home/kai/.local/lib/python3.10/site-packages/airflow/example_dags/example_complex.py
[2024-03-09T15:46:38.345+0530] {logging_mixin.py:188} INFO - [2024-03-09T15:46:38.345+0530] {dag.py:3047} INFO - Sync 1 DAGs
[2024-03-09T15:46:38.356+0530] {logging_mixin.py:188} INFO - [2024-03-09T15:46:38.355+0530] {dag.py:3834} INFO - Setting next_dagrun for example_complex to None, run_after=None
[2024-03-09T15:46:38.390+0530] {processor.py:183} INFO - Processing /home/kai/.local/lib/python3.10/site-packages/airflow/example_dags/example_complex.py took 0.087 seconds
[2024-03-09T15:47:27.459+0530] {processor.py:161} INFO - Started process (PID=4846) to work on /home/kai/.local/lib/python3.10/site-packages/airflow/example_dags/example_complex.py
[2024-03-09T15:47:27.462+0530] {processor.py:830} INFO - Processing file /home/kai/.local/lib/python3.10/site-packages/airflow/example_dags/example_complex.py for tasks to queue
[2024-03-09T15:47:27.464+0530] {logging_mixin.py:188} INFO - [2024-03-09T15:47:27.463+0530] {dagbag.py:540} INFO - Filling up the DagBag from /home/kai/.local/lib/python3.10/site-packages/airflow/example_dags/example_complex.py
[2024-03-09T15:47:27.476+0530] {processor.py:840} INFO - DAG(s) 'example_complex' retrieved from /home/kai/.local/lib/python3.10/site-packages/airflow/example_dags/example_complex.py
[2024-03-09T15:47:27.499+0530] {logging_mixin.py:188} INFO - [2024-03-09T15:47:27.499+0530] {dag.py:3047} INFO - Sync 1 DAGs
[2024-03-09T15:47:27.509+0530] {logging_mixin.py:188} INFO - [2024-03-09T15:47:27.509+0530] {dag.py:3834} INFO - Setting next_dagrun for example_complex to None, run_after=None
[2024-03-09T15:47:27.548+0530] {processor.py:183} INFO - Processing /home/kai/.local/lib/python3.10/site-packages/airflow/example_dags/example_complex.py took 0.094 seconds
[2024-03-09T15:48:26.195+0530] {processor.py:161} INFO - Started process (PID=4919) to work on /home/kai/.local/lib/python3.10/site-packages/airflow/example_dags/example_complex.py
[2024-03-09T15:48:26.198+0530] {processor.py:830} INFO - Processing file /home/kai/.local/lib/python3.10/site-packages/airflow/example_dags/example_complex.py for tasks to queue
[2024-03-09T15:48:26.199+0530] {logging_mixin.py:188} INFO - [2024-03-09T15:48:26.199+0530] {dagbag.py:540} INFO - Filling up the DagBag from /home/kai/.local/lib/python3.10/site-packages/airflow/example_dags/example_complex.py
[2024-03-09T15:48:26.209+0530] {processor.py:840} INFO - DAG(s) 'example_complex' retrieved from /home/kai/.local/lib/python3.10/site-packages/airflow/example_dags/example_complex.py
[2024-03-09T15:48:26.232+0530] {logging_mixin.py:188} INFO - [2024-03-09T15:48:26.232+0530] {dag.py:3047} INFO - Sync 1 DAGs
[2024-03-09T15:48:26.243+0530] {logging_mixin.py:188} INFO - [2024-03-09T15:48:26.243+0530] {dag.py:3834} INFO - Setting next_dagrun for example_complex to None, run_after=None
[2024-03-09T15:48:26.277+0530] {processor.py:183} INFO - Processing /home/kai/.local/lib/python3.10/site-packages/airflow/example_dags/example_complex.py took 0.085 seconds
[2024-03-09T15:49:15.726+0530] {processor.py:161} INFO - Started process (PID=4980) to work on /home/kai/.local/lib/python3.10/site-packages/airflow/example_dags/example_complex.py
[2024-03-09T15:49:15.729+0530] {processor.py:830} INFO - Processing file /home/kai/.local/lib/python3.10/site-packages/airflow/example_dags/example_complex.py for tasks to queue
[2024-03-09T15:49:15.730+0530] {logging_mixin.py:188} INFO - [2024-03-09T15:49:15.730+0530] {dagbag.py:540} INFO - Filling up the DagBag from /home/kai/.local/lib/python3.10/site-packages/airflow/example_dags/example_complex.py
[2024-03-09T15:49:15.744+0530] {processor.py:840} INFO - DAG(s) 'example_complex' retrieved from /home/kai/.local/lib/python3.10/site-packages/airflow/example_dags/example_complex.py
[2024-03-09T15:49:15.776+0530] {logging_mixin.py:188} INFO - [2024-03-09T15:49:15.776+0530] {dag.py:3047} INFO - Sync 1 DAGs
[2024-03-09T15:49:15.787+0530] {logging_mixin.py:188} INFO - [2024-03-09T15:49:15.786+0530] {dag.py:3834} INFO - Setting next_dagrun for example_complex to None, run_after=None
[2024-03-09T15:49:15.824+0530] {processor.py:183} INFO - Processing /home/kai/.local/lib/python3.10/site-packages/airflow/example_dags/example_complex.py took 0.103 seconds
[2024-03-09T15:50:07.239+0530] {processor.py:161} INFO - Started process (PID=5038) to work on /home/kai/.local/lib/python3.10/site-packages/airflow/example_dags/example_complex.py
[2024-03-09T15:50:07.242+0530] {processor.py:830} INFO - Processing file /home/kai/.local/lib/python3.10/site-packages/airflow/example_dags/example_complex.py for tasks to queue
[2024-03-09T15:50:07.243+0530] {logging_mixin.py:188} INFO - [2024-03-09T15:50:07.242+0530] {dagbag.py:540} INFO - Filling up the DagBag from /home/kai/.local/lib/python3.10/site-packages/airflow/example_dags/example_complex.py
[2024-03-09T15:50:07.252+0530] {processor.py:840} INFO - DAG(s) 'example_complex' retrieved from /home/kai/.local/lib/python3.10/site-packages/airflow/example_dags/example_complex.py
[2024-03-09T15:50:07.276+0530] {logging_mixin.py:188} INFO - [2024-03-09T15:50:07.275+0530] {dag.py:3047} INFO - Sync 1 DAGs
[2024-03-09T15:50:07.285+0530] {logging_mixin.py:188} INFO - [2024-03-09T15:50:07.285+0530] {dag.py:3834} INFO - Setting next_dagrun for example_complex to None, run_after=None
[2024-03-09T15:50:07.322+0530] {processor.py:183} INFO - Processing /home/kai/.local/lib/python3.10/site-packages/airflow/example_dags/example_complex.py took 0.087 seconds
[2024-03-09T15:51:23.347+0530] {processor.py:161} INFO - Started process (PID=5117) to work on /home/kai/.local/lib/python3.10/site-packages/airflow/example_dags/example_complex.py
[2024-03-09T15:51:23.349+0530] {processor.py:830} INFO - Processing file /home/kai/.local/lib/python3.10/site-packages/airflow/example_dags/example_complex.py for tasks to queue
[2024-03-09T15:51:23.351+0530] {logging_mixin.py:188} INFO - [2024-03-09T15:51:23.350+0530] {dagbag.py:540} INFO - Filling up the DagBag from /home/kai/.local/lib/python3.10/site-packages/airflow/example_dags/example_complex.py
[2024-03-09T15:51:23.361+0530] {processor.py:840} INFO - DAG(s) 'example_complex' retrieved from /home/kai/.local/lib/python3.10/site-packages/airflow/example_dags/example_complex.py
[2024-03-09T15:51:23.383+0530] {logging_mixin.py:188} INFO - [2024-03-09T15:51:23.383+0530] {dag.py:3047} INFO - Sync 1 DAGs
[2024-03-09T15:51:23.394+0530] {logging_mixin.py:188} INFO - [2024-03-09T15:51:23.394+0530] {dag.py:3834} INFO - Setting next_dagrun for example_complex to None, run_after=None
[2024-03-09T15:51:23.427+0530] {processor.py:183} INFO - Processing /home/kai/.local/lib/python3.10/site-packages/airflow/example_dags/example_complex.py took 0.084 seconds
[2024-03-09T15:52:14.974+0530] {processor.py:161} INFO - Started process (PID=5174) to work on /home/kai/.local/lib/python3.10/site-packages/airflow/example_dags/example_complex.py
[2024-03-09T15:52:14.977+0530] {processor.py:830} INFO - Processing file /home/kai/.local/lib/python3.10/site-packages/airflow/example_dags/example_complex.py for tasks to queue
[2024-03-09T15:52:14.978+0530] {logging_mixin.py:188} INFO - [2024-03-09T15:52:14.977+0530] {dagbag.py:540} INFO - Filling up the DagBag from /home/kai/.local/lib/python3.10/site-packages/airflow/example_dags/example_complex.py
[2024-03-09T15:52:14.987+0530] {processor.py:840} INFO - DAG(s) 'example_complex' retrieved from /home/kai/.local/lib/python3.10/site-packages/airflow/example_dags/example_complex.py
[2024-03-09T15:52:15.010+0530] {logging_mixin.py:188} INFO - [2024-03-09T15:52:15.010+0530] {dag.py:3047} INFO - Sync 1 DAGs
[2024-03-09T15:52:15.020+0530] {logging_mixin.py:188} INFO - [2024-03-09T15:52:15.019+0530] {dag.py:3834} INFO - Setting next_dagrun for example_complex to None, run_after=None
[2024-03-09T15:52:15.056+0530] {processor.py:183} INFO - Processing /home/kai/.local/lib/python3.10/site-packages/airflow/example_dags/example_complex.py took 0.086 seconds
[2024-03-09T15:53:06.813+0530] {processor.py:161} INFO - Started process (PID=5226) to work on /home/kai/.local/lib/python3.10/site-packages/airflow/example_dags/example_complex.py
[2024-03-09T15:53:06.816+0530] {processor.py:830} INFO - Processing file /home/kai/.local/lib/python3.10/site-packages/airflow/example_dags/example_complex.py for tasks to queue
[2024-03-09T15:53:06.817+0530] {logging_mixin.py:188} INFO - [2024-03-09T15:53:06.816+0530] {dagbag.py:540} INFO - Filling up the DagBag from /home/kai/.local/lib/python3.10/site-packages/airflow/example_dags/example_complex.py
[2024-03-09T15:53:06.827+0530] {processor.py:840} INFO - DAG(s) 'example_complex' retrieved from /home/kai/.local/lib/python3.10/site-packages/airflow/example_dags/example_complex.py
[2024-03-09T15:53:06.851+0530] {logging_mixin.py:188} INFO - [2024-03-09T15:53:06.850+0530] {dag.py:3047} INFO - Sync 1 DAGs
[2024-03-09T15:53:06.861+0530] {logging_mixin.py:188} INFO - [2024-03-09T15:53:06.860+0530] {dag.py:3834} INFO - Setting next_dagrun for example_complex to None, run_after=None
[2024-03-09T15:53:06.899+0530] {processor.py:183} INFO - Processing /home/kai/.local/lib/python3.10/site-packages/airflow/example_dags/example_complex.py took 0.090 seconds
[2024-03-09T15:53:59.734+0530] {processor.py:161} INFO - Started process (PID=5282) to work on /home/kai/.local/lib/python3.10/site-packages/airflow/example_dags/example_complex.py
[2024-03-09T15:53:59.736+0530] {processor.py:830} INFO - Processing file /home/kai/.local/lib/python3.10/site-packages/airflow/example_dags/example_complex.py for tasks to queue
[2024-03-09T15:53:59.737+0530] {logging_mixin.py:188} INFO - [2024-03-09T15:53:59.736+0530] {dagbag.py:540} INFO - Filling up the DagBag from /home/kai/.local/lib/python3.10/site-packages/airflow/example_dags/example_complex.py
[2024-03-09T15:53:59.746+0530] {processor.py:840} INFO - DAG(s) 'example_complex' retrieved from /home/kai/.local/lib/python3.10/site-packages/airflow/example_dags/example_complex.py
[2024-03-09T15:53:59.770+0530] {logging_mixin.py:188} INFO - [2024-03-09T15:53:59.770+0530] {dag.py:3047} INFO - Sync 1 DAGs
[2024-03-09T15:53:59.780+0530] {logging_mixin.py:188} INFO - [2024-03-09T15:53:59.780+0530] {dag.py:3834} INFO - Setting next_dagrun for example_complex to None, run_after=None
[2024-03-09T15:53:59.814+0530] {processor.py:183} INFO - Processing /home/kai/.local/lib/python3.10/site-packages/airflow/example_dags/example_complex.py took 0.084 seconds
[2024-03-09T15:54:36.812+0530] {processor.py:161} INFO - Started process (PID=5323) to work on /home/kai/.local/lib/python3.10/site-packages/airflow/example_dags/example_complex.py
[2024-03-09T15:54:36.815+0530] {processor.py:830} INFO - Processing file /home/kai/.local/lib/python3.10/site-packages/airflow/example_dags/example_complex.py for tasks to queue
[2024-03-09T15:54:36.816+0530] {logging_mixin.py:188} INFO - [2024-03-09T15:54:36.816+0530] {dagbag.py:540} INFO - Filling up the DagBag from /home/kai/.local/lib/python3.10/site-packages/airflow/example_dags/example_complex.py
[2024-03-09T15:54:36.826+0530] {processor.py:840} INFO - DAG(s) 'example_complex' retrieved from /home/kai/.local/lib/python3.10/site-packages/airflow/example_dags/example_complex.py
[2024-03-09T15:54:36.853+0530] {logging_mixin.py:188} INFO - [2024-03-09T15:54:36.853+0530] {dag.py:3047} INFO - Sync 1 DAGs
[2024-03-09T15:54:36.865+0530] {logging_mixin.py:188} INFO - [2024-03-09T15:54:36.864+0530] {dag.py:3834} INFO - Setting next_dagrun for example_complex to None, run_after=None
[2024-03-09T15:54:36.901+0530] {processor.py:183} INFO - Processing /home/kai/.local/lib/python3.10/site-packages/airflow/example_dags/example_complex.py took 0.093 seconds
