[2024-03-09T15:44:11.331+0530] {processor.py:161} INFO - Started process (PID=4653) to work on /home/kai/.local/lib/python3.10/site-packages/airflow/example_dags/example_trigger_controller_dag.py
[2024-03-09T15:44:11.332+0530] {processor.py:830} INFO - Processing file /home/kai/.local/lib/python3.10/site-packages/airflow/example_dags/example_trigger_controller_dag.py for tasks to queue
[2024-03-09T15:44:11.333+0530] {logging_mixin.py:188} INFO - [2024-03-09T15:44:11.333+0530] {dagbag.py:540} INFO - Filling up the DagBag from /home/kai/.local/lib/python3.10/site-packages/airflow/example_dags/example_trigger_controller_dag.py
[2024-03-09T15:44:11.338+0530] {processor.py:840} INFO - DAG(s) 'example_trigger_controller_dag' retrieved from /home/kai/.local/lib/python3.10/site-packages/airflow/example_dags/example_trigger_controller_dag.py
[2024-03-09T15:44:11.485+0530] {logging_mixin.py:188} INFO - [2024-03-09T15:44:11.484+0530] {override.py:1769} INFO - Created Permission View: can delete on DAG:example_trigger_controller_dag
[2024-03-09T15:44:11.520+0530] {logging_mixin.py:188} INFO - [2024-03-09T15:44:11.520+0530] {override.py:1769} INFO - Created Permission View: can read on DAG:example_trigger_controller_dag
[2024-03-09T15:44:11.542+0530] {logging_mixin.py:188} INFO - [2024-03-09T15:44:11.541+0530] {override.py:1769} INFO - Created Permission View: can edit on DAG:example_trigger_controller_dag
[2024-03-09T15:44:11.542+0530] {logging_mixin.py:188} INFO - [2024-03-09T15:44:11.542+0530] {dag.py:3047} INFO - Sync 1 DAGs
[2024-03-09T15:44:11.553+0530] {logging_mixin.py:188} INFO - [2024-03-09T15:44:11.553+0530] {dag.py:3069} INFO - Creating ORM DAG for example_trigger_controller_dag
[2024-03-09T15:44:11.653+0530] {logging_mixin.py:188} INFO - [2024-03-09T15:44:11.652+0530] {dag.py:3834} INFO - Setting next_dagrun for example_trigger_controller_dag to 2021-01-01 00:00:00+00:00, run_after=2021-01-01 00:00:00+00:00
[2024-03-09T15:44:11.689+0530] {processor.py:183} INFO - Processing /home/kai/.local/lib/python3.10/site-packages/airflow/example_dags/example_trigger_controller_dag.py took 0.361 seconds
[2024-03-09T15:45:11.669+0530] {processor.py:161} INFO - Started process (PID=4709) to work on /home/kai/.local/lib/python3.10/site-packages/airflow/example_dags/example_trigger_controller_dag.py
[2024-03-09T15:45:11.671+0530] {processor.py:830} INFO - Processing file /home/kai/.local/lib/python3.10/site-packages/airflow/example_dags/example_trigger_controller_dag.py for tasks to queue
[2024-03-09T15:45:11.672+0530] {logging_mixin.py:188} INFO - [2024-03-09T15:45:11.672+0530] {dagbag.py:540} INFO - Filling up the DagBag from /home/kai/.local/lib/python3.10/site-packages/airflow/example_dags/example_trigger_controller_dag.py
[2024-03-09T15:45:11.677+0530] {processor.py:840} INFO - DAG(s) 'example_trigger_controller_dag' retrieved from /home/kai/.local/lib/python3.10/site-packages/airflow/example_dags/example_trigger_controller_dag.py
[2024-03-09T15:45:11.692+0530] {logging_mixin.py:188} INFO - [2024-03-09T15:45:11.691+0530] {dag.py:3047} INFO - Sync 1 DAGs
[2024-03-09T15:45:11.707+0530] {logging_mixin.py:188} INFO - [2024-03-09T15:45:11.707+0530] {dag.py:3834} INFO - Setting next_dagrun for example_trigger_controller_dag to 2021-01-01 00:00:00+00:00, run_after=2021-01-01 00:00:00+00:00
[2024-03-09T15:45:11.740+0530] {processor.py:183} INFO - Processing /home/kai/.local/lib/python3.10/site-packages/airflow/example_dags/example_trigger_controller_dag.py took 0.075 seconds
[2024-03-09T15:46:08.393+0530] {processor.py:161} INFO - Started process (PID=4769) to work on /home/kai/.local/lib/python3.10/site-packages/airflow/example_dags/example_trigger_controller_dag.py
[2024-03-09T15:46:08.395+0530] {processor.py:830} INFO - Processing file /home/kai/.local/lib/python3.10/site-packages/airflow/example_dags/example_trigger_controller_dag.py for tasks to queue
[2024-03-09T15:46:08.396+0530] {logging_mixin.py:188} INFO - [2024-03-09T15:46:08.396+0530] {dagbag.py:540} INFO - Filling up the DagBag from /home/kai/.local/lib/python3.10/site-packages/airflow/example_dags/example_trigger_controller_dag.py
[2024-03-09T15:46:08.401+0530] {processor.py:840} INFO - DAG(s) 'example_trigger_controller_dag' retrieved from /home/kai/.local/lib/python3.10/site-packages/airflow/example_dags/example_trigger_controller_dag.py
[2024-03-09T15:46:08.416+0530] {logging_mixin.py:188} INFO - [2024-03-09T15:46:08.416+0530] {dag.py:3047} INFO - Sync 1 DAGs
[2024-03-09T15:46:08.514+0530] {logging_mixin.py:188} INFO - [2024-03-09T15:46:08.514+0530] {dag.py:3834} INFO - Setting next_dagrun for example_trigger_controller_dag to 2021-01-01 00:00:00+00:00, run_after=2021-01-01 00:00:00+00:00
[2024-03-09T15:46:08.553+0530] {processor.py:183} INFO - Processing /home/kai/.local/lib/python3.10/site-packages/airflow/example_dags/example_trigger_controller_dag.py took 0.164 seconds
[2024-03-09T15:46:58.473+0530] {processor.py:161} INFO - Started process (PID=4817) to work on /home/kai/.local/lib/python3.10/site-packages/airflow/example_dags/example_trigger_controller_dag.py
[2024-03-09T15:46:58.477+0530] {processor.py:830} INFO - Processing file /home/kai/.local/lib/python3.10/site-packages/airflow/example_dags/example_trigger_controller_dag.py for tasks to queue
[2024-03-09T15:46:58.478+0530] {logging_mixin.py:188} INFO - [2024-03-09T15:46:58.478+0530] {dagbag.py:540} INFO - Filling up the DagBag from /home/kai/.local/lib/python3.10/site-packages/airflow/example_dags/example_trigger_controller_dag.py
[2024-03-09T15:46:58.483+0530] {processor.py:840} INFO - DAG(s) 'example_trigger_controller_dag' retrieved from /home/kai/.local/lib/python3.10/site-packages/airflow/example_dags/example_trigger_controller_dag.py
[2024-03-09T15:46:58.499+0530] {logging_mixin.py:188} INFO - [2024-03-09T15:46:58.498+0530] {dag.py:3047} INFO - Sync 1 DAGs
[2024-03-09T15:46:58.517+0530] {logging_mixin.py:188} INFO - [2024-03-09T15:46:58.516+0530] {dag.py:3834} INFO - Setting next_dagrun for example_trigger_controller_dag to 2021-01-01 00:00:00+00:00, run_after=2021-01-01 00:00:00+00:00
[2024-03-09T15:46:58.554+0530] {processor.py:183} INFO - Processing /home/kai/.local/lib/python3.10/site-packages/airflow/example_dags/example_trigger_controller_dag.py took 0.084 seconds
[2024-03-09T15:47:52.940+0530] {processor.py:161} INFO - Started process (PID=4872) to work on /home/kai/.local/lib/python3.10/site-packages/airflow/example_dags/example_trigger_controller_dag.py
[2024-03-09T15:47:52.942+0530] {processor.py:830} INFO - Processing file /home/kai/.local/lib/python3.10/site-packages/airflow/example_dags/example_trigger_controller_dag.py for tasks to queue
[2024-03-09T15:47:52.943+0530] {logging_mixin.py:188} INFO - [2024-03-09T15:47:52.943+0530] {dagbag.py:540} INFO - Filling up the DagBag from /home/kai/.local/lib/python3.10/site-packages/airflow/example_dags/example_trigger_controller_dag.py
[2024-03-09T15:47:52.949+0530] {processor.py:840} INFO - DAG(s) 'example_trigger_controller_dag' retrieved from /home/kai/.local/lib/python3.10/site-packages/airflow/example_dags/example_trigger_controller_dag.py
[2024-03-09T15:47:52.964+0530] {logging_mixin.py:188} INFO - [2024-03-09T15:47:52.964+0530] {dag.py:3047} INFO - Sync 1 DAGs
[2024-03-09T15:47:52.982+0530] {logging_mixin.py:188} INFO - [2024-03-09T15:47:52.981+0530] {dag.py:3834} INFO - Setting next_dagrun for example_trigger_controller_dag to 2021-01-01 00:00:00+00:00, run_after=2021-01-01 00:00:00+00:00
[2024-03-09T15:47:53.021+0530] {processor.py:183} INFO - Processing /home/kai/.local/lib/python3.10/site-packages/airflow/example_dags/example_trigger_controller_dag.py took 0.086 seconds
[2024-03-09T15:48:56.429+0530] {processor.py:161} INFO - Started process (PID=4955) to work on /home/kai/.local/lib/python3.10/site-packages/airflow/example_dags/example_trigger_controller_dag.py
[2024-03-09T15:48:56.432+0530] {processor.py:830} INFO - Processing file /home/kai/.local/lib/python3.10/site-packages/airflow/example_dags/example_trigger_controller_dag.py for tasks to queue
[2024-03-09T15:48:56.434+0530] {logging_mixin.py:188} INFO - [2024-03-09T15:48:56.433+0530] {dagbag.py:540} INFO - Filling up the DagBag from /home/kai/.local/lib/python3.10/site-packages/airflow/example_dags/example_trigger_controller_dag.py
[2024-03-09T15:48:56.441+0530] {processor.py:840} INFO - DAG(s) 'example_trigger_controller_dag' retrieved from /home/kai/.local/lib/python3.10/site-packages/airflow/example_dags/example_trigger_controller_dag.py
[2024-03-09T15:48:56.455+0530] {logging_mixin.py:188} INFO - [2024-03-09T15:48:56.455+0530] {dag.py:3047} INFO - Sync 1 DAGs
[2024-03-09T15:48:56.472+0530] {logging_mixin.py:188} INFO - [2024-03-09T15:48:56.472+0530] {dag.py:3834} INFO - Setting next_dagrun for example_trigger_controller_dag to 2021-01-01 00:00:00+00:00, run_after=2021-01-01 00:00:00+00:00
[2024-03-09T15:48:56.504+0530] {processor.py:183} INFO - Processing /home/kai/.local/lib/python3.10/site-packages/airflow/example_dags/example_trigger_controller_dag.py took 0.079 seconds
[2024-03-09T15:49:49.274+0530] {processor.py:161} INFO - Started process (PID=5017) to work on /home/kai/.local/lib/python3.10/site-packages/airflow/example_dags/example_trigger_controller_dag.py
[2024-03-09T15:49:49.276+0530] {processor.py:830} INFO - Processing file /home/kai/.local/lib/python3.10/site-packages/airflow/example_dags/example_trigger_controller_dag.py for tasks to queue
[2024-03-09T15:49:49.277+0530] {logging_mixin.py:188} INFO - [2024-03-09T15:49:49.277+0530] {dagbag.py:540} INFO - Filling up the DagBag from /home/kai/.local/lib/python3.10/site-packages/airflow/example_dags/example_trigger_controller_dag.py
[2024-03-09T15:49:49.282+0530] {processor.py:840} INFO - DAG(s) 'example_trigger_controller_dag' retrieved from /home/kai/.local/lib/python3.10/site-packages/airflow/example_dags/example_trigger_controller_dag.py
[2024-03-09T15:49:49.297+0530] {logging_mixin.py:188} INFO - [2024-03-09T15:49:49.297+0530] {dag.py:3047} INFO - Sync 1 DAGs
[2024-03-09T15:49:49.314+0530] {logging_mixin.py:188} INFO - [2024-03-09T15:49:49.314+0530] {dag.py:3834} INFO - Setting next_dagrun for example_trigger_controller_dag to 2021-01-01 00:00:00+00:00, run_after=2021-01-01 00:00:00+00:00
[2024-03-09T15:49:49.347+0530] {processor.py:183} INFO - Processing /home/kai/.local/lib/python3.10/site-packages/airflow/example_dags/example_trigger_controller_dag.py took 0.077 seconds
[2024-03-09T15:51:02.606+0530] {processor.py:161} INFO - Started process (PID=5095) to work on /home/kai/.local/lib/python3.10/site-packages/airflow/example_dags/example_trigger_controller_dag.py
[2024-03-09T15:51:02.609+0530] {processor.py:830} INFO - Processing file /home/kai/.local/lib/python3.10/site-packages/airflow/example_dags/example_trigger_controller_dag.py for tasks to queue
[2024-03-09T15:51:02.610+0530] {logging_mixin.py:188} INFO - [2024-03-09T15:51:02.610+0530] {dagbag.py:540} INFO - Filling up the DagBag from /home/kai/.local/lib/python3.10/site-packages/airflow/example_dags/example_trigger_controller_dag.py
[2024-03-09T15:51:02.615+0530] {processor.py:840} INFO - DAG(s) 'example_trigger_controller_dag' retrieved from /home/kai/.local/lib/python3.10/site-packages/airflow/example_dags/example_trigger_controller_dag.py
[2024-03-09T15:51:02.630+0530] {logging_mixin.py:188} INFO - [2024-03-09T15:51:02.629+0530] {dag.py:3047} INFO - Sync 1 DAGs
[2024-03-09T15:51:02.647+0530] {logging_mixin.py:188} INFO - [2024-03-09T15:51:02.647+0530] {dag.py:3834} INFO - Setting next_dagrun for example_trigger_controller_dag to 2021-01-01 00:00:00+00:00, run_after=2021-01-01 00:00:00+00:00
[2024-03-09T15:51:02.682+0530] {processor.py:183} INFO - Processing /home/kai/.local/lib/python3.10/site-packages/airflow/example_dags/example_trigger_controller_dag.py took 0.079 seconds
[2024-03-09T15:51:50.373+0530] {processor.py:161} INFO - Started process (PID=5147) to work on /home/kai/.local/lib/python3.10/site-packages/airflow/example_dags/example_trigger_controller_dag.py
[2024-03-09T15:51:50.375+0530] {processor.py:830} INFO - Processing file /home/kai/.local/lib/python3.10/site-packages/airflow/example_dags/example_trigger_controller_dag.py for tasks to queue
[2024-03-09T15:51:50.377+0530] {logging_mixin.py:188} INFO - [2024-03-09T15:51:50.376+0530] {dagbag.py:540} INFO - Filling up the DagBag from /home/kai/.local/lib/python3.10/site-packages/airflow/example_dags/example_trigger_controller_dag.py
[2024-03-09T15:51:50.386+0530] {processor.py:840} INFO - DAG(s) 'example_trigger_controller_dag' retrieved from /home/kai/.local/lib/python3.10/site-packages/airflow/example_dags/example_trigger_controller_dag.py
[2024-03-09T15:51:50.405+0530] {logging_mixin.py:188} INFO - [2024-03-09T15:51:50.404+0530] {dag.py:3047} INFO - Sync 1 DAGs
[2024-03-09T15:51:50.422+0530] {logging_mixin.py:188} INFO - [2024-03-09T15:51:50.421+0530] {dag.py:3834} INFO - Setting next_dagrun for example_trigger_controller_dag to 2021-01-01 00:00:00+00:00, run_after=2021-01-01 00:00:00+00:00
[2024-03-09T15:51:50.463+0530] {processor.py:183} INFO - Processing /home/kai/.local/lib/python3.10/site-packages/airflow/example_dags/example_trigger_controller_dag.py took 0.095 seconds
[2024-03-09T15:52:41.105+0530] {processor.py:161} INFO - Started process (PID=5201) to work on /home/kai/.local/lib/python3.10/site-packages/airflow/example_dags/example_trigger_controller_dag.py
[2024-03-09T15:52:41.109+0530] {processor.py:830} INFO - Processing file /home/kai/.local/lib/python3.10/site-packages/airflow/example_dags/example_trigger_controller_dag.py for tasks to queue
[2024-03-09T15:52:41.110+0530] {logging_mixin.py:188} INFO - [2024-03-09T15:52:41.110+0530] {dagbag.py:540} INFO - Filling up the DagBag from /home/kai/.local/lib/python3.10/site-packages/airflow/example_dags/example_trigger_controller_dag.py
[2024-03-09T15:52:41.117+0530] {processor.py:840} INFO - DAG(s) 'example_trigger_controller_dag' retrieved from /home/kai/.local/lib/python3.10/site-packages/airflow/example_dags/example_trigger_controller_dag.py
[2024-03-09T15:52:41.132+0530] {logging_mixin.py:188} INFO - [2024-03-09T15:52:41.131+0530] {dag.py:3047} INFO - Sync 1 DAGs
[2024-03-09T15:52:41.149+0530] {logging_mixin.py:188} INFO - [2024-03-09T15:52:41.148+0530] {dag.py:3834} INFO - Setting next_dagrun for example_trigger_controller_dag to 2021-01-01 00:00:00+00:00, run_after=2021-01-01 00:00:00+00:00
[2024-03-09T15:52:41.182+0530] {processor.py:183} INFO - Processing /home/kai/.local/lib/python3.10/site-packages/airflow/example_dags/example_trigger_controller_dag.py took 0.082 seconds
[2024-03-09T15:53:33.674+0530] {processor.py:161} INFO - Started process (PID=5254) to work on /home/kai/.local/lib/python3.10/site-packages/airflow/example_dags/example_trigger_controller_dag.py
[2024-03-09T15:53:33.677+0530] {processor.py:830} INFO - Processing file /home/kai/.local/lib/python3.10/site-packages/airflow/example_dags/example_trigger_controller_dag.py for tasks to queue
[2024-03-09T15:53:33.678+0530] {logging_mixin.py:188} INFO - [2024-03-09T15:53:33.678+0530] {dagbag.py:540} INFO - Filling up the DagBag from /home/kai/.local/lib/python3.10/site-packages/airflow/example_dags/example_trigger_controller_dag.py
[2024-03-09T15:53:33.683+0530] {processor.py:840} INFO - DAG(s) 'example_trigger_controller_dag' retrieved from /home/kai/.local/lib/python3.10/site-packages/airflow/example_dags/example_trigger_controller_dag.py
[2024-03-09T15:53:33.699+0530] {logging_mixin.py:188} INFO - [2024-03-09T15:53:33.698+0530] {dag.py:3047} INFO - Sync 1 DAGs
[2024-03-09T15:53:33.717+0530] {logging_mixin.py:188} INFO - [2024-03-09T15:53:33.717+0530] {dag.py:3834} INFO - Setting next_dagrun for example_trigger_controller_dag to 2021-01-01 00:00:00+00:00, run_after=2021-01-01 00:00:00+00:00
[2024-03-09T15:53:33.752+0530] {processor.py:183} INFO - Processing /home/kai/.local/lib/python3.10/site-packages/airflow/example_dags/example_trigger_controller_dag.py took 0.081 seconds
[2024-03-09T15:54:29.266+0530] {processor.py:161} INFO - Started process (PID=5311) to work on /home/kai/.local/lib/python3.10/site-packages/airflow/example_dags/example_trigger_controller_dag.py
[2024-03-09T15:54:29.269+0530] {processor.py:830} INFO - Processing file /home/kai/.local/lib/python3.10/site-packages/airflow/example_dags/example_trigger_controller_dag.py for tasks to queue
[2024-03-09T15:54:29.270+0530] {logging_mixin.py:188} INFO - [2024-03-09T15:54:29.270+0530] {dagbag.py:540} INFO - Filling up the DagBag from /home/kai/.local/lib/python3.10/site-packages/airflow/example_dags/example_trigger_controller_dag.py
[2024-03-09T15:54:29.276+0530] {processor.py:840} INFO - DAG(s) 'example_trigger_controller_dag' retrieved from /home/kai/.local/lib/python3.10/site-packages/airflow/example_dags/example_trigger_controller_dag.py
[2024-03-09T15:54:29.293+0530] {logging_mixin.py:188} INFO - [2024-03-09T15:54:29.293+0530] {dag.py:3047} INFO - Sync 1 DAGs
[2024-03-09T15:54:29.309+0530] {logging_mixin.py:188} INFO - [2024-03-09T15:54:29.309+0530] {dag.py:3834} INFO - Setting next_dagrun for example_trigger_controller_dag to 2021-01-01 00:00:00+00:00, run_after=2021-01-01 00:00:00+00:00
[2024-03-09T15:54:29.350+0530] {processor.py:183} INFO - Processing /home/kai/.local/lib/python3.10/site-packages/airflow/example_dags/example_trigger_controller_dag.py took 0.088 seconds
