[2024-03-09T15:43:41.961+0530] {processor.py:161} INFO - Started process (PID=4613) to work on /home/kai/.local/lib/python3.10/site-packages/airflow/example_dags/example_params_trigger_ui.py
[2024-03-09T15:43:41.962+0530] {processor.py:830} INFO - Processing file /home/kai/.local/lib/python3.10/site-packages/airflow/example_dags/example_params_trigger_ui.py for tasks to queue
[2024-03-09T15:43:41.963+0530] {logging_mixin.py:188} INFO - [2024-03-09T15:43:41.962+0530] {dagbag.py:540} INFO - Filling up the DagBag from /home/kai/.local/lib/python3.10/site-packages/airflow/example_dags/example_params_trigger_ui.py
[2024-03-09T15:43:41.983+0530] {processor.py:840} INFO - DAG(s) 'example_params_trigger_ui' retrieved from /home/kai/.local/lib/python3.10/site-packages/airflow/example_dags/example_params_trigger_ui.py
[2024-03-09T15:43:42.169+0530] {logging_mixin.py:188} INFO - [2024-03-09T15:43:42.168+0530] {override.py:1769} INFO - Created Permission View: can delete on DAG:example_params_trigger_ui
[2024-03-09T15:43:42.200+0530] {logging_mixin.py:188} INFO - [2024-03-09T15:43:42.199+0530] {override.py:1769} INFO - Created Permission View: can read on DAG:example_params_trigger_ui
[2024-03-09T15:43:42.226+0530] {logging_mixin.py:188} INFO - [2024-03-09T15:43:42.225+0530] {override.py:1769} INFO - Created Permission View: can edit on DAG:example_params_trigger_ui
[2024-03-09T15:43:42.226+0530] {logging_mixin.py:188} INFO - [2024-03-09T15:43:42.226+0530] {dag.py:3047} INFO - Sync 1 DAGs
[2024-03-09T15:43:42.235+0530] {logging_mixin.py:188} INFO - [2024-03-09T15:43:42.235+0530] {dag.py:3069} INFO - Creating ORM DAG for example_params_trigger_ui
[2024-03-09T15:43:42.236+0530] {logging_mixin.py:188} INFO - [2024-03-09T15:43:42.235+0530] {dag.py:3834} INFO - Setting next_dagrun for example_params_trigger_ui to None, run_after=None
[2024-03-09T15:43:42.277+0530] {processor.py:183} INFO - Processing /home/kai/.local/lib/python3.10/site-packages/airflow/example_dags/example_params_trigger_ui.py took 0.320 seconds
[2024-03-09T15:44:43.033+0530] {processor.py:161} INFO - Started process (PID=4681) to work on /home/kai/.local/lib/python3.10/site-packages/airflow/example_dags/example_params_trigger_ui.py
[2024-03-09T15:44:43.035+0530] {processor.py:830} INFO - Processing file /home/kai/.local/lib/python3.10/site-packages/airflow/example_dags/example_params_trigger_ui.py for tasks to queue
[2024-03-09T15:44:43.036+0530] {logging_mixin.py:188} INFO - [2024-03-09T15:44:43.035+0530] {dagbag.py:540} INFO - Filling up the DagBag from /home/kai/.local/lib/python3.10/site-packages/airflow/example_dags/example_params_trigger_ui.py
[2024-03-09T15:44:43.050+0530] {processor.py:840} INFO - DAG(s) 'example_params_trigger_ui' retrieved from /home/kai/.local/lib/python3.10/site-packages/airflow/example_dags/example_params_trigger_ui.py
[2024-03-09T15:44:43.163+0530] {logging_mixin.py:188} INFO - [2024-03-09T15:44:43.163+0530] {dag.py:3047} INFO - Sync 1 DAGs
[2024-03-09T15:44:43.197+0530] {logging_mixin.py:188} INFO - [2024-03-09T15:44:43.197+0530] {dag.py:3834} INFO - Setting next_dagrun for example_params_trigger_ui to None, run_after=None
[2024-03-09T15:44:43.285+0530] {processor.py:183} INFO - Processing /home/kai/.local/lib/python3.10/site-packages/airflow/example_dags/example_params_trigger_ui.py took 0.254 seconds
[2024-03-09T15:45:40.177+0530] {processor.py:161} INFO - Started process (PID=4745) to work on /home/kai/.local/lib/python3.10/site-packages/airflow/example_dags/example_params_trigger_ui.py
[2024-03-09T15:45:40.186+0530] {processor.py:830} INFO - Processing file /home/kai/.local/lib/python3.10/site-packages/airflow/example_dags/example_params_trigger_ui.py for tasks to queue
[2024-03-09T15:45:40.187+0530] {logging_mixin.py:188} INFO - [2024-03-09T15:45:40.187+0530] {dagbag.py:540} INFO - Filling up the DagBag from /home/kai/.local/lib/python3.10/site-packages/airflow/example_dags/example_params_trigger_ui.py
[2024-03-09T15:45:40.203+0530] {processor.py:840} INFO - DAG(s) 'example_params_trigger_ui' retrieved from /home/kai/.local/lib/python3.10/site-packages/airflow/example_dags/example_params_trigger_ui.py
[2024-03-09T15:45:40.242+0530] {logging_mixin.py:188} INFO - [2024-03-09T15:45:40.242+0530] {dag.py:3047} INFO - Sync 1 DAGs
[2024-03-09T15:45:40.256+0530] {logging_mixin.py:188} INFO - [2024-03-09T15:45:40.255+0530] {dag.py:3834} INFO - Setting next_dagrun for example_params_trigger_ui to None, run_after=None
[2024-03-09T15:45:40.610+0530] {processor.py:183} INFO - Processing /home/kai/.local/lib/python3.10/site-packages/airflow/example_dags/example_params_trigger_ui.py took 0.436 seconds
[2024-03-09T15:46:30.160+0530] {processor.py:161} INFO - Started process (PID=4789) to work on /home/kai/.local/lib/python3.10/site-packages/airflow/example_dags/example_params_trigger_ui.py
[2024-03-09T15:46:30.162+0530] {processor.py:830} INFO - Processing file /home/kai/.local/lib/python3.10/site-packages/airflow/example_dags/example_params_trigger_ui.py for tasks to queue
[2024-03-09T15:46:30.164+0530] {logging_mixin.py:188} INFO - [2024-03-09T15:46:30.163+0530] {dagbag.py:540} INFO - Filling up the DagBag from /home/kai/.local/lib/python3.10/site-packages/airflow/example_dags/example_params_trigger_ui.py
[2024-03-09T15:46:30.186+0530] {processor.py:840} INFO - DAG(s) 'example_params_trigger_ui' retrieved from /home/kai/.local/lib/python3.10/site-packages/airflow/example_dags/example_params_trigger_ui.py
[2024-03-09T15:46:30.281+0530] {logging_mixin.py:188} INFO - [2024-03-09T15:46:30.281+0530] {dag.py:3047} INFO - Sync 1 DAGs
[2024-03-09T15:46:30.298+0530] {logging_mixin.py:188} INFO - [2024-03-09T15:46:30.297+0530] {dag.py:3834} INFO - Setting next_dagrun for example_params_trigger_ui to None, run_after=None
[2024-03-09T15:46:30.342+0530] {processor.py:183} INFO - Processing /home/kai/.local/lib/python3.10/site-packages/airflow/example_dags/example_params_trigger_ui.py took 0.186 seconds
[2024-03-09T15:47:11.067+0530] {processor.py:161} INFO - Started process (PID=4830) to work on /home/kai/.local/lib/python3.10/site-packages/airflow/example_dags/example_params_trigger_ui.py
[2024-03-09T15:47:11.070+0530] {processor.py:830} INFO - Processing file /home/kai/.local/lib/python3.10/site-packages/airflow/example_dags/example_params_trigger_ui.py for tasks to queue
[2024-03-09T15:47:11.071+0530] {logging_mixin.py:188} INFO - [2024-03-09T15:47:11.071+0530] {dagbag.py:540} INFO - Filling up the DagBag from /home/kai/.local/lib/python3.10/site-packages/airflow/example_dags/example_params_trigger_ui.py
[2024-03-09T15:47:11.085+0530] {processor.py:840} INFO - DAG(s) 'example_params_trigger_ui' retrieved from /home/kai/.local/lib/python3.10/site-packages/airflow/example_dags/example_params_trigger_ui.py
[2024-03-09T15:47:11.127+0530] {logging_mixin.py:188} INFO - [2024-03-09T15:47:11.126+0530] {dag.py:3047} INFO - Sync 1 DAGs
[2024-03-09T15:47:11.136+0530] {logging_mixin.py:188} INFO - [2024-03-09T15:47:11.136+0530] {dag.py:3834} INFO - Setting next_dagrun for example_params_trigger_ui to None, run_after=None
[2024-03-09T15:47:11.170+0530] {processor.py:183} INFO - Processing /home/kai/.local/lib/python3.10/site-packages/airflow/example_dags/example_params_trigger_ui.py took 0.106 seconds
[2024-03-09T15:47:48.155+0530] {processor.py:161} INFO - Started process (PID=4867) to work on /home/kai/.local/lib/python3.10/site-packages/airflow/example_dags/example_params_trigger_ui.py
[2024-03-09T15:47:48.159+0530] {processor.py:830} INFO - Processing file /home/kai/.local/lib/python3.10/site-packages/airflow/example_dags/example_params_trigger_ui.py for tasks to queue
[2024-03-09T15:47:48.161+0530] {logging_mixin.py:188} INFO - [2024-03-09T15:47:48.160+0530] {dagbag.py:540} INFO - Filling up the DagBag from /home/kai/.local/lib/python3.10/site-packages/airflow/example_dags/example_params_trigger_ui.py
[2024-03-09T15:47:48.180+0530] {processor.py:840} INFO - DAG(s) 'example_params_trigger_ui' retrieved from /home/kai/.local/lib/python3.10/site-packages/airflow/example_dags/example_params_trigger_ui.py
[2024-03-09T15:47:48.245+0530] {logging_mixin.py:188} INFO - [2024-03-09T15:47:48.245+0530] {dag.py:3047} INFO - Sync 1 DAGs
[2024-03-09T15:47:48.255+0530] {logging_mixin.py:188} INFO - [2024-03-09T15:47:48.255+0530] {dag.py:3834} INFO - Setting next_dagrun for example_params_trigger_ui to None, run_after=None
[2024-03-09T15:47:48.307+0530] {processor.py:183} INFO - Processing /home/kai/.local/lib/python3.10/site-packages/airflow/example_dags/example_params_trigger_ui.py took 0.157 seconds
[2024-03-09T15:48:42.249+0530] {processor.py:161} INFO - Started process (PID=4941) to work on /home/kai/.local/lib/python3.10/site-packages/airflow/example_dags/example_params_trigger_ui.py
[2024-03-09T15:48:42.253+0530] {processor.py:830} INFO - Processing file /home/kai/.local/lib/python3.10/site-packages/airflow/example_dags/example_params_trigger_ui.py for tasks to queue
[2024-03-09T15:48:42.254+0530] {logging_mixin.py:188} INFO - [2024-03-09T15:48:42.253+0530] {dagbag.py:540} INFO - Filling up the DagBag from /home/kai/.local/lib/python3.10/site-packages/airflow/example_dags/example_params_trigger_ui.py
[2024-03-09T15:48:42.268+0530] {processor.py:840} INFO - DAG(s) 'example_params_trigger_ui' retrieved from /home/kai/.local/lib/python3.10/site-packages/airflow/example_dags/example_params_trigger_ui.py
[2024-03-09T15:48:42.307+0530] {logging_mixin.py:188} INFO - [2024-03-09T15:48:42.306+0530] {dag.py:3047} INFO - Sync 1 DAGs
[2024-03-09T15:48:42.317+0530] {logging_mixin.py:188} INFO - [2024-03-09T15:48:42.317+0530] {dag.py:3834} INFO - Setting next_dagrun for example_params_trigger_ui to None, run_after=None
[2024-03-09T15:48:42.351+0530] {processor.py:183} INFO - Processing /home/kai/.local/lib/python3.10/site-packages/airflow/example_dags/example_params_trigger_ui.py took 0.106 seconds
[2024-03-09T15:49:29.741+0530] {processor.py:161} INFO - Started process (PID=4997) to work on /home/kai/.local/lib/python3.10/site-packages/airflow/example_dags/example_params_trigger_ui.py
[2024-03-09T15:49:29.744+0530] {processor.py:830} INFO - Processing file /home/kai/.local/lib/python3.10/site-packages/airflow/example_dags/example_params_trigger_ui.py for tasks to queue
[2024-03-09T15:49:29.745+0530] {logging_mixin.py:188} INFO - [2024-03-09T15:49:29.745+0530] {dagbag.py:540} INFO - Filling up the DagBag from /home/kai/.local/lib/python3.10/site-packages/airflow/example_dags/example_params_trigger_ui.py
[2024-03-09T15:49:29.759+0530] {processor.py:840} INFO - DAG(s) 'example_params_trigger_ui' retrieved from /home/kai/.local/lib/python3.10/site-packages/airflow/example_dags/example_params_trigger_ui.py
[2024-03-09T15:49:29.797+0530] {logging_mixin.py:188} INFO - [2024-03-09T15:49:29.796+0530] {dag.py:3047} INFO - Sync 1 DAGs
[2024-03-09T15:49:29.807+0530] {logging_mixin.py:188} INFO - [2024-03-09T15:49:29.807+0530] {dag.py:3834} INFO - Setting next_dagrun for example_params_trigger_ui to None, run_after=None
[2024-03-09T15:49:29.842+0530] {processor.py:183} INFO - Processing /home/kai/.local/lib/python3.10/site-packages/airflow/example_dags/example_params_trigger_ui.py took 0.104 seconds
[2024-03-09T15:50:04.131+0530] {processor.py:161} INFO - Started process (PID=5035) to work on /home/kai/.local/lib/python3.10/site-packages/airflow/example_dags/example_params_trigger_ui.py
[2024-03-09T15:50:04.134+0530] {processor.py:830} INFO - Processing file /home/kai/.local/lib/python3.10/site-packages/airflow/example_dags/example_params_trigger_ui.py for tasks to queue
[2024-03-09T15:50:04.135+0530] {logging_mixin.py:188} INFO - [2024-03-09T15:50:04.135+0530] {dagbag.py:540} INFO - Filling up the DagBag from /home/kai/.local/lib/python3.10/site-packages/airflow/example_dags/example_params_trigger_ui.py
[2024-03-09T15:50:04.149+0530] {processor.py:840} INFO - DAG(s) 'example_params_trigger_ui' retrieved from /home/kai/.local/lib/python3.10/site-packages/airflow/example_dags/example_params_trigger_ui.py
[2024-03-09T15:50:04.188+0530] {logging_mixin.py:188} INFO - [2024-03-09T15:50:04.188+0530] {dag.py:3047} INFO - Sync 1 DAGs
[2024-03-09T15:50:04.198+0530] {logging_mixin.py:188} INFO - [2024-03-09T15:50:04.197+0530] {dag.py:3834} INFO - Setting next_dagrun for example_params_trigger_ui to None, run_after=None
[2024-03-09T15:50:04.236+0530] {processor.py:183} INFO - Processing /home/kai/.local/lib/python3.10/site-packages/airflow/example_dags/example_params_trigger_ui.py took 0.108 seconds
[2024-03-09T15:50:43.080+0530] {processor.py:161} INFO - Started process (PID=5076) to work on /home/kai/.local/lib/python3.10/site-packages/airflow/example_dags/example_params_trigger_ui.py
[2024-03-09T15:50:43.080+0530] {processor.py:830} INFO - Processing file /home/kai/.local/lib/python3.10/site-packages/airflow/example_dags/example_params_trigger_ui.py for tasks to queue
[2024-03-09T15:50:43.081+0530] {logging_mixin.py:188} INFO - [2024-03-09T15:50:43.081+0530] {dagbag.py:540} INFO - Filling up the DagBag from /home/kai/.local/lib/python3.10/site-packages/airflow/example_dags/example_params_trigger_ui.py
[2024-03-09T15:50:43.095+0530] {processor.py:840} INFO - DAG(s) 'example_params_trigger_ui' retrieved from /home/kai/.local/lib/python3.10/site-packages/airflow/example_dags/example_params_trigger_ui.py
[2024-03-09T15:50:43.133+0530] {logging_mixin.py:188} INFO - [2024-03-09T15:50:43.133+0530] {dag.py:3047} INFO - Sync 1 DAGs
[2024-03-09T15:50:43.143+0530] {logging_mixin.py:188} INFO - [2024-03-09T15:50:43.143+0530] {dag.py:3834} INFO - Setting next_dagrun for example_params_trigger_ui to None, run_after=None
[2024-03-09T15:50:43.179+0530] {processor.py:183} INFO - Processing /home/kai/.local/lib/python3.10/site-packages/airflow/example_dags/example_params_trigger_ui.py took 0.102 seconds
[2024-03-09T15:51:21.729+0530] {processor.py:161} INFO - Started process (PID=5115) to work on /home/kai/.local/lib/python3.10/site-packages/airflow/example_dags/example_params_trigger_ui.py
[2024-03-09T15:51:21.731+0530] {processor.py:830} INFO - Processing file /home/kai/.local/lib/python3.10/site-packages/airflow/example_dags/example_params_trigger_ui.py for tasks to queue
[2024-03-09T15:51:21.732+0530] {logging_mixin.py:188} INFO - [2024-03-09T15:51:21.732+0530] {dagbag.py:540} INFO - Filling up the DagBag from /home/kai/.local/lib/python3.10/site-packages/airflow/example_dags/example_params_trigger_ui.py
[2024-03-09T15:51:21.747+0530] {processor.py:840} INFO - DAG(s) 'example_params_trigger_ui' retrieved from /home/kai/.local/lib/python3.10/site-packages/airflow/example_dags/example_params_trigger_ui.py
[2024-03-09T15:51:21.788+0530] {logging_mixin.py:188} INFO - [2024-03-09T15:51:21.787+0530] {dag.py:3047} INFO - Sync 1 DAGs
[2024-03-09T15:51:21.800+0530] {logging_mixin.py:188} INFO - [2024-03-09T15:51:21.799+0530] {dag.py:3834} INFO - Setting next_dagrun for example_params_trigger_ui to None, run_after=None
[2024-03-09T15:51:21.841+0530] {processor.py:183} INFO - Processing /home/kai/.local/lib/python3.10/site-packages/airflow/example_dags/example_params_trigger_ui.py took 0.115 seconds
[2024-03-09T15:52:07.757+0530] {processor.py:161} INFO - Started process (PID=5167) to work on /home/kai/.local/lib/python3.10/site-packages/airflow/example_dags/example_params_trigger_ui.py
[2024-03-09T15:52:07.760+0530] {processor.py:830} INFO - Processing file /home/kai/.local/lib/python3.10/site-packages/airflow/example_dags/example_params_trigger_ui.py for tasks to queue
[2024-03-09T15:52:07.761+0530] {logging_mixin.py:188} INFO - [2024-03-09T15:52:07.761+0530] {dagbag.py:540} INFO - Filling up the DagBag from /home/kai/.local/lib/python3.10/site-packages/airflow/example_dags/example_params_trigger_ui.py
[2024-03-09T15:52:07.776+0530] {processor.py:840} INFO - DAG(s) 'example_params_trigger_ui' retrieved from /home/kai/.local/lib/python3.10/site-packages/airflow/example_dags/example_params_trigger_ui.py
[2024-03-09T15:52:07.813+0530] {logging_mixin.py:188} INFO - [2024-03-09T15:52:07.812+0530] {dag.py:3047} INFO - Sync 1 DAGs
[2024-03-09T15:52:07.823+0530] {logging_mixin.py:188} INFO - [2024-03-09T15:52:07.823+0530] {dag.py:3834} INFO - Setting next_dagrun for example_params_trigger_ui to None, run_after=None
[2024-03-09T15:52:07.859+0530] {processor.py:183} INFO - Processing /home/kai/.local/lib/python3.10/site-packages/airflow/example_dags/example_params_trigger_ui.py took 0.107 seconds
[2024-03-09T15:52:44.039+0530] {processor.py:161} INFO - Started process (PID=5204) to work on /home/kai/.local/lib/python3.10/site-packages/airflow/example_dags/example_params_trigger_ui.py
[2024-03-09T15:52:44.042+0530] {processor.py:830} INFO - Processing file /home/kai/.local/lib/python3.10/site-packages/airflow/example_dags/example_params_trigger_ui.py for tasks to queue
[2024-03-09T15:52:44.043+0530] {logging_mixin.py:188} INFO - [2024-03-09T15:52:44.043+0530] {dagbag.py:540} INFO - Filling up the DagBag from /home/kai/.local/lib/python3.10/site-packages/airflow/example_dags/example_params_trigger_ui.py
[2024-03-09T15:52:44.058+0530] {processor.py:840} INFO - DAG(s) 'example_params_trigger_ui' retrieved from /home/kai/.local/lib/python3.10/site-packages/airflow/example_dags/example_params_trigger_ui.py
[2024-03-09T15:52:44.097+0530] {logging_mixin.py:188} INFO - [2024-03-09T15:52:44.096+0530] {dag.py:3047} INFO - Sync 1 DAGs
[2024-03-09T15:52:44.106+0530] {logging_mixin.py:188} INFO - [2024-03-09T15:52:44.106+0530] {dag.py:3834} INFO - Setting next_dagrun for example_params_trigger_ui to None, run_after=None
[2024-03-09T15:52:44.147+0530] {processor.py:183} INFO - Processing /home/kai/.local/lib/python3.10/site-packages/airflow/example_dags/example_params_trigger_ui.py took 0.112 seconds
[2024-03-09T15:53:18.947+0530] {processor.py:161} INFO - Started process (PID=5239) to work on /home/kai/.local/lib/python3.10/site-packages/airflow/example_dags/example_params_trigger_ui.py
[2024-03-09T15:53:18.950+0530] {processor.py:830} INFO - Processing file /home/kai/.local/lib/python3.10/site-packages/airflow/example_dags/example_params_trigger_ui.py for tasks to queue
[2024-03-09T15:53:18.952+0530] {logging_mixin.py:188} INFO - [2024-03-09T15:53:18.951+0530] {dagbag.py:540} INFO - Filling up the DagBag from /home/kai/.local/lib/python3.10/site-packages/airflow/example_dags/example_params_trigger_ui.py
[2024-03-09T15:53:18.966+0530] {processor.py:840} INFO - DAG(s) 'example_params_trigger_ui' retrieved from /home/kai/.local/lib/python3.10/site-packages/airflow/example_dags/example_params_trigger_ui.py
[2024-03-09T15:53:19.003+0530] {logging_mixin.py:188} INFO - [2024-03-09T15:53:19.003+0530] {dag.py:3047} INFO - Sync 1 DAGs
[2024-03-09T15:53:19.013+0530] {logging_mixin.py:188} INFO - [2024-03-09T15:53:19.013+0530] {dag.py:3834} INFO - Setting next_dagrun for example_params_trigger_ui to None, run_after=None
[2024-03-09T15:53:19.048+0530] {processor.py:183} INFO - Processing /home/kai/.local/lib/python3.10/site-packages/airflow/example_dags/example_params_trigger_ui.py took 0.105 seconds
[2024-03-09T15:53:54.859+0530] {processor.py:161} INFO - Started process (PID=5277) to work on /home/kai/.local/lib/python3.10/site-packages/airflow/example_dags/example_params_trigger_ui.py
[2024-03-09T15:53:54.861+0530] {processor.py:830} INFO - Processing file /home/kai/.local/lib/python3.10/site-packages/airflow/example_dags/example_params_trigger_ui.py for tasks to queue
[2024-03-09T15:53:54.863+0530] {logging_mixin.py:188} INFO - [2024-03-09T15:53:54.862+0530] {dagbag.py:540} INFO - Filling up the DagBag from /home/kai/.local/lib/python3.10/site-packages/airflow/example_dags/example_params_trigger_ui.py
[2024-03-09T15:53:54.877+0530] {processor.py:840} INFO - DAG(s) 'example_params_trigger_ui' retrieved from /home/kai/.local/lib/python3.10/site-packages/airflow/example_dags/example_params_trigger_ui.py
[2024-03-09T15:53:54.916+0530] {logging_mixin.py:188} INFO - [2024-03-09T15:53:54.916+0530] {dag.py:3047} INFO - Sync 1 DAGs
[2024-03-09T15:53:54.929+0530] {logging_mixin.py:188} INFO - [2024-03-09T15:53:54.928+0530] {dag.py:3834} INFO - Setting next_dagrun for example_params_trigger_ui to None, run_after=None
[2024-03-09T15:53:54.963+0530] {processor.py:183} INFO - Processing /home/kai/.local/lib/python3.10/site-packages/airflow/example_dags/example_params_trigger_ui.py took 0.108 seconds
[2024-03-09T15:54:31.419+0530] {processor.py:161} INFO - Started process (PID=5314) to work on /home/kai/.local/lib/python3.10/site-packages/airflow/example_dags/example_params_trigger_ui.py
[2024-03-09T15:54:31.422+0530] {processor.py:830} INFO - Processing file /home/kai/.local/lib/python3.10/site-packages/airflow/example_dags/example_params_trigger_ui.py for tasks to queue
[2024-03-09T15:54:31.423+0530] {logging_mixin.py:188} INFO - [2024-03-09T15:54:31.422+0530] {dagbag.py:540} INFO - Filling up the DagBag from /home/kai/.local/lib/python3.10/site-packages/airflow/example_dags/example_params_trigger_ui.py
[2024-03-09T15:54:31.437+0530] {processor.py:840} INFO - DAG(s) 'example_params_trigger_ui' retrieved from /home/kai/.local/lib/python3.10/site-packages/airflow/example_dags/example_params_trigger_ui.py
[2024-03-09T15:54:31.474+0530] {logging_mixin.py:188} INFO - [2024-03-09T15:54:31.473+0530] {dag.py:3047} INFO - Sync 1 DAGs
[2024-03-09T15:54:31.484+0530] {logging_mixin.py:188} INFO - [2024-03-09T15:54:31.483+0530] {dag.py:3834} INFO - Setting next_dagrun for example_params_trigger_ui to None, run_after=None
[2024-03-09T15:54:31.522+0530] {processor.py:183} INFO - Processing /home/kai/.local/lib/python3.10/site-packages/airflow/example_dags/example_params_trigger_ui.py took 0.107 seconds
