[2024-03-09T15:43:52.679+0530] {processor.py:161} INFO - Started process (PID=4639) to work on /home/kai/.local/lib/python3.10/site-packages/airflow/example_dags/example_nested_branch_dag.py
[2024-03-09T15:43:52.680+0530] {processor.py:830} INFO - Processing file /home/kai/.local/lib/python3.10/site-packages/airflow/example_dags/example_nested_branch_dag.py for tasks to queue
[2024-03-09T15:43:52.681+0530] {logging_mixin.py:188} INFO - [2024-03-09T15:43:52.681+0530] {dagbag.py:540} INFO - Filling up the DagBag from /home/kai/.local/lib/python3.10/site-packages/airflow/example_dags/example_nested_branch_dag.py
[2024-03-09T15:43:52.690+0530] {processor.py:840} INFO - DAG(s) 'example_nested_branch_dag' retrieved from /home/kai/.local/lib/python3.10/site-packages/airflow/example_dags/example_nested_branch_dag.py
[2024-03-09T15:43:52.824+0530] {logging_mixin.py:188} INFO - [2024-03-09T15:43:52.824+0530] {override.py:1769} INFO - Created Permission View: can delete on DAG:example_nested_branch_dag
[2024-03-09T15:43:52.848+0530] {logging_mixin.py:188} INFO - [2024-03-09T15:43:52.848+0530] {override.py:1769} INFO - Created Permission View: can read on DAG:example_nested_branch_dag
[2024-03-09T15:43:52.870+0530] {logging_mixin.py:188} INFO - [2024-03-09T15:43:52.870+0530] {override.py:1769} INFO - Created Permission View: can edit on DAG:example_nested_branch_dag
[2024-03-09T15:43:52.871+0530] {logging_mixin.py:188} INFO - [2024-03-09T15:43:52.871+0530] {dag.py:3047} INFO - Sync 1 DAGs
[2024-03-09T15:43:52.880+0530] {logging_mixin.py:188} INFO - [2024-03-09T15:43:52.880+0530] {dag.py:3069} INFO - Creating ORM DAG for example_nested_branch_dag
[2024-03-09T15:43:52.889+0530] {logging_mixin.py:188} INFO - [2024-03-09T15:43:52.889+0530] {dag.py:3834} INFO - Setting next_dagrun for example_nested_branch_dag to 2024-03-08 00:00:00+00:00, run_after=2024-03-09 00:00:00+00:00
[2024-03-09T15:43:53.008+0530] {processor.py:183} INFO - Processing /home/kai/.local/lib/python3.10/site-packages/airflow/example_dags/example_nested_branch_dag.py took 0.332 seconds
[2024-03-09T15:44:56.267+0530] {processor.py:161} INFO - Started process (PID=4694) to work on /home/kai/.local/lib/python3.10/site-packages/airflow/example_dags/example_nested_branch_dag.py
[2024-03-09T15:44:56.277+0530] {processor.py:830} INFO - Processing file /home/kai/.local/lib/python3.10/site-packages/airflow/example_dags/example_nested_branch_dag.py for tasks to queue
[2024-03-09T15:44:56.279+0530] {logging_mixin.py:188} INFO - [2024-03-09T15:44:56.278+0530] {dagbag.py:540} INFO - Filling up the DagBag from /home/kai/.local/lib/python3.10/site-packages/airflow/example_dags/example_nested_branch_dag.py
[2024-03-09T15:44:56.289+0530] {processor.py:840} INFO - DAG(s) 'example_nested_branch_dag' retrieved from /home/kai/.local/lib/python3.10/site-packages/airflow/example_dags/example_nested_branch_dag.py
[2024-03-09T15:44:56.333+0530] {logging_mixin.py:188} INFO - [2024-03-09T15:44:56.333+0530] {dag.py:3047} INFO - Sync 1 DAGs
[2024-03-09T15:44:56.380+0530] {logging_mixin.py:188} INFO - [2024-03-09T15:44:56.379+0530] {dag.py:3834} INFO - Setting next_dagrun for example_nested_branch_dag to 2024-03-08 00:00:00+00:00, run_after=2024-03-09 00:00:00+00:00
[2024-03-09T15:44:56.524+0530] {processor.py:183} INFO - Processing /home/kai/.local/lib/python3.10/site-packages/airflow/example_dags/example_nested_branch_dag.py took 0.260 seconds
[2024-03-09T15:45:50.475+0530] {processor.py:161} INFO - Started process (PID=4754) to work on /home/kai/.local/lib/python3.10/site-packages/airflow/example_dags/example_nested_branch_dag.py
[2024-03-09T15:45:50.478+0530] {processor.py:830} INFO - Processing file /home/kai/.local/lib/python3.10/site-packages/airflow/example_dags/example_nested_branch_dag.py for tasks to queue
[2024-03-09T15:45:50.479+0530] {logging_mixin.py:188} INFO - [2024-03-09T15:45:50.478+0530] {dagbag.py:540} INFO - Filling up the DagBag from /home/kai/.local/lib/python3.10/site-packages/airflow/example_dags/example_nested_branch_dag.py
[2024-03-09T15:45:50.488+0530] {processor.py:840} INFO - DAG(s) 'example_nested_branch_dag' retrieved from /home/kai/.local/lib/python3.10/site-packages/airflow/example_dags/example_nested_branch_dag.py
[2024-03-09T15:45:50.504+0530] {logging_mixin.py:188} INFO - [2024-03-09T15:45:50.503+0530] {dag.py:3047} INFO - Sync 1 DAGs
[2024-03-09T15:45:50.603+0530] {logging_mixin.py:188} INFO - [2024-03-09T15:45:50.602+0530] {dag.py:3834} INFO - Setting next_dagrun for example_nested_branch_dag to 2024-03-08 00:00:00+00:00, run_after=2024-03-09 00:00:00+00:00
[2024-03-09T15:45:50.640+0530] {processor.py:183} INFO - Processing /home/kai/.local/lib/python3.10/site-packages/airflow/example_dags/example_nested_branch_dag.py took 0.168 seconds
[2024-03-09T15:46:39.469+0530] {processor.py:161} INFO - Started process (PID=4798) to work on /home/kai/.local/lib/python3.10/site-packages/airflow/example_dags/example_nested_branch_dag.py
[2024-03-09T15:46:39.470+0530] {processor.py:830} INFO - Processing file /home/kai/.local/lib/python3.10/site-packages/airflow/example_dags/example_nested_branch_dag.py for tasks to queue
[2024-03-09T15:46:39.471+0530] {logging_mixin.py:188} INFO - [2024-03-09T15:46:39.471+0530] {dagbag.py:540} INFO - Filling up the DagBag from /home/kai/.local/lib/python3.10/site-packages/airflow/example_dags/example_nested_branch_dag.py
[2024-03-09T15:46:39.481+0530] {processor.py:840} INFO - DAG(s) 'example_nested_branch_dag' retrieved from /home/kai/.local/lib/python3.10/site-packages/airflow/example_dags/example_nested_branch_dag.py
[2024-03-09T15:46:39.499+0530] {logging_mixin.py:188} INFO - [2024-03-09T15:46:39.499+0530] {dag.py:3047} INFO - Sync 1 DAGs
[2024-03-09T15:46:39.517+0530] {logging_mixin.py:188} INFO - [2024-03-09T15:46:39.517+0530] {dag.py:3834} INFO - Setting next_dagrun for example_nested_branch_dag to 2024-03-08 00:00:00+00:00, run_after=2024-03-09 00:00:00+00:00
[2024-03-09T15:46:39.556+0530] {processor.py:183} INFO - Processing /home/kai/.local/lib/python3.10/site-packages/airflow/example_dags/example_nested_branch_dag.py took 0.090 seconds
[2024-03-09T15:47:28.610+0530] {processor.py:161} INFO - Started process (PID=4847) to work on /home/kai/.local/lib/python3.10/site-packages/airflow/example_dags/example_nested_branch_dag.py
[2024-03-09T15:47:28.613+0530] {processor.py:830} INFO - Processing file /home/kai/.local/lib/python3.10/site-packages/airflow/example_dags/example_nested_branch_dag.py for tasks to queue
[2024-03-09T15:47:28.614+0530] {logging_mixin.py:188} INFO - [2024-03-09T15:47:28.614+0530] {dagbag.py:540} INFO - Filling up the DagBag from /home/kai/.local/lib/python3.10/site-packages/airflow/example_dags/example_nested_branch_dag.py
[2024-03-09T15:47:28.625+0530] {processor.py:840} INFO - DAG(s) 'example_nested_branch_dag' retrieved from /home/kai/.local/lib/python3.10/site-packages/airflow/example_dags/example_nested_branch_dag.py
[2024-03-09T15:47:28.640+0530] {logging_mixin.py:188} INFO - [2024-03-09T15:47:28.640+0530] {dag.py:3047} INFO - Sync 1 DAGs
[2024-03-09T15:47:28.658+0530] {logging_mixin.py:188} INFO - [2024-03-09T15:47:28.657+0530] {dag.py:3834} INFO - Setting next_dagrun for example_nested_branch_dag to 2024-03-08 00:00:00+00:00, run_after=2024-03-09 00:00:00+00:00
[2024-03-09T15:47:28.692+0530] {processor.py:183} INFO - Processing /home/kai/.local/lib/python3.10/site-packages/airflow/example_dags/example_nested_branch_dag.py took 0.085 seconds
[2024-03-09T15:48:27.334+0530] {processor.py:161} INFO - Started process (PID=4920) to work on /home/kai/.local/lib/python3.10/site-packages/airflow/example_dags/example_nested_branch_dag.py
[2024-03-09T15:48:27.337+0530] {processor.py:830} INFO - Processing file /home/kai/.local/lib/python3.10/site-packages/airflow/example_dags/example_nested_branch_dag.py for tasks to queue
[2024-03-09T15:48:27.338+0530] {logging_mixin.py:188} INFO - [2024-03-09T15:48:27.338+0530] {dagbag.py:540} INFO - Filling up the DagBag from /home/kai/.local/lib/python3.10/site-packages/airflow/example_dags/example_nested_branch_dag.py
[2024-03-09T15:48:27.350+0530] {processor.py:840} INFO - DAG(s) 'example_nested_branch_dag' retrieved from /home/kai/.local/lib/python3.10/site-packages/airflow/example_dags/example_nested_branch_dag.py
[2024-03-09T15:48:27.371+0530] {logging_mixin.py:188} INFO - [2024-03-09T15:48:27.371+0530] {dag.py:3047} INFO - Sync 1 DAGs
[2024-03-09T15:48:27.399+0530] {logging_mixin.py:188} INFO - [2024-03-09T15:48:27.398+0530] {dag.py:3834} INFO - Setting next_dagrun for example_nested_branch_dag to 2024-03-08 00:00:00+00:00, run_after=2024-03-09 00:00:00+00:00
[2024-03-09T15:48:27.440+0530] {processor.py:183} INFO - Processing /home/kai/.local/lib/python3.10/site-packages/airflow/example_dags/example_nested_branch_dag.py took 0.112 seconds
[2024-03-09T15:49:17.001+0530] {processor.py:161} INFO - Started process (PID=4981) to work on /home/kai/.local/lib/python3.10/site-packages/airflow/example_dags/example_nested_branch_dag.py
[2024-03-09T15:49:17.004+0530] {processor.py:830} INFO - Processing file /home/kai/.local/lib/python3.10/site-packages/airflow/example_dags/example_nested_branch_dag.py for tasks to queue
[2024-03-09T15:49:17.005+0530] {logging_mixin.py:188} INFO - [2024-03-09T15:49:17.005+0530] {dagbag.py:540} INFO - Filling up the DagBag from /home/kai/.local/lib/python3.10/site-packages/airflow/example_dags/example_nested_branch_dag.py
[2024-03-09T15:49:17.016+0530] {processor.py:840} INFO - DAG(s) 'example_nested_branch_dag' retrieved from /home/kai/.local/lib/python3.10/site-packages/airflow/example_dags/example_nested_branch_dag.py
[2024-03-09T15:49:17.033+0530] {logging_mixin.py:188} INFO - [2024-03-09T15:49:17.033+0530] {dag.py:3047} INFO - Sync 1 DAGs
[2024-03-09T15:49:17.053+0530] {logging_mixin.py:188} INFO - [2024-03-09T15:49:17.052+0530] {dag.py:3834} INFO - Setting next_dagrun for example_nested_branch_dag to 2024-03-08 00:00:00+00:00, run_after=2024-03-09 00:00:00+00:00
[2024-03-09T15:49:17.090+0530] {processor.py:183} INFO - Processing /home/kai/.local/lib/python3.10/site-packages/airflow/example_dags/example_nested_branch_dag.py took 0.092 seconds
[2024-03-09T15:50:08.117+0530] {processor.py:161} INFO - Started process (PID=5041) to work on /home/kai/.local/lib/python3.10/site-packages/airflow/example_dags/example_nested_branch_dag.py
[2024-03-09T15:50:08.119+0530] {processor.py:830} INFO - Processing file /home/kai/.local/lib/python3.10/site-packages/airflow/example_dags/example_nested_branch_dag.py for tasks to queue
[2024-03-09T15:50:08.120+0530] {logging_mixin.py:188} INFO - [2024-03-09T15:50:08.120+0530] {dagbag.py:540} INFO - Filling up the DagBag from /home/kai/.local/lib/python3.10/site-packages/airflow/example_dags/example_nested_branch_dag.py
[2024-03-09T15:50:08.132+0530] {processor.py:840} INFO - DAG(s) 'example_nested_branch_dag' retrieved from /home/kai/.local/lib/python3.10/site-packages/airflow/example_dags/example_nested_branch_dag.py
[2024-03-09T15:50:08.165+0530] {logging_mixin.py:188} INFO - [2024-03-09T15:50:08.164+0530] {dag.py:3047} INFO - Sync 1 DAGs
[2024-03-09T15:50:08.209+0530] {logging_mixin.py:188} INFO - [2024-03-09T15:50:08.208+0530] {dag.py:3834} INFO - Setting next_dagrun for example_nested_branch_dag to 2024-03-08 00:00:00+00:00, run_after=2024-03-09 00:00:00+00:00
[2024-03-09T15:50:08.473+0530] {processor.py:183} INFO - Processing /home/kai/.local/lib/python3.10/site-packages/airflow/example_dags/example_nested_branch_dag.py took 0.361 seconds
[2024-03-09T15:51:24.520+0530] {processor.py:161} INFO - Started process (PID=5120) to work on /home/kai/.local/lib/python3.10/site-packages/airflow/example_dags/example_nested_branch_dag.py
[2024-03-09T15:51:24.523+0530] {processor.py:830} INFO - Processing file /home/kai/.local/lib/python3.10/site-packages/airflow/example_dags/example_nested_branch_dag.py for tasks to queue
[2024-03-09T15:51:24.524+0530] {logging_mixin.py:188} INFO - [2024-03-09T15:51:24.524+0530] {dagbag.py:540} INFO - Filling up the DagBag from /home/kai/.local/lib/python3.10/site-packages/airflow/example_dags/example_nested_branch_dag.py
[2024-03-09T15:51:24.534+0530] {processor.py:840} INFO - DAG(s) 'example_nested_branch_dag' retrieved from /home/kai/.local/lib/python3.10/site-packages/airflow/example_dags/example_nested_branch_dag.py
[2024-03-09T15:51:24.550+0530] {logging_mixin.py:188} INFO - [2024-03-09T15:51:24.550+0530] {dag.py:3047} INFO - Sync 1 DAGs
[2024-03-09T15:51:24.571+0530] {logging_mixin.py:188} INFO - [2024-03-09T15:51:24.570+0530] {dag.py:3834} INFO - Setting next_dagrun for example_nested_branch_dag to 2024-03-08 00:00:00+00:00, run_after=2024-03-09 00:00:00+00:00
[2024-03-09T15:51:24.604+0530] {processor.py:183} INFO - Processing /home/kai/.local/lib/python3.10/site-packages/airflow/example_dags/example_nested_branch_dag.py took 0.088 seconds
[2024-03-09T15:52:15.154+0530] {processor.py:161} INFO - Started process (PID=5175) to work on /home/kai/.local/lib/python3.10/site-packages/airflow/example_dags/example_nested_branch_dag.py
[2024-03-09T15:52:15.157+0530] {processor.py:830} INFO - Processing file /home/kai/.local/lib/python3.10/site-packages/airflow/example_dags/example_nested_branch_dag.py for tasks to queue
[2024-03-09T15:52:15.158+0530] {logging_mixin.py:188} INFO - [2024-03-09T15:52:15.158+0530] {dagbag.py:540} INFO - Filling up the DagBag from /home/kai/.local/lib/python3.10/site-packages/airflow/example_dags/example_nested_branch_dag.py
[2024-03-09T15:52:15.172+0530] {processor.py:840} INFO - DAG(s) 'example_nested_branch_dag' retrieved from /home/kai/.local/lib/python3.10/site-packages/airflow/example_dags/example_nested_branch_dag.py
[2024-03-09T15:52:15.189+0530] {logging_mixin.py:188} INFO - [2024-03-09T15:52:15.189+0530] {dag.py:3047} INFO - Sync 1 DAGs
[2024-03-09T15:52:15.207+0530] {logging_mixin.py:188} INFO - [2024-03-09T15:52:15.207+0530] {dag.py:3834} INFO - Setting next_dagrun for example_nested_branch_dag to 2024-03-08 00:00:00+00:00, run_after=2024-03-09 00:00:00+00:00
[2024-03-09T15:52:15.239+0530] {processor.py:183} INFO - Processing /home/kai/.local/lib/python3.10/site-packages/airflow/example_dags/example_nested_branch_dag.py took 0.090 seconds
[2024-03-09T15:53:07.036+0530] {processor.py:161} INFO - Started process (PID=5227) to work on /home/kai/.local/lib/python3.10/site-packages/airflow/example_dags/example_nested_branch_dag.py
[2024-03-09T15:53:07.040+0530] {processor.py:830} INFO - Processing file /home/kai/.local/lib/python3.10/site-packages/airflow/example_dags/example_nested_branch_dag.py for tasks to queue
[2024-03-09T15:53:07.043+0530] {logging_mixin.py:188} INFO - [2024-03-09T15:53:07.042+0530] {dagbag.py:540} INFO - Filling up the DagBag from /home/kai/.local/lib/python3.10/site-packages/airflow/example_dags/example_nested_branch_dag.py
[2024-03-09T15:53:07.053+0530] {processor.py:840} INFO - DAG(s) 'example_nested_branch_dag' retrieved from /home/kai/.local/lib/python3.10/site-packages/airflow/example_dags/example_nested_branch_dag.py
[2024-03-09T15:53:07.070+0530] {logging_mixin.py:188} INFO - [2024-03-09T15:53:07.070+0530] {dag.py:3047} INFO - Sync 1 DAGs
[2024-03-09T15:53:07.089+0530] {logging_mixin.py:188} INFO - [2024-03-09T15:53:07.088+0530] {dag.py:3834} INFO - Setting next_dagrun for example_nested_branch_dag to 2024-03-08 00:00:00+00:00, run_after=2024-03-09 00:00:00+00:00
[2024-03-09T15:53:07.127+0530] {processor.py:183} INFO - Processing /home/kai/.local/lib/python3.10/site-packages/airflow/example_dags/example_nested_branch_dag.py took 0.096 seconds
[2024-03-09T15:54:00.889+0530] {processor.py:161} INFO - Started process (PID=5283) to work on /home/kai/.local/lib/python3.10/site-packages/airflow/example_dags/example_nested_branch_dag.py
[2024-03-09T15:54:00.893+0530] {processor.py:830} INFO - Processing file /home/kai/.local/lib/python3.10/site-packages/airflow/example_dags/example_nested_branch_dag.py for tasks to queue
[2024-03-09T15:54:00.894+0530] {logging_mixin.py:188} INFO - [2024-03-09T15:54:00.893+0530] {dagbag.py:540} INFO - Filling up the DagBag from /home/kai/.local/lib/python3.10/site-packages/airflow/example_dags/example_nested_branch_dag.py
[2024-03-09T15:54:00.904+0530] {processor.py:840} INFO - DAG(s) 'example_nested_branch_dag' retrieved from /home/kai/.local/lib/python3.10/site-packages/airflow/example_dags/example_nested_branch_dag.py
[2024-03-09T15:54:00.920+0530] {logging_mixin.py:188} INFO - [2024-03-09T15:54:00.920+0530] {dag.py:3047} INFO - Sync 1 DAGs
[2024-03-09T15:54:00.939+0530] {logging_mixin.py:188} INFO - [2024-03-09T15:54:00.939+0530] {dag.py:3834} INFO - Setting next_dagrun for example_nested_branch_dag to 2024-03-08 00:00:00+00:00, run_after=2024-03-09 00:00:00+00:00
[2024-03-09T15:54:00.975+0530] {processor.py:183} INFO - Processing /home/kai/.local/lib/python3.10/site-packages/airflow/example_dags/example_nested_branch_dag.py took 0.090 seconds
