[2024-03-09T15:44:21.847+0530] {processor.py:161} INFO - Started process (PID=4662) to work on /home/kai/.local/lib/python3.10/site-packages/airflow/example_dags/example_sla_dag.py
[2024-03-09T15:44:21.848+0530] {processor.py:830} INFO - Processing file /home/kai/.local/lib/python3.10/site-packages/airflow/example_dags/example_sla_dag.py for tasks to queue
[2024-03-09T15:44:21.849+0530] {logging_mixin.py:188} INFO - [2024-03-09T15:44:21.849+0530] {dagbag.py:540} INFO - Filling up the DagBag from /home/kai/.local/lib/python3.10/site-packages/airflow/example_dags/example_sla_dag.py
[2024-03-09T15:44:21.859+0530] {processor.py:840} INFO - DAG(s) 'example_sla_dag' retrieved from /home/kai/.local/lib/python3.10/site-packages/airflow/example_dags/example_sla_dag.py
[2024-03-09T15:44:21.981+0530] {logging_mixin.py:188} INFO - [2024-03-09T15:44:21.980+0530] {override.py:1769} INFO - Created Permission View: can delete on DAG:example_sla_dag
[2024-03-09T15:44:22.008+0530] {logging_mixin.py:188} INFO - [2024-03-09T15:44:22.006+0530] {override.py:1769} INFO - Created Permission View: can read on DAG:example_sla_dag
[2024-03-09T15:44:22.040+0530] {logging_mixin.py:188} INFO - [2024-03-09T15:44:22.040+0530] {override.py:1769} INFO - Created Permission View: can edit on DAG:example_sla_dag
[2024-03-09T15:44:22.040+0530] {logging_mixin.py:188} INFO - [2024-03-09T15:44:22.040+0530] {dag.py:3047} INFO - Sync 1 DAGs
[2024-03-09T15:44:22.133+0530] {logging_mixin.py:188} INFO - [2024-03-09T15:44:22.133+0530] {dag.py:3069} INFO - Creating ORM DAG for example_sla_dag
[2024-03-09T15:44:22.144+0530] {logging_mixin.py:188} INFO - [2024-03-09T15:44:22.144+0530] {dag.py:3834} INFO - Setting next_dagrun for example_sla_dag to 2024-03-09 10:12:00+00:00, run_after=2024-03-09 10:14:00+00:00
[2024-03-09T15:44:22.179+0530] {processor.py:183} INFO - Processing /home/kai/.local/lib/python3.10/site-packages/airflow/example_dags/example_sla_dag.py took 0.337 seconds
[2024-03-09T15:45:23.047+0530] {processor.py:161} INFO - Started process (PID=4722) to work on /home/kai/.local/lib/python3.10/site-packages/airflow/example_dags/example_sla_dag.py
[2024-03-09T15:45:23.050+0530] {processor.py:830} INFO - Processing file /home/kai/.local/lib/python3.10/site-packages/airflow/example_dags/example_sla_dag.py for tasks to queue
[2024-03-09T15:45:23.052+0530] {logging_mixin.py:188} INFO - [2024-03-09T15:45:23.051+0530] {dagbag.py:540} INFO - Filling up the DagBag from /home/kai/.local/lib/python3.10/site-packages/airflow/example_dags/example_sla_dag.py
[2024-03-09T15:45:23.061+0530] {processor.py:840} INFO - DAG(s) 'example_sla_dag' retrieved from /home/kai/.local/lib/python3.10/site-packages/airflow/example_dags/example_sla_dag.py
[2024-03-09T15:45:23.077+0530] {logging_mixin.py:188} INFO - [2024-03-09T15:45:23.076+0530] {dag.py:3047} INFO - Sync 1 DAGs
[2024-03-09T15:45:23.098+0530] {logging_mixin.py:188} INFO - [2024-03-09T15:45:23.098+0530] {dag.py:3834} INFO - Setting next_dagrun for example_sla_dag to 2024-03-09 10:12:00+00:00, run_after=2024-03-09 10:14:00+00:00
[2024-03-09T15:45:23.132+0530] {processor.py:183} INFO - Processing /home/kai/.local/lib/python3.10/site-packages/airflow/example_dags/example_sla_dag.py took 0.087 seconds
[2024-03-09T15:46:17.637+0530] {processor.py:161} INFO - Started process (PID=4778) to work on /home/kai/.local/lib/python3.10/site-packages/airflow/example_dags/example_sla_dag.py
[2024-03-09T15:46:17.639+0530] {processor.py:830} INFO - Processing file /home/kai/.local/lib/python3.10/site-packages/airflow/example_dags/example_sla_dag.py for tasks to queue
[2024-03-09T15:46:17.640+0530] {logging_mixin.py:188} INFO - [2024-03-09T15:46:17.639+0530] {dagbag.py:540} INFO - Filling up the DagBag from /home/kai/.local/lib/python3.10/site-packages/airflow/example_dags/example_sla_dag.py
[2024-03-09T15:46:17.649+0530] {processor.py:840} INFO - DAG(s) 'example_sla_dag' retrieved from /home/kai/.local/lib/python3.10/site-packages/airflow/example_dags/example_sla_dag.py
[2024-03-09T15:46:17.753+0530] {logging_mixin.py:188} INFO - [2024-03-09T15:46:17.753+0530] {dag.py:3047} INFO - Sync 1 DAGs
[2024-03-09T15:46:17.771+0530] {logging_mixin.py:188} INFO - [2024-03-09T15:46:17.771+0530] {dag.py:3834} INFO - Setting next_dagrun for example_sla_dag to 2024-03-09 10:14:00+00:00, run_after=2024-03-09 10:16:00+00:00
[2024-03-09T15:46:17.809+0530] {processor.py:183} INFO - Processing /home/kai/.local/lib/python3.10/site-packages/airflow/example_dags/example_sla_dag.py took 0.174 seconds
[2024-03-09T15:47:19.767+0530] {processor.py:161} INFO - Started process (PID=4838) to work on /home/kai/.local/lib/python3.10/site-packages/airflow/example_dags/example_sla_dag.py
[2024-03-09T15:47:19.770+0530] {processor.py:830} INFO - Processing file /home/kai/.local/lib/python3.10/site-packages/airflow/example_dags/example_sla_dag.py for tasks to queue
[2024-03-09T15:47:19.772+0530] {logging_mixin.py:188} INFO - [2024-03-09T15:47:19.771+0530] {dagbag.py:540} INFO - Filling up the DagBag from /home/kai/.local/lib/python3.10/site-packages/airflow/example_dags/example_sla_dag.py
[2024-03-09T15:47:19.780+0530] {processor.py:840} INFO - DAG(s) 'example_sla_dag' retrieved from /home/kai/.local/lib/python3.10/site-packages/airflow/example_dags/example_sla_dag.py
[2024-03-09T15:47:19.796+0530] {logging_mixin.py:188} INFO - [2024-03-09T15:47:19.796+0530] {dag.py:3047} INFO - Sync 1 DAGs
[2024-03-09T15:47:19.817+0530] {logging_mixin.py:188} INFO - [2024-03-09T15:47:19.817+0530] {dag.py:3834} INFO - Setting next_dagrun for example_sla_dag to 2024-03-09 10:14:00+00:00, run_after=2024-03-09 10:16:00+00:00
[2024-03-09T15:47:19.852+0530] {processor.py:183} INFO - Processing /home/kai/.local/lib/python3.10/site-packages/airflow/example_dags/example_sla_dag.py took 0.088 seconds
[2024-03-09T15:48:30.091+0530] {processor.py:161} INFO - Started process (PID=4924) to work on /home/kai/.local/lib/python3.10/site-packages/airflow/example_dags/example_sla_dag.py
[2024-03-09T15:48:30.093+0530] {processor.py:830} INFO - Processing file /home/kai/.local/lib/python3.10/site-packages/airflow/example_dags/example_sla_dag.py for tasks to queue
[2024-03-09T15:48:30.095+0530] {logging_mixin.py:188} INFO - [2024-03-09T15:48:30.094+0530] {dagbag.py:540} INFO - Filling up the DagBag from /home/kai/.local/lib/python3.10/site-packages/airflow/example_dags/example_sla_dag.py
[2024-03-09T15:48:30.103+0530] {processor.py:840} INFO - DAG(s) 'example_sla_dag' retrieved from /home/kai/.local/lib/python3.10/site-packages/airflow/example_dags/example_sla_dag.py
[2024-03-09T15:48:30.119+0530] {logging_mixin.py:188} INFO - [2024-03-09T15:48:30.119+0530] {dag.py:3047} INFO - Sync 1 DAGs
[2024-03-09T15:48:30.141+0530] {logging_mixin.py:188} INFO - [2024-03-09T15:48:30.141+0530] {dag.py:3834} INFO - Setting next_dagrun for example_sla_dag to 2024-03-09 10:16:00+00:00, run_after=2024-03-09 10:18:00+00:00
[2024-03-09T15:48:30.181+0530] {processor.py:183} INFO - Processing /home/kai/.local/lib/python3.10/site-packages/airflow/example_dags/example_sla_dag.py took 0.093 seconds
[2024-03-09T15:49:20.695+0530] {processor.py:161} INFO - Started process (PID=4985) to work on /home/kai/.local/lib/python3.10/site-packages/airflow/example_dags/example_sla_dag.py
[2024-03-09T15:49:20.698+0530] {processor.py:830} INFO - Processing file /home/kai/.local/lib/python3.10/site-packages/airflow/example_dags/example_sla_dag.py for tasks to queue
[2024-03-09T15:49:20.699+0530] {logging_mixin.py:188} INFO - [2024-03-09T15:49:20.698+0530] {dagbag.py:540} INFO - Filling up the DagBag from /home/kai/.local/lib/python3.10/site-packages/airflow/example_dags/example_sla_dag.py
[2024-03-09T15:49:20.709+0530] {processor.py:840} INFO - DAG(s) 'example_sla_dag' retrieved from /home/kai/.local/lib/python3.10/site-packages/airflow/example_dags/example_sla_dag.py
[2024-03-09T15:49:20.723+0530] {logging_mixin.py:188} INFO - [2024-03-09T15:49:20.723+0530] {dag.py:3047} INFO - Sync 1 DAGs
[2024-03-09T15:49:20.743+0530] {logging_mixin.py:188} INFO - [2024-03-09T15:49:20.743+0530] {dag.py:3834} INFO - Setting next_dagrun for example_sla_dag to 2024-03-09 10:16:00+00:00, run_after=2024-03-09 10:18:00+00:00
[2024-03-09T15:49:20.777+0530] {processor.py:183} INFO - Processing /home/kai/.local/lib/python3.10/site-packages/airflow/example_dags/example_sla_dag.py took 0.086 seconds
[2024-03-09T15:50:31.375+0530] {processor.py:161} INFO - Started process (PID=5064) to work on /home/kai/.local/lib/python3.10/site-packages/airflow/example_dags/example_sla_dag.py
[2024-03-09T15:50:31.377+0530] {processor.py:830} INFO - Processing file /home/kai/.local/lib/python3.10/site-packages/airflow/example_dags/example_sla_dag.py for tasks to queue
[2024-03-09T15:50:31.378+0530] {logging_mixin.py:188} INFO - [2024-03-09T15:50:31.377+0530] {dagbag.py:540} INFO - Filling up the DagBag from /home/kai/.local/lib/python3.10/site-packages/airflow/example_dags/example_sla_dag.py
[2024-03-09T15:50:31.393+0530] {processor.py:840} INFO - DAG(s) 'example_sla_dag' retrieved from /home/kai/.local/lib/python3.10/site-packages/airflow/example_dags/example_sla_dag.py
[2024-03-09T15:50:31.411+0530] {logging_mixin.py:188} INFO - [2024-03-09T15:50:31.410+0530] {dag.py:3047} INFO - Sync 1 DAGs
[2024-03-09T15:50:31.439+0530] {logging_mixin.py:188} INFO - [2024-03-09T15:50:31.439+0530] {dag.py:3834} INFO - Setting next_dagrun for example_sla_dag to 2024-03-09 10:18:00+00:00, run_after=2024-03-09 10:20:00+00:00
[2024-03-09T15:50:31.485+0530] {processor.py:183} INFO - Processing /home/kai/.local/lib/python3.10/site-packages/airflow/example_dags/example_sla_dag.py took 0.113 seconds
[2024-03-09T15:51:28.309+0530] {processor.py:161} INFO - Started process (PID=5124) to work on /home/kai/.local/lib/python3.10/site-packages/airflow/example_dags/example_sla_dag.py
[2024-03-09T15:51:28.311+0530] {processor.py:830} INFO - Processing file /home/kai/.local/lib/python3.10/site-packages/airflow/example_dags/example_sla_dag.py for tasks to queue
[2024-03-09T15:51:28.313+0530] {logging_mixin.py:188} INFO - [2024-03-09T15:51:28.312+0530] {dagbag.py:540} INFO - Filling up the DagBag from /home/kai/.local/lib/python3.10/site-packages/airflow/example_dags/example_sla_dag.py
[2024-03-09T15:51:28.322+0530] {processor.py:840} INFO - DAG(s) 'example_sla_dag' retrieved from /home/kai/.local/lib/python3.10/site-packages/airflow/example_dags/example_sla_dag.py
[2024-03-09T15:51:28.336+0530] {logging_mixin.py:188} INFO - [2024-03-09T15:51:28.336+0530] {dag.py:3047} INFO - Sync 1 DAGs
[2024-03-09T15:51:28.357+0530] {logging_mixin.py:188} INFO - [2024-03-09T15:51:28.357+0530] {dag.py:3834} INFO - Setting next_dagrun for example_sla_dag to 2024-03-09 10:18:00+00:00, run_after=2024-03-09 10:20:00+00:00
[2024-03-09T15:51:28.391+0530] {processor.py:183} INFO - Processing /home/kai/.local/lib/python3.10/site-packages/airflow/example_dags/example_sla_dag.py took 0.085 seconds
[2024-03-09T15:52:19.162+0530] {processor.py:161} INFO - Started process (PID=5179) to work on /home/kai/.local/lib/python3.10/site-packages/airflow/example_dags/example_sla_dag.py
[2024-03-09T15:52:19.165+0530] {processor.py:830} INFO - Processing file /home/kai/.local/lib/python3.10/site-packages/airflow/example_dags/example_sla_dag.py for tasks to queue
[2024-03-09T15:52:19.166+0530] {logging_mixin.py:188} INFO - [2024-03-09T15:52:19.165+0530] {dagbag.py:540} INFO - Filling up the DagBag from /home/kai/.local/lib/python3.10/site-packages/airflow/example_dags/example_sla_dag.py
[2024-03-09T15:52:19.174+0530] {processor.py:840} INFO - DAG(s) 'example_sla_dag' retrieved from /home/kai/.local/lib/python3.10/site-packages/airflow/example_dags/example_sla_dag.py
[2024-03-09T15:52:19.188+0530] {logging_mixin.py:188} INFO - [2024-03-09T15:52:19.188+0530] {dag.py:3047} INFO - Sync 1 DAGs
[2024-03-09T15:52:19.208+0530] {logging_mixin.py:188} INFO - [2024-03-09T15:52:19.208+0530] {dag.py:3834} INFO - Setting next_dagrun for example_sla_dag to 2024-03-09 10:20:00+00:00, run_after=2024-03-09 10:22:00+00:00
[2024-03-09T15:52:19.242+0530] {processor.py:183} INFO - Processing /home/kai/.local/lib/python3.10/site-packages/airflow/example_dags/example_sla_dag.py took 0.083 seconds
[2024-03-09T15:53:11.099+0530] {processor.py:161} INFO - Started process (PID=5231) to work on /home/kai/.local/lib/python3.10/site-packages/airflow/example_dags/example_sla_dag.py
[2024-03-09T15:53:11.102+0530] {processor.py:830} INFO - Processing file /home/kai/.local/lib/python3.10/site-packages/airflow/example_dags/example_sla_dag.py for tasks to queue
[2024-03-09T15:53:11.103+0530] {logging_mixin.py:188} INFO - [2024-03-09T15:53:11.103+0530] {dagbag.py:540} INFO - Filling up the DagBag from /home/kai/.local/lib/python3.10/site-packages/airflow/example_dags/example_sla_dag.py
[2024-03-09T15:53:11.112+0530] {processor.py:840} INFO - DAG(s) 'example_sla_dag' retrieved from /home/kai/.local/lib/python3.10/site-packages/airflow/example_dags/example_sla_dag.py
[2024-03-09T15:53:11.126+0530] {logging_mixin.py:188} INFO - [2024-03-09T15:53:11.126+0530] {dag.py:3047} INFO - Sync 1 DAGs
[2024-03-09T15:53:11.145+0530] {logging_mixin.py:188} INFO - [2024-03-09T15:53:11.145+0530] {dag.py:3834} INFO - Setting next_dagrun for example_sla_dag to 2024-03-09 10:20:00+00:00, run_after=2024-03-09 10:22:00+00:00
[2024-03-09T15:53:11.183+0530] {processor.py:183} INFO - Processing /home/kai/.local/lib/python3.10/site-packages/airflow/example_dags/example_sla_dag.py took 0.088 seconds
[2024-03-09T15:54:05.301+0530] {processor.py:161} INFO - Started process (PID=5287) to work on /home/kai/.local/lib/python3.10/site-packages/airflow/example_dags/example_sla_dag.py
[2024-03-09T15:54:05.304+0530] {processor.py:830} INFO - Processing file /home/kai/.local/lib/python3.10/site-packages/airflow/example_dags/example_sla_dag.py for tasks to queue
[2024-03-09T15:54:05.305+0530] {logging_mixin.py:188} INFO - [2024-03-09T15:54:05.304+0530] {dagbag.py:540} INFO - Filling up the DagBag from /home/kai/.local/lib/python3.10/site-packages/airflow/example_dags/example_sla_dag.py
[2024-03-09T15:54:05.313+0530] {processor.py:840} INFO - DAG(s) 'example_sla_dag' retrieved from /home/kai/.local/lib/python3.10/site-packages/airflow/example_dags/example_sla_dag.py
[2024-03-09T15:54:05.328+0530] {logging_mixin.py:188} INFO - [2024-03-09T15:54:05.328+0530] {dag.py:3047} INFO - Sync 1 DAGs
[2024-03-09T15:54:05.348+0530] {logging_mixin.py:188} INFO - [2024-03-09T15:54:05.348+0530] {dag.py:3834} INFO - Setting next_dagrun for example_sla_dag to 2024-03-09 10:22:00+00:00, run_after=2024-03-09 10:24:00+00:00
[2024-03-09T15:54:05.382+0530] {processor.py:183} INFO - Processing /home/kai/.local/lib/python3.10/site-packages/airflow/example_dags/example_sla_dag.py took 0.084 seconds
