[2024-03-09T15:44:18.262+0530] {processor.py:161} INFO - Started process (PID=4659) to work on /home/kai/.local/lib/python3.10/site-packages/airflow/example_dags/example_dynamic_task_mapping_with_no_taskflow_operators.py
[2024-03-09T15:44:18.263+0530] {processor.py:830} INFO - Processing file /home/kai/.local/lib/python3.10/site-packages/airflow/example_dags/example_dynamic_task_mapping_with_no_taskflow_operators.py for tasks to queue
[2024-03-09T15:44:18.264+0530] {logging_mixin.py:188} INFO - [2024-03-09T15:44:18.263+0530] {dagbag.py:540} INFO - Filling up the DagBag from /home/kai/.local/lib/python3.10/site-packages/airflow/example_dags/example_dynamic_task_mapping_with_no_taskflow_operators.py
[2024-03-09T15:44:18.271+0530] {processor.py:840} INFO - DAG(s) 'example_dynamic_task_mapping_with_no_taskflow_operators' retrieved from /home/kai/.local/lib/python3.10/site-packages/airflow/example_dags/example_dynamic_task_mapping_with_no_taskflow_operators.py
[2024-03-09T15:44:18.399+0530] {logging_mixin.py:188} INFO - [2024-03-09T15:44:18.399+0530] {override.py:1769} INFO - Created Permission View: can delete on DAG:example_dynamic_task_mapping_with_no_taskflow_operators
[2024-03-09T15:44:18.429+0530] {logging_mixin.py:188} INFO - [2024-03-09T15:44:18.428+0530] {override.py:1769} INFO - Created Permission View: can read on DAG:example_dynamic_task_mapping_with_no_taskflow_operators
[2024-03-09T15:44:18.457+0530] {logging_mixin.py:188} INFO - [2024-03-09T15:44:18.457+0530] {override.py:1769} INFO - Created Permission View: can edit on DAG:example_dynamic_task_mapping_with_no_taskflow_operators
[2024-03-09T15:44:18.458+0530] {logging_mixin.py:188} INFO - [2024-03-09T15:44:18.457+0530] {dag.py:3047} INFO - Sync 1 DAGs
[2024-03-09T15:44:18.548+0530] {logging_mixin.py:188} INFO - [2024-03-09T15:44:18.547+0530] {dag.py:3069} INFO - Creating ORM DAG for example_dynamic_task_mapping_with_no_taskflow_operators
[2024-03-09T15:44:18.556+0530] {logging_mixin.py:188} INFO - [2024-03-09T15:44:18.556+0530] {dag.py:3834} INFO - Setting next_dagrun for example_dynamic_task_mapping_with_no_taskflow_operators to 2024-03-08 00:00:00+00:00, run_after=2024-03-09 00:00:00+00:00
[2024-03-09T15:44:18.594+0530] {processor.py:183} INFO - Processing /home/kai/.local/lib/python3.10/site-packages/airflow/example_dags/example_dynamic_task_mapping_with_no_taskflow_operators.py took 0.336 seconds
[2024-03-09T15:45:19.779+0530] {processor.py:161} INFO - Started process (PID=4719) to work on /home/kai/.local/lib/python3.10/site-packages/airflow/example_dags/example_dynamic_task_mapping_with_no_taskflow_operators.py
[2024-03-09T15:45:19.780+0530] {processor.py:830} INFO - Processing file /home/kai/.local/lib/python3.10/site-packages/airflow/example_dags/example_dynamic_task_mapping_with_no_taskflow_operators.py for tasks to queue
[2024-03-09T15:45:19.782+0530] {logging_mixin.py:188} INFO - [2024-03-09T15:45:19.781+0530] {dagbag.py:540} INFO - Filling up the DagBag from /home/kai/.local/lib/python3.10/site-packages/airflow/example_dags/example_dynamic_task_mapping_with_no_taskflow_operators.py
[2024-03-09T15:45:19.809+0530] {processor.py:840} INFO - DAG(s) 'example_dynamic_task_mapping_with_no_taskflow_operators' retrieved from /home/kai/.local/lib/python3.10/site-packages/airflow/example_dags/example_dynamic_task_mapping_with_no_taskflow_operators.py
[2024-03-09T15:45:19.856+0530] {logging_mixin.py:188} INFO - [2024-03-09T15:45:19.856+0530] {dag.py:3047} INFO - Sync 1 DAGs
[2024-03-09T15:45:19.960+0530] {logging_mixin.py:188} INFO - [2024-03-09T15:45:19.960+0530] {dag.py:3834} INFO - Setting next_dagrun for example_dynamic_task_mapping_with_no_taskflow_operators to 2024-03-08 00:00:00+00:00, run_after=2024-03-09 00:00:00+00:00
[2024-03-09T15:45:20.060+0530] {processor.py:183} INFO - Processing /home/kai/.local/lib/python3.10/site-packages/airflow/example_dags/example_dynamic_task_mapping_with_no_taskflow_operators.py took 0.287 seconds
[2024-03-09T15:46:14.876+0530] {processor.py:161} INFO - Started process (PID=4775) to work on /home/kai/.local/lib/python3.10/site-packages/airflow/example_dags/example_dynamic_task_mapping_with_no_taskflow_operators.py
[2024-03-09T15:46:14.879+0530] {processor.py:830} INFO - Processing file /home/kai/.local/lib/python3.10/site-packages/airflow/example_dags/example_dynamic_task_mapping_with_no_taskflow_operators.py for tasks to queue
[2024-03-09T15:46:14.880+0530] {logging_mixin.py:188} INFO - [2024-03-09T15:46:14.879+0530] {dagbag.py:540} INFO - Filling up the DagBag from /home/kai/.local/lib/python3.10/site-packages/airflow/example_dags/example_dynamic_task_mapping_with_no_taskflow_operators.py
[2024-03-09T15:46:14.889+0530] {processor.py:840} INFO - DAG(s) 'example_dynamic_task_mapping_with_no_taskflow_operators' retrieved from /home/kai/.local/lib/python3.10/site-packages/airflow/example_dags/example_dynamic_task_mapping_with_no_taskflow_operators.py
[2024-03-09T15:46:14.991+0530] {logging_mixin.py:188} INFO - [2024-03-09T15:46:14.991+0530] {dag.py:3047} INFO - Sync 1 DAGs
[2024-03-09T15:46:15.006+0530] {logging_mixin.py:188} INFO - [2024-03-09T15:46:15.006+0530] {dag.py:3834} INFO - Setting next_dagrun for example_dynamic_task_mapping_with_no_taskflow_operators to 2024-03-08 00:00:00+00:00, run_after=2024-03-09 00:00:00+00:00
[2024-03-09T15:46:15.040+0530] {processor.py:183} INFO - Processing /home/kai/.local/lib/python3.10/site-packages/airflow/example_dags/example_dynamic_task_mapping_with_no_taskflow_operators.py took 0.167 seconds
[2024-03-09T15:47:04.232+0530] {processor.py:161} INFO - Started process (PID=4823) to work on /home/kai/.local/lib/python3.10/site-packages/airflow/example_dags/example_dynamic_task_mapping_with_no_taskflow_operators.py
[2024-03-09T15:47:04.233+0530] {processor.py:830} INFO - Processing file /home/kai/.local/lib/python3.10/site-packages/airflow/example_dags/example_dynamic_task_mapping_with_no_taskflow_operators.py for tasks to queue
[2024-03-09T15:47:04.235+0530] {logging_mixin.py:188} INFO - [2024-03-09T15:47:04.234+0530] {dagbag.py:540} INFO - Filling up the DagBag from /home/kai/.local/lib/python3.10/site-packages/airflow/example_dags/example_dynamic_task_mapping_with_no_taskflow_operators.py
[2024-03-09T15:47:04.244+0530] {processor.py:840} INFO - DAG(s) 'example_dynamic_task_mapping_with_no_taskflow_operators' retrieved from /home/kai/.local/lib/python3.10/site-packages/airflow/example_dags/example_dynamic_task_mapping_with_no_taskflow_operators.py
[2024-03-09T15:47:04.262+0530] {logging_mixin.py:188} INFO - [2024-03-09T15:47:04.262+0530] {dag.py:3047} INFO - Sync 1 DAGs
[2024-03-09T15:47:04.281+0530] {logging_mixin.py:188} INFO - [2024-03-09T15:47:04.281+0530] {dag.py:3834} INFO - Setting next_dagrun for example_dynamic_task_mapping_with_no_taskflow_operators to 2024-03-08 00:00:00+00:00, run_after=2024-03-09 00:00:00+00:00
[2024-03-09T15:47:04.317+0530] {processor.py:183} INFO - Processing /home/kai/.local/lib/python3.10/site-packages/airflow/example_dags/example_dynamic_task_mapping_with_no_taskflow_operators.py took 0.089 seconds
[2024-03-09T15:47:59.830+0530] {processor.py:161} INFO - Started process (PID=4878) to work on /home/kai/.local/lib/python3.10/site-packages/airflow/example_dags/example_dynamic_task_mapping_with_no_taskflow_operators.py
[2024-03-09T15:47:59.833+0530] {processor.py:830} INFO - Processing file /home/kai/.local/lib/python3.10/site-packages/airflow/example_dags/example_dynamic_task_mapping_with_no_taskflow_operators.py for tasks to queue
[2024-03-09T15:47:59.834+0530] {logging_mixin.py:188} INFO - [2024-03-09T15:47:59.834+0530] {dagbag.py:540} INFO - Filling up the DagBag from /home/kai/.local/lib/python3.10/site-packages/airflow/example_dags/example_dynamic_task_mapping_with_no_taskflow_operators.py
[2024-03-09T15:47:59.841+0530] {processor.py:840} INFO - DAG(s) 'example_dynamic_task_mapping_with_no_taskflow_operators' retrieved from /home/kai/.local/lib/python3.10/site-packages/airflow/example_dags/example_dynamic_task_mapping_with_no_taskflow_operators.py
[2024-03-09T15:47:59.855+0530] {logging_mixin.py:188} INFO - [2024-03-09T15:47:59.854+0530] {dag.py:3047} INFO - Sync 1 DAGs
[2024-03-09T15:47:59.872+0530] {logging_mixin.py:188} INFO - [2024-03-09T15:47:59.871+0530] {dag.py:3834} INFO - Setting next_dagrun for example_dynamic_task_mapping_with_no_taskflow_operators to 2024-03-08 00:00:00+00:00, run_after=2024-03-09 00:00:00+00:00
[2024-03-09T15:47:59.911+0530] {processor.py:183} INFO - Processing /home/kai/.local/lib/python3.10/site-packages/airflow/example_dags/example_dynamic_task_mapping_with_no_taskflow_operators.py took 0.084 seconds
[2024-03-09T15:49:02.807+0530] {processor.py:161} INFO - Started process (PID=4963) to work on /home/kai/.local/lib/python3.10/site-packages/airflow/example_dags/example_dynamic_task_mapping_with_no_taskflow_operators.py
[2024-03-09T15:49:02.810+0530] {processor.py:830} INFO - Processing file /home/kai/.local/lib/python3.10/site-packages/airflow/example_dags/example_dynamic_task_mapping_with_no_taskflow_operators.py for tasks to queue
[2024-03-09T15:49:02.811+0530] {logging_mixin.py:188} INFO - [2024-03-09T15:49:02.811+0530] {dagbag.py:540} INFO - Filling up the DagBag from /home/kai/.local/lib/python3.10/site-packages/airflow/example_dags/example_dynamic_task_mapping_with_no_taskflow_operators.py
[2024-03-09T15:49:02.818+0530] {processor.py:840} INFO - DAG(s) 'example_dynamic_task_mapping_with_no_taskflow_operators' retrieved from /home/kai/.local/lib/python3.10/site-packages/airflow/example_dags/example_dynamic_task_mapping_with_no_taskflow_operators.py
[2024-03-09T15:49:02.833+0530] {logging_mixin.py:188} INFO - [2024-03-09T15:49:02.832+0530] {dag.py:3047} INFO - Sync 1 DAGs
[2024-03-09T15:49:02.851+0530] {logging_mixin.py:188} INFO - [2024-03-09T15:49:02.850+0530] {dag.py:3834} INFO - Setting next_dagrun for example_dynamic_task_mapping_with_no_taskflow_operators to 2024-03-08 00:00:00+00:00, run_after=2024-03-09 00:00:00+00:00
[2024-03-09T15:49:02.883+0530] {processor.py:183} INFO - Processing /home/kai/.local/lib/python3.10/site-packages/airflow/example_dags/example_dynamic_task_mapping_with_no_taskflow_operators.py took 0.080 seconds
[2024-03-09T15:49:54.577+0530] {processor.py:161} INFO - Started process (PID=5023) to work on /home/kai/.local/lib/python3.10/site-packages/airflow/example_dags/example_dynamic_task_mapping_with_no_taskflow_operators.py
[2024-03-09T15:49:54.580+0530] {processor.py:830} INFO - Processing file /home/kai/.local/lib/python3.10/site-packages/airflow/example_dags/example_dynamic_task_mapping_with_no_taskflow_operators.py for tasks to queue
[2024-03-09T15:49:54.581+0530] {logging_mixin.py:188} INFO - [2024-03-09T15:49:54.581+0530] {dagbag.py:540} INFO - Filling up the DagBag from /home/kai/.local/lib/python3.10/site-packages/airflow/example_dags/example_dynamic_task_mapping_with_no_taskflow_operators.py
[2024-03-09T15:49:54.589+0530] {processor.py:840} INFO - DAG(s) 'example_dynamic_task_mapping_with_no_taskflow_operators' retrieved from /home/kai/.local/lib/python3.10/site-packages/airflow/example_dags/example_dynamic_task_mapping_with_no_taskflow_operators.py
[2024-03-09T15:49:54.604+0530] {logging_mixin.py:188} INFO - [2024-03-09T15:49:54.603+0530] {dag.py:3047} INFO - Sync 1 DAGs
[2024-03-09T15:49:54.621+0530] {logging_mixin.py:188} INFO - [2024-03-09T15:49:54.620+0530] {dag.py:3834} INFO - Setting next_dagrun for example_dynamic_task_mapping_with_no_taskflow_operators to 2024-03-08 00:00:00+00:00, run_after=2024-03-09 00:00:00+00:00
[2024-03-09T15:49:54.652+0530] {processor.py:183} INFO - Processing /home/kai/.local/lib/python3.10/site-packages/airflow/example_dags/example_dynamic_task_mapping_with_no_taskflow_operators.py took 0.079 seconds
[2024-03-09T15:51:09.051+0530] {processor.py:161} INFO - Started process (PID=5101) to work on /home/kai/.local/lib/python3.10/site-packages/airflow/example_dags/example_dynamic_task_mapping_with_no_taskflow_operators.py
[2024-03-09T15:51:09.054+0530] {processor.py:830} INFO - Processing file /home/kai/.local/lib/python3.10/site-packages/airflow/example_dags/example_dynamic_task_mapping_with_no_taskflow_operators.py for tasks to queue
[2024-03-09T15:51:09.055+0530] {logging_mixin.py:188} INFO - [2024-03-09T15:51:09.055+0530] {dagbag.py:540} INFO - Filling up the DagBag from /home/kai/.local/lib/python3.10/site-packages/airflow/example_dags/example_dynamic_task_mapping_with_no_taskflow_operators.py
[2024-03-09T15:51:09.063+0530] {processor.py:840} INFO - DAG(s) 'example_dynamic_task_mapping_with_no_taskflow_operators' retrieved from /home/kai/.local/lib/python3.10/site-packages/airflow/example_dags/example_dynamic_task_mapping_with_no_taskflow_operators.py
[2024-03-09T15:51:09.077+0530] {logging_mixin.py:188} INFO - [2024-03-09T15:51:09.077+0530] {dag.py:3047} INFO - Sync 1 DAGs
[2024-03-09T15:51:09.095+0530] {logging_mixin.py:188} INFO - [2024-03-09T15:51:09.095+0530] {dag.py:3834} INFO - Setting next_dagrun for example_dynamic_task_mapping_with_no_taskflow_operators to 2024-03-08 00:00:00+00:00, run_after=2024-03-09 00:00:00+00:00
[2024-03-09T15:51:09.129+0530] {processor.py:183} INFO - Processing /home/kai/.local/lib/python3.10/site-packages/airflow/example_dags/example_dynamic_task_mapping_with_no_taskflow_operators.py took 0.082 seconds
[2024-03-09T15:52:02.069+0530] {processor.py:161} INFO - Started process (PID=5161) to work on /home/kai/.local/lib/python3.10/site-packages/airflow/example_dags/example_dynamic_task_mapping_with_no_taskflow_operators.py
[2024-03-09T15:52:02.072+0530] {processor.py:830} INFO - Processing file /home/kai/.local/lib/python3.10/site-packages/airflow/example_dags/example_dynamic_task_mapping_with_no_taskflow_operators.py for tasks to queue
[2024-03-09T15:52:02.073+0530] {logging_mixin.py:188} INFO - [2024-03-09T15:52:02.072+0530] {dagbag.py:540} INFO - Filling up the DagBag from /home/kai/.local/lib/python3.10/site-packages/airflow/example_dags/example_dynamic_task_mapping_with_no_taskflow_operators.py
[2024-03-09T15:52:02.081+0530] {processor.py:840} INFO - DAG(s) 'example_dynamic_task_mapping_with_no_taskflow_operators' retrieved from /home/kai/.local/lib/python3.10/site-packages/airflow/example_dags/example_dynamic_task_mapping_with_no_taskflow_operators.py
[2024-03-09T15:52:02.097+0530] {logging_mixin.py:188} INFO - [2024-03-09T15:52:02.097+0530] {dag.py:3047} INFO - Sync 1 DAGs
[2024-03-09T15:52:02.116+0530] {logging_mixin.py:188} INFO - [2024-03-09T15:52:02.116+0530] {dag.py:3834} INFO - Setting next_dagrun for example_dynamic_task_mapping_with_no_taskflow_operators to 2024-03-08 00:00:00+00:00, run_after=2024-03-09 00:00:00+00:00
[2024-03-09T15:52:02.150+0530] {processor.py:183} INFO - Processing /home/kai/.local/lib/python3.10/site-packages/airflow/example_dags/example_dynamic_task_mapping_with_no_taskflow_operators.py took 0.086 seconds
[2024-03-09T15:52:53.956+0530] {processor.py:161} INFO - Started process (PID=5213) to work on /home/kai/.local/lib/python3.10/site-packages/airflow/example_dags/example_dynamic_task_mapping_with_no_taskflow_operators.py
[2024-03-09T15:52:53.959+0530] {processor.py:830} INFO - Processing file /home/kai/.local/lib/python3.10/site-packages/airflow/example_dags/example_dynamic_task_mapping_with_no_taskflow_operators.py for tasks to queue
[2024-03-09T15:52:53.960+0530] {logging_mixin.py:188} INFO - [2024-03-09T15:52:53.960+0530] {dagbag.py:540} INFO - Filling up the DagBag from /home/kai/.local/lib/python3.10/site-packages/airflow/example_dags/example_dynamic_task_mapping_with_no_taskflow_operators.py
[2024-03-09T15:52:53.969+0530] {processor.py:840} INFO - DAG(s) 'example_dynamic_task_mapping_with_no_taskflow_operators' retrieved from /home/kai/.local/lib/python3.10/site-packages/airflow/example_dags/example_dynamic_task_mapping_with_no_taskflow_operators.py
[2024-03-09T15:52:53.983+0530] {logging_mixin.py:188} INFO - [2024-03-09T15:52:53.983+0530] {dag.py:3047} INFO - Sync 1 DAGs
[2024-03-09T15:52:54.000+0530] {logging_mixin.py:188} INFO - [2024-03-09T15:52:54.000+0530] {dag.py:3834} INFO - Setting next_dagrun for example_dynamic_task_mapping_with_no_taskflow_operators to 2024-03-08 00:00:00+00:00, run_after=2024-03-09 00:00:00+00:00
[2024-03-09T15:52:54.034+0530] {processor.py:183} INFO - Processing /home/kai/.local/lib/python3.10/site-packages/airflow/example_dags/example_dynamic_task_mapping_with_no_taskflow_operators.py took 0.082 seconds
[2024-03-09T15:53:46.107+0530] {processor.py:161} INFO - Started process (PID=5267) to work on /home/kai/.local/lib/python3.10/site-packages/airflow/example_dags/example_dynamic_task_mapping_with_no_taskflow_operators.py
[2024-03-09T15:53:46.108+0530] {processor.py:830} INFO - Processing file /home/kai/.local/lib/python3.10/site-packages/airflow/example_dags/example_dynamic_task_mapping_with_no_taskflow_operators.py for tasks to queue
[2024-03-09T15:53:46.109+0530] {logging_mixin.py:188} INFO - [2024-03-09T15:53:46.109+0530] {dagbag.py:540} INFO - Filling up the DagBag from /home/kai/.local/lib/python3.10/site-packages/airflow/example_dags/example_dynamic_task_mapping_with_no_taskflow_operators.py
[2024-03-09T15:53:46.116+0530] {processor.py:840} INFO - DAG(s) 'example_dynamic_task_mapping_with_no_taskflow_operators' retrieved from /home/kai/.local/lib/python3.10/site-packages/airflow/example_dags/example_dynamic_task_mapping_with_no_taskflow_operators.py
[2024-03-09T15:53:46.130+0530] {logging_mixin.py:188} INFO - [2024-03-09T15:53:46.130+0530] {dag.py:3047} INFO - Sync 1 DAGs
[2024-03-09T15:53:46.148+0530] {logging_mixin.py:188} INFO - [2024-03-09T15:53:46.148+0530] {dag.py:3834} INFO - Setting next_dagrun for example_dynamic_task_mapping_with_no_taskflow_operators to 2024-03-08 00:00:00+00:00, run_after=2024-03-09 00:00:00+00:00
[2024-03-09T15:53:46.180+0530] {processor.py:183} INFO - Processing /home/kai/.local/lib/python3.10/site-packages/airflow/example_dags/example_dynamic_task_mapping_with_no_taskflow_operators.py took 0.077 seconds
