[2024-03-09T15:44:23.305+0530] {processor.py:161} INFO - Started process (PID=4663) to work on /home/kai/.local/lib/python3.10/site-packages/airflow/example_dags/example_external_task_marker_dag.py
[2024-03-09T15:44:23.306+0530] {processor.py:830} INFO - Processing file /home/kai/.local/lib/python3.10/site-packages/airflow/example_dags/example_external_task_marker_dag.py for tasks to queue
[2024-03-09T15:44:23.307+0530] {logging_mixin.py:188} INFO - [2024-03-09T15:44:23.306+0530] {dagbag.py:540} INFO - Filling up the DagBag from /home/kai/.local/lib/python3.10/site-packages/airflow/example_dags/example_external_task_marker_dag.py
[2024-03-09T15:44:23.313+0530] {processor.py:840} INFO - DAG(s) 'example_external_task_marker_child', 'example_external_task_marker_parent' retrieved from /home/kai/.local/lib/python3.10/site-packages/airflow/example_dags/example_external_task_marker_dag.py
[2024-03-09T15:44:23.431+0530] {logging_mixin.py:188} INFO - [2024-03-09T15:44:23.430+0530] {override.py:1769} INFO - Created Permission View: can delete on DAG:example_external_task_marker_child
[2024-03-09T15:44:23.455+0530] {logging_mixin.py:188} INFO - [2024-03-09T15:44:23.454+0530] {override.py:1769} INFO - Created Permission View: can read on DAG:example_external_task_marker_child
[2024-03-09T15:44:23.477+0530] {logging_mixin.py:188} INFO - [2024-03-09T15:44:23.476+0530] {override.py:1769} INFO - Created Permission View: can edit on DAG:example_external_task_marker_child
[2024-03-09T15:44:23.533+0530] {logging_mixin.py:188} INFO - [2024-03-09T15:44:23.533+0530] {override.py:1769} INFO - Created Permission View: can delete on DAG:example_external_task_marker_parent
[2024-03-09T15:44:23.555+0530] {logging_mixin.py:188} INFO - [2024-03-09T15:44:23.555+0530] {override.py:1769} INFO - Created Permission View: can read on DAG:example_external_task_marker_parent
[2024-03-09T15:44:23.577+0530] {logging_mixin.py:188} INFO - [2024-03-09T15:44:23.577+0530] {override.py:1769} INFO - Created Permission View: can edit on DAG:example_external_task_marker_parent
[2024-03-09T15:44:23.578+0530] {logging_mixin.py:188} INFO - [2024-03-09T15:44:23.578+0530] {dag.py:3047} INFO - Sync 2 DAGs
[2024-03-09T15:44:23.668+0530] {logging_mixin.py:188} INFO - [2024-03-09T15:44:23.668+0530] {dag.py:3069} INFO - Creating ORM DAG for example_external_task_marker_parent
[2024-03-09T15:44:23.669+0530] {logging_mixin.py:188} INFO - [2024-03-09T15:44:23.669+0530] {dag.py:3069} INFO - Creating ORM DAG for example_external_task_marker_child
[2024-03-09T15:44:23.669+0530] {logging_mixin.py:188} INFO - [2024-03-09T15:44:23.669+0530] {dag.py:3834} INFO - Setting next_dagrun for example_external_task_marker_child to None, run_after=None
[2024-03-09T15:44:23.670+0530] {logging_mixin.py:188} INFO - [2024-03-09T15:44:23.670+0530] {dag.py:3834} INFO - Setting next_dagrun for example_external_task_marker_parent to None, run_after=None
[2024-03-09T15:44:23.715+0530] {processor.py:183} INFO - Processing /home/kai/.local/lib/python3.10/site-packages/airflow/example_dags/example_external_task_marker_dag.py took 0.413 seconds
[2024-03-09T15:45:24.185+0530] {processor.py:161} INFO - Started process (PID=4723) to work on /home/kai/.local/lib/python3.10/site-packages/airflow/example_dags/example_external_task_marker_dag.py
[2024-03-09T15:45:24.187+0530] {processor.py:830} INFO - Processing file /home/kai/.local/lib/python3.10/site-packages/airflow/example_dags/example_external_task_marker_dag.py for tasks to queue
[2024-03-09T15:45:24.188+0530] {logging_mixin.py:188} INFO - [2024-03-09T15:45:24.187+0530] {dagbag.py:540} INFO - Filling up the DagBag from /home/kai/.local/lib/python3.10/site-packages/airflow/example_dags/example_external_task_marker_dag.py
[2024-03-09T15:45:24.194+0530] {processor.py:840} INFO - DAG(s) 'example_external_task_marker_parent', 'example_external_task_marker_child' retrieved from /home/kai/.local/lib/python3.10/site-packages/airflow/example_dags/example_external_task_marker_dag.py
[2024-03-09T15:45:24.213+0530] {logging_mixin.py:188} INFO - [2024-03-09T15:45:24.212+0530] {dag.py:3047} INFO - Sync 2 DAGs
[2024-03-09T15:45:24.224+0530] {logging_mixin.py:188} INFO - [2024-03-09T15:45:24.223+0530] {dag.py:3834} INFO - Setting next_dagrun for example_external_task_marker_child to None, run_after=None
[2024-03-09T15:45:24.226+0530] {logging_mixin.py:188} INFO - [2024-03-09T15:45:24.226+0530] {dag.py:3834} INFO - Setting next_dagrun for example_external_task_marker_parent to None, run_after=None
[2024-03-09T15:45:24.263+0530] {processor.py:183} INFO - Processing /home/kai/.local/lib/python3.10/site-packages/airflow/example_dags/example_external_task_marker_dag.py took 0.082 seconds
[2024-03-09T15:46:18.905+0530] {processor.py:161} INFO - Started process (PID=4779) to work on /home/kai/.local/lib/python3.10/site-packages/airflow/example_dags/example_external_task_marker_dag.py
[2024-03-09T15:46:18.907+0530] {processor.py:830} INFO - Processing file /home/kai/.local/lib/python3.10/site-packages/airflow/example_dags/example_external_task_marker_dag.py for tasks to queue
[2024-03-09T15:46:18.908+0530] {logging_mixin.py:188} INFO - [2024-03-09T15:46:18.908+0530] {dagbag.py:540} INFO - Filling up the DagBag from /home/kai/.local/lib/python3.10/site-packages/airflow/example_dags/example_external_task_marker_dag.py
[2024-03-09T15:46:18.915+0530] {processor.py:840} INFO - DAG(s) 'example_external_task_marker_parent', 'example_external_task_marker_child' retrieved from /home/kai/.local/lib/python3.10/site-packages/airflow/example_dags/example_external_task_marker_dag.py
[2024-03-09T15:46:19.019+0530] {logging_mixin.py:188} INFO - [2024-03-09T15:46:19.019+0530] {dag.py:3047} INFO - Sync 2 DAGs
[2024-03-09T15:46:19.029+0530] {logging_mixin.py:188} INFO - [2024-03-09T15:46:19.028+0530] {dag.py:3834} INFO - Setting next_dagrun for example_external_task_marker_child to None, run_after=None
[2024-03-09T15:46:19.031+0530] {logging_mixin.py:188} INFO - [2024-03-09T15:46:19.031+0530] {dag.py:3834} INFO - Setting next_dagrun for example_external_task_marker_parent to None, run_after=None
[2024-03-09T15:46:19.068+0530] {processor.py:183} INFO - Processing /home/kai/.local/lib/python3.10/site-packages/airflow/example_dags/example_external_task_marker_dag.py took 0.166 seconds
[2024-03-09T15:47:20.928+0530] {processor.py:161} INFO - Started process (PID=4839) to work on /home/kai/.local/lib/python3.10/site-packages/airflow/example_dags/example_external_task_marker_dag.py
[2024-03-09T15:47:20.931+0530] {processor.py:830} INFO - Processing file /home/kai/.local/lib/python3.10/site-packages/airflow/example_dags/example_external_task_marker_dag.py for tasks to queue
[2024-03-09T15:47:20.932+0530] {logging_mixin.py:188} INFO - [2024-03-09T15:47:20.932+0530] {dagbag.py:540} INFO - Filling up the DagBag from /home/kai/.local/lib/python3.10/site-packages/airflow/example_dags/example_external_task_marker_dag.py
[2024-03-09T15:47:20.939+0530] {processor.py:840} INFO - DAG(s) 'example_external_task_marker_parent', 'example_external_task_marker_child' retrieved from /home/kai/.local/lib/python3.10/site-packages/airflow/example_dags/example_external_task_marker_dag.py
[2024-03-09T15:47:20.956+0530] {logging_mixin.py:188} INFO - [2024-03-09T15:47:20.956+0530] {dag.py:3047} INFO - Sync 2 DAGs
[2024-03-09T15:47:20.966+0530] {logging_mixin.py:188} INFO - [2024-03-09T15:47:20.966+0530] {dag.py:3834} INFO - Setting next_dagrun for example_external_task_marker_child to None, run_after=None
[2024-03-09T15:47:20.969+0530] {logging_mixin.py:188} INFO - [2024-03-09T15:47:20.969+0530] {dag.py:3834} INFO - Setting next_dagrun for example_external_task_marker_parent to None, run_after=None
[2024-03-09T15:47:21.000+0530] {processor.py:183} INFO - Processing /home/kai/.local/lib/python3.10/site-packages/airflow/example_dags/example_external_task_marker_dag.py took 0.075 seconds
[2024-03-09T15:48:31.238+0530] {processor.py:161} INFO - Started process (PID=4925) to work on /home/kai/.local/lib/python3.10/site-packages/airflow/example_dags/example_external_task_marker_dag.py
[2024-03-09T15:48:31.240+0530] {processor.py:830} INFO - Processing file /home/kai/.local/lib/python3.10/site-packages/airflow/example_dags/example_external_task_marker_dag.py for tasks to queue
[2024-03-09T15:48:31.241+0530] {logging_mixin.py:188} INFO - [2024-03-09T15:48:31.241+0530] {dagbag.py:540} INFO - Filling up the DagBag from /home/kai/.local/lib/python3.10/site-packages/airflow/example_dags/example_external_task_marker_dag.py
[2024-03-09T15:48:31.248+0530] {processor.py:840} INFO - DAG(s) 'example_external_task_marker_parent', 'example_external_task_marker_child' retrieved from /home/kai/.local/lib/python3.10/site-packages/airflow/example_dags/example_external_task_marker_dag.py
[2024-03-09T15:48:31.265+0530] {logging_mixin.py:188} INFO - [2024-03-09T15:48:31.265+0530] {dag.py:3047} INFO - Sync 2 DAGs
[2024-03-09T15:48:31.275+0530] {logging_mixin.py:188} INFO - [2024-03-09T15:48:31.275+0530] {dag.py:3834} INFO - Setting next_dagrun for example_external_task_marker_child to None, run_after=None
[2024-03-09T15:48:31.279+0530] {logging_mixin.py:188} INFO - [2024-03-09T15:48:31.279+0530] {dag.py:3834} INFO - Setting next_dagrun for example_external_task_marker_parent to None, run_after=None
[2024-03-09T15:48:31.311+0530] {processor.py:183} INFO - Processing /home/kai/.local/lib/python3.10/site-packages/airflow/example_dags/example_external_task_marker_dag.py took 0.076 seconds
[2024-03-09T15:49:20.998+0530] {processor.py:161} INFO - Started process (PID=4986) to work on /home/kai/.local/lib/python3.10/site-packages/airflow/example_dags/example_external_task_marker_dag.py
[2024-03-09T15:49:21.001+0530] {processor.py:830} INFO - Processing file /home/kai/.local/lib/python3.10/site-packages/airflow/example_dags/example_external_task_marker_dag.py for tasks to queue
[2024-03-09T15:49:21.002+0530] {logging_mixin.py:188} INFO - [2024-03-09T15:49:21.002+0530] {dagbag.py:540} INFO - Filling up the DagBag from /home/kai/.local/lib/python3.10/site-packages/airflow/example_dags/example_external_task_marker_dag.py
[2024-03-09T15:49:21.012+0530] {processor.py:840} INFO - DAG(s) 'example_external_task_marker_child', 'example_external_task_marker_parent' retrieved from /home/kai/.local/lib/python3.10/site-packages/airflow/example_dags/example_external_task_marker_dag.py
[2024-03-09T15:49:21.035+0530] {logging_mixin.py:188} INFO - [2024-03-09T15:49:21.035+0530] {dag.py:3047} INFO - Sync 2 DAGs
[2024-03-09T15:49:21.049+0530] {logging_mixin.py:188} INFO - [2024-03-09T15:49:21.048+0530] {dag.py:3834} INFO - Setting next_dagrun for example_external_task_marker_child to None, run_after=None
[2024-03-09T15:49:21.052+0530] {logging_mixin.py:188} INFO - [2024-03-09T15:49:21.052+0530] {dag.py:3834} INFO - Setting next_dagrun for example_external_task_marker_parent to None, run_after=None
[2024-03-09T15:49:21.088+0530] {processor.py:183} INFO - Processing /home/kai/.local/lib/python3.10/site-packages/airflow/example_dags/example_external_task_marker_dag.py took 0.093 seconds
[2024-03-09T15:50:32.657+0530] {processor.py:161} INFO - Started process (PID=5065) to work on /home/kai/.local/lib/python3.10/site-packages/airflow/example_dags/example_external_task_marker_dag.py
[2024-03-09T15:50:32.660+0530] {processor.py:830} INFO - Processing file /home/kai/.local/lib/python3.10/site-packages/airflow/example_dags/example_external_task_marker_dag.py for tasks to queue
[2024-03-09T15:50:32.661+0530] {logging_mixin.py:188} INFO - [2024-03-09T15:50:32.661+0530] {dagbag.py:540} INFO - Filling up the DagBag from /home/kai/.local/lib/python3.10/site-packages/airflow/example_dags/example_external_task_marker_dag.py
[2024-03-09T15:50:32.669+0530] {processor.py:840} INFO - DAG(s) 'example_external_task_marker_parent', 'example_external_task_marker_child' retrieved from /home/kai/.local/lib/python3.10/site-packages/airflow/example_dags/example_external_task_marker_dag.py
[2024-03-09T15:50:32.688+0530] {logging_mixin.py:188} INFO - [2024-03-09T15:50:32.687+0530] {dag.py:3047} INFO - Sync 2 DAGs
[2024-03-09T15:50:32.700+0530] {logging_mixin.py:188} INFO - [2024-03-09T15:50:32.700+0530] {dag.py:3834} INFO - Setting next_dagrun for example_external_task_marker_child to None, run_after=None
[2024-03-09T15:50:32.703+0530] {logging_mixin.py:188} INFO - [2024-03-09T15:50:32.703+0530] {dag.py:3834} INFO - Setting next_dagrun for example_external_task_marker_parent to None, run_after=None
[2024-03-09T15:50:32.739+0530] {processor.py:183} INFO - Processing /home/kai/.local/lib/python3.10/site-packages/airflow/example_dags/example_external_task_marker_dag.py took 0.086 seconds
[2024-03-09T15:51:28.530+0530] {processor.py:161} INFO - Started process (PID=5125) to work on /home/kai/.local/lib/python3.10/site-packages/airflow/example_dags/example_external_task_marker_dag.py
[2024-03-09T15:51:28.533+0530] {processor.py:830} INFO - Processing file /home/kai/.local/lib/python3.10/site-packages/airflow/example_dags/example_external_task_marker_dag.py for tasks to queue
[2024-03-09T15:51:28.534+0530] {logging_mixin.py:188} INFO - [2024-03-09T15:51:28.534+0530] {dagbag.py:540} INFO - Filling up the DagBag from /home/kai/.local/lib/python3.10/site-packages/airflow/example_dags/example_external_task_marker_dag.py
[2024-03-09T15:51:28.540+0530] {processor.py:840} INFO - DAG(s) 'example_external_task_marker_child', 'example_external_task_marker_parent' retrieved from /home/kai/.local/lib/python3.10/site-packages/airflow/example_dags/example_external_task_marker_dag.py
[2024-03-09T15:51:28.557+0530] {logging_mixin.py:188} INFO - [2024-03-09T15:51:28.557+0530] {dag.py:3047} INFO - Sync 2 DAGs
[2024-03-09T15:51:28.567+0530] {logging_mixin.py:188} INFO - [2024-03-09T15:51:28.567+0530] {dag.py:3834} INFO - Setting next_dagrun for example_external_task_marker_child to None, run_after=None
[2024-03-09T15:51:28.570+0530] {logging_mixin.py:188} INFO - [2024-03-09T15:51:28.570+0530] {dag.py:3834} INFO - Setting next_dagrun for example_external_task_marker_parent to None, run_after=None
[2024-03-09T15:51:28.604+0530] {processor.py:183} INFO - Processing /home/kai/.local/lib/python3.10/site-packages/airflow/example_dags/example_external_task_marker_dag.py took 0.077 seconds
[2024-03-09T15:52:20.308+0530] {processor.py:161} INFO - Started process (PID=5180) to work on /home/kai/.local/lib/python3.10/site-packages/airflow/example_dags/example_external_task_marker_dag.py
[2024-03-09T15:52:20.311+0530] {processor.py:830} INFO - Processing file /home/kai/.local/lib/python3.10/site-packages/airflow/example_dags/example_external_task_marker_dag.py for tasks to queue
[2024-03-09T15:52:20.313+0530] {logging_mixin.py:188} INFO - [2024-03-09T15:52:20.313+0530] {dagbag.py:540} INFO - Filling up the DagBag from /home/kai/.local/lib/python3.10/site-packages/airflow/example_dags/example_external_task_marker_dag.py
[2024-03-09T15:52:20.322+0530] {processor.py:840} INFO - DAG(s) 'example_external_task_marker_child', 'example_external_task_marker_parent' retrieved from /home/kai/.local/lib/python3.10/site-packages/airflow/example_dags/example_external_task_marker_dag.py
[2024-03-09T15:52:20.341+0530] {logging_mixin.py:188} INFO - [2024-03-09T15:52:20.341+0530] {dag.py:3047} INFO - Sync 2 DAGs
[2024-03-09T15:52:20.351+0530] {logging_mixin.py:188} INFO - [2024-03-09T15:52:20.351+0530] {dag.py:3834} INFO - Setting next_dagrun for example_external_task_marker_child to None, run_after=None
[2024-03-09T15:52:20.354+0530] {logging_mixin.py:188} INFO - [2024-03-09T15:52:20.354+0530] {dag.py:3834} INFO - Setting next_dagrun for example_external_task_marker_parent to None, run_after=None
[2024-03-09T15:52:20.391+0530] {processor.py:183} INFO - Processing /home/kai/.local/lib/python3.10/site-packages/airflow/example_dags/example_external_task_marker_dag.py took 0.088 seconds
[2024-03-09T15:53:12.249+0530] {processor.py:161} INFO - Started process (PID=5232) to work on /home/kai/.local/lib/python3.10/site-packages/airflow/example_dags/example_external_task_marker_dag.py
[2024-03-09T15:53:12.252+0530] {processor.py:830} INFO - Processing file /home/kai/.local/lib/python3.10/site-packages/airflow/example_dags/example_external_task_marker_dag.py for tasks to queue
[2024-03-09T15:53:12.253+0530] {logging_mixin.py:188} INFO - [2024-03-09T15:53:12.253+0530] {dagbag.py:540} INFO - Filling up the DagBag from /home/kai/.local/lib/python3.10/site-packages/airflow/example_dags/example_external_task_marker_dag.py
[2024-03-09T15:53:12.261+0530] {processor.py:840} INFO - DAG(s) 'example_external_task_marker_child', 'example_external_task_marker_parent' retrieved from /home/kai/.local/lib/python3.10/site-packages/airflow/example_dags/example_external_task_marker_dag.py
[2024-03-09T15:53:12.278+0530] {logging_mixin.py:188} INFO - [2024-03-09T15:53:12.278+0530] {dag.py:3047} INFO - Sync 2 DAGs
[2024-03-09T15:53:12.287+0530] {logging_mixin.py:188} INFO - [2024-03-09T15:53:12.287+0530] {dag.py:3834} INFO - Setting next_dagrun for example_external_task_marker_child to None, run_after=None
[2024-03-09T15:53:12.290+0530] {logging_mixin.py:188} INFO - [2024-03-09T15:53:12.290+0530] {dag.py:3834} INFO - Setting next_dagrun for example_external_task_marker_parent to None, run_after=None
[2024-03-09T15:53:12.323+0530] {processor.py:183} INFO - Processing /home/kai/.local/lib/python3.10/site-packages/airflow/example_dags/example_external_task_marker_dag.py took 0.078 seconds
[2024-03-09T15:54:06.441+0530] {processor.py:161} INFO - Started process (PID=5288) to work on /home/kai/.local/lib/python3.10/site-packages/airflow/example_dags/example_external_task_marker_dag.py
[2024-03-09T15:54:06.444+0530] {processor.py:830} INFO - Processing file /home/kai/.local/lib/python3.10/site-packages/airflow/example_dags/example_external_task_marker_dag.py for tasks to queue
[2024-03-09T15:54:06.445+0530] {logging_mixin.py:188} INFO - [2024-03-09T15:54:06.444+0530] {dagbag.py:540} INFO - Filling up the DagBag from /home/kai/.local/lib/python3.10/site-packages/airflow/example_dags/example_external_task_marker_dag.py
[2024-03-09T15:54:06.452+0530] {processor.py:840} INFO - DAG(s) 'example_external_task_marker_parent', 'example_external_task_marker_child' retrieved from /home/kai/.local/lib/python3.10/site-packages/airflow/example_dags/example_external_task_marker_dag.py
[2024-03-09T15:54:06.469+0530] {logging_mixin.py:188} INFO - [2024-03-09T15:54:06.469+0530] {dag.py:3047} INFO - Sync 2 DAGs
[2024-03-09T15:54:06.479+0530] {logging_mixin.py:188} INFO - [2024-03-09T15:54:06.479+0530] {dag.py:3834} INFO - Setting next_dagrun for example_external_task_marker_child to None, run_after=None
[2024-03-09T15:54:06.482+0530] {logging_mixin.py:188} INFO - [2024-03-09T15:54:06.482+0530] {dag.py:3834} INFO - Setting next_dagrun for example_external_task_marker_parent to None, run_after=None
[2024-03-09T15:54:06.514+0530] {processor.py:183} INFO - Processing /home/kai/.local/lib/python3.10/site-packages/airflow/example_dags/example_external_task_marker_dag.py took 0.077 seconds
