[2024-03-09T15:44:00.797+0530] {processor.py:161} INFO - Started process (PID=4645) to work on /home/kai/.local/lib/python3.10/site-packages/airflow/example_dags/example_python_operator.py
[2024-03-09T15:44:00.798+0530] {processor.py:830} INFO - Processing file /home/kai/.local/lib/python3.10/site-packages/airflow/example_dags/example_python_operator.py for tasks to queue
[2024-03-09T15:44:00.799+0530] {logging_mixin.py:188} INFO - [2024-03-09T15:44:00.799+0530] {dagbag.py:540} INFO - Filling up the DagBag from /home/kai/.local/lib/python3.10/site-packages/airflow/example_dags/example_python_operator.py
[2024-03-09T15:44:00.852+0530] {logging_mixin.py:188} INFO - [2024-03-09T15:44:00.852+0530] {example_python_operator.py:88} WARNING - The virtalenv_python example task requires virtualenv, please install it.
[2024-03-09T15:44:00.852+0530] {processor.py:840} INFO - DAG(s) 'example_python_operator' retrieved from /home/kai/.local/lib/python3.10/site-packages/airflow/example_dags/example_python_operator.py
[2024-03-09T15:44:00.977+0530] {logging_mixin.py:188} INFO - [2024-03-09T15:44:00.976+0530] {override.py:1769} INFO - Created Permission View: can delete on DAG:example_python_operator
[2024-03-09T15:44:01.014+0530] {logging_mixin.py:188} INFO - [2024-03-09T15:44:01.013+0530] {override.py:1769} INFO - Created Permission View: can read on DAG:example_python_operator
[2024-03-09T15:44:01.037+0530] {logging_mixin.py:188} INFO - [2024-03-09T15:44:01.036+0530] {override.py:1769} INFO - Created Permission View: can edit on DAG:example_python_operator
[2024-03-09T15:44:01.037+0530] {logging_mixin.py:188} INFO - [2024-03-09T15:44:01.037+0530] {dag.py:3047} INFO - Sync 1 DAGs
[2024-03-09T15:44:01.046+0530] {logging_mixin.py:188} INFO - [2024-03-09T15:44:01.045+0530] {dag.py:3069} INFO - Creating ORM DAG for example_python_operator
[2024-03-09T15:44:01.046+0530] {logging_mixin.py:188} INFO - [2024-03-09T15:44:01.046+0530] {dag.py:3834} INFO - Setting next_dagrun for example_python_operator to None, run_after=None
[2024-03-09T15:44:01.087+0530] {processor.py:183} INFO - Processing /home/kai/.local/lib/python3.10/site-packages/airflow/example_dags/example_python_operator.py took 0.293 seconds
[2024-03-09T15:45:02.504+0530] {processor.py:161} INFO - Started process (PID=4700) to work on /home/kai/.local/lib/python3.10/site-packages/airflow/example_dags/example_python_operator.py
[2024-03-09T15:45:02.507+0530] {processor.py:830} INFO - Processing file /home/kai/.local/lib/python3.10/site-packages/airflow/example_dags/example_python_operator.py for tasks to queue
[2024-03-09T15:45:02.508+0530] {logging_mixin.py:188} INFO - [2024-03-09T15:45:02.508+0530] {dagbag.py:540} INFO - Filling up the DagBag from /home/kai/.local/lib/python3.10/site-packages/airflow/example_dags/example_python_operator.py
[2024-03-09T15:45:02.558+0530] {logging_mixin.py:188} INFO - [2024-03-09T15:45:02.558+0530] {example_python_operator.py:88} WARNING - The virtalenv_python example task requires virtualenv, please install it.
[2024-03-09T15:45:02.558+0530] {processor.py:840} INFO - DAG(s) 'example_python_operator' retrieved from /home/kai/.local/lib/python3.10/site-packages/airflow/example_dags/example_python_operator.py
[2024-03-09T15:45:02.574+0530] {logging_mixin.py:188} INFO - [2024-03-09T15:45:02.574+0530] {dag.py:3047} INFO - Sync 1 DAGs
[2024-03-09T15:45:02.583+0530] {logging_mixin.py:188} INFO - [2024-03-09T15:45:02.583+0530] {dag.py:3834} INFO - Setting next_dagrun for example_python_operator to None, run_after=None
[2024-03-09T15:45:02.621+0530] {processor.py:183} INFO - Processing /home/kai/.local/lib/python3.10/site-packages/airflow/example_dags/example_python_operator.py took 0.120 seconds
[2024-03-09T15:45:58.073+0530] {processor.py:161} INFO - Started process (PID=4760) to work on /home/kai/.local/lib/python3.10/site-packages/airflow/example_dags/example_python_operator.py
[2024-03-09T15:45:58.076+0530] {processor.py:830} INFO - Processing file /home/kai/.local/lib/python3.10/site-packages/airflow/example_dags/example_python_operator.py for tasks to queue
[2024-03-09T15:45:58.077+0530] {logging_mixin.py:188} INFO - [2024-03-09T15:45:58.076+0530] {dagbag.py:540} INFO - Filling up the DagBag from /home/kai/.local/lib/python3.10/site-packages/airflow/example_dags/example_python_operator.py
[2024-03-09T15:45:58.124+0530] {logging_mixin.py:188} INFO - [2024-03-09T15:45:58.124+0530] {example_python_operator.py:88} WARNING - The virtalenv_python example task requires virtualenv, please install it.
[2024-03-09T15:45:58.125+0530] {processor.py:840} INFO - DAG(s) 'example_python_operator' retrieved from /home/kai/.local/lib/python3.10/site-packages/airflow/example_dags/example_python_operator.py
[2024-03-09T15:45:58.143+0530] {logging_mixin.py:188} INFO - [2024-03-09T15:45:58.143+0530] {dag.py:3047} INFO - Sync 1 DAGs
[2024-03-09T15:45:58.255+0530] {logging_mixin.py:188} INFO - [2024-03-09T15:45:58.255+0530] {dag.py:3834} INFO - Setting next_dagrun for example_python_operator to None, run_after=None
[2024-03-09T15:45:58.295+0530] {processor.py:183} INFO - Processing /home/kai/.local/lib/python3.10/site-packages/airflow/example_dags/example_python_operator.py took 0.226 seconds
[2024-03-09T15:46:50.664+0530] {processor.py:161} INFO - Started process (PID=4809) to work on /home/kai/.local/lib/python3.10/site-packages/airflow/example_dags/example_python_operator.py
[2024-03-09T15:46:50.667+0530] {processor.py:830} INFO - Processing file /home/kai/.local/lib/python3.10/site-packages/airflow/example_dags/example_python_operator.py for tasks to queue
[2024-03-09T15:46:50.668+0530] {logging_mixin.py:188} INFO - [2024-03-09T15:46:50.667+0530] {dagbag.py:540} INFO - Filling up the DagBag from /home/kai/.local/lib/python3.10/site-packages/airflow/example_dags/example_python_operator.py
[2024-03-09T15:46:50.718+0530] {logging_mixin.py:188} INFO - [2024-03-09T15:46:50.718+0530] {example_python_operator.py:88} WARNING - The virtalenv_python example task requires virtualenv, please install it.
[2024-03-09T15:46:50.718+0530] {processor.py:840} INFO - DAG(s) 'example_python_operator' retrieved from /home/kai/.local/lib/python3.10/site-packages/airflow/example_dags/example_python_operator.py
[2024-03-09T15:46:50.734+0530] {logging_mixin.py:188} INFO - [2024-03-09T15:46:50.734+0530] {dag.py:3047} INFO - Sync 1 DAGs
[2024-03-09T15:46:50.744+0530] {logging_mixin.py:188} INFO - [2024-03-09T15:46:50.744+0530] {dag.py:3834} INFO - Setting next_dagrun for example_python_operator to None, run_after=None
[2024-03-09T15:46:50.777+0530] {processor.py:183} INFO - Processing /home/kai/.local/lib/python3.10/site-packages/airflow/example_dags/example_python_operator.py took 0.117 seconds
[2024-03-09T15:47:34.294+0530] {processor.py:161} INFO - Started process (PID=4853) to work on /home/kai/.local/lib/python3.10/site-packages/airflow/example_dags/example_python_operator.py
[2024-03-09T15:47:34.297+0530] {processor.py:830} INFO - Processing file /home/kai/.local/lib/python3.10/site-packages/airflow/example_dags/example_python_operator.py for tasks to queue
[2024-03-09T15:47:34.298+0530] {logging_mixin.py:188} INFO - [2024-03-09T15:47:34.297+0530] {dagbag.py:540} INFO - Filling up the DagBag from /home/kai/.local/lib/python3.10/site-packages/airflow/example_dags/example_python_operator.py
[2024-03-09T15:47:34.348+0530] {logging_mixin.py:188} INFO - [2024-03-09T15:47:34.348+0530] {example_python_operator.py:88} WARNING - The virtalenv_python example task requires virtualenv, please install it.
[2024-03-09T15:47:34.349+0530] {processor.py:840} INFO - DAG(s) 'example_python_operator' retrieved from /home/kai/.local/lib/python3.10/site-packages/airflow/example_dags/example_python_operator.py
[2024-03-09T15:47:34.367+0530] {logging_mixin.py:188} INFO - [2024-03-09T15:47:34.367+0530] {dag.py:3047} INFO - Sync 1 DAGs
[2024-03-09T15:47:34.378+0530] {logging_mixin.py:188} INFO - [2024-03-09T15:47:34.378+0530] {dag.py:3834} INFO - Setting next_dagrun for example_python_operator to None, run_after=None
[2024-03-09T15:47:34.413+0530] {processor.py:183} INFO - Processing /home/kai/.local/lib/python3.10/site-packages/airflow/example_dags/example_python_operator.py took 0.123 seconds
[2024-03-09T15:48:48.631+0530] {processor.py:161} INFO - Started process (PID=4947) to work on /home/kai/.local/lib/python3.10/site-packages/airflow/example_dags/example_python_operator.py
[2024-03-09T15:48:48.634+0530] {processor.py:830} INFO - Processing file /home/kai/.local/lib/python3.10/site-packages/airflow/example_dags/example_python_operator.py for tasks to queue
[2024-03-09T15:48:48.635+0530] {logging_mixin.py:188} INFO - [2024-03-09T15:48:48.634+0530] {dagbag.py:540} INFO - Filling up the DagBag from /home/kai/.local/lib/python3.10/site-packages/airflow/example_dags/example_python_operator.py
[2024-03-09T15:48:48.694+0530] {logging_mixin.py:188} INFO - [2024-03-09T15:48:48.694+0530] {example_python_operator.py:88} WARNING - The virtalenv_python example task requires virtualenv, please install it.
[2024-03-09T15:48:48.695+0530] {processor.py:840} INFO - DAG(s) 'example_python_operator' retrieved from /home/kai/.local/lib/python3.10/site-packages/airflow/example_dags/example_python_operator.py
[2024-03-09T15:48:48.713+0530] {logging_mixin.py:188} INFO - [2024-03-09T15:48:48.712+0530] {dag.py:3047} INFO - Sync 1 DAGs
[2024-03-09T15:48:48.722+0530] {logging_mixin.py:188} INFO - [2024-03-09T15:48:48.722+0530] {dag.py:3834} INFO - Setting next_dagrun for example_python_operator to None, run_after=None
[2024-03-09T15:48:48.768+0530] {processor.py:183} INFO - Processing /home/kai/.local/lib/python3.10/site-packages/airflow/example_dags/example_python_operator.py took 0.140 seconds
[2024-03-09T15:49:34.816+0530] {processor.py:161} INFO - Started process (PID=5003) to work on /home/kai/.local/lib/python3.10/site-packages/airflow/example_dags/example_python_operator.py
[2024-03-09T15:49:34.819+0530] {processor.py:830} INFO - Processing file /home/kai/.local/lib/python3.10/site-packages/airflow/example_dags/example_python_operator.py for tasks to queue
[2024-03-09T15:49:34.820+0530] {logging_mixin.py:188} INFO - [2024-03-09T15:49:34.820+0530] {dagbag.py:540} INFO - Filling up the DagBag from /home/kai/.local/lib/python3.10/site-packages/airflow/example_dags/example_python_operator.py
[2024-03-09T15:49:34.871+0530] {logging_mixin.py:188} INFO - [2024-03-09T15:49:34.871+0530] {example_python_operator.py:88} WARNING - The virtalenv_python example task requires virtualenv, please install it.
[2024-03-09T15:49:34.872+0530] {processor.py:840} INFO - DAG(s) 'example_python_operator' retrieved from /home/kai/.local/lib/python3.10/site-packages/airflow/example_dags/example_python_operator.py
[2024-03-09T15:49:34.889+0530] {logging_mixin.py:188} INFO - [2024-03-09T15:49:34.888+0530] {dag.py:3047} INFO - Sync 1 DAGs
[2024-03-09T15:49:34.899+0530] {logging_mixin.py:188} INFO - [2024-03-09T15:49:34.898+0530] {dag.py:3834} INFO - Setting next_dagrun for example_python_operator to None, run_after=None
[2024-03-09T15:49:34.935+0530] {processor.py:183} INFO - Processing /home/kai/.local/lib/python3.10/site-packages/airflow/example_dags/example_python_operator.py took 0.122 seconds
[2024-03-09T15:50:54.584+0530] {processor.py:161} INFO - Started process (PID=5087) to work on /home/kai/.local/lib/python3.10/site-packages/airflow/example_dags/example_python_operator.py
[2024-03-09T15:50:54.587+0530] {processor.py:830} INFO - Processing file /home/kai/.local/lib/python3.10/site-packages/airflow/example_dags/example_python_operator.py for tasks to queue
[2024-03-09T15:50:54.588+0530] {logging_mixin.py:188} INFO - [2024-03-09T15:50:54.587+0530] {dagbag.py:540} INFO - Filling up the DagBag from /home/kai/.local/lib/python3.10/site-packages/airflow/example_dags/example_python_operator.py
[2024-03-09T15:50:54.671+0530] {logging_mixin.py:188} INFO - [2024-03-09T15:50:54.671+0530] {example_python_operator.py:88} WARNING - The virtalenv_python example task requires virtualenv, please install it.
[2024-03-09T15:50:54.672+0530] {processor.py:840} INFO - DAG(s) 'example_python_operator' retrieved from /home/kai/.local/lib/python3.10/site-packages/airflow/example_dags/example_python_operator.py
[2024-03-09T15:50:54.692+0530] {logging_mixin.py:188} INFO - [2024-03-09T15:50:54.691+0530] {dag.py:3047} INFO - Sync 1 DAGs
[2024-03-09T15:50:54.703+0530] {logging_mixin.py:188} INFO - [2024-03-09T15:50:54.702+0530] {dag.py:3834} INFO - Setting next_dagrun for example_python_operator to None, run_after=None
[2024-03-09T15:50:54.739+0530] {processor.py:183} INFO - Processing /home/kai/.local/lib/python3.10/site-packages/airflow/example_dags/example_python_operator.py took 0.158 seconds
[2024-03-09T15:51:42.051+0530] {processor.py:161} INFO - Started process (PID=5139) to work on /home/kai/.local/lib/python3.10/site-packages/airflow/example_dags/example_python_operator.py
[2024-03-09T15:51:42.052+0530] {processor.py:830} INFO - Processing file /home/kai/.local/lib/python3.10/site-packages/airflow/example_dags/example_python_operator.py for tasks to queue
[2024-03-09T15:51:42.053+0530] {logging_mixin.py:188} INFO - [2024-03-09T15:51:42.053+0530] {dagbag.py:540} INFO - Filling up the DagBag from /home/kai/.local/lib/python3.10/site-packages/airflow/example_dags/example_python_operator.py
[2024-03-09T15:51:42.092+0530] {logging_mixin.py:188} INFO - [2024-03-09T15:51:42.092+0530] {example_python_operator.py:88} WARNING - The virtalenv_python example task requires virtualenv, please install it.
[2024-03-09T15:51:42.093+0530] {processor.py:840} INFO - DAG(s) 'example_python_operator' retrieved from /home/kai/.local/lib/python3.10/site-packages/airflow/example_dags/example_python_operator.py
[2024-03-09T15:51:42.109+0530] {logging_mixin.py:188} INFO - [2024-03-09T15:51:42.109+0530] {dag.py:3047} INFO - Sync 1 DAGs
[2024-03-09T15:51:42.119+0530] {logging_mixin.py:188} INFO - [2024-03-09T15:51:42.118+0530] {dag.py:3834} INFO - Setting next_dagrun for example_python_operator to None, run_after=None
[2024-03-09T15:51:42.153+0530] {processor.py:183} INFO - Processing /home/kai/.local/lib/python3.10/site-packages/airflow/example_dags/example_python_operator.py took 0.106 seconds
[2024-03-09T15:52:33.082+0530] {processor.py:161} INFO - Started process (PID=5193) to work on /home/kai/.local/lib/python3.10/site-packages/airflow/example_dags/example_python_operator.py
[2024-03-09T15:52:33.085+0530] {processor.py:830} INFO - Processing file /home/kai/.local/lib/python3.10/site-packages/airflow/example_dags/example_python_operator.py for tasks to queue
[2024-03-09T15:52:33.086+0530] {logging_mixin.py:188} INFO - [2024-03-09T15:52:33.086+0530] {dagbag.py:540} INFO - Filling up the DagBag from /home/kai/.local/lib/python3.10/site-packages/airflow/example_dags/example_python_operator.py
[2024-03-09T15:52:33.136+0530] {logging_mixin.py:188} INFO - [2024-03-09T15:52:33.135+0530] {example_python_operator.py:88} WARNING - The virtalenv_python example task requires virtualenv, please install it.
[2024-03-09T15:52:33.136+0530] {processor.py:840} INFO - DAG(s) 'example_python_operator' retrieved from /home/kai/.local/lib/python3.10/site-packages/airflow/example_dags/example_python_operator.py
[2024-03-09T15:52:33.153+0530] {logging_mixin.py:188} INFO - [2024-03-09T15:52:33.153+0530] {dag.py:3047} INFO - Sync 1 DAGs
[2024-03-09T15:52:33.163+0530] {logging_mixin.py:188} INFO - [2024-03-09T15:52:33.162+0530] {dag.py:3834} INFO - Setting next_dagrun for example_python_operator to None, run_after=None
[2024-03-09T15:52:33.204+0530] {processor.py:183} INFO - Processing /home/kai/.local/lib/python3.10/site-packages/airflow/example_dags/example_python_operator.py took 0.126 seconds
[2024-03-09T15:53:27.253+0530] {processor.py:161} INFO - Started process (PID=5246) to work on /home/kai/.local/lib/python3.10/site-packages/airflow/example_dags/example_python_operator.py
[2024-03-09T15:53:27.256+0530] {processor.py:830} INFO - Processing file /home/kai/.local/lib/python3.10/site-packages/airflow/example_dags/example_python_operator.py for tasks to queue
[2024-03-09T15:53:27.257+0530] {logging_mixin.py:188} INFO - [2024-03-09T15:53:27.257+0530] {dagbag.py:540} INFO - Filling up the DagBag from /home/kai/.local/lib/python3.10/site-packages/airflow/example_dags/example_python_operator.py
[2024-03-09T15:53:27.308+0530] {logging_mixin.py:188} INFO - [2024-03-09T15:53:27.307+0530] {example_python_operator.py:88} WARNING - The virtalenv_python example task requires virtualenv, please install it.
[2024-03-09T15:53:27.308+0530] {processor.py:840} INFO - DAG(s) 'example_python_operator' retrieved from /home/kai/.local/lib/python3.10/site-packages/airflow/example_dags/example_python_operator.py
[2024-03-09T15:53:27.324+0530] {logging_mixin.py:188} INFO - [2024-03-09T15:53:27.324+0530] {dag.py:3047} INFO - Sync 1 DAGs
[2024-03-09T15:53:27.334+0530] {logging_mixin.py:188} INFO - [2024-03-09T15:53:27.334+0530] {dag.py:3834} INFO - Setting next_dagrun for example_python_operator to None, run_after=None
[2024-03-09T15:53:27.381+0530] {processor.py:183} INFO - Processing /home/kai/.local/lib/python3.10/site-packages/airflow/example_dags/example_python_operator.py took 0.130 seconds
[2024-03-09T15:54:20.032+0530] {processor.py:161} INFO - Started process (PID=5303) to work on /home/kai/.local/lib/python3.10/site-packages/airflow/example_dags/example_python_operator.py
[2024-03-09T15:54:20.035+0530] {processor.py:830} INFO - Processing file /home/kai/.local/lib/python3.10/site-packages/airflow/example_dags/example_python_operator.py for tasks to queue
[2024-03-09T15:54:20.036+0530] {logging_mixin.py:188} INFO - [2024-03-09T15:54:20.036+0530] {dagbag.py:540} INFO - Filling up the DagBag from /home/kai/.local/lib/python3.10/site-packages/airflow/example_dags/example_python_operator.py
[2024-03-09T15:54:20.089+0530] {logging_mixin.py:188} INFO - [2024-03-09T15:54:20.088+0530] {example_python_operator.py:88} WARNING - The virtalenv_python example task requires virtualenv, please install it.
[2024-03-09T15:54:20.089+0530] {processor.py:840} INFO - DAG(s) 'example_python_operator' retrieved from /home/kai/.local/lib/python3.10/site-packages/airflow/example_dags/example_python_operator.py
[2024-03-09T15:54:20.105+0530] {logging_mixin.py:188} INFO - [2024-03-09T15:54:20.105+0530] {dag.py:3047} INFO - Sync 1 DAGs
[2024-03-09T15:54:20.115+0530] {logging_mixin.py:188} INFO - [2024-03-09T15:54:20.115+0530] {dag.py:3834} INFO - Setting next_dagrun for example_python_operator to None, run_after=None
[2024-03-09T15:54:20.150+0530] {processor.py:183} INFO - Processing /home/kai/.local/lib/python3.10/site-packages/airflow/example_dags/example_python_operator.py took 0.123 seconds
