[2024-03-09T15:43:53.973+0530] {processor.py:161} INFO - Started process (PID=4640) to work on /home/kai/.local/lib/python3.10/site-packages/airflow/example_dags/example_short_circuit_decorator.py
[2024-03-09T15:43:53.974+0530] {processor.py:830} INFO - Processing file /home/kai/.local/lib/python3.10/site-packages/airflow/example_dags/example_short_circuit_decorator.py for tasks to queue
[2024-03-09T15:43:53.975+0530] {logging_mixin.py:188} INFO - [2024-03-09T15:43:53.975+0530] {dagbag.py:540} INFO - Filling up the DagBag from /home/kai/.local/lib/python3.10/site-packages/airflow/example_dags/example_short_circuit_decorator.py
[2024-03-09T15:43:53.984+0530] {processor.py:840} INFO - DAG(s) 'example_short_circuit_decorator' retrieved from /home/kai/.local/lib/python3.10/site-packages/airflow/example_dags/example_short_circuit_decorator.py
[2024-03-09T15:43:54.116+0530] {logging_mixin.py:188} INFO - [2024-03-09T15:43:54.115+0530] {override.py:1769} INFO - Created Permission View: can delete on DAG:example_short_circuit_decorator
[2024-03-09T15:43:54.141+0530] {logging_mixin.py:188} INFO - [2024-03-09T15:43:54.140+0530] {override.py:1769} INFO - Created Permission View: can read on DAG:example_short_circuit_decorator
[2024-03-09T15:43:54.163+0530] {logging_mixin.py:188} INFO - [2024-03-09T15:43:54.162+0530] {override.py:1769} INFO - Created Permission View: can edit on DAG:example_short_circuit_decorator
[2024-03-09T15:43:54.163+0530] {logging_mixin.py:188} INFO - [2024-03-09T15:43:54.163+0530] {dag.py:3047} INFO - Sync 1 DAGs
[2024-03-09T15:43:54.171+0530] {logging_mixin.py:188} INFO - [2024-03-09T15:43:54.171+0530] {dag.py:3069} INFO - Creating ORM DAG for example_short_circuit_decorator
[2024-03-09T15:43:54.179+0530] {logging_mixin.py:188} INFO - [2024-03-09T15:43:54.179+0530] {dag.py:3834} INFO - Setting next_dagrun for example_short_circuit_decorator to 2024-03-08 00:00:00+00:00, run_after=2024-03-09 00:00:00+00:00
[2024-03-09T15:43:54.310+0530] {processor.py:183} INFO - Processing /home/kai/.local/lib/python3.10/site-packages/airflow/example_dags/example_short_circuit_decorator.py took 0.340 seconds
[2024-03-09T15:44:57.626+0530] {processor.py:161} INFO - Started process (PID=4695) to work on /home/kai/.local/lib/python3.10/site-packages/airflow/example_dags/example_short_circuit_decorator.py
[2024-03-09T15:44:57.638+0530] {processor.py:830} INFO - Processing file /home/kai/.local/lib/python3.10/site-packages/airflow/example_dags/example_short_circuit_decorator.py for tasks to queue
[2024-03-09T15:44:57.639+0530] {logging_mixin.py:188} INFO - [2024-03-09T15:44:57.639+0530] {dagbag.py:540} INFO - Filling up the DagBag from /home/kai/.local/lib/python3.10/site-packages/airflow/example_dags/example_short_circuit_decorator.py
[2024-03-09T15:44:57.669+0530] {processor.py:840} INFO - DAG(s) 'example_short_circuit_decorator' retrieved from /home/kai/.local/lib/python3.10/site-packages/airflow/example_dags/example_short_circuit_decorator.py
[2024-03-09T15:44:57.724+0530] {logging_mixin.py:188} INFO - [2024-03-09T15:44:57.724+0530] {dag.py:3047} INFO - Sync 1 DAGs
[2024-03-09T15:44:57.752+0530] {logging_mixin.py:188} INFO - [2024-03-09T15:44:57.752+0530] {dag.py:3834} INFO - Setting next_dagrun for example_short_circuit_decorator to 2024-03-08 00:00:00+00:00, run_after=2024-03-09 00:00:00+00:00
[2024-03-09T15:44:57.807+0530] {processor.py:183} INFO - Processing /home/kai/.local/lib/python3.10/site-packages/airflow/example_dags/example_short_circuit_decorator.py took 0.203 seconds
[2024-03-09T15:45:51.715+0530] {processor.py:161} INFO - Started process (PID=4755) to work on /home/kai/.local/lib/python3.10/site-packages/airflow/example_dags/example_short_circuit_decorator.py
[2024-03-09T15:45:51.717+0530] {processor.py:830} INFO - Processing file /home/kai/.local/lib/python3.10/site-packages/airflow/example_dags/example_short_circuit_decorator.py for tasks to queue
[2024-03-09T15:45:51.718+0530] {logging_mixin.py:188} INFO - [2024-03-09T15:45:51.718+0530] {dagbag.py:540} INFO - Filling up the DagBag from /home/kai/.local/lib/python3.10/site-packages/airflow/example_dags/example_short_circuit_decorator.py
[2024-03-09T15:45:51.727+0530] {processor.py:840} INFO - DAG(s) 'example_short_circuit_decorator' retrieved from /home/kai/.local/lib/python3.10/site-packages/airflow/example_dags/example_short_circuit_decorator.py
[2024-03-09T15:45:51.744+0530] {logging_mixin.py:188} INFO - [2024-03-09T15:45:51.744+0530] {dag.py:3047} INFO - Sync 1 DAGs
[2024-03-09T15:45:51.875+0530] {logging_mixin.py:188} INFO - [2024-03-09T15:45:51.875+0530] {dag.py:3834} INFO - Setting next_dagrun for example_short_circuit_decorator to 2024-03-08 00:00:00+00:00, run_after=2024-03-09 00:00:00+00:00
[2024-03-09T15:45:51.908+0530] {processor.py:183} INFO - Processing /home/kai/.local/lib/python3.10/site-packages/airflow/example_dags/example_short_circuit_decorator.py took 0.198 seconds
[2024-03-09T15:46:40.405+0530] {processor.py:161} INFO - Started process (PID=4799) to work on /home/kai/.local/lib/python3.10/site-packages/airflow/example_dags/example_short_circuit_decorator.py
[2024-03-09T15:46:40.407+0530] {processor.py:830} INFO - Processing file /home/kai/.local/lib/python3.10/site-packages/airflow/example_dags/example_short_circuit_decorator.py for tasks to queue
[2024-03-09T15:46:40.408+0530] {logging_mixin.py:188} INFO - [2024-03-09T15:46:40.408+0530] {dagbag.py:540} INFO - Filling up the DagBag from /home/kai/.local/lib/python3.10/site-packages/airflow/example_dags/example_short_circuit_decorator.py
[2024-03-09T15:46:40.420+0530] {processor.py:840} INFO - DAG(s) 'example_short_circuit_decorator' retrieved from /home/kai/.local/lib/python3.10/site-packages/airflow/example_dags/example_short_circuit_decorator.py
[2024-03-09T15:46:40.438+0530] {logging_mixin.py:188} INFO - [2024-03-09T15:46:40.438+0530] {dag.py:3047} INFO - Sync 1 DAGs
[2024-03-09T15:46:40.461+0530] {logging_mixin.py:188} INFO - [2024-03-09T15:46:40.460+0530] {dag.py:3834} INFO - Setting next_dagrun for example_short_circuit_decorator to 2024-03-08 00:00:00+00:00, run_after=2024-03-09 00:00:00+00:00
[2024-03-09T15:46:40.501+0530] {processor.py:183} INFO - Processing /home/kai/.local/lib/python3.10/site-packages/airflow/example_dags/example_short_circuit_decorator.py took 0.099 seconds
[2024-03-09T15:47:29.761+0530] {processor.py:161} INFO - Started process (PID=4848) to work on /home/kai/.local/lib/python3.10/site-packages/airflow/example_dags/example_short_circuit_decorator.py
[2024-03-09T15:47:29.764+0530] {processor.py:830} INFO - Processing file /home/kai/.local/lib/python3.10/site-packages/airflow/example_dags/example_short_circuit_decorator.py for tasks to queue
[2024-03-09T15:47:29.766+0530] {logging_mixin.py:188} INFO - [2024-03-09T15:47:29.765+0530] {dagbag.py:540} INFO - Filling up the DagBag from /home/kai/.local/lib/python3.10/site-packages/airflow/example_dags/example_short_circuit_decorator.py
[2024-03-09T15:47:29.778+0530] {processor.py:840} INFO - DAG(s) 'example_short_circuit_decorator' retrieved from /home/kai/.local/lib/python3.10/site-packages/airflow/example_dags/example_short_circuit_decorator.py
[2024-03-09T15:47:29.795+0530] {logging_mixin.py:188} INFO - [2024-03-09T15:47:29.794+0530] {dag.py:3047} INFO - Sync 1 DAGs
[2024-03-09T15:47:29.812+0530] {logging_mixin.py:188} INFO - [2024-03-09T15:47:29.811+0530] {dag.py:3834} INFO - Setting next_dagrun for example_short_circuit_decorator to 2024-03-08 00:00:00+00:00, run_after=2024-03-09 00:00:00+00:00
[2024-03-09T15:47:29.846+0530] {processor.py:183} INFO - Processing /home/kai/.local/lib/python3.10/site-packages/airflow/example_dags/example_short_circuit_decorator.py took 0.089 seconds
[2024-03-09T15:48:28.565+0530] {processor.py:161} INFO - Started process (PID=4921) to work on /home/kai/.local/lib/python3.10/site-packages/airflow/example_dags/example_short_circuit_decorator.py
[2024-03-09T15:48:28.568+0530] {processor.py:830} INFO - Processing file /home/kai/.local/lib/python3.10/site-packages/airflow/example_dags/example_short_circuit_decorator.py for tasks to queue
[2024-03-09T15:48:28.569+0530] {logging_mixin.py:188} INFO - [2024-03-09T15:48:28.569+0530] {dagbag.py:540} INFO - Filling up the DagBag from /home/kai/.local/lib/python3.10/site-packages/airflow/example_dags/example_short_circuit_decorator.py
[2024-03-09T15:48:28.579+0530] {processor.py:840} INFO - DAG(s) 'example_short_circuit_decorator' retrieved from /home/kai/.local/lib/python3.10/site-packages/airflow/example_dags/example_short_circuit_decorator.py
[2024-03-09T15:48:28.596+0530] {logging_mixin.py:188} INFO - [2024-03-09T15:48:28.596+0530] {dag.py:3047} INFO - Sync 1 DAGs
[2024-03-09T15:48:28.614+0530] {logging_mixin.py:188} INFO - [2024-03-09T15:48:28.614+0530] {dag.py:3834} INFO - Setting next_dagrun for example_short_circuit_decorator to 2024-03-08 00:00:00+00:00, run_after=2024-03-09 00:00:00+00:00
[2024-03-09T15:48:28.647+0530] {processor.py:183} INFO - Processing /home/kai/.local/lib/python3.10/site-packages/airflow/example_dags/example_short_circuit_decorator.py took 0.085 seconds
[2024-03-09T15:49:18.139+0530] {processor.py:161} INFO - Started process (PID=4982) to work on /home/kai/.local/lib/python3.10/site-packages/airflow/example_dags/example_short_circuit_decorator.py
[2024-03-09T15:49:18.141+0530] {processor.py:830} INFO - Processing file /home/kai/.local/lib/python3.10/site-packages/airflow/example_dags/example_short_circuit_decorator.py for tasks to queue
[2024-03-09T15:49:18.142+0530] {logging_mixin.py:188} INFO - [2024-03-09T15:49:18.142+0530] {dagbag.py:540} INFO - Filling up the DagBag from /home/kai/.local/lib/python3.10/site-packages/airflow/example_dags/example_short_circuit_decorator.py
[2024-03-09T15:49:18.151+0530] {processor.py:840} INFO - DAG(s) 'example_short_circuit_decorator' retrieved from /home/kai/.local/lib/python3.10/site-packages/airflow/example_dags/example_short_circuit_decorator.py
[2024-03-09T15:49:18.168+0530] {logging_mixin.py:188} INFO - [2024-03-09T15:49:18.168+0530] {dag.py:3047} INFO - Sync 1 DAGs
[2024-03-09T15:49:18.187+0530] {logging_mixin.py:188} INFO - [2024-03-09T15:49:18.187+0530] {dag.py:3834} INFO - Setting next_dagrun for example_short_circuit_decorator to 2024-03-08 00:00:00+00:00, run_after=2024-03-09 00:00:00+00:00
[2024-03-09T15:49:18.221+0530] {processor.py:183} INFO - Processing /home/kai/.local/lib/python3.10/site-packages/airflow/example_dags/example_short_circuit_decorator.py took 0.086 seconds
[2024-03-09T15:50:26.371+0530] {processor.py:161} INFO - Started process (PID=5058) to work on /home/kai/.local/lib/python3.10/site-packages/airflow/example_dags/example_short_circuit_decorator.py
[2024-03-09T15:50:26.373+0530] {processor.py:830} INFO - Processing file /home/kai/.local/lib/python3.10/site-packages/airflow/example_dags/example_short_circuit_decorator.py for tasks to queue
[2024-03-09T15:50:26.374+0530] {logging_mixin.py:188} INFO - [2024-03-09T15:50:26.374+0530] {dagbag.py:540} INFO - Filling up the DagBag from /home/kai/.local/lib/python3.10/site-packages/airflow/example_dags/example_short_circuit_decorator.py
[2024-03-09T15:50:26.387+0530] {processor.py:840} INFO - DAG(s) 'example_short_circuit_decorator' retrieved from /home/kai/.local/lib/python3.10/site-packages/airflow/example_dags/example_short_circuit_decorator.py
[2024-03-09T15:50:26.407+0530] {logging_mixin.py:188} INFO - [2024-03-09T15:50:26.407+0530] {dag.py:3047} INFO - Sync 1 DAGs
[2024-03-09T15:50:26.427+0530] {logging_mixin.py:188} INFO - [2024-03-09T15:50:26.427+0530] {dag.py:3834} INFO - Setting next_dagrun for example_short_circuit_decorator to 2024-03-08 00:00:00+00:00, run_after=2024-03-09 00:00:00+00:00
[2024-03-09T15:50:26.468+0530] {processor.py:183} INFO - Processing /home/kai/.local/lib/python3.10/site-packages/airflow/example_dags/example_short_circuit_decorator.py took 0.104 seconds
[2024-03-09T15:51:25.660+0530] {processor.py:161} INFO - Started process (PID=5121) to work on /home/kai/.local/lib/python3.10/site-packages/airflow/example_dags/example_short_circuit_decorator.py
[2024-03-09T15:51:25.663+0530] {processor.py:830} INFO - Processing file /home/kai/.local/lib/python3.10/site-packages/airflow/example_dags/example_short_circuit_decorator.py for tasks to queue
[2024-03-09T15:51:25.664+0530] {logging_mixin.py:188} INFO - [2024-03-09T15:51:25.664+0530] {dagbag.py:540} INFO - Filling up the DagBag from /home/kai/.local/lib/python3.10/site-packages/airflow/example_dags/example_short_circuit_decorator.py
[2024-03-09T15:51:25.678+0530] {processor.py:840} INFO - DAG(s) 'example_short_circuit_decorator' retrieved from /home/kai/.local/lib/python3.10/site-packages/airflow/example_dags/example_short_circuit_decorator.py
[2024-03-09T15:51:25.702+0530] {logging_mixin.py:188} INFO - [2024-03-09T15:51:25.702+0530] {dag.py:3047} INFO - Sync 1 DAGs
[2024-03-09T15:51:25.732+0530] {logging_mixin.py:188} INFO - [2024-03-09T15:51:25.731+0530] {dag.py:3834} INFO - Setting next_dagrun for example_short_circuit_decorator to 2024-03-08 00:00:00+00:00, run_after=2024-03-09 00:00:00+00:00
[2024-03-09T15:51:25.772+0530] {processor.py:183} INFO - Processing /home/kai/.local/lib/python3.10/site-packages/airflow/example_dags/example_short_circuit_decorator.py took 0.118 seconds
[2024-03-09T15:52:16.332+0530] {processor.py:161} INFO - Started process (PID=5176) to work on /home/kai/.local/lib/python3.10/site-packages/airflow/example_dags/example_short_circuit_decorator.py
[2024-03-09T15:52:16.334+0530] {processor.py:830} INFO - Processing file /home/kai/.local/lib/python3.10/site-packages/airflow/example_dags/example_short_circuit_decorator.py for tasks to queue
[2024-03-09T15:52:16.335+0530] {logging_mixin.py:188} INFO - [2024-03-09T15:52:16.335+0530] {dagbag.py:540} INFO - Filling up the DagBag from /home/kai/.local/lib/python3.10/site-packages/airflow/example_dags/example_short_circuit_decorator.py
[2024-03-09T15:52:16.345+0530] {processor.py:840} INFO - DAG(s) 'example_short_circuit_decorator' retrieved from /home/kai/.local/lib/python3.10/site-packages/airflow/example_dags/example_short_circuit_decorator.py
[2024-03-09T15:52:16.362+0530] {logging_mixin.py:188} INFO - [2024-03-09T15:52:16.362+0530] {dag.py:3047} INFO - Sync 1 DAGs
[2024-03-09T15:52:16.379+0530] {logging_mixin.py:188} INFO - [2024-03-09T15:52:16.379+0530] {dag.py:3834} INFO - Setting next_dagrun for example_short_circuit_decorator to 2024-03-08 00:00:00+00:00, run_after=2024-03-09 00:00:00+00:00
[2024-03-09T15:52:16.413+0530] {processor.py:183} INFO - Processing /home/kai/.local/lib/python3.10/site-packages/airflow/example_dags/example_short_circuit_decorator.py took 0.085 seconds
[2024-03-09T15:53:08.296+0530] {processor.py:161} INFO - Started process (PID=5228) to work on /home/kai/.local/lib/python3.10/site-packages/airflow/example_dags/example_short_circuit_decorator.py
[2024-03-09T15:53:08.298+0530] {processor.py:830} INFO - Processing file /home/kai/.local/lib/python3.10/site-packages/airflow/example_dags/example_short_circuit_decorator.py for tasks to queue
[2024-03-09T15:53:08.299+0530] {logging_mixin.py:188} INFO - [2024-03-09T15:53:08.299+0530] {dagbag.py:540} INFO - Filling up the DagBag from /home/kai/.local/lib/python3.10/site-packages/airflow/example_dags/example_short_circuit_decorator.py
[2024-03-09T15:53:08.309+0530] {processor.py:840} INFO - DAG(s) 'example_short_circuit_decorator' retrieved from /home/kai/.local/lib/python3.10/site-packages/airflow/example_dags/example_short_circuit_decorator.py
[2024-03-09T15:53:08.327+0530] {logging_mixin.py:188} INFO - [2024-03-09T15:53:08.327+0530] {dag.py:3047} INFO - Sync 1 DAGs
[2024-03-09T15:53:08.345+0530] {logging_mixin.py:188} INFO - [2024-03-09T15:53:08.345+0530] {dag.py:3834} INFO - Setting next_dagrun for example_short_circuit_decorator to 2024-03-08 00:00:00+00:00, run_after=2024-03-09 00:00:00+00:00
[2024-03-09T15:53:08.380+0530] {processor.py:183} INFO - Processing /home/kai/.local/lib/python3.10/site-packages/airflow/example_dags/example_short_circuit_decorator.py took 0.088 seconds
[2024-03-09T15:54:02.020+0530] {processor.py:161} INFO - Started process (PID=5284) to work on /home/kai/.local/lib/python3.10/site-packages/airflow/example_dags/example_short_circuit_decorator.py
[2024-03-09T15:54:02.023+0530] {processor.py:830} INFO - Processing file /home/kai/.local/lib/python3.10/site-packages/airflow/example_dags/example_short_circuit_decorator.py for tasks to queue
[2024-03-09T15:54:02.024+0530] {logging_mixin.py:188} INFO - [2024-03-09T15:54:02.023+0530] {dagbag.py:540} INFO - Filling up the DagBag from /home/kai/.local/lib/python3.10/site-packages/airflow/example_dags/example_short_circuit_decorator.py
[2024-03-09T15:54:02.033+0530] {processor.py:840} INFO - DAG(s) 'example_short_circuit_decorator' retrieved from /home/kai/.local/lib/python3.10/site-packages/airflow/example_dags/example_short_circuit_decorator.py
[2024-03-09T15:54:02.050+0530] {logging_mixin.py:188} INFO - [2024-03-09T15:54:02.050+0530] {dag.py:3047} INFO - Sync 1 DAGs
[2024-03-09T15:54:02.067+0530] {logging_mixin.py:188} INFO - [2024-03-09T15:54:02.067+0530] {dag.py:3834} INFO - Setting next_dagrun for example_short_circuit_decorator to 2024-03-08 00:00:00+00:00, run_after=2024-03-09 00:00:00+00:00
[2024-03-09T15:54:02.101+0530] {processor.py:183} INFO - Processing /home/kai/.local/lib/python3.10/site-packages/airflow/example_dags/example_short_circuit_decorator.py took 0.084 seconds
