[2024-03-09T15:44:30.756+0530] {processor.py:161} INFO - Started process (PID=4669) to work on /home/kai/.local/lib/python3.10/site-packages/airflow/example_dags/example_bash_operator.py
[2024-03-09T15:44:30.757+0530] {processor.py:830} INFO - Processing file /home/kai/.local/lib/python3.10/site-packages/airflow/example_dags/example_bash_operator.py for tasks to queue
[2024-03-09T15:44:30.758+0530] {logging_mixin.py:188} INFO - [2024-03-09T15:44:30.758+0530] {dagbag.py:540} INFO - Filling up the DagBag from /home/kai/.local/lib/python3.10/site-packages/airflow/example_dags/example_bash_operator.py
[2024-03-09T15:44:30.769+0530] {processor.py:840} INFO - DAG(s) 'example_bash_operator' retrieved from /home/kai/.local/lib/python3.10/site-packages/airflow/example_dags/example_bash_operator.py
[2024-03-09T15:44:30.899+0530] {logging_mixin.py:188} INFO - [2024-03-09T15:44:30.899+0530] {override.py:1769} INFO - Created Permission View: can delete on DAG:example_bash_operator
[2024-03-09T15:44:30.929+0530] {logging_mixin.py:188} INFO - [2024-03-09T15:44:30.929+0530] {override.py:1769} INFO - Created Permission View: can read on DAG:example_bash_operator
[2024-03-09T15:44:30.953+0530] {logging_mixin.py:188} INFO - [2024-03-09T15:44:30.953+0530] {override.py:1769} INFO - Created Permission View: can edit on DAG:example_bash_operator
[2024-03-09T15:44:30.954+0530] {logging_mixin.py:188} INFO - [2024-03-09T15:44:30.954+0530] {dag.py:3047} INFO - Sync 1 DAGs
[2024-03-09T15:44:31.046+0530] {logging_mixin.py:188} INFO - [2024-03-09T15:44:31.045+0530] {dag.py:3069} INFO - Creating ORM DAG for example_bash_operator
[2024-03-09T15:44:31.054+0530] {logging_mixin.py:188} INFO - [2024-03-09T15:44:31.054+0530] {dag.py:3834} INFO - Setting next_dagrun for example_bash_operator to 2024-03-08 00:00:00+00:00, run_after=2024-03-09 00:00:00+00:00
[2024-03-09T15:44:31.093+0530] {processor.py:183} INFO - Processing /home/kai/.local/lib/python3.10/site-packages/airflow/example_dags/example_bash_operator.py took 0.340 seconds
[2024-03-09T15:45:30.921+0530] {processor.py:161} INFO - Started process (PID=4733) to work on /home/kai/.local/lib/python3.10/site-packages/airflow/example_dags/example_bash_operator.py
[2024-03-09T15:45:30.924+0530] {processor.py:830} INFO - Processing file /home/kai/.local/lib/python3.10/site-packages/airflow/example_dags/example_bash_operator.py for tasks to queue
[2024-03-09T15:45:30.925+0530] {logging_mixin.py:188} INFO - [2024-03-09T15:45:30.924+0530] {dagbag.py:540} INFO - Filling up the DagBag from /home/kai/.local/lib/python3.10/site-packages/airflow/example_dags/example_bash_operator.py
[2024-03-09T15:45:30.935+0530] {processor.py:840} INFO - DAG(s) 'example_bash_operator' retrieved from /home/kai/.local/lib/python3.10/site-packages/airflow/example_dags/example_bash_operator.py
[2024-03-09T15:45:30.958+0530] {logging_mixin.py:188} INFO - [2024-03-09T15:45:30.958+0530] {dag.py:3047} INFO - Sync 1 DAGs
[2024-03-09T15:45:30.999+0530] {logging_mixin.py:188} INFO - [2024-03-09T15:45:30.999+0530] {dag.py:3834} INFO - Setting next_dagrun for example_bash_operator to 2024-03-08 00:00:00+00:00, run_after=2024-03-09 00:00:00+00:00
[2024-03-09T15:45:31.060+0530] {processor.py:183} INFO - Processing /home/kai/.local/lib/python3.10/site-packages/airflow/example_dags/example_bash_operator.py took 0.142 seconds
[2024-03-09T15:46:43.470+0530] {processor.py:161} INFO - Started process (PID=4802) to work on /home/kai/.local/lib/python3.10/site-packages/airflow/example_dags/example_bash_operator.py
[2024-03-09T15:46:43.473+0530] {processor.py:830} INFO - Processing file /home/kai/.local/lib/python3.10/site-packages/airflow/example_dags/example_bash_operator.py for tasks to queue
[2024-03-09T15:46:43.475+0530] {logging_mixin.py:188} INFO - [2024-03-09T15:46:43.475+0530] {dagbag.py:540} INFO - Filling up the DagBag from /home/kai/.local/lib/python3.10/site-packages/airflow/example_dags/example_bash_operator.py
[2024-03-09T15:46:43.487+0530] {processor.py:840} INFO - DAG(s) 'example_bash_operator' retrieved from /home/kai/.local/lib/python3.10/site-packages/airflow/example_dags/example_bash_operator.py
[2024-03-09T15:46:43.512+0530] {logging_mixin.py:188} INFO - [2024-03-09T15:46:43.512+0530] {dag.py:3047} INFO - Sync 1 DAGs
[2024-03-09T15:46:43.533+0530] {logging_mixin.py:188} INFO - [2024-03-09T15:46:43.532+0530] {dag.py:3834} INFO - Setting next_dagrun for example_bash_operator to 2024-03-08 00:00:00+00:00, run_after=2024-03-09 00:00:00+00:00
[2024-03-09T15:46:43.569+0530] {processor.py:183} INFO - Processing /home/kai/.local/lib/python3.10/site-packages/airflow/example_dags/example_bash_operator.py took 0.102 seconds
[2024-03-09T15:47:40.174+0530] {processor.py:161} INFO - Started process (PID=4859) to work on /home/kai/.local/lib/python3.10/site-packages/airflow/example_dags/example_bash_operator.py
[2024-03-09T15:47:40.177+0530] {processor.py:830} INFO - Processing file /home/kai/.local/lib/python3.10/site-packages/airflow/example_dags/example_bash_operator.py for tasks to queue
[2024-03-09T15:47:40.177+0530] {logging_mixin.py:188} INFO - [2024-03-09T15:47:40.177+0530] {dagbag.py:540} INFO - Filling up the DagBag from /home/kai/.local/lib/python3.10/site-packages/airflow/example_dags/example_bash_operator.py
[2024-03-09T15:47:40.189+0530] {processor.py:840} INFO - DAG(s) 'example_bash_operator' retrieved from /home/kai/.local/lib/python3.10/site-packages/airflow/example_dags/example_bash_operator.py
[2024-03-09T15:47:40.210+0530] {logging_mixin.py:188} INFO - [2024-03-09T15:47:40.210+0530] {dag.py:3047} INFO - Sync 1 DAGs
[2024-03-09T15:47:40.229+0530] {logging_mixin.py:188} INFO - [2024-03-09T15:47:40.229+0530] {dag.py:3834} INFO - Setting next_dagrun for example_bash_operator to 2024-03-08 00:00:00+00:00, run_after=2024-03-09 00:00:00+00:00
[2024-03-09T15:47:40.279+0530] {processor.py:183} INFO - Processing /home/kai/.local/lib/python3.10/site-packages/airflow/example_dags/example_bash_operator.py took 0.108 seconds
[2024-03-09T15:49:05.263+0530] {processor.py:161} INFO - Started process (PID=4966) to work on /home/kai/.local/lib/python3.10/site-packages/airflow/example_dags/example_bash_operator.py
[2024-03-09T15:49:05.266+0530] {processor.py:830} INFO - Processing file /home/kai/.local/lib/python3.10/site-packages/airflow/example_dags/example_bash_operator.py for tasks to queue
[2024-03-09T15:49:05.267+0530] {logging_mixin.py:188} INFO - [2024-03-09T15:49:05.266+0530] {dagbag.py:540} INFO - Filling up the DagBag from /home/kai/.local/lib/python3.10/site-packages/airflow/example_dags/example_bash_operator.py
[2024-03-09T15:49:05.281+0530] {processor.py:840} INFO - DAG(s) 'example_bash_operator' retrieved from /home/kai/.local/lib/python3.10/site-packages/airflow/example_dags/example_bash_operator.py
[2024-03-09T15:49:05.306+0530] {logging_mixin.py:188} INFO - [2024-03-09T15:49:05.305+0530] {dag.py:3047} INFO - Sync 1 DAGs
[2024-03-09T15:49:05.329+0530] {logging_mixin.py:188} INFO - [2024-03-09T15:49:05.329+0530] {dag.py:3834} INFO - Setting next_dagrun for example_bash_operator to 2024-03-09 00:00:00+00:00, run_after=2024-03-10 00:00:00+00:00
[2024-03-09T15:49:05.379+0530] {processor.py:183} INFO - Processing /home/kai/.local/lib/python3.10/site-packages/airflow/example_dags/example_bash_operator.py took 0.121 seconds
[2024-03-09T15:49:57.318+0530] {processor.py:161} INFO - Started process (PID=5026) to work on /home/kai/.local/lib/python3.10/site-packages/airflow/example_dags/example_bash_operator.py
[2024-03-09T15:49:57.320+0530] {processor.py:830} INFO - Processing file /home/kai/.local/lib/python3.10/site-packages/airflow/example_dags/example_bash_operator.py for tasks to queue
[2024-03-09T15:49:57.321+0530] {logging_mixin.py:188} INFO - [2024-03-09T15:49:57.321+0530] {dagbag.py:540} INFO - Filling up the DagBag from /home/kai/.local/lib/python3.10/site-packages/airflow/example_dags/example_bash_operator.py
[2024-03-09T15:49:57.333+0530] {processor.py:840} INFO - DAG(s) 'example_bash_operator' retrieved from /home/kai/.local/lib/python3.10/site-packages/airflow/example_dags/example_bash_operator.py
[2024-03-09T15:49:57.354+0530] {logging_mixin.py:188} INFO - [2024-03-09T15:49:57.353+0530] {dag.py:3047} INFO - Sync 1 DAGs
[2024-03-09T15:49:57.372+0530] {logging_mixin.py:188} INFO - [2024-03-09T15:49:57.372+0530] {dag.py:3834} INFO - Setting next_dagrun for example_bash_operator to 2024-03-09 00:00:00+00:00, run_after=2024-03-10 00:00:00+00:00
[2024-03-09T15:49:57.404+0530] {processor.py:183} INFO - Processing /home/kai/.local/lib/python3.10/site-packages/airflow/example_dags/example_bash_operator.py took 0.090 seconds
[2024-03-09T15:51:11.782+0530] {processor.py:161} INFO - Started process (PID=5104) to work on /home/kai/.local/lib/python3.10/site-packages/airflow/example_dags/example_bash_operator.py
[2024-03-09T15:51:11.785+0530] {processor.py:830} INFO - Processing file /home/kai/.local/lib/python3.10/site-packages/airflow/example_dags/example_bash_operator.py for tasks to queue
[2024-03-09T15:51:11.786+0530] {logging_mixin.py:188} INFO - [2024-03-09T15:51:11.786+0530] {dagbag.py:540} INFO - Filling up the DagBag from /home/kai/.local/lib/python3.10/site-packages/airflow/example_dags/example_bash_operator.py
[2024-03-09T15:51:11.798+0530] {processor.py:840} INFO - DAG(s) 'example_bash_operator' retrieved from /home/kai/.local/lib/python3.10/site-packages/airflow/example_dags/example_bash_operator.py
[2024-03-09T15:51:11.819+0530] {logging_mixin.py:188} INFO - [2024-03-09T15:51:11.819+0530] {dag.py:3047} INFO - Sync 1 DAGs
[2024-03-09T15:51:11.839+0530] {logging_mixin.py:188} INFO - [2024-03-09T15:51:11.839+0530] {dag.py:3834} INFO - Setting next_dagrun for example_bash_operator to 2024-03-09 00:00:00+00:00, run_after=2024-03-10 00:00:00+00:00
[2024-03-09T15:51:11.887+0530] {processor.py:183} INFO - Processing /home/kai/.local/lib/python3.10/site-packages/airflow/example_dags/example_bash_operator.py took 0.109 seconds
[2024-03-09T15:52:04.818+0530] {processor.py:161} INFO - Started process (PID=5164) to work on /home/kai/.local/lib/python3.10/site-packages/airflow/example_dags/example_bash_operator.py
[2024-03-09T15:52:04.821+0530] {processor.py:830} INFO - Processing file /home/kai/.local/lib/python3.10/site-packages/airflow/example_dags/example_bash_operator.py for tasks to queue
[2024-03-09T15:52:04.822+0530] {logging_mixin.py:188} INFO - [2024-03-09T15:52:04.822+0530] {dagbag.py:540} INFO - Filling up the DagBag from /home/kai/.local/lib/python3.10/site-packages/airflow/example_dags/example_bash_operator.py
[2024-03-09T15:52:04.833+0530] {processor.py:840} INFO - DAG(s) 'example_bash_operator' retrieved from /home/kai/.local/lib/python3.10/site-packages/airflow/example_dags/example_bash_operator.py
[2024-03-09T15:52:04.854+0530] {logging_mixin.py:188} INFO - [2024-03-09T15:52:04.854+0530] {dag.py:3047} INFO - Sync 1 DAGs
[2024-03-09T15:52:04.873+0530] {logging_mixin.py:188} INFO - [2024-03-09T15:52:04.872+0530] {dag.py:3834} INFO - Setting next_dagrun for example_bash_operator to 2024-03-09 00:00:00+00:00, run_after=2024-03-10 00:00:00+00:00
[2024-03-09T15:52:04.906+0530] {processor.py:183} INFO - Processing /home/kai/.local/lib/python3.10/site-packages/airflow/example_dags/example_bash_operator.py took 0.092 seconds
[2024-03-09T15:52:56.703+0530] {processor.py:161} INFO - Started process (PID=5216) to work on /home/kai/.local/lib/python3.10/site-packages/airflow/example_dags/example_bash_operator.py
[2024-03-09T15:52:56.706+0530] {processor.py:830} INFO - Processing file /home/kai/.local/lib/python3.10/site-packages/airflow/example_dags/example_bash_operator.py for tasks to queue
[2024-03-09T15:52:56.707+0530] {logging_mixin.py:188} INFO - [2024-03-09T15:52:56.706+0530] {dagbag.py:540} INFO - Filling up the DagBag from /home/kai/.local/lib/python3.10/site-packages/airflow/example_dags/example_bash_operator.py
[2024-03-09T15:52:56.718+0530] {processor.py:840} INFO - DAG(s) 'example_bash_operator' retrieved from /home/kai/.local/lib/python3.10/site-packages/airflow/example_dags/example_bash_operator.py
[2024-03-09T15:52:56.739+0530] {logging_mixin.py:188} INFO - [2024-03-09T15:52:56.739+0530] {dag.py:3047} INFO - Sync 1 DAGs
[2024-03-09T15:52:56.758+0530] {logging_mixin.py:188} INFO - [2024-03-09T15:52:56.758+0530] {dag.py:3834} INFO - Setting next_dagrun for example_bash_operator to 2024-03-09 00:00:00+00:00, run_after=2024-03-10 00:00:00+00:00
[2024-03-09T15:52:56.790+0530] {processor.py:183} INFO - Processing /home/kai/.local/lib/python3.10/site-packages/airflow/example_dags/example_bash_operator.py took 0.090 seconds
[2024-03-09T15:53:49.454+0530] {processor.py:161} INFO - Started process (PID=5272) to work on /home/kai/.local/lib/python3.10/site-packages/airflow/example_dags/example_bash_operator.py
[2024-03-09T15:53:49.456+0530] {processor.py:830} INFO - Processing file /home/kai/.local/lib/python3.10/site-packages/airflow/example_dags/example_bash_operator.py for tasks to queue
[2024-03-09T15:53:49.457+0530] {logging_mixin.py:188} INFO - [2024-03-09T15:53:49.456+0530] {dagbag.py:540} INFO - Filling up the DagBag from /home/kai/.local/lib/python3.10/site-packages/airflow/example_dags/example_bash_operator.py
[2024-03-09T15:53:49.472+0530] {processor.py:840} INFO - DAG(s) 'example_bash_operator' retrieved from /home/kai/.local/lib/python3.10/site-packages/airflow/example_dags/example_bash_operator.py
[2024-03-09T15:53:49.497+0530] {logging_mixin.py:188} INFO - [2024-03-09T15:53:49.497+0530] {dag.py:3047} INFO - Sync 1 DAGs
[2024-03-09T15:53:49.518+0530] {logging_mixin.py:188} INFO - [2024-03-09T15:53:49.517+0530] {dag.py:3834} INFO - Setting next_dagrun for example_bash_operator to 2024-03-09 00:00:00+00:00, run_after=2024-03-10 00:00:00+00:00
[2024-03-09T15:53:49.553+0530] {processor.py:183} INFO - Processing /home/kai/.local/lib/python3.10/site-packages/airflow/example_dags/example_bash_operator.py took 0.103 seconds
