[2024-03-09T15:44:12.813+0530] {processor.py:161} INFO - Started process (PID=4654) to work on /home/kai/.local/lib/python3.10/site-packages/airflow/example_dags/example_latest_only.py
[2024-03-09T15:44:12.815+0530] {processor.py:830} INFO - Processing file /home/kai/.local/lib/python3.10/site-packages/airflow/example_dags/example_latest_only.py for tasks to queue
[2024-03-09T15:44:12.816+0530] {logging_mixin.py:188} INFO - [2024-03-09T15:44:12.815+0530] {dagbag.py:540} INFO - Filling up the DagBag from /home/kai/.local/lib/python3.10/site-packages/airflow/example_dags/example_latest_only.py
[2024-03-09T15:44:12.822+0530] {processor.py:840} INFO - DAG(s) 'latest_only' retrieved from /home/kai/.local/lib/python3.10/site-packages/airflow/example_dags/example_latest_only.py
[2024-03-09T15:44:12.939+0530] {logging_mixin.py:188} INFO - [2024-03-09T15:44:12.938+0530] {override.py:1769} INFO - Created Permission View: can delete on DAG:latest_only
[2024-03-09T15:44:12.963+0530] {logging_mixin.py:188} INFO - [2024-03-09T15:44:12.963+0530] {override.py:1769} INFO - Created Permission View: can read on DAG:latest_only
[2024-03-09T15:44:12.986+0530] {logging_mixin.py:188} INFO - [2024-03-09T15:44:12.985+0530] {override.py:1769} INFO - Created Permission View: can edit on DAG:latest_only
[2024-03-09T15:44:12.986+0530] {logging_mixin.py:188} INFO - [2024-03-09T15:44:12.986+0530] {dag.py:3047} INFO - Sync 1 DAGs
[2024-03-09T15:44:12.994+0530] {logging_mixin.py:188} INFO - [2024-03-09T15:44:12.994+0530] {dag.py:3069} INFO - Creating ORM DAG for latest_only
[2024-03-09T15:44:13.082+0530] {logging_mixin.py:188} INFO - [2024-03-09T15:44:13.081+0530] {dag.py:3834} INFO - Setting next_dagrun for latest_only to 2024-03-09 04:00:00+00:00, run_after=2024-03-09 08:00:00+00:00
[2024-03-09T15:44:13.116+0530] {processor.py:183} INFO - Processing /home/kai/.local/lib/python3.10/site-packages/airflow/example_dags/example_latest_only.py took 0.307 seconds
[2024-03-09T15:45:12.802+0530] {processor.py:161} INFO - Started process (PID=4710) to work on /home/kai/.local/lib/python3.10/site-packages/airflow/example_dags/example_latest_only.py
[2024-03-09T15:45:12.805+0530] {processor.py:830} INFO - Processing file /home/kai/.local/lib/python3.10/site-packages/airflow/example_dags/example_latest_only.py for tasks to queue
[2024-03-09T15:45:12.806+0530] {logging_mixin.py:188} INFO - [2024-03-09T15:45:12.806+0530] {dagbag.py:540} INFO - Filling up the DagBag from /home/kai/.local/lib/python3.10/site-packages/airflow/example_dags/example_latest_only.py
[2024-03-09T15:45:12.811+0530] {processor.py:840} INFO - DAG(s) 'latest_only' retrieved from /home/kai/.local/lib/python3.10/site-packages/airflow/example_dags/example_latest_only.py
[2024-03-09T15:45:12.827+0530] {logging_mixin.py:188} INFO - [2024-03-09T15:45:12.827+0530] {dag.py:3047} INFO - Sync 1 DAGs
[2024-03-09T15:45:12.844+0530] {logging_mixin.py:188} INFO - [2024-03-09T15:45:12.844+0530] {dag.py:3834} INFO - Setting next_dagrun for latest_only to 2024-03-09 04:00:00+00:00, run_after=2024-03-09 08:00:00+00:00
[2024-03-09T15:45:12.881+0530] {processor.py:183} INFO - Processing /home/kai/.local/lib/python3.10/site-packages/airflow/example_dags/example_latest_only.py took 0.082 seconds
[2024-03-09T15:46:09.582+0530] {processor.py:161} INFO - Started process (PID=4770) to work on /home/kai/.local/lib/python3.10/site-packages/airflow/example_dags/example_latest_only.py
[2024-03-09T15:46:09.585+0530] {processor.py:830} INFO - Processing file /home/kai/.local/lib/python3.10/site-packages/airflow/example_dags/example_latest_only.py for tasks to queue
[2024-03-09T15:46:09.586+0530] {logging_mixin.py:188} INFO - [2024-03-09T15:46:09.586+0530] {dagbag.py:540} INFO - Filling up the DagBag from /home/kai/.local/lib/python3.10/site-packages/airflow/example_dags/example_latest_only.py
[2024-03-09T15:46:09.591+0530] {processor.py:840} INFO - DAG(s) 'latest_only' retrieved from /home/kai/.local/lib/python3.10/site-packages/airflow/example_dags/example_latest_only.py
[2024-03-09T15:46:09.606+0530] {logging_mixin.py:188} INFO - [2024-03-09T15:46:09.605+0530] {dag.py:3047} INFO - Sync 1 DAGs
[2024-03-09T15:46:09.704+0530] {logging_mixin.py:188} INFO - [2024-03-09T15:46:09.704+0530] {dag.py:3834} INFO - Setting next_dagrun for latest_only to 2024-03-09 04:00:00+00:00, run_after=2024-03-09 08:00:00+00:00
[2024-03-09T15:46:09.738+0530] {processor.py:183} INFO - Processing /home/kai/.local/lib/python3.10/site-packages/airflow/example_dags/example_latest_only.py took 0.159 seconds
[2024-03-09T15:46:59.057+0530] {processor.py:161} INFO - Started process (PID=4818) to work on /home/kai/.local/lib/python3.10/site-packages/airflow/example_dags/example_latest_only.py
[2024-03-09T15:46:59.061+0530] {processor.py:830} INFO - Processing file /home/kai/.local/lib/python3.10/site-packages/airflow/example_dags/example_latest_only.py for tasks to queue
[2024-03-09T15:46:59.062+0530] {logging_mixin.py:188} INFO - [2024-03-09T15:46:59.061+0530] {dagbag.py:540} INFO - Filling up the DagBag from /home/kai/.local/lib/python3.10/site-packages/airflow/example_dags/example_latest_only.py
[2024-03-09T15:46:59.067+0530] {processor.py:840} INFO - DAG(s) 'latest_only' retrieved from /home/kai/.local/lib/python3.10/site-packages/airflow/example_dags/example_latest_only.py
[2024-03-09T15:46:59.083+0530] {logging_mixin.py:188} INFO - [2024-03-09T15:46:59.083+0530] {dag.py:3047} INFO - Sync 1 DAGs
[2024-03-09T15:46:59.102+0530] {logging_mixin.py:188} INFO - [2024-03-09T15:46:59.102+0530] {dag.py:3834} INFO - Setting next_dagrun for latest_only to 2024-03-09 04:00:00+00:00, run_after=2024-03-09 08:00:00+00:00
[2024-03-09T15:46:59.137+0530] {processor.py:183} INFO - Processing /home/kai/.local/lib/python3.10/site-packages/airflow/example_dags/example_latest_only.py took 0.084 seconds
[2024-03-09T15:47:54.096+0530] {processor.py:161} INFO - Started process (PID=4873) to work on /home/kai/.local/lib/python3.10/site-packages/airflow/example_dags/example_latest_only.py
[2024-03-09T15:47:54.100+0530] {processor.py:830} INFO - Processing file /home/kai/.local/lib/python3.10/site-packages/airflow/example_dags/example_latest_only.py for tasks to queue
[2024-03-09T15:47:54.101+0530] {logging_mixin.py:188} INFO - [2024-03-09T15:47:54.100+0530] {dagbag.py:540} INFO - Filling up the DagBag from /home/kai/.local/lib/python3.10/site-packages/airflow/example_dags/example_latest_only.py
[2024-03-09T15:47:54.107+0530] {processor.py:840} INFO - DAG(s) 'latest_only' retrieved from /home/kai/.local/lib/python3.10/site-packages/airflow/example_dags/example_latest_only.py
[2024-03-09T15:47:54.123+0530] {logging_mixin.py:188} INFO - [2024-03-09T15:47:54.123+0530] {dag.py:3047} INFO - Sync 1 DAGs
[2024-03-09T15:47:54.144+0530] {logging_mixin.py:188} INFO - [2024-03-09T15:47:54.144+0530] {dag.py:3834} INFO - Setting next_dagrun for latest_only to 2024-03-09 04:00:00+00:00, run_after=2024-03-09 08:00:00+00:00
[2024-03-09T15:47:54.180+0530] {processor.py:183} INFO - Processing /home/kai/.local/lib/python3.10/site-packages/airflow/example_dags/example_latest_only.py took 0.088 seconds
[2024-03-09T15:48:57.568+0530] {processor.py:161} INFO - Started process (PID=4956) to work on /home/kai/.local/lib/python3.10/site-packages/airflow/example_dags/example_latest_only.py
[2024-03-09T15:48:57.571+0530] {processor.py:830} INFO - Processing file /home/kai/.local/lib/python3.10/site-packages/airflow/example_dags/example_latest_only.py for tasks to queue
[2024-03-09T15:48:57.573+0530] {logging_mixin.py:188} INFO - [2024-03-09T15:48:57.572+0530] {dagbag.py:540} INFO - Filling up the DagBag from /home/kai/.local/lib/python3.10/site-packages/airflow/example_dags/example_latest_only.py
[2024-03-09T15:48:57.580+0530] {processor.py:840} INFO - DAG(s) 'latest_only' retrieved from /home/kai/.local/lib/python3.10/site-packages/airflow/example_dags/example_latest_only.py
[2024-03-09T15:48:57.595+0530] {logging_mixin.py:188} INFO - [2024-03-09T15:48:57.595+0530] {dag.py:3047} INFO - Sync 1 DAGs
[2024-03-09T15:48:57.612+0530] {logging_mixin.py:188} INFO - [2024-03-09T15:48:57.612+0530] {dag.py:3834} INFO - Setting next_dagrun for latest_only to 2024-03-09 04:00:00+00:00, run_after=2024-03-09 08:00:00+00:00
[2024-03-09T15:48:57.646+0530] {processor.py:183} INFO - Processing /home/kai/.local/lib/python3.10/site-packages/airflow/example_dags/example_latest_only.py took 0.082 seconds
[2024-03-09T15:49:49.582+0530] {processor.py:161} INFO - Started process (PID=5018) to work on /home/kai/.local/lib/python3.10/site-packages/airflow/example_dags/example_latest_only.py
[2024-03-09T15:49:49.586+0530] {processor.py:830} INFO - Processing file /home/kai/.local/lib/python3.10/site-packages/airflow/example_dags/example_latest_only.py for tasks to queue
[2024-03-09T15:49:49.587+0530] {logging_mixin.py:188} INFO - [2024-03-09T15:49:49.586+0530] {dagbag.py:540} INFO - Filling up the DagBag from /home/kai/.local/lib/python3.10/site-packages/airflow/example_dags/example_latest_only.py
[2024-03-09T15:49:49.596+0530] {processor.py:840} INFO - DAG(s) 'latest_only' retrieved from /home/kai/.local/lib/python3.10/site-packages/airflow/example_dags/example_latest_only.py
[2024-03-09T15:49:49.614+0530] {logging_mixin.py:188} INFO - [2024-03-09T15:49:49.614+0530] {dag.py:3047} INFO - Sync 1 DAGs
[2024-03-09T15:49:49.632+0530] {logging_mixin.py:188} INFO - [2024-03-09T15:49:49.632+0530] {dag.py:3834} INFO - Setting next_dagrun for latest_only to 2024-03-09 04:00:00+00:00, run_after=2024-03-09 08:00:00+00:00
[2024-03-09T15:49:49.666+0530] {processor.py:183} INFO - Processing /home/kai/.local/lib/python3.10/site-packages/airflow/example_dags/example_latest_only.py took 0.089 seconds
[2024-03-09T15:51:03.797+0530] {processor.py:161} INFO - Started process (PID=5096) to work on /home/kai/.local/lib/python3.10/site-packages/airflow/example_dags/example_latest_only.py
[2024-03-09T15:51:03.799+0530] {processor.py:830} INFO - Processing file /home/kai/.local/lib/python3.10/site-packages/airflow/example_dags/example_latest_only.py for tasks to queue
[2024-03-09T15:51:03.800+0530] {logging_mixin.py:188} INFO - [2024-03-09T15:51:03.800+0530] {dagbag.py:540} INFO - Filling up the DagBag from /home/kai/.local/lib/python3.10/site-packages/airflow/example_dags/example_latest_only.py
[2024-03-09T15:51:03.808+0530] {processor.py:840} INFO - DAG(s) 'latest_only' retrieved from /home/kai/.local/lib/python3.10/site-packages/airflow/example_dags/example_latest_only.py
[2024-03-09T15:51:03.824+0530] {logging_mixin.py:188} INFO - [2024-03-09T15:51:03.823+0530] {dag.py:3047} INFO - Sync 1 DAGs
[2024-03-09T15:51:03.841+0530] {logging_mixin.py:188} INFO - [2024-03-09T15:51:03.841+0530] {dag.py:3834} INFO - Setting next_dagrun for latest_only to 2024-03-09 04:00:00+00:00, run_after=2024-03-09 08:00:00+00:00
[2024-03-09T15:51:03.893+0530] {processor.py:183} INFO - Processing /home/kai/.local/lib/python3.10/site-packages/airflow/example_dags/example_latest_only.py took 0.100 seconds
[2024-03-09T15:51:57.328+0530] {processor.py:161} INFO - Started process (PID=5156) to work on /home/kai/.local/lib/python3.10/site-packages/airflow/example_dags/example_latest_only.py
[2024-03-09T15:51:57.331+0530] {processor.py:830} INFO - Processing file /home/kai/.local/lib/python3.10/site-packages/airflow/example_dags/example_latest_only.py for tasks to queue
[2024-03-09T15:51:57.333+0530] {logging_mixin.py:188} INFO - [2024-03-09T15:51:57.332+0530] {dagbag.py:540} INFO - Filling up the DagBag from /home/kai/.local/lib/python3.10/site-packages/airflow/example_dags/example_latest_only.py
[2024-03-09T15:51:57.339+0530] {processor.py:840} INFO - DAG(s) 'latest_only' retrieved from /home/kai/.local/lib/python3.10/site-packages/airflow/example_dags/example_latest_only.py
[2024-03-09T15:51:57.356+0530] {logging_mixin.py:188} INFO - [2024-03-09T15:51:57.355+0530] {dag.py:3047} INFO - Sync 1 DAGs
[2024-03-09T15:51:57.374+0530] {logging_mixin.py:188} INFO - [2024-03-09T15:51:57.374+0530] {dag.py:3834} INFO - Setting next_dagrun for latest_only to 2024-03-09 04:00:00+00:00, run_after=2024-03-09 08:00:00+00:00
[2024-03-09T15:51:57.406+0530] {processor.py:183} INFO - Processing /home/kai/.local/lib/python3.10/site-packages/airflow/example_dags/example_latest_only.py took 0.082 seconds
[2024-03-09T15:52:48.366+0530] {processor.py:161} INFO - Started process (PID=5208) to work on /home/kai/.local/lib/python3.10/site-packages/airflow/example_dags/example_latest_only.py
[2024-03-09T15:52:48.369+0530] {processor.py:830} INFO - Processing file /home/kai/.local/lib/python3.10/site-packages/airflow/example_dags/example_latest_only.py for tasks to queue
[2024-03-09T15:52:48.370+0530] {logging_mixin.py:188} INFO - [2024-03-09T15:52:48.369+0530] {dagbag.py:540} INFO - Filling up the DagBag from /home/kai/.local/lib/python3.10/site-packages/airflow/example_dags/example_latest_only.py
[2024-03-09T15:52:48.375+0530] {processor.py:840} INFO - DAG(s) 'latest_only' retrieved from /home/kai/.local/lib/python3.10/site-packages/airflow/example_dags/example_latest_only.py
[2024-03-09T15:52:48.393+0530] {logging_mixin.py:188} INFO - [2024-03-09T15:52:48.393+0530] {dag.py:3047} INFO - Sync 1 DAGs
[2024-03-09T15:52:48.419+0530] {logging_mixin.py:188} INFO - [2024-03-09T15:52:48.419+0530] {dag.py:3834} INFO - Setting next_dagrun for latest_only to 2024-03-09 04:00:00+00:00, run_after=2024-03-09 08:00:00+00:00
[2024-03-09T15:52:48.457+0530] {processor.py:183} INFO - Processing /home/kai/.local/lib/python3.10/site-packages/airflow/example_dags/example_latest_only.py took 0.094 seconds
[2024-03-09T15:53:41.831+0530] {processor.py:161} INFO - Started process (PID=5262) to work on /home/kai/.local/lib/python3.10/site-packages/airflow/example_dags/example_latest_only.py
[2024-03-09T15:53:41.835+0530] {processor.py:830} INFO - Processing file /home/kai/.local/lib/python3.10/site-packages/airflow/example_dags/example_latest_only.py for tasks to queue
[2024-03-09T15:53:41.837+0530] {logging_mixin.py:188} INFO - [2024-03-09T15:53:41.836+0530] {dagbag.py:540} INFO - Filling up the DagBag from /home/kai/.local/lib/python3.10/site-packages/airflow/example_dags/example_latest_only.py
[2024-03-09T15:53:41.846+0530] {processor.py:840} INFO - DAG(s) 'latest_only' retrieved from /home/kai/.local/lib/python3.10/site-packages/airflow/example_dags/example_latest_only.py
[2024-03-09T15:53:41.862+0530] {logging_mixin.py:188} INFO - [2024-03-09T15:53:41.862+0530] {dag.py:3047} INFO - Sync 1 DAGs
[2024-03-09T15:53:41.879+0530] {logging_mixin.py:188} INFO - [2024-03-09T15:53:41.879+0530] {dag.py:3834} INFO - Setting next_dagrun for latest_only to 2024-03-09 04:00:00+00:00, run_after=2024-03-09 08:00:00+00:00
[2024-03-09T15:53:41.912+0530] {processor.py:183} INFO - Processing /home/kai/.local/lib/python3.10/site-packages/airflow/example_dags/example_latest_only.py took 0.086 seconds
[2024-03-09T15:54:37.945+0530] {processor.py:161} INFO - Started process (PID=5326) to work on /home/kai/.local/lib/python3.10/site-packages/airflow/example_dags/example_latest_only.py
[2024-03-09T15:54:37.947+0530] {processor.py:830} INFO - Processing file /home/kai/.local/lib/python3.10/site-packages/airflow/example_dags/example_latest_only.py for tasks to queue
[2024-03-09T15:54:37.948+0530] {logging_mixin.py:188} INFO - [2024-03-09T15:54:37.947+0530] {dagbag.py:540} INFO - Filling up the DagBag from /home/kai/.local/lib/python3.10/site-packages/airflow/example_dags/example_latest_only.py
[2024-03-09T15:54:37.953+0530] {processor.py:840} INFO - DAG(s) 'latest_only' retrieved from /home/kai/.local/lib/python3.10/site-packages/airflow/example_dags/example_latest_only.py
[2024-03-09T15:54:37.970+0530] {logging_mixin.py:188} INFO - [2024-03-09T15:54:37.970+0530] {dag.py:3047} INFO - Sync 1 DAGs
[2024-03-09T15:54:37.990+0530] {logging_mixin.py:188} INFO - [2024-03-09T15:54:37.989+0530] {dag.py:3834} INFO - Setting next_dagrun for latest_only to 2024-03-09 04:00:00+00:00, run_after=2024-03-09 08:00:00+00:00
[2024-03-09T15:54:38.026+0530] {processor.py:183} INFO - Processing /home/kai/.local/lib/python3.10/site-packages/airflow/example_dags/example_latest_only.py took 0.084 seconds
