[2024-03-09T15:44:18.952+0530] {processor.py:161} INFO - Started process (PID=4660) to work on /home/kai/.local/lib/python3.10/site-packages/airflow/example_dags/example_time_delta_sensor_async.py
[2024-03-09T15:44:18.953+0530] {processor.py:830} INFO - Processing file /home/kai/.local/lib/python3.10/site-packages/airflow/example_dags/example_time_delta_sensor_async.py for tasks to queue
[2024-03-09T15:44:18.954+0530] {logging_mixin.py:188} INFO - [2024-03-09T15:44:18.953+0530] {dagbag.py:540} INFO - Filling up the DagBag from /home/kai/.local/lib/python3.10/site-packages/airflow/example_dags/example_time_delta_sensor_async.py
[2024-03-09T15:44:18.959+0530] {processor.py:840} INFO - DAG(s) 'example_time_delta_sensor_async' retrieved from /home/kai/.local/lib/python3.10/site-packages/airflow/example_dags/example_time_delta_sensor_async.py
[2024-03-09T15:44:19.080+0530] {logging_mixin.py:188} INFO - [2024-03-09T15:44:19.080+0530] {override.py:1769} INFO - Created Permission View: can delete on DAG:example_time_delta_sensor_async
[2024-03-09T15:44:19.105+0530] {logging_mixin.py:188} INFO - [2024-03-09T15:44:19.105+0530] {override.py:1769} INFO - Created Permission View: can read on DAG:example_time_delta_sensor_async
[2024-03-09T15:44:19.127+0530] {logging_mixin.py:188} INFO - [2024-03-09T15:44:19.127+0530] {override.py:1769} INFO - Created Permission View: can edit on DAG:example_time_delta_sensor_async
[2024-03-09T15:44:19.127+0530] {logging_mixin.py:188} INFO - [2024-03-09T15:44:19.127+0530] {dag.py:3047} INFO - Sync 1 DAGs
[2024-03-09T15:44:19.137+0530] {logging_mixin.py:188} INFO - [2024-03-09T15:44:19.136+0530] {dag.py:3069} INFO - Creating ORM DAG for example_time_delta_sensor_async
[2024-03-09T15:44:19.137+0530] {logging_mixin.py:188} INFO - [2024-03-09T15:44:19.137+0530] {dag.py:3834} INFO - Setting next_dagrun for example_time_delta_sensor_async to None, run_after=None
[2024-03-09T15:44:19.253+0530] {processor.py:183} INFO - Processing /home/kai/.local/lib/python3.10/site-packages/airflow/example_dags/example_time_delta_sensor_async.py took 0.304 seconds
[2024-03-09T15:45:20.589+0530] {processor.py:161} INFO - Started process (PID=4720) to work on /home/kai/.local/lib/python3.10/site-packages/airflow/example_dags/example_time_delta_sensor_async.py
[2024-03-09T15:45:20.590+0530] {processor.py:830} INFO - Processing file /home/kai/.local/lib/python3.10/site-packages/airflow/example_dags/example_time_delta_sensor_async.py for tasks to queue
[2024-03-09T15:45:20.591+0530] {logging_mixin.py:188} INFO - [2024-03-09T15:45:20.591+0530] {dagbag.py:540} INFO - Filling up the DagBag from /home/kai/.local/lib/python3.10/site-packages/airflow/example_dags/example_time_delta_sensor_async.py
[2024-03-09T15:45:20.596+0530] {processor.py:840} INFO - DAG(s) 'example_time_delta_sensor_async' retrieved from /home/kai/.local/lib/python3.10/site-packages/airflow/example_dags/example_time_delta_sensor_async.py
[2024-03-09T15:45:20.622+0530] {logging_mixin.py:188} INFO - [2024-03-09T15:45:20.622+0530] {dag.py:3047} INFO - Sync 1 DAGs
[2024-03-09T15:45:20.646+0530] {logging_mixin.py:188} INFO - [2024-03-09T15:45:20.645+0530] {dag.py:3834} INFO - Setting next_dagrun for example_time_delta_sensor_async to None, run_after=None
[2024-03-09T15:45:20.688+0530] {processor.py:183} INFO - Processing /home/kai/.local/lib/python3.10/site-packages/airflow/example_dags/example_time_delta_sensor_async.py took 0.115 seconds
[2024-03-09T15:46:16.115+0530] {processor.py:161} INFO - Started process (PID=4776) to work on /home/kai/.local/lib/python3.10/site-packages/airflow/example_dags/example_time_delta_sensor_async.py
[2024-03-09T15:46:16.118+0530] {processor.py:830} INFO - Processing file /home/kai/.local/lib/python3.10/site-packages/airflow/example_dags/example_time_delta_sensor_async.py for tasks to queue
[2024-03-09T15:46:16.119+0530] {logging_mixin.py:188} INFO - [2024-03-09T15:46:16.118+0530] {dagbag.py:540} INFO - Filling up the DagBag from /home/kai/.local/lib/python3.10/site-packages/airflow/example_dags/example_time_delta_sensor_async.py
[2024-03-09T15:46:16.123+0530] {processor.py:840} INFO - DAG(s) 'example_time_delta_sensor_async' retrieved from /home/kai/.local/lib/python3.10/site-packages/airflow/example_dags/example_time_delta_sensor_async.py
[2024-03-09T15:46:16.224+0530] {logging_mixin.py:188} INFO - [2024-03-09T15:46:16.223+0530] {dag.py:3047} INFO - Sync 1 DAGs
[2024-03-09T15:46:16.233+0530] {logging_mixin.py:188} INFO - [2024-03-09T15:46:16.233+0530] {dag.py:3834} INFO - Setting next_dagrun for example_time_delta_sensor_async to None, run_after=None
[2024-03-09T15:46:16.266+0530] {processor.py:183} INFO - Processing /home/kai/.local/lib/python3.10/site-packages/airflow/example_dags/example_time_delta_sensor_async.py took 0.154 seconds
[2024-03-09T15:47:05.418+0530] {processor.py:161} INFO - Started process (PID=4824) to work on /home/kai/.local/lib/python3.10/site-packages/airflow/example_dags/example_time_delta_sensor_async.py
[2024-03-09T15:47:05.421+0530] {processor.py:830} INFO - Processing file /home/kai/.local/lib/python3.10/site-packages/airflow/example_dags/example_time_delta_sensor_async.py for tasks to queue
[2024-03-09T15:47:05.424+0530] {logging_mixin.py:188} INFO - [2024-03-09T15:47:05.423+0530] {dagbag.py:540} INFO - Filling up the DagBag from /home/kai/.local/lib/python3.10/site-packages/airflow/example_dags/example_time_delta_sensor_async.py
[2024-03-09T15:47:05.431+0530] {processor.py:840} INFO - DAG(s) 'example_time_delta_sensor_async' retrieved from /home/kai/.local/lib/python3.10/site-packages/airflow/example_dags/example_time_delta_sensor_async.py
[2024-03-09T15:47:05.448+0530] {logging_mixin.py:188} INFO - [2024-03-09T15:47:05.448+0530] {dag.py:3047} INFO - Sync 1 DAGs
[2024-03-09T15:47:05.460+0530] {logging_mixin.py:188} INFO - [2024-03-09T15:47:05.460+0530] {dag.py:3834} INFO - Setting next_dagrun for example_time_delta_sensor_async to None, run_after=None
[2024-03-09T15:47:05.497+0530] {processor.py:183} INFO - Processing /home/kai/.local/lib/python3.10/site-packages/airflow/example_dags/example_time_delta_sensor_async.py took 0.084 seconds
[2024-03-09T15:48:00.969+0530] {processor.py:161} INFO - Started process (PID=4879) to work on /home/kai/.local/lib/python3.10/site-packages/airflow/example_dags/example_time_delta_sensor_async.py
[2024-03-09T15:48:00.972+0530] {processor.py:830} INFO - Processing file /home/kai/.local/lib/python3.10/site-packages/airflow/example_dags/example_time_delta_sensor_async.py for tasks to queue
[2024-03-09T15:48:00.973+0530] {logging_mixin.py:188} INFO - [2024-03-09T15:48:00.973+0530] {dagbag.py:540} INFO - Filling up the DagBag from /home/kai/.local/lib/python3.10/site-packages/airflow/example_dags/example_time_delta_sensor_async.py
[2024-03-09T15:48:00.978+0530] {processor.py:840} INFO - DAG(s) 'example_time_delta_sensor_async' retrieved from /home/kai/.local/lib/python3.10/site-packages/airflow/example_dags/example_time_delta_sensor_async.py
[2024-03-09T15:48:00.994+0530] {logging_mixin.py:188} INFO - [2024-03-09T15:48:00.994+0530] {dag.py:3047} INFO - Sync 1 DAGs
[2024-03-09T15:48:01.005+0530] {logging_mixin.py:188} INFO - [2024-03-09T15:48:01.005+0530] {dag.py:3834} INFO - Setting next_dagrun for example_time_delta_sensor_async to None, run_after=None
[2024-03-09T15:48:01.043+0530] {processor.py:183} INFO - Processing /home/kai/.local/lib/python3.10/site-packages/airflow/example_dags/example_time_delta_sensor_async.py took 0.078 seconds
[2024-03-09T15:49:03.942+0530] {processor.py:161} INFO - Started process (PID=4964) to work on /home/kai/.local/lib/python3.10/site-packages/airflow/example_dags/example_time_delta_sensor_async.py
[2024-03-09T15:49:03.944+0530] {processor.py:830} INFO - Processing file /home/kai/.local/lib/python3.10/site-packages/airflow/example_dags/example_time_delta_sensor_async.py for tasks to queue
[2024-03-09T15:49:03.945+0530] {logging_mixin.py:188} INFO - [2024-03-09T15:49:03.944+0530] {dagbag.py:540} INFO - Filling up the DagBag from /home/kai/.local/lib/python3.10/site-packages/airflow/example_dags/example_time_delta_sensor_async.py
[2024-03-09T15:49:03.950+0530] {processor.py:840} INFO - DAG(s) 'example_time_delta_sensor_async' retrieved from /home/kai/.local/lib/python3.10/site-packages/airflow/example_dags/example_time_delta_sensor_async.py
[2024-03-09T15:49:03.968+0530] {logging_mixin.py:188} INFO - [2024-03-09T15:49:03.968+0530] {dag.py:3047} INFO - Sync 1 DAGs
[2024-03-09T15:49:03.983+0530] {logging_mixin.py:188} INFO - [2024-03-09T15:49:03.983+0530] {dag.py:3834} INFO - Setting next_dagrun for example_time_delta_sensor_async to None, run_after=None
[2024-03-09T15:49:04.028+0530] {processor.py:183} INFO - Processing /home/kai/.local/lib/python3.10/site-packages/airflow/example_dags/example_time_delta_sensor_async.py took 0.091 seconds
[2024-03-09T15:49:55.716+0530] {processor.py:161} INFO - Started process (PID=5024) to work on /home/kai/.local/lib/python3.10/site-packages/airflow/example_dags/example_time_delta_sensor_async.py
[2024-03-09T15:49:55.719+0530] {processor.py:830} INFO - Processing file /home/kai/.local/lib/python3.10/site-packages/airflow/example_dags/example_time_delta_sensor_async.py for tasks to queue
[2024-03-09T15:49:55.720+0530] {logging_mixin.py:188} INFO - [2024-03-09T15:49:55.720+0530] {dagbag.py:540} INFO - Filling up the DagBag from /home/kai/.local/lib/python3.10/site-packages/airflow/example_dags/example_time_delta_sensor_async.py
[2024-03-09T15:49:55.725+0530] {processor.py:840} INFO - DAG(s) 'example_time_delta_sensor_async' retrieved from /home/kai/.local/lib/python3.10/site-packages/airflow/example_dags/example_time_delta_sensor_async.py
[2024-03-09T15:49:55.740+0530] {logging_mixin.py:188} INFO - [2024-03-09T15:49:55.740+0530] {dag.py:3047} INFO - Sync 1 DAGs
[2024-03-09T15:49:55.751+0530] {logging_mixin.py:188} INFO - [2024-03-09T15:49:55.751+0530] {dag.py:3834} INFO - Setting next_dagrun for example_time_delta_sensor_async to None, run_after=None
[2024-03-09T15:49:55.784+0530] {processor.py:183} INFO - Processing /home/kai/.local/lib/python3.10/site-packages/airflow/example_dags/example_time_delta_sensor_async.py took 0.072 seconds
[2024-03-09T15:51:10.197+0530] {processor.py:161} INFO - Started process (PID=5102) to work on /home/kai/.local/lib/python3.10/site-packages/airflow/example_dags/example_time_delta_sensor_async.py
[2024-03-09T15:51:10.198+0530] {processor.py:830} INFO - Processing file /home/kai/.local/lib/python3.10/site-packages/airflow/example_dags/example_time_delta_sensor_async.py for tasks to queue
[2024-03-09T15:51:10.199+0530] {logging_mixin.py:188} INFO - [2024-03-09T15:51:10.199+0530] {dagbag.py:540} INFO - Filling up the DagBag from /home/kai/.local/lib/python3.10/site-packages/airflow/example_dags/example_time_delta_sensor_async.py
[2024-03-09T15:51:10.205+0530] {processor.py:840} INFO - DAG(s) 'example_time_delta_sensor_async' retrieved from /home/kai/.local/lib/python3.10/site-packages/airflow/example_dags/example_time_delta_sensor_async.py
[2024-03-09T15:51:10.220+0530] {logging_mixin.py:188} INFO - [2024-03-09T15:51:10.220+0530] {dag.py:3047} INFO - Sync 1 DAGs
[2024-03-09T15:51:10.230+0530] {logging_mixin.py:188} INFO - [2024-03-09T15:51:10.230+0530] {dag.py:3834} INFO - Setting next_dagrun for example_time_delta_sensor_async to None, run_after=None
[2024-03-09T15:51:10.269+0530] {processor.py:183} INFO - Processing /home/kai/.local/lib/python3.10/site-packages/airflow/example_dags/example_time_delta_sensor_async.py took 0.076 seconds
[2024-03-09T15:52:03.220+0530] {processor.py:161} INFO - Started process (PID=5162) to work on /home/kai/.local/lib/python3.10/site-packages/airflow/example_dags/example_time_delta_sensor_async.py
[2024-03-09T15:52:03.223+0530] {processor.py:830} INFO - Processing file /home/kai/.local/lib/python3.10/site-packages/airflow/example_dags/example_time_delta_sensor_async.py for tasks to queue
[2024-03-09T15:52:03.225+0530] {logging_mixin.py:188} INFO - [2024-03-09T15:52:03.224+0530] {dagbag.py:540} INFO - Filling up the DagBag from /home/kai/.local/lib/python3.10/site-packages/airflow/example_dags/example_time_delta_sensor_async.py
[2024-03-09T15:52:03.230+0530] {processor.py:840} INFO - DAG(s) 'example_time_delta_sensor_async' retrieved from /home/kai/.local/lib/python3.10/site-packages/airflow/example_dags/example_time_delta_sensor_async.py
[2024-03-09T15:52:03.245+0530] {logging_mixin.py:188} INFO - [2024-03-09T15:52:03.244+0530] {dag.py:3047} INFO - Sync 1 DAGs
[2024-03-09T15:52:03.255+0530] {logging_mixin.py:188} INFO - [2024-03-09T15:52:03.254+0530] {dag.py:3834} INFO - Setting next_dagrun for example_time_delta_sensor_async to None, run_after=None
[2024-03-09T15:52:03.296+0530] {processor.py:183} INFO - Processing /home/kai/.local/lib/python3.10/site-packages/airflow/example_dags/example_time_delta_sensor_async.py took 0.081 seconds
[2024-03-09T15:52:55.100+0530] {processor.py:161} INFO - Started process (PID=5214) to work on /home/kai/.local/lib/python3.10/site-packages/airflow/example_dags/example_time_delta_sensor_async.py
[2024-03-09T15:52:55.103+0530] {processor.py:830} INFO - Processing file /home/kai/.local/lib/python3.10/site-packages/airflow/example_dags/example_time_delta_sensor_async.py for tasks to queue
[2024-03-09T15:52:55.104+0530] {logging_mixin.py:188} INFO - [2024-03-09T15:52:55.104+0530] {dagbag.py:540} INFO - Filling up the DagBag from /home/kai/.local/lib/python3.10/site-packages/airflow/example_dags/example_time_delta_sensor_async.py
[2024-03-09T15:52:55.110+0530] {processor.py:840} INFO - DAG(s) 'example_time_delta_sensor_async' retrieved from /home/kai/.local/lib/python3.10/site-packages/airflow/example_dags/example_time_delta_sensor_async.py
[2024-03-09T15:52:55.128+0530] {logging_mixin.py:188} INFO - [2024-03-09T15:52:55.128+0530] {dag.py:3047} INFO - Sync 1 DAGs
[2024-03-09T15:52:55.138+0530] {logging_mixin.py:188} INFO - [2024-03-09T15:52:55.138+0530] {dag.py:3834} INFO - Setting next_dagrun for example_time_delta_sensor_async to None, run_after=None
[2024-03-09T15:52:55.172+0530] {processor.py:183} INFO - Processing /home/kai/.local/lib/python3.10/site-packages/airflow/example_dags/example_time_delta_sensor_async.py took 0.076 seconds
[2024-03-09T15:53:47.268+0530] {processor.py:161} INFO - Started process (PID=5270) to work on /home/kai/.local/lib/python3.10/site-packages/airflow/example_dags/example_time_delta_sensor_async.py
[2024-03-09T15:53:47.271+0530] {processor.py:830} INFO - Processing file /home/kai/.local/lib/python3.10/site-packages/airflow/example_dags/example_time_delta_sensor_async.py for tasks to queue
[2024-03-09T15:53:47.273+0530] {logging_mixin.py:188} INFO - [2024-03-09T15:53:47.272+0530] {dagbag.py:540} INFO - Filling up the DagBag from /home/kai/.local/lib/python3.10/site-packages/airflow/example_dags/example_time_delta_sensor_async.py
[2024-03-09T15:53:47.281+0530] {processor.py:840} INFO - DAG(s) 'example_time_delta_sensor_async' retrieved from /home/kai/.local/lib/python3.10/site-packages/airflow/example_dags/example_time_delta_sensor_async.py
[2024-03-09T15:53:47.392+0530] {logging_mixin.py:188} INFO - [2024-03-09T15:53:47.390+0530] {dag.py:3047} INFO - Sync 1 DAGs
[2024-03-09T15:53:47.966+0530] {logging_mixin.py:188} INFO - [2024-03-09T15:53:47.966+0530] {dag.py:3834} INFO - Setting next_dagrun for example_time_delta_sensor_async to None, run_after=None
[2024-03-09T15:53:48.043+0530] {processor.py:183} INFO - Processing /home/kai/.local/lib/python3.10/site-packages/airflow/example_dags/example_time_delta_sensor_async.py took 0.779 seconds
