[2024-03-09T15:43:47.096+0530] {processor.py:161} INFO - Started process (PID=4632) to work on /home/kai/.local/lib/python3.10/site-packages/airflow/example_dags/example_dag_decorator.py
[2024-03-09T15:43:47.097+0530] {processor.py:830} INFO - Processing file /home/kai/.local/lib/python3.10/site-packages/airflow/example_dags/example_dag_decorator.py for tasks to queue
[2024-03-09T15:43:47.098+0530] {logging_mixin.py:188} INFO - [2024-03-09T15:43:47.098+0530] {dagbag.py:540} INFO - Filling up the DagBag from /home/kai/.local/lib/python3.10/site-packages/airflow/example_dags/example_dag_decorator.py
[2024-03-09T15:43:47.171+0530] {processor.py:840} INFO - DAG(s) 'example_dag_decorator' retrieved from /home/kai/.local/lib/python3.10/site-packages/airflow/example_dags/example_dag_decorator.py
[2024-03-09T15:43:47.389+0530] {logging_mixin.py:188} INFO - [2024-03-09T15:43:47.388+0530] {override.py:1769} INFO - Created Permission View: can delete on DAG:example_dag_decorator
[2024-03-09T15:43:47.419+0530] {logging_mixin.py:188} INFO - [2024-03-09T15:43:47.417+0530] {override.py:1769} INFO - Created Permission View: can read on DAG:example_dag_decorator
[2024-03-09T15:43:47.452+0530] {logging_mixin.py:188} INFO - [2024-03-09T15:43:47.452+0530] {override.py:1769} INFO - Created Permission View: can edit on DAG:example_dag_decorator
[2024-03-09T15:43:47.453+0530] {logging_mixin.py:188} INFO - [2024-03-09T15:43:47.453+0530] {dag.py:3047} INFO - Sync 1 DAGs
[2024-03-09T15:43:47.460+0530] {logging_mixin.py:188} INFO - [2024-03-09T15:43:47.460+0530] {dag.py:3069} INFO - Creating ORM DAG for example_dag_decorator
[2024-03-09T15:43:47.461+0530] {logging_mixin.py:188} INFO - [2024-03-09T15:43:47.461+0530] {dag.py:3834} INFO - Setting next_dagrun for example_dag_decorator to None, run_after=None
[2024-03-09T15:43:47.498+0530] {processor.py:183} INFO - Processing /home/kai/.local/lib/python3.10/site-packages/airflow/example_dags/example_dag_decorator.py took 0.405 seconds
[2024-03-09T15:44:50.814+0530] {processor.py:161} INFO - Started process (PID=4690) to work on /home/kai/.local/lib/python3.10/site-packages/airflow/example_dags/example_dag_decorator.py
[2024-03-09T15:44:50.816+0530] {processor.py:830} INFO - Processing file /home/kai/.local/lib/python3.10/site-packages/airflow/example_dags/example_dag_decorator.py for tasks to queue
[2024-03-09T15:44:50.817+0530] {logging_mixin.py:188} INFO - [2024-03-09T15:44:50.817+0530] {dagbag.py:540} INFO - Filling up the DagBag from /home/kai/.local/lib/python3.10/site-packages/airflow/example_dags/example_dag_decorator.py
[2024-03-09T15:44:50.912+0530] {processor.py:840} INFO - DAG(s) 'example_dag_decorator' retrieved from /home/kai/.local/lib/python3.10/site-packages/airflow/example_dags/example_dag_decorator.py
[2024-03-09T15:44:51.470+0530] {logging_mixin.py:188} INFO - [2024-03-09T15:44:51.470+0530] {dag.py:3047} INFO - Sync 1 DAGs
[2024-03-09T15:44:51.484+0530] {logging_mixin.py:188} INFO - [2024-03-09T15:44:51.484+0530] {dag.py:3834} INFO - Setting next_dagrun for example_dag_decorator to None, run_after=None
[2024-03-09T15:44:51.530+0530] {processor.py:183} INFO - Processing /home/kai/.local/lib/python3.10/site-packages/airflow/example_dags/example_dag_decorator.py took 0.720 seconds
[2024-03-09T15:45:46.078+0530] {processor.py:161} INFO - Started process (PID=4750) to work on /home/kai/.local/lib/python3.10/site-packages/airflow/example_dags/example_dag_decorator.py
[2024-03-09T15:45:46.079+0530] {processor.py:830} INFO - Processing file /home/kai/.local/lib/python3.10/site-packages/airflow/example_dags/example_dag_decorator.py for tasks to queue
[2024-03-09T15:45:46.080+0530] {logging_mixin.py:188} INFO - [2024-03-09T15:45:46.080+0530] {dagbag.py:540} INFO - Filling up the DagBag from /home/kai/.local/lib/python3.10/site-packages/airflow/example_dags/example_dag_decorator.py
[2024-03-09T15:45:46.249+0530] {processor.py:840} INFO - DAG(s) 'example_dag_decorator' retrieved from /home/kai/.local/lib/python3.10/site-packages/airflow/example_dags/example_dag_decorator.py
[2024-03-09T15:45:46.501+0530] {logging_mixin.py:188} INFO - [2024-03-09T15:45:46.500+0530] {dag.py:3047} INFO - Sync 1 DAGs
[2024-03-09T15:45:46.529+0530] {logging_mixin.py:188} INFO - [2024-03-09T15:45:46.529+0530] {dag.py:3834} INFO - Setting next_dagrun for example_dag_decorator to None, run_after=None
[2024-03-09T15:45:46.592+0530] {processor.py:183} INFO - Processing /home/kai/.local/lib/python3.10/site-packages/airflow/example_dags/example_dag_decorator.py took 0.517 seconds
[2024-03-09T15:46:35.438+0530] {processor.py:161} INFO - Started process (PID=4794) to work on /home/kai/.local/lib/python3.10/site-packages/airflow/example_dags/example_dag_decorator.py
[2024-03-09T15:46:35.440+0530] {processor.py:830} INFO - Processing file /home/kai/.local/lib/python3.10/site-packages/airflow/example_dags/example_dag_decorator.py for tasks to queue
[2024-03-09T15:46:35.442+0530] {logging_mixin.py:188} INFO - [2024-03-09T15:46:35.441+0530] {dagbag.py:540} INFO - Filling up the DagBag from /home/kai/.local/lib/python3.10/site-packages/airflow/example_dags/example_dag_decorator.py
[2024-03-09T15:46:35.516+0530] {processor.py:840} INFO - DAG(s) 'example_dag_decorator' retrieved from /home/kai/.local/lib/python3.10/site-packages/airflow/example_dags/example_dag_decorator.py
[2024-03-09T15:46:35.659+0530] {logging_mixin.py:188} INFO - [2024-03-09T15:46:35.658+0530] {dag.py:3047} INFO - Sync 1 DAGs
[2024-03-09T15:46:35.682+0530] {logging_mixin.py:188} INFO - [2024-03-09T15:46:35.682+0530] {dag.py:3834} INFO - Setting next_dagrun for example_dag_decorator to None, run_after=None
[2024-03-09T15:46:35.766+0530] {processor.py:183} INFO - Processing /home/kai/.local/lib/python3.10/site-packages/airflow/example_dags/example_dag_decorator.py took 0.331 seconds
[2024-03-09T15:47:16.916+0530] {processor.py:161} INFO - Started process (PID=4835) to work on /home/kai/.local/lib/python3.10/site-packages/airflow/example_dags/example_dag_decorator.py
[2024-03-09T15:47:16.919+0530] {processor.py:830} INFO - Processing file /home/kai/.local/lib/python3.10/site-packages/airflow/example_dags/example_dag_decorator.py for tasks to queue
[2024-03-09T15:47:16.920+0530] {logging_mixin.py:188} INFO - [2024-03-09T15:47:16.920+0530] {dagbag.py:540} INFO - Filling up the DagBag from /home/kai/.local/lib/python3.10/site-packages/airflow/example_dags/example_dag_decorator.py
[2024-03-09T15:47:16.992+0530] {processor.py:840} INFO - DAG(s) 'example_dag_decorator' retrieved from /home/kai/.local/lib/python3.10/site-packages/airflow/example_dags/example_dag_decorator.py
[2024-03-09T15:47:17.069+0530] {logging_mixin.py:188} INFO - [2024-03-09T15:47:17.069+0530] {dag.py:3047} INFO - Sync 1 DAGs
[2024-03-09T15:47:17.077+0530] {logging_mixin.py:188} INFO - [2024-03-09T15:47:17.076+0530] {dag.py:3834} INFO - Setting next_dagrun for example_dag_decorator to None, run_after=None
[2024-03-09T15:47:17.117+0530] {processor.py:183} INFO - Processing /home/kai/.local/lib/python3.10/site-packages/airflow/example_dags/example_dag_decorator.py took 0.204 seconds
[2024-03-09T15:48:22.633+0530] {processor.py:161} INFO - Started process (PID=4913) to work on /home/kai/.local/lib/python3.10/site-packages/airflow/example_dags/example_dag_decorator.py
[2024-03-09T15:48:22.636+0530] {processor.py:830} INFO - Processing file /home/kai/.local/lib/python3.10/site-packages/airflow/example_dags/example_dag_decorator.py for tasks to queue
[2024-03-09T15:48:22.637+0530] {logging_mixin.py:188} INFO - [2024-03-09T15:48:22.637+0530] {dagbag.py:540} INFO - Filling up the DagBag from /home/kai/.local/lib/python3.10/site-packages/airflow/example_dags/example_dag_decorator.py
[2024-03-09T15:48:22.725+0530] {processor.py:840} INFO - DAG(s) 'example_dag_decorator' retrieved from /home/kai/.local/lib/python3.10/site-packages/airflow/example_dags/example_dag_decorator.py
[2024-03-09T15:48:22.743+0530] {logging_mixin.py:188} INFO - [2024-03-09T15:48:22.743+0530] {dag.py:3047} INFO - Sync 1 DAGs
[2024-03-09T15:48:22.754+0530] {logging_mixin.py:188} INFO - [2024-03-09T15:48:22.754+0530] {dag.py:3834} INFO - Setting next_dagrun for example_dag_decorator to None, run_after=None
[2024-03-09T15:48:22.789+0530] {processor.py:183} INFO - Processing /home/kai/.local/lib/python3.10/site-packages/airflow/example_dags/example_dag_decorator.py took 0.162 seconds
[2024-03-09T15:49:11.899+0530] {processor.py:161} INFO - Started process (PID=4977) to work on /home/kai/.local/lib/python3.10/site-packages/airflow/example_dags/example_dag_decorator.py
[2024-03-09T15:49:11.902+0530] {processor.py:830} INFO - Processing file /home/kai/.local/lib/python3.10/site-packages/airflow/example_dags/example_dag_decorator.py for tasks to queue
[2024-03-09T15:49:11.903+0530] {logging_mixin.py:188} INFO - [2024-03-09T15:49:11.902+0530] {dagbag.py:540} INFO - Filling up the DagBag from /home/kai/.local/lib/python3.10/site-packages/airflow/example_dags/example_dag_decorator.py
[2024-03-09T15:49:11.980+0530] {processor.py:840} INFO - DAG(s) 'example_dag_decorator' retrieved from /home/kai/.local/lib/python3.10/site-packages/airflow/example_dags/example_dag_decorator.py
[2024-03-09T15:49:12.075+0530] {logging_mixin.py:188} INFO - [2024-03-09T15:49:12.074+0530] {dag.py:3047} INFO - Sync 1 DAGs
[2024-03-09T15:49:12.084+0530] {logging_mixin.py:188} INFO - [2024-03-09T15:49:12.084+0530] {dag.py:3834} INFO - Setting next_dagrun for example_dag_decorator to None, run_after=None
[2024-03-09T15:49:12.136+0530] {processor.py:183} INFO - Processing /home/kai/.local/lib/python3.10/site-packages/airflow/example_dags/example_dag_decorator.py took 0.243 seconds
[2024-03-09T15:49:48.040+0530] {processor.py:161} INFO - Started process (PID=5016) to work on /home/kai/.local/lib/python3.10/site-packages/airflow/example_dags/example_dag_decorator.py
[2024-03-09T15:49:48.044+0530] {processor.py:830} INFO - Processing file /home/kai/.local/lib/python3.10/site-packages/airflow/example_dags/example_dag_decorator.py for tasks to queue
[2024-03-09T15:49:48.045+0530] {logging_mixin.py:188} INFO - [2024-03-09T15:49:48.045+0530] {dagbag.py:540} INFO - Filling up the DagBag from /home/kai/.local/lib/python3.10/site-packages/airflow/example_dags/example_dag_decorator.py
[2024-03-09T15:49:48.119+0530] {processor.py:840} INFO - DAG(s) 'example_dag_decorator' retrieved from /home/kai/.local/lib/python3.10/site-packages/airflow/example_dags/example_dag_decorator.py
[2024-03-09T15:49:48.137+0530] {logging_mixin.py:188} INFO - [2024-03-09T15:49:48.137+0530] {dag.py:3047} INFO - Sync 1 DAGs
[2024-03-09T15:49:48.146+0530] {logging_mixin.py:188} INFO - [2024-03-09T15:49:48.146+0530] {dag.py:3834} INFO - Setting next_dagrun for example_dag_decorator to None, run_after=None
[2024-03-09T15:49:48.181+0530] {processor.py:183} INFO - Processing /home/kai/.local/lib/python3.10/site-packages/airflow/example_dags/example_dag_decorator.py took 0.145 seconds
[2024-03-09T15:50:48.257+0530] {processor.py:161} INFO - Started process (PID=5081) to work on /home/kai/.local/lib/python3.10/site-packages/airflow/example_dags/example_dag_decorator.py
[2024-03-09T15:50:48.260+0530] {processor.py:830} INFO - Processing file /home/kai/.local/lib/python3.10/site-packages/airflow/example_dags/example_dag_decorator.py for tasks to queue
[2024-03-09T15:50:48.261+0530] {logging_mixin.py:188} INFO - [2024-03-09T15:50:48.260+0530] {dagbag.py:540} INFO - Filling up the DagBag from /home/kai/.local/lib/python3.10/site-packages/airflow/example_dags/example_dag_decorator.py
[2024-03-09T15:50:48.340+0530] {processor.py:840} INFO - DAG(s) 'example_dag_decorator' retrieved from /home/kai/.local/lib/python3.10/site-packages/airflow/example_dags/example_dag_decorator.py
[2024-03-09T15:50:48.419+0530] {logging_mixin.py:188} INFO - [2024-03-09T15:50:48.419+0530] {dag.py:3047} INFO - Sync 1 DAGs
[2024-03-09T15:50:48.428+0530] {logging_mixin.py:188} INFO - [2024-03-09T15:50:48.428+0530] {dag.py:3834} INFO - Setting next_dagrun for example_dag_decorator to None, run_after=None
[2024-03-09T15:50:48.463+0530] {processor.py:183} INFO - Processing /home/kai/.local/lib/python3.10/site-packages/airflow/example_dags/example_dag_decorator.py took 0.209 seconds
[2024-03-09T15:51:36.269+0530] {processor.py:161} INFO - Started process (PID=5133) to work on /home/kai/.local/lib/python3.10/site-packages/airflow/example_dags/example_dag_decorator.py
[2024-03-09T15:51:36.272+0530] {processor.py:830} INFO - Processing file /home/kai/.local/lib/python3.10/site-packages/airflow/example_dags/example_dag_decorator.py for tasks to queue
[2024-03-09T15:51:36.273+0530] {logging_mixin.py:188} INFO - [2024-03-09T15:51:36.273+0530] {dagbag.py:540} INFO - Filling up the DagBag from /home/kai/.local/lib/python3.10/site-packages/airflow/example_dags/example_dag_decorator.py
[2024-03-09T15:51:36.345+0530] {processor.py:840} INFO - DAG(s) 'example_dag_decorator' retrieved from /home/kai/.local/lib/python3.10/site-packages/airflow/example_dags/example_dag_decorator.py
[2024-03-09T15:51:36.363+0530] {logging_mixin.py:188} INFO - [2024-03-09T15:51:36.363+0530] {dag.py:3047} INFO - Sync 1 DAGs
[2024-03-09T15:51:36.373+0530] {logging_mixin.py:188} INFO - [2024-03-09T15:51:36.372+0530] {dag.py:3834} INFO - Setting next_dagrun for example_dag_decorator to None, run_after=None
[2024-03-09T15:51:36.410+0530] {processor.py:183} INFO - Processing /home/kai/.local/lib/python3.10/site-packages/airflow/example_dags/example_dag_decorator.py took 0.144 seconds
[2024-03-09T15:52:12.470+0530] {processor.py:161} INFO - Started process (PID=5172) to work on /home/kai/.local/lib/python3.10/site-packages/airflow/example_dags/example_dag_decorator.py
[2024-03-09T15:52:12.473+0530] {processor.py:830} INFO - Processing file /home/kai/.local/lib/python3.10/site-packages/airflow/example_dags/example_dag_decorator.py for tasks to queue
[2024-03-09T15:52:12.474+0530] {logging_mixin.py:188} INFO - [2024-03-09T15:52:12.474+0530] {dagbag.py:540} INFO - Filling up the DagBag from /home/kai/.local/lib/python3.10/site-packages/airflow/example_dags/example_dag_decorator.py
[2024-03-09T15:52:12.547+0530] {processor.py:840} INFO - DAG(s) 'example_dag_decorator' retrieved from /home/kai/.local/lib/python3.10/site-packages/airflow/example_dags/example_dag_decorator.py
[2024-03-09T15:52:12.563+0530] {logging_mixin.py:188} INFO - [2024-03-09T15:52:12.563+0530] {dag.py:3047} INFO - Sync 1 DAGs
[2024-03-09T15:52:12.573+0530] {logging_mixin.py:188} INFO - [2024-03-09T15:52:12.573+0530] {dag.py:3834} INFO - Setting next_dagrun for example_dag_decorator to None, run_after=None
[2024-03-09T15:52:12.609+0530] {processor.py:183} INFO - Processing /home/kai/.local/lib/python3.10/site-packages/airflow/example_dags/example_dag_decorator.py took 0.142 seconds
[2024-03-09T15:53:04.198+0530] {processor.py:161} INFO - Started process (PID=5224) to work on /home/kai/.local/lib/python3.10/site-packages/airflow/example_dags/example_dag_decorator.py
[2024-03-09T15:53:04.201+0530] {processor.py:830} INFO - Processing file /home/kai/.local/lib/python3.10/site-packages/airflow/example_dags/example_dag_decorator.py for tasks to queue
[2024-03-09T15:53:04.202+0530] {logging_mixin.py:188} INFO - [2024-03-09T15:53:04.202+0530] {dagbag.py:540} INFO - Filling up the DagBag from /home/kai/.local/lib/python3.10/site-packages/airflow/example_dags/example_dag_decorator.py
[2024-03-09T15:53:04.282+0530] {processor.py:840} INFO - DAG(s) 'example_dag_decorator' retrieved from /home/kai/.local/lib/python3.10/site-packages/airflow/example_dags/example_dag_decorator.py
[2024-03-09T15:53:04.364+0530] {logging_mixin.py:188} INFO - [2024-03-09T15:53:04.364+0530] {dag.py:3047} INFO - Sync 1 DAGs
[2024-03-09T15:53:04.372+0530] {logging_mixin.py:188} INFO - [2024-03-09T15:53:04.372+0530] {dag.py:3834} INFO - Setting next_dagrun for example_dag_decorator to None, run_after=None
[2024-03-09T15:53:04.405+0530] {processor.py:183} INFO - Processing /home/kai/.local/lib/python3.10/site-packages/airflow/example_dags/example_dag_decorator.py took 0.211 seconds
[2024-03-09T15:53:40.476+0530] {processor.py:161} INFO - Started process (PID=5261) to work on /home/kai/.local/lib/python3.10/site-packages/airflow/example_dags/example_dag_decorator.py
[2024-03-09T15:53:40.479+0530] {processor.py:830} INFO - Processing file /home/kai/.local/lib/python3.10/site-packages/airflow/example_dags/example_dag_decorator.py for tasks to queue
[2024-03-09T15:53:40.479+0530] {logging_mixin.py:188} INFO - [2024-03-09T15:53:40.479+0530] {dagbag.py:540} INFO - Filling up the DagBag from /home/kai/.local/lib/python3.10/site-packages/airflow/example_dags/example_dag_decorator.py
[2024-03-09T15:53:40.551+0530] {processor.py:840} INFO - DAG(s) 'example_dag_decorator' retrieved from /home/kai/.local/lib/python3.10/site-packages/airflow/example_dags/example_dag_decorator.py
[2024-03-09T15:53:40.629+0530] {logging_mixin.py:188} INFO - [2024-03-09T15:53:40.629+0530] {dag.py:3047} INFO - Sync 1 DAGs
[2024-03-09T15:53:40.637+0530] {logging_mixin.py:188} INFO - [2024-03-09T15:53:40.637+0530] {dag.py:3834} INFO - Setting next_dagrun for example_dag_decorator to None, run_after=None
[2024-03-09T15:53:40.670+0530] {processor.py:183} INFO - Processing /home/kai/.local/lib/python3.10/site-packages/airflow/example_dags/example_dag_decorator.py took 0.198 seconds
[2024-03-09T15:54:16.789+0530] {processor.py:161} INFO - Started process (PID=5299) to work on /home/kai/.local/lib/python3.10/site-packages/airflow/example_dags/example_dag_decorator.py
[2024-03-09T15:54:16.792+0530] {processor.py:830} INFO - Processing file /home/kai/.local/lib/python3.10/site-packages/airflow/example_dags/example_dag_decorator.py for tasks to queue
[2024-03-09T15:54:16.793+0530] {logging_mixin.py:188} INFO - [2024-03-09T15:54:16.792+0530] {dagbag.py:540} INFO - Filling up the DagBag from /home/kai/.local/lib/python3.10/site-packages/airflow/example_dags/example_dag_decorator.py
[2024-03-09T15:54:16.869+0530] {processor.py:840} INFO - DAG(s) 'example_dag_decorator' retrieved from /home/kai/.local/lib/python3.10/site-packages/airflow/example_dags/example_dag_decorator.py
[2024-03-09T15:54:16.887+0530] {logging_mixin.py:188} INFO - [2024-03-09T15:54:16.887+0530] {dag.py:3047} INFO - Sync 1 DAGs
[2024-03-09T15:54:16.897+0530] {logging_mixin.py:188} INFO - [2024-03-09T15:54:16.897+0530] {dag.py:3834} INFO - Setting next_dagrun for example_dag_decorator to None, run_after=None
[2024-03-09T15:54:16.933+0530] {processor.py:183} INFO - Processing /home/kai/.local/lib/python3.10/site-packages/airflow/example_dags/example_dag_decorator.py took 0.147 seconds
