[2024-03-09T15:43:49.871+0530] {processor.py:161} INFO - Started process (PID=4634) to work on /home/kai/.local/lib/python3.10/site-packages/airflow/example_dags/example_subdag_operator.py
[2024-03-09T15:43:49.871+0530] {processor.py:830} INFO - Processing file /home/kai/.local/lib/python3.10/site-packages/airflow/example_dags/example_subdag_operator.py for tasks to queue
[2024-03-09T15:43:49.872+0530] {logging_mixin.py:188} INFO - [2024-03-09T15:43:49.872+0530] {dagbag.py:540} INFO - Filling up the DagBag from /home/kai/.local/lib/python3.10/site-packages/airflow/example_dags/example_subdag_operator.py
[2024-03-09T15:43:49.892+0530] {processor.py:840} INFO - DAG(s) 'example_subdag_operator.section-1', 'example_subdag_operator.section-2', 'example_subdag_operator' retrieved from /home/kai/.local/lib/python3.10/site-packages/airflow/example_dags/example_subdag_operator.py
[2024-03-09T15:43:50.020+0530] {logging_mixin.py:188} INFO - [2024-03-09T15:43:50.019+0530] {override.py:1769} INFO - Created Permission View: can delete on DAG:example_subdag_operator
[2024-03-09T15:43:50.045+0530] {logging_mixin.py:188} INFO - [2024-03-09T15:43:50.044+0530] {override.py:1769} INFO - Created Permission View: can read on DAG:example_subdag_operator
[2024-03-09T15:43:50.074+0530] {logging_mixin.py:188} INFO - [2024-03-09T15:43:50.073+0530] {override.py:1769} INFO - Created Permission View: can edit on DAG:example_subdag_operator
[2024-03-09T15:43:50.076+0530] {logging_mixin.py:188} INFO - [2024-03-09T15:43:50.075+0530] {dag.py:3047} INFO - Sync 3 DAGs
[2024-03-09T15:43:50.094+0530] {logging_mixin.py:188} INFO - [2024-03-09T15:43:50.093+0530] {dag.py:3069} INFO - Creating ORM DAG for example_subdag_operator
[2024-03-09T15:43:50.094+0530] {logging_mixin.py:188} INFO - [2024-03-09T15:43:50.094+0530] {dag.py:3069} INFO - Creating ORM DAG for example_subdag_operator.section-1
[2024-03-09T15:43:50.095+0530] {logging_mixin.py:188} INFO - [2024-03-09T15:43:50.095+0530] {dag.py:3069} INFO - Creating ORM DAG for example_subdag_operator.section-2
[2024-03-09T15:43:50.103+0530] {logging_mixin.py:188} INFO - [2024-03-09T15:43:50.103+0530] {dag.py:3834} INFO - Setting next_dagrun for example_subdag_operator to 2022-01-01 00:00:00+00:00, run_after=2022-01-01 00:00:00+00:00
[2024-03-09T15:43:50.104+0530] {logging_mixin.py:188} INFO - [2024-03-09T15:43:50.104+0530] {dag.py:3834} INFO - Setting next_dagrun for example_subdag_operator.section-1 to None, run_after=None
[2024-03-09T15:43:50.104+0530] {logging_mixin.py:188} INFO - [2024-03-09T15:43:50.104+0530] {dag.py:3834} INFO - Setting next_dagrun for example_subdag_operator.section-2 to None, run_after=None
[2024-03-09T15:43:50.110+0530] {logging_mixin.py:188} INFO - [2024-03-09T15:43:50.109+0530] {dag.py:3047} INFO - Sync 2 DAGs
[2024-03-09T15:43:50.115+0530] {logging_mixin.py:188} INFO - [2024-03-09T15:43:50.114+0530] {dag.py:3834} INFO - Setting next_dagrun for example_subdag_operator.section-1 to None, run_after=None
[2024-03-09T15:43:50.200+0530] {logging_mixin.py:188} INFO - [2024-03-09T15:43:50.200+0530] {dag.py:3834} INFO - Setting next_dagrun for example_subdag_operator.section-2 to None, run_after=None
[2024-03-09T15:43:50.249+0530] {processor.py:183} INFO - Processing /home/kai/.local/lib/python3.10/site-packages/airflow/example_dags/example_subdag_operator.py took 0.381 seconds
[2024-03-09T15:44:53.861+0530] {processor.py:161} INFO - Started process (PID=4692) to work on /home/kai/.local/lib/python3.10/site-packages/airflow/example_dags/example_subdag_operator.py
[2024-03-09T15:44:53.863+0530] {processor.py:830} INFO - Processing file /home/kai/.local/lib/python3.10/site-packages/airflow/example_dags/example_subdag_operator.py for tasks to queue
[2024-03-09T15:44:53.864+0530] {logging_mixin.py:188} INFO - [2024-03-09T15:44:53.863+0530] {dagbag.py:540} INFO - Filling up the DagBag from /home/kai/.local/lib/python3.10/site-packages/airflow/example_dags/example_subdag_operator.py
[2024-03-09T15:44:53.884+0530] {processor.py:840} INFO - DAG(s) 'example_subdag_operator.section-1', 'example_subdag_operator.section-2', 'example_subdag_operator' retrieved from /home/kai/.local/lib/python3.10/site-packages/airflow/example_dags/example_subdag_operator.py
[2024-03-09T15:44:53.898+0530] {logging_mixin.py:188} INFO - [2024-03-09T15:44:53.898+0530] {dag.py:3047} INFO - Sync 3 DAGs
[2024-03-09T15:44:53.913+0530] {logging_mixin.py:188} INFO - [2024-03-09T15:44:53.913+0530] {dag.py:3834} INFO - Setting next_dagrun for example_subdag_operator to 2022-01-01 00:00:00+00:00, run_after=2022-01-01 00:00:00+00:00
[2024-03-09T15:44:53.916+0530] {logging_mixin.py:188} INFO - [2024-03-09T15:44:53.916+0530] {dag.py:3834} INFO - Setting next_dagrun for example_subdag_operator.section-1 to None, run_after=None
[2024-03-09T15:44:53.917+0530] {logging_mixin.py:188} INFO - [2024-03-09T15:44:53.916+0530] {dag.py:3834} INFO - Setting next_dagrun for example_subdag_operator.section-2 to None, run_after=None
[2024-03-09T15:44:53.922+0530] {logging_mixin.py:188} INFO - [2024-03-09T15:44:53.921+0530] {dag.py:3047} INFO - Sync 2 DAGs
[2024-03-09T15:44:53.925+0530] {logging_mixin.py:188} INFO - [2024-03-09T15:44:53.925+0530] {dag.py:3834} INFO - Setting next_dagrun for example_subdag_operator.section-1 to None, run_after=None
[2024-03-09T15:44:53.925+0530] {logging_mixin.py:188} INFO - [2024-03-09T15:44:53.925+0530] {dag.py:3834} INFO - Setting next_dagrun for example_subdag_operator.section-2 to None, run_after=None
[2024-03-09T15:44:53.953+0530] {processor.py:183} INFO - Processing /home/kai/.local/lib/python3.10/site-packages/airflow/example_dags/example_subdag_operator.py took 0.095 seconds
[2024-03-09T15:45:48.998+0530] {processor.py:161} INFO - Started process (PID=4752) to work on /home/kai/.local/lib/python3.10/site-packages/airflow/example_dags/example_subdag_operator.py
[2024-03-09T15:45:48.999+0530] {processor.py:830} INFO - Processing file /home/kai/.local/lib/python3.10/site-packages/airflow/example_dags/example_subdag_operator.py for tasks to queue
[2024-03-09T15:45:49.000+0530] {logging_mixin.py:188} INFO - [2024-03-09T15:45:49.000+0530] {dagbag.py:540} INFO - Filling up the DagBag from /home/kai/.local/lib/python3.10/site-packages/airflow/example_dags/example_subdag_operator.py
[2024-03-09T15:45:49.020+0530] {processor.py:840} INFO - DAG(s) 'example_subdag_operator.section-1', 'example_subdag_operator.section-2', 'example_subdag_operator' retrieved from /home/kai/.local/lib/python3.10/site-packages/airflow/example_dags/example_subdag_operator.py
[2024-03-09T15:45:49.033+0530] {logging_mixin.py:188} INFO - [2024-03-09T15:45:49.032+0530] {dag.py:3047} INFO - Sync 3 DAGs
[2024-03-09T15:45:49.130+0530] {logging_mixin.py:188} INFO - [2024-03-09T15:45:49.130+0530] {dag.py:3834} INFO - Setting next_dagrun for example_subdag_operator to 2022-01-01 00:00:00+00:00, run_after=2022-01-01 00:00:00+00:00
[2024-03-09T15:45:49.133+0530] {logging_mixin.py:188} INFO - [2024-03-09T15:45:49.133+0530] {dag.py:3834} INFO - Setting next_dagrun for example_subdag_operator.section-1 to None, run_after=None
[2024-03-09T15:45:49.134+0530] {logging_mixin.py:188} INFO - [2024-03-09T15:45:49.134+0530] {dag.py:3834} INFO - Setting next_dagrun for example_subdag_operator.section-2 to None, run_after=None
[2024-03-09T15:45:49.139+0530] {logging_mixin.py:188} INFO - [2024-03-09T15:45:49.139+0530] {dag.py:3047} INFO - Sync 2 DAGs
[2024-03-09T15:45:49.143+0530] {logging_mixin.py:188} INFO - [2024-03-09T15:45:49.143+0530] {dag.py:3834} INFO - Setting next_dagrun for example_subdag_operator.section-1 to None, run_after=None
[2024-03-09T15:45:49.144+0530] {logging_mixin.py:188} INFO - [2024-03-09T15:45:49.143+0530] {dag.py:3834} INFO - Setting next_dagrun for example_subdag_operator.section-2 to None, run_after=None
[2024-03-09T15:45:49.171+0530] {processor.py:183} INFO - Processing /home/kai/.local/lib/python3.10/site-packages/airflow/example_dags/example_subdag_operator.py took 0.177 seconds
[2024-03-09T15:46:37.211+0530] {processor.py:161} INFO - Started process (PID=4796) to work on /home/kai/.local/lib/python3.10/site-packages/airflow/example_dags/example_subdag_operator.py
[2024-03-09T15:46:37.214+0530] {processor.py:830} INFO - Processing file /home/kai/.local/lib/python3.10/site-packages/airflow/example_dags/example_subdag_operator.py for tasks to queue
[2024-03-09T15:46:37.215+0530] {logging_mixin.py:188} INFO - [2024-03-09T15:46:37.215+0530] {dagbag.py:540} INFO - Filling up the DagBag from /home/kai/.local/lib/python3.10/site-packages/airflow/example_dags/example_subdag_operator.py
[2024-03-09T15:46:37.237+0530] {processor.py:840} INFO - DAG(s) 'example_subdag_operator.section-1', 'example_subdag_operator.section-2', 'example_subdag_operator' retrieved from /home/kai/.local/lib/python3.10/site-packages/airflow/example_dags/example_subdag_operator.py
[2024-03-09T15:46:37.255+0530] {logging_mixin.py:188} INFO - [2024-03-09T15:46:37.255+0530] {dag.py:3047} INFO - Sync 3 DAGs
[2024-03-09T15:46:37.284+0530] {logging_mixin.py:188} INFO - [2024-03-09T15:46:37.284+0530] {dag.py:3834} INFO - Setting next_dagrun for example_subdag_operator to 2022-01-01 00:00:00+00:00, run_after=2022-01-01 00:00:00+00:00
[2024-03-09T15:46:37.292+0530] {logging_mixin.py:188} INFO - [2024-03-09T15:46:37.292+0530] {dag.py:3834} INFO - Setting next_dagrun for example_subdag_operator.section-1 to None, run_after=None
[2024-03-09T15:46:37.294+0530] {logging_mixin.py:188} INFO - [2024-03-09T15:46:37.294+0530] {dag.py:3834} INFO - Setting next_dagrun for example_subdag_operator.section-2 to None, run_after=None
[2024-03-09T15:46:37.306+0530] {logging_mixin.py:188} INFO - [2024-03-09T15:46:37.306+0530] {dag.py:3047} INFO - Sync 2 DAGs
[2024-03-09T15:46:37.314+0530] {logging_mixin.py:188} INFO - [2024-03-09T15:46:37.314+0530] {dag.py:3834} INFO - Setting next_dagrun for example_subdag_operator.section-1 to None, run_after=None
[2024-03-09T15:46:37.314+0530] {logging_mixin.py:188} INFO - [2024-03-09T15:46:37.314+0530] {dag.py:3834} INFO - Setting next_dagrun for example_subdag_operator.section-2 to None, run_after=None
[2024-03-09T15:46:37.350+0530] {processor.py:183} INFO - Processing /home/kai/.local/lib/python3.10/site-packages/airflow/example_dags/example_subdag_operator.py took 0.144 seconds
[2024-03-09T15:47:26.207+0530] {processor.py:161} INFO - Started process (PID=4845) to work on /home/kai/.local/lib/python3.10/site-packages/airflow/example_dags/example_subdag_operator.py
[2024-03-09T15:47:26.209+0530] {processor.py:830} INFO - Processing file /home/kai/.local/lib/python3.10/site-packages/airflow/example_dags/example_subdag_operator.py for tasks to queue
[2024-03-09T15:47:26.210+0530] {logging_mixin.py:188} INFO - [2024-03-09T15:47:26.210+0530] {dagbag.py:540} INFO - Filling up the DagBag from /home/kai/.local/lib/python3.10/site-packages/airflow/example_dags/example_subdag_operator.py
[2024-03-09T15:47:26.231+0530] {processor.py:840} INFO - DAG(s) 'example_subdag_operator.section-1', 'example_subdag_operator.section-2', 'example_subdag_operator' retrieved from /home/kai/.local/lib/python3.10/site-packages/airflow/example_dags/example_subdag_operator.py
[2024-03-09T15:47:26.246+0530] {logging_mixin.py:188} INFO - [2024-03-09T15:47:26.246+0530] {dag.py:3047} INFO - Sync 3 DAGs
[2024-03-09T15:47:26.265+0530] {logging_mixin.py:188} INFO - [2024-03-09T15:47:26.265+0530] {dag.py:3834} INFO - Setting next_dagrun for example_subdag_operator to 2022-01-01 00:00:00+00:00, run_after=2022-01-01 00:00:00+00:00
[2024-03-09T15:47:26.268+0530] {logging_mixin.py:188} INFO - [2024-03-09T15:47:26.267+0530] {dag.py:3834} INFO - Setting next_dagrun for example_subdag_operator.section-1 to None, run_after=None
[2024-03-09T15:47:26.270+0530] {logging_mixin.py:188} INFO - [2024-03-09T15:47:26.269+0530] {dag.py:3834} INFO - Setting next_dagrun for example_subdag_operator.section-2 to None, run_after=None
[2024-03-09T15:47:26.276+0530] {logging_mixin.py:188} INFO - [2024-03-09T15:47:26.276+0530] {dag.py:3047} INFO - Sync 2 DAGs
[2024-03-09T15:47:26.279+0530] {logging_mixin.py:188} INFO - [2024-03-09T15:47:26.279+0530] {dag.py:3834} INFO - Setting next_dagrun for example_subdag_operator.section-1 to None, run_after=None
[2024-03-09T15:47:26.280+0530] {logging_mixin.py:188} INFO - [2024-03-09T15:47:26.280+0530] {dag.py:3834} INFO - Setting next_dagrun for example_subdag_operator.section-2 to None, run_after=None
[2024-03-09T15:47:26.311+0530] {processor.py:183} INFO - Processing /home/kai/.local/lib/python3.10/site-packages/airflow/example_dags/example_subdag_operator.py took 0.109 seconds
[2024-03-09T15:48:24.938+0530] {processor.py:161} INFO - Started process (PID=4918) to work on /home/kai/.local/lib/python3.10/site-packages/airflow/example_dags/example_subdag_operator.py
[2024-03-09T15:48:24.941+0530] {processor.py:830} INFO - Processing file /home/kai/.local/lib/python3.10/site-packages/airflow/example_dags/example_subdag_operator.py for tasks to queue
[2024-03-09T15:48:24.942+0530] {logging_mixin.py:188} INFO - [2024-03-09T15:48:24.941+0530] {dagbag.py:540} INFO - Filling up the DagBag from /home/kai/.local/lib/python3.10/site-packages/airflow/example_dags/example_subdag_operator.py
[2024-03-09T15:48:24.962+0530] {processor.py:840} INFO - DAG(s) 'example_subdag_operator.section-1', 'example_subdag_operator.section-2', 'example_subdag_operator' retrieved from /home/kai/.local/lib/python3.10/site-packages/airflow/example_dags/example_subdag_operator.py
[2024-03-09T15:48:24.975+0530] {logging_mixin.py:188} INFO - [2024-03-09T15:48:24.975+0530] {dag.py:3047} INFO - Sync 3 DAGs
[2024-03-09T15:48:24.992+0530] {logging_mixin.py:188} INFO - [2024-03-09T15:48:24.992+0530] {dag.py:3834} INFO - Setting next_dagrun for example_subdag_operator to 2022-01-01 00:00:00+00:00, run_after=2022-01-01 00:00:00+00:00
[2024-03-09T15:48:24.995+0530] {logging_mixin.py:188} INFO - [2024-03-09T15:48:24.995+0530] {dag.py:3834} INFO - Setting next_dagrun for example_subdag_operator.section-1 to None, run_after=None
[2024-03-09T15:48:24.996+0530] {logging_mixin.py:188} INFO - [2024-03-09T15:48:24.996+0530] {dag.py:3834} INFO - Setting next_dagrun for example_subdag_operator.section-2 to None, run_after=None
[2024-03-09T15:48:25.001+0530] {logging_mixin.py:188} INFO - [2024-03-09T15:48:25.001+0530] {dag.py:3047} INFO - Sync 2 DAGs
[2024-03-09T15:48:25.005+0530] {logging_mixin.py:188} INFO - [2024-03-09T15:48:25.005+0530] {dag.py:3834} INFO - Setting next_dagrun for example_subdag_operator.section-1 to None, run_after=None
[2024-03-09T15:48:25.006+0530] {logging_mixin.py:188} INFO - [2024-03-09T15:48:25.005+0530] {dag.py:3834} INFO - Setting next_dagrun for example_subdag_operator.section-2 to None, run_after=None
[2024-03-09T15:48:25.037+0530] {processor.py:183} INFO - Processing /home/kai/.local/lib/python3.10/site-packages/airflow/example_dags/example_subdag_operator.py took 0.103 seconds
[2024-03-09T15:49:14.488+0530] {processor.py:161} INFO - Started process (PID=4979) to work on /home/kai/.local/lib/python3.10/site-packages/airflow/example_dags/example_subdag_operator.py
[2024-03-09T15:49:14.491+0530] {processor.py:830} INFO - Processing file /home/kai/.local/lib/python3.10/site-packages/airflow/example_dags/example_subdag_operator.py for tasks to queue
[2024-03-09T15:49:14.492+0530] {logging_mixin.py:188} INFO - [2024-03-09T15:49:14.492+0530] {dagbag.py:540} INFO - Filling up the DagBag from /home/kai/.local/lib/python3.10/site-packages/airflow/example_dags/example_subdag_operator.py
[2024-03-09T15:49:14.514+0530] {processor.py:840} INFO - DAG(s) 'example_subdag_operator.section-1', 'example_subdag_operator.section-2', 'example_subdag_operator' retrieved from /home/kai/.local/lib/python3.10/site-packages/airflow/example_dags/example_subdag_operator.py
[2024-03-09T15:49:14.528+0530] {logging_mixin.py:188} INFO - [2024-03-09T15:49:14.527+0530] {dag.py:3047} INFO - Sync 3 DAGs
[2024-03-09T15:49:14.546+0530] {logging_mixin.py:188} INFO - [2024-03-09T15:49:14.546+0530] {dag.py:3834} INFO - Setting next_dagrun for example_subdag_operator to 2022-01-01 00:00:00+00:00, run_after=2022-01-01 00:00:00+00:00
[2024-03-09T15:49:14.549+0530] {logging_mixin.py:188} INFO - [2024-03-09T15:49:14.548+0530] {dag.py:3834} INFO - Setting next_dagrun for example_subdag_operator.section-1 to None, run_after=None
[2024-03-09T15:49:14.550+0530] {logging_mixin.py:188} INFO - [2024-03-09T15:49:14.549+0530] {dag.py:3834} INFO - Setting next_dagrun for example_subdag_operator.section-2 to None, run_after=None
[2024-03-09T15:49:14.555+0530] {logging_mixin.py:188} INFO - [2024-03-09T15:49:14.555+0530] {dag.py:3047} INFO - Sync 2 DAGs
[2024-03-09T15:49:14.559+0530] {logging_mixin.py:188} INFO - [2024-03-09T15:49:14.559+0530] {dag.py:3834} INFO - Setting next_dagrun for example_subdag_operator.section-1 to None, run_after=None
[2024-03-09T15:49:14.559+0530] {logging_mixin.py:188} INFO - [2024-03-09T15:49:14.559+0530] {dag.py:3834} INFO - Setting next_dagrun for example_subdag_operator.section-2 to None, run_after=None
[2024-03-09T15:49:14.590+0530] {processor.py:183} INFO - Processing /home/kai/.local/lib/python3.10/site-packages/airflow/example_dags/example_subdag_operator.py took 0.106 seconds
[2024-03-09T15:50:05.986+0530] {processor.py:161} INFO - Started process (PID=5037) to work on /home/kai/.local/lib/python3.10/site-packages/airflow/example_dags/example_subdag_operator.py
[2024-03-09T15:50:05.989+0530] {processor.py:830} INFO - Processing file /home/kai/.local/lib/python3.10/site-packages/airflow/example_dags/example_subdag_operator.py for tasks to queue
[2024-03-09T15:50:05.990+0530] {logging_mixin.py:188} INFO - [2024-03-09T15:50:05.990+0530] {dagbag.py:540} INFO - Filling up the DagBag from /home/kai/.local/lib/python3.10/site-packages/airflow/example_dags/example_subdag_operator.py
[2024-03-09T15:50:06.012+0530] {processor.py:840} INFO - DAG(s) 'example_subdag_operator.section-1', 'example_subdag_operator.section-2', 'example_subdag_operator' retrieved from /home/kai/.local/lib/python3.10/site-packages/airflow/example_dags/example_subdag_operator.py
[2024-03-09T15:50:06.026+0530] {logging_mixin.py:188} INFO - [2024-03-09T15:50:06.025+0530] {dag.py:3047} INFO - Sync 3 DAGs
[2024-03-09T15:50:06.042+0530] {logging_mixin.py:188} INFO - [2024-03-09T15:50:06.042+0530] {dag.py:3834} INFO - Setting next_dagrun for example_subdag_operator to 2022-01-01 00:00:00+00:00, run_after=2022-01-01 00:00:00+00:00
[2024-03-09T15:50:06.045+0530] {logging_mixin.py:188} INFO - [2024-03-09T15:50:06.045+0530] {dag.py:3834} INFO - Setting next_dagrun for example_subdag_operator.section-1 to None, run_after=None
[2024-03-09T15:50:06.046+0530] {logging_mixin.py:188} INFO - [2024-03-09T15:50:06.046+0530] {dag.py:3834} INFO - Setting next_dagrun for example_subdag_operator.section-2 to None, run_after=None
[2024-03-09T15:50:06.051+0530] {logging_mixin.py:188} INFO - [2024-03-09T15:50:06.051+0530] {dag.py:3047} INFO - Sync 2 DAGs
[2024-03-09T15:50:06.055+0530] {logging_mixin.py:188} INFO - [2024-03-09T15:50:06.054+0530] {dag.py:3834} INFO - Setting next_dagrun for example_subdag_operator.section-1 to None, run_after=None
[2024-03-09T15:50:06.055+0530] {logging_mixin.py:188} INFO - [2024-03-09T15:50:06.055+0530] {dag.py:3834} INFO - Setting next_dagrun for example_subdag_operator.section-2 to None, run_after=None
[2024-03-09T15:50:06.098+0530] {processor.py:183} INFO - Processing /home/kai/.local/lib/python3.10/site-packages/airflow/example_dags/example_subdag_operator.py took 0.116 seconds
[2024-03-09T15:50:50.767+0530] {processor.py:161} INFO - Started process (PID=5083) to work on /home/kai/.local/lib/python3.10/site-packages/airflow/example_dags/example_subdag_operator.py
[2024-03-09T15:50:50.769+0530] {processor.py:830} INFO - Processing file /home/kai/.local/lib/python3.10/site-packages/airflow/example_dags/example_subdag_operator.py for tasks to queue
[2024-03-09T15:50:50.770+0530] {logging_mixin.py:188} INFO - [2024-03-09T15:50:50.770+0530] {dagbag.py:540} INFO - Filling up the DagBag from /home/kai/.local/lib/python3.10/site-packages/airflow/example_dags/example_subdag_operator.py
[2024-03-09T15:50:50.790+0530] {processor.py:840} INFO - DAG(s) 'example_subdag_operator.section-1', 'example_subdag_operator.section-2', 'example_subdag_operator' retrieved from /home/kai/.local/lib/python3.10/site-packages/airflow/example_dags/example_subdag_operator.py
[2024-03-09T15:50:50.804+0530] {logging_mixin.py:188} INFO - [2024-03-09T15:50:50.803+0530] {dag.py:3047} INFO - Sync 3 DAGs
[2024-03-09T15:50:50.820+0530] {logging_mixin.py:188} INFO - [2024-03-09T15:50:50.820+0530] {dag.py:3834} INFO - Setting next_dagrun for example_subdag_operator to 2022-01-01 00:00:00+00:00, run_after=2022-01-01 00:00:00+00:00
[2024-03-09T15:50:50.823+0530] {logging_mixin.py:188} INFO - [2024-03-09T15:50:50.823+0530] {dag.py:3834} INFO - Setting next_dagrun for example_subdag_operator.section-1 to None, run_after=None
[2024-03-09T15:50:50.824+0530] {logging_mixin.py:188} INFO - [2024-03-09T15:50:50.823+0530] {dag.py:3834} INFO - Setting next_dagrun for example_subdag_operator.section-2 to None, run_after=None
[2024-03-09T15:50:50.829+0530] {logging_mixin.py:188} INFO - [2024-03-09T15:50:50.829+0530] {dag.py:3047} INFO - Sync 2 DAGs
[2024-03-09T15:50:50.832+0530] {logging_mixin.py:188} INFO - [2024-03-09T15:50:50.832+0530] {dag.py:3834} INFO - Setting next_dagrun for example_subdag_operator.section-1 to None, run_after=None
[2024-03-09T15:50:50.833+0530] {logging_mixin.py:188} INFO - [2024-03-09T15:50:50.833+0530] {dag.py:3834} INFO - Setting next_dagrun for example_subdag_operator.section-2 to None, run_after=None
[2024-03-09T15:50:50.866+0530] {processor.py:183} INFO - Processing /home/kai/.local/lib/python3.10/site-packages/airflow/example_dags/example_subdag_operator.py took 0.105 seconds
[2024-03-09T15:51:38.453+0530] {processor.py:161} INFO - Started process (PID=5135) to work on /home/kai/.local/lib/python3.10/site-packages/airflow/example_dags/example_subdag_operator.py
[2024-03-09T15:51:38.455+0530] {processor.py:830} INFO - Processing file /home/kai/.local/lib/python3.10/site-packages/airflow/example_dags/example_subdag_operator.py for tasks to queue
[2024-03-09T15:51:38.455+0530] {logging_mixin.py:188} INFO - [2024-03-09T15:51:38.455+0530] {dagbag.py:540} INFO - Filling up the DagBag from /home/kai/.local/lib/python3.10/site-packages/airflow/example_dags/example_subdag_operator.py
[2024-03-09T15:51:38.475+0530] {processor.py:840} INFO - DAG(s) 'example_subdag_operator.section-1', 'example_subdag_operator.section-2', 'example_subdag_operator' retrieved from /home/kai/.local/lib/python3.10/site-packages/airflow/example_dags/example_subdag_operator.py
[2024-03-09T15:51:38.488+0530] {logging_mixin.py:188} INFO - [2024-03-09T15:51:38.488+0530] {dag.py:3047} INFO - Sync 3 DAGs
[2024-03-09T15:51:38.504+0530] {logging_mixin.py:188} INFO - [2024-03-09T15:51:38.504+0530] {dag.py:3834} INFO - Setting next_dagrun for example_subdag_operator to 2022-01-01 00:00:00+00:00, run_after=2022-01-01 00:00:00+00:00
[2024-03-09T15:51:38.507+0530] {logging_mixin.py:188} INFO - [2024-03-09T15:51:38.507+0530] {dag.py:3834} INFO - Setting next_dagrun for example_subdag_operator.section-1 to None, run_after=None
[2024-03-09T15:51:38.508+0530] {logging_mixin.py:188} INFO - [2024-03-09T15:51:38.508+0530] {dag.py:3834} INFO - Setting next_dagrun for example_subdag_operator.section-2 to None, run_after=None
[2024-03-09T15:51:38.513+0530] {logging_mixin.py:188} INFO - [2024-03-09T15:51:38.513+0530] {dag.py:3047} INFO - Sync 2 DAGs
[2024-03-09T15:51:38.516+0530] {logging_mixin.py:188} INFO - [2024-03-09T15:51:38.516+0530] {dag.py:3834} INFO - Setting next_dagrun for example_subdag_operator.section-1 to None, run_after=None
[2024-03-09T15:51:38.516+0530] {logging_mixin.py:188} INFO - [2024-03-09T15:51:38.516+0530] {dag.py:3834} INFO - Setting next_dagrun for example_subdag_operator.section-2 to None, run_after=None
[2024-03-09T15:51:38.545+0530] {processor.py:183} INFO - Processing /home/kai/.local/lib/python3.10/site-packages/airflow/example_dags/example_subdag_operator.py took 0.095 seconds
[2024-03-09T15:52:29.319+0530] {processor.py:161} INFO - Started process (PID=5189) to work on /home/kai/.local/lib/python3.10/site-packages/airflow/example_dags/example_subdag_operator.py
[2024-03-09T15:52:29.322+0530] {processor.py:830} INFO - Processing file /home/kai/.local/lib/python3.10/site-packages/airflow/example_dags/example_subdag_operator.py for tasks to queue
[2024-03-09T15:52:29.323+0530] {logging_mixin.py:188} INFO - [2024-03-09T15:52:29.323+0530] {dagbag.py:540} INFO - Filling up the DagBag from /home/kai/.local/lib/python3.10/site-packages/airflow/example_dags/example_subdag_operator.py
[2024-03-09T15:52:29.342+0530] {processor.py:840} INFO - DAG(s) 'example_subdag_operator.section-1', 'example_subdag_operator.section-2', 'example_subdag_operator' retrieved from /home/kai/.local/lib/python3.10/site-packages/airflow/example_dags/example_subdag_operator.py
[2024-03-09T15:52:29.356+0530] {logging_mixin.py:188} INFO - [2024-03-09T15:52:29.355+0530] {dag.py:3047} INFO - Sync 3 DAGs
[2024-03-09T15:52:29.372+0530] {logging_mixin.py:188} INFO - [2024-03-09T15:52:29.372+0530] {dag.py:3834} INFO - Setting next_dagrun for example_subdag_operator to 2022-01-01 00:00:00+00:00, run_after=2022-01-01 00:00:00+00:00
[2024-03-09T15:52:29.375+0530] {logging_mixin.py:188} INFO - [2024-03-09T15:52:29.375+0530] {dag.py:3834} INFO - Setting next_dagrun for example_subdag_operator.section-1 to None, run_after=None
[2024-03-09T15:52:29.376+0530] {logging_mixin.py:188} INFO - [2024-03-09T15:52:29.376+0530] {dag.py:3834} INFO - Setting next_dagrun for example_subdag_operator.section-2 to None, run_after=None
[2024-03-09T15:52:29.381+0530] {logging_mixin.py:188} INFO - [2024-03-09T15:52:29.381+0530] {dag.py:3047} INFO - Sync 2 DAGs
[2024-03-09T15:52:29.384+0530] {logging_mixin.py:188} INFO - [2024-03-09T15:52:29.384+0530] {dag.py:3834} INFO - Setting next_dagrun for example_subdag_operator.section-1 to None, run_after=None
[2024-03-09T15:52:29.385+0530] {logging_mixin.py:188} INFO - [2024-03-09T15:52:29.384+0530] {dag.py:3834} INFO - Setting next_dagrun for example_subdag_operator.section-2 to None, run_after=None
[2024-03-09T15:52:29.413+0530] {processor.py:183} INFO - Processing /home/kai/.local/lib/python3.10/site-packages/airflow/example_dags/example_subdag_operator.py took 0.098 seconds
[2024-03-09T15:53:22.511+0530] {processor.py:161} INFO - Started process (PID=5242) to work on /home/kai/.local/lib/python3.10/site-packages/airflow/example_dags/example_subdag_operator.py
[2024-03-09T15:53:22.513+0530] {processor.py:830} INFO - Processing file /home/kai/.local/lib/python3.10/site-packages/airflow/example_dags/example_subdag_operator.py for tasks to queue
[2024-03-09T15:53:22.514+0530] {logging_mixin.py:188} INFO - [2024-03-09T15:53:22.513+0530] {dagbag.py:540} INFO - Filling up the DagBag from /home/kai/.local/lib/python3.10/site-packages/airflow/example_dags/example_subdag_operator.py
[2024-03-09T15:53:22.534+0530] {processor.py:840} INFO - DAG(s) 'example_subdag_operator.section-1', 'example_subdag_operator.section-2', 'example_subdag_operator' retrieved from /home/kai/.local/lib/python3.10/site-packages/airflow/example_dags/example_subdag_operator.py
[2024-03-09T15:53:22.547+0530] {logging_mixin.py:188} INFO - [2024-03-09T15:53:22.547+0530] {dag.py:3047} INFO - Sync 3 DAGs
[2024-03-09T15:53:22.563+0530] {logging_mixin.py:188} INFO - [2024-03-09T15:53:22.563+0530] {dag.py:3834} INFO - Setting next_dagrun for example_subdag_operator to 2022-01-01 00:00:00+00:00, run_after=2022-01-01 00:00:00+00:00
[2024-03-09T15:53:22.567+0530] {logging_mixin.py:188} INFO - [2024-03-09T15:53:22.567+0530] {dag.py:3834} INFO - Setting next_dagrun for example_subdag_operator.section-1 to None, run_after=None
[2024-03-09T15:53:22.568+0530] {logging_mixin.py:188} INFO - [2024-03-09T15:53:22.567+0530] {dag.py:3834} INFO - Setting next_dagrun for example_subdag_operator.section-2 to None, run_after=None
[2024-03-09T15:53:22.572+0530] {logging_mixin.py:188} INFO - [2024-03-09T15:53:22.572+0530] {dag.py:3047} INFO - Sync 2 DAGs
[2024-03-09T15:53:22.576+0530] {logging_mixin.py:188} INFO - [2024-03-09T15:53:22.576+0530] {dag.py:3834} INFO - Setting next_dagrun for example_subdag_operator.section-1 to None, run_after=None
[2024-03-09T15:53:22.576+0530] {logging_mixin.py:188} INFO - [2024-03-09T15:53:22.576+0530] {dag.py:3834} INFO - Setting next_dagrun for example_subdag_operator.section-2 to None, run_after=None
[2024-03-09T15:53:22.605+0530] {processor.py:183} INFO - Processing /home/kai/.local/lib/python3.10/site-packages/airflow/example_dags/example_subdag_operator.py took 0.098 seconds
[2024-03-09T15:53:58.856+0530] {processor.py:161} INFO - Started process (PID=5281) to work on /home/kai/.local/lib/python3.10/site-packages/airflow/example_dags/example_subdag_operator.py
[2024-03-09T15:53:58.859+0530] {processor.py:830} INFO - Processing file /home/kai/.local/lib/python3.10/site-packages/airflow/example_dags/example_subdag_operator.py for tasks to queue
[2024-03-09T15:53:58.860+0530] {logging_mixin.py:188} INFO - [2024-03-09T15:53:58.860+0530] {dagbag.py:540} INFO - Filling up the DagBag from /home/kai/.local/lib/python3.10/site-packages/airflow/example_dags/example_subdag_operator.py
[2024-03-09T15:53:58.880+0530] {processor.py:840} INFO - DAG(s) 'example_subdag_operator.section-1', 'example_subdag_operator.section-2', 'example_subdag_operator' retrieved from /home/kai/.local/lib/python3.10/site-packages/airflow/example_dags/example_subdag_operator.py
[2024-03-09T15:53:58.894+0530] {logging_mixin.py:188} INFO - [2024-03-09T15:53:58.894+0530] {dag.py:3047} INFO - Sync 3 DAGs
[2024-03-09T15:53:58.911+0530] {logging_mixin.py:188} INFO - [2024-03-09T15:53:58.911+0530] {dag.py:3834} INFO - Setting next_dagrun for example_subdag_operator to 2022-01-01 00:00:00+00:00, run_after=2022-01-01 00:00:00+00:00
[2024-03-09T15:53:58.914+0530] {logging_mixin.py:188} INFO - [2024-03-09T15:53:58.914+0530] {dag.py:3834} INFO - Setting next_dagrun for example_subdag_operator.section-1 to None, run_after=None
[2024-03-09T15:53:58.915+0530] {logging_mixin.py:188} INFO - [2024-03-09T15:53:58.915+0530] {dag.py:3834} INFO - Setting next_dagrun for example_subdag_operator.section-2 to None, run_after=None
[2024-03-09T15:53:58.920+0530] {logging_mixin.py:188} INFO - [2024-03-09T15:53:58.920+0530] {dag.py:3047} INFO - Sync 2 DAGs
[2024-03-09T15:53:58.924+0530] {logging_mixin.py:188} INFO - [2024-03-09T15:53:58.923+0530] {dag.py:3834} INFO - Setting next_dagrun for example_subdag_operator.section-1 to None, run_after=None
[2024-03-09T15:53:58.924+0530] {logging_mixin.py:188} INFO - [2024-03-09T15:53:58.924+0530] {dag.py:3834} INFO - Setting next_dagrun for example_subdag_operator.section-2 to None, run_after=None
[2024-03-09T15:53:58.956+0530] {processor.py:183} INFO - Processing /home/kai/.local/lib/python3.10/site-packages/airflow/example_dags/example_subdag_operator.py took 0.104 seconds
[2024-03-09T15:54:35.559+0530] {processor.py:161} INFO - Started process (PID=5318) to work on /home/kai/.local/lib/python3.10/site-packages/airflow/example_dags/example_subdag_operator.py
[2024-03-09T15:54:35.562+0530] {processor.py:830} INFO - Processing file /home/kai/.local/lib/python3.10/site-packages/airflow/example_dags/example_subdag_operator.py for tasks to queue
[2024-03-09T15:54:35.563+0530] {logging_mixin.py:188} INFO - [2024-03-09T15:54:35.563+0530] {dagbag.py:540} INFO - Filling up the DagBag from /home/kai/.local/lib/python3.10/site-packages/airflow/example_dags/example_subdag_operator.py
[2024-03-09T15:54:35.585+0530] {processor.py:840} INFO - DAG(s) 'example_subdag_operator.section-1', 'example_subdag_operator.section-2', 'example_subdag_operator' retrieved from /home/kai/.local/lib/python3.10/site-packages/airflow/example_dags/example_subdag_operator.py
[2024-03-09T15:54:35.600+0530] {logging_mixin.py:188} INFO - [2024-03-09T15:54:35.600+0530] {dag.py:3047} INFO - Sync 3 DAGs
[2024-03-09T15:54:35.618+0530] {logging_mixin.py:188} INFO - [2024-03-09T15:54:35.618+0530] {dag.py:3834} INFO - Setting next_dagrun for example_subdag_operator to 2022-01-01 00:00:00+00:00, run_after=2022-01-01 00:00:00+00:00
[2024-03-09T15:54:35.622+0530] {logging_mixin.py:188} INFO - [2024-03-09T15:54:35.622+0530] {dag.py:3834} INFO - Setting next_dagrun for example_subdag_operator.section-1 to None, run_after=None
[2024-03-09T15:54:35.623+0530] {logging_mixin.py:188} INFO - [2024-03-09T15:54:35.623+0530] {dag.py:3834} INFO - Setting next_dagrun for example_subdag_operator.section-2 to None, run_after=None
[2024-03-09T15:54:35.628+0530] {logging_mixin.py:188} INFO - [2024-03-09T15:54:35.628+0530] {dag.py:3047} INFO - Sync 2 DAGs
[2024-03-09T15:54:35.632+0530] {logging_mixin.py:188} INFO - [2024-03-09T15:54:35.632+0530] {dag.py:3834} INFO - Setting next_dagrun for example_subdag_operator.section-1 to None, run_after=None
[2024-03-09T15:54:35.632+0530] {logging_mixin.py:188} INFO - [2024-03-09T15:54:35.632+0530] {dag.py:3834} INFO - Setting next_dagrun for example_subdag_operator.section-2 to None, run_after=None
[2024-03-09T15:54:35.662+0530] {processor.py:183} INFO - Processing /home/kai/.local/lib/python3.10/site-packages/airflow/example_dags/example_subdag_operator.py took 0.108 seconds
