[2024-03-09T15:44:04.416+0530] {processor.py:161} INFO - Started process (PID=4648) to work on /home/kai/.local/lib/python3.10/site-packages/airflow/example_dags/example_setup_teardown_taskflow.py
[2024-03-09T15:44:04.417+0530] {processor.py:830} INFO - Processing file /home/kai/.local/lib/python3.10/site-packages/airflow/example_dags/example_setup_teardown_taskflow.py for tasks to queue
[2024-03-09T15:44:04.418+0530] {logging_mixin.py:188} INFO - [2024-03-09T15:44:04.418+0530] {dagbag.py:540} INFO - Filling up the DagBag from /home/kai/.local/lib/python3.10/site-packages/airflow/example_dags/example_setup_teardown_taskflow.py
[2024-03-09T15:44:04.428+0530] {processor.py:840} INFO - DAG(s) 'example_setup_teardown_taskflow' retrieved from /home/kai/.local/lib/python3.10/site-packages/airflow/example_dags/example_setup_teardown_taskflow.py
[2024-03-09T15:44:04.557+0530] {logging_mixin.py:188} INFO - [2024-03-09T15:44:04.556+0530] {override.py:1769} INFO - Created Permission View: can delete on DAG:example_setup_teardown_taskflow
[2024-03-09T15:44:04.581+0530] {logging_mixin.py:188} INFO - [2024-03-09T15:44:04.580+0530] {override.py:1769} INFO - Created Permission View: can read on DAG:example_setup_teardown_taskflow
[2024-03-09T15:44:04.609+0530] {logging_mixin.py:188} INFO - [2024-03-09T15:44:04.608+0530] {override.py:1769} INFO - Created Permission View: can edit on DAG:example_setup_teardown_taskflow
[2024-03-09T15:44:04.610+0530] {logging_mixin.py:188} INFO - [2024-03-09T15:44:04.610+0530] {dag.py:3047} INFO - Sync 1 DAGs
[2024-03-09T15:44:04.638+0530] {logging_mixin.py:188} INFO - [2024-03-09T15:44:04.638+0530] {dag.py:3069} INFO - Creating ORM DAG for example_setup_teardown_taskflow
[2024-03-09T15:44:04.650+0530] {logging_mixin.py:188} INFO - [2024-03-09T15:44:04.650+0530] {dag.py:3834} INFO - Setting next_dagrun for example_setup_teardown_taskflow to 2024-03-08 00:00:00+00:00, run_after=2024-03-09 00:00:00+00:00
[2024-03-09T15:44:04.767+0530] {processor.py:183} INFO - Processing /home/kai/.local/lib/python3.10/site-packages/airflow/example_dags/example_setup_teardown_taskflow.py took 0.355 seconds
[2024-03-09T15:45:06.077+0530] {processor.py:161} INFO - Started process (PID=4704) to work on /home/kai/.local/lib/python3.10/site-packages/airflow/example_dags/example_setup_teardown_taskflow.py
[2024-03-09T15:45:06.078+0530] {processor.py:830} INFO - Processing file /home/kai/.local/lib/python3.10/site-packages/airflow/example_dags/example_setup_teardown_taskflow.py for tasks to queue
[2024-03-09T15:45:06.079+0530] {logging_mixin.py:188} INFO - [2024-03-09T15:45:06.079+0530] {dagbag.py:540} INFO - Filling up the DagBag from /home/kai/.local/lib/python3.10/site-packages/airflow/example_dags/example_setup_teardown_taskflow.py
[2024-03-09T15:45:06.099+0530] {processor.py:840} INFO - DAG(s) 'example_setup_teardown_taskflow' retrieved from /home/kai/.local/lib/python3.10/site-packages/airflow/example_dags/example_setup_teardown_taskflow.py
[2024-03-09T15:45:06.132+0530] {logging_mixin.py:188} INFO - [2024-03-09T15:45:06.132+0530] {dag.py:3047} INFO - Sync 1 DAGs
[2024-03-09T15:45:06.168+0530] {logging_mixin.py:188} INFO - [2024-03-09T15:45:06.168+0530] {dag.py:3834} INFO - Setting next_dagrun for example_setup_teardown_taskflow to 2024-03-08 00:00:00+00:00, run_after=2024-03-09 00:00:00+00:00
[2024-03-09T15:45:06.276+0530] {processor.py:183} INFO - Processing /home/kai/.local/lib/python3.10/site-packages/airflow/example_dags/example_setup_teardown_taskflow.py took 0.202 seconds
[2024-03-09T15:46:03.094+0530] {processor.py:161} INFO - Started process (PID=4764) to work on /home/kai/.local/lib/python3.10/site-packages/airflow/example_dags/example_setup_teardown_taskflow.py
[2024-03-09T15:46:03.097+0530] {processor.py:830} INFO - Processing file /home/kai/.local/lib/python3.10/site-packages/airflow/example_dags/example_setup_teardown_taskflow.py for tasks to queue
[2024-03-09T15:46:03.099+0530] {logging_mixin.py:188} INFO - [2024-03-09T15:46:03.098+0530] {dagbag.py:540} INFO - Filling up the DagBag from /home/kai/.local/lib/python3.10/site-packages/airflow/example_dags/example_setup_teardown_taskflow.py
[2024-03-09T15:46:03.109+0530] {processor.py:840} INFO - DAG(s) 'example_setup_teardown_taskflow' retrieved from /home/kai/.local/lib/python3.10/site-packages/airflow/example_dags/example_setup_teardown_taskflow.py
[2024-03-09T15:46:03.126+0530] {logging_mixin.py:188} INFO - [2024-03-09T15:46:03.125+0530] {dag.py:3047} INFO - Sync 1 DAGs
[2024-03-09T15:46:03.243+0530] {logging_mixin.py:188} INFO - [2024-03-09T15:46:03.243+0530] {dag.py:3834} INFO - Setting next_dagrun for example_setup_teardown_taskflow to 2024-03-08 00:00:00+00:00, run_after=2024-03-09 00:00:00+00:00
[2024-03-09T15:46:03.285+0530] {processor.py:183} INFO - Processing /home/kai/.local/lib/python3.10/site-packages/airflow/example_dags/example_setup_teardown_taskflow.py took 0.194 seconds
[2024-03-09T15:46:53.485+0530] {processor.py:161} INFO - Started process (PID=4812) to work on /home/kai/.local/lib/python3.10/site-packages/airflow/example_dags/example_setup_teardown_taskflow.py
[2024-03-09T15:46:53.488+0530] {processor.py:830} INFO - Processing file /home/kai/.local/lib/python3.10/site-packages/airflow/example_dags/example_setup_teardown_taskflow.py for tasks to queue
[2024-03-09T15:46:53.489+0530] {logging_mixin.py:188} INFO - [2024-03-09T15:46:53.489+0530] {dagbag.py:540} INFO - Filling up the DagBag from /home/kai/.local/lib/python3.10/site-packages/airflow/example_dags/example_setup_teardown_taskflow.py
[2024-03-09T15:46:53.498+0530] {processor.py:840} INFO - DAG(s) 'example_setup_teardown_taskflow' retrieved from /home/kai/.local/lib/python3.10/site-packages/airflow/example_dags/example_setup_teardown_taskflow.py
[2024-03-09T15:46:53.514+0530] {logging_mixin.py:188} INFO - [2024-03-09T15:46:53.514+0530] {dag.py:3047} INFO - Sync 1 DAGs
[2024-03-09T15:46:53.531+0530] {logging_mixin.py:188} INFO - [2024-03-09T15:46:53.531+0530] {dag.py:3834} INFO - Setting next_dagrun for example_setup_teardown_taskflow to 2024-03-08 00:00:00+00:00, run_after=2024-03-09 00:00:00+00:00
[2024-03-09T15:46:53.565+0530] {processor.py:183} INFO - Processing /home/kai/.local/lib/python3.10/site-packages/airflow/example_dags/example_setup_teardown_taskflow.py took 0.083 seconds
[2024-03-09T15:47:36.743+0530] {processor.py:161} INFO - Started process (PID=4856) to work on /home/kai/.local/lib/python3.10/site-packages/airflow/example_dags/example_setup_teardown_taskflow.py
[2024-03-09T15:47:36.745+0530] {processor.py:830} INFO - Processing file /home/kai/.local/lib/python3.10/site-packages/airflow/example_dags/example_setup_teardown_taskflow.py for tasks to queue
[2024-03-09T15:47:36.746+0530] {logging_mixin.py:188} INFO - [2024-03-09T15:47:36.746+0530] {dagbag.py:540} INFO - Filling up the DagBag from /home/kai/.local/lib/python3.10/site-packages/airflow/example_dags/example_setup_teardown_taskflow.py
[2024-03-09T15:47:36.757+0530] {processor.py:840} INFO - DAG(s) 'example_setup_teardown_taskflow' retrieved from /home/kai/.local/lib/python3.10/site-packages/airflow/example_dags/example_setup_teardown_taskflow.py
[2024-03-09T15:47:36.774+0530] {logging_mixin.py:188} INFO - [2024-03-09T15:47:36.774+0530] {dag.py:3047} INFO - Sync 1 DAGs
[2024-03-09T15:47:36.793+0530] {logging_mixin.py:188} INFO - [2024-03-09T15:47:36.792+0530] {dag.py:3834} INFO - Setting next_dagrun for example_setup_teardown_taskflow to 2024-03-08 00:00:00+00:00, run_after=2024-03-09 00:00:00+00:00
[2024-03-09T15:47:36.828+0530] {processor.py:183} INFO - Processing /home/kai/.local/lib/python3.10/site-packages/airflow/example_dags/example_setup_teardown_taskflow.py took 0.088 seconds
[2024-03-09T15:48:51.291+0530] {processor.py:161} INFO - Started process (PID=4950) to work on /home/kai/.local/lib/python3.10/site-packages/airflow/example_dags/example_setup_teardown_taskflow.py
[2024-03-09T15:48:51.295+0530] {processor.py:830} INFO - Processing file /home/kai/.local/lib/python3.10/site-packages/airflow/example_dags/example_setup_teardown_taskflow.py for tasks to queue
[2024-03-09T15:48:51.296+0530] {logging_mixin.py:188} INFO - [2024-03-09T15:48:51.295+0530] {dagbag.py:540} INFO - Filling up the DagBag from /home/kai/.local/lib/python3.10/site-packages/airflow/example_dags/example_setup_teardown_taskflow.py
[2024-03-09T15:48:51.306+0530] {processor.py:840} INFO - DAG(s) 'example_setup_teardown_taskflow' retrieved from /home/kai/.local/lib/python3.10/site-packages/airflow/example_dags/example_setup_teardown_taskflow.py
[2024-03-09T15:48:51.324+0530] {logging_mixin.py:188} INFO - [2024-03-09T15:48:51.324+0530] {dag.py:3047} INFO - Sync 1 DAGs
[2024-03-09T15:48:51.346+0530] {logging_mixin.py:188} INFO - [2024-03-09T15:48:51.346+0530] {dag.py:3834} INFO - Setting next_dagrun for example_setup_teardown_taskflow to 2024-03-08 00:00:00+00:00, run_after=2024-03-09 00:00:00+00:00
[2024-03-09T15:48:51.384+0530] {processor.py:183} INFO - Processing /home/kai/.local/lib/python3.10/site-packages/airflow/example_dags/example_setup_teardown_taskflow.py took 0.098 seconds
[2024-03-09T15:49:37.661+0530] {processor.py:161} INFO - Started process (PID=5006) to work on /home/kai/.local/lib/python3.10/site-packages/airflow/example_dags/example_setup_teardown_taskflow.py
[2024-03-09T15:49:37.663+0530] {processor.py:830} INFO - Processing file /home/kai/.local/lib/python3.10/site-packages/airflow/example_dags/example_setup_teardown_taskflow.py for tasks to queue
[2024-03-09T15:49:37.664+0530] {logging_mixin.py:188} INFO - [2024-03-09T15:49:37.664+0530] {dagbag.py:540} INFO - Filling up the DagBag from /home/kai/.local/lib/python3.10/site-packages/airflow/example_dags/example_setup_teardown_taskflow.py
[2024-03-09T15:49:37.676+0530] {processor.py:840} INFO - DAG(s) 'example_setup_teardown_taskflow' retrieved from /home/kai/.local/lib/python3.10/site-packages/airflow/example_dags/example_setup_teardown_taskflow.py
[2024-03-09T15:49:37.692+0530] {logging_mixin.py:188} INFO - [2024-03-09T15:49:37.692+0530] {dag.py:3047} INFO - Sync 1 DAGs
[2024-03-09T15:49:37.711+0530] {logging_mixin.py:188} INFO - [2024-03-09T15:49:37.711+0530] {dag.py:3834} INFO - Setting next_dagrun for example_setup_teardown_taskflow to 2024-03-08 00:00:00+00:00, run_after=2024-03-09 00:00:00+00:00
[2024-03-09T15:49:37.744+0530] {processor.py:183} INFO - Processing /home/kai/.local/lib/python3.10/site-packages/airflow/example_dags/example_setup_teardown_taskflow.py took 0.086 seconds
[2024-03-09T15:50:57.441+0530] {processor.py:161} INFO - Started process (PID=5090) to work on /home/kai/.local/lib/python3.10/site-packages/airflow/example_dags/example_setup_teardown_taskflow.py
[2024-03-09T15:50:57.444+0530] {processor.py:830} INFO - Processing file /home/kai/.local/lib/python3.10/site-packages/airflow/example_dags/example_setup_teardown_taskflow.py for tasks to queue
[2024-03-09T15:50:57.446+0530] {logging_mixin.py:188} INFO - [2024-03-09T15:50:57.445+0530] {dagbag.py:540} INFO - Filling up the DagBag from /home/kai/.local/lib/python3.10/site-packages/airflow/example_dags/example_setup_teardown_taskflow.py
[2024-03-09T15:50:57.455+0530] {processor.py:840} INFO - DAG(s) 'example_setup_teardown_taskflow' retrieved from /home/kai/.local/lib/python3.10/site-packages/airflow/example_dags/example_setup_teardown_taskflow.py
[2024-03-09T15:50:57.472+0530] {logging_mixin.py:188} INFO - [2024-03-09T15:50:57.472+0530] {dag.py:3047} INFO - Sync 1 DAGs
[2024-03-09T15:50:57.490+0530] {logging_mixin.py:188} INFO - [2024-03-09T15:50:57.490+0530] {dag.py:3834} INFO - Setting next_dagrun for example_setup_teardown_taskflow to 2024-03-08 00:00:00+00:00, run_after=2024-03-09 00:00:00+00:00
[2024-03-09T15:50:57.524+0530] {processor.py:183} INFO - Processing /home/kai/.local/lib/python3.10/site-packages/airflow/example_dags/example_setup_teardown_taskflow.py took 0.086 seconds
[2024-03-09T15:51:45.222+0530] {processor.py:161} INFO - Started process (PID=5142) to work on /home/kai/.local/lib/python3.10/site-packages/airflow/example_dags/example_setup_teardown_taskflow.py
[2024-03-09T15:51:45.225+0530] {processor.py:830} INFO - Processing file /home/kai/.local/lib/python3.10/site-packages/airflow/example_dags/example_setup_teardown_taskflow.py for tasks to queue
[2024-03-09T15:51:45.226+0530] {logging_mixin.py:188} INFO - [2024-03-09T15:51:45.226+0530] {dagbag.py:540} INFO - Filling up the DagBag from /home/kai/.local/lib/python3.10/site-packages/airflow/example_dags/example_setup_teardown_taskflow.py
[2024-03-09T15:51:45.236+0530] {processor.py:840} INFO - DAG(s) 'example_setup_teardown_taskflow' retrieved from /home/kai/.local/lib/python3.10/site-packages/airflow/example_dags/example_setup_teardown_taskflow.py
[2024-03-09T15:51:45.252+0530] {logging_mixin.py:188} INFO - [2024-03-09T15:51:45.252+0530] {dag.py:3047} INFO - Sync 1 DAGs
[2024-03-09T15:51:45.270+0530] {logging_mixin.py:188} INFO - [2024-03-09T15:51:45.269+0530] {dag.py:3834} INFO - Setting next_dagrun for example_setup_teardown_taskflow to 2024-03-08 00:00:00+00:00, run_after=2024-03-09 00:00:00+00:00
[2024-03-09T15:51:45.302+0530] {processor.py:183} INFO - Processing /home/kai/.local/lib/python3.10/site-packages/airflow/example_dags/example_setup_teardown_taskflow.py took 0.083 seconds
[2024-03-09T15:52:35.924+0530] {processor.py:161} INFO - Started process (PID=5196) to work on /home/kai/.local/lib/python3.10/site-packages/airflow/example_dags/example_setup_teardown_taskflow.py
[2024-03-09T15:52:35.927+0530] {processor.py:830} INFO - Processing file /home/kai/.local/lib/python3.10/site-packages/airflow/example_dags/example_setup_teardown_taskflow.py for tasks to queue
[2024-03-09T15:52:35.928+0530] {logging_mixin.py:188} INFO - [2024-03-09T15:52:35.928+0530] {dagbag.py:540} INFO - Filling up the DagBag from /home/kai/.local/lib/python3.10/site-packages/airflow/example_dags/example_setup_teardown_taskflow.py
[2024-03-09T15:52:35.939+0530] {processor.py:840} INFO - DAG(s) 'example_setup_teardown_taskflow' retrieved from /home/kai/.local/lib/python3.10/site-packages/airflow/example_dags/example_setup_teardown_taskflow.py
[2024-03-09T15:52:35.955+0530] {logging_mixin.py:188} INFO - [2024-03-09T15:52:35.955+0530] {dag.py:3047} INFO - Sync 1 DAGs
[2024-03-09T15:52:35.974+0530] {logging_mixin.py:188} INFO - [2024-03-09T15:52:35.973+0530] {dag.py:3834} INFO - Setting next_dagrun for example_setup_teardown_taskflow to 2024-03-08 00:00:00+00:00, run_after=2024-03-09 00:00:00+00:00
[2024-03-09T15:52:36.006+0530] {processor.py:183} INFO - Processing /home/kai/.local/lib/python3.10/site-packages/airflow/example_dags/example_setup_teardown_taskflow.py took 0.085 seconds
[2024-03-09T15:53:29.221+0530] {processor.py:161} INFO - Started process (PID=5249) to work on /home/kai/.local/lib/python3.10/site-packages/airflow/example_dags/example_setup_teardown_taskflow.py
[2024-03-09T15:53:29.225+0530] {processor.py:830} INFO - Processing file /home/kai/.local/lib/python3.10/site-packages/airflow/example_dags/example_setup_teardown_taskflow.py for tasks to queue
[2024-03-09T15:53:29.226+0530] {logging_mixin.py:188} INFO - [2024-03-09T15:53:29.225+0530] {dagbag.py:540} INFO - Filling up the DagBag from /home/kai/.local/lib/python3.10/site-packages/airflow/example_dags/example_setup_teardown_taskflow.py
[2024-03-09T15:53:29.236+0530] {processor.py:840} INFO - DAG(s) 'example_setup_teardown_taskflow' retrieved from /home/kai/.local/lib/python3.10/site-packages/airflow/example_dags/example_setup_teardown_taskflow.py
[2024-03-09T15:53:29.251+0530] {logging_mixin.py:188} INFO - [2024-03-09T15:53:29.251+0530] {dag.py:3047} INFO - Sync 1 DAGs
[2024-03-09T15:53:29.269+0530] {logging_mixin.py:188} INFO - [2024-03-09T15:53:29.269+0530] {dag.py:3834} INFO - Setting next_dagrun for example_setup_teardown_taskflow to 2024-03-08 00:00:00+00:00, run_after=2024-03-09 00:00:00+00:00
[2024-03-09T15:53:29.308+0530] {processor.py:183} INFO - Processing /home/kai/.local/lib/python3.10/site-packages/airflow/example_dags/example_setup_teardown_taskflow.py took 0.092 seconds
[2024-03-09T15:54:23.556+0530] {processor.py:161} INFO - Started process (PID=5306) to work on /home/kai/.local/lib/python3.10/site-packages/airflow/example_dags/example_setup_teardown_taskflow.py
[2024-03-09T15:54:23.559+0530] {processor.py:830} INFO - Processing file /home/kai/.local/lib/python3.10/site-packages/airflow/example_dags/example_setup_teardown_taskflow.py for tasks to queue
[2024-03-09T15:54:23.560+0530] {logging_mixin.py:188} INFO - [2024-03-09T15:54:23.560+0530] {dagbag.py:540} INFO - Filling up the DagBag from /home/kai/.local/lib/python3.10/site-packages/airflow/example_dags/example_setup_teardown_taskflow.py
[2024-03-09T15:54:23.570+0530] {processor.py:840} INFO - DAG(s) 'example_setup_teardown_taskflow' retrieved from /home/kai/.local/lib/python3.10/site-packages/airflow/example_dags/example_setup_teardown_taskflow.py
[2024-03-09T15:54:23.586+0530] {logging_mixin.py:188} INFO - [2024-03-09T15:54:23.586+0530] {dag.py:3047} INFO - Sync 1 DAGs
[2024-03-09T15:54:23.604+0530] {logging_mixin.py:188} INFO - [2024-03-09T15:54:23.604+0530] {dag.py:3834} INFO - Setting next_dagrun for example_setup_teardown_taskflow to 2024-03-08 00:00:00+00:00, run_after=2024-03-09 00:00:00+00:00
[2024-03-09T15:54:23.638+0530] {processor.py:183} INFO - Processing /home/kai/.local/lib/python3.10/site-packages/airflow/example_dags/example_setup_teardown_taskflow.py took 0.086 seconds
