[2024-03-09T15:44:10.231+0530] {processor.py:161} INFO - Started process (PID=4652) to work on /home/kai/.local/lib/python3.10/site-packages/airflow/example_dags/example_branch_labels.py
[2024-03-09T15:44:10.232+0530] {processor.py:830} INFO - Processing file /home/kai/.local/lib/python3.10/site-packages/airflow/example_dags/example_branch_labels.py for tasks to queue
[2024-03-09T15:44:10.233+0530] {logging_mixin.py:188} INFO - [2024-03-09T15:44:10.232+0530] {dagbag.py:540} INFO - Filling up the DagBag from /home/kai/.local/lib/python3.10/site-packages/airflow/example_dags/example_branch_labels.py
[2024-03-09T15:44:10.241+0530] {processor.py:840} INFO - DAG(s) 'example_branch_labels' retrieved from /home/kai/.local/lib/python3.10/site-packages/airflow/example_dags/example_branch_labels.py
[2024-03-09T15:44:10.363+0530] {logging_mixin.py:188} INFO - [2024-03-09T15:44:10.362+0530] {override.py:1769} INFO - Created Permission View: can delete on DAG:example_branch_labels
[2024-03-09T15:44:10.386+0530] {logging_mixin.py:188} INFO - [2024-03-09T15:44:10.386+0530] {override.py:1769} INFO - Created Permission View: can read on DAG:example_branch_labels
[2024-03-09T15:44:10.408+0530] {logging_mixin.py:188} INFO - [2024-03-09T15:44:10.407+0530] {override.py:1769} INFO - Created Permission View: can edit on DAG:example_branch_labels
[2024-03-09T15:44:10.408+0530] {logging_mixin.py:188} INFO - [2024-03-09T15:44:10.408+0530] {dag.py:3047} INFO - Sync 1 DAGs
[2024-03-09T15:44:10.417+0530] {logging_mixin.py:188} INFO - [2024-03-09T15:44:10.417+0530] {dag.py:3069} INFO - Creating ORM DAG for example_branch_labels
[2024-03-09T15:44:10.506+0530] {logging_mixin.py:188} INFO - [2024-03-09T15:44:10.506+0530] {dag.py:3834} INFO - Setting next_dagrun for example_branch_labels to 2024-03-08 00:00:00+00:00, run_after=2024-03-09 00:00:00+00:00
[2024-03-09T15:44:10.549+0530] {processor.py:183} INFO - Processing /home/kai/.local/lib/python3.10/site-packages/airflow/example_dags/example_branch_labels.py took 0.322 seconds
[2024-03-09T15:45:10.532+0530] {processor.py:161} INFO - Started process (PID=4708) to work on /home/kai/.local/lib/python3.10/site-packages/airflow/example_dags/example_branch_labels.py
[2024-03-09T15:45:10.533+0530] {processor.py:830} INFO - Processing file /home/kai/.local/lib/python3.10/site-packages/airflow/example_dags/example_branch_labels.py for tasks to queue
[2024-03-09T15:45:10.534+0530] {logging_mixin.py:188} INFO - [2024-03-09T15:45:10.534+0530] {dagbag.py:540} INFO - Filling up the DagBag from /home/kai/.local/lib/python3.10/site-packages/airflow/example_dags/example_branch_labels.py
[2024-03-09T15:45:10.542+0530] {processor.py:840} INFO - DAG(s) 'example_branch_labels' retrieved from /home/kai/.local/lib/python3.10/site-packages/airflow/example_dags/example_branch_labels.py
[2024-03-09T15:45:10.557+0530] {logging_mixin.py:188} INFO - [2024-03-09T15:45:10.557+0530] {dag.py:3047} INFO - Sync 1 DAGs
[2024-03-09T15:45:10.574+0530] {logging_mixin.py:188} INFO - [2024-03-09T15:45:10.574+0530] {dag.py:3834} INFO - Setting next_dagrun for example_branch_labels to 2024-03-08 00:00:00+00:00, run_after=2024-03-09 00:00:00+00:00
[2024-03-09T15:45:10.606+0530] {processor.py:183} INFO - Processing /home/kai/.local/lib/python3.10/site-packages/airflow/example_dags/example_branch_labels.py took 0.077 seconds
[2024-03-09T15:46:07.098+0530] {processor.py:161} INFO - Started process (PID=4768) to work on /home/kai/.local/lib/python3.10/site-packages/airflow/example_dags/example_branch_labels.py
[2024-03-09T15:46:07.102+0530] {processor.py:830} INFO - Processing file /home/kai/.local/lib/python3.10/site-packages/airflow/example_dags/example_branch_labels.py for tasks to queue
[2024-03-09T15:46:07.103+0530] {logging_mixin.py:188} INFO - [2024-03-09T15:46:07.103+0530] {dagbag.py:540} INFO - Filling up the DagBag from /home/kai/.local/lib/python3.10/site-packages/airflow/example_dags/example_branch_labels.py
[2024-03-09T15:46:07.115+0530] {processor.py:840} INFO - DAG(s) 'example_branch_labels' retrieved from /home/kai/.local/lib/python3.10/site-packages/airflow/example_dags/example_branch_labels.py
[2024-03-09T15:46:07.132+0530] {logging_mixin.py:188} INFO - [2024-03-09T15:46:07.132+0530] {dag.py:3047} INFO - Sync 1 DAGs
[2024-03-09T15:46:07.232+0530] {logging_mixin.py:188} INFO - [2024-03-09T15:46:07.232+0530] {dag.py:3834} INFO - Setting next_dagrun for example_branch_labels to 2024-03-08 00:00:00+00:00, run_after=2024-03-09 00:00:00+00:00
[2024-03-09T15:46:07.266+0530] {processor.py:183} INFO - Processing /home/kai/.local/lib/python3.10/site-packages/airflow/example_dags/example_branch_labels.py took 0.172 seconds
[2024-03-09T15:46:57.340+0530] {processor.py:161} INFO - Started process (PID=4816) to work on /home/kai/.local/lib/python3.10/site-packages/airflow/example_dags/example_branch_labels.py
[2024-03-09T15:46:57.343+0530] {processor.py:830} INFO - Processing file /home/kai/.local/lib/python3.10/site-packages/airflow/example_dags/example_branch_labels.py for tasks to queue
[2024-03-09T15:46:57.344+0530] {logging_mixin.py:188} INFO - [2024-03-09T15:46:57.343+0530] {dagbag.py:540} INFO - Filling up the DagBag from /home/kai/.local/lib/python3.10/site-packages/airflow/example_dags/example_branch_labels.py
[2024-03-09T15:46:57.352+0530] {processor.py:840} INFO - DAG(s) 'example_branch_labels' retrieved from /home/kai/.local/lib/python3.10/site-packages/airflow/example_dags/example_branch_labels.py
[2024-03-09T15:46:57.368+0530] {logging_mixin.py:188} INFO - [2024-03-09T15:46:57.368+0530] {dag.py:3047} INFO - Sync 1 DAGs
[2024-03-09T15:46:57.388+0530] {logging_mixin.py:188} INFO - [2024-03-09T15:46:57.388+0530] {dag.py:3834} INFO - Setting next_dagrun for example_branch_labels to 2024-03-08 00:00:00+00:00, run_after=2024-03-09 00:00:00+00:00
[2024-03-09T15:46:57.426+0530] {processor.py:183} INFO - Processing /home/kai/.local/lib/python3.10/site-packages/airflow/example_dags/example_branch_labels.py took 0.090 seconds
[2024-03-09T15:47:51.786+0530] {processor.py:161} INFO - Started process (PID=4871) to work on /home/kai/.local/lib/python3.10/site-packages/airflow/example_dags/example_branch_labels.py
[2024-03-09T15:47:51.790+0530] {processor.py:830} INFO - Processing file /home/kai/.local/lib/python3.10/site-packages/airflow/example_dags/example_branch_labels.py for tasks to queue
[2024-03-09T15:47:51.792+0530] {logging_mixin.py:188} INFO - [2024-03-09T15:47:51.791+0530] {dagbag.py:540} INFO - Filling up the DagBag from /home/kai/.local/lib/python3.10/site-packages/airflow/example_dags/example_branch_labels.py
[2024-03-09T15:47:51.801+0530] {processor.py:840} INFO - DAG(s) 'example_branch_labels' retrieved from /home/kai/.local/lib/python3.10/site-packages/airflow/example_dags/example_branch_labels.py
[2024-03-09T15:47:51.818+0530] {logging_mixin.py:188} INFO - [2024-03-09T15:47:51.818+0530] {dag.py:3047} INFO - Sync 1 DAGs
[2024-03-09T15:47:51.836+0530] {logging_mixin.py:188} INFO - [2024-03-09T15:47:51.836+0530] {dag.py:3834} INFO - Setting next_dagrun for example_branch_labels to 2024-03-08 00:00:00+00:00, run_after=2024-03-09 00:00:00+00:00
[2024-03-09T15:47:51.869+0530] {processor.py:183} INFO - Processing /home/kai/.local/lib/python3.10/site-packages/airflow/example_dags/example_branch_labels.py took 0.092 seconds
[2024-03-09T15:48:55.267+0530] {processor.py:161} INFO - Started process (PID=4954) to work on /home/kai/.local/lib/python3.10/site-packages/airflow/example_dags/example_branch_labels.py
[2024-03-09T15:48:55.268+0530] {processor.py:830} INFO - Processing file /home/kai/.local/lib/python3.10/site-packages/airflow/example_dags/example_branch_labels.py for tasks to queue
[2024-03-09T15:48:55.269+0530] {logging_mixin.py:188} INFO - [2024-03-09T15:48:55.269+0530] {dagbag.py:540} INFO - Filling up the DagBag from /home/kai/.local/lib/python3.10/site-packages/airflow/example_dags/example_branch_labels.py
[2024-03-09T15:48:55.280+0530] {processor.py:840} INFO - DAG(s) 'example_branch_labels' retrieved from /home/kai/.local/lib/python3.10/site-packages/airflow/example_dags/example_branch_labels.py
[2024-03-09T15:48:55.301+0530] {logging_mixin.py:188} INFO - [2024-03-09T15:48:55.301+0530] {dag.py:3047} INFO - Sync 1 DAGs
[2024-03-09T15:48:55.323+0530] {logging_mixin.py:188} INFO - [2024-03-09T15:48:55.322+0530] {dag.py:3834} INFO - Setting next_dagrun for example_branch_labels to 2024-03-08 00:00:00+00:00, run_after=2024-03-09 00:00:00+00:00
[2024-03-09T15:48:55.357+0530] {processor.py:183} INFO - Processing /home/kai/.local/lib/python3.10/site-packages/airflow/example_dags/example_branch_labels.py took 0.094 seconds
[2024-03-09T15:49:41.674+0530] {processor.py:161} INFO - Started process (PID=5010) to work on /home/kai/.local/lib/python3.10/site-packages/airflow/example_dags/example_branch_labels.py
[2024-03-09T15:49:41.677+0530] {processor.py:830} INFO - Processing file /home/kai/.local/lib/python3.10/site-packages/airflow/example_dags/example_branch_labels.py for tasks to queue
[2024-03-09T15:49:41.678+0530] {logging_mixin.py:188} INFO - [2024-03-09T15:49:41.678+0530] {dagbag.py:540} INFO - Filling up the DagBag from /home/kai/.local/lib/python3.10/site-packages/airflow/example_dags/example_branch_labels.py
[2024-03-09T15:49:41.686+0530] {processor.py:840} INFO - DAG(s) 'example_branch_labels' retrieved from /home/kai/.local/lib/python3.10/site-packages/airflow/example_dags/example_branch_labels.py
[2024-03-09T15:49:41.702+0530] {logging_mixin.py:188} INFO - [2024-03-09T15:49:41.702+0530] {dag.py:3047} INFO - Sync 1 DAGs
[2024-03-09T15:49:41.721+0530] {logging_mixin.py:188} INFO - [2024-03-09T15:49:41.721+0530] {dag.py:3834} INFO - Setting next_dagrun for example_branch_labels to 2024-03-08 00:00:00+00:00, run_after=2024-03-09 00:00:00+00:00
[2024-03-09T15:49:41.755+0530] {processor.py:183} INFO - Processing /home/kai/.local/lib/python3.10/site-packages/airflow/example_dags/example_branch_labels.py took 0.084 seconds
[2024-03-09T15:51:02.052+0530] {processor.py:161} INFO - Started process (PID=5094) to work on /home/kai/.local/lib/python3.10/site-packages/airflow/example_dags/example_branch_labels.py
[2024-03-09T15:51:02.055+0530] {processor.py:830} INFO - Processing file /home/kai/.local/lib/python3.10/site-packages/airflow/example_dags/example_branch_labels.py for tasks to queue
[2024-03-09T15:51:02.056+0530] {logging_mixin.py:188} INFO - [2024-03-09T15:51:02.056+0530] {dagbag.py:540} INFO - Filling up the DagBag from /home/kai/.local/lib/python3.10/site-packages/airflow/example_dags/example_branch_labels.py
[2024-03-09T15:51:02.065+0530] {processor.py:840} INFO - DAG(s) 'example_branch_labels' retrieved from /home/kai/.local/lib/python3.10/site-packages/airflow/example_dags/example_branch_labels.py
[2024-03-09T15:51:02.081+0530] {logging_mixin.py:188} INFO - [2024-03-09T15:51:02.081+0530] {dag.py:3047} INFO - Sync 1 DAGs
[2024-03-09T15:51:02.099+0530] {logging_mixin.py:188} INFO - [2024-03-09T15:51:02.099+0530] {dag.py:3834} INFO - Setting next_dagrun for example_branch_labels to 2024-03-08 00:00:00+00:00, run_after=2024-03-09 00:00:00+00:00
[2024-03-09T15:51:02.132+0530] {processor.py:183} INFO - Processing /home/kai/.local/lib/python3.10/site-packages/airflow/example_dags/example_branch_labels.py took 0.084 seconds
[2024-03-09T15:51:49.206+0530] {processor.py:161} INFO - Started process (PID=5146) to work on /home/kai/.local/lib/python3.10/site-packages/airflow/example_dags/example_branch_labels.py
[2024-03-09T15:51:49.209+0530] {processor.py:830} INFO - Processing file /home/kai/.local/lib/python3.10/site-packages/airflow/example_dags/example_branch_labels.py for tasks to queue
[2024-03-09T15:51:49.210+0530] {logging_mixin.py:188} INFO - [2024-03-09T15:51:49.210+0530] {dagbag.py:540} INFO - Filling up the DagBag from /home/kai/.local/lib/python3.10/site-packages/airflow/example_dags/example_branch_labels.py
[2024-03-09T15:51:49.219+0530] {processor.py:840} INFO - DAG(s) 'example_branch_labels' retrieved from /home/kai/.local/lib/python3.10/site-packages/airflow/example_dags/example_branch_labels.py
[2024-03-09T15:51:49.235+0530] {logging_mixin.py:188} INFO - [2024-03-09T15:51:49.235+0530] {dag.py:3047} INFO - Sync 1 DAGs
[2024-03-09T15:51:49.253+0530] {logging_mixin.py:188} INFO - [2024-03-09T15:51:49.253+0530] {dag.py:3834} INFO - Setting next_dagrun for example_branch_labels to 2024-03-08 00:00:00+00:00, run_after=2024-03-09 00:00:00+00:00
[2024-03-09T15:51:49.286+0530] {processor.py:183} INFO - Processing /home/kai/.local/lib/python3.10/site-packages/airflow/example_dags/example_branch_labels.py took 0.084 seconds
[2024-03-09T15:52:40.537+0530] {processor.py:161} INFO - Started process (PID=5200) to work on /home/kai/.local/lib/python3.10/site-packages/airflow/example_dags/example_branch_labels.py
[2024-03-09T15:52:40.540+0530] {processor.py:830} INFO - Processing file /home/kai/.local/lib/python3.10/site-packages/airflow/example_dags/example_branch_labels.py for tasks to queue
[2024-03-09T15:52:40.541+0530] {logging_mixin.py:188} INFO - [2024-03-09T15:52:40.541+0530] {dagbag.py:540} INFO - Filling up the DagBag from /home/kai/.local/lib/python3.10/site-packages/airflow/example_dags/example_branch_labels.py
[2024-03-09T15:52:40.551+0530] {processor.py:840} INFO - DAG(s) 'example_branch_labels' retrieved from /home/kai/.local/lib/python3.10/site-packages/airflow/example_dags/example_branch_labels.py
[2024-03-09T15:52:40.566+0530] {logging_mixin.py:188} INFO - [2024-03-09T15:52:40.566+0530] {dag.py:3047} INFO - Sync 1 DAGs
[2024-03-09T15:52:40.585+0530] {logging_mixin.py:188} INFO - [2024-03-09T15:52:40.584+0530] {dag.py:3834} INFO - Setting next_dagrun for example_branch_labels to 2024-03-08 00:00:00+00:00, run_after=2024-03-09 00:00:00+00:00
[2024-03-09T15:52:40.622+0530] {processor.py:183} INFO - Processing /home/kai/.local/lib/python3.10/site-packages/airflow/example_dags/example_branch_labels.py took 0.089 seconds
[2024-03-09T15:53:32.977+0530] {processor.py:161} INFO - Started process (PID=5253) to work on /home/kai/.local/lib/python3.10/site-packages/airflow/example_dags/example_branch_labels.py
[2024-03-09T15:53:32.980+0530] {processor.py:830} INFO - Processing file /home/kai/.local/lib/python3.10/site-packages/airflow/example_dags/example_branch_labels.py for tasks to queue
[2024-03-09T15:53:32.981+0530] {logging_mixin.py:188} INFO - [2024-03-09T15:53:32.981+0530] {dagbag.py:540} INFO - Filling up the DagBag from /home/kai/.local/lib/python3.10/site-packages/airflow/example_dags/example_branch_labels.py
[2024-03-09T15:53:32.991+0530] {processor.py:840} INFO - DAG(s) 'example_branch_labels' retrieved from /home/kai/.local/lib/python3.10/site-packages/airflow/example_dags/example_branch_labels.py
[2024-03-09T15:53:33.008+0530] {logging_mixin.py:188} INFO - [2024-03-09T15:53:33.008+0530] {dag.py:3047} INFO - Sync 1 DAGs
[2024-03-09T15:53:33.027+0530] {logging_mixin.py:188} INFO - [2024-03-09T15:53:33.027+0530] {dag.py:3834} INFO - Setting next_dagrun for example_branch_labels to 2024-03-08 00:00:00+00:00, run_after=2024-03-09 00:00:00+00:00
[2024-03-09T15:53:33.059+0530] {processor.py:183} INFO - Processing /home/kai/.local/lib/python3.10/site-packages/airflow/example_dags/example_branch_labels.py took 0.087 seconds
[2024-03-09T15:54:28.167+0530] {processor.py:161} INFO - Started process (PID=5310) to work on /home/kai/.local/lib/python3.10/site-packages/airflow/example_dags/example_branch_labels.py
[2024-03-09T15:54:28.170+0530] {processor.py:830} INFO - Processing file /home/kai/.local/lib/python3.10/site-packages/airflow/example_dags/example_branch_labels.py for tasks to queue
[2024-03-09T15:54:28.171+0530] {logging_mixin.py:188} INFO - [2024-03-09T15:54:28.171+0530] {dagbag.py:540} INFO - Filling up the DagBag from /home/kai/.local/lib/python3.10/site-packages/airflow/example_dags/example_branch_labels.py
[2024-03-09T15:54:28.181+0530] {processor.py:840} INFO - DAG(s) 'example_branch_labels' retrieved from /home/kai/.local/lib/python3.10/site-packages/airflow/example_dags/example_branch_labels.py
[2024-03-09T15:54:28.201+0530] {logging_mixin.py:188} INFO - [2024-03-09T15:54:28.201+0530] {dag.py:3047} INFO - Sync 1 DAGs
[2024-03-09T15:54:28.225+0530] {logging_mixin.py:188} INFO - [2024-03-09T15:54:28.224+0530] {dag.py:3834} INFO - Setting next_dagrun for example_branch_labels to 2024-03-08 00:00:00+00:00, run_after=2024-03-09 00:00:00+00:00
[2024-03-09T15:54:28.268+0530] {processor.py:183} INFO - Processing /home/kai/.local/lib/python3.10/site-packages/airflow/example_dags/example_branch_labels.py took 0.105 seconds
