[2024-03-09T15:43:44.591+0530] {processor.py:161} INFO - Started process (PID=4630) to work on /home/kai/.local/lib/python3.10/site-packages/airflow/example_dags/example_trigger_target_dag.py
[2024-03-09T15:43:44.592+0530] {processor.py:830} INFO - Processing file /home/kai/.local/lib/python3.10/site-packages/airflow/example_dags/example_trigger_target_dag.py for tasks to queue
[2024-03-09T15:43:44.593+0530] {logging_mixin.py:188} INFO - [2024-03-09T15:43:44.593+0530] {dagbag.py:540} INFO - Filling up the DagBag from /home/kai/.local/lib/python3.10/site-packages/airflow/example_dags/example_trigger_target_dag.py
[2024-03-09T15:43:44.602+0530] {processor.py:840} INFO - DAG(s) 'example_trigger_target_dag' retrieved from /home/kai/.local/lib/python3.10/site-packages/airflow/example_dags/example_trigger_target_dag.py
[2024-03-09T15:43:44.736+0530] {logging_mixin.py:188} INFO - [2024-03-09T15:43:44.735+0530] {override.py:1769} INFO - Created Permission View: can delete on DAG:example_trigger_target_dag
[2024-03-09T15:43:44.761+0530] {logging_mixin.py:188} INFO - [2024-03-09T15:43:44.760+0530] {override.py:1769} INFO - Created Permission View: can read on DAG:example_trigger_target_dag
[2024-03-09T15:43:44.785+0530] {logging_mixin.py:188} INFO - [2024-03-09T15:43:44.785+0530] {override.py:1769} INFO - Created Permission View: can edit on DAG:example_trigger_target_dag
[2024-03-09T15:43:44.786+0530] {logging_mixin.py:188} INFO - [2024-03-09T15:43:44.786+0530] {dag.py:3047} INFO - Sync 1 DAGs
[2024-03-09T15:43:44.794+0530] {logging_mixin.py:188} INFO - [2024-03-09T15:43:44.793+0530] {dag.py:3069} INFO - Creating ORM DAG for example_trigger_target_dag
[2024-03-09T15:43:44.794+0530] {logging_mixin.py:188} INFO - [2024-03-09T15:43:44.794+0530] {dag.py:3834} INFO - Setting next_dagrun for example_trigger_target_dag to None, run_after=None
[2024-03-09T15:43:44.836+0530] {processor.py:183} INFO - Processing /home/kai/.local/lib/python3.10/site-packages/airflow/example_dags/example_trigger_target_dag.py took 0.248 seconds
[2024-03-09T15:44:48.403+0530] {processor.py:161} INFO - Started process (PID=4688) to work on /home/kai/.local/lib/python3.10/site-packages/airflow/example_dags/example_trigger_target_dag.py
[2024-03-09T15:44:48.406+0530] {processor.py:830} INFO - Processing file /home/kai/.local/lib/python3.10/site-packages/airflow/example_dags/example_trigger_target_dag.py for tasks to queue
[2024-03-09T15:44:48.407+0530] {logging_mixin.py:188} INFO - [2024-03-09T15:44:48.407+0530] {dagbag.py:540} INFO - Filling up the DagBag from /home/kai/.local/lib/python3.10/site-packages/airflow/example_dags/example_trigger_target_dag.py
[2024-03-09T15:44:48.438+0530] {processor.py:840} INFO - DAG(s) 'example_trigger_target_dag' retrieved from /home/kai/.local/lib/python3.10/site-packages/airflow/example_dags/example_trigger_target_dag.py
[2024-03-09T15:44:48.576+0530] {logging_mixin.py:188} INFO - [2024-03-09T15:44:48.576+0530] {dag.py:3047} INFO - Sync 1 DAGs
[2024-03-09T15:44:48.610+0530] {logging_mixin.py:188} INFO - [2024-03-09T15:44:48.610+0530] {dag.py:3834} INFO - Setting next_dagrun for example_trigger_target_dag to None, run_after=None
[2024-03-09T15:44:48.702+0530] {processor.py:183} INFO - Processing /home/kai/.local/lib/python3.10/site-packages/airflow/example_dags/example_trigger_target_dag.py took 0.303 seconds
[2024-03-09T15:45:43.794+0530] {processor.py:161} INFO - Started process (PID=4748) to work on /home/kai/.local/lib/python3.10/site-packages/airflow/example_dags/example_trigger_target_dag.py
[2024-03-09T15:45:43.797+0530] {processor.py:830} INFO - Processing file /home/kai/.local/lib/python3.10/site-packages/airflow/example_dags/example_trigger_target_dag.py for tasks to queue
[2024-03-09T15:45:43.798+0530] {logging_mixin.py:188} INFO - [2024-03-09T15:45:43.797+0530] {dagbag.py:540} INFO - Filling up the DagBag from /home/kai/.local/lib/python3.10/site-packages/airflow/example_dags/example_trigger_target_dag.py
[2024-03-09T15:45:43.804+0530] {processor.py:840} INFO - DAG(s) 'example_trigger_target_dag' retrieved from /home/kai/.local/lib/python3.10/site-packages/airflow/example_dags/example_trigger_target_dag.py
[2024-03-09T15:45:43.818+0530] {logging_mixin.py:188} INFO - [2024-03-09T15:45:43.818+0530] {dag.py:3047} INFO - Sync 1 DAGs
[2024-03-09T15:45:43.828+0530] {logging_mixin.py:188} INFO - [2024-03-09T15:45:43.828+0530] {dag.py:3834} INFO - Setting next_dagrun for example_trigger_target_dag to None, run_after=None
[2024-03-09T15:45:43.861+0530] {processor.py:183} INFO - Processing /home/kai/.local/lib/python3.10/site-packages/airflow/example_dags/example_trigger_target_dag.py took 0.071 seconds
[2024-03-09T15:46:33.143+0530] {processor.py:161} INFO - Started process (PID=4792) to work on /home/kai/.local/lib/python3.10/site-packages/airflow/example_dags/example_trigger_target_dag.py
[2024-03-09T15:46:33.144+0530] {processor.py:830} INFO - Processing file /home/kai/.local/lib/python3.10/site-packages/airflow/example_dags/example_trigger_target_dag.py for tasks to queue
[2024-03-09T15:46:33.145+0530] {logging_mixin.py:188} INFO - [2024-03-09T15:46:33.145+0530] {dagbag.py:540} INFO - Filling up the DagBag from /home/kai/.local/lib/python3.10/site-packages/airflow/example_dags/example_trigger_target_dag.py
[2024-03-09T15:46:33.151+0530] {processor.py:840} INFO - DAG(s) 'example_trigger_target_dag' retrieved from /home/kai/.local/lib/python3.10/site-packages/airflow/example_dags/example_trigger_target_dag.py
[2024-03-09T15:46:33.166+0530] {logging_mixin.py:188} INFO - [2024-03-09T15:46:33.166+0530] {dag.py:3047} INFO - Sync 1 DAGs
[2024-03-09T15:46:33.177+0530] {logging_mixin.py:188} INFO - [2024-03-09T15:46:33.177+0530] {dag.py:3834} INFO - Setting next_dagrun for example_trigger_target_dag to None, run_after=None
[2024-03-09T15:46:33.214+0530] {processor.py:183} INFO - Processing /home/kai/.local/lib/python3.10/site-packages/airflow/example_dags/example_trigger_target_dag.py took 0.075 seconds
[2024-03-09T15:47:14.607+0530] {processor.py:161} INFO - Started process (PID=4833) to work on /home/kai/.local/lib/python3.10/site-packages/airflow/example_dags/example_trigger_target_dag.py
[2024-03-09T15:47:14.610+0530] {processor.py:830} INFO - Processing file /home/kai/.local/lib/python3.10/site-packages/airflow/example_dags/example_trigger_target_dag.py for tasks to queue
[2024-03-09T15:47:14.611+0530] {logging_mixin.py:188} INFO - [2024-03-09T15:47:14.611+0530] {dagbag.py:540} INFO - Filling up the DagBag from /home/kai/.local/lib/python3.10/site-packages/airflow/example_dags/example_trigger_target_dag.py
[2024-03-09T15:47:14.617+0530] {processor.py:840} INFO - DAG(s) 'example_trigger_target_dag' retrieved from /home/kai/.local/lib/python3.10/site-packages/airflow/example_dags/example_trigger_target_dag.py
[2024-03-09T15:47:14.631+0530] {logging_mixin.py:188} INFO - [2024-03-09T15:47:14.630+0530] {dag.py:3047} INFO - Sync 1 DAGs
[2024-03-09T15:47:14.641+0530] {logging_mixin.py:188} INFO - [2024-03-09T15:47:14.640+0530] {dag.py:3834} INFO - Setting next_dagrun for example_trigger_target_dag to None, run_after=None
[2024-03-09T15:47:14.674+0530] {processor.py:183} INFO - Processing /home/kai/.local/lib/python3.10/site-packages/airflow/example_dags/example_trigger_target_dag.py took 0.070 seconds
[2024-03-09T15:48:18.765+0530] {processor.py:161} INFO - Started process (PID=4908) to work on /home/kai/.local/lib/python3.10/site-packages/airflow/example_dags/example_trigger_target_dag.py
[2024-03-09T15:48:18.766+0530] {processor.py:830} INFO - Processing file /home/kai/.local/lib/python3.10/site-packages/airflow/example_dags/example_trigger_target_dag.py for tasks to queue
[2024-03-09T15:48:18.767+0530] {logging_mixin.py:188} INFO - [2024-03-09T15:48:18.767+0530] {dagbag.py:540} INFO - Filling up the DagBag from /home/kai/.local/lib/python3.10/site-packages/airflow/example_dags/example_trigger_target_dag.py
[2024-03-09T15:48:18.773+0530] {processor.py:840} INFO - DAG(s) 'example_trigger_target_dag' retrieved from /home/kai/.local/lib/python3.10/site-packages/airflow/example_dags/example_trigger_target_dag.py
[2024-03-09T15:48:18.788+0530] {logging_mixin.py:188} INFO - [2024-03-09T15:48:18.788+0530] {dag.py:3047} INFO - Sync 1 DAGs
[2024-03-09T15:48:18.798+0530] {logging_mixin.py:188} INFO - [2024-03-09T15:48:18.798+0530] {dag.py:3834} INFO - Setting next_dagrun for example_trigger_target_dag to None, run_after=None
[2024-03-09T15:48:18.841+0530] {processor.py:183} INFO - Processing /home/kai/.local/lib/python3.10/site-packages/airflow/example_dags/example_trigger_target_dag.py took 0.080 seconds
[2024-03-09T15:49:10.560+0530] {processor.py:161} INFO - Started process (PID=4975) to work on /home/kai/.local/lib/python3.10/site-packages/airflow/example_dags/example_trigger_target_dag.py
[2024-03-09T15:49:10.563+0530] {processor.py:830} INFO - Processing file /home/kai/.local/lib/python3.10/site-packages/airflow/example_dags/example_trigger_target_dag.py for tasks to queue
[2024-03-09T15:49:10.565+0530] {logging_mixin.py:188} INFO - [2024-03-09T15:49:10.564+0530] {dagbag.py:540} INFO - Filling up the DagBag from /home/kai/.local/lib/python3.10/site-packages/airflow/example_dags/example_trigger_target_dag.py
[2024-03-09T15:49:10.573+0530] {processor.py:840} INFO - DAG(s) 'example_trigger_target_dag' retrieved from /home/kai/.local/lib/python3.10/site-packages/airflow/example_dags/example_trigger_target_dag.py
[2024-03-09T15:49:10.591+0530] {logging_mixin.py:188} INFO - [2024-03-09T15:49:10.591+0530] {dag.py:3047} INFO - Sync 1 DAGs
[2024-03-09T15:49:10.601+0530] {logging_mixin.py:188} INFO - [2024-03-09T15:49:10.601+0530] {dag.py:3834} INFO - Setting next_dagrun for example_trigger_target_dag to None, run_after=None
[2024-03-09T15:49:10.640+0530] {processor.py:183} INFO - Processing /home/kai/.local/lib/python3.10/site-packages/airflow/example_dags/example_trigger_target_dag.py took 0.086 seconds
[2024-03-09T15:49:46.388+0530] {processor.py:161} INFO - Started process (PID=5014) to work on /home/kai/.local/lib/python3.10/site-packages/airflow/example_dags/example_trigger_target_dag.py
[2024-03-09T15:49:46.391+0530] {processor.py:830} INFO - Processing file /home/kai/.local/lib/python3.10/site-packages/airflow/example_dags/example_trigger_target_dag.py for tasks to queue
[2024-03-09T15:49:46.393+0530] {logging_mixin.py:188} INFO - [2024-03-09T15:49:46.392+0530] {dagbag.py:540} INFO - Filling up the DagBag from /home/kai/.local/lib/python3.10/site-packages/airflow/example_dags/example_trigger_target_dag.py
[2024-03-09T15:49:46.401+0530] {processor.py:840} INFO - DAG(s) 'example_trigger_target_dag' retrieved from /home/kai/.local/lib/python3.10/site-packages/airflow/example_dags/example_trigger_target_dag.py
[2024-03-09T15:49:46.416+0530] {logging_mixin.py:188} INFO - [2024-03-09T15:49:46.416+0530] {dag.py:3047} INFO - Sync 1 DAGs
[2024-03-09T15:49:46.426+0530] {logging_mixin.py:188} INFO - [2024-03-09T15:49:46.426+0530] {dag.py:3834} INFO - Setting next_dagrun for example_trigger_target_dag to None, run_after=None
[2024-03-09T15:49:46.460+0530] {processor.py:183} INFO - Processing /home/kai/.local/lib/python3.10/site-packages/airflow/example_dags/example_trigger_target_dag.py took 0.076 seconds
[2024-03-09T15:50:46.518+0530] {processor.py:161} INFO - Started process (PID=5079) to work on /home/kai/.local/lib/python3.10/site-packages/airflow/example_dags/example_trigger_target_dag.py
[2024-03-09T15:50:46.521+0530] {processor.py:830} INFO - Processing file /home/kai/.local/lib/python3.10/site-packages/airflow/example_dags/example_trigger_target_dag.py for tasks to queue
[2024-03-09T15:50:46.522+0530] {logging_mixin.py:188} INFO - [2024-03-09T15:50:46.522+0530] {dagbag.py:540} INFO - Filling up the DagBag from /home/kai/.local/lib/python3.10/site-packages/airflow/example_dags/example_trigger_target_dag.py
[2024-03-09T15:50:46.531+0530] {processor.py:840} INFO - DAG(s) 'example_trigger_target_dag' retrieved from /home/kai/.local/lib/python3.10/site-packages/airflow/example_dags/example_trigger_target_dag.py
[2024-03-09T15:50:46.548+0530] {logging_mixin.py:188} INFO - [2024-03-09T15:50:46.548+0530] {dag.py:3047} INFO - Sync 1 DAGs
[2024-03-09T15:50:46.558+0530] {logging_mixin.py:188} INFO - [2024-03-09T15:50:46.557+0530] {dag.py:3834} INFO - Setting next_dagrun for example_trigger_target_dag to None, run_after=None
[2024-03-09T15:50:46.595+0530] {processor.py:183} INFO - Processing /home/kai/.local/lib/python3.10/site-packages/airflow/example_dags/example_trigger_target_dag.py took 0.080 seconds
[2024-03-09T15:51:34.586+0530] {processor.py:161} INFO - Started process (PID=5131) to work on /home/kai/.local/lib/python3.10/site-packages/airflow/example_dags/example_trigger_target_dag.py
[2024-03-09T15:51:34.588+0530] {processor.py:830} INFO - Processing file /home/kai/.local/lib/python3.10/site-packages/airflow/example_dags/example_trigger_target_dag.py for tasks to queue
[2024-03-09T15:51:34.589+0530] {logging_mixin.py:188} INFO - [2024-03-09T15:51:34.588+0530] {dagbag.py:540} INFO - Filling up the DagBag from /home/kai/.local/lib/python3.10/site-packages/airflow/example_dags/example_trigger_target_dag.py
[2024-03-09T15:51:34.597+0530] {processor.py:840} INFO - DAG(s) 'example_trigger_target_dag' retrieved from /home/kai/.local/lib/python3.10/site-packages/airflow/example_dags/example_trigger_target_dag.py
[2024-03-09T15:51:34.612+0530] {logging_mixin.py:188} INFO - [2024-03-09T15:51:34.612+0530] {dag.py:3047} INFO - Sync 1 DAGs
[2024-03-09T15:51:34.622+0530] {logging_mixin.py:188} INFO - [2024-03-09T15:51:34.622+0530] {dag.py:3834} INFO - Setting next_dagrun for example_trigger_target_dag to None, run_after=None
[2024-03-09T15:51:34.662+0530] {processor.py:183} INFO - Processing /home/kai/.local/lib/python3.10/site-packages/airflow/example_dags/example_trigger_target_dag.py took 0.081 seconds
[2024-03-09T15:52:11.167+0530] {processor.py:161} INFO - Started process (PID=5170) to work on /home/kai/.local/lib/python3.10/site-packages/airflow/example_dags/example_trigger_target_dag.py
[2024-03-09T15:52:11.170+0530] {processor.py:830} INFO - Processing file /home/kai/.local/lib/python3.10/site-packages/airflow/example_dags/example_trigger_target_dag.py for tasks to queue
[2024-03-09T15:52:11.171+0530] {logging_mixin.py:188} INFO - [2024-03-09T15:52:11.171+0530] {dagbag.py:540} INFO - Filling up the DagBag from /home/kai/.local/lib/python3.10/site-packages/airflow/example_dags/example_trigger_target_dag.py
[2024-03-09T15:52:11.177+0530] {processor.py:840} INFO - DAG(s) 'example_trigger_target_dag' retrieved from /home/kai/.local/lib/python3.10/site-packages/airflow/example_dags/example_trigger_target_dag.py
[2024-03-09T15:52:11.191+0530] {logging_mixin.py:188} INFO - [2024-03-09T15:52:11.191+0530] {dag.py:3047} INFO - Sync 1 DAGs
[2024-03-09T15:52:11.201+0530] {logging_mixin.py:188} INFO - [2024-03-09T15:52:11.200+0530] {dag.py:3834} INFO - Setting next_dagrun for example_trigger_target_dag to None, run_after=None
[2024-03-09T15:52:11.234+0530] {processor.py:183} INFO - Processing /home/kai/.local/lib/python3.10/site-packages/airflow/example_dags/example_trigger_target_dag.py took 0.070 seconds
[2024-03-09T15:52:47.431+0530] {processor.py:161} INFO - Started process (PID=5207) to work on /home/kai/.local/lib/python3.10/site-packages/airflow/example_dags/example_trigger_target_dag.py
[2024-03-09T15:52:47.436+0530] {processor.py:830} INFO - Processing file /home/kai/.local/lib/python3.10/site-packages/airflow/example_dags/example_trigger_target_dag.py for tasks to queue
[2024-03-09T15:52:47.437+0530] {logging_mixin.py:188} INFO - [2024-03-09T15:52:47.437+0530] {dagbag.py:540} INFO - Filling up the DagBag from /home/kai/.local/lib/python3.10/site-packages/airflow/example_dags/example_trigger_target_dag.py
[2024-03-09T15:52:47.445+0530] {processor.py:840} INFO - DAG(s) 'example_trigger_target_dag' retrieved from /home/kai/.local/lib/python3.10/site-packages/airflow/example_dags/example_trigger_target_dag.py
[2024-03-09T15:52:47.466+0530] {logging_mixin.py:188} INFO - [2024-03-09T15:52:47.466+0530] {dag.py:3047} INFO - Sync 1 DAGs
[2024-03-09T15:52:47.477+0530] {logging_mixin.py:188} INFO - [2024-03-09T15:52:47.477+0530] {dag.py:3834} INFO - Setting next_dagrun for example_trigger_target_dag to None, run_after=None
[2024-03-09T15:52:47.514+0530] {processor.py:183} INFO - Processing /home/kai/.local/lib/python3.10/site-packages/airflow/example_dags/example_trigger_target_dag.py took 0.090 seconds
[2024-03-09T15:53:38.130+0530] {processor.py:161} INFO - Started process (PID=5259) to work on /home/kai/.local/lib/python3.10/site-packages/airflow/example_dags/example_trigger_target_dag.py
[2024-03-09T15:53:38.133+0530] {processor.py:830} INFO - Processing file /home/kai/.local/lib/python3.10/site-packages/airflow/example_dags/example_trigger_target_dag.py for tasks to queue
[2024-03-09T15:53:38.134+0530] {logging_mixin.py:188} INFO - [2024-03-09T15:53:38.133+0530] {dagbag.py:540} INFO - Filling up the DagBag from /home/kai/.local/lib/python3.10/site-packages/airflow/example_dags/example_trigger_target_dag.py
[2024-03-09T15:53:38.140+0530] {processor.py:840} INFO - DAG(s) 'example_trigger_target_dag' retrieved from /home/kai/.local/lib/python3.10/site-packages/airflow/example_dags/example_trigger_target_dag.py
[2024-03-09T15:53:38.154+0530] {logging_mixin.py:188} INFO - [2024-03-09T15:53:38.154+0530] {dag.py:3047} INFO - Sync 1 DAGs
[2024-03-09T15:53:38.164+0530] {logging_mixin.py:188} INFO - [2024-03-09T15:53:38.163+0530] {dag.py:3834} INFO - Setting next_dagrun for example_trigger_target_dag to None, run_after=None
[2024-03-09T15:53:38.198+0530] {processor.py:183} INFO - Processing /home/kai/.local/lib/python3.10/site-packages/airflow/example_dags/example_trigger_target_dag.py took 0.071 seconds
[2024-03-09T15:54:14.463+0530] {processor.py:161} INFO - Started process (PID=5297) to work on /home/kai/.local/lib/python3.10/site-packages/airflow/example_dags/example_trigger_target_dag.py
[2024-03-09T15:54:14.466+0530] {processor.py:830} INFO - Processing file /home/kai/.local/lib/python3.10/site-packages/airflow/example_dags/example_trigger_target_dag.py for tasks to queue
[2024-03-09T15:54:14.467+0530] {logging_mixin.py:188} INFO - [2024-03-09T15:54:14.467+0530] {dagbag.py:540} INFO - Filling up the DagBag from /home/kai/.local/lib/python3.10/site-packages/airflow/example_dags/example_trigger_target_dag.py
[2024-03-09T15:54:14.475+0530] {processor.py:840} INFO - DAG(s) 'example_trigger_target_dag' retrieved from /home/kai/.local/lib/python3.10/site-packages/airflow/example_dags/example_trigger_target_dag.py
[2024-03-09T15:54:14.491+0530] {logging_mixin.py:188} INFO - [2024-03-09T15:54:14.490+0530] {dag.py:3047} INFO - Sync 1 DAGs
[2024-03-09T15:54:14.502+0530] {logging_mixin.py:188} INFO - [2024-03-09T15:54:14.501+0530] {dag.py:3834} INFO - Setting next_dagrun for example_trigger_target_dag to None, run_after=None
[2024-03-09T15:54:14.540+0530] {processor.py:183} INFO - Processing /home/kai/.local/lib/python3.10/site-packages/airflow/example_dags/example_trigger_target_dag.py took 0.079 seconds
