[2024-03-09T15:44:20.406+0530] {processor.py:161} INFO - Started process (PID=4661) to work on /home/kai/.local/lib/python3.10/site-packages/airflow/example_dags/example_setup_teardown.py
[2024-03-09T15:44:20.407+0530] {processor.py:830} INFO - Processing file /home/kai/.local/lib/python3.10/site-packages/airflow/example_dags/example_setup_teardown.py for tasks to queue
[2024-03-09T15:44:20.408+0530] {logging_mixin.py:188} INFO - [2024-03-09T15:44:20.408+0530] {dagbag.py:540} INFO - Filling up the DagBag from /home/kai/.local/lib/python3.10/site-packages/airflow/example_dags/example_setup_teardown.py
[2024-03-09T15:44:20.415+0530] {processor.py:840} INFO - DAG(s) 'example_setup_teardown' retrieved from /home/kai/.local/lib/python3.10/site-packages/airflow/example_dags/example_setup_teardown.py
[2024-03-09T15:44:20.541+0530] {logging_mixin.py:188} INFO - [2024-03-09T15:44:20.541+0530] {override.py:1769} INFO - Created Permission View: can delete on DAG:example_setup_teardown
[2024-03-09T15:44:20.567+0530] {logging_mixin.py:188} INFO - [2024-03-09T15:44:20.567+0530] {override.py:1769} INFO - Created Permission View: can read on DAG:example_setup_teardown
[2024-03-09T15:44:20.591+0530] {logging_mixin.py:188} INFO - [2024-03-09T15:44:20.590+0530] {override.py:1769} INFO - Created Permission View: can edit on DAG:example_setup_teardown
[2024-03-09T15:44:20.591+0530] {logging_mixin.py:188} INFO - [2024-03-09T15:44:20.591+0530] {dag.py:3047} INFO - Sync 1 DAGs
[2024-03-09T15:44:20.679+0530] {logging_mixin.py:188} INFO - [2024-03-09T15:44:20.679+0530] {dag.py:3069} INFO - Creating ORM DAG for example_setup_teardown
[2024-03-09T15:44:20.687+0530] {logging_mixin.py:188} INFO - [2024-03-09T15:44:20.687+0530] {dag.py:3834} INFO - Setting next_dagrun for example_setup_teardown to 2024-03-08 00:00:00+00:00, run_after=2024-03-09 00:00:00+00:00
[2024-03-09T15:44:20.726+0530] {processor.py:183} INFO - Processing /home/kai/.local/lib/python3.10/site-packages/airflow/example_dags/example_setup_teardown.py took 0.323 seconds
[2024-03-09T15:45:21.833+0530] {processor.py:161} INFO - Started process (PID=4721) to work on /home/kai/.local/lib/python3.10/site-packages/airflow/example_dags/example_setup_teardown.py
[2024-03-09T15:45:21.835+0530] {processor.py:830} INFO - Processing file /home/kai/.local/lib/python3.10/site-packages/airflow/example_dags/example_setup_teardown.py for tasks to queue
[2024-03-09T15:45:21.836+0530] {logging_mixin.py:188} INFO - [2024-03-09T15:45:21.836+0530] {dagbag.py:540} INFO - Filling up the DagBag from /home/kai/.local/lib/python3.10/site-packages/airflow/example_dags/example_setup_teardown.py
[2024-03-09T15:45:21.843+0530] {processor.py:840} INFO - DAG(s) 'example_setup_teardown' retrieved from /home/kai/.local/lib/python3.10/site-packages/airflow/example_dags/example_setup_teardown.py
[2024-03-09T15:45:21.859+0530] {logging_mixin.py:188} INFO - [2024-03-09T15:45:21.859+0530] {dag.py:3047} INFO - Sync 1 DAGs
[2024-03-09T15:45:21.876+0530] {logging_mixin.py:188} INFO - [2024-03-09T15:45:21.875+0530] {dag.py:3834} INFO - Setting next_dagrun for example_setup_teardown to 2024-03-08 00:00:00+00:00, run_after=2024-03-09 00:00:00+00:00
[2024-03-09T15:45:21.936+0530] {processor.py:183} INFO - Processing /home/kai/.local/lib/python3.10/site-packages/airflow/example_dags/example_setup_teardown.py took 0.106 seconds
[2024-03-09T15:46:17.352+0530] {processor.py:161} INFO - Started process (PID=4777) to work on /home/kai/.local/lib/python3.10/site-packages/airflow/example_dags/example_setup_teardown.py
[2024-03-09T15:46:17.355+0530] {processor.py:830} INFO - Processing file /home/kai/.local/lib/python3.10/site-packages/airflow/example_dags/example_setup_teardown.py for tasks to queue
[2024-03-09T15:46:17.356+0530] {logging_mixin.py:188} INFO - [2024-03-09T15:46:17.356+0530] {dagbag.py:540} INFO - Filling up the DagBag from /home/kai/.local/lib/python3.10/site-packages/airflow/example_dags/example_setup_teardown.py
[2024-03-09T15:46:17.364+0530] {processor.py:840} INFO - DAG(s) 'example_setup_teardown' retrieved from /home/kai/.local/lib/python3.10/site-packages/airflow/example_dags/example_setup_teardown.py
[2024-03-09T15:46:17.466+0530] {logging_mixin.py:188} INFO - [2024-03-09T15:46:17.465+0530] {dag.py:3047} INFO - Sync 1 DAGs
[2024-03-09T15:46:17.482+0530] {logging_mixin.py:188} INFO - [2024-03-09T15:46:17.482+0530] {dag.py:3834} INFO - Setting next_dagrun for example_setup_teardown to 2024-03-08 00:00:00+00:00, run_after=2024-03-09 00:00:00+00:00
[2024-03-09T15:46:17.518+0530] {processor.py:183} INFO - Processing /home/kai/.local/lib/python3.10/site-packages/airflow/example_dags/example_setup_teardown.py took 0.169 seconds
[2024-03-09T15:47:19.418+0530] {processor.py:161} INFO - Started process (PID=4837) to work on /home/kai/.local/lib/python3.10/site-packages/airflow/example_dags/example_setup_teardown.py
[2024-03-09T15:47:19.421+0530] {processor.py:830} INFO - Processing file /home/kai/.local/lib/python3.10/site-packages/airflow/example_dags/example_setup_teardown.py for tasks to queue
[2024-03-09T15:47:19.422+0530] {logging_mixin.py:188} INFO - [2024-03-09T15:47:19.422+0530] {dagbag.py:540} INFO - Filling up the DagBag from /home/kai/.local/lib/python3.10/site-packages/airflow/example_dags/example_setup_teardown.py
[2024-03-09T15:47:19.430+0530] {processor.py:840} INFO - DAG(s) 'example_setup_teardown' retrieved from /home/kai/.local/lib/python3.10/site-packages/airflow/example_dags/example_setup_teardown.py
[2024-03-09T15:47:19.447+0530] {logging_mixin.py:188} INFO - [2024-03-09T15:47:19.446+0530] {dag.py:3047} INFO - Sync 1 DAGs
[2024-03-09T15:47:19.466+0530] {logging_mixin.py:188} INFO - [2024-03-09T15:47:19.466+0530] {dag.py:3834} INFO - Setting next_dagrun for example_setup_teardown to 2024-03-08 00:00:00+00:00, run_after=2024-03-09 00:00:00+00:00
[2024-03-09T15:47:19.512+0530] {processor.py:183} INFO - Processing /home/kai/.local/lib/python3.10/site-packages/airflow/example_dags/example_setup_teardown.py took 0.096 seconds
[2024-03-09T15:48:28.930+0530] {processor.py:161} INFO - Started process (PID=4923) to work on /home/kai/.local/lib/python3.10/site-packages/airflow/example_dags/example_setup_teardown.py
[2024-03-09T15:48:28.933+0530] {processor.py:830} INFO - Processing file /home/kai/.local/lib/python3.10/site-packages/airflow/example_dags/example_setup_teardown.py for tasks to queue
[2024-03-09T15:48:28.934+0530] {logging_mixin.py:188} INFO - [2024-03-09T15:48:28.933+0530] {dagbag.py:540} INFO - Filling up the DagBag from /home/kai/.local/lib/python3.10/site-packages/airflow/example_dags/example_setup_teardown.py
[2024-03-09T15:48:28.941+0530] {processor.py:840} INFO - DAG(s) 'example_setup_teardown' retrieved from /home/kai/.local/lib/python3.10/site-packages/airflow/example_dags/example_setup_teardown.py
[2024-03-09T15:48:28.955+0530] {logging_mixin.py:188} INFO - [2024-03-09T15:48:28.955+0530] {dag.py:3047} INFO - Sync 1 DAGs
[2024-03-09T15:48:28.973+0530] {logging_mixin.py:188} INFO - [2024-03-09T15:48:28.973+0530] {dag.py:3834} INFO - Setting next_dagrun for example_setup_teardown to 2024-03-08 00:00:00+00:00, run_after=2024-03-09 00:00:00+00:00
[2024-03-09T15:48:29.018+0530] {processor.py:183} INFO - Processing /home/kai/.local/lib/python3.10/site-packages/airflow/example_dags/example_setup_teardown.py took 0.092 seconds
[2024-03-09T15:49:20.425+0530] {processor.py:161} INFO - Started process (PID=4984) to work on /home/kai/.local/lib/python3.10/site-packages/airflow/example_dags/example_setup_teardown.py
[2024-03-09T15:49:20.426+0530] {processor.py:830} INFO - Processing file /home/kai/.local/lib/python3.10/site-packages/airflow/example_dags/example_setup_teardown.py for tasks to queue
[2024-03-09T15:49:20.427+0530] {logging_mixin.py:188} INFO - [2024-03-09T15:49:20.427+0530] {dagbag.py:540} INFO - Filling up the DagBag from /home/kai/.local/lib/python3.10/site-packages/airflow/example_dags/example_setup_teardown.py
[2024-03-09T15:49:20.434+0530] {processor.py:840} INFO - DAG(s) 'example_setup_teardown' retrieved from /home/kai/.local/lib/python3.10/site-packages/airflow/example_dags/example_setup_teardown.py
[2024-03-09T15:49:20.450+0530] {logging_mixin.py:188} INFO - [2024-03-09T15:49:20.450+0530] {dag.py:3047} INFO - Sync 1 DAGs
[2024-03-09T15:49:20.470+0530] {logging_mixin.py:188} INFO - [2024-03-09T15:49:20.469+0530] {dag.py:3834} INFO - Setting next_dagrun for example_setup_teardown to 2024-03-08 00:00:00+00:00, run_after=2024-03-09 00:00:00+00:00
[2024-03-09T15:49:20.505+0530] {processor.py:183} INFO - Processing /home/kai/.local/lib/python3.10/site-packages/airflow/example_dags/example_setup_teardown.py took 0.084 seconds
[2024-03-09T15:50:30.306+0530] {processor.py:161} INFO - Started process (PID=5063) to work on /home/kai/.local/lib/python3.10/site-packages/airflow/example_dags/example_setup_teardown.py
[2024-03-09T15:50:30.309+0530] {processor.py:830} INFO - Processing file /home/kai/.local/lib/python3.10/site-packages/airflow/example_dags/example_setup_teardown.py for tasks to queue
[2024-03-09T15:50:30.310+0530] {logging_mixin.py:188} INFO - [2024-03-09T15:50:30.309+0530] {dagbag.py:540} INFO - Filling up the DagBag from /home/kai/.local/lib/python3.10/site-packages/airflow/example_dags/example_setup_teardown.py
[2024-03-09T15:50:30.319+0530] {processor.py:840} INFO - DAG(s) 'example_setup_teardown' retrieved from /home/kai/.local/lib/python3.10/site-packages/airflow/example_dags/example_setup_teardown.py
[2024-03-09T15:50:30.336+0530] {logging_mixin.py:188} INFO - [2024-03-09T15:50:30.335+0530] {dag.py:3047} INFO - Sync 1 DAGs
[2024-03-09T15:50:30.354+0530] {logging_mixin.py:188} INFO - [2024-03-09T15:50:30.354+0530] {dag.py:3834} INFO - Setting next_dagrun for example_setup_teardown to 2024-03-08 00:00:00+00:00, run_after=2024-03-09 00:00:00+00:00
[2024-03-09T15:50:30.388+0530] {processor.py:183} INFO - Processing /home/kai/.local/lib/python3.10/site-packages/airflow/example_dags/example_setup_teardown.py took 0.085 seconds
[2024-03-09T15:51:27.167+0530] {processor.py:161} INFO - Started process (PID=5123) to work on /home/kai/.local/lib/python3.10/site-packages/airflow/example_dags/example_setup_teardown.py
[2024-03-09T15:51:27.170+0530] {processor.py:830} INFO - Processing file /home/kai/.local/lib/python3.10/site-packages/airflow/example_dags/example_setup_teardown.py for tasks to queue
[2024-03-09T15:51:27.172+0530] {logging_mixin.py:188} INFO - [2024-03-09T15:51:27.171+0530] {dagbag.py:540} INFO - Filling up the DagBag from /home/kai/.local/lib/python3.10/site-packages/airflow/example_dags/example_setup_teardown.py
[2024-03-09T15:51:27.179+0530] {processor.py:840} INFO - DAG(s) 'example_setup_teardown' retrieved from /home/kai/.local/lib/python3.10/site-packages/airflow/example_dags/example_setup_teardown.py
[2024-03-09T15:51:27.195+0530] {logging_mixin.py:188} INFO - [2024-03-09T15:51:27.195+0530] {dag.py:3047} INFO - Sync 1 DAGs
[2024-03-09T15:51:27.216+0530] {logging_mixin.py:188} INFO - [2024-03-09T15:51:27.215+0530] {dag.py:3834} INFO - Setting next_dagrun for example_setup_teardown to 2024-03-08 00:00:00+00:00, run_after=2024-03-09 00:00:00+00:00
[2024-03-09T15:51:27.249+0530] {processor.py:183} INFO - Processing /home/kai/.local/lib/python3.10/site-packages/airflow/example_dags/example_setup_teardown.py took 0.085 seconds
[2024-03-09T15:52:18.016+0530] {processor.py:161} INFO - Started process (PID=5178) to work on /home/kai/.local/lib/python3.10/site-packages/airflow/example_dags/example_setup_teardown.py
[2024-03-09T15:52:18.020+0530] {processor.py:830} INFO - Processing file /home/kai/.local/lib/python3.10/site-packages/airflow/example_dags/example_setup_teardown.py for tasks to queue
[2024-03-09T15:52:18.021+0530] {logging_mixin.py:188} INFO - [2024-03-09T15:52:18.021+0530] {dagbag.py:540} INFO - Filling up the DagBag from /home/kai/.local/lib/python3.10/site-packages/airflow/example_dags/example_setup_teardown.py
[2024-03-09T15:52:18.029+0530] {processor.py:840} INFO - DAG(s) 'example_setup_teardown' retrieved from /home/kai/.local/lib/python3.10/site-packages/airflow/example_dags/example_setup_teardown.py
[2024-03-09T15:52:18.044+0530] {logging_mixin.py:188} INFO - [2024-03-09T15:52:18.044+0530] {dag.py:3047} INFO - Sync 1 DAGs
[2024-03-09T15:52:18.062+0530] {logging_mixin.py:188} INFO - [2024-03-09T15:52:18.062+0530] {dag.py:3834} INFO - Setting next_dagrun for example_setup_teardown to 2024-03-08 00:00:00+00:00, run_after=2024-03-09 00:00:00+00:00
[2024-03-09T15:52:18.101+0530] {processor.py:183} INFO - Processing /home/kai/.local/lib/python3.10/site-packages/airflow/example_dags/example_setup_teardown.py took 0.090 seconds
[2024-03-09T15:53:09.947+0530] {processor.py:161} INFO - Started process (PID=5230) to work on /home/kai/.local/lib/python3.10/site-packages/airflow/example_dags/example_setup_teardown.py
[2024-03-09T15:53:09.950+0530] {processor.py:830} INFO - Processing file /home/kai/.local/lib/python3.10/site-packages/airflow/example_dags/example_setup_teardown.py for tasks to queue
[2024-03-09T15:53:09.951+0530] {logging_mixin.py:188} INFO - [2024-03-09T15:53:09.950+0530] {dagbag.py:540} INFO - Filling up the DagBag from /home/kai/.local/lib/python3.10/site-packages/airflow/example_dags/example_setup_teardown.py
[2024-03-09T15:53:09.958+0530] {processor.py:840} INFO - DAG(s) 'example_setup_teardown' retrieved from /home/kai/.local/lib/python3.10/site-packages/airflow/example_dags/example_setup_teardown.py
[2024-03-09T15:53:09.972+0530] {logging_mixin.py:188} INFO - [2024-03-09T15:53:09.972+0530] {dag.py:3047} INFO - Sync 1 DAGs
[2024-03-09T15:53:09.989+0530] {logging_mixin.py:188} INFO - [2024-03-09T15:53:09.989+0530] {dag.py:3834} INFO - Setting next_dagrun for example_setup_teardown to 2024-03-08 00:00:00+00:00, run_after=2024-03-09 00:00:00+00:00
[2024-03-09T15:53:10.024+0530] {processor.py:183} INFO - Processing /home/kai/.local/lib/python3.10/site-packages/airflow/example_dags/example_setup_teardown.py took 0.080 seconds
[2024-03-09T15:54:04.136+0530] {processor.py:161} INFO - Started process (PID=5286) to work on /home/kai/.local/lib/python3.10/site-packages/airflow/example_dags/example_setup_teardown.py
[2024-03-09T15:54:04.139+0530] {processor.py:830} INFO - Processing file /home/kai/.local/lib/python3.10/site-packages/airflow/example_dags/example_setup_teardown.py for tasks to queue
[2024-03-09T15:54:04.141+0530] {logging_mixin.py:188} INFO - [2024-03-09T15:54:04.140+0530] {dagbag.py:540} INFO - Filling up the DagBag from /home/kai/.local/lib/python3.10/site-packages/airflow/example_dags/example_setup_teardown.py
[2024-03-09T15:54:04.149+0530] {processor.py:840} INFO - DAG(s) 'example_setup_teardown' retrieved from /home/kai/.local/lib/python3.10/site-packages/airflow/example_dags/example_setup_teardown.py
[2024-03-09T15:54:04.164+0530] {logging_mixin.py:188} INFO - [2024-03-09T15:54:04.164+0530] {dag.py:3047} INFO - Sync 1 DAGs
[2024-03-09T15:54:04.182+0530] {logging_mixin.py:188} INFO - [2024-03-09T15:54:04.182+0530] {dag.py:3834} INFO - Setting next_dagrun for example_setup_teardown to 2024-03-08 00:00:00+00:00, run_after=2024-03-09 00:00:00+00:00
[2024-03-09T15:54:04.226+0530] {processor.py:183} INFO - Processing /home/kai/.local/lib/python3.10/site-packages/airflow/example_dags/example_setup_teardown.py took 0.095 seconds
