[2024-03-09T15:44:14.872+0530] {processor.py:161} INFO - Started process (PID=4656) to work on /home/kai/.local/lib/python3.10/site-packages/airflow/example_dags/example_kubernetes_executor.py
[2024-03-09T15:44:14.874+0530] {processor.py:830} INFO - Processing file /home/kai/.local/lib/python3.10/site-packages/airflow/example_dags/example_kubernetes_executor.py for tasks to queue
[2024-03-09T15:44:14.876+0530] {logging_mixin.py:188} INFO - [2024-03-09T15:44:14.875+0530] {dagbag.py:540} INFO - Filling up the DagBag from /home/kai/.local/lib/python3.10/site-packages/airflow/example_dags/example_kubernetes_executor.py
[2024-03-09T15:44:14.880+0530] {logging_mixin.py:188} INFO - [2024-03-09T15:44:14.880+0530] {example_kubernetes_executor.py:38} WARNING - The example_kubernetes_executor example DAG requires the kubernetes provider. Please install it with: pip install apache-airflow[cncf.kubernetes]
[2024-03-09T15:44:14.881+0530] {processor.py:842} WARNING - No viable dags retrieved from /home/kai/.local/lib/python3.10/site-packages/airflow/example_dags/example_kubernetes_executor.py
[2024-03-09T15:44:14.893+0530] {processor.py:183} INFO - Processing /home/kai/.local/lib/python3.10/site-packages/airflow/example_dags/example_kubernetes_executor.py took 0.027 seconds
[2024-03-09T15:45:16.549+0530] {processor.py:161} INFO - Started process (PID=4715) to work on /home/kai/.local/lib/python3.10/site-packages/airflow/example_dags/example_kubernetes_executor.py
[2024-03-09T15:45:16.552+0530] {processor.py:830} INFO - Processing file /home/kai/.local/lib/python3.10/site-packages/airflow/example_dags/example_kubernetes_executor.py for tasks to queue
[2024-03-09T15:45:16.553+0530] {logging_mixin.py:188} INFO - [2024-03-09T15:45:16.553+0530] {dagbag.py:540} INFO - Filling up the DagBag from /home/kai/.local/lib/python3.10/site-packages/airflow/example_dags/example_kubernetes_executor.py
[2024-03-09T15:45:16.556+0530] {logging_mixin.py:188} INFO - [2024-03-09T15:45:16.556+0530] {example_kubernetes_executor.py:38} WARNING - The example_kubernetes_executor example DAG requires the kubernetes provider. Please install it with: pip install apache-airflow[cncf.kubernetes]
[2024-03-09T15:45:16.556+0530] {processor.py:842} WARNING - No viable dags retrieved from /home/kai/.local/lib/python3.10/site-packages/airflow/example_dags/example_kubernetes_executor.py
[2024-03-09T15:45:16.613+0530] {processor.py:183} INFO - Processing /home/kai/.local/lib/python3.10/site-packages/airflow/example_dags/example_kubernetes_executor.py took 0.067 seconds
[2024-03-09T15:46:12.067+0530] {processor.py:161} INFO - Started process (PID=4772) to work on /home/kai/.local/lib/python3.10/site-packages/airflow/example_dags/example_kubernetes_executor.py
[2024-03-09T15:46:12.070+0530] {processor.py:830} INFO - Processing file /home/kai/.local/lib/python3.10/site-packages/airflow/example_dags/example_kubernetes_executor.py for tasks to queue
[2024-03-09T15:46:12.071+0530] {logging_mixin.py:188} INFO - [2024-03-09T15:46:12.071+0530] {dagbag.py:540} INFO - Filling up the DagBag from /home/kai/.local/lib/python3.10/site-packages/airflow/example_dags/example_kubernetes_executor.py
[2024-03-09T15:46:12.074+0530] {logging_mixin.py:188} INFO - [2024-03-09T15:46:12.074+0530] {example_kubernetes_executor.py:38} WARNING - The example_kubernetes_executor example DAG requires the kubernetes provider. Please install it with: pip install apache-airflow[cncf.kubernetes]
[2024-03-09T15:46:12.074+0530] {processor.py:842} WARNING - No viable dags retrieved from /home/kai/.local/lib/python3.10/site-packages/airflow/example_dags/example_kubernetes_executor.py
[2024-03-09T15:46:12.086+0530] {processor.py:183} INFO - Processing /home/kai/.local/lib/python3.10/site-packages/airflow/example_dags/example_kubernetes_executor.py took 0.022 seconds
[2024-03-09T15:47:00.926+0530] {processor.py:161} INFO - Started process (PID=4820) to work on /home/kai/.local/lib/python3.10/site-packages/airflow/example_dags/example_kubernetes_executor.py
[2024-03-09T15:47:00.929+0530] {processor.py:830} INFO - Processing file /home/kai/.local/lib/python3.10/site-packages/airflow/example_dags/example_kubernetes_executor.py for tasks to queue
[2024-03-09T15:47:00.930+0530] {logging_mixin.py:188} INFO - [2024-03-09T15:47:00.930+0530] {dagbag.py:540} INFO - Filling up the DagBag from /home/kai/.local/lib/python3.10/site-packages/airflow/example_dags/example_kubernetes_executor.py
[2024-03-09T15:47:00.933+0530] {logging_mixin.py:188} INFO - [2024-03-09T15:47:00.933+0530] {example_kubernetes_executor.py:38} WARNING - The example_kubernetes_executor example DAG requires the kubernetes provider. Please install it with: pip install apache-airflow[cncf.kubernetes]
[2024-03-09T15:47:00.934+0530] {processor.py:842} WARNING - No viable dags retrieved from /home/kai/.local/lib/python3.10/site-packages/airflow/example_dags/example_kubernetes_executor.py
[2024-03-09T15:47:00.945+0530] {processor.py:183} INFO - Processing /home/kai/.local/lib/python3.10/site-packages/airflow/example_dags/example_kubernetes_executor.py took 0.023 seconds
[2024-03-09T15:47:56.165+0530] {processor.py:161} INFO - Started process (PID=4875) to work on /home/kai/.local/lib/python3.10/site-packages/airflow/example_dags/example_kubernetes_executor.py
[2024-03-09T15:47:56.168+0530] {processor.py:830} INFO - Processing file /home/kai/.local/lib/python3.10/site-packages/airflow/example_dags/example_kubernetes_executor.py for tasks to queue
[2024-03-09T15:47:56.168+0530] {logging_mixin.py:188} INFO - [2024-03-09T15:47:56.168+0530] {dagbag.py:540} INFO - Filling up the DagBag from /home/kai/.local/lib/python3.10/site-packages/airflow/example_dags/example_kubernetes_executor.py
[2024-03-09T15:47:56.172+0530] {logging_mixin.py:188} INFO - [2024-03-09T15:47:56.172+0530] {example_kubernetes_executor.py:38} WARNING - The example_kubernetes_executor example DAG requires the kubernetes provider. Please install it with: pip install apache-airflow[cncf.kubernetes]
[2024-03-09T15:47:56.172+0530] {processor.py:842} WARNING - No viable dags retrieved from /home/kai/.local/lib/python3.10/site-packages/airflow/example_dags/example_kubernetes_executor.py
[2024-03-09T15:47:56.188+0530] {processor.py:183} INFO - Processing /home/kai/.local/lib/python3.10/site-packages/airflow/example_dags/example_kubernetes_executor.py took 0.026 seconds
[2024-03-09T15:48:59.860+0530] {processor.py:161} INFO - Started process (PID=4958) to work on /home/kai/.local/lib/python3.10/site-packages/airflow/example_dags/example_kubernetes_executor.py
[2024-03-09T15:48:59.868+0530] {processor.py:830} INFO - Processing file /home/kai/.local/lib/python3.10/site-packages/airflow/example_dags/example_kubernetes_executor.py for tasks to queue
[2024-03-09T15:48:59.869+0530] {logging_mixin.py:188} INFO - [2024-03-09T15:48:59.869+0530] {dagbag.py:540} INFO - Filling up the DagBag from /home/kai/.local/lib/python3.10/site-packages/airflow/example_dags/example_kubernetes_executor.py
[2024-03-09T15:48:59.873+0530] {logging_mixin.py:188} INFO - [2024-03-09T15:48:59.873+0530] {example_kubernetes_executor.py:38} WARNING - The example_kubernetes_executor example DAG requires the kubernetes provider. Please install it with: pip install apache-airflow[cncf.kubernetes]
[2024-03-09T15:48:59.874+0530] {processor.py:842} WARNING - No viable dags retrieved from /home/kai/.local/lib/python3.10/site-packages/airflow/example_dags/example_kubernetes_executor.py
[2024-03-09T15:48:59.893+0530] {processor.py:183} INFO - Processing /home/kai/.local/lib/python3.10/site-packages/airflow/example_dags/example_kubernetes_executor.py took 0.039 seconds
[2024-03-09T15:49:51.139+0530] {processor.py:161} INFO - Started process (PID=5020) to work on /home/kai/.local/lib/python3.10/site-packages/airflow/example_dags/example_kubernetes_executor.py
[2024-03-09T15:49:51.142+0530] {processor.py:830} INFO - Processing file /home/kai/.local/lib/python3.10/site-packages/airflow/example_dags/example_kubernetes_executor.py for tasks to queue
[2024-03-09T15:49:51.143+0530] {logging_mixin.py:188} INFO - [2024-03-09T15:49:51.142+0530] {dagbag.py:540} INFO - Filling up the DagBag from /home/kai/.local/lib/python3.10/site-packages/airflow/example_dags/example_kubernetes_executor.py
[2024-03-09T15:49:51.146+0530] {logging_mixin.py:188} INFO - [2024-03-09T15:49:51.146+0530] {example_kubernetes_executor.py:38} WARNING - The example_kubernetes_executor example DAG requires the kubernetes provider. Please install it with: pip install apache-airflow[cncf.kubernetes]
[2024-03-09T15:49:51.146+0530] {processor.py:842} WARNING - No viable dags retrieved from /home/kai/.local/lib/python3.10/site-packages/airflow/example_dags/example_kubernetes_executor.py
[2024-03-09T15:49:51.156+0530] {processor.py:183} INFO - Processing /home/kai/.local/lib/python3.10/site-packages/airflow/example_dags/example_kubernetes_executor.py took 0.022 seconds
[2024-03-09T15:51:06.303+0530] {processor.py:161} INFO - Started process (PID=5098) to work on /home/kai/.local/lib/python3.10/site-packages/airflow/example_dags/example_kubernetes_executor.py
[2024-03-09T15:51:06.306+0530] {processor.py:830} INFO - Processing file /home/kai/.local/lib/python3.10/site-packages/airflow/example_dags/example_kubernetes_executor.py for tasks to queue
[2024-03-09T15:51:06.308+0530] {logging_mixin.py:188} INFO - [2024-03-09T15:51:06.307+0530] {dagbag.py:540} INFO - Filling up the DagBag from /home/kai/.local/lib/python3.10/site-packages/airflow/example_dags/example_kubernetes_executor.py
[2024-03-09T15:51:06.312+0530] {logging_mixin.py:188} INFO - [2024-03-09T15:51:06.311+0530] {example_kubernetes_executor.py:38} WARNING - The example_kubernetes_executor example DAG requires the kubernetes provider. Please install it with: pip install apache-airflow[cncf.kubernetes]
[2024-03-09T15:51:06.312+0530] {processor.py:842} WARNING - No viable dags retrieved from /home/kai/.local/lib/python3.10/site-packages/airflow/example_dags/example_kubernetes_executor.py
[2024-03-09T15:51:06.322+0530] {processor.py:183} INFO - Processing /home/kai/.local/lib/python3.10/site-packages/airflow/example_dags/example_kubernetes_executor.py took 0.022 seconds
[2024-03-09T15:51:58.745+0530] {processor.py:161} INFO - Started process (PID=5158) to work on /home/kai/.local/lib/python3.10/site-packages/airflow/example_dags/example_kubernetes_executor.py
[2024-03-09T15:51:58.749+0530] {processor.py:830} INFO - Processing file /home/kai/.local/lib/python3.10/site-packages/airflow/example_dags/example_kubernetes_executor.py for tasks to queue
[2024-03-09T15:51:58.751+0530] {logging_mixin.py:188} INFO - [2024-03-09T15:51:58.750+0530] {dagbag.py:540} INFO - Filling up the DagBag from /home/kai/.local/lib/python3.10/site-packages/airflow/example_dags/example_kubernetes_executor.py
[2024-03-09T15:51:58.755+0530] {logging_mixin.py:188} INFO - [2024-03-09T15:51:58.755+0530] {example_kubernetes_executor.py:38} WARNING - The example_kubernetes_executor example DAG requires the kubernetes provider. Please install it with: pip install apache-airflow[cncf.kubernetes]
[2024-03-09T15:51:58.756+0530] {processor.py:842} WARNING - No viable dags retrieved from /home/kai/.local/lib/python3.10/site-packages/airflow/example_dags/example_kubernetes_executor.py
[2024-03-09T15:51:58.770+0530] {processor.py:183} INFO - Processing /home/kai/.local/lib/python3.10/site-packages/airflow/example_dags/example_kubernetes_executor.py took 0.029 seconds
[2024-03-09T15:52:50.649+0530] {processor.py:161} INFO - Started process (PID=5210) to work on /home/kai/.local/lib/python3.10/site-packages/airflow/example_dags/example_kubernetes_executor.py
[2024-03-09T15:52:50.652+0530] {processor.py:830} INFO - Processing file /home/kai/.local/lib/python3.10/site-packages/airflow/example_dags/example_kubernetes_executor.py for tasks to queue
[2024-03-09T15:52:50.653+0530] {logging_mixin.py:188} INFO - [2024-03-09T15:52:50.653+0530] {dagbag.py:540} INFO - Filling up the DagBag from /home/kai/.local/lib/python3.10/site-packages/airflow/example_dags/example_kubernetes_executor.py
[2024-03-09T15:52:50.657+0530] {logging_mixin.py:188} INFO - [2024-03-09T15:52:50.656+0530] {example_kubernetes_executor.py:38} WARNING - The example_kubernetes_executor example DAG requires the kubernetes provider. Please install it with: pip install apache-airflow[cncf.kubernetes]
[2024-03-09T15:52:50.657+0530] {processor.py:842} WARNING - No viable dags retrieved from /home/kai/.local/lib/python3.10/site-packages/airflow/example_dags/example_kubernetes_executor.py
[2024-03-09T15:52:50.668+0530] {processor.py:183} INFO - Processing /home/kai/.local/lib/python3.10/site-packages/airflow/example_dags/example_kubernetes_executor.py took 0.022 seconds
[2024-03-09T15:53:43.297+0530] {processor.py:161} INFO - Started process (PID=5264) to work on /home/kai/.local/lib/python3.10/site-packages/airflow/example_dags/example_kubernetes_executor.py
[2024-03-09T15:53:43.298+0530] {processor.py:830} INFO - Processing file /home/kai/.local/lib/python3.10/site-packages/airflow/example_dags/example_kubernetes_executor.py for tasks to queue
[2024-03-09T15:53:43.299+0530] {logging_mixin.py:188} INFO - [2024-03-09T15:53:43.299+0530] {dagbag.py:540} INFO - Filling up the DagBag from /home/kai/.local/lib/python3.10/site-packages/airflow/example_dags/example_kubernetes_executor.py
[2024-03-09T15:53:43.302+0530] {logging_mixin.py:188} INFO - [2024-03-09T15:53:43.302+0530] {example_kubernetes_executor.py:38} WARNING - The example_kubernetes_executor example DAG requires the kubernetes provider. Please install it with: pip install apache-airflow[cncf.kubernetes]
[2024-03-09T15:53:43.303+0530] {processor.py:842} WARNING - No viable dags retrieved from /home/kai/.local/lib/python3.10/site-packages/airflow/example_dags/example_kubernetes_executor.py
[2024-03-09T15:53:43.312+0530] {processor.py:183} INFO - Processing /home/kai/.local/lib/python3.10/site-packages/airflow/example_dags/example_kubernetes_executor.py took 0.019 seconds
[2024-03-09T15:54:40.216+0530] {processor.py:161} INFO - Started process (PID=5328) to work on /home/kai/.local/lib/python3.10/site-packages/airflow/example_dags/example_kubernetes_executor.py
[2024-03-09T15:54:40.219+0530] {processor.py:830} INFO - Processing file /home/kai/.local/lib/python3.10/site-packages/airflow/example_dags/example_kubernetes_executor.py for tasks to queue
[2024-03-09T15:54:40.220+0530] {logging_mixin.py:188} INFO - [2024-03-09T15:54:40.220+0530] {dagbag.py:540} INFO - Filling up the DagBag from /home/kai/.local/lib/python3.10/site-packages/airflow/example_dags/example_kubernetes_executor.py
[2024-03-09T15:54:40.224+0530] {logging_mixin.py:188} INFO - [2024-03-09T15:54:40.224+0530] {example_kubernetes_executor.py:38} WARNING - The example_kubernetes_executor example DAG requires the kubernetes provider. Please install it with: pip install apache-airflow[cncf.kubernetes]
[2024-03-09T15:54:40.225+0530] {processor.py:842} WARNING - No viable dags retrieved from /home/kai/.local/lib/python3.10/site-packages/airflow/example_dags/example_kubernetes_executor.py
[2024-03-09T15:54:40.236+0530] {processor.py:183} INFO - Processing /home/kai/.local/lib/python3.10/site-packages/airflow/example_dags/example_kubernetes_executor.py took 0.023 seconds
