[2024-03-09T15:43:35.036+0530] {processor.py:161} INFO - Started process (PID=4601) to work on /home/kai/.local/lib/python3.10/site-packages/airflow/example_dags/example_task_group_decorator.py
[2024-03-09T15:43:35.037+0530] {processor.py:830} INFO - Processing file /home/kai/.local/lib/python3.10/site-packages/airflow/example_dags/example_task_group_decorator.py for tasks to queue
[2024-03-09T15:43:35.038+0530] {logging_mixin.py:188} INFO - [2024-03-09T15:43:35.037+0530] {dagbag.py:540} INFO - Filling up the DagBag from /home/kai/.local/lib/python3.10/site-packages/airflow/example_dags/example_task_group_decorator.py
[2024-03-09T15:43:35.054+0530] {processor.py:840} INFO - DAG(s) 'example_task_group_decorator' retrieved from /home/kai/.local/lib/python3.10/site-packages/airflow/example_dags/example_task_group_decorator.py
[2024-03-09T15:43:35.181+0530] {logging_mixin.py:188} INFO - [2024-03-09T15:43:35.180+0530] {override.py:1769} INFO - Created Permission View: can delete on DAG:example_task_group_decorator
[2024-03-09T15:43:35.206+0530] {logging_mixin.py:188} INFO - [2024-03-09T15:43:35.205+0530] {override.py:1769} INFO - Created Permission View: can read on DAG:example_task_group_decorator
[2024-03-09T15:43:35.227+0530] {logging_mixin.py:188} INFO - [2024-03-09T15:43:35.227+0530] {override.py:1769} INFO - Created Permission View: can edit on DAG:example_task_group_decorator
[2024-03-09T15:43:35.228+0530] {logging_mixin.py:188} INFO - [2024-03-09T15:43:35.228+0530] {dag.py:3047} INFO - Sync 1 DAGs
[2024-03-09T15:43:35.239+0530] {logging_mixin.py:188} INFO - [2024-03-09T15:43:35.239+0530] {dag.py:3069} INFO - Creating ORM DAG for example_task_group_decorator
[2024-03-09T15:43:35.247+0530] {logging_mixin.py:188} INFO - [2024-03-09T15:43:35.247+0530] {dag.py:3834} INFO - Setting next_dagrun for example_task_group_decorator to 2024-03-08 00:00:00+00:00, run_after=2024-03-09 00:00:00+00:00
[2024-03-09T15:43:35.278+0530] {processor.py:183} INFO - Processing /home/kai/.local/lib/python3.10/site-packages/airflow/example_dags/example_task_group_decorator.py took 0.246 seconds
[2024-03-09T15:44:35.294+0530] {processor.py:161} INFO - Started process (PID=4673) to work on /home/kai/.local/lib/python3.10/site-packages/airflow/example_dags/example_task_group_decorator.py
[2024-03-09T15:44:35.297+0530] {processor.py:830} INFO - Processing file /home/kai/.local/lib/python3.10/site-packages/airflow/example_dags/example_task_group_decorator.py for tasks to queue
[2024-03-09T15:44:35.299+0530] {logging_mixin.py:188} INFO - [2024-03-09T15:44:35.298+0530] {dagbag.py:540} INFO - Filling up the DagBag from /home/kai/.local/lib/python3.10/site-packages/airflow/example_dags/example_task_group_decorator.py
[2024-03-09T15:44:35.314+0530] {processor.py:840} INFO - DAG(s) 'example_task_group_decorator' retrieved from /home/kai/.local/lib/python3.10/site-packages/airflow/example_dags/example_task_group_decorator.py
[2024-03-09T15:44:35.331+0530] {logging_mixin.py:188} INFO - [2024-03-09T15:44:35.331+0530] {dag.py:3047} INFO - Sync 1 DAGs
[2024-03-09T15:44:35.349+0530] {logging_mixin.py:188} INFO - [2024-03-09T15:44:35.348+0530] {dag.py:3834} INFO - Setting next_dagrun for example_task_group_decorator to 2024-03-08 00:00:00+00:00, run_after=2024-03-09 00:00:00+00:00
[2024-03-09T15:44:35.382+0530] {processor.py:183} INFO - Processing /home/kai/.local/lib/python3.10/site-packages/airflow/example_dags/example_task_group_decorator.py took 0.091 seconds
[2024-03-09T15:45:33.634+0530] {processor.py:161} INFO - Started process (PID=4736) to work on /home/kai/.local/lib/python3.10/site-packages/airflow/example_dags/example_task_group_decorator.py
[2024-03-09T15:45:33.637+0530] {processor.py:830} INFO - Processing file /home/kai/.local/lib/python3.10/site-packages/airflow/example_dags/example_task_group_decorator.py for tasks to queue
[2024-03-09T15:45:33.638+0530] {logging_mixin.py:188} INFO - [2024-03-09T15:45:33.638+0530] {dagbag.py:540} INFO - Filling up the DagBag from /home/kai/.local/lib/python3.10/site-packages/airflow/example_dags/example_task_group_decorator.py
[2024-03-09T15:45:33.652+0530] {processor.py:840} INFO - DAG(s) 'example_task_group_decorator' retrieved from /home/kai/.local/lib/python3.10/site-packages/airflow/example_dags/example_task_group_decorator.py
[2024-03-09T15:45:33.668+0530] {logging_mixin.py:188} INFO - [2024-03-09T15:45:33.668+0530] {dag.py:3047} INFO - Sync 1 DAGs
[2024-03-09T15:45:33.684+0530] {logging_mixin.py:188} INFO - [2024-03-09T15:45:33.684+0530] {dag.py:3834} INFO - Setting next_dagrun for example_task_group_decorator to 2024-03-08 00:00:00+00:00, run_after=2024-03-09 00:00:00+00:00
[2024-03-09T15:45:34.207+0530] {processor.py:183} INFO - Processing /home/kai/.local/lib/python3.10/site-packages/airflow/example_dags/example_task_group_decorator.py took 0.576 seconds
[2024-03-09T15:46:24.065+0530] {processor.py:161} INFO - Started process (PID=4784) to work on /home/kai/.local/lib/python3.10/site-packages/airflow/example_dags/example_task_group_decorator.py
[2024-03-09T15:46:24.068+0530] {processor.py:830} INFO - Processing file /home/kai/.local/lib/python3.10/site-packages/airflow/example_dags/example_task_group_decorator.py for tasks to queue
[2024-03-09T15:46:24.068+0530] {logging_mixin.py:188} INFO - [2024-03-09T15:46:24.068+0530] {dagbag.py:540} INFO - Filling up the DagBag from /home/kai/.local/lib/python3.10/site-packages/airflow/example_dags/example_task_group_decorator.py
[2024-03-09T15:46:24.168+0530] {processor.py:840} INFO - DAG(s) 'example_task_group_decorator' retrieved from /home/kai/.local/lib/python3.10/site-packages/airflow/example_dags/example_task_group_decorator.py
[2024-03-09T15:46:24.182+0530] {logging_mixin.py:188} INFO - [2024-03-09T15:46:24.181+0530] {dag.py:3047} INFO - Sync 1 DAGs
[2024-03-09T15:46:24.197+0530] {logging_mixin.py:188} INFO - [2024-03-09T15:46:24.196+0530] {dag.py:3834} INFO - Setting next_dagrun for example_task_group_decorator to 2024-03-08 00:00:00+00:00, run_after=2024-03-09 00:00:00+00:00
[2024-03-09T15:46:24.230+0530] {processor.py:183} INFO - Processing /home/kai/.local/lib/python3.10/site-packages/airflow/example_dags/example_task_group_decorator.py took 0.168 seconds
[2024-03-09T15:47:06.350+0530] {processor.py:161} INFO - Started process (PID=4825) to work on /home/kai/.local/lib/python3.10/site-packages/airflow/example_dags/example_task_group_decorator.py
[2024-03-09T15:47:06.353+0530] {processor.py:830} INFO - Processing file /home/kai/.local/lib/python3.10/site-packages/airflow/example_dags/example_task_group_decorator.py for tasks to queue
[2024-03-09T15:47:06.354+0530] {logging_mixin.py:188} INFO - [2024-03-09T15:47:06.353+0530] {dagbag.py:540} INFO - Filling up the DagBag from /home/kai/.local/lib/python3.10/site-packages/airflow/example_dags/example_task_group_decorator.py
[2024-03-09T15:47:06.369+0530] {processor.py:840} INFO - DAG(s) 'example_task_group_decorator' retrieved from /home/kai/.local/lib/python3.10/site-packages/airflow/example_dags/example_task_group_decorator.py
[2024-03-09T15:47:06.390+0530] {logging_mixin.py:188} INFO - [2024-03-09T15:47:06.389+0530] {dag.py:3047} INFO - Sync 1 DAGs
[2024-03-09T15:47:06.417+0530] {logging_mixin.py:188} INFO - [2024-03-09T15:47:06.416+0530] {dag.py:3834} INFO - Setting next_dagrun for example_task_group_decorator to 2024-03-08 00:00:00+00:00, run_after=2024-03-09 00:00:00+00:00
[2024-03-09T15:47:06.454+0530] {processor.py:183} INFO - Processing /home/kai/.local/lib/python3.10/site-packages/airflow/example_dags/example_task_group_decorator.py took 0.107 seconds
[2024-03-09T15:47:42.767+0530] {processor.py:161} INFO - Started process (PID=4862) to work on /home/kai/.local/lib/python3.10/site-packages/airflow/example_dags/example_task_group_decorator.py
[2024-03-09T15:47:42.770+0530] {processor.py:830} INFO - Processing file /home/kai/.local/lib/python3.10/site-packages/airflow/example_dags/example_task_group_decorator.py for tasks to queue
[2024-03-09T15:47:42.771+0530] {logging_mixin.py:188} INFO - [2024-03-09T15:47:42.771+0530] {dagbag.py:540} INFO - Filling up the DagBag from /home/kai/.local/lib/python3.10/site-packages/airflow/example_dags/example_task_group_decorator.py
[2024-03-09T15:47:42.787+0530] {processor.py:840} INFO - DAG(s) 'example_task_group_decorator' retrieved from /home/kai/.local/lib/python3.10/site-packages/airflow/example_dags/example_task_group_decorator.py
[2024-03-09T15:47:42.806+0530] {logging_mixin.py:188} INFO - [2024-03-09T15:47:42.805+0530] {dag.py:3047} INFO - Sync 1 DAGs
[2024-03-09T15:47:42.824+0530] {logging_mixin.py:188} INFO - [2024-03-09T15:47:42.824+0530] {dag.py:3834} INFO - Setting next_dagrun for example_task_group_decorator to 2024-03-08 00:00:00+00:00, run_after=2024-03-09 00:00:00+00:00
[2024-03-09T15:47:42.859+0530] {processor.py:183} INFO - Processing /home/kai/.local/lib/python3.10/site-packages/airflow/example_dags/example_task_group_decorator.py took 0.095 seconds
[2024-03-09T15:48:35.831+0530] {processor.py:161} INFO - Started process (PID=4931) to work on /home/kai/.local/lib/python3.10/site-packages/airflow/example_dags/example_task_group_decorator.py
[2024-03-09T15:48:35.835+0530] {processor.py:830} INFO - Processing file /home/kai/.local/lib/python3.10/site-packages/airflow/example_dags/example_task_group_decorator.py for tasks to queue
[2024-03-09T15:48:35.836+0530] {logging_mixin.py:188} INFO - [2024-03-09T15:48:35.836+0530] {dagbag.py:540} INFO - Filling up the DagBag from /home/kai/.local/lib/python3.10/site-packages/airflow/example_dags/example_task_group_decorator.py
[2024-03-09T15:48:35.853+0530] {processor.py:840} INFO - DAG(s) 'example_task_group_decorator' retrieved from /home/kai/.local/lib/python3.10/site-packages/airflow/example_dags/example_task_group_decorator.py
[2024-03-09T15:48:35.871+0530] {logging_mixin.py:188} INFO - [2024-03-09T15:48:35.870+0530] {dag.py:3047} INFO - Sync 1 DAGs
[2024-03-09T15:48:35.888+0530] {logging_mixin.py:188} INFO - [2024-03-09T15:48:35.888+0530] {dag.py:3834} INFO - Setting next_dagrun for example_task_group_decorator to 2024-03-08 00:00:00+00:00, run_after=2024-03-09 00:00:00+00:00
[2024-03-09T15:48:35.921+0530] {processor.py:183} INFO - Processing /home/kai/.local/lib/python3.10/site-packages/airflow/example_dags/example_task_group_decorator.py took 0.095 seconds
[2024-03-09T15:49:09.220+0530] {processor.py:161} INFO - Started process (PID=4973) to work on /home/kai/.local/lib/python3.10/site-packages/airflow/example_dags/example_task_group_decorator.py
[2024-03-09T15:49:09.223+0530] {processor.py:830} INFO - Processing file /home/kai/.local/lib/python3.10/site-packages/airflow/example_dags/example_task_group_decorator.py for tasks to queue
[2024-03-09T15:49:09.225+0530] {logging_mixin.py:188} INFO - [2024-03-09T15:49:09.225+0530] {dagbag.py:540} INFO - Filling up the DagBag from /home/kai/.local/lib/python3.10/site-packages/airflow/example_dags/example_task_group_decorator.py
[2024-03-09T15:49:09.241+0530] {processor.py:840} INFO - DAG(s) 'example_task_group_decorator' retrieved from /home/kai/.local/lib/python3.10/site-packages/airflow/example_dags/example_task_group_decorator.py
[2024-03-09T15:49:09.259+0530] {logging_mixin.py:188} INFO - [2024-03-09T15:49:09.258+0530] {dag.py:3047} INFO - Sync 1 DAGs
[2024-03-09T15:49:09.276+0530] {logging_mixin.py:188} INFO - [2024-03-09T15:49:09.276+0530] {dag.py:3834} INFO - Setting next_dagrun for example_task_group_decorator to 2024-03-08 00:00:00+00:00, run_after=2024-03-09 00:00:00+00:00
[2024-03-09T15:49:09.313+0530] {processor.py:183} INFO - Processing /home/kai/.local/lib/python3.10/site-packages/airflow/example_dags/example_task_group_decorator.py took 0.096 seconds
[2024-03-09T15:49:44.097+0530] {processor.py:161} INFO - Started process (PID=5012) to work on /home/kai/.local/lib/python3.10/site-packages/airflow/example_dags/example_task_group_decorator.py
[2024-03-09T15:49:44.101+0530] {processor.py:830} INFO - Processing file /home/kai/.local/lib/python3.10/site-packages/airflow/example_dags/example_task_group_decorator.py for tasks to queue
[2024-03-09T15:49:44.102+0530] {logging_mixin.py:188} INFO - [2024-03-09T15:49:44.102+0530] {dagbag.py:540} INFO - Filling up the DagBag from /home/kai/.local/lib/python3.10/site-packages/airflow/example_dags/example_task_group_decorator.py
[2024-03-09T15:49:44.118+0530] {processor.py:840} INFO - DAG(s) 'example_task_group_decorator' retrieved from /home/kai/.local/lib/python3.10/site-packages/airflow/example_dags/example_task_group_decorator.py
[2024-03-09T15:49:44.137+0530] {logging_mixin.py:188} INFO - [2024-03-09T15:49:44.136+0530] {dag.py:3047} INFO - Sync 1 DAGs
[2024-03-09T15:49:44.155+0530] {logging_mixin.py:188} INFO - [2024-03-09T15:49:44.154+0530] {dag.py:3834} INFO - Setting next_dagrun for example_task_group_decorator to 2024-03-08 00:00:00+00:00, run_after=2024-03-09 00:00:00+00:00
[2024-03-09T15:49:44.190+0530] {processor.py:183} INFO - Processing /home/kai/.local/lib/python3.10/site-packages/airflow/example_dags/example_task_group_decorator.py took 0.096 seconds
[2024-03-09T15:50:37.918+0530] {processor.py:161} INFO - Started process (PID=5071) to work on /home/kai/.local/lib/python3.10/site-packages/airflow/example_dags/example_task_group_decorator.py
[2024-03-09T15:50:37.921+0530] {processor.py:830} INFO - Processing file /home/kai/.local/lib/python3.10/site-packages/airflow/example_dags/example_task_group_decorator.py for tasks to queue
[2024-03-09T15:50:37.922+0530] {logging_mixin.py:188} INFO - [2024-03-09T15:50:37.921+0530] {dagbag.py:540} INFO - Filling up the DagBag from /home/kai/.local/lib/python3.10/site-packages/airflow/example_dags/example_task_group_decorator.py
[2024-03-09T15:50:37.937+0530] {processor.py:840} INFO - DAG(s) 'example_task_group_decorator' retrieved from /home/kai/.local/lib/python3.10/site-packages/airflow/example_dags/example_task_group_decorator.py
[2024-03-09T15:50:37.955+0530] {logging_mixin.py:188} INFO - [2024-03-09T15:50:37.955+0530] {dag.py:3047} INFO - Sync 1 DAGs
[2024-03-09T15:50:37.973+0530] {logging_mixin.py:188} INFO - [2024-03-09T15:50:37.973+0530] {dag.py:3834} INFO - Setting next_dagrun for example_task_group_decorator to 2024-03-08 00:00:00+00:00, run_after=2024-03-09 00:00:00+00:00
[2024-03-09T15:50:38.007+0530] {processor.py:183} INFO - Processing /home/kai/.local/lib/python3.10/site-packages/airflow/example_dags/example_task_group_decorator.py took 0.093 seconds
[2024-03-09T15:51:16.711+0530] {processor.py:161} INFO - Started process (PID=5110) to work on /home/kai/.local/lib/python3.10/site-packages/airflow/example_dags/example_task_group_decorator.py
[2024-03-09T15:51:16.714+0530] {processor.py:830} INFO - Processing file /home/kai/.local/lib/python3.10/site-packages/airflow/example_dags/example_task_group_decorator.py for tasks to queue
[2024-03-09T15:51:16.715+0530] {logging_mixin.py:188} INFO - [2024-03-09T15:51:16.715+0530] {dagbag.py:540} INFO - Filling up the DagBag from /home/kai/.local/lib/python3.10/site-packages/airflow/example_dags/example_task_group_decorator.py
[2024-03-09T15:51:16.731+0530] {processor.py:840} INFO - DAG(s) 'example_task_group_decorator' retrieved from /home/kai/.local/lib/python3.10/site-packages/airflow/example_dags/example_task_group_decorator.py
[2024-03-09T15:51:16.749+0530] {logging_mixin.py:188} INFO - [2024-03-09T15:51:16.749+0530] {dag.py:3047} INFO - Sync 1 DAGs
[2024-03-09T15:51:16.767+0530] {logging_mixin.py:188} INFO - [2024-03-09T15:51:16.767+0530] {dag.py:3834} INFO - Setting next_dagrun for example_task_group_decorator to 2024-03-08 00:00:00+00:00, run_after=2024-03-09 00:00:00+00:00
[2024-03-09T15:51:16.804+0530] {processor.py:183} INFO - Processing /home/kai/.local/lib/python3.10/site-packages/airflow/example_dags/example_task_group_decorator.py took 0.098 seconds
[2024-03-09T15:51:52.785+0530] {processor.py:161} INFO - Started process (PID=5149) to work on /home/kai/.local/lib/python3.10/site-packages/airflow/example_dags/example_task_group_decorator.py
[2024-03-09T15:51:52.788+0530] {processor.py:830} INFO - Processing file /home/kai/.local/lib/python3.10/site-packages/airflow/example_dags/example_task_group_decorator.py for tasks to queue
[2024-03-09T15:51:52.789+0530] {logging_mixin.py:188} INFO - [2024-03-09T15:51:52.789+0530] {dagbag.py:540} INFO - Filling up the DagBag from /home/kai/.local/lib/python3.10/site-packages/airflow/example_dags/example_task_group_decorator.py
[2024-03-09T15:51:52.805+0530] {processor.py:840} INFO - DAG(s) 'example_task_group_decorator' retrieved from /home/kai/.local/lib/python3.10/site-packages/airflow/example_dags/example_task_group_decorator.py
[2024-03-09T15:51:52.823+0530] {logging_mixin.py:188} INFO - [2024-03-09T15:51:52.822+0530] {dag.py:3047} INFO - Sync 1 DAGs
[2024-03-09T15:51:52.840+0530] {logging_mixin.py:188} INFO - [2024-03-09T15:51:52.840+0530] {dag.py:3834} INFO - Setting next_dagrun for example_task_group_decorator to 2024-03-08 00:00:00+00:00, run_after=2024-03-09 00:00:00+00:00
[2024-03-09T15:51:52.874+0530] {processor.py:183} INFO - Processing /home/kai/.local/lib/python3.10/site-packages/airflow/example_dags/example_task_group_decorator.py took 0.094 seconds
[2024-03-09T15:52:26.784+0530] {processor.py:161} INFO - Started process (PID=5186) to work on /home/kai/.local/lib/python3.10/site-packages/airflow/example_dags/example_task_group_decorator.py
[2024-03-09T15:52:26.787+0530] {processor.py:830} INFO - Processing file /home/kai/.local/lib/python3.10/site-packages/airflow/example_dags/example_task_group_decorator.py for tasks to queue
[2024-03-09T15:52:26.789+0530] {logging_mixin.py:188} INFO - [2024-03-09T15:52:26.788+0530] {dagbag.py:540} INFO - Filling up the DagBag from /home/kai/.local/lib/python3.10/site-packages/airflow/example_dags/example_task_group_decorator.py
[2024-03-09T15:52:26.804+0530] {processor.py:840} INFO - DAG(s) 'example_task_group_decorator' retrieved from /home/kai/.local/lib/python3.10/site-packages/airflow/example_dags/example_task_group_decorator.py
[2024-03-09T15:52:26.821+0530] {logging_mixin.py:188} INFO - [2024-03-09T15:52:26.821+0530] {dag.py:3047} INFO - Sync 1 DAGs
[2024-03-09T15:52:26.839+0530] {logging_mixin.py:188} INFO - [2024-03-09T15:52:26.839+0530] {dag.py:3834} INFO - Setting next_dagrun for example_task_group_decorator to 2024-03-08 00:00:00+00:00, run_after=2024-03-09 00:00:00+00:00
[2024-03-09T15:52:26.871+0530] {processor.py:183} INFO - Processing /home/kai/.local/lib/python3.10/site-packages/airflow/example_dags/example_task_group_decorator.py took 0.090 seconds
[2024-03-09T15:52:59.798+0530] {processor.py:161} INFO - Started process (PID=5220) to work on /home/kai/.local/lib/python3.10/site-packages/airflow/example_dags/example_task_group_decorator.py
[2024-03-09T15:52:59.800+0530] {processor.py:830} INFO - Processing file /home/kai/.local/lib/python3.10/site-packages/airflow/example_dags/example_task_group_decorator.py for tasks to queue
[2024-03-09T15:52:59.801+0530] {logging_mixin.py:188} INFO - [2024-03-09T15:52:59.801+0530] {dagbag.py:540} INFO - Filling up the DagBag from /home/kai/.local/lib/python3.10/site-packages/airflow/example_dags/example_task_group_decorator.py
[2024-03-09T15:52:59.819+0530] {processor.py:840} INFO - DAG(s) 'example_task_group_decorator' retrieved from /home/kai/.local/lib/python3.10/site-packages/airflow/example_dags/example_task_group_decorator.py
[2024-03-09T15:52:59.838+0530] {logging_mixin.py:188} INFO - [2024-03-09T15:52:59.837+0530] {dag.py:3047} INFO - Sync 1 DAGs
[2024-03-09T15:52:59.855+0530] {logging_mixin.py:188} INFO - [2024-03-09T15:52:59.855+0530] {dag.py:3834} INFO - Setting next_dagrun for example_task_group_decorator to 2024-03-08 00:00:00+00:00, run_after=2024-03-09 00:00:00+00:00
[2024-03-09T15:52:59.896+0530] {processor.py:183} INFO - Processing /home/kai/.local/lib/python3.10/site-packages/airflow/example_dags/example_task_group_decorator.py took 0.102 seconds
[2024-03-09T15:53:35.404+0530] {processor.py:161} INFO - Started process (PID=5256) to work on /home/kai/.local/lib/python3.10/site-packages/airflow/example_dags/example_task_group_decorator.py
[2024-03-09T15:53:35.407+0530] {processor.py:830} INFO - Processing file /home/kai/.local/lib/python3.10/site-packages/airflow/example_dags/example_task_group_decorator.py for tasks to queue
[2024-03-09T15:53:35.409+0530] {logging_mixin.py:188} INFO - [2024-03-09T15:53:35.408+0530] {dagbag.py:540} INFO - Filling up the DagBag from /home/kai/.local/lib/python3.10/site-packages/airflow/example_dags/example_task_group_decorator.py
[2024-03-09T15:53:35.425+0530] {processor.py:840} INFO - DAG(s) 'example_task_group_decorator' retrieved from /home/kai/.local/lib/python3.10/site-packages/airflow/example_dags/example_task_group_decorator.py
[2024-03-09T15:53:35.442+0530] {logging_mixin.py:188} INFO - [2024-03-09T15:53:35.442+0530] {dag.py:3047} INFO - Sync 1 DAGs
[2024-03-09T15:53:35.460+0530] {logging_mixin.py:188} INFO - [2024-03-09T15:53:35.459+0530] {dag.py:3834} INFO - Setting next_dagrun for example_task_group_decorator to 2024-03-08 00:00:00+00:00, run_after=2024-03-09 00:00:00+00:00
[2024-03-09T15:53:35.493+0530] {processor.py:183} INFO - Processing /home/kai/.local/lib/python3.10/site-packages/airflow/example_dags/example_task_group_decorator.py took 0.093 seconds
[2024-03-09T15:54:12.283+0530] {processor.py:161} INFO - Started process (PID=5294) to work on /home/kai/.local/lib/python3.10/site-packages/airflow/example_dags/example_task_group_decorator.py
[2024-03-09T15:54:12.286+0530] {processor.py:830} INFO - Processing file /home/kai/.local/lib/python3.10/site-packages/airflow/example_dags/example_task_group_decorator.py for tasks to queue
[2024-03-09T15:54:12.287+0530] {logging_mixin.py:188} INFO - [2024-03-09T15:54:12.286+0530] {dagbag.py:540} INFO - Filling up the DagBag from /home/kai/.local/lib/python3.10/site-packages/airflow/example_dags/example_task_group_decorator.py
[2024-03-09T15:54:12.303+0530] {processor.py:840} INFO - DAG(s) 'example_task_group_decorator' retrieved from /home/kai/.local/lib/python3.10/site-packages/airflow/example_dags/example_task_group_decorator.py
[2024-03-09T15:54:12.321+0530] {logging_mixin.py:188} INFO - [2024-03-09T15:54:12.321+0530] {dag.py:3047} INFO - Sync 1 DAGs
[2024-03-09T15:54:12.339+0530] {logging_mixin.py:188} INFO - [2024-03-09T15:54:12.339+0530] {dag.py:3834} INFO - Setting next_dagrun for example_task_group_decorator to 2024-03-08 00:00:00+00:00, run_after=2024-03-09 00:00:00+00:00
[2024-03-09T15:54:12.375+0530] {processor.py:183} INFO - Processing /home/kai/.local/lib/python3.10/site-packages/airflow/example_dags/example_task_group_decorator.py took 0.097 seconds
