[2024-03-09T15:43:38.624+0530] {processor.py:161} INFO - Started process (PID=4604) to work on /home/kai/.local/lib/python3.10/site-packages/airflow/example_dags/example_datasets.py
[2024-03-09T15:43:38.625+0530] {processor.py:830} INFO - Processing file /home/kai/.local/lib/python3.10/site-packages/airflow/example_dags/example_datasets.py for tasks to queue
[2024-03-09T15:43:38.626+0530] {logging_mixin.py:188} INFO - [2024-03-09T15:43:38.626+0530] {dagbag.py:540} INFO - Filling up the DagBag from /home/kai/.local/lib/python3.10/site-packages/airflow/example_dags/example_datasets.py
[2024-03-09T15:43:38.637+0530] {processor.py:840} INFO - DAG(s) 'dataset_consumes_unknown_never_scheduled', 'dataset_consumes_1_never_scheduled', 'dataset_produces_2', 'dataset_consumes_1_and_2', 'dataset_produces_1', 'dataset_consumes_1' retrieved from /home/kai/.local/lib/python3.10/site-packages/airflow/example_dags/example_datasets.py
[2024-03-09T15:43:38.767+0530] {logging_mixin.py:188} INFO - [2024-03-09T15:43:38.766+0530] {override.py:1769} INFO - Created Permission View: can delete on DAG:dataset_consumes_unknown_never_scheduled
[2024-03-09T15:43:38.802+0530] {logging_mixin.py:188} INFO - [2024-03-09T15:43:38.801+0530] {override.py:1769} INFO - Created Permission View: can read on DAG:dataset_consumes_unknown_never_scheduled
[2024-03-09T15:43:38.826+0530] {logging_mixin.py:188} INFO - [2024-03-09T15:43:38.825+0530] {override.py:1769} INFO - Created Permission View: can edit on DAG:dataset_consumes_unknown_never_scheduled
[2024-03-09T15:43:38.878+0530] {logging_mixin.py:188} INFO - [2024-03-09T15:43:38.878+0530] {override.py:1769} INFO - Created Permission View: can delete on DAG:dataset_consumes_1_never_scheduled
[2024-03-09T15:43:38.907+0530] {logging_mixin.py:188} INFO - [2024-03-09T15:43:38.906+0530] {override.py:1769} INFO - Created Permission View: can read on DAG:dataset_consumes_1_never_scheduled
[2024-03-09T15:43:38.939+0530] {logging_mixin.py:188} INFO - [2024-03-09T15:43:38.938+0530] {override.py:1769} INFO - Created Permission View: can edit on DAG:dataset_consumes_1_never_scheduled
[2024-03-09T15:43:38.989+0530] {logging_mixin.py:188} INFO - [2024-03-09T15:43:38.989+0530] {override.py:1769} INFO - Created Permission View: can delete on DAG:dataset_produces_2
[2024-03-09T15:43:39.014+0530] {logging_mixin.py:188} INFO - [2024-03-09T15:43:39.013+0530] {override.py:1769} INFO - Created Permission View: can read on DAG:dataset_produces_2
[2024-03-09T15:43:39.038+0530] {logging_mixin.py:188} INFO - [2024-03-09T15:43:39.037+0530] {override.py:1769} INFO - Created Permission View: can edit on DAG:dataset_produces_2
[2024-03-09T15:43:39.101+0530] {logging_mixin.py:188} INFO - [2024-03-09T15:43:39.101+0530] {override.py:1769} INFO - Created Permission View: can delete on DAG:dataset_consumes_1_and_2
[2024-03-09T15:43:39.127+0530] {logging_mixin.py:188} INFO - [2024-03-09T15:43:39.127+0530] {override.py:1769} INFO - Created Permission View: can read on DAG:dataset_consumes_1_and_2
[2024-03-09T15:43:39.156+0530] {logging_mixin.py:188} INFO - [2024-03-09T15:43:39.155+0530] {override.py:1769} INFO - Created Permission View: can edit on DAG:dataset_consumes_1_and_2
[2024-03-09T15:43:39.207+0530] {logging_mixin.py:188} INFO - [2024-03-09T15:43:39.206+0530] {override.py:1769} INFO - Created Permission View: can delete on DAG:dataset_produces_1
[2024-03-09T15:43:39.230+0530] {logging_mixin.py:188} INFO - [2024-03-09T15:43:39.229+0530] {override.py:1769} INFO - Created Permission View: can read on DAG:dataset_produces_1
[2024-03-09T15:43:39.252+0530] {logging_mixin.py:188} INFO - [2024-03-09T15:43:39.252+0530] {override.py:1769} INFO - Created Permission View: can edit on DAG:dataset_produces_1
[2024-03-09T15:43:39.304+0530] {logging_mixin.py:188} INFO - [2024-03-09T15:43:39.303+0530] {override.py:1769} INFO - Created Permission View: can delete on DAG:dataset_consumes_1
[2024-03-09T15:43:39.339+0530] {logging_mixin.py:188} INFO - [2024-03-09T15:43:39.339+0530] {override.py:1769} INFO - Created Permission View: can read on DAG:dataset_consumes_1
[2024-03-09T15:43:39.368+0530] {logging_mixin.py:188} INFO - [2024-03-09T15:43:39.368+0530] {override.py:1769} INFO - Created Permission View: can edit on DAG:dataset_consumes_1
[2024-03-09T15:43:39.369+0530] {logging_mixin.py:188} INFO - [2024-03-09T15:43:39.369+0530] {dag.py:3047} INFO - Sync 6 DAGs
[2024-03-09T15:43:39.383+0530] {logging_mixin.py:188} INFO - [2024-03-09T15:43:39.383+0530] {dag.py:3069} INFO - Creating ORM DAG for dataset_produces_2
[2024-03-09T15:43:39.384+0530] {logging_mixin.py:188} INFO - [2024-03-09T15:43:39.384+0530] {dag.py:3069} INFO - Creating ORM DAG for dataset_consumes_1_never_scheduled
[2024-03-09T15:43:39.385+0530] {logging_mixin.py:188} INFO - [2024-03-09T15:43:39.384+0530] {dag.py:3069} INFO - Creating ORM DAG for dataset_consumes_1
[2024-03-09T15:43:39.385+0530] {logging_mixin.py:188} INFO - [2024-03-09T15:43:39.385+0530] {dag.py:3069} INFO - Creating ORM DAG for dataset_consumes_unknown_never_scheduled
[2024-03-09T15:43:39.386+0530] {logging_mixin.py:188} INFO - [2024-03-09T15:43:39.386+0530] {dag.py:3069} INFO - Creating ORM DAG for dataset_produces_1
[2024-03-09T15:43:39.386+0530] {logging_mixin.py:188} INFO - [2024-03-09T15:43:39.386+0530] {dag.py:3069} INFO - Creating ORM DAG for dataset_consumes_1_and_2
[2024-03-09T15:43:39.394+0530] {logging_mixin.py:188} INFO - [2024-03-09T15:43:39.394+0530] {dag.py:3834} INFO - Setting next_dagrun for dataset_consumes_1 to None, run_after=None
[2024-03-09T15:43:39.394+0530] {logging_mixin.py:188} INFO - [2024-03-09T15:43:39.394+0530] {dag.py:3834} INFO - Setting next_dagrun for dataset_consumes_1_and_2 to None, run_after=None
[2024-03-09T15:43:39.395+0530] {logging_mixin.py:188} INFO - [2024-03-09T15:43:39.395+0530] {dag.py:3834} INFO - Setting next_dagrun for dataset_consumes_1_never_scheduled to None, run_after=None
[2024-03-09T15:43:39.395+0530] {logging_mixin.py:188} INFO - [2024-03-09T15:43:39.395+0530] {dag.py:3834} INFO - Setting next_dagrun for dataset_consumes_unknown_never_scheduled to None, run_after=None
[2024-03-09T15:43:39.397+0530] {logging_mixin.py:188} INFO - [2024-03-09T15:43:39.397+0530] {dag.py:3834} INFO - Setting next_dagrun for dataset_produces_1 to 2024-03-08 00:00:00+00:00, run_after=2024-03-09 00:00:00+00:00
[2024-03-09T15:43:39.398+0530] {logging_mixin.py:188} INFO - [2024-03-09T15:43:39.397+0530] {dag.py:3834} INFO - Setting next_dagrun for dataset_produces_2 to None, run_after=None
[2024-03-09T15:43:39.448+0530] {processor.py:183} INFO - Processing /home/kai/.local/lib/python3.10/site-packages/airflow/example_dags/example_datasets.py took 0.827 seconds
[2024-03-09T15:44:39.079+0530] {processor.py:161} INFO - Started process (PID=4679) to work on /home/kai/.local/lib/python3.10/site-packages/airflow/example_dags/example_datasets.py
[2024-03-09T15:44:39.085+0530] {processor.py:830} INFO - Processing file /home/kai/.local/lib/python3.10/site-packages/airflow/example_dags/example_datasets.py for tasks to queue
[2024-03-09T15:44:39.108+0530] {logging_mixin.py:188} INFO - [2024-03-09T15:44:39.098+0530] {dagbag.py:540} INFO - Filling up the DagBag from /home/kai/.local/lib/python3.10/site-packages/airflow/example_dags/example_datasets.py
[2024-03-09T15:44:39.209+0530] {processor.py:840} INFO - DAG(s) 'dataset_consumes_1_and_2', 'dataset_consumes_unknown_never_scheduled', 'dataset_produces_1', 'dataset_consumes_1', 'dataset_produces_2', 'dataset_consumes_1_never_scheduled' retrieved from /home/kai/.local/lib/python3.10/site-packages/airflow/example_dags/example_datasets.py
[2024-03-09T15:44:39.338+0530] {logging_mixin.py:188} INFO - [2024-03-09T15:44:39.338+0530] {dag.py:3047} INFO - Sync 6 DAGs
[2024-03-09T15:44:39.449+0530] {logging_mixin.py:188} INFO - [2024-03-09T15:44:39.449+0530] {dag.py:3834} INFO - Setting next_dagrun for dataset_consumes_1 to None, run_after=None
[2024-03-09T15:44:39.456+0530] {logging_mixin.py:188} INFO - [2024-03-09T15:44:39.455+0530] {dag.py:3834} INFO - Setting next_dagrun for dataset_consumes_1_and_2 to None, run_after=None
[2024-03-09T15:44:39.457+0530] {logging_mixin.py:188} INFO - [2024-03-09T15:44:39.457+0530] {dag.py:3834} INFO - Setting next_dagrun for dataset_consumes_1_never_scheduled to None, run_after=None
[2024-03-09T15:44:39.458+0530] {logging_mixin.py:188} INFO - [2024-03-09T15:44:39.458+0530] {dag.py:3834} INFO - Setting next_dagrun for dataset_consumes_unknown_never_scheduled to None, run_after=None
[2024-03-09T15:44:39.462+0530] {logging_mixin.py:188} INFO - [2024-03-09T15:44:39.461+0530] {dag.py:3834} INFO - Setting next_dagrun for dataset_produces_1 to 2024-03-08 00:00:00+00:00, run_after=2024-03-09 00:00:00+00:00
[2024-03-09T15:44:39.463+0530] {logging_mixin.py:188} INFO - [2024-03-09T15:44:39.462+0530] {dag.py:3834} INFO - Setting next_dagrun for dataset_produces_2 to None, run_after=None
[2024-03-09T15:44:39.905+0530] {processor.py:183} INFO - Processing /home/kai/.local/lib/python3.10/site-packages/airflow/example_dags/example_datasets.py took 0.856 seconds
[2024-03-09T15:45:37.372+0530] {processor.py:161} INFO - Started process (PID=4743) to work on /home/kai/.local/lib/python3.10/site-packages/airflow/example_dags/example_datasets.py
[2024-03-09T15:45:37.375+0530] {processor.py:830} INFO - Processing file /home/kai/.local/lib/python3.10/site-packages/airflow/example_dags/example_datasets.py for tasks to queue
[2024-03-09T15:45:37.376+0530] {logging_mixin.py:188} INFO - [2024-03-09T15:45:37.376+0530] {dagbag.py:540} INFO - Filling up the DagBag from /home/kai/.local/lib/python3.10/site-packages/airflow/example_dags/example_datasets.py
[2024-03-09T15:45:37.391+0530] {processor.py:840} INFO - DAG(s) 'dataset_consumes_1_never_scheduled', 'dataset_produces_2', 'dataset_consumes_1_and_2', 'dataset_consumes_unknown_never_scheduled', 'dataset_produces_1', 'dataset_consumes_1' retrieved from /home/kai/.local/lib/python3.10/site-packages/airflow/example_dags/example_datasets.py
[2024-03-09T15:45:37.880+0530] {logging_mixin.py:188} INFO - [2024-03-09T15:45:37.880+0530] {dag.py:3047} INFO - Sync 6 DAGs
[2024-03-09T15:45:38.056+0530] {logging_mixin.py:188} INFO - [2024-03-09T15:45:38.056+0530] {dag.py:3834} INFO - Setting next_dagrun for dataset_consumes_1 to None, run_after=None
[2024-03-09T15:45:38.097+0530] {logging_mixin.py:188} INFO - [2024-03-09T15:45:38.096+0530] {dag.py:3834} INFO - Setting next_dagrun for dataset_consumes_1_and_2 to None, run_after=None
[2024-03-09T15:45:38.100+0530] {logging_mixin.py:188} INFO - [2024-03-09T15:45:38.100+0530] {dag.py:3834} INFO - Setting next_dagrun for dataset_consumes_1_never_scheduled to None, run_after=None
[2024-03-09T15:45:38.103+0530] {logging_mixin.py:188} INFO - [2024-03-09T15:45:38.102+0530] {dag.py:3834} INFO - Setting next_dagrun for dataset_consumes_unknown_never_scheduled to None, run_after=None
[2024-03-09T15:45:38.108+0530] {logging_mixin.py:188} INFO - [2024-03-09T15:45:38.108+0530] {dag.py:3834} INFO - Setting next_dagrun for dataset_produces_1 to 2024-03-08 00:00:00+00:00, run_after=2024-03-09 00:00:00+00:00
[2024-03-09T15:45:38.109+0530] {logging_mixin.py:188} INFO - [2024-03-09T15:45:38.109+0530] {dag.py:3834} INFO - Setting next_dagrun for dataset_produces_2 to None, run_after=None
[2024-03-09T15:45:38.642+0530] {processor.py:183} INFO - Processing /home/kai/.local/lib/python3.10/site-packages/airflow/example_dags/example_datasets.py took 1.273 seconds
[2024-03-09T15:46:27.784+0530] {processor.py:161} INFO - Started process (PID=4787) to work on /home/kai/.local/lib/python3.10/site-packages/airflow/example_dags/example_datasets.py
[2024-03-09T15:46:27.787+0530] {processor.py:830} INFO - Processing file /home/kai/.local/lib/python3.10/site-packages/airflow/example_dags/example_datasets.py for tasks to queue
[2024-03-09T15:46:27.788+0530] {logging_mixin.py:188} INFO - [2024-03-09T15:46:27.788+0530] {dagbag.py:540} INFO - Filling up the DagBag from /home/kai/.local/lib/python3.10/site-packages/airflow/example_dags/example_datasets.py
[2024-03-09T15:46:27.884+0530] {processor.py:840} INFO - DAG(s) 'dataset_produces_1', 'dataset_consumes_1_and_2', 'dataset_produces_2', 'dataset_consumes_unknown_never_scheduled', 'dataset_consumes_1', 'dataset_consumes_1_never_scheduled' retrieved from /home/kai/.local/lib/python3.10/site-packages/airflow/example_dags/example_datasets.py
[2024-03-09T15:46:27.905+0530] {logging_mixin.py:188} INFO - [2024-03-09T15:46:27.905+0530] {dag.py:3047} INFO - Sync 6 DAGs
[2024-03-09T15:46:27.922+0530] {logging_mixin.py:188} INFO - [2024-03-09T15:46:27.921+0530] {dag.py:3834} INFO - Setting next_dagrun for dataset_consumes_1 to None, run_after=None
[2024-03-09T15:46:27.924+0530] {logging_mixin.py:188} INFO - [2024-03-09T15:46:27.924+0530] {dag.py:3834} INFO - Setting next_dagrun for dataset_consumes_1_and_2 to None, run_after=None
[2024-03-09T15:46:27.926+0530] {logging_mixin.py:188} INFO - [2024-03-09T15:46:27.925+0530] {dag.py:3834} INFO - Setting next_dagrun for dataset_consumes_1_never_scheduled to None, run_after=None
[2024-03-09T15:46:27.927+0530] {logging_mixin.py:188} INFO - [2024-03-09T15:46:27.927+0530] {dag.py:3834} INFO - Setting next_dagrun for dataset_consumes_unknown_never_scheduled to None, run_after=None
[2024-03-09T15:46:27.929+0530] {logging_mixin.py:188} INFO - [2024-03-09T15:46:27.929+0530] {dag.py:3834} INFO - Setting next_dagrun for dataset_produces_1 to 2024-03-08 00:00:00+00:00, run_after=2024-03-09 00:00:00+00:00
[2024-03-09T15:46:27.931+0530] {logging_mixin.py:188} INFO - [2024-03-09T15:46:27.930+0530] {dag.py:3834} INFO - Setting next_dagrun for dataset_produces_2 to None, run_after=None
[2024-03-09T15:46:27.980+0530] {processor.py:183} INFO - Processing /home/kai/.local/lib/python3.10/site-packages/airflow/example_dags/example_datasets.py took 0.199 seconds
[2024-03-09T15:47:09.411+0530] {processor.py:161} INFO - Started process (PID=4828) to work on /home/kai/.local/lib/python3.10/site-packages/airflow/example_dags/example_datasets.py
[2024-03-09T15:47:09.414+0530] {processor.py:830} INFO - Processing file /home/kai/.local/lib/python3.10/site-packages/airflow/example_dags/example_datasets.py for tasks to queue
[2024-03-09T15:47:09.415+0530] {logging_mixin.py:188} INFO - [2024-03-09T15:47:09.415+0530] {dagbag.py:540} INFO - Filling up the DagBag from /home/kai/.local/lib/python3.10/site-packages/airflow/example_dags/example_datasets.py
[2024-03-09T15:47:09.426+0530] {processor.py:840} INFO - DAG(s) 'dataset_consumes_1', 'dataset_produces_1', 'dataset_produces_2', 'dataset_consumes_1_never_scheduled', 'dataset_consumes_1_and_2', 'dataset_consumes_unknown_never_scheduled' retrieved from /home/kai/.local/lib/python3.10/site-packages/airflow/example_dags/example_datasets.py
[2024-03-09T15:47:09.450+0530] {logging_mixin.py:188} INFO - [2024-03-09T15:47:09.450+0530] {dag.py:3047} INFO - Sync 6 DAGs
[2024-03-09T15:47:09.468+0530] {logging_mixin.py:188} INFO - [2024-03-09T15:47:09.468+0530] {dag.py:3834} INFO - Setting next_dagrun for dataset_consumes_1 to None, run_after=None
[2024-03-09T15:47:09.471+0530] {logging_mixin.py:188} INFO - [2024-03-09T15:47:09.471+0530] {dag.py:3834} INFO - Setting next_dagrun for dataset_consumes_1_and_2 to None, run_after=None
[2024-03-09T15:47:09.472+0530] {logging_mixin.py:188} INFO - [2024-03-09T15:47:09.472+0530] {dag.py:3834} INFO - Setting next_dagrun for dataset_consumes_1_never_scheduled to None, run_after=None
[2024-03-09T15:47:09.473+0530] {logging_mixin.py:188} INFO - [2024-03-09T15:47:09.473+0530] {dag.py:3834} INFO - Setting next_dagrun for dataset_consumes_unknown_never_scheduled to None, run_after=None
[2024-03-09T15:47:09.475+0530] {logging_mixin.py:188} INFO - [2024-03-09T15:47:09.474+0530] {dag.py:3834} INFO - Setting next_dagrun for dataset_produces_1 to 2024-03-08 00:00:00+00:00, run_after=2024-03-09 00:00:00+00:00
[2024-03-09T15:47:09.475+0530] {logging_mixin.py:188} INFO - [2024-03-09T15:47:09.475+0530] {dag.py:3834} INFO - Setting next_dagrun for dataset_produces_2 to None, run_after=None
[2024-03-09T15:47:09.523+0530] {processor.py:183} INFO - Processing /home/kai/.local/lib/python3.10/site-packages/airflow/example_dags/example_datasets.py took 0.117 seconds
[2024-03-09T15:47:45.709+0530] {processor.py:161} INFO - Started process (PID=4865) to work on /home/kai/.local/lib/python3.10/site-packages/airflow/example_dags/example_datasets.py
[2024-03-09T15:47:45.713+0530] {processor.py:830} INFO - Processing file /home/kai/.local/lib/python3.10/site-packages/airflow/example_dags/example_datasets.py for tasks to queue
[2024-03-09T15:47:45.714+0530] {logging_mixin.py:188} INFO - [2024-03-09T15:47:45.713+0530] {dagbag.py:540} INFO - Filling up the DagBag from /home/kai/.local/lib/python3.10/site-packages/airflow/example_dags/example_datasets.py
[2024-03-09T15:47:45.723+0530] {processor.py:840} INFO - DAG(s) 'dataset_consumes_1', 'dataset_consumes_1_never_scheduled', 'dataset_consumes_unknown_never_scheduled', 'dataset_produces_1', 'dataset_consumes_1_and_2', 'dataset_produces_2' retrieved from /home/kai/.local/lib/python3.10/site-packages/airflow/example_dags/example_datasets.py
[2024-03-09T15:47:45.748+0530] {logging_mixin.py:188} INFO - [2024-03-09T15:47:45.747+0530] {dag.py:3047} INFO - Sync 6 DAGs
[2024-03-09T15:47:45.766+0530] {logging_mixin.py:188} INFO - [2024-03-09T15:47:45.765+0530] {dag.py:3834} INFO - Setting next_dagrun for dataset_consumes_1 to None, run_after=None
[2024-03-09T15:47:45.768+0530] {logging_mixin.py:188} INFO - [2024-03-09T15:47:45.768+0530] {dag.py:3834} INFO - Setting next_dagrun for dataset_consumes_1_and_2 to None, run_after=None
[2024-03-09T15:47:45.769+0530] {logging_mixin.py:188} INFO - [2024-03-09T15:47:45.769+0530] {dag.py:3834} INFO - Setting next_dagrun for dataset_consumes_1_never_scheduled to None, run_after=None
[2024-03-09T15:47:45.770+0530] {logging_mixin.py:188} INFO - [2024-03-09T15:47:45.770+0530] {dag.py:3834} INFO - Setting next_dagrun for dataset_consumes_unknown_never_scheduled to None, run_after=None
[2024-03-09T15:47:45.772+0530] {logging_mixin.py:188} INFO - [2024-03-09T15:47:45.772+0530] {dag.py:3834} INFO - Setting next_dagrun for dataset_produces_1 to 2024-03-08 00:00:00+00:00, run_after=2024-03-09 00:00:00+00:00
[2024-03-09T15:47:45.773+0530] {logging_mixin.py:188} INFO - [2024-03-09T15:47:45.773+0530] {dag.py:3834} INFO - Setting next_dagrun for dataset_produces_2 to None, run_after=None
[2024-03-09T15:47:45.819+0530] {processor.py:183} INFO - Processing /home/kai/.local/lib/python3.10/site-packages/airflow/example_dags/example_datasets.py took 0.113 seconds
[2024-03-09T15:48:38.955+0530] {processor.py:161} INFO - Started process (PID=4939) to work on /home/kai/.local/lib/python3.10/site-packages/airflow/example_dags/example_datasets.py
[2024-03-09T15:48:38.961+0530] {processor.py:830} INFO - Processing file /home/kai/.local/lib/python3.10/site-packages/airflow/example_dags/example_datasets.py for tasks to queue
[2024-03-09T15:48:38.966+0530] {logging_mixin.py:188} INFO - [2024-03-09T15:48:38.964+0530] {dagbag.py:540} INFO - Filling up the DagBag from /home/kai/.local/lib/python3.10/site-packages/airflow/example_dags/example_datasets.py
[2024-03-09T15:48:39.000+0530] {processor.py:840} INFO - DAG(s) 'dataset_consumes_1_and_2', 'dataset_produces_2', 'dataset_produces_1', 'dataset_consumes_unknown_never_scheduled', 'dataset_consumes_1', 'dataset_consumes_1_never_scheduled' retrieved from /home/kai/.local/lib/python3.10/site-packages/airflow/example_dags/example_datasets.py
[2024-03-09T15:48:39.275+0530] {logging_mixin.py:188} INFO - [2024-03-09T15:48:39.274+0530] {dag.py:3047} INFO - Sync 6 DAGs
[2024-03-09T15:48:39.352+0530] {logging_mixin.py:188} INFO - [2024-03-09T15:48:39.351+0530] {dag.py:3834} INFO - Setting next_dagrun for dataset_consumes_1 to None, run_after=None
[2024-03-09T15:48:39.366+0530] {logging_mixin.py:188} INFO - [2024-03-09T15:48:39.366+0530] {dag.py:3834} INFO - Setting next_dagrun for dataset_consumes_1_and_2 to None, run_after=None
[2024-03-09T15:48:39.368+0530] {logging_mixin.py:188} INFO - [2024-03-09T15:48:39.368+0530] {dag.py:3834} INFO - Setting next_dagrun for dataset_consumes_1_never_scheduled to None, run_after=None
[2024-03-09T15:48:39.370+0530] {logging_mixin.py:188} INFO - [2024-03-09T15:48:39.369+0530] {dag.py:3834} INFO - Setting next_dagrun for dataset_consumes_unknown_never_scheduled to None, run_after=None
[2024-03-09T15:48:39.425+0530] {logging_mixin.py:188} INFO - [2024-03-09T15:48:39.425+0530] {dag.py:3834} INFO - Setting next_dagrun for dataset_produces_1 to 2024-03-08 00:00:00+00:00, run_after=2024-03-09 00:00:00+00:00
[2024-03-09T15:48:39.438+0530] {logging_mixin.py:188} INFO - [2024-03-09T15:48:39.437+0530] {dag.py:3834} INFO - Setting next_dagrun for dataset_produces_2 to None, run_after=None
[2024-03-09T15:48:39.726+0530] {processor.py:183} INFO - Processing /home/kai/.local/lib/python3.10/site-packages/airflow/example_dags/example_datasets.py took 0.773 seconds
[2024-03-09T15:49:27.350+0530] {processor.py:161} INFO - Started process (PID=4995) to work on /home/kai/.local/lib/python3.10/site-packages/airflow/example_dags/example_datasets.py
[2024-03-09T15:49:27.353+0530] {processor.py:830} INFO - Processing file /home/kai/.local/lib/python3.10/site-packages/airflow/example_dags/example_datasets.py for tasks to queue
[2024-03-09T15:49:27.354+0530] {logging_mixin.py:188} INFO - [2024-03-09T15:49:27.354+0530] {dagbag.py:540} INFO - Filling up the DagBag from /home/kai/.local/lib/python3.10/site-packages/airflow/example_dags/example_datasets.py
[2024-03-09T15:49:27.364+0530] {processor.py:840} INFO - DAG(s) 'dataset_produces_1', 'dataset_produces_2', 'dataset_consumes_unknown_never_scheduled', 'dataset_consumes_1', 'dataset_consumes_1_never_scheduled', 'dataset_consumes_1_and_2' retrieved from /home/kai/.local/lib/python3.10/site-packages/airflow/example_dags/example_datasets.py
[2024-03-09T15:49:27.391+0530] {logging_mixin.py:188} INFO - [2024-03-09T15:49:27.391+0530] {dag.py:3047} INFO - Sync 6 DAGs
[2024-03-09T15:49:27.412+0530] {logging_mixin.py:188} INFO - [2024-03-09T15:49:27.411+0530] {dag.py:3834} INFO - Setting next_dagrun for dataset_consumes_1 to None, run_after=None
[2024-03-09T15:49:27.414+0530] {logging_mixin.py:188} INFO - [2024-03-09T15:49:27.414+0530] {dag.py:3834} INFO - Setting next_dagrun for dataset_consumes_1_and_2 to None, run_after=None
[2024-03-09T15:49:27.415+0530] {logging_mixin.py:188} INFO - [2024-03-09T15:49:27.415+0530] {dag.py:3834} INFO - Setting next_dagrun for dataset_consumes_1_never_scheduled to None, run_after=None
[2024-03-09T15:49:27.416+0530] {logging_mixin.py:188} INFO - [2024-03-09T15:49:27.416+0530] {dag.py:3834} INFO - Setting next_dagrun for dataset_consumes_unknown_never_scheduled to None, run_after=None
[2024-03-09T15:49:27.418+0530] {logging_mixin.py:188} INFO - [2024-03-09T15:49:27.418+0530] {dag.py:3834} INFO - Setting next_dagrun for dataset_produces_1 to 2024-03-08 00:00:00+00:00, run_after=2024-03-09 00:00:00+00:00
[2024-03-09T15:49:27.419+0530] {logging_mixin.py:188} INFO - [2024-03-09T15:49:27.419+0530] {dag.py:3834} INFO - Setting next_dagrun for dataset_produces_2 to None, run_after=None
[2024-03-09T15:49:27.474+0530] {processor.py:183} INFO - Processing /home/kai/.local/lib/python3.10/site-packages/airflow/example_dags/example_datasets.py took 0.128 seconds
[2024-03-09T15:50:01.279+0530] {processor.py:161} INFO - Started process (PID=5030) to work on /home/kai/.local/lib/python3.10/site-packages/airflow/example_dags/example_datasets.py
[2024-03-09T15:50:01.281+0530] {processor.py:830} INFO - Processing file /home/kai/.local/lib/python3.10/site-packages/airflow/example_dags/example_datasets.py for tasks to queue
[2024-03-09T15:50:01.282+0530] {logging_mixin.py:188} INFO - [2024-03-09T15:50:01.282+0530] {dagbag.py:540} INFO - Filling up the DagBag from /home/kai/.local/lib/python3.10/site-packages/airflow/example_dags/example_datasets.py
[2024-03-09T15:50:01.293+0530] {processor.py:840} INFO - DAG(s) 'dataset_consumes_unknown_never_scheduled', 'dataset_produces_2', 'dataset_consumes_1_and_2', 'dataset_consumes_1', 'dataset_produces_1', 'dataset_consumes_1_never_scheduled' retrieved from /home/kai/.local/lib/python3.10/site-packages/airflow/example_dags/example_datasets.py
[2024-03-09T15:50:01.320+0530] {logging_mixin.py:188} INFO - [2024-03-09T15:50:01.320+0530] {dag.py:3047} INFO - Sync 6 DAGs
[2024-03-09T15:50:01.338+0530] {logging_mixin.py:188} INFO - [2024-03-09T15:50:01.338+0530] {dag.py:3834} INFO - Setting next_dagrun for dataset_consumes_1 to None, run_after=None
[2024-03-09T15:50:01.341+0530] {logging_mixin.py:188} INFO - [2024-03-09T15:50:01.340+0530] {dag.py:3834} INFO - Setting next_dagrun for dataset_consumes_1_and_2 to None, run_after=None
[2024-03-09T15:50:01.342+0530] {logging_mixin.py:188} INFO - [2024-03-09T15:50:01.341+0530] {dag.py:3834} INFO - Setting next_dagrun for dataset_consumes_1_never_scheduled to None, run_after=None
[2024-03-09T15:50:01.343+0530] {logging_mixin.py:188} INFO - [2024-03-09T15:50:01.342+0530] {dag.py:3834} INFO - Setting next_dagrun for dataset_consumes_unknown_never_scheduled to None, run_after=None
[2024-03-09T15:50:01.345+0530] {logging_mixin.py:188} INFO - [2024-03-09T15:50:01.344+0530] {dag.py:3834} INFO - Setting next_dagrun for dataset_produces_1 to 2024-03-08 00:00:00+00:00, run_after=2024-03-09 00:00:00+00:00
[2024-03-09T15:50:01.345+0530] {logging_mixin.py:188} INFO - [2024-03-09T15:50:01.345+0530] {dag.py:3834} INFO - Setting next_dagrun for dataset_produces_2 to None, run_after=None
[2024-03-09T15:50:01.385+0530] {processor.py:183} INFO - Processing /home/kai/.local/lib/python3.10/site-packages/airflow/example_dags/example_datasets.py took 0.109 seconds
[2024-03-09T15:50:41.379+0530] {processor.py:161} INFO - Started process (PID=5074) to work on /home/kai/.local/lib/python3.10/site-packages/airflow/example_dags/example_datasets.py
[2024-03-09T15:50:41.382+0530] {processor.py:830} INFO - Processing file /home/kai/.local/lib/python3.10/site-packages/airflow/example_dags/example_datasets.py for tasks to queue
[2024-03-09T15:50:41.382+0530] {logging_mixin.py:188} INFO - [2024-03-09T15:50:41.382+0530] {dagbag.py:540} INFO - Filling up the DagBag from /home/kai/.local/lib/python3.10/site-packages/airflow/example_dags/example_datasets.py
[2024-03-09T15:50:41.392+0530] {processor.py:840} INFO - DAG(s) 'dataset_consumes_1_and_2', 'dataset_consumes_1_never_scheduled', 'dataset_produces_1', 'dataset_consumes_unknown_never_scheduled', 'dataset_consumes_1', 'dataset_produces_2' retrieved from /home/kai/.local/lib/python3.10/site-packages/airflow/example_dags/example_datasets.py
[2024-03-09T15:50:41.419+0530] {logging_mixin.py:188} INFO - [2024-03-09T15:50:41.419+0530] {dag.py:3047} INFO - Sync 6 DAGs
[2024-03-09T15:50:41.439+0530] {logging_mixin.py:188} INFO - [2024-03-09T15:50:41.439+0530] {dag.py:3834} INFO - Setting next_dagrun for dataset_consumes_1 to None, run_after=None
[2024-03-09T15:50:41.442+0530] {logging_mixin.py:188} INFO - [2024-03-09T15:50:41.442+0530] {dag.py:3834} INFO - Setting next_dagrun for dataset_consumes_1_and_2 to None, run_after=None
[2024-03-09T15:50:41.444+0530] {logging_mixin.py:188} INFO - [2024-03-09T15:50:41.443+0530] {dag.py:3834} INFO - Setting next_dagrun for dataset_consumes_1_never_scheduled to None, run_after=None
[2024-03-09T15:50:41.446+0530] {logging_mixin.py:188} INFO - [2024-03-09T15:50:41.445+0530] {dag.py:3834} INFO - Setting next_dagrun for dataset_consumes_unknown_never_scheduled to None, run_after=None
[2024-03-09T15:50:41.451+0530] {logging_mixin.py:188} INFO - [2024-03-09T15:50:41.450+0530] {dag.py:3834} INFO - Setting next_dagrun for dataset_produces_1 to 2024-03-08 00:00:00+00:00, run_after=2024-03-09 00:00:00+00:00
[2024-03-09T15:50:41.453+0530] {logging_mixin.py:188} INFO - [2024-03-09T15:50:41.452+0530] {dag.py:3834} INFO - Setting next_dagrun for dataset_produces_2 to None, run_after=None
[2024-03-09T15:50:41.500+0530] {processor.py:183} INFO - Processing /home/kai/.local/lib/python3.10/site-packages/airflow/example_dags/example_datasets.py took 0.125 seconds
[2024-03-09T15:51:19.345+0530] {processor.py:161} INFO - Started process (PID=5113) to work on /home/kai/.local/lib/python3.10/site-packages/airflow/example_dags/example_datasets.py
[2024-03-09T15:51:19.348+0530] {processor.py:830} INFO - Processing file /home/kai/.local/lib/python3.10/site-packages/airflow/example_dags/example_datasets.py for tasks to queue
[2024-03-09T15:51:19.349+0530] {logging_mixin.py:188} INFO - [2024-03-09T15:51:19.348+0530] {dagbag.py:540} INFO - Filling up the DagBag from /home/kai/.local/lib/python3.10/site-packages/airflow/example_dags/example_datasets.py
[2024-03-09T15:51:19.358+0530] {processor.py:840} INFO - DAG(s) 'dataset_produces_2', 'dataset_produces_1', 'dataset_consumes_1_and_2', 'dataset_consumes_1', 'dataset_consumes_unknown_never_scheduled', 'dataset_consumes_1_never_scheduled' retrieved from /home/kai/.local/lib/python3.10/site-packages/airflow/example_dags/example_datasets.py
[2024-03-09T15:51:19.383+0530] {logging_mixin.py:188} INFO - [2024-03-09T15:51:19.382+0530] {dag.py:3047} INFO - Sync 6 DAGs
[2024-03-09T15:51:19.401+0530] {logging_mixin.py:188} INFO - [2024-03-09T15:51:19.401+0530] {dag.py:3834} INFO - Setting next_dagrun for dataset_consumes_1 to None, run_after=None
[2024-03-09T15:51:19.404+0530] {logging_mixin.py:188} INFO - [2024-03-09T15:51:19.404+0530] {dag.py:3834} INFO - Setting next_dagrun for dataset_consumes_1_and_2 to None, run_after=None
[2024-03-09T15:51:19.405+0530] {logging_mixin.py:188} INFO - [2024-03-09T15:51:19.405+0530] {dag.py:3834} INFO - Setting next_dagrun for dataset_consumes_1_never_scheduled to None, run_after=None
[2024-03-09T15:51:19.406+0530] {logging_mixin.py:188} INFO - [2024-03-09T15:51:19.406+0530] {dag.py:3834} INFO - Setting next_dagrun for dataset_consumes_unknown_never_scheduled to None, run_after=None
[2024-03-09T15:51:19.408+0530] {logging_mixin.py:188} INFO - [2024-03-09T15:51:19.408+0530] {dag.py:3834} INFO - Setting next_dagrun for dataset_produces_1 to 2024-03-08 00:00:00+00:00, run_after=2024-03-09 00:00:00+00:00
[2024-03-09T15:51:19.409+0530] {logging_mixin.py:188} INFO - [2024-03-09T15:51:19.409+0530] {dag.py:3834} INFO - Setting next_dagrun for dataset_produces_2 to None, run_after=None
[2024-03-09T15:51:19.450+0530] {processor.py:183} INFO - Processing /home/kai/.local/lib/python3.10/site-packages/airflow/example_dags/example_datasets.py took 0.108 seconds
[2024-03-09T15:51:55.558+0530] {processor.py:161} INFO - Started process (PID=5154) to work on /home/kai/.local/lib/python3.10/site-packages/airflow/example_dags/example_datasets.py
[2024-03-09T15:51:55.560+0530] {processor.py:830} INFO - Processing file /home/kai/.local/lib/python3.10/site-packages/airflow/example_dags/example_datasets.py for tasks to queue
[2024-03-09T15:51:55.561+0530] {logging_mixin.py:188} INFO - [2024-03-09T15:51:55.560+0530] {dagbag.py:540} INFO - Filling up the DagBag from /home/kai/.local/lib/python3.10/site-packages/airflow/example_dags/example_datasets.py
[2024-03-09T15:51:55.573+0530] {processor.py:840} INFO - DAG(s) 'dataset_produces_2', 'dataset_consumes_1', 'dataset_consumes_unknown_never_scheduled', 'dataset_consumes_1_never_scheduled', 'dataset_consumes_1_and_2', 'dataset_produces_1' retrieved from /home/kai/.local/lib/python3.10/site-packages/airflow/example_dags/example_datasets.py
[2024-03-09T15:51:55.614+0530] {logging_mixin.py:188} INFO - [2024-03-09T15:51:55.613+0530] {dag.py:3047} INFO - Sync 6 DAGs
[2024-03-09T15:51:55.641+0530] {logging_mixin.py:188} INFO - [2024-03-09T15:51:55.640+0530] {dag.py:3834} INFO - Setting next_dagrun for dataset_consumes_1 to None, run_after=None
[2024-03-09T15:51:55.644+0530] {logging_mixin.py:188} INFO - [2024-03-09T15:51:55.644+0530] {dag.py:3834} INFO - Setting next_dagrun for dataset_consumes_1_and_2 to None, run_after=None
[2024-03-09T15:51:55.646+0530] {logging_mixin.py:188} INFO - [2024-03-09T15:51:55.645+0530] {dag.py:3834} INFO - Setting next_dagrun for dataset_consumes_1_never_scheduled to None, run_after=None
[2024-03-09T15:51:55.647+0530] {logging_mixin.py:188} INFO - [2024-03-09T15:51:55.647+0530] {dag.py:3834} INFO - Setting next_dagrun for dataset_consumes_unknown_never_scheduled to None, run_after=None
[2024-03-09T15:51:55.650+0530] {logging_mixin.py:188} INFO - [2024-03-09T15:51:55.649+0530] {dag.py:3834} INFO - Setting next_dagrun for dataset_produces_1 to 2024-03-08 00:00:00+00:00, run_after=2024-03-09 00:00:00+00:00
[2024-03-09T15:51:55.651+0530] {logging_mixin.py:188} INFO - [2024-03-09T15:51:55.651+0530] {dag.py:3834} INFO - Setting next_dagrun for dataset_produces_2 to None, run_after=None
[2024-03-09T15:51:55.703+0530] {processor.py:183} INFO - Processing /home/kai/.local/lib/python3.10/site-packages/airflow/example_dags/example_datasets.py took 0.150 seconds
[2024-03-09T15:52:42.261+0530] {processor.py:161} INFO - Started process (PID=5202) to work on /home/kai/.local/lib/python3.10/site-packages/airflow/example_dags/example_datasets.py
[2024-03-09T15:52:42.265+0530] {processor.py:830} INFO - Processing file /home/kai/.local/lib/python3.10/site-packages/airflow/example_dags/example_datasets.py for tasks to queue
[2024-03-09T15:52:42.266+0530] {logging_mixin.py:188} INFO - [2024-03-09T15:52:42.266+0530] {dagbag.py:540} INFO - Filling up the DagBag from /home/kai/.local/lib/python3.10/site-packages/airflow/example_dags/example_datasets.py
[2024-03-09T15:52:42.277+0530] {processor.py:840} INFO - DAG(s) 'dataset_produces_2', 'dataset_consumes_1', 'dataset_consumes_unknown_never_scheduled', 'dataset_consumes_1_never_scheduled', 'dataset_produces_1', 'dataset_consumes_1_and_2' retrieved from /home/kai/.local/lib/python3.10/site-packages/airflow/example_dags/example_datasets.py
[2024-03-09T15:52:42.305+0530] {logging_mixin.py:188} INFO - [2024-03-09T15:52:42.305+0530] {dag.py:3047} INFO - Sync 6 DAGs
[2024-03-09T15:52:42.325+0530] {logging_mixin.py:188} INFO - [2024-03-09T15:52:42.325+0530] {dag.py:3834} INFO - Setting next_dagrun for dataset_consumes_1 to None, run_after=None
[2024-03-09T15:52:42.329+0530] {logging_mixin.py:188} INFO - [2024-03-09T15:52:42.328+0530] {dag.py:3834} INFO - Setting next_dagrun for dataset_consumes_1_and_2 to None, run_after=None
[2024-03-09T15:52:42.331+0530] {logging_mixin.py:188} INFO - [2024-03-09T15:52:42.331+0530] {dag.py:3834} INFO - Setting next_dagrun for dataset_consumes_1_never_scheduled to None, run_after=None
[2024-03-09T15:52:42.332+0530] {logging_mixin.py:188} INFO - [2024-03-09T15:52:42.332+0530] {dag.py:3834} INFO - Setting next_dagrun for dataset_consumes_unknown_never_scheduled to None, run_after=None
[2024-03-09T15:52:42.334+0530] {logging_mixin.py:188} INFO - [2024-03-09T15:52:42.334+0530] {dag.py:3834} INFO - Setting next_dagrun for dataset_produces_1 to 2024-03-08 00:00:00+00:00, run_after=2024-03-09 00:00:00+00:00
[2024-03-09T15:52:42.335+0530] {logging_mixin.py:188} INFO - [2024-03-09T15:52:42.335+0530] {dag.py:3834} INFO - Setting next_dagrun for dataset_produces_2 to None, run_after=None
[2024-03-09T15:52:42.378+0530] {processor.py:183} INFO - Processing /home/kai/.local/lib/python3.10/site-packages/airflow/example_dags/example_datasets.py took 0.121 seconds
[2024-03-09T15:53:17.417+0530] {processor.py:161} INFO - Started process (PID=5237) to work on /home/kai/.local/lib/python3.10/site-packages/airflow/example_dags/example_datasets.py
[2024-03-09T15:53:17.420+0530] {processor.py:830} INFO - Processing file /home/kai/.local/lib/python3.10/site-packages/airflow/example_dags/example_datasets.py for tasks to queue
[2024-03-09T15:53:17.421+0530] {logging_mixin.py:188} INFO - [2024-03-09T15:53:17.421+0530] {dagbag.py:540} INFO - Filling up the DagBag from /home/kai/.local/lib/python3.10/site-packages/airflow/example_dags/example_datasets.py
[2024-03-09T15:53:17.431+0530] {processor.py:840} INFO - DAG(s) 'dataset_consumes_1_never_scheduled', 'dataset_produces_2', 'dataset_consumes_1_and_2', 'dataset_produces_1', 'dataset_consumes_unknown_never_scheduled', 'dataset_consumes_1' retrieved from /home/kai/.local/lib/python3.10/site-packages/airflow/example_dags/example_datasets.py
[2024-03-09T15:53:17.455+0530] {logging_mixin.py:188} INFO - [2024-03-09T15:53:17.455+0530] {dag.py:3047} INFO - Sync 6 DAGs
[2024-03-09T15:53:17.473+0530] {logging_mixin.py:188} INFO - [2024-03-09T15:53:17.473+0530] {dag.py:3834} INFO - Setting next_dagrun for dataset_consumes_1 to None, run_after=None
[2024-03-09T15:53:17.476+0530] {logging_mixin.py:188} INFO - [2024-03-09T15:53:17.476+0530] {dag.py:3834} INFO - Setting next_dagrun for dataset_consumes_1_and_2 to None, run_after=None
[2024-03-09T15:53:17.477+0530] {logging_mixin.py:188} INFO - [2024-03-09T15:53:17.477+0530] {dag.py:3834} INFO - Setting next_dagrun for dataset_consumes_1_never_scheduled to None, run_after=None
[2024-03-09T15:53:17.478+0530] {logging_mixin.py:188} INFO - [2024-03-09T15:53:17.478+0530] {dag.py:3834} INFO - Setting next_dagrun for dataset_consumes_unknown_never_scheduled to None, run_after=None
[2024-03-09T15:53:17.480+0530] {logging_mixin.py:188} INFO - [2024-03-09T15:53:17.479+0530] {dag.py:3834} INFO - Setting next_dagrun for dataset_produces_1 to 2024-03-08 00:00:00+00:00, run_after=2024-03-09 00:00:00+00:00
[2024-03-09T15:53:17.480+0530] {logging_mixin.py:188} INFO - [2024-03-09T15:53:17.480+0530] {dag.py:3834} INFO - Setting next_dagrun for dataset_produces_2 to None, run_after=None
[2024-03-09T15:53:17.522+0530] {processor.py:183} INFO - Processing /home/kai/.local/lib/python3.10/site-packages/airflow/example_dags/example_datasets.py took 0.108 seconds
[2024-03-09T15:53:53.125+0530] {processor.py:161} INFO - Started process (PID=5275) to work on /home/kai/.local/lib/python3.10/site-packages/airflow/example_dags/example_datasets.py
[2024-03-09T15:53:53.128+0530] {processor.py:830} INFO - Processing file /home/kai/.local/lib/python3.10/site-packages/airflow/example_dags/example_datasets.py for tasks to queue
[2024-03-09T15:53:53.129+0530] {logging_mixin.py:188} INFO - [2024-03-09T15:53:53.129+0530] {dagbag.py:540} INFO - Filling up the DagBag from /home/kai/.local/lib/python3.10/site-packages/airflow/example_dags/example_datasets.py
[2024-03-09T15:53:53.142+0530] {processor.py:840} INFO - DAG(s) 'dataset_consumes_1_never_scheduled', 'dataset_produces_1', 'dataset_produces_2', 'dataset_consumes_unknown_never_scheduled', 'dataset_consumes_1', 'dataset_consumes_1_and_2' retrieved from /home/kai/.local/lib/python3.10/site-packages/airflow/example_dags/example_datasets.py
[2024-03-09T15:53:53.167+0530] {logging_mixin.py:188} INFO - [2024-03-09T15:53:53.167+0530] {dag.py:3047} INFO - Sync 6 DAGs
[2024-03-09T15:53:53.186+0530] {logging_mixin.py:188} INFO - [2024-03-09T15:53:53.185+0530] {dag.py:3834} INFO - Setting next_dagrun for dataset_consumes_1 to None, run_after=None
[2024-03-09T15:53:53.188+0530] {logging_mixin.py:188} INFO - [2024-03-09T15:53:53.188+0530] {dag.py:3834} INFO - Setting next_dagrun for dataset_consumes_1_and_2 to None, run_after=None
[2024-03-09T15:53:53.189+0530] {logging_mixin.py:188} INFO - [2024-03-09T15:53:53.189+0530] {dag.py:3834} INFO - Setting next_dagrun for dataset_consumes_1_never_scheduled to None, run_after=None
[2024-03-09T15:53:53.190+0530] {logging_mixin.py:188} INFO - [2024-03-09T15:53:53.190+0530] {dag.py:3834} INFO - Setting next_dagrun for dataset_consumes_unknown_never_scheduled to None, run_after=None
[2024-03-09T15:53:53.192+0530] {logging_mixin.py:188} INFO - [2024-03-09T15:53:53.192+0530] {dag.py:3834} INFO - Setting next_dagrun for dataset_produces_1 to 2024-03-08 00:00:00+00:00, run_after=2024-03-09 00:00:00+00:00
[2024-03-09T15:53:53.193+0530] {logging_mixin.py:188} INFO - [2024-03-09T15:53:53.193+0530] {dag.py:3834} INFO - Setting next_dagrun for dataset_produces_2 to None, run_after=None
[2024-03-09T15:53:53.235+0530] {processor.py:183} INFO - Processing /home/kai/.local/lib/python3.10/site-packages/airflow/example_dags/example_datasets.py took 0.114 seconds
[2024-03-09T15:54:29.873+0530] {processor.py:161} INFO - Started process (PID=5312) to work on /home/kai/.local/lib/python3.10/site-packages/airflow/example_dags/example_datasets.py
[2024-03-09T15:54:29.876+0530] {processor.py:830} INFO - Processing file /home/kai/.local/lib/python3.10/site-packages/airflow/example_dags/example_datasets.py for tasks to queue
[2024-03-09T15:54:29.877+0530] {logging_mixin.py:188} INFO - [2024-03-09T15:54:29.877+0530] {dagbag.py:540} INFO - Filling up the DagBag from /home/kai/.local/lib/python3.10/site-packages/airflow/example_dags/example_datasets.py
[2024-03-09T15:54:29.887+0530] {processor.py:840} INFO - DAG(s) 'dataset_consumes_1_never_scheduled', 'dataset_consumes_1_and_2', 'dataset_consumes_1', 'dataset_produces_2', 'dataset_produces_1', 'dataset_consumes_unknown_never_scheduled' retrieved from /home/kai/.local/lib/python3.10/site-packages/airflow/example_dags/example_datasets.py
[2024-03-09T15:54:29.912+0530] {logging_mixin.py:188} INFO - [2024-03-09T15:54:29.911+0530] {dag.py:3047} INFO - Sync 6 DAGs
[2024-03-09T15:54:29.930+0530] {logging_mixin.py:188} INFO - [2024-03-09T15:54:29.930+0530] {dag.py:3834} INFO - Setting next_dagrun for dataset_consumes_1 to None, run_after=None
[2024-03-09T15:54:29.933+0530] {logging_mixin.py:188} INFO - [2024-03-09T15:54:29.933+0530] {dag.py:3834} INFO - Setting next_dagrun for dataset_consumes_1_and_2 to None, run_after=None
[2024-03-09T15:54:29.934+0530] {logging_mixin.py:188} INFO - [2024-03-09T15:54:29.933+0530] {dag.py:3834} INFO - Setting next_dagrun for dataset_consumes_1_never_scheduled to None, run_after=None
[2024-03-09T15:54:29.934+0530] {logging_mixin.py:188} INFO - [2024-03-09T15:54:29.934+0530] {dag.py:3834} INFO - Setting next_dagrun for dataset_consumes_unknown_never_scheduled to None, run_after=None
[2024-03-09T15:54:29.936+0530] {logging_mixin.py:188} INFO - [2024-03-09T15:54:29.936+0530] {dag.py:3834} INFO - Setting next_dagrun for dataset_produces_1 to 2024-03-08 00:00:00+00:00, run_after=2024-03-09 00:00:00+00:00
[2024-03-09T15:54:29.937+0530] {logging_mixin.py:188} INFO - [2024-03-09T15:54:29.937+0530] {dag.py:3834} INFO - Setting next_dagrun for dataset_produces_2 to None, run_after=None
[2024-03-09T15:54:29.979+0530] {processor.py:183} INFO - Processing /home/kai/.local/lib/python3.10/site-packages/airflow/example_dags/example_datasets.py took 0.110 seconds
