[2024-03-09T15:43:33.673+0530] {processor.py:161} INFO - Started process (PID=4600) to work on /home/kai/.local/lib/python3.10/site-packages/airflow/example_dags/example_python_decorator.py
[2024-03-09T15:43:33.674+0530] {processor.py:830} INFO - Processing file /home/kai/.local/lib/python3.10/site-packages/airflow/example_dags/example_python_decorator.py for tasks to queue
[2024-03-09T15:43:33.675+0530] {logging_mixin.py:188} INFO - [2024-03-09T15:43:33.674+0530] {dagbag.py:540} INFO - Filling up the DagBag from /home/kai/.local/lib/python3.10/site-packages/airflow/example_dags/example_python_decorator.py
[2024-03-09T15:43:33.734+0530] {logging_mixin.py:188} INFO - [2024-03-09T15:43:33.734+0530] {example_python_decorator.py:79} WARNING - The virtalenv_python example task requires virtualenv, please install it.
[2024-03-09T15:43:33.736+0530] {processor.py:840} INFO - DAG(s) 'example_python_decorator' retrieved from /home/kai/.local/lib/python3.10/site-packages/airflow/example_dags/example_python_decorator.py
[2024-03-09T15:43:33.864+0530] {logging_mixin.py:188} INFO - [2024-03-09T15:43:33.864+0530] {override.py:1769} INFO - Created Permission View: can delete on DAG:example_python_decorator
[2024-03-09T15:43:33.888+0530] {logging_mixin.py:188} INFO - [2024-03-09T15:43:33.888+0530] {override.py:1769} INFO - Created Permission View: can read on DAG:example_python_decorator
[2024-03-09T15:43:33.911+0530] {logging_mixin.py:188} INFO - [2024-03-09T15:43:33.911+0530] {override.py:1769} INFO - Created Permission View: can edit on DAG:example_python_decorator
[2024-03-09T15:43:33.912+0530] {logging_mixin.py:188} INFO - [2024-03-09T15:43:33.912+0530] {dag.py:3047} INFO - Sync 1 DAGs
[2024-03-09T15:43:33.921+0530] {logging_mixin.py:188} INFO - [2024-03-09T15:43:33.921+0530] {dag.py:3069} INFO - Creating ORM DAG for example_python_decorator
[2024-03-09T15:43:33.922+0530] {logging_mixin.py:188} INFO - [2024-03-09T15:43:33.922+0530] {dag.py:3834} INFO - Setting next_dagrun for example_python_decorator to None, run_after=None
[2024-03-09T15:43:33.957+0530] {processor.py:183} INFO - Processing /home/kai/.local/lib/python3.10/site-packages/airflow/example_dags/example_python_decorator.py took 0.287 seconds
[2024-03-09T15:44:34.423+0530] {processor.py:161} INFO - Started process (PID=4672) to work on /home/kai/.local/lib/python3.10/site-packages/airflow/example_dags/example_python_decorator.py
[2024-03-09T15:44:34.426+0530] {processor.py:830} INFO - Processing file /home/kai/.local/lib/python3.10/site-packages/airflow/example_dags/example_python_decorator.py for tasks to queue
[2024-03-09T15:44:34.427+0530] {logging_mixin.py:188} INFO - [2024-03-09T15:44:34.427+0530] {dagbag.py:540} INFO - Filling up the DagBag from /home/kai/.local/lib/python3.10/site-packages/airflow/example_dags/example_python_decorator.py
[2024-03-09T15:44:34.479+0530] {logging_mixin.py:188} INFO - [2024-03-09T15:44:34.479+0530] {example_python_decorator.py:79} WARNING - The virtalenv_python example task requires virtualenv, please install it.
[2024-03-09T15:44:34.480+0530] {processor.py:840} INFO - DAG(s) 'example_python_decorator' retrieved from /home/kai/.local/lib/python3.10/site-packages/airflow/example_dags/example_python_decorator.py
[2024-03-09T15:44:34.495+0530] {logging_mixin.py:188} INFO - [2024-03-09T15:44:34.495+0530] {dag.py:3047} INFO - Sync 1 DAGs
[2024-03-09T15:44:34.505+0530] {logging_mixin.py:188} INFO - [2024-03-09T15:44:34.505+0530] {dag.py:3834} INFO - Setting next_dagrun for example_python_decorator to None, run_after=None
[2024-03-09T15:44:34.541+0530] {processor.py:183} INFO - Processing /home/kai/.local/lib/python3.10/site-packages/airflow/example_dags/example_python_decorator.py took 0.122 seconds
[2024-03-09T15:45:04.819+0530] {processor.py:161} INFO - Started process (PID=4703) to work on /home/kai/.local/lib/python3.10/site-packages/airflow/example_dags/example_python_decorator.py
[2024-03-09T15:45:04.820+0530] {processor.py:830} INFO - Processing file /home/kai/.local/lib/python3.10/site-packages/airflow/example_dags/example_python_decorator.py for tasks to queue
[2024-03-09T15:45:04.822+0530] {logging_mixin.py:188} INFO - [2024-03-09T15:45:04.821+0530] {dagbag.py:540} INFO - Filling up the DagBag from /home/kai/.local/lib/python3.10/site-packages/airflow/example_dags/example_python_decorator.py
[2024-03-09T15:45:04.875+0530] {logging_mixin.py:188} INFO - [2024-03-09T15:45:04.875+0530] {example_python_decorator.py:79} WARNING - The virtalenv_python example task requires virtualenv, please install it.
[2024-03-09T15:45:04.875+0530] {processor.py:840} INFO - DAG(s) 'example_python_decorator' retrieved from /home/kai/.local/lib/python3.10/site-packages/airflow/example_dags/example_python_decorator.py
[2024-03-09T15:45:04.891+0530] {logging_mixin.py:188} INFO - [2024-03-09T15:45:04.890+0530] {dag.py:3047} INFO - Sync 1 DAGs
[2024-03-09T15:45:04.900+0530] {logging_mixin.py:188} INFO - [2024-03-09T15:45:04.899+0530] {dag.py:3834} INFO - Setting next_dagrun for example_python_decorator to None, run_after=None
[2024-03-09T15:45:04.942+0530] {processor.py:183} INFO - Processing /home/kai/.local/lib/python3.10/site-packages/airflow/example_dags/example_python_decorator.py took 0.127 seconds
[2024-03-09T15:45:59.244+0530] {processor.py:161} INFO - Started process (PID=4761) to work on /home/kai/.local/lib/python3.10/site-packages/airflow/example_dags/example_python_decorator.py
[2024-03-09T15:45:59.248+0530] {processor.py:830} INFO - Processing file /home/kai/.local/lib/python3.10/site-packages/airflow/example_dags/example_python_decorator.py for tasks to queue
[2024-03-09T15:45:59.250+0530] {logging_mixin.py:188} INFO - [2024-03-09T15:45:59.249+0530] {dagbag.py:540} INFO - Filling up the DagBag from /home/kai/.local/lib/python3.10/site-packages/airflow/example_dags/example_python_decorator.py
[2024-03-09T15:45:59.301+0530] {logging_mixin.py:188} INFO - [2024-03-09T15:45:59.301+0530] {example_python_decorator.py:79} WARNING - The virtalenv_python example task requires virtualenv, please install it.
[2024-03-09T15:45:59.302+0530] {processor.py:840} INFO - DAG(s) 'example_python_decorator' retrieved from /home/kai/.local/lib/python3.10/site-packages/airflow/example_dags/example_python_decorator.py
[2024-03-09T15:45:59.318+0530] {logging_mixin.py:188} INFO - [2024-03-09T15:45:59.318+0530] {dag.py:3047} INFO - Sync 1 DAGs
[2024-03-09T15:45:59.411+0530] {logging_mixin.py:188} INFO - [2024-03-09T15:45:59.411+0530] {dag.py:3834} INFO - Setting next_dagrun for example_python_decorator to None, run_after=None
[2024-03-09T15:45:59.444+0530] {processor.py:183} INFO - Processing /home/kai/.local/lib/python3.10/site-packages/airflow/example_dags/example_python_decorator.py took 0.205 seconds
[2024-03-09T15:46:47.114+0530] {processor.py:161} INFO - Started process (PID=4805) to work on /home/kai/.local/lib/python3.10/site-packages/airflow/example_dags/example_python_decorator.py
[2024-03-09T15:46:47.117+0530] {processor.py:830} INFO - Processing file /home/kai/.local/lib/python3.10/site-packages/airflow/example_dags/example_python_decorator.py for tasks to queue
[2024-03-09T15:46:47.117+0530] {logging_mixin.py:188} INFO - [2024-03-09T15:46:47.117+0530] {dagbag.py:540} INFO - Filling up the DagBag from /home/kai/.local/lib/python3.10/site-packages/airflow/example_dags/example_python_decorator.py
[2024-03-09T15:46:47.170+0530] {logging_mixin.py:188} INFO - [2024-03-09T15:46:47.170+0530] {example_python_decorator.py:79} WARNING - The virtalenv_python example task requires virtualenv, please install it.
[2024-03-09T15:46:47.170+0530] {processor.py:840} INFO - DAG(s) 'example_python_decorator' retrieved from /home/kai/.local/lib/python3.10/site-packages/airflow/example_dags/example_python_decorator.py
[2024-03-09T15:46:47.186+0530] {logging_mixin.py:188} INFO - [2024-03-09T15:46:47.186+0530] {dag.py:3047} INFO - Sync 1 DAGs
[2024-03-09T15:46:47.196+0530] {logging_mixin.py:188} INFO - [2024-03-09T15:46:47.196+0530] {dag.py:3834} INFO - Setting next_dagrun for example_python_decorator to None, run_after=None
[2024-03-09T15:46:47.232+0530] {processor.py:183} INFO - Processing /home/kai/.local/lib/python3.10/site-packages/airflow/example_dags/example_python_decorator.py took 0.122 seconds
[2024-03-09T15:47:24.931+0530] {processor.py:161} INFO - Started process (PID=4844) to work on /home/kai/.local/lib/python3.10/site-packages/airflow/example_dags/example_python_decorator.py
[2024-03-09T15:47:24.935+0530] {processor.py:830} INFO - Processing file /home/kai/.local/lib/python3.10/site-packages/airflow/example_dags/example_python_decorator.py for tasks to queue
[2024-03-09T15:47:24.936+0530] {logging_mixin.py:188} INFO - [2024-03-09T15:47:24.936+0530] {dagbag.py:540} INFO - Filling up the DagBag from /home/kai/.local/lib/python3.10/site-packages/airflow/example_dags/example_python_decorator.py
[2024-03-09T15:47:24.997+0530] {logging_mixin.py:188} INFO - [2024-03-09T15:47:24.997+0530] {example_python_decorator.py:79} WARNING - The virtalenv_python example task requires virtualenv, please install it.
[2024-03-09T15:47:24.997+0530] {processor.py:840} INFO - DAG(s) 'example_python_decorator' retrieved from /home/kai/.local/lib/python3.10/site-packages/airflow/example_dags/example_python_decorator.py
[2024-03-09T15:47:25.015+0530] {logging_mixin.py:188} INFO - [2024-03-09T15:47:25.014+0530] {dag.py:3047} INFO - Sync 1 DAGs
[2024-03-09T15:47:25.026+0530] {logging_mixin.py:188} INFO - [2024-03-09T15:47:25.026+0530] {dag.py:3834} INFO - Setting next_dagrun for example_python_decorator to None, run_after=None
[2024-03-09T15:47:25.063+0530] {processor.py:183} INFO - Processing /home/kai/.local/lib/python3.10/site-packages/airflow/example_dags/example_python_decorator.py took 0.135 seconds
[2024-03-09T15:48:01.338+0530] {processor.py:161} INFO - Started process (PID=4880) to work on /home/kai/.local/lib/python3.10/site-packages/airflow/example_dags/example_python_decorator.py
[2024-03-09T15:48:01.341+0530] {processor.py:830} INFO - Processing file /home/kai/.local/lib/python3.10/site-packages/airflow/example_dags/example_python_decorator.py for tasks to queue
[2024-03-09T15:48:01.342+0530] {logging_mixin.py:188} INFO - [2024-03-09T15:48:01.342+0530] {dagbag.py:540} INFO - Filling up the DagBag from /home/kai/.local/lib/python3.10/site-packages/airflow/example_dags/example_python_decorator.py
[2024-03-09T15:48:01.428+0530] {logging_mixin.py:188} INFO - [2024-03-09T15:48:01.428+0530] {example_python_decorator.py:79} WARNING - The virtalenv_python example task requires virtualenv, please install it.
[2024-03-09T15:48:01.429+0530] {processor.py:840} INFO - DAG(s) 'example_python_decorator' retrieved from /home/kai/.local/lib/python3.10/site-packages/airflow/example_dags/example_python_decorator.py
[2024-03-09T15:48:01.448+0530] {logging_mixin.py:188} INFO - [2024-03-09T15:48:01.448+0530] {dag.py:3047} INFO - Sync 1 DAGs
[2024-03-09T15:48:01.460+0530] {logging_mixin.py:188} INFO - [2024-03-09T15:48:01.460+0530] {dag.py:3834} INFO - Setting next_dagrun for example_python_decorator to None, run_after=None
[2024-03-09T15:48:01.511+0530] {processor.py:183} INFO - Processing /home/kai/.local/lib/python3.10/site-packages/airflow/example_dags/example_python_decorator.py took 0.178 seconds
[2024-03-09T15:48:34.576+0530] {processor.py:161} INFO - Started process (PID=4930) to work on /home/kai/.local/lib/python3.10/site-packages/airflow/example_dags/example_python_decorator.py
[2024-03-09T15:48:34.582+0530] {processor.py:830} INFO - Processing file /home/kai/.local/lib/python3.10/site-packages/airflow/example_dags/example_python_decorator.py for tasks to queue
[2024-03-09T15:48:34.583+0530] {logging_mixin.py:188} INFO - [2024-03-09T15:48:34.583+0530] {dagbag.py:540} INFO - Filling up the DagBag from /home/kai/.local/lib/python3.10/site-packages/airflow/example_dags/example_python_decorator.py
[2024-03-09T15:48:34.640+0530] {logging_mixin.py:188} INFO - [2024-03-09T15:48:34.640+0530] {example_python_decorator.py:79} WARNING - The virtalenv_python example task requires virtualenv, please install it.
[2024-03-09T15:48:34.640+0530] {processor.py:840} INFO - DAG(s) 'example_python_decorator' retrieved from /home/kai/.local/lib/python3.10/site-packages/airflow/example_dags/example_python_decorator.py
[2024-03-09T15:48:34.656+0530] {logging_mixin.py:188} INFO - [2024-03-09T15:48:34.656+0530] {dag.py:3047} INFO - Sync 1 DAGs
[2024-03-09T15:48:34.666+0530] {logging_mixin.py:188} INFO - [2024-03-09T15:48:34.666+0530] {dag.py:3834} INFO - Setting next_dagrun for example_python_decorator to None, run_after=None
[2024-03-09T15:48:34.704+0530] {processor.py:183} INFO - Processing /home/kai/.local/lib/python3.10/site-packages/airflow/example_dags/example_python_decorator.py took 0.134 seconds
[2024-03-09T15:49:07.986+0530] {processor.py:161} INFO - Started process (PID=4972) to work on /home/kai/.local/lib/python3.10/site-packages/airflow/example_dags/example_python_decorator.py
[2024-03-09T15:49:07.989+0530] {processor.py:830} INFO - Processing file /home/kai/.local/lib/python3.10/site-packages/airflow/example_dags/example_python_decorator.py for tasks to queue
[2024-03-09T15:49:07.991+0530] {logging_mixin.py:188} INFO - [2024-03-09T15:49:07.990+0530] {dagbag.py:540} INFO - Filling up the DagBag from /home/kai/.local/lib/python3.10/site-packages/airflow/example_dags/example_python_decorator.py
[2024-03-09T15:49:08.059+0530] {logging_mixin.py:188} INFO - [2024-03-09T15:49:08.058+0530] {example_python_decorator.py:79} WARNING - The virtalenv_python example task requires virtualenv, please install it.
[2024-03-09T15:49:08.059+0530] {processor.py:840} INFO - DAG(s) 'example_python_decorator' retrieved from /home/kai/.local/lib/python3.10/site-packages/airflow/example_dags/example_python_decorator.py
[2024-03-09T15:49:08.076+0530] {logging_mixin.py:188} INFO - [2024-03-09T15:49:08.076+0530] {dag.py:3047} INFO - Sync 1 DAGs
[2024-03-09T15:49:08.087+0530] {logging_mixin.py:188} INFO - [2024-03-09T15:49:08.086+0530] {dag.py:3834} INFO - Setting next_dagrun for example_python_decorator to None, run_after=None
[2024-03-09T15:49:08.124+0530] {processor.py:183} INFO - Processing /home/kai/.local/lib/python3.10/site-packages/airflow/example_dags/example_python_decorator.py took 0.143 seconds
[2024-03-09T15:49:42.857+0530] {processor.py:161} INFO - Started process (PID=5011) to work on /home/kai/.local/lib/python3.10/site-packages/airflow/example_dags/example_python_decorator.py
[2024-03-09T15:49:42.860+0530] {processor.py:830} INFO - Processing file /home/kai/.local/lib/python3.10/site-packages/airflow/example_dags/example_python_decorator.py for tasks to queue
[2024-03-09T15:49:42.861+0530] {logging_mixin.py:188} INFO - [2024-03-09T15:49:42.860+0530] {dagbag.py:540} INFO - Filling up the DagBag from /home/kai/.local/lib/python3.10/site-packages/airflow/example_dags/example_python_decorator.py
[2024-03-09T15:49:42.919+0530] {logging_mixin.py:188} INFO - [2024-03-09T15:49:42.919+0530] {example_python_decorator.py:79} WARNING - The virtalenv_python example task requires virtualenv, please install it.
[2024-03-09T15:49:42.920+0530] {processor.py:840} INFO - DAG(s) 'example_python_decorator' retrieved from /home/kai/.local/lib/python3.10/site-packages/airflow/example_dags/example_python_decorator.py
[2024-03-09T15:49:42.936+0530] {logging_mixin.py:188} INFO - [2024-03-09T15:49:42.936+0530] {dag.py:3047} INFO - Sync 1 DAGs
[2024-03-09T15:49:42.946+0530] {logging_mixin.py:188} INFO - [2024-03-09T15:49:42.946+0530] {dag.py:3834} INFO - Setting next_dagrun for example_python_decorator to None, run_after=None
[2024-03-09T15:49:42.982+0530] {processor.py:183} INFO - Processing /home/kai/.local/lib/python3.10/site-packages/airflow/example_dags/example_python_decorator.py took 0.129 seconds
[2024-03-09T15:50:36.650+0530] {processor.py:161} INFO - Started process (PID=5070) to work on /home/kai/.local/lib/python3.10/site-packages/airflow/example_dags/example_python_decorator.py
[2024-03-09T15:50:36.654+0530] {processor.py:830} INFO - Processing file /home/kai/.local/lib/python3.10/site-packages/airflow/example_dags/example_python_decorator.py for tasks to queue
[2024-03-09T15:50:36.655+0530] {logging_mixin.py:188} INFO - [2024-03-09T15:50:36.654+0530] {dagbag.py:540} INFO - Filling up the DagBag from /home/kai/.local/lib/python3.10/site-packages/airflow/example_dags/example_python_decorator.py
[2024-03-09T15:50:36.706+0530] {logging_mixin.py:188} INFO - [2024-03-09T15:50:36.706+0530] {example_python_decorator.py:79} WARNING - The virtalenv_python example task requires virtualenv, please install it.
[2024-03-09T15:50:36.707+0530] {processor.py:840} INFO - DAG(s) 'example_python_decorator' retrieved from /home/kai/.local/lib/python3.10/site-packages/airflow/example_dags/example_python_decorator.py
[2024-03-09T15:50:36.723+0530] {logging_mixin.py:188} INFO - [2024-03-09T15:50:36.723+0530] {dag.py:3047} INFO - Sync 1 DAGs
[2024-03-09T15:50:36.735+0530] {logging_mixin.py:188} INFO - [2024-03-09T15:50:36.734+0530] {dag.py:3834} INFO - Setting next_dagrun for example_python_decorator to None, run_after=None
[2024-03-09T15:50:36.772+0530] {processor.py:183} INFO - Processing /home/kai/.local/lib/python3.10/site-packages/airflow/example_dags/example_python_decorator.py took 0.125 seconds
[2024-03-09T15:51:15.452+0530] {processor.py:161} INFO - Started process (PID=5107) to work on /home/kai/.local/lib/python3.10/site-packages/airflow/example_dags/example_python_decorator.py
[2024-03-09T15:51:15.456+0530] {processor.py:830} INFO - Processing file /home/kai/.local/lib/python3.10/site-packages/airflow/example_dags/example_python_decorator.py for tasks to queue
[2024-03-09T15:51:15.457+0530] {logging_mixin.py:188} INFO - [2024-03-09T15:51:15.456+0530] {dagbag.py:540} INFO - Filling up the DagBag from /home/kai/.local/lib/python3.10/site-packages/airflow/example_dags/example_python_decorator.py
[2024-03-09T15:51:15.516+0530] {logging_mixin.py:188} INFO - [2024-03-09T15:51:15.516+0530] {example_python_decorator.py:79} WARNING - The virtalenv_python example task requires virtualenv, please install it.
[2024-03-09T15:51:15.517+0530] {processor.py:840} INFO - DAG(s) 'example_python_decorator' retrieved from /home/kai/.local/lib/python3.10/site-packages/airflow/example_dags/example_python_decorator.py
[2024-03-09T15:51:15.534+0530] {logging_mixin.py:188} INFO - [2024-03-09T15:51:15.534+0530] {dag.py:3047} INFO - Sync 1 DAGs
[2024-03-09T15:51:15.546+0530] {logging_mixin.py:188} INFO - [2024-03-09T15:51:15.546+0530] {dag.py:3834} INFO - Setting next_dagrun for example_python_decorator to None, run_after=None
[2024-03-09T15:51:15.583+0530] {processor.py:183} INFO - Processing /home/kai/.local/lib/python3.10/site-packages/airflow/example_dags/example_python_decorator.py took 0.135 seconds
[2024-03-09T15:51:51.510+0530] {processor.py:161} INFO - Started process (PID=5148) to work on /home/kai/.local/lib/python3.10/site-packages/airflow/example_dags/example_python_decorator.py
[2024-03-09T15:51:51.513+0530] {processor.py:830} INFO - Processing file /home/kai/.local/lib/python3.10/site-packages/airflow/example_dags/example_python_decorator.py for tasks to queue
[2024-03-09T15:51:51.514+0530] {logging_mixin.py:188} INFO - [2024-03-09T15:51:51.514+0530] {dagbag.py:540} INFO - Filling up the DagBag from /home/kai/.local/lib/python3.10/site-packages/airflow/example_dags/example_python_decorator.py
[2024-03-09T15:51:51.557+0530] {logging_mixin.py:188} INFO - [2024-03-09T15:51:51.557+0530] {example_python_decorator.py:79} WARNING - The virtalenv_python example task requires virtualenv, please install it.
[2024-03-09T15:51:51.557+0530] {processor.py:840} INFO - DAG(s) 'example_python_decorator' retrieved from /home/kai/.local/lib/python3.10/site-packages/airflow/example_dags/example_python_decorator.py
[2024-03-09T15:51:51.573+0530] {logging_mixin.py:188} INFO - [2024-03-09T15:51:51.573+0530] {dag.py:3047} INFO - Sync 1 DAGs
[2024-03-09T15:51:51.584+0530] {logging_mixin.py:188} INFO - [2024-03-09T15:51:51.583+0530] {dag.py:3834} INFO - Setting next_dagrun for example_python_decorator to None, run_after=None
[2024-03-09T15:51:51.618+0530] {processor.py:183} INFO - Processing /home/kai/.local/lib/python3.10/site-packages/airflow/example_dags/example_python_decorator.py took 0.111 seconds
[2024-03-09T15:52:25.484+0530] {processor.py:161} INFO - Started process (PID=5185) to work on /home/kai/.local/lib/python3.10/site-packages/airflow/example_dags/example_python_decorator.py
[2024-03-09T15:52:25.487+0530] {processor.py:830} INFO - Processing file /home/kai/.local/lib/python3.10/site-packages/airflow/example_dags/example_python_decorator.py for tasks to queue
[2024-03-09T15:52:25.488+0530] {logging_mixin.py:188} INFO - [2024-03-09T15:52:25.488+0530] {dagbag.py:540} INFO - Filling up the DagBag from /home/kai/.local/lib/python3.10/site-packages/airflow/example_dags/example_python_decorator.py
[2024-03-09T15:52:25.531+0530] {logging_mixin.py:188} INFO - [2024-03-09T15:52:25.531+0530] {example_python_decorator.py:79} WARNING - The virtalenv_python example task requires virtualenv, please install it.
[2024-03-09T15:52:25.532+0530] {processor.py:840} INFO - DAG(s) 'example_python_decorator' retrieved from /home/kai/.local/lib/python3.10/site-packages/airflow/example_dags/example_python_decorator.py
[2024-03-09T15:52:25.548+0530] {logging_mixin.py:188} INFO - [2024-03-09T15:52:25.547+0530] {dag.py:3047} INFO - Sync 1 DAGs
[2024-03-09T15:52:25.557+0530] {logging_mixin.py:188} INFO - [2024-03-09T15:52:25.557+0530] {dag.py:3834} INFO - Setting next_dagrun for example_python_decorator to None, run_after=None
[2024-03-09T15:52:25.593+0530] {processor.py:183} INFO - Processing /home/kai/.local/lib/python3.10/site-packages/airflow/example_dags/example_python_decorator.py took 0.113 seconds
[2024-03-09T15:52:58.525+0530] {processor.py:161} INFO - Started process (PID=5219) to work on /home/kai/.local/lib/python3.10/site-packages/airflow/example_dags/example_python_decorator.py
[2024-03-09T15:52:58.528+0530] {processor.py:830} INFO - Processing file /home/kai/.local/lib/python3.10/site-packages/airflow/example_dags/example_python_decorator.py for tasks to queue
[2024-03-09T15:52:58.529+0530] {logging_mixin.py:188} INFO - [2024-03-09T15:52:58.529+0530] {dagbag.py:540} INFO - Filling up the DagBag from /home/kai/.local/lib/python3.10/site-packages/airflow/example_dags/example_python_decorator.py
[2024-03-09T15:52:58.586+0530] {logging_mixin.py:188} INFO - [2024-03-09T15:52:58.586+0530] {example_python_decorator.py:79} WARNING - The virtalenv_python example task requires virtualenv, please install it.
[2024-03-09T15:52:58.587+0530] {processor.py:840} INFO - DAG(s) 'example_python_decorator' retrieved from /home/kai/.local/lib/python3.10/site-packages/airflow/example_dags/example_python_decorator.py
[2024-03-09T15:52:58.603+0530] {logging_mixin.py:188} INFO - [2024-03-09T15:52:58.603+0530] {dag.py:3047} INFO - Sync 1 DAGs
[2024-03-09T15:52:58.613+0530] {logging_mixin.py:188} INFO - [2024-03-09T15:52:58.613+0530] {dag.py:3834} INFO - Setting next_dagrun for example_python_decorator to None, run_after=None
[2024-03-09T15:52:58.652+0530] {processor.py:183} INFO - Processing /home/kai/.local/lib/python3.10/site-packages/airflow/example_dags/example_python_decorator.py took 0.131 seconds
[2024-03-09T15:53:34.763+0530] {processor.py:161} INFO - Started process (PID=5255) to work on /home/kai/.local/lib/python3.10/site-packages/airflow/example_dags/example_python_decorator.py
[2024-03-09T15:53:34.766+0530] {processor.py:830} INFO - Processing file /home/kai/.local/lib/python3.10/site-packages/airflow/example_dags/example_python_decorator.py for tasks to queue
[2024-03-09T15:53:34.767+0530] {logging_mixin.py:188} INFO - [2024-03-09T15:53:34.767+0530] {dagbag.py:540} INFO - Filling up the DagBag from /home/kai/.local/lib/python3.10/site-packages/airflow/example_dags/example_python_decorator.py
[2024-03-09T15:53:34.819+0530] {logging_mixin.py:188} INFO - [2024-03-09T15:53:34.819+0530] {example_python_decorator.py:79} WARNING - The virtalenv_python example task requires virtualenv, please install it.
[2024-03-09T15:53:34.820+0530] {processor.py:840} INFO - DAG(s) 'example_python_decorator' retrieved from /home/kai/.local/lib/python3.10/site-packages/airflow/example_dags/example_python_decorator.py
[2024-03-09T15:53:34.835+0530] {logging_mixin.py:188} INFO - [2024-03-09T15:53:34.835+0530] {dag.py:3047} INFO - Sync 1 DAGs
[2024-03-09T15:53:34.845+0530] {logging_mixin.py:188} INFO - [2024-03-09T15:53:34.845+0530] {dag.py:3834} INFO - Setting next_dagrun for example_python_decorator to None, run_after=None
[2024-03-09T15:53:34.880+0530] {processor.py:183} INFO - Processing /home/kai/.local/lib/python3.10/site-packages/airflow/example_dags/example_python_decorator.py took 0.120 seconds
[2024-03-09T15:54:11.034+0530] {processor.py:161} INFO - Started process (PID=5293) to work on /home/kai/.local/lib/python3.10/site-packages/airflow/example_dags/example_python_decorator.py
[2024-03-09T15:54:11.035+0530] {processor.py:830} INFO - Processing file /home/kai/.local/lib/python3.10/site-packages/airflow/example_dags/example_python_decorator.py for tasks to queue
[2024-03-09T15:54:11.036+0530] {logging_mixin.py:188} INFO - [2024-03-09T15:54:11.035+0530] {dagbag.py:540} INFO - Filling up the DagBag from /home/kai/.local/lib/python3.10/site-packages/airflow/example_dags/example_python_decorator.py
[2024-03-09T15:54:11.095+0530] {logging_mixin.py:188} INFO - [2024-03-09T15:54:11.095+0530] {example_python_decorator.py:79} WARNING - The virtalenv_python example task requires virtualenv, please install it.
[2024-03-09T15:54:11.096+0530] {processor.py:840} INFO - DAG(s) 'example_python_decorator' retrieved from /home/kai/.local/lib/python3.10/site-packages/airflow/example_dags/example_python_decorator.py
[2024-03-09T15:54:11.117+0530] {logging_mixin.py:188} INFO - [2024-03-09T15:54:11.116+0530] {dag.py:3047} INFO - Sync 1 DAGs
[2024-03-09T15:54:11.130+0530] {logging_mixin.py:188} INFO - [2024-03-09T15:54:11.130+0530] {dag.py:3834} INFO - Setting next_dagrun for example_python_decorator to None, run_after=None
[2024-03-09T15:54:11.173+0530] {processor.py:183} INFO - Processing /home/kai/.local/lib/python3.10/site-packages/airflow/example_dags/example_python_decorator.py took 0.144 seconds
