[2024-03-09T15:43:56.812+0530] {processor.py:161} INFO - Started process (PID=4642) to work on /home/kai/.local/lib/python3.10/site-packages/airflow/example_dags/example_task_group.py
[2024-03-09T15:43:56.813+0530] {processor.py:830} INFO - Processing file /home/kai/.local/lib/python3.10/site-packages/airflow/example_dags/example_task_group.py for tasks to queue
[2024-03-09T15:43:56.815+0530] {logging_mixin.py:188} INFO - [2024-03-09T15:43:56.814+0530] {dagbag.py:540} INFO - Filling up the DagBag from /home/kai/.local/lib/python3.10/site-packages/airflow/example_dags/example_task_group.py
[2024-03-09T15:43:56.823+0530] {processor.py:840} INFO - DAG(s) 'example_task_group' retrieved from /home/kai/.local/lib/python3.10/site-packages/airflow/example_dags/example_task_group.py
[2024-03-09T15:43:56.952+0530] {logging_mixin.py:188} INFO - [2024-03-09T15:43:56.952+0530] {override.py:1769} INFO - Created Permission View: can delete on DAG:example_task_group
[2024-03-09T15:43:56.983+0530] {logging_mixin.py:188} INFO - [2024-03-09T15:43:56.982+0530] {override.py:1769} INFO - Created Permission View: can read on DAG:example_task_group
[2024-03-09T15:43:57.024+0530] {logging_mixin.py:188} INFO - [2024-03-09T15:43:57.023+0530] {override.py:1769} INFO - Created Permission View: can edit on DAG:example_task_group
[2024-03-09T15:43:57.024+0530] {logging_mixin.py:188} INFO - [2024-03-09T15:43:57.024+0530] {dag.py:3047} INFO - Sync 1 DAGs
[2024-03-09T15:43:57.037+0530] {logging_mixin.py:188} INFO - [2024-03-09T15:43:57.037+0530] {dag.py:3069} INFO - Creating ORM DAG for example_task_group
[2024-03-09T15:43:57.047+0530] {logging_mixin.py:188} INFO - [2024-03-09T15:43:57.046+0530] {dag.py:3834} INFO - Setting next_dagrun for example_task_group to 2024-03-08 00:00:00+00:00, run_after=2024-03-09 00:00:00+00:00
[2024-03-09T15:43:57.170+0530] {processor.py:183} INFO - Processing /home/kai/.local/lib/python3.10/site-packages/airflow/example_dags/example_task_group.py took 0.363 seconds
[2024-03-09T15:44:59.041+0530] {processor.py:161} INFO - Started process (PID=4697) to work on /home/kai/.local/lib/python3.10/site-packages/airflow/example_dags/example_task_group.py
[2024-03-09T15:44:59.044+0530] {processor.py:830} INFO - Processing file /home/kai/.local/lib/python3.10/site-packages/airflow/example_dags/example_task_group.py for tasks to queue
[2024-03-09T15:44:59.045+0530] {logging_mixin.py:188} INFO - [2024-03-09T15:44:59.045+0530] {dagbag.py:540} INFO - Filling up the DagBag from /home/kai/.local/lib/python3.10/site-packages/airflow/example_dags/example_task_group.py
[2024-03-09T15:44:59.054+0530] {processor.py:840} INFO - DAG(s) 'example_task_group' retrieved from /home/kai/.local/lib/python3.10/site-packages/airflow/example_dags/example_task_group.py
[2024-03-09T15:44:59.069+0530] {logging_mixin.py:188} INFO - [2024-03-09T15:44:59.069+0530] {dag.py:3047} INFO - Sync 1 DAGs
[2024-03-09T15:44:59.085+0530] {logging_mixin.py:188} INFO - [2024-03-09T15:44:59.085+0530] {dag.py:3834} INFO - Setting next_dagrun for example_task_group to 2024-03-08 00:00:00+00:00, run_after=2024-03-09 00:00:00+00:00
[2024-03-09T15:44:59.125+0530] {processor.py:183} INFO - Processing /home/kai/.local/lib/python3.10/site-packages/airflow/example_dags/example_task_group.py took 0.089 seconds
[2024-03-09T15:45:54.230+0530] {processor.py:161} INFO - Started process (PID=4757) to work on /home/kai/.local/lib/python3.10/site-packages/airflow/example_dags/example_task_group.py
[2024-03-09T15:45:54.233+0530] {processor.py:830} INFO - Processing file /home/kai/.local/lib/python3.10/site-packages/airflow/example_dags/example_task_group.py for tasks to queue
[2024-03-09T15:45:54.234+0530] {logging_mixin.py:188} INFO - [2024-03-09T15:45:54.233+0530] {dagbag.py:540} INFO - Filling up the DagBag from /home/kai/.local/lib/python3.10/site-packages/airflow/example_dags/example_task_group.py
[2024-03-09T15:45:54.242+0530] {processor.py:840} INFO - DAG(s) 'example_task_group' retrieved from /home/kai/.local/lib/python3.10/site-packages/airflow/example_dags/example_task_group.py
[2024-03-09T15:45:54.258+0530] {logging_mixin.py:188} INFO - [2024-03-09T15:45:54.258+0530] {dag.py:3047} INFO - Sync 1 DAGs
[2024-03-09T15:45:54.390+0530] {logging_mixin.py:188} INFO - [2024-03-09T15:45:54.390+0530] {dag.py:3834} INFO - Setting next_dagrun for example_task_group to 2024-03-08 00:00:00+00:00, run_after=2024-03-09 00:00:00+00:00
[2024-03-09T15:45:54.428+0530] {processor.py:183} INFO - Processing /home/kai/.local/lib/python3.10/site-packages/airflow/example_dags/example_task_group.py took 0.201 seconds
[2024-03-09T15:46:48.364+0530] {processor.py:161} INFO - Started process (PID=4806) to work on /home/kai/.local/lib/python3.10/site-packages/airflow/example_dags/example_task_group.py
[2024-03-09T15:46:48.367+0530] {processor.py:830} INFO - Processing file /home/kai/.local/lib/python3.10/site-packages/airflow/example_dags/example_task_group.py for tasks to queue
[2024-03-09T15:46:48.368+0530] {logging_mixin.py:188} INFO - [2024-03-09T15:46:48.367+0530] {dagbag.py:540} INFO - Filling up the DagBag from /home/kai/.local/lib/python3.10/site-packages/airflow/example_dags/example_task_group.py
[2024-03-09T15:46:48.379+0530] {processor.py:840} INFO - DAG(s) 'example_task_group' retrieved from /home/kai/.local/lib/python3.10/site-packages/airflow/example_dags/example_task_group.py
[2024-03-09T15:46:48.400+0530] {logging_mixin.py:188} INFO - [2024-03-09T15:46:48.400+0530] {dag.py:3047} INFO - Sync 1 DAGs
[2024-03-09T15:46:48.424+0530] {logging_mixin.py:188} INFO - [2024-03-09T15:46:48.424+0530] {dag.py:3834} INFO - Setting next_dagrun for example_task_group to 2024-03-08 00:00:00+00:00, run_after=2024-03-09 00:00:00+00:00
[2024-03-09T15:46:48.467+0530] {processor.py:183} INFO - Processing /home/kai/.local/lib/python3.10/site-packages/airflow/example_dags/example_task_group.py took 0.107 seconds
[2024-03-09T15:47:31.364+0530] {processor.py:161} INFO - Started process (PID=4850) to work on /home/kai/.local/lib/python3.10/site-packages/airflow/example_dags/example_task_group.py
[2024-03-09T15:47:31.368+0530] {processor.py:830} INFO - Processing file /home/kai/.local/lib/python3.10/site-packages/airflow/example_dags/example_task_group.py for tasks to queue
[2024-03-09T15:47:31.369+0530] {logging_mixin.py:188} INFO - [2024-03-09T15:47:31.369+0530] {dagbag.py:540} INFO - Filling up the DagBag from /home/kai/.local/lib/python3.10/site-packages/airflow/example_dags/example_task_group.py
[2024-03-09T15:47:31.378+0530] {processor.py:840} INFO - DAG(s) 'example_task_group' retrieved from /home/kai/.local/lib/python3.10/site-packages/airflow/example_dags/example_task_group.py
[2024-03-09T15:47:31.396+0530] {logging_mixin.py:188} INFO - [2024-03-09T15:47:31.396+0530] {dag.py:3047} INFO - Sync 1 DAGs
[2024-03-09T15:47:31.415+0530] {logging_mixin.py:188} INFO - [2024-03-09T15:47:31.415+0530] {dag.py:3834} INFO - Setting next_dagrun for example_task_group to 2024-03-08 00:00:00+00:00, run_after=2024-03-09 00:00:00+00:00
[2024-03-09T15:47:31.450+0530] {processor.py:183} INFO - Processing /home/kai/.local/lib/python3.10/site-packages/airflow/example_dags/example_task_group.py took 0.089 seconds
[2024-03-09T15:48:45.082+0530] {processor.py:161} INFO - Started process (PID=4944) to work on /home/kai/.local/lib/python3.10/site-packages/airflow/example_dags/example_task_group.py
[2024-03-09T15:48:45.085+0530] {processor.py:830} INFO - Processing file /home/kai/.local/lib/python3.10/site-packages/airflow/example_dags/example_task_group.py for tasks to queue
[2024-03-09T15:48:45.087+0530] {logging_mixin.py:188} INFO - [2024-03-09T15:48:45.086+0530] {dagbag.py:540} INFO - Filling up the DagBag from /home/kai/.local/lib/python3.10/site-packages/airflow/example_dags/example_task_group.py
[2024-03-09T15:48:45.097+0530] {processor.py:840} INFO - DAG(s) 'example_task_group' retrieved from /home/kai/.local/lib/python3.10/site-packages/airflow/example_dags/example_task_group.py
[2024-03-09T15:48:45.113+0530] {logging_mixin.py:188} INFO - [2024-03-09T15:48:45.113+0530] {dag.py:3047} INFO - Sync 1 DAGs
[2024-03-09T15:48:45.131+0530] {logging_mixin.py:188} INFO - [2024-03-09T15:48:45.131+0530] {dag.py:3834} INFO - Setting next_dagrun for example_task_group to 2024-03-08 00:00:00+00:00, run_after=2024-03-09 00:00:00+00:00
[2024-03-09T15:48:45.166+0530] {processor.py:183} INFO - Processing /home/kai/.local/lib/python3.10/site-packages/airflow/example_dags/example_task_group.py took 0.089 seconds
[2024-03-09T15:49:32.493+0530] {processor.py:161} INFO - Started process (PID=5000) to work on /home/kai/.local/lib/python3.10/site-packages/airflow/example_dags/example_task_group.py
[2024-03-09T15:49:32.496+0530] {processor.py:830} INFO - Processing file /home/kai/.local/lib/python3.10/site-packages/airflow/example_dags/example_task_group.py for tasks to queue
[2024-03-09T15:49:32.497+0530] {logging_mixin.py:188} INFO - [2024-03-09T15:49:32.497+0530] {dagbag.py:540} INFO - Filling up the DagBag from /home/kai/.local/lib/python3.10/site-packages/airflow/example_dags/example_task_group.py
[2024-03-09T15:49:32.506+0530] {processor.py:840} INFO - DAG(s) 'example_task_group' retrieved from /home/kai/.local/lib/python3.10/site-packages/airflow/example_dags/example_task_group.py
[2024-03-09T15:49:32.521+0530] {logging_mixin.py:188} INFO - [2024-03-09T15:49:32.521+0530] {dag.py:3047} INFO - Sync 1 DAGs
[2024-03-09T15:49:32.539+0530] {logging_mixin.py:188} INFO - [2024-03-09T15:49:32.539+0530] {dag.py:3834} INFO - Setting next_dagrun for example_task_group to 2024-03-08 00:00:00+00:00, run_after=2024-03-09 00:00:00+00:00
[2024-03-09T15:49:32.572+0530] {processor.py:183} INFO - Processing /home/kai/.local/lib/python3.10/site-packages/airflow/example_dags/example_task_group.py took 0.083 seconds
[2024-03-09T15:50:52.003+0530] {processor.py:161} INFO - Started process (PID=5084) to work on /home/kai/.local/lib/python3.10/site-packages/airflow/example_dags/example_task_group.py
[2024-03-09T15:50:52.007+0530] {processor.py:830} INFO - Processing file /home/kai/.local/lib/python3.10/site-packages/airflow/example_dags/example_task_group.py for tasks to queue
[2024-03-09T15:50:52.008+0530] {logging_mixin.py:188} INFO - [2024-03-09T15:50:52.007+0530] {dagbag.py:540} INFO - Filling up the DagBag from /home/kai/.local/lib/python3.10/site-packages/airflow/example_dags/example_task_group.py
[2024-03-09T15:50:52.017+0530] {processor.py:840} INFO - DAG(s) 'example_task_group' retrieved from /home/kai/.local/lib/python3.10/site-packages/airflow/example_dags/example_task_group.py
[2024-03-09T15:50:52.034+0530] {logging_mixin.py:188} INFO - [2024-03-09T15:50:52.034+0530] {dag.py:3047} INFO - Sync 1 DAGs
[2024-03-09T15:50:52.054+0530] {logging_mixin.py:188} INFO - [2024-03-09T15:50:52.053+0530] {dag.py:3834} INFO - Setting next_dagrun for example_task_group to 2024-03-08 00:00:00+00:00, run_after=2024-03-09 00:00:00+00:00
[2024-03-09T15:50:52.092+0530] {processor.py:183} INFO - Processing /home/kai/.local/lib/python3.10/site-packages/airflow/example_dags/example_task_group.py took 0.092 seconds
[2024-03-09T15:51:38.874+0530] {processor.py:161} INFO - Started process (PID=5136) to work on /home/kai/.local/lib/python3.10/site-packages/airflow/example_dags/example_task_group.py
[2024-03-09T15:51:38.877+0530] {processor.py:830} INFO - Processing file /home/kai/.local/lib/python3.10/site-packages/airflow/example_dags/example_task_group.py for tasks to queue
[2024-03-09T15:51:38.878+0530] {logging_mixin.py:188} INFO - [2024-03-09T15:51:38.877+0530] {dagbag.py:540} INFO - Filling up the DagBag from /home/kai/.local/lib/python3.10/site-packages/airflow/example_dags/example_task_group.py
[2024-03-09T15:51:38.887+0530] {processor.py:840} INFO - DAG(s) 'example_task_group' retrieved from /home/kai/.local/lib/python3.10/site-packages/airflow/example_dags/example_task_group.py
[2024-03-09T15:51:38.903+0530] {logging_mixin.py:188} INFO - [2024-03-09T15:51:38.903+0530] {dag.py:3047} INFO - Sync 1 DAGs
[2024-03-09T15:51:38.920+0530] {logging_mixin.py:188} INFO - [2024-03-09T15:51:38.920+0530] {dag.py:3834} INFO - Setting next_dagrun for example_task_group to 2024-03-08 00:00:00+00:00, run_after=2024-03-09 00:00:00+00:00
[2024-03-09T15:51:38.967+0530] {processor.py:183} INFO - Processing /home/kai/.local/lib/python3.10/site-packages/airflow/example_dags/example_task_group.py took 0.097 seconds
[2024-03-09T15:52:30.567+0530] {processor.py:161} INFO - Started process (PID=5190) to work on /home/kai/.local/lib/python3.10/site-packages/airflow/example_dags/example_task_group.py
[2024-03-09T15:52:30.570+0530] {processor.py:830} INFO - Processing file /home/kai/.local/lib/python3.10/site-packages/airflow/example_dags/example_task_group.py for tasks to queue
[2024-03-09T15:52:30.571+0530] {logging_mixin.py:188} INFO - [2024-03-09T15:52:30.571+0530] {dagbag.py:540} INFO - Filling up the DagBag from /home/kai/.local/lib/python3.10/site-packages/airflow/example_dags/example_task_group.py
[2024-03-09T15:52:30.579+0530] {processor.py:840} INFO - DAG(s) 'example_task_group' retrieved from /home/kai/.local/lib/python3.10/site-packages/airflow/example_dags/example_task_group.py
[2024-03-09T15:52:30.594+0530] {logging_mixin.py:188} INFO - [2024-03-09T15:52:30.594+0530] {dag.py:3047} INFO - Sync 1 DAGs
[2024-03-09T15:52:30.611+0530] {logging_mixin.py:188} INFO - [2024-03-09T15:52:30.611+0530] {dag.py:3834} INFO - Setting next_dagrun for example_task_group to 2024-03-08 00:00:00+00:00, run_after=2024-03-09 00:00:00+00:00
[2024-03-09T15:52:30.645+0530] {processor.py:183} INFO - Processing /home/kai/.local/lib/python3.10/site-packages/airflow/example_dags/example_task_group.py took 0.081 seconds
[2024-03-09T15:53:23.801+0530] {processor.py:161} INFO - Started process (PID=5243) to work on /home/kai/.local/lib/python3.10/site-packages/airflow/example_dags/example_task_group.py
[2024-03-09T15:53:23.805+0530] {processor.py:830} INFO - Processing file /home/kai/.local/lib/python3.10/site-packages/airflow/example_dags/example_task_group.py for tasks to queue
[2024-03-09T15:53:23.806+0530] {logging_mixin.py:188} INFO - [2024-03-09T15:53:23.806+0530] {dagbag.py:540} INFO - Filling up the DagBag from /home/kai/.local/lib/python3.10/site-packages/airflow/example_dags/example_task_group.py
[2024-03-09T15:53:23.815+0530] {processor.py:840} INFO - DAG(s) 'example_task_group' retrieved from /home/kai/.local/lib/python3.10/site-packages/airflow/example_dags/example_task_group.py
[2024-03-09T15:53:23.830+0530] {logging_mixin.py:188} INFO - [2024-03-09T15:53:23.830+0530] {dag.py:3047} INFO - Sync 1 DAGs
[2024-03-09T15:53:23.848+0530] {logging_mixin.py:188} INFO - [2024-03-09T15:53:23.847+0530] {dag.py:3834} INFO - Setting next_dagrun for example_task_group to 2024-03-08 00:00:00+00:00, run_after=2024-03-09 00:00:00+00:00
[2024-03-09T15:53:23.882+0530] {processor.py:183} INFO - Processing /home/kai/.local/lib/python3.10/site-packages/airflow/example_dags/example_task_group.py took 0.085 seconds
[2024-03-09T15:54:18.032+0530] {processor.py:161} INFO - Started process (PID=5300) to work on /home/kai/.local/lib/python3.10/site-packages/airflow/example_dags/example_task_group.py
[2024-03-09T15:54:18.035+0530] {processor.py:830} INFO - Processing file /home/kai/.local/lib/python3.10/site-packages/airflow/example_dags/example_task_group.py for tasks to queue
[2024-03-09T15:54:18.036+0530] {logging_mixin.py:188} INFO - [2024-03-09T15:54:18.036+0530] {dagbag.py:540} INFO - Filling up the DagBag from /home/kai/.local/lib/python3.10/site-packages/airflow/example_dags/example_task_group.py
[2024-03-09T15:54:18.044+0530] {processor.py:840} INFO - DAG(s) 'example_task_group' retrieved from /home/kai/.local/lib/python3.10/site-packages/airflow/example_dags/example_task_group.py
[2024-03-09T15:54:18.060+0530] {logging_mixin.py:188} INFO - [2024-03-09T15:54:18.060+0530] {dag.py:3047} INFO - Sync 1 DAGs
[2024-03-09T15:54:18.078+0530] {logging_mixin.py:188} INFO - [2024-03-09T15:54:18.077+0530] {dag.py:3834} INFO - Setting next_dagrun for example_task_group to 2024-03-08 00:00:00+00:00, run_after=2024-03-09 00:00:00+00:00
[2024-03-09T15:54:18.117+0530] {processor.py:183} INFO - Processing /home/kai/.local/lib/python3.10/site-packages/airflow/example_dags/example_task_group.py took 0.089 seconds
