[2024-03-09T15:43:59.587+0530] {processor.py:161} INFO - Started process (PID=4644) to work on /home/kai/.local/lib/python3.10/site-packages/airflow/example_dags/example_skip_dag.py
[2024-03-09T15:43:59.588+0530] {processor.py:830} INFO - Processing file /home/kai/.local/lib/python3.10/site-packages/airflow/example_dags/example_skip_dag.py for tasks to queue
[2024-03-09T15:43:59.588+0530] {logging_mixin.py:188} INFO - [2024-03-09T15:43:59.588+0530] {dagbag.py:540} INFO - Filling up the DagBag from /home/kai/.local/lib/python3.10/site-packages/airflow/example_dags/example_skip_dag.py
[2024-03-09T15:43:59.596+0530] {processor.py:840} INFO - DAG(s) 'example_skip_dag' retrieved from /home/kai/.local/lib/python3.10/site-packages/airflow/example_dags/example_skip_dag.py
[2024-03-09T15:43:59.720+0530] {logging_mixin.py:188} INFO - [2024-03-09T15:43:59.719+0530] {override.py:1769} INFO - Created Permission View: can delete on DAG:example_skip_dag
[2024-03-09T15:43:59.749+0530] {logging_mixin.py:188} INFO - [2024-03-09T15:43:59.749+0530] {override.py:1769} INFO - Created Permission View: can read on DAG:example_skip_dag
[2024-03-09T15:43:59.771+0530] {logging_mixin.py:188} INFO - [2024-03-09T15:43:59.771+0530] {override.py:1769} INFO - Created Permission View: can edit on DAG:example_skip_dag
[2024-03-09T15:43:59.772+0530] {logging_mixin.py:188} INFO - [2024-03-09T15:43:59.772+0530] {dag.py:3047} INFO - Sync 1 DAGs
[2024-03-09T15:43:59.780+0530] {logging_mixin.py:188} INFO - [2024-03-09T15:43:59.780+0530] {dag.py:3069} INFO - Creating ORM DAG for example_skip_dag
[2024-03-09T15:43:59.787+0530] {logging_mixin.py:188} INFO - [2024-03-09T15:43:59.787+0530] {dag.py:3834} INFO - Setting next_dagrun for example_skip_dag to 2024-03-08 00:00:00+00:00, run_after=2024-03-09 00:00:00+00:00
[2024-03-09T15:43:59.923+0530] {processor.py:183} INFO - Processing /home/kai/.local/lib/python3.10/site-packages/airflow/example_dags/example_skip_dag.py took 0.340 seconds
[2024-03-09T15:45:01.355+0530] {processor.py:161} INFO - Started process (PID=4699) to work on /home/kai/.local/lib/python3.10/site-packages/airflow/example_dags/example_skip_dag.py
[2024-03-09T15:45:01.358+0530] {processor.py:830} INFO - Processing file /home/kai/.local/lib/python3.10/site-packages/airflow/example_dags/example_skip_dag.py for tasks to queue
[2024-03-09T15:45:01.359+0530] {logging_mixin.py:188} INFO - [2024-03-09T15:45:01.359+0530] {dagbag.py:540} INFO - Filling up the DagBag from /home/kai/.local/lib/python3.10/site-packages/airflow/example_dags/example_skip_dag.py
[2024-03-09T15:45:01.366+0530] {processor.py:840} INFO - DAG(s) 'example_skip_dag' retrieved from /home/kai/.local/lib/python3.10/site-packages/airflow/example_dags/example_skip_dag.py
[2024-03-09T15:45:01.382+0530] {logging_mixin.py:188} INFO - [2024-03-09T15:45:01.381+0530] {dag.py:3047} INFO - Sync 1 DAGs
[2024-03-09T15:45:01.398+0530] {logging_mixin.py:188} INFO - [2024-03-09T15:45:01.398+0530] {dag.py:3834} INFO - Setting next_dagrun for example_skip_dag to 2024-03-08 00:00:00+00:00, run_after=2024-03-09 00:00:00+00:00
[2024-03-09T15:45:01.432+0530] {processor.py:183} INFO - Processing /home/kai/.local/lib/python3.10/site-packages/airflow/example_dags/example_skip_dag.py took 0.080 seconds
[2024-03-09T15:45:56.807+0530] {processor.py:161} INFO - Started process (PID=4759) to work on /home/kai/.local/lib/python3.10/site-packages/airflow/example_dags/example_skip_dag.py
[2024-03-09T15:45:56.808+0530] {processor.py:830} INFO - Processing file /home/kai/.local/lib/python3.10/site-packages/airflow/example_dags/example_skip_dag.py for tasks to queue
[2024-03-09T15:45:56.809+0530] {logging_mixin.py:188} INFO - [2024-03-09T15:45:56.809+0530] {dagbag.py:540} INFO - Filling up the DagBag from /home/kai/.local/lib/python3.10/site-packages/airflow/example_dags/example_skip_dag.py
[2024-03-09T15:45:56.816+0530] {processor.py:840} INFO - DAG(s) 'example_skip_dag' retrieved from /home/kai/.local/lib/python3.10/site-packages/airflow/example_dags/example_skip_dag.py
[2024-03-09T15:45:56.831+0530] {logging_mixin.py:188} INFO - [2024-03-09T15:45:56.831+0530] {dag.py:3047} INFO - Sync 1 DAGs
[2024-03-09T15:45:56.931+0530] {logging_mixin.py:188} INFO - [2024-03-09T15:45:56.931+0530] {dag.py:3834} INFO - Setting next_dagrun for example_skip_dag to 2024-03-08 00:00:00+00:00, run_after=2024-03-09 00:00:00+00:00
[2024-03-09T15:45:56.967+0530] {processor.py:183} INFO - Processing /home/kai/.local/lib/python3.10/site-packages/airflow/example_dags/example_skip_dag.py took 0.163 seconds
[2024-03-09T15:46:49.896+0530] {processor.py:161} INFO - Started process (PID=4808) to work on /home/kai/.local/lib/python3.10/site-packages/airflow/example_dags/example_skip_dag.py
[2024-03-09T15:46:49.898+0530] {processor.py:830} INFO - Processing file /home/kai/.local/lib/python3.10/site-packages/airflow/example_dags/example_skip_dag.py for tasks to queue
[2024-03-09T15:46:49.899+0530] {logging_mixin.py:188} INFO - [2024-03-09T15:46:49.899+0530] {dagbag.py:540} INFO - Filling up the DagBag from /home/kai/.local/lib/python3.10/site-packages/airflow/example_dags/example_skip_dag.py
[2024-03-09T15:46:49.907+0530] {processor.py:840} INFO - DAG(s) 'example_skip_dag' retrieved from /home/kai/.local/lib/python3.10/site-packages/airflow/example_dags/example_skip_dag.py
[2024-03-09T15:46:49.924+0530] {logging_mixin.py:188} INFO - [2024-03-09T15:46:49.924+0530] {dag.py:3047} INFO - Sync 1 DAGs
[2024-03-09T15:46:49.943+0530] {logging_mixin.py:188} INFO - [2024-03-09T15:46:49.943+0530] {dag.py:3834} INFO - Setting next_dagrun for example_skip_dag to 2024-03-08 00:00:00+00:00, run_after=2024-03-09 00:00:00+00:00
[2024-03-09T15:46:49.983+0530] {processor.py:183} INFO - Processing /home/kai/.local/lib/python3.10/site-packages/airflow/example_dags/example_skip_dag.py took 0.091 seconds
[2024-03-09T15:47:33.660+0530] {processor.py:161} INFO - Started process (PID=4852) to work on /home/kai/.local/lib/python3.10/site-packages/airflow/example_dags/example_skip_dag.py
[2024-03-09T15:47:33.662+0530] {processor.py:830} INFO - Processing file /home/kai/.local/lib/python3.10/site-packages/airflow/example_dags/example_skip_dag.py for tasks to queue
[2024-03-09T15:47:33.663+0530] {logging_mixin.py:188} INFO - [2024-03-09T15:47:33.663+0530] {dagbag.py:540} INFO - Filling up the DagBag from /home/kai/.local/lib/python3.10/site-packages/airflow/example_dags/example_skip_dag.py
[2024-03-09T15:47:33.671+0530] {processor.py:840} INFO - DAG(s) 'example_skip_dag' retrieved from /home/kai/.local/lib/python3.10/site-packages/airflow/example_dags/example_skip_dag.py
[2024-03-09T15:47:33.687+0530] {logging_mixin.py:188} INFO - [2024-03-09T15:47:33.686+0530] {dag.py:3047} INFO - Sync 1 DAGs
[2024-03-09T15:47:33.703+0530] {logging_mixin.py:188} INFO - [2024-03-09T15:47:33.703+0530] {dag.py:3834} INFO - Setting next_dagrun for example_skip_dag to 2024-03-08 00:00:00+00:00, run_after=2024-03-09 00:00:00+00:00
[2024-03-09T15:47:33.751+0530] {processor.py:183} INFO - Processing /home/kai/.local/lib/python3.10/site-packages/airflow/example_dags/example_skip_dag.py took 0.094 seconds
[2024-03-09T15:48:47.390+0530] {processor.py:161} INFO - Started process (PID=4946) to work on /home/kai/.local/lib/python3.10/site-packages/airflow/example_dags/example_skip_dag.py
[2024-03-09T15:48:47.394+0530] {processor.py:830} INFO - Processing file /home/kai/.local/lib/python3.10/site-packages/airflow/example_dags/example_skip_dag.py for tasks to queue
[2024-03-09T15:48:47.395+0530] {logging_mixin.py:188} INFO - [2024-03-09T15:48:47.395+0530] {dagbag.py:540} INFO - Filling up the DagBag from /home/kai/.local/lib/python3.10/site-packages/airflow/example_dags/example_skip_dag.py
[2024-03-09T15:48:47.404+0530] {processor.py:840} INFO - DAG(s) 'example_skip_dag' retrieved from /home/kai/.local/lib/python3.10/site-packages/airflow/example_dags/example_skip_dag.py
[2024-03-09T15:48:47.422+0530] {logging_mixin.py:188} INFO - [2024-03-09T15:48:47.422+0530] {dag.py:3047} INFO - Sync 1 DAGs
[2024-03-09T15:48:47.442+0530] {logging_mixin.py:188} INFO - [2024-03-09T15:48:47.442+0530] {dag.py:3834} INFO - Setting next_dagrun for example_skip_dag to 2024-03-08 00:00:00+00:00, run_after=2024-03-09 00:00:00+00:00
[2024-03-09T15:48:47.482+0530] {processor.py:183} INFO - Processing /home/kai/.local/lib/python3.10/site-packages/airflow/example_dags/example_skip_dag.py took 0.097 seconds
[2024-03-09T15:49:34.427+0530] {processor.py:161} INFO - Started process (PID=5002) to work on /home/kai/.local/lib/python3.10/site-packages/airflow/example_dags/example_skip_dag.py
[2024-03-09T15:49:34.430+0530] {processor.py:830} INFO - Processing file /home/kai/.local/lib/python3.10/site-packages/airflow/example_dags/example_skip_dag.py for tasks to queue
[2024-03-09T15:49:34.431+0530] {logging_mixin.py:188} INFO - [2024-03-09T15:49:34.430+0530] {dagbag.py:540} INFO - Filling up the DagBag from /home/kai/.local/lib/python3.10/site-packages/airflow/example_dags/example_skip_dag.py
[2024-03-09T15:49:34.438+0530] {processor.py:840} INFO - DAG(s) 'example_skip_dag' retrieved from /home/kai/.local/lib/python3.10/site-packages/airflow/example_dags/example_skip_dag.py
[2024-03-09T15:49:34.455+0530] {logging_mixin.py:188} INFO - [2024-03-09T15:49:34.454+0530] {dag.py:3047} INFO - Sync 1 DAGs
[2024-03-09T15:49:34.475+0530] {logging_mixin.py:188} INFO - [2024-03-09T15:49:34.475+0530] {dag.py:3834} INFO - Setting next_dagrun for example_skip_dag to 2024-03-08 00:00:00+00:00, run_after=2024-03-09 00:00:00+00:00
[2024-03-09T15:49:34.513+0530] {processor.py:183} INFO - Processing /home/kai/.local/lib/python3.10/site-packages/airflow/example_dags/example_skip_dag.py took 0.089 seconds
[2024-03-09T15:50:53.447+0530] {processor.py:161} INFO - Started process (PID=5086) to work on /home/kai/.local/lib/python3.10/site-packages/airflow/example_dags/example_skip_dag.py
[2024-03-09T15:50:53.450+0530] {processor.py:830} INFO - Processing file /home/kai/.local/lib/python3.10/site-packages/airflow/example_dags/example_skip_dag.py for tasks to queue
[2024-03-09T15:50:53.451+0530] {logging_mixin.py:188} INFO - [2024-03-09T15:50:53.450+0530] {dagbag.py:540} INFO - Filling up the DagBag from /home/kai/.local/lib/python3.10/site-packages/airflow/example_dags/example_skip_dag.py
[2024-03-09T15:50:53.459+0530] {processor.py:840} INFO - DAG(s) 'example_skip_dag' retrieved from /home/kai/.local/lib/python3.10/site-packages/airflow/example_dags/example_skip_dag.py
[2024-03-09T15:50:53.479+0530] {logging_mixin.py:188} INFO - [2024-03-09T15:50:53.479+0530] {dag.py:3047} INFO - Sync 1 DAGs
[2024-03-09T15:50:53.501+0530] {logging_mixin.py:188} INFO - [2024-03-09T15:50:53.501+0530] {dag.py:3834} INFO - Setting next_dagrun for example_skip_dag to 2024-03-08 00:00:00+00:00, run_after=2024-03-09 00:00:00+00:00
[2024-03-09T15:50:53.537+0530] {processor.py:183} INFO - Processing /home/kai/.local/lib/python3.10/site-packages/airflow/example_dags/example_skip_dag.py took 0.094 seconds
[2024-03-09T15:51:41.208+0530] {processor.py:161} INFO - Started process (PID=5138) to work on /home/kai/.local/lib/python3.10/site-packages/airflow/example_dags/example_skip_dag.py
[2024-03-09T15:51:41.212+0530] {processor.py:830} INFO - Processing file /home/kai/.local/lib/python3.10/site-packages/airflow/example_dags/example_skip_dag.py for tasks to queue
[2024-03-09T15:51:41.213+0530] {logging_mixin.py:188} INFO - [2024-03-09T15:51:41.212+0530] {dagbag.py:540} INFO - Filling up the DagBag from /home/kai/.local/lib/python3.10/site-packages/airflow/example_dags/example_skip_dag.py
[2024-03-09T15:51:41.222+0530] {processor.py:840} INFO - DAG(s) 'example_skip_dag' retrieved from /home/kai/.local/lib/python3.10/site-packages/airflow/example_dags/example_skip_dag.py
[2024-03-09T15:51:41.239+0530] {logging_mixin.py:188} INFO - [2024-03-09T15:51:41.239+0530] {dag.py:3047} INFO - Sync 1 DAGs
[2024-03-09T15:51:41.257+0530] {logging_mixin.py:188} INFO - [2024-03-09T15:51:41.256+0530] {dag.py:3834} INFO - Setting next_dagrun for example_skip_dag to 2024-03-08 00:00:00+00:00, run_after=2024-03-09 00:00:00+00:00
[2024-03-09T15:51:41.295+0530] {processor.py:183} INFO - Processing /home/kai/.local/lib/python3.10/site-packages/airflow/example_dags/example_skip_dag.py took 0.090 seconds
[2024-03-09T15:52:31.932+0530] {processor.py:161} INFO - Started process (PID=5192) to work on /home/kai/.local/lib/python3.10/site-packages/airflow/example_dags/example_skip_dag.py
[2024-03-09T15:52:31.935+0530] {processor.py:830} INFO - Processing file /home/kai/.local/lib/python3.10/site-packages/airflow/example_dags/example_skip_dag.py for tasks to queue
[2024-03-09T15:52:31.937+0530] {logging_mixin.py:188} INFO - [2024-03-09T15:52:31.936+0530] {dagbag.py:540} INFO - Filling up the DagBag from /home/kai/.local/lib/python3.10/site-packages/airflow/example_dags/example_skip_dag.py
[2024-03-09T15:52:31.946+0530] {processor.py:840} INFO - DAG(s) 'example_skip_dag' retrieved from /home/kai/.local/lib/python3.10/site-packages/airflow/example_dags/example_skip_dag.py
[2024-03-09T15:52:31.962+0530] {logging_mixin.py:188} INFO - [2024-03-09T15:52:31.962+0530] {dag.py:3047} INFO - Sync 1 DAGs
[2024-03-09T15:52:31.981+0530] {logging_mixin.py:188} INFO - [2024-03-09T15:52:31.981+0530] {dag.py:3834} INFO - Setting next_dagrun for example_skip_dag to 2024-03-08 00:00:00+00:00, run_after=2024-03-09 00:00:00+00:00
[2024-03-09T15:52:32.014+0530] {processor.py:183} INFO - Processing /home/kai/.local/lib/python3.10/site-packages/airflow/example_dags/example_skip_dag.py took 0.087 seconds
[2024-03-09T15:53:26.107+0530] {processor.py:161} INFO - Started process (PID=5245) to work on /home/kai/.local/lib/python3.10/site-packages/airflow/example_dags/example_skip_dag.py
[2024-03-09T15:53:26.110+0530] {processor.py:830} INFO - Processing file /home/kai/.local/lib/python3.10/site-packages/airflow/example_dags/example_skip_dag.py for tasks to queue
[2024-03-09T15:53:26.111+0530] {logging_mixin.py:188} INFO - [2024-03-09T15:53:26.110+0530] {dagbag.py:540} INFO - Filling up the DagBag from /home/kai/.local/lib/python3.10/site-packages/airflow/example_dags/example_skip_dag.py
[2024-03-09T15:53:26.119+0530] {processor.py:840} INFO - DAG(s) 'example_skip_dag' retrieved from /home/kai/.local/lib/python3.10/site-packages/airflow/example_dags/example_skip_dag.py
[2024-03-09T15:53:26.134+0530] {logging_mixin.py:188} INFO - [2024-03-09T15:53:26.134+0530] {dag.py:3047} INFO - Sync 1 DAGs
[2024-03-09T15:53:26.152+0530] {logging_mixin.py:188} INFO - [2024-03-09T15:53:26.152+0530] {dag.py:3834} INFO - Setting next_dagrun for example_skip_dag to 2024-03-08 00:00:00+00:00, run_after=2024-03-09 00:00:00+00:00
[2024-03-09T15:53:26.186+0530] {processor.py:183} INFO - Processing /home/kai/.local/lib/python3.10/site-packages/airflow/example_dags/example_skip_dag.py took 0.084 seconds
[2024-03-09T15:54:19.638+0530] {processor.py:161} INFO - Started process (PID=5302) to work on /home/kai/.local/lib/python3.10/site-packages/airflow/example_dags/example_skip_dag.py
[2024-03-09T15:54:19.640+0530] {processor.py:830} INFO - Processing file /home/kai/.local/lib/python3.10/site-packages/airflow/example_dags/example_skip_dag.py for tasks to queue
[2024-03-09T15:54:19.641+0530] {logging_mixin.py:188} INFO - [2024-03-09T15:54:19.641+0530] {dagbag.py:540} INFO - Filling up the DagBag from /home/kai/.local/lib/python3.10/site-packages/airflow/example_dags/example_skip_dag.py
[2024-03-09T15:54:19.649+0530] {processor.py:840} INFO - DAG(s) 'example_skip_dag' retrieved from /home/kai/.local/lib/python3.10/site-packages/airflow/example_dags/example_skip_dag.py
[2024-03-09T15:54:19.665+0530] {logging_mixin.py:188} INFO - [2024-03-09T15:54:19.664+0530] {dag.py:3047} INFO - Sync 1 DAGs
[2024-03-09T15:54:19.683+0530] {logging_mixin.py:188} INFO - [2024-03-09T15:54:19.683+0530] {dag.py:3834} INFO - Setting next_dagrun for example_skip_dag to 2024-03-08 00:00:00+00:00, run_after=2024-03-09 00:00:00+00:00
[2024-03-09T15:54:19.716+0530] {processor.py:183} INFO - Processing /home/kai/.local/lib/python3.10/site-packages/airflow/example_dags/example_skip_dag.py took 0.083 seconds
