[2024-03-09T15:44:24.846+0530] {processor.py:161} INFO - Started process (PID=4664) to work on /home/kai/.local/lib/python3.10/site-packages/airflow/example_dags/tutorial.py
[2024-03-09T15:44:24.847+0530] {processor.py:830} INFO - Processing file /home/kai/.local/lib/python3.10/site-packages/airflow/example_dags/tutorial.py for tasks to queue
[2024-03-09T15:44:24.848+0530] {logging_mixin.py:188} INFO - [2024-03-09T15:44:24.847+0530] {dagbag.py:540} INFO - Filling up the DagBag from /home/kai/.local/lib/python3.10/site-packages/airflow/example_dags/tutorial.py
[2024-03-09T15:44:24.855+0530] {processor.py:840} INFO - DAG(s) 'tutorial' retrieved from /home/kai/.local/lib/python3.10/site-packages/airflow/example_dags/tutorial.py
[2024-03-09T15:44:24.972+0530] {logging_mixin.py:188} INFO - [2024-03-09T15:44:24.971+0530] {override.py:1769} INFO - Created Permission View: can delete on DAG:tutorial
[2024-03-09T15:44:24.996+0530] {logging_mixin.py:188} INFO - [2024-03-09T15:44:24.996+0530] {override.py:1769} INFO - Created Permission View: can read on DAG:tutorial
[2024-03-09T15:44:25.023+0530] {logging_mixin.py:188} INFO - [2024-03-09T15:44:25.023+0530] {override.py:1769} INFO - Created Permission View: can edit on DAG:tutorial
[2024-03-09T15:44:25.024+0530] {logging_mixin.py:188} INFO - [2024-03-09T15:44:25.024+0530] {dag.py:3047} INFO - Sync 1 DAGs
[2024-03-09T15:44:25.114+0530] {logging_mixin.py:188} INFO - [2024-03-09T15:44:25.113+0530] {dag.py:3069} INFO - Creating ORM DAG for tutorial
[2024-03-09T15:44:25.122+0530] {logging_mixin.py:188} INFO - [2024-03-09T15:44:25.122+0530] {dag.py:3834} INFO - Setting next_dagrun for tutorial to 2024-03-08 00:00:00+00:00, run_after=2024-03-09 00:00:00+00:00
[2024-03-09T15:44:25.162+0530] {processor.py:183} INFO - Processing /home/kai/.local/lib/python3.10/site-packages/airflow/example_dags/tutorial.py took 0.320 seconds
[2024-03-09T15:45:25.348+0530] {processor.py:161} INFO - Started process (PID=4728) to work on /home/kai/.local/lib/python3.10/site-packages/airflow/example_dags/tutorial.py
[2024-03-09T15:45:25.350+0530] {processor.py:830} INFO - Processing file /home/kai/.local/lib/python3.10/site-packages/airflow/example_dags/tutorial.py for tasks to queue
[2024-03-09T15:45:25.352+0530] {logging_mixin.py:188} INFO - [2024-03-09T15:45:25.351+0530] {dagbag.py:540} INFO - Filling up the DagBag from /home/kai/.local/lib/python3.10/site-packages/airflow/example_dags/tutorial.py
[2024-03-09T15:45:25.362+0530] {processor.py:840} INFO - DAG(s) 'tutorial' retrieved from /home/kai/.local/lib/python3.10/site-packages/airflow/example_dags/tutorial.py
[2024-03-09T15:45:25.600+0530] {logging_mixin.py:188} INFO - [2024-03-09T15:45:25.599+0530] {dag.py:3047} INFO - Sync 1 DAGs
[2024-03-09T15:45:25.717+0530] {logging_mixin.py:188} INFO - [2024-03-09T15:45:25.717+0530] {dag.py:3834} INFO - Setting next_dagrun for tutorial to 2024-03-08 00:00:00+00:00, run_after=2024-03-09 00:00:00+00:00
[2024-03-09T15:45:25.784+0530] {processor.py:183} INFO - Processing /home/kai/.local/lib/python3.10/site-packages/airflow/example_dags/tutorial.py took 0.440 seconds
[2024-03-09T15:46:19.825+0530] {processor.py:161} INFO - Started process (PID=4780) to work on /home/kai/.local/lib/python3.10/site-packages/airflow/example_dags/tutorial.py
[2024-03-09T15:46:19.827+0530] {processor.py:830} INFO - Processing file /home/kai/.local/lib/python3.10/site-packages/airflow/example_dags/tutorial.py for tasks to queue
[2024-03-09T15:46:19.828+0530] {logging_mixin.py:188} INFO - [2024-03-09T15:46:19.828+0530] {dagbag.py:540} INFO - Filling up the DagBag from /home/kai/.local/lib/python3.10/site-packages/airflow/example_dags/tutorial.py
[2024-03-09T15:46:19.835+0530] {processor.py:840} INFO - DAG(s) 'tutorial' retrieved from /home/kai/.local/lib/python3.10/site-packages/airflow/example_dags/tutorial.py
[2024-03-09T15:46:19.933+0530] {logging_mixin.py:188} INFO - [2024-03-09T15:46:19.933+0530] {dag.py:3047} INFO - Sync 1 DAGs
[2024-03-09T15:46:19.948+0530] {logging_mixin.py:188} INFO - [2024-03-09T15:46:19.948+0530] {dag.py:3834} INFO - Setting next_dagrun for tutorial to 2024-03-08 00:00:00+00:00, run_after=2024-03-09 00:00:00+00:00
[2024-03-09T15:46:19.979+0530] {processor.py:183} INFO - Processing /home/kai/.local/lib/python3.10/site-packages/airflow/example_dags/tutorial.py took 0.157 seconds
[2024-03-09T15:47:21.336+0530] {processor.py:161} INFO - Started process (PID=4840) to work on /home/kai/.local/lib/python3.10/site-packages/airflow/example_dags/tutorial.py
[2024-03-09T15:47:21.340+0530] {processor.py:830} INFO - Processing file /home/kai/.local/lib/python3.10/site-packages/airflow/example_dags/tutorial.py for tasks to queue
[2024-03-09T15:47:21.341+0530] {logging_mixin.py:188} INFO - [2024-03-09T15:47:21.340+0530] {dagbag.py:540} INFO - Filling up the DagBag from /home/kai/.local/lib/python3.10/site-packages/airflow/example_dags/tutorial.py
[2024-03-09T15:47:21.347+0530] {processor.py:840} INFO - DAG(s) 'tutorial' retrieved from /home/kai/.local/lib/python3.10/site-packages/airflow/example_dags/tutorial.py
[2024-03-09T15:47:21.363+0530] {logging_mixin.py:188} INFO - [2024-03-09T15:47:21.363+0530] {dag.py:3047} INFO - Sync 1 DAGs
[2024-03-09T15:47:21.382+0530] {logging_mixin.py:188} INFO - [2024-03-09T15:47:21.382+0530] {dag.py:3834} INFO - Setting next_dagrun for tutorial to 2024-03-08 00:00:00+00:00, run_after=2024-03-09 00:00:00+00:00
[2024-03-09T15:47:21.418+0530] {processor.py:183} INFO - Processing /home/kai/.local/lib/python3.10/site-packages/airflow/example_dags/tutorial.py took 0.085 seconds
[2024-03-09T15:48:32.373+0530] {processor.py:161} INFO - Started process (PID=4926) to work on /home/kai/.local/lib/python3.10/site-packages/airflow/example_dags/tutorial.py
[2024-03-09T15:48:32.376+0530] {processor.py:830} INFO - Processing file /home/kai/.local/lib/python3.10/site-packages/airflow/example_dags/tutorial.py for tasks to queue
[2024-03-09T15:48:32.378+0530] {logging_mixin.py:188} INFO - [2024-03-09T15:48:32.377+0530] {dagbag.py:540} INFO - Filling up the DagBag from /home/kai/.local/lib/python3.10/site-packages/airflow/example_dags/tutorial.py
[2024-03-09T15:48:32.385+0530] {processor.py:840} INFO - DAG(s) 'tutorial' retrieved from /home/kai/.local/lib/python3.10/site-packages/airflow/example_dags/tutorial.py
[2024-03-09T15:48:32.402+0530] {logging_mixin.py:188} INFO - [2024-03-09T15:48:32.401+0530] {dag.py:3047} INFO - Sync 1 DAGs
[2024-03-09T15:48:32.423+0530] {logging_mixin.py:188} INFO - [2024-03-09T15:48:32.423+0530] {dag.py:3834} INFO - Setting next_dagrun for tutorial to 2024-03-08 00:00:00+00:00, run_after=2024-03-09 00:00:00+00:00
[2024-03-09T15:48:32.461+0530] {processor.py:183} INFO - Processing /home/kai/.local/lib/python3.10/site-packages/airflow/example_dags/tutorial.py took 0.091 seconds
[2024-03-09T15:49:22.164+0530] {processor.py:161} INFO - Started process (PID=4987) to work on /home/kai/.local/lib/python3.10/site-packages/airflow/example_dags/tutorial.py
[2024-03-09T15:49:22.166+0530] {processor.py:830} INFO - Processing file /home/kai/.local/lib/python3.10/site-packages/airflow/example_dags/tutorial.py for tasks to queue
[2024-03-09T15:49:22.167+0530] {logging_mixin.py:188} INFO - [2024-03-09T15:49:22.167+0530] {dagbag.py:540} INFO - Filling up the DagBag from /home/kai/.local/lib/python3.10/site-packages/airflow/example_dags/tutorial.py
[2024-03-09T15:49:22.176+0530] {processor.py:840} INFO - DAG(s) 'tutorial' retrieved from /home/kai/.local/lib/python3.10/site-packages/airflow/example_dags/tutorial.py
[2024-03-09T15:49:22.191+0530] {logging_mixin.py:188} INFO - [2024-03-09T15:49:22.191+0530] {dag.py:3047} INFO - Sync 1 DAGs
[2024-03-09T15:49:22.209+0530] {logging_mixin.py:188} INFO - [2024-03-09T15:49:22.209+0530] {dag.py:3834} INFO - Setting next_dagrun for tutorial to 2024-03-08 00:00:00+00:00, run_after=2024-03-09 00:00:00+00:00
[2024-03-09T15:49:22.248+0530] {processor.py:183} INFO - Processing /home/kai/.local/lib/python3.10/site-packages/airflow/example_dags/tutorial.py took 0.087 seconds
[2024-03-09T15:50:33.797+0530] {processor.py:161} INFO - Started process (PID=5066) to work on /home/kai/.local/lib/python3.10/site-packages/airflow/example_dags/tutorial.py
[2024-03-09T15:50:33.801+0530] {processor.py:830} INFO - Processing file /home/kai/.local/lib/python3.10/site-packages/airflow/example_dags/tutorial.py for tasks to queue
[2024-03-09T15:50:33.802+0530] {logging_mixin.py:188} INFO - [2024-03-09T15:50:33.801+0530] {dagbag.py:540} INFO - Filling up the DagBag from /home/kai/.local/lib/python3.10/site-packages/airflow/example_dags/tutorial.py
[2024-03-09T15:50:33.808+0530] {processor.py:840} INFO - DAG(s) 'tutorial' retrieved from /home/kai/.local/lib/python3.10/site-packages/airflow/example_dags/tutorial.py
[2024-03-09T15:50:33.825+0530] {logging_mixin.py:188} INFO - [2024-03-09T15:50:33.825+0530] {dag.py:3047} INFO - Sync 1 DAGs
[2024-03-09T15:50:33.847+0530] {logging_mixin.py:188} INFO - [2024-03-09T15:50:33.846+0530] {dag.py:3834} INFO - Setting next_dagrun for tutorial to 2024-03-08 00:00:00+00:00, run_after=2024-03-09 00:00:00+00:00
[2024-03-09T15:50:33.883+0530] {processor.py:183} INFO - Processing /home/kai/.local/lib/python3.10/site-packages/airflow/example_dags/tutorial.py took 0.091 seconds
[2024-03-09T15:51:29.698+0530] {processor.py:161} INFO - Started process (PID=5126) to work on /home/kai/.local/lib/python3.10/site-packages/airflow/example_dags/tutorial.py
[2024-03-09T15:51:29.702+0530] {processor.py:830} INFO - Processing file /home/kai/.local/lib/python3.10/site-packages/airflow/example_dags/tutorial.py for tasks to queue
[2024-03-09T15:51:29.703+0530] {logging_mixin.py:188} INFO - [2024-03-09T15:51:29.702+0530] {dagbag.py:540} INFO - Filling up the DagBag from /home/kai/.local/lib/python3.10/site-packages/airflow/example_dags/tutorial.py
[2024-03-09T15:51:29.709+0530] {processor.py:840} INFO - DAG(s) 'tutorial' retrieved from /home/kai/.local/lib/python3.10/site-packages/airflow/example_dags/tutorial.py
[2024-03-09T15:51:29.723+0530] {logging_mixin.py:188} INFO - [2024-03-09T15:51:29.723+0530] {dag.py:3047} INFO - Sync 1 DAGs
[2024-03-09T15:51:29.741+0530] {logging_mixin.py:188} INFO - [2024-03-09T15:51:29.740+0530] {dag.py:3834} INFO - Setting next_dagrun for tutorial to 2024-03-08 00:00:00+00:00, run_after=2024-03-09 00:00:00+00:00
[2024-03-09T15:51:29.794+0530] {processor.py:183} INFO - Processing /home/kai/.local/lib/python3.10/site-packages/airflow/example_dags/tutorial.py took 0.100 seconds
[2024-03-09T15:52:21.479+0530] {processor.py:161} INFO - Started process (PID=5181) to work on /home/kai/.local/lib/python3.10/site-packages/airflow/example_dags/tutorial.py
[2024-03-09T15:52:21.482+0530] {processor.py:830} INFO - Processing file /home/kai/.local/lib/python3.10/site-packages/airflow/example_dags/tutorial.py for tasks to queue
[2024-03-09T15:52:21.483+0530] {logging_mixin.py:188} INFO - [2024-03-09T15:52:21.482+0530] {dagbag.py:540} INFO - Filling up the DagBag from /home/kai/.local/lib/python3.10/site-packages/airflow/example_dags/tutorial.py
[2024-03-09T15:52:21.489+0530] {processor.py:840} INFO - DAG(s) 'tutorial' retrieved from /home/kai/.local/lib/python3.10/site-packages/airflow/example_dags/tutorial.py
[2024-03-09T15:52:21.504+0530] {logging_mixin.py:188} INFO - [2024-03-09T15:52:21.504+0530] {dag.py:3047} INFO - Sync 1 DAGs
[2024-03-09T15:52:21.521+0530] {logging_mixin.py:188} INFO - [2024-03-09T15:52:21.521+0530] {dag.py:3834} INFO - Setting next_dagrun for tutorial to 2024-03-08 00:00:00+00:00, run_after=2024-03-09 00:00:00+00:00
[2024-03-09T15:52:21.560+0530] {processor.py:183} INFO - Processing /home/kai/.local/lib/python3.10/site-packages/airflow/example_dags/tutorial.py took 0.084 seconds
[2024-03-09T15:53:13.284+0530] {processor.py:161} INFO - Started process (PID=5233) to work on /home/kai/.local/lib/python3.10/site-packages/airflow/example_dags/tutorial.py
[2024-03-09T15:53:13.287+0530] {processor.py:830} INFO - Processing file /home/kai/.local/lib/python3.10/site-packages/airflow/example_dags/tutorial.py for tasks to queue
[2024-03-09T15:53:13.288+0530] {logging_mixin.py:188} INFO - [2024-03-09T15:53:13.288+0530] {dagbag.py:540} INFO - Filling up the DagBag from /home/kai/.local/lib/python3.10/site-packages/airflow/example_dags/tutorial.py
[2024-03-09T15:53:13.296+0530] {processor.py:840} INFO - DAG(s) 'tutorial' retrieved from /home/kai/.local/lib/python3.10/site-packages/airflow/example_dags/tutorial.py
[2024-03-09T15:53:13.311+0530] {logging_mixin.py:188} INFO - [2024-03-09T15:53:13.310+0530] {dag.py:3047} INFO - Sync 1 DAGs
[2024-03-09T15:53:13.328+0530] {logging_mixin.py:188} INFO - [2024-03-09T15:53:13.328+0530] {dag.py:3834} INFO - Setting next_dagrun for tutorial to 2024-03-08 00:00:00+00:00, run_after=2024-03-09 00:00:00+00:00
[2024-03-09T15:53:13.365+0530] {processor.py:183} INFO - Processing /home/kai/.local/lib/python3.10/site-packages/airflow/example_dags/tutorial.py took 0.086 seconds
[2024-03-09T15:54:07.576+0530] {processor.py:161} INFO - Started process (PID=5289) to work on /home/kai/.local/lib/python3.10/site-packages/airflow/example_dags/tutorial.py
[2024-03-09T15:54:07.577+0530] {processor.py:830} INFO - Processing file /home/kai/.local/lib/python3.10/site-packages/airflow/example_dags/tutorial.py for tasks to queue
[2024-03-09T15:54:07.578+0530] {logging_mixin.py:188} INFO - [2024-03-09T15:54:07.578+0530] {dagbag.py:540} INFO - Filling up the DagBag from /home/kai/.local/lib/python3.10/site-packages/airflow/example_dags/tutorial.py
[2024-03-09T15:54:07.586+0530] {processor.py:840} INFO - DAG(s) 'tutorial' retrieved from /home/kai/.local/lib/python3.10/site-packages/airflow/example_dags/tutorial.py
[2024-03-09T15:54:07.600+0530] {logging_mixin.py:188} INFO - [2024-03-09T15:54:07.600+0530] {dag.py:3047} INFO - Sync 1 DAGs
[2024-03-09T15:54:07.618+0530] {logging_mixin.py:188} INFO - [2024-03-09T15:54:07.617+0530] {dag.py:3834} INFO - Setting next_dagrun for tutorial to 2024-03-08 00:00:00+00:00, run_after=2024-03-09 00:00:00+00:00
[2024-03-09T15:54:07.650+0530] {processor.py:183} INFO - Processing /home/kai/.local/lib/python3.10/site-packages/airflow/example_dags/tutorial.py took 0.078 seconds
