[2024-03-09T15:43:43.400+0530] {processor.py:161} INFO - Started process (PID=4628) to work on /home/kai/.local/lib/python3.10/site-packages/airflow/example_dags/tutorial_taskflow_api_virtualenv.py
[2024-03-09T15:43:43.401+0530] {processor.py:830} INFO - Processing file /home/kai/.local/lib/python3.10/site-packages/airflow/example_dags/tutorial_taskflow_api_virtualenv.py for tasks to queue
[2024-03-09T15:43:43.401+0530] {logging_mixin.py:188} INFO - [2024-03-09T15:43:43.401+0530] {dagbag.py:540} INFO - Filling up the DagBag from /home/kai/.local/lib/python3.10/site-packages/airflow/example_dags/tutorial_taskflow_api_virtualenv.py
[2024-03-09T15:43:43.449+0530] {logging_mixin.py:188} INFO - [2024-03-09T15:43:43.448+0530] {tutorial_taskflow_api_virtualenv.py:29} WARNING - The tutorial_taskflow_api_virtualenv example DAG requires virtualenv, please install it.
[2024-03-09T15:43:43.449+0530] {processor.py:842} WARNING - No viable dags retrieved from /home/kai/.local/lib/python3.10/site-packages/airflow/example_dags/tutorial_taskflow_api_virtualenv.py
[2024-03-09T15:43:43.459+0530] {processor.py:183} INFO - Processing /home/kai/.local/lib/python3.10/site-packages/airflow/example_dags/tutorial_taskflow_api_virtualenv.py took 0.062 seconds
[2024-03-09T15:44:44.434+0530] {processor.py:161} INFO - Started process (PID=4682) to work on /home/kai/.local/lib/python3.10/site-packages/airflow/example_dags/tutorial_taskflow_api_virtualenv.py
[2024-03-09T15:44:44.438+0530] {processor.py:830} INFO - Processing file /home/kai/.local/lib/python3.10/site-packages/airflow/example_dags/tutorial_taskflow_api_virtualenv.py for tasks to queue
[2024-03-09T15:44:44.439+0530] {logging_mixin.py:188} INFO - [2024-03-09T15:44:44.438+0530] {dagbag.py:540} INFO - Filling up the DagBag from /home/kai/.local/lib/python3.10/site-packages/airflow/example_dags/tutorial_taskflow_api_virtualenv.py
[2024-03-09T15:44:44.500+0530] {logging_mixin.py:188} INFO - [2024-03-09T15:44:44.500+0530] {tutorial_taskflow_api_virtualenv.py:29} WARNING - The tutorial_taskflow_api_virtualenv example DAG requires virtualenv, please install it.
[2024-03-09T15:44:44.500+0530] {processor.py:842} WARNING - No viable dags retrieved from /home/kai/.local/lib/python3.10/site-packages/airflow/example_dags/tutorial_taskflow_api_virtualenv.py
[2024-03-09T15:44:44.738+0530] {processor.py:183} INFO - Processing /home/kai/.local/lib/python3.10/site-packages/airflow/example_dags/tutorial_taskflow_api_virtualenv.py took 0.308 seconds
[2024-03-09T15:45:41.351+0530] {processor.py:161} INFO - Started process (PID=4746) to work on /home/kai/.local/lib/python3.10/site-packages/airflow/example_dags/tutorial_taskflow_api_virtualenv.py
[2024-03-09T15:45:41.362+0530] {processor.py:830} INFO - Processing file /home/kai/.local/lib/python3.10/site-packages/airflow/example_dags/tutorial_taskflow_api_virtualenv.py for tasks to queue
[2024-03-09T15:45:41.363+0530] {logging_mixin.py:188} INFO - [2024-03-09T15:45:41.362+0530] {dagbag.py:540} INFO - Filling up the DagBag from /home/kai/.local/lib/python3.10/site-packages/airflow/example_dags/tutorial_taskflow_api_virtualenv.py
[2024-03-09T15:45:41.436+0530] {logging_mixin.py:188} INFO - [2024-03-09T15:45:41.436+0530] {tutorial_taskflow_api_virtualenv.py:29} WARNING - The tutorial_taskflow_api_virtualenv example DAG requires virtualenv, please install it.
[2024-03-09T15:45:41.437+0530] {processor.py:842} WARNING - No viable dags retrieved from /home/kai/.local/lib/python3.10/site-packages/airflow/example_dags/tutorial_taskflow_api_virtualenv.py
[2024-03-09T15:45:41.449+0530] {processor.py:183} INFO - Processing /home/kai/.local/lib/python3.10/site-packages/airflow/example_dags/tutorial_taskflow_api_virtualenv.py took 0.101 seconds
[2024-03-09T15:46:31.406+0530] {processor.py:161} INFO - Started process (PID=4790) to work on /home/kai/.local/lib/python3.10/site-packages/airflow/example_dags/tutorial_taskflow_api_virtualenv.py
[2024-03-09T15:46:31.408+0530] {processor.py:830} INFO - Processing file /home/kai/.local/lib/python3.10/site-packages/airflow/example_dags/tutorial_taskflow_api_virtualenv.py for tasks to queue
[2024-03-09T15:46:31.410+0530] {logging_mixin.py:188} INFO - [2024-03-09T15:46:31.409+0530] {dagbag.py:540} INFO - Filling up the DagBag from /home/kai/.local/lib/python3.10/site-packages/airflow/example_dags/tutorial_taskflow_api_virtualenv.py
[2024-03-09T15:46:31.475+0530] {logging_mixin.py:188} INFO - [2024-03-09T15:46:31.474+0530] {tutorial_taskflow_api_virtualenv.py:29} WARNING - The tutorial_taskflow_api_virtualenv example DAG requires virtualenv, please install it.
[2024-03-09T15:46:31.475+0530] {processor.py:842} WARNING - No viable dags retrieved from /home/kai/.local/lib/python3.10/site-packages/airflow/example_dags/tutorial_taskflow_api_virtualenv.py
[2024-03-09T15:46:31.488+0530] {processor.py:183} INFO - Processing /home/kai/.local/lib/python3.10/site-packages/airflow/example_dags/tutorial_taskflow_api_virtualenv.py took 0.085 seconds
[2024-03-09T15:47:12.336+0530] {processor.py:161} INFO - Started process (PID=4831) to work on /home/kai/.local/lib/python3.10/site-packages/airflow/example_dags/tutorial_taskflow_api_virtualenv.py
[2024-03-09T15:47:12.339+0530] {processor.py:830} INFO - Processing file /home/kai/.local/lib/python3.10/site-packages/airflow/example_dags/tutorial_taskflow_api_virtualenv.py for tasks to queue
[2024-03-09T15:47:12.340+0530] {logging_mixin.py:188} INFO - [2024-03-09T15:47:12.339+0530] {dagbag.py:540} INFO - Filling up the DagBag from /home/kai/.local/lib/python3.10/site-packages/airflow/example_dags/tutorial_taskflow_api_virtualenv.py
[2024-03-09T15:47:12.394+0530] {logging_mixin.py:188} INFO - [2024-03-09T15:47:12.394+0530] {tutorial_taskflow_api_virtualenv.py:29} WARNING - The tutorial_taskflow_api_virtualenv example DAG requires virtualenv, please install it.
[2024-03-09T15:47:12.394+0530] {processor.py:842} WARNING - No viable dags retrieved from /home/kai/.local/lib/python3.10/site-packages/airflow/example_dags/tutorial_taskflow_api_virtualenv.py
[2024-03-09T15:47:12.405+0530] {processor.py:183} INFO - Processing /home/kai/.local/lib/python3.10/site-packages/airflow/example_dags/tutorial_taskflow_api_virtualenv.py took 0.073 seconds
[2024-03-09T15:47:49.405+0530] {processor.py:161} INFO - Started process (PID=4868) to work on /home/kai/.local/lib/python3.10/site-packages/airflow/example_dags/tutorial_taskflow_api_virtualenv.py
[2024-03-09T15:47:49.408+0530] {processor.py:830} INFO - Processing file /home/kai/.local/lib/python3.10/site-packages/airflow/example_dags/tutorial_taskflow_api_virtualenv.py for tasks to queue
[2024-03-09T15:47:49.409+0530] {logging_mixin.py:188} INFO - [2024-03-09T15:47:49.408+0530] {dagbag.py:540} INFO - Filling up the DagBag from /home/kai/.local/lib/python3.10/site-packages/airflow/example_dags/tutorial_taskflow_api_virtualenv.py
[2024-03-09T15:47:49.457+0530] {logging_mixin.py:188} INFO - [2024-03-09T15:47:49.457+0530] {tutorial_taskflow_api_virtualenv.py:29} WARNING - The tutorial_taskflow_api_virtualenv example DAG requires virtualenv, please install it.
[2024-03-09T15:47:49.457+0530] {processor.py:842} WARNING - No viable dags retrieved from /home/kai/.local/lib/python3.10/site-packages/airflow/example_dags/tutorial_taskflow_api_virtualenv.py
[2024-03-09T15:47:49.469+0530] {processor.py:183} INFO - Processing /home/kai/.local/lib/python3.10/site-packages/airflow/example_dags/tutorial_taskflow_api_virtualenv.py took 0.069 seconds
[2024-03-09T15:48:43.484+0530] {processor.py:161} INFO - Started process (PID=4942) to work on /home/kai/.local/lib/python3.10/site-packages/airflow/example_dags/tutorial_taskflow_api_virtualenv.py
[2024-03-09T15:48:43.486+0530] {processor.py:830} INFO - Processing file /home/kai/.local/lib/python3.10/site-packages/airflow/example_dags/tutorial_taskflow_api_virtualenv.py for tasks to queue
[2024-03-09T15:48:43.487+0530] {logging_mixin.py:188} INFO - [2024-03-09T15:48:43.486+0530] {dagbag.py:540} INFO - Filling up the DagBag from /home/kai/.local/lib/python3.10/site-packages/airflow/example_dags/tutorial_taskflow_api_virtualenv.py
[2024-03-09T15:48:43.567+0530] {logging_mixin.py:188} INFO - [2024-03-09T15:48:43.567+0530] {tutorial_taskflow_api_virtualenv.py:29} WARNING - The tutorial_taskflow_api_virtualenv example DAG requires virtualenv, please install it.
[2024-03-09T15:48:43.568+0530] {processor.py:842} WARNING - No viable dags retrieved from /home/kai/.local/lib/python3.10/site-packages/airflow/example_dags/tutorial_taskflow_api_virtualenv.py
[2024-03-09T15:48:43.581+0530] {processor.py:183} INFO - Processing /home/kai/.local/lib/python3.10/site-packages/airflow/example_dags/tutorial_taskflow_api_virtualenv.py took 0.099 seconds
[2024-03-09T15:49:30.832+0530] {processor.py:161} INFO - Started process (PID=4998) to work on /home/kai/.local/lib/python3.10/site-packages/airflow/example_dags/tutorial_taskflow_api_virtualenv.py
[2024-03-09T15:49:30.836+0530] {processor.py:830} INFO - Processing file /home/kai/.local/lib/python3.10/site-packages/airflow/example_dags/tutorial_taskflow_api_virtualenv.py for tasks to queue
[2024-03-09T15:49:30.837+0530] {logging_mixin.py:188} INFO - [2024-03-09T15:49:30.837+0530] {dagbag.py:540} INFO - Filling up the DagBag from /home/kai/.local/lib/python3.10/site-packages/airflow/example_dags/tutorial_taskflow_api_virtualenv.py
[2024-03-09T15:49:30.896+0530] {logging_mixin.py:188} INFO - [2024-03-09T15:49:30.896+0530] {tutorial_taskflow_api_virtualenv.py:29} WARNING - The tutorial_taskflow_api_virtualenv example DAG requires virtualenv, please install it.
[2024-03-09T15:49:30.897+0530] {processor.py:842} WARNING - No viable dags retrieved from /home/kai/.local/lib/python3.10/site-packages/airflow/example_dags/tutorial_taskflow_api_virtualenv.py
[2024-03-09T15:49:30.908+0530] {processor.py:183} INFO - Processing /home/kai/.local/lib/python3.10/site-packages/airflow/example_dags/tutorial_taskflow_api_virtualenv.py took 0.079 seconds
[2024-03-09T15:50:44.334+0530] {processor.py:161} INFO - Started process (PID=5077) to work on /home/kai/.local/lib/python3.10/site-packages/airflow/example_dags/tutorial_taskflow_api_virtualenv.py
[2024-03-09T15:50:44.336+0530] {processor.py:830} INFO - Processing file /home/kai/.local/lib/python3.10/site-packages/airflow/example_dags/tutorial_taskflow_api_virtualenv.py for tasks to queue
[2024-03-09T15:50:44.337+0530] {logging_mixin.py:188} INFO - [2024-03-09T15:50:44.337+0530] {dagbag.py:540} INFO - Filling up the DagBag from /home/kai/.local/lib/python3.10/site-packages/airflow/example_dags/tutorial_taskflow_api_virtualenv.py
[2024-03-09T15:50:44.377+0530] {logging_mixin.py:188} INFO - [2024-03-09T15:50:44.377+0530] {tutorial_taskflow_api_virtualenv.py:29} WARNING - The tutorial_taskflow_api_virtualenv example DAG requires virtualenv, please install it.
[2024-03-09T15:50:44.378+0530] {processor.py:842} WARNING - No viable dags retrieved from /home/kai/.local/lib/python3.10/site-packages/airflow/example_dags/tutorial_taskflow_api_virtualenv.py
[2024-03-09T15:50:44.387+0530] {processor.py:183} INFO - Processing /home/kai/.local/lib/python3.10/site-packages/airflow/example_dags/tutorial_taskflow_api_virtualenv.py took 0.057 seconds
[2024-03-09T15:51:22.966+0530] {processor.py:161} INFO - Started process (PID=5116) to work on /home/kai/.local/lib/python3.10/site-packages/airflow/example_dags/tutorial_taskflow_api_virtualenv.py
[2024-03-09T15:51:22.968+0530] {processor.py:830} INFO - Processing file /home/kai/.local/lib/python3.10/site-packages/airflow/example_dags/tutorial_taskflow_api_virtualenv.py for tasks to queue
[2024-03-09T15:51:22.969+0530] {logging_mixin.py:188} INFO - [2024-03-09T15:51:22.968+0530] {dagbag.py:540} INFO - Filling up the DagBag from /home/kai/.local/lib/python3.10/site-packages/airflow/example_dags/tutorial_taskflow_api_virtualenv.py
[2024-03-09T15:51:23.027+0530] {logging_mixin.py:188} INFO - [2024-03-09T15:51:23.027+0530] {tutorial_taskflow_api_virtualenv.py:29} WARNING - The tutorial_taskflow_api_virtualenv example DAG requires virtualenv, please install it.
[2024-03-09T15:51:23.027+0530] {processor.py:842} WARNING - No viable dags retrieved from /home/kai/.local/lib/python3.10/site-packages/airflow/example_dags/tutorial_taskflow_api_virtualenv.py
[2024-03-09T15:51:23.038+0530] {processor.py:183} INFO - Processing /home/kai/.local/lib/python3.10/site-packages/airflow/example_dags/tutorial_taskflow_api_virtualenv.py took 0.075 seconds
[2024-03-09T15:52:09.015+0530] {processor.py:161} INFO - Started process (PID=5168) to work on /home/kai/.local/lib/python3.10/site-packages/airflow/example_dags/tutorial_taskflow_api_virtualenv.py
[2024-03-09T15:52:09.018+0530] {processor.py:830} INFO - Processing file /home/kai/.local/lib/python3.10/site-packages/airflow/example_dags/tutorial_taskflow_api_virtualenv.py for tasks to queue
[2024-03-09T15:52:09.020+0530] {logging_mixin.py:188} INFO - [2024-03-09T15:52:09.019+0530] {dagbag.py:540} INFO - Filling up the DagBag from /home/kai/.local/lib/python3.10/site-packages/airflow/example_dags/tutorial_taskflow_api_virtualenv.py
[2024-03-09T15:52:09.076+0530] {logging_mixin.py:188} INFO - [2024-03-09T15:52:09.075+0530] {tutorial_taskflow_api_virtualenv.py:29} WARNING - The tutorial_taskflow_api_virtualenv example DAG requires virtualenv, please install it.
[2024-03-09T15:52:09.076+0530] {processor.py:842} WARNING - No viable dags retrieved from /home/kai/.local/lib/python3.10/site-packages/airflow/example_dags/tutorial_taskflow_api_virtualenv.py
[2024-03-09T15:52:09.086+0530] {processor.py:183} INFO - Processing /home/kai/.local/lib/python3.10/site-packages/airflow/example_dags/tutorial_taskflow_api_virtualenv.py took 0.075 seconds
[2024-03-09T15:52:45.279+0530] {processor.py:161} INFO - Started process (PID=5205) to work on /home/kai/.local/lib/python3.10/site-packages/airflow/example_dags/tutorial_taskflow_api_virtualenv.py
[2024-03-09T15:52:45.282+0530] {processor.py:830} INFO - Processing file /home/kai/.local/lib/python3.10/site-packages/airflow/example_dags/tutorial_taskflow_api_virtualenv.py for tasks to queue
[2024-03-09T15:52:45.283+0530] {logging_mixin.py:188} INFO - [2024-03-09T15:52:45.283+0530] {dagbag.py:540} INFO - Filling up the DagBag from /home/kai/.local/lib/python3.10/site-packages/airflow/example_dags/tutorial_taskflow_api_virtualenv.py
[2024-03-09T15:52:45.355+0530] {logging_mixin.py:188} INFO - [2024-03-09T15:52:45.355+0530] {tutorial_taskflow_api_virtualenv.py:29} WARNING - The tutorial_taskflow_api_virtualenv example DAG requires virtualenv, please install it.
[2024-03-09T15:52:45.355+0530] {processor.py:842} WARNING - No viable dags retrieved from /home/kai/.local/lib/python3.10/site-packages/airflow/example_dags/tutorial_taskflow_api_virtualenv.py
[2024-03-09T15:52:45.369+0530] {processor.py:183} INFO - Processing /home/kai/.local/lib/python3.10/site-packages/airflow/example_dags/tutorial_taskflow_api_virtualenv.py took 0.095 seconds
[2024-03-09T15:53:20.222+0530] {processor.py:161} INFO - Started process (PID=5240) to work on /home/kai/.local/lib/python3.10/site-packages/airflow/example_dags/tutorial_taskflow_api_virtualenv.py
[2024-03-09T15:53:20.225+0530] {processor.py:830} INFO - Processing file /home/kai/.local/lib/python3.10/site-packages/airflow/example_dags/tutorial_taskflow_api_virtualenv.py for tasks to queue
[2024-03-09T15:53:20.226+0530] {logging_mixin.py:188} INFO - [2024-03-09T15:53:20.225+0530] {dagbag.py:540} INFO - Filling up the DagBag from /home/kai/.local/lib/python3.10/site-packages/airflow/example_dags/tutorial_taskflow_api_virtualenv.py
[2024-03-09T15:53:20.277+0530] {logging_mixin.py:188} INFO - [2024-03-09T15:53:20.277+0530] {tutorial_taskflow_api_virtualenv.py:29} WARNING - The tutorial_taskflow_api_virtualenv example DAG requires virtualenv, please install it.
[2024-03-09T15:53:20.277+0530] {processor.py:842} WARNING - No viable dags retrieved from /home/kai/.local/lib/python3.10/site-packages/airflow/example_dags/tutorial_taskflow_api_virtualenv.py
[2024-03-09T15:53:20.287+0530] {processor.py:183} INFO - Processing /home/kai/.local/lib/python3.10/site-packages/airflow/example_dags/tutorial_taskflow_api_virtualenv.py took 0.069 seconds
[2024-03-09T15:53:56.107+0530] {processor.py:161} INFO - Started process (PID=5278) to work on /home/kai/.local/lib/python3.10/site-packages/airflow/example_dags/tutorial_taskflow_api_virtualenv.py
[2024-03-09T15:53:56.110+0530] {processor.py:830} INFO - Processing file /home/kai/.local/lib/python3.10/site-packages/airflow/example_dags/tutorial_taskflow_api_virtualenv.py for tasks to queue
[2024-03-09T15:53:56.111+0530] {logging_mixin.py:188} INFO - [2024-03-09T15:53:56.111+0530] {dagbag.py:540} INFO - Filling up the DagBag from /home/kai/.local/lib/python3.10/site-packages/airflow/example_dags/tutorial_taskflow_api_virtualenv.py
[2024-03-09T15:53:56.159+0530] {logging_mixin.py:188} INFO - [2024-03-09T15:53:56.158+0530] {tutorial_taskflow_api_virtualenv.py:29} WARNING - The tutorial_taskflow_api_virtualenv example DAG requires virtualenv, please install it.
[2024-03-09T15:53:56.159+0530] {processor.py:842} WARNING - No viable dags retrieved from /home/kai/.local/lib/python3.10/site-packages/airflow/example_dags/tutorial_taskflow_api_virtualenv.py
[2024-03-09T15:53:56.170+0530] {processor.py:183} INFO - Processing /home/kai/.local/lib/python3.10/site-packages/airflow/example_dags/tutorial_taskflow_api_virtualenv.py took 0.067 seconds
[2024-03-09T15:54:32.692+0530] {processor.py:161} INFO - Started process (PID=5315) to work on /home/kai/.local/lib/python3.10/site-packages/airflow/example_dags/tutorial_taskflow_api_virtualenv.py
[2024-03-09T15:54:32.695+0530] {processor.py:830} INFO - Processing file /home/kai/.local/lib/python3.10/site-packages/airflow/example_dags/tutorial_taskflow_api_virtualenv.py for tasks to queue
[2024-03-09T15:54:32.697+0530] {logging_mixin.py:188} INFO - [2024-03-09T15:54:32.696+0530] {dagbag.py:540} INFO - Filling up the DagBag from /home/kai/.local/lib/python3.10/site-packages/airflow/example_dags/tutorial_taskflow_api_virtualenv.py
[2024-03-09T15:54:32.744+0530] {logging_mixin.py:188} INFO - [2024-03-09T15:54:32.744+0530] {tutorial_taskflow_api_virtualenv.py:29} WARNING - The tutorial_taskflow_api_virtualenv example DAG requires virtualenv, please install it.
[2024-03-09T15:54:32.745+0530] {processor.py:842} WARNING - No viable dags retrieved from /home/kai/.local/lib/python3.10/site-packages/airflow/example_dags/tutorial_taskflow_api_virtualenv.py
[2024-03-09T15:54:32.755+0530] {processor.py:183} INFO - Processing /home/kai/.local/lib/python3.10/site-packages/airflow/example_dags/tutorial_taskflow_api_virtualenv.py took 0.067 seconds
