[2024-03-09T15:43:40.623+0530] {processor.py:161} INFO - Started process (PID=4605) to work on /home/kai/.local/lib/python3.10/site-packages/airflow/example_dags/tutorial_objectstorage.py
[2024-03-09T15:43:40.624+0530] {processor.py:830} INFO - Processing file /home/kai/.local/lib/python3.10/site-packages/airflow/example_dags/tutorial_objectstorage.py for tasks to queue
[2024-03-09T15:43:40.625+0530] {logging_mixin.py:188} INFO - [2024-03-09T15:43:40.624+0530] {dagbag.py:540} INFO - Filling up the DagBag from /home/kai/.local/lib/python3.10/site-packages/airflow/example_dags/tutorial_objectstorage.py
[2024-03-09T15:43:40.634+0530] {processor.py:840} INFO - DAG(s) 'tutorial_objectstorage' retrieved from /home/kai/.local/lib/python3.10/site-packages/airflow/example_dags/tutorial_objectstorage.py
[2024-03-09T15:43:40.773+0530] {logging_mixin.py:188} INFO - [2024-03-09T15:43:40.773+0530] {override.py:1769} INFO - Created Permission View: can delete on DAG:tutorial_objectstorage
[2024-03-09T15:43:40.798+0530] {logging_mixin.py:188} INFO - [2024-03-09T15:43:40.797+0530] {override.py:1769} INFO - Created Permission View: can read on DAG:tutorial_objectstorage
[2024-03-09T15:43:40.832+0530] {logging_mixin.py:188} INFO - [2024-03-09T15:43:40.830+0530] {override.py:1769} INFO - Created Permission View: can edit on DAG:tutorial_objectstorage
[2024-03-09T15:43:40.833+0530] {logging_mixin.py:188} INFO - [2024-03-09T15:43:40.832+0530] {dag.py:3047} INFO - Sync 1 DAGs
[2024-03-09T15:43:40.851+0530] {logging_mixin.py:188} INFO - [2024-03-09T15:43:40.851+0530] {dag.py:3069} INFO - Creating ORM DAG for tutorial_objectstorage
[2024-03-09T15:43:40.852+0530] {logging_mixin.py:188} INFO - [2024-03-09T15:43:40.852+0530] {dag.py:3834} INFO - Setting next_dagrun for tutorial_objectstorage to None, run_after=None
[2024-03-09T15:43:40.901+0530] {processor.py:183} INFO - Processing /home/kai/.local/lib/python3.10/site-packages/airflow/example_dags/tutorial_objectstorage.py took 0.281 seconds
[2024-03-09T15:44:41.077+0530] {processor.py:161} INFO - Started process (PID=4680) to work on /home/kai/.local/lib/python3.10/site-packages/airflow/example_dags/tutorial_objectstorage.py
[2024-03-09T15:44:41.080+0530] {processor.py:830} INFO - Processing file /home/kai/.local/lib/python3.10/site-packages/airflow/example_dags/tutorial_objectstorage.py for tasks to queue
[2024-03-09T15:44:41.081+0530] {logging_mixin.py:188} INFO - [2024-03-09T15:44:41.081+0530] {dagbag.py:540} INFO - Filling up the DagBag from /home/kai/.local/lib/python3.10/site-packages/airflow/example_dags/tutorial_objectstorage.py
[2024-03-09T15:44:41.096+0530] {processor.py:840} INFO - DAG(s) 'tutorial_objectstorage' retrieved from /home/kai/.local/lib/python3.10/site-packages/airflow/example_dags/tutorial_objectstorage.py
[2024-03-09T15:44:41.277+0530] {logging_mixin.py:188} INFO - [2024-03-09T15:44:41.277+0530] {dag.py:3047} INFO - Sync 1 DAGs
[2024-03-09T15:44:41.328+0530] {logging_mixin.py:188} INFO - [2024-03-09T15:44:41.328+0530] {dag.py:3834} INFO - Setting next_dagrun for tutorial_objectstorage to None, run_after=None
[2024-03-09T15:44:41.712+0530] {processor.py:183} INFO - Processing /home/kai/.local/lib/python3.10/site-packages/airflow/example_dags/tutorial_objectstorage.py took 0.639 seconds
[2024-03-09T15:45:38.935+0530] {processor.py:161} INFO - Started process (PID=4744) to work on /home/kai/.local/lib/python3.10/site-packages/airflow/example_dags/tutorial_objectstorage.py
[2024-03-09T15:45:38.940+0530] {processor.py:830} INFO - Processing file /home/kai/.local/lib/python3.10/site-packages/airflow/example_dags/tutorial_objectstorage.py for tasks to queue
[2024-03-09T15:45:38.941+0530] {logging_mixin.py:188} INFO - [2024-03-09T15:45:38.940+0530] {dagbag.py:540} INFO - Filling up the DagBag from /home/kai/.local/lib/python3.10/site-packages/airflow/example_dags/tutorial_objectstorage.py
[2024-03-09T15:45:38.948+0530] {processor.py:840} INFO - DAG(s) 'tutorial_objectstorage' retrieved from /home/kai/.local/lib/python3.10/site-packages/airflow/example_dags/tutorial_objectstorage.py
[2024-03-09T15:45:38.999+0530] {logging_mixin.py:188} INFO - [2024-03-09T15:45:38.999+0530] {dag.py:3047} INFO - Sync 1 DAGs
[2024-03-09T15:45:39.011+0530] {logging_mixin.py:188} INFO - [2024-03-09T15:45:39.011+0530] {dag.py:3834} INFO - Setting next_dagrun for tutorial_objectstorage to None, run_after=None
[2024-03-09T15:45:39.055+0530] {processor.py:183} INFO - Processing /home/kai/.local/lib/python3.10/site-packages/airflow/example_dags/tutorial_objectstorage.py took 0.124 seconds
[2024-03-09T15:46:29.145+0530] {processor.py:161} INFO - Started process (PID=4788) to work on /home/kai/.local/lib/python3.10/site-packages/airflow/example_dags/tutorial_objectstorage.py
[2024-03-09T15:46:29.148+0530] {processor.py:830} INFO - Processing file /home/kai/.local/lib/python3.10/site-packages/airflow/example_dags/tutorial_objectstorage.py for tasks to queue
[2024-03-09T15:46:29.149+0530] {logging_mixin.py:188} INFO - [2024-03-09T15:46:29.149+0530] {dagbag.py:540} INFO - Filling up the DagBag from /home/kai/.local/lib/python3.10/site-packages/airflow/example_dags/tutorial_objectstorage.py
[2024-03-09T15:46:29.256+0530] {processor.py:840} INFO - DAG(s) 'tutorial_objectstorage' retrieved from /home/kai/.local/lib/python3.10/site-packages/airflow/example_dags/tutorial_objectstorage.py
[2024-03-09T15:46:29.269+0530] {logging_mixin.py:188} INFO - [2024-03-09T15:46:29.269+0530] {dag.py:3047} INFO - Sync 1 DAGs
[2024-03-09T15:46:29.280+0530] {logging_mixin.py:188} INFO - [2024-03-09T15:46:29.279+0530] {dag.py:3834} INFO - Setting next_dagrun for tutorial_objectstorage to None, run_after=None
[2024-03-09T15:46:29.321+0530] {processor.py:183} INFO - Processing /home/kai/.local/lib/python3.10/site-packages/airflow/example_dags/tutorial_objectstorage.py took 0.180 seconds
[2024-03-09T15:47:10.686+0530] {processor.py:161} INFO - Started process (PID=4829) to work on /home/kai/.local/lib/python3.10/site-packages/airflow/example_dags/tutorial_objectstorage.py
[2024-03-09T15:47:10.689+0530] {processor.py:830} INFO - Processing file /home/kai/.local/lib/python3.10/site-packages/airflow/example_dags/tutorial_objectstorage.py for tasks to queue
[2024-03-09T15:47:10.690+0530] {logging_mixin.py:188} INFO - [2024-03-09T15:47:10.689+0530] {dagbag.py:540} INFO - Filling up the DagBag from /home/kai/.local/lib/python3.10/site-packages/airflow/example_dags/tutorial_objectstorage.py
[2024-03-09T15:47:10.698+0530] {processor.py:840} INFO - DAG(s) 'tutorial_objectstorage' retrieved from /home/kai/.local/lib/python3.10/site-packages/airflow/example_dags/tutorial_objectstorage.py
[2024-03-09T15:47:10.712+0530] {logging_mixin.py:188} INFO - [2024-03-09T15:47:10.711+0530] {dag.py:3047} INFO - Sync 1 DAGs
[2024-03-09T15:47:10.722+0530] {logging_mixin.py:188} INFO - [2024-03-09T15:47:10.722+0530] {dag.py:3834} INFO - Setting next_dagrun for tutorial_objectstorage to None, run_after=None
[2024-03-09T15:47:10.754+0530] {processor.py:183} INFO - Processing /home/kai/.local/lib/python3.10/site-packages/airflow/example_dags/tutorial_objectstorage.py took 0.073 seconds
[2024-03-09T15:47:47.009+0530] {processor.py:161} INFO - Started process (PID=4866) to work on /home/kai/.local/lib/python3.10/site-packages/airflow/example_dags/tutorial_objectstorage.py
[2024-03-09T15:47:47.012+0530] {processor.py:830} INFO - Processing file /home/kai/.local/lib/python3.10/site-packages/airflow/example_dags/tutorial_objectstorage.py for tasks to queue
[2024-03-09T15:47:47.013+0530] {logging_mixin.py:188} INFO - [2024-03-09T15:47:47.013+0530] {dagbag.py:540} INFO - Filling up the DagBag from /home/kai/.local/lib/python3.10/site-packages/airflow/example_dags/tutorial_objectstorage.py
[2024-03-09T15:47:47.020+0530] {processor.py:840} INFO - DAG(s) 'tutorial_objectstorage' retrieved from /home/kai/.local/lib/python3.10/site-packages/airflow/example_dags/tutorial_objectstorage.py
[2024-03-09T15:47:47.034+0530] {logging_mixin.py:188} INFO - [2024-03-09T15:47:47.034+0530] {dag.py:3047} INFO - Sync 1 DAGs
[2024-03-09T15:47:47.044+0530] {logging_mixin.py:188} INFO - [2024-03-09T15:47:47.043+0530] {dag.py:3834} INFO - Setting next_dagrun for tutorial_objectstorage to None, run_after=None
[2024-03-09T15:47:47.077+0530] {processor.py:183} INFO - Processing /home/kai/.local/lib/python3.10/site-packages/airflow/example_dags/tutorial_objectstorage.py took 0.071 seconds
[2024-03-09T15:48:41.113+0530] {processor.py:161} INFO - Started process (PID=4940) to work on /home/kai/.local/lib/python3.10/site-packages/airflow/example_dags/tutorial_objectstorage.py
[2024-03-09T15:48:41.116+0530] {processor.py:830} INFO - Processing file /home/kai/.local/lib/python3.10/site-packages/airflow/example_dags/tutorial_objectstorage.py for tasks to queue
[2024-03-09T15:48:41.118+0530] {logging_mixin.py:188} INFO - [2024-03-09T15:48:41.117+0530] {dagbag.py:540} INFO - Filling up the DagBag from /home/kai/.local/lib/python3.10/site-packages/airflow/example_dags/tutorial_objectstorage.py
[2024-03-09T15:48:41.128+0530] {processor.py:840} INFO - DAG(s) 'tutorial_objectstorage' retrieved from /home/kai/.local/lib/python3.10/site-packages/airflow/example_dags/tutorial_objectstorage.py
[2024-03-09T15:48:41.143+0530] {logging_mixin.py:188} INFO - [2024-03-09T15:48:41.143+0530] {dag.py:3047} INFO - Sync 1 DAGs
[2024-03-09T15:48:41.153+0530] {logging_mixin.py:188} INFO - [2024-03-09T15:48:41.153+0530] {dag.py:3834} INFO - Setting next_dagrun for tutorial_objectstorage to None, run_after=None
[2024-03-09T15:48:41.188+0530] {processor.py:183} INFO - Processing /home/kai/.local/lib/python3.10/site-packages/airflow/example_dags/tutorial_objectstorage.py took 0.082 seconds
[2024-03-09T15:49:28.590+0530] {processor.py:161} INFO - Started process (PID=4996) to work on /home/kai/.local/lib/python3.10/site-packages/airflow/example_dags/tutorial_objectstorage.py
[2024-03-09T15:49:28.593+0530] {processor.py:830} INFO - Processing file /home/kai/.local/lib/python3.10/site-packages/airflow/example_dags/tutorial_objectstorage.py for tasks to queue
[2024-03-09T15:49:28.594+0530] {logging_mixin.py:188} INFO - [2024-03-09T15:49:28.594+0530] {dagbag.py:540} INFO - Filling up the DagBag from /home/kai/.local/lib/python3.10/site-packages/airflow/example_dags/tutorial_objectstorage.py
[2024-03-09T15:49:28.602+0530] {processor.py:840} INFO - DAG(s) 'tutorial_objectstorage' retrieved from /home/kai/.local/lib/python3.10/site-packages/airflow/example_dags/tutorial_objectstorage.py
[2024-03-09T15:49:28.615+0530] {logging_mixin.py:188} INFO - [2024-03-09T15:49:28.615+0530] {dag.py:3047} INFO - Sync 1 DAGs
[2024-03-09T15:49:28.626+0530] {logging_mixin.py:188} INFO - [2024-03-09T15:49:28.626+0530] {dag.py:3834} INFO - Setting next_dagrun for tutorial_objectstorage to None, run_after=None
[2024-03-09T15:49:28.659+0530] {processor.py:183} INFO - Processing /home/kai/.local/lib/python3.10/site-packages/airflow/example_dags/tutorial_objectstorage.py took 0.072 seconds
[2024-03-09T15:50:02.534+0530] {processor.py:161} INFO - Started process (PID=5034) to work on /home/kai/.local/lib/python3.10/site-packages/airflow/example_dags/tutorial_objectstorage.py
[2024-03-09T15:50:02.543+0530] {processor.py:830} INFO - Processing file /home/kai/.local/lib/python3.10/site-packages/airflow/example_dags/tutorial_objectstorage.py for tasks to queue
[2024-03-09T15:50:02.547+0530] {logging_mixin.py:188} INFO - [2024-03-09T15:50:02.545+0530] {dagbag.py:540} INFO - Filling up the DagBag from /home/kai/.local/lib/python3.10/site-packages/airflow/example_dags/tutorial_objectstorage.py
[2024-03-09T15:50:02.572+0530] {processor.py:840} INFO - DAG(s) 'tutorial_objectstorage' retrieved from /home/kai/.local/lib/python3.10/site-packages/airflow/example_dags/tutorial_objectstorage.py
[2024-03-09T15:50:02.644+0530] {logging_mixin.py:188} INFO - [2024-03-09T15:50:02.644+0530] {dag.py:3047} INFO - Sync 1 DAGs
[2024-03-09T15:50:02.686+0530] {logging_mixin.py:188} INFO - [2024-03-09T15:50:02.686+0530] {dag.py:3834} INFO - Setting next_dagrun for tutorial_objectstorage to None, run_after=None
[2024-03-09T15:50:02.920+0530] {processor.py:183} INFO - Processing /home/kai/.local/lib/python3.10/site-packages/airflow/example_dags/tutorial_objectstorage.py took 0.391 seconds
[2024-03-09T15:50:41.918+0530] {processor.py:161} INFO - Started process (PID=5075) to work on /home/kai/.local/lib/python3.10/site-packages/airflow/example_dags/tutorial_objectstorage.py
[2024-03-09T15:50:41.919+0530] {processor.py:830} INFO - Processing file /home/kai/.local/lib/python3.10/site-packages/airflow/example_dags/tutorial_objectstorage.py for tasks to queue
[2024-03-09T15:50:41.920+0530] {logging_mixin.py:188} INFO - [2024-03-09T15:50:41.920+0530] {dagbag.py:540} INFO - Filling up the DagBag from /home/kai/.local/lib/python3.10/site-packages/airflow/example_dags/tutorial_objectstorage.py
[2024-03-09T15:50:41.928+0530] {processor.py:840} INFO - DAG(s) 'tutorial_objectstorage' retrieved from /home/kai/.local/lib/python3.10/site-packages/airflow/example_dags/tutorial_objectstorage.py
[2024-03-09T15:50:41.941+0530] {logging_mixin.py:188} INFO - [2024-03-09T15:50:41.941+0530] {dag.py:3047} INFO - Sync 1 DAGs
[2024-03-09T15:50:41.951+0530] {logging_mixin.py:188} INFO - [2024-03-09T15:50:41.951+0530] {dag.py:3834} INFO - Setting next_dagrun for tutorial_objectstorage to None, run_after=None
[2024-03-09T15:50:41.989+0530] {processor.py:183} INFO - Processing /home/kai/.local/lib/python3.10/site-packages/airflow/example_dags/tutorial_objectstorage.py took 0.073 seconds
[2024-03-09T15:51:20.591+0530] {processor.py:161} INFO - Started process (PID=5114) to work on /home/kai/.local/lib/python3.10/site-packages/airflow/example_dags/tutorial_objectstorage.py
[2024-03-09T15:51:20.594+0530] {processor.py:830} INFO - Processing file /home/kai/.local/lib/python3.10/site-packages/airflow/example_dags/tutorial_objectstorage.py for tasks to queue
[2024-03-09T15:51:20.595+0530] {logging_mixin.py:188} INFO - [2024-03-09T15:51:20.595+0530] {dagbag.py:540} INFO - Filling up the DagBag from /home/kai/.local/lib/python3.10/site-packages/airflow/example_dags/tutorial_objectstorage.py
[2024-03-09T15:51:20.603+0530] {processor.py:840} INFO - DAG(s) 'tutorial_objectstorage' retrieved from /home/kai/.local/lib/python3.10/site-packages/airflow/example_dags/tutorial_objectstorage.py
[2024-03-09T15:51:20.620+0530] {logging_mixin.py:188} INFO - [2024-03-09T15:51:20.620+0530] {dag.py:3047} INFO - Sync 1 DAGs
[2024-03-09T15:51:20.634+0530] {logging_mixin.py:188} INFO - [2024-03-09T15:51:20.634+0530] {dag.py:3834} INFO - Setting next_dagrun for tutorial_objectstorage to None, run_after=None
[2024-03-09T15:51:20.678+0530] {processor.py:183} INFO - Processing /home/kai/.local/lib/python3.10/site-packages/airflow/example_dags/tutorial_objectstorage.py took 0.092 seconds
[2024-03-09T15:51:56.804+0530] {processor.py:161} INFO - Started process (PID=5155) to work on /home/kai/.local/lib/python3.10/site-packages/airflow/example_dags/tutorial_objectstorage.py
[2024-03-09T15:51:56.807+0530] {processor.py:830} INFO - Processing file /home/kai/.local/lib/python3.10/site-packages/airflow/example_dags/tutorial_objectstorage.py for tasks to queue
[2024-03-09T15:51:56.808+0530] {logging_mixin.py:188} INFO - [2024-03-09T15:51:56.808+0530] {dagbag.py:540} INFO - Filling up the DagBag from /home/kai/.local/lib/python3.10/site-packages/airflow/example_dags/tutorial_objectstorage.py
[2024-03-09T15:51:56.817+0530] {processor.py:840} INFO - DAG(s) 'tutorial_objectstorage' retrieved from /home/kai/.local/lib/python3.10/site-packages/airflow/example_dags/tutorial_objectstorage.py
[2024-03-09T15:51:56.832+0530] {logging_mixin.py:188} INFO - [2024-03-09T15:51:56.831+0530] {dag.py:3047} INFO - Sync 1 DAGs
[2024-03-09T15:51:56.842+0530] {logging_mixin.py:188} INFO - [2024-03-09T15:51:56.841+0530] {dag.py:3834} INFO - Setting next_dagrun for tutorial_objectstorage to None, run_after=None
[2024-03-09T15:51:56.885+0530] {processor.py:183} INFO - Processing /home/kai/.local/lib/python3.10/site-packages/airflow/example_dags/tutorial_objectstorage.py took 0.086 seconds
[2024-03-09T15:52:42.888+0530] {processor.py:161} INFO - Started process (PID=5203) to work on /home/kai/.local/lib/python3.10/site-packages/airflow/example_dags/tutorial_objectstorage.py
[2024-03-09T15:52:42.891+0530] {processor.py:830} INFO - Processing file /home/kai/.local/lib/python3.10/site-packages/airflow/example_dags/tutorial_objectstorage.py for tasks to queue
[2024-03-09T15:52:42.892+0530] {logging_mixin.py:188} INFO - [2024-03-09T15:52:42.892+0530] {dagbag.py:540} INFO - Filling up the DagBag from /home/kai/.local/lib/python3.10/site-packages/airflow/example_dags/tutorial_objectstorage.py
[2024-03-09T15:52:42.900+0530] {processor.py:840} INFO - DAG(s) 'tutorial_objectstorage' retrieved from /home/kai/.local/lib/python3.10/site-packages/airflow/example_dags/tutorial_objectstorage.py
[2024-03-09T15:52:42.914+0530] {logging_mixin.py:188} INFO - [2024-03-09T15:52:42.914+0530] {dag.py:3047} INFO - Sync 1 DAGs
[2024-03-09T15:52:42.924+0530] {logging_mixin.py:188} INFO - [2024-03-09T15:52:42.924+0530] {dag.py:3834} INFO - Setting next_dagrun for tutorial_objectstorage to None, run_after=None
[2024-03-09T15:52:42.957+0530] {processor.py:183} INFO - Processing /home/kai/.local/lib/python3.10/site-packages/airflow/example_dags/tutorial_objectstorage.py took 0.074 seconds
[2024-03-09T15:53:18.683+0530] {processor.py:161} INFO - Started process (PID=5238) to work on /home/kai/.local/lib/python3.10/site-packages/airflow/example_dags/tutorial_objectstorage.py
[2024-03-09T15:53:18.686+0530] {processor.py:830} INFO - Processing file /home/kai/.local/lib/python3.10/site-packages/airflow/example_dags/tutorial_objectstorage.py for tasks to queue
[2024-03-09T15:53:18.687+0530] {logging_mixin.py:188} INFO - [2024-03-09T15:53:18.686+0530] {dagbag.py:540} INFO - Filling up the DagBag from /home/kai/.local/lib/python3.10/site-packages/airflow/example_dags/tutorial_objectstorage.py
[2024-03-09T15:53:18.694+0530] {processor.py:840} INFO - DAG(s) 'tutorial_objectstorage' retrieved from /home/kai/.local/lib/python3.10/site-packages/airflow/example_dags/tutorial_objectstorage.py
[2024-03-09T15:53:18.708+0530] {logging_mixin.py:188} INFO - [2024-03-09T15:53:18.708+0530] {dag.py:3047} INFO - Sync 1 DAGs
[2024-03-09T15:53:18.718+0530] {logging_mixin.py:188} INFO - [2024-03-09T15:53:18.717+0530] {dag.py:3834} INFO - Setting next_dagrun for tutorial_objectstorage to None, run_after=None
[2024-03-09T15:53:18.753+0530] {processor.py:183} INFO - Processing /home/kai/.local/lib/python3.10/site-packages/airflow/example_dags/tutorial_objectstorage.py took 0.073 seconds
[2024-03-09T15:53:53.701+0530] {processor.py:161} INFO - Started process (PID=5276) to work on /home/kai/.local/lib/python3.10/site-packages/airflow/example_dags/tutorial_objectstorage.py
[2024-03-09T15:53:53.704+0530] {processor.py:830} INFO - Processing file /home/kai/.local/lib/python3.10/site-packages/airflow/example_dags/tutorial_objectstorage.py for tasks to queue
[2024-03-09T15:53:53.705+0530] {logging_mixin.py:188} INFO - [2024-03-09T15:53:53.705+0530] {dagbag.py:540} INFO - Filling up the DagBag from /home/kai/.local/lib/python3.10/site-packages/airflow/example_dags/tutorial_objectstorage.py
[2024-03-09T15:53:53.714+0530] {processor.py:840} INFO - DAG(s) 'tutorial_objectstorage' retrieved from /home/kai/.local/lib/python3.10/site-packages/airflow/example_dags/tutorial_objectstorage.py
[2024-03-09T15:53:53.730+0530] {logging_mixin.py:188} INFO - [2024-03-09T15:53:53.730+0530] {dag.py:3047} INFO - Sync 1 DAGs
[2024-03-09T15:53:53.740+0530] {logging_mixin.py:188} INFO - [2024-03-09T15:53:53.740+0530] {dag.py:3834} INFO - Setting next_dagrun for tutorial_objectstorage to None, run_after=None
[2024-03-09T15:53:53.774+0530] {processor.py:183} INFO - Processing /home/kai/.local/lib/python3.10/site-packages/airflow/example_dags/tutorial_objectstorage.py took 0.077 seconds
[2024-03-09T15:54:30.277+0530] {processor.py:161} INFO - Started process (PID=5313) to work on /home/kai/.local/lib/python3.10/site-packages/airflow/example_dags/tutorial_objectstorage.py
[2024-03-09T15:54:30.280+0530] {processor.py:830} INFO - Processing file /home/kai/.local/lib/python3.10/site-packages/airflow/example_dags/tutorial_objectstorage.py for tasks to queue
[2024-03-09T15:54:30.281+0530] {logging_mixin.py:188} INFO - [2024-03-09T15:54:30.281+0530] {dagbag.py:540} INFO - Filling up the DagBag from /home/kai/.local/lib/python3.10/site-packages/airflow/example_dags/tutorial_objectstorage.py
[2024-03-09T15:54:30.289+0530] {processor.py:840} INFO - DAG(s) 'tutorial_objectstorage' retrieved from /home/kai/.local/lib/python3.10/site-packages/airflow/example_dags/tutorial_objectstorage.py
[2024-03-09T15:54:30.303+0530] {logging_mixin.py:188} INFO - [2024-03-09T15:54:30.303+0530] {dag.py:3047} INFO - Sync 1 DAGs
[2024-03-09T15:54:30.313+0530] {logging_mixin.py:188} INFO - [2024-03-09T15:54:30.312+0530] {dag.py:3834} INFO - Setting next_dagrun for tutorial_objectstorage to None, run_after=None
[2024-03-09T15:54:30.347+0530] {processor.py:183} INFO - Processing /home/kai/.local/lib/python3.10/site-packages/airflow/example_dags/tutorial_objectstorage.py took 0.073 seconds
