[2024-03-09T15:43:43.628+0530] {processor.py:161} INFO - Started process (PID=4629) to work on /home/kai/.local/lib/python3.10/site-packages/airflow/example_dags/tutorial_taskflow_api.py
[2024-03-09T15:43:43.629+0530] {processor.py:830} INFO - Processing file /home/kai/.local/lib/python3.10/site-packages/airflow/example_dags/tutorial_taskflow_api.py for tasks to queue
[2024-03-09T15:43:43.630+0530] {logging_mixin.py:188} INFO - [2024-03-09T15:43:43.630+0530] {dagbag.py:540} INFO - Filling up the DagBag from /home/kai/.local/lib/python3.10/site-packages/airflow/example_dags/tutorial_taskflow_api.py
[2024-03-09T15:43:43.643+0530] {processor.py:840} INFO - DAG(s) 'tutorial_taskflow_api' retrieved from /home/kai/.local/lib/python3.10/site-packages/airflow/example_dags/tutorial_taskflow_api.py
[2024-03-09T15:43:43.767+0530] {logging_mixin.py:188} INFO - [2024-03-09T15:43:43.766+0530] {override.py:1769} INFO - Created Permission View: can delete on DAG:tutorial_taskflow_api
[2024-03-09T15:43:43.791+0530] {logging_mixin.py:188} INFO - [2024-03-09T15:43:43.791+0530] {override.py:1769} INFO - Created Permission View: can read on DAG:tutorial_taskflow_api
[2024-03-09T15:43:43.818+0530] {logging_mixin.py:188} INFO - [2024-03-09T15:43:43.817+0530] {override.py:1769} INFO - Created Permission View: can edit on DAG:tutorial_taskflow_api
[2024-03-09T15:43:43.818+0530] {logging_mixin.py:188} INFO - [2024-03-09T15:43:43.818+0530] {dag.py:3047} INFO - Sync 1 DAGs
[2024-03-09T15:43:43.826+0530] {logging_mixin.py:188} INFO - [2024-03-09T15:43:43.826+0530] {dag.py:3069} INFO - Creating ORM DAG for tutorial_taskflow_api
[2024-03-09T15:43:43.827+0530] {logging_mixin.py:188} INFO - [2024-03-09T15:43:43.827+0530] {dag.py:3834} INFO - Setting next_dagrun for tutorial_taskflow_api to None, run_after=None
[2024-03-09T15:43:43.863+0530] {processor.py:183} INFO - Processing /home/kai/.local/lib/python3.10/site-packages/airflow/example_dags/tutorial_taskflow_api.py took 0.238 seconds
[2024-03-09T15:44:45.474+0530] {processor.py:161} INFO - Started process (PID=4683) to work on /home/kai/.local/lib/python3.10/site-packages/airflow/example_dags/tutorial_taskflow_api.py
[2024-03-09T15:44:45.477+0530] {processor.py:830} INFO - Processing file /home/kai/.local/lib/python3.10/site-packages/airflow/example_dags/tutorial_taskflow_api.py for tasks to queue
[2024-03-09T15:44:45.479+0530] {logging_mixin.py:188} INFO - [2024-03-09T15:44:45.478+0530] {dagbag.py:540} INFO - Filling up the DagBag from /home/kai/.local/lib/python3.10/site-packages/airflow/example_dags/tutorial_taskflow_api.py
[2024-03-09T15:44:45.486+0530] {processor.py:840} INFO - DAG(s) 'tutorial_taskflow_api' retrieved from /home/kai/.local/lib/python3.10/site-packages/airflow/example_dags/tutorial_taskflow_api.py
[2024-03-09T15:44:47.805+0530] {logging_mixin.py:188} INFO - [2024-03-09T15:44:47.805+0530] {dag.py:3047} INFO - Sync 1 DAGs
[2024-03-09T15:44:47.845+0530] {logging_mixin.py:188} INFO - [2024-03-09T15:44:47.844+0530] {dag.py:3834} INFO - Setting next_dagrun for tutorial_taskflow_api to None, run_after=None
[2024-03-09T15:44:47.917+0530] {processor.py:183} INFO - Processing /home/kai/.local/lib/python3.10/site-packages/airflow/example_dags/tutorial_taskflow_api.py took 2.447 seconds
[2024-03-09T15:45:42.661+0530] {processor.py:161} INFO - Started process (PID=4747) to work on /home/kai/.local/lib/python3.10/site-packages/airflow/example_dags/tutorial_taskflow_api.py
[2024-03-09T15:45:42.664+0530] {processor.py:830} INFO - Processing file /home/kai/.local/lib/python3.10/site-packages/airflow/example_dags/tutorial_taskflow_api.py for tasks to queue
[2024-03-09T15:45:42.665+0530] {logging_mixin.py:188} INFO - [2024-03-09T15:45:42.665+0530] {dagbag.py:540} INFO - Filling up the DagBag from /home/kai/.local/lib/python3.10/site-packages/airflow/example_dags/tutorial_taskflow_api.py
[2024-03-09T15:45:42.671+0530] {processor.py:840} INFO - DAG(s) 'tutorial_taskflow_api' retrieved from /home/kai/.local/lib/python3.10/site-packages/airflow/example_dags/tutorial_taskflow_api.py
[2024-03-09T15:45:42.686+0530] {logging_mixin.py:188} INFO - [2024-03-09T15:45:42.685+0530] {dag.py:3047} INFO - Sync 1 DAGs
[2024-03-09T15:45:42.697+0530] {logging_mixin.py:188} INFO - [2024-03-09T15:45:42.696+0530] {dag.py:3834} INFO - Setting next_dagrun for tutorial_taskflow_api to None, run_after=None
[2024-03-09T15:45:42.732+0530] {processor.py:183} INFO - Processing /home/kai/.local/lib/python3.10/site-packages/airflow/example_dags/tutorial_taskflow_api.py took 0.074 seconds
[2024-03-09T15:46:32.543+0530] {processor.py:161} INFO - Started process (PID=4791) to work on /home/kai/.local/lib/python3.10/site-packages/airflow/example_dags/tutorial_taskflow_api.py
[2024-03-09T15:46:32.546+0530] {processor.py:830} INFO - Processing file /home/kai/.local/lib/python3.10/site-packages/airflow/example_dags/tutorial_taskflow_api.py for tasks to queue
[2024-03-09T15:46:32.547+0530] {logging_mixin.py:188} INFO - [2024-03-09T15:46:32.546+0530] {dagbag.py:540} INFO - Filling up the DagBag from /home/kai/.local/lib/python3.10/site-packages/airflow/example_dags/tutorial_taskflow_api.py
[2024-03-09T15:46:32.553+0530] {processor.py:840} INFO - DAG(s) 'tutorial_taskflow_api' retrieved from /home/kai/.local/lib/python3.10/site-packages/airflow/example_dags/tutorial_taskflow_api.py
[2024-03-09T15:46:32.568+0530] {logging_mixin.py:188} INFO - [2024-03-09T15:46:32.568+0530] {dag.py:3047} INFO - Sync 1 DAGs
[2024-03-09T15:46:32.579+0530] {logging_mixin.py:188} INFO - [2024-03-09T15:46:32.579+0530] {dag.py:3834} INFO - Setting next_dagrun for tutorial_taskflow_api to None, run_after=None
[2024-03-09T15:46:32.615+0530] {processor.py:183} INFO - Processing /home/kai/.local/lib/python3.10/site-packages/airflow/example_dags/tutorial_taskflow_api.py took 0.075 seconds
[2024-03-09T15:47:13.471+0530] {processor.py:161} INFO - Started process (PID=4832) to work on /home/kai/.local/lib/python3.10/site-packages/airflow/example_dags/tutorial_taskflow_api.py
[2024-03-09T15:47:13.474+0530] {processor.py:830} INFO - Processing file /home/kai/.local/lib/python3.10/site-packages/airflow/example_dags/tutorial_taskflow_api.py for tasks to queue
[2024-03-09T15:47:13.475+0530] {logging_mixin.py:188} INFO - [2024-03-09T15:47:13.475+0530] {dagbag.py:540} INFO - Filling up the DagBag from /home/kai/.local/lib/python3.10/site-packages/airflow/example_dags/tutorial_taskflow_api.py
[2024-03-09T15:47:13.482+0530] {processor.py:840} INFO - DAG(s) 'tutorial_taskflow_api' retrieved from /home/kai/.local/lib/python3.10/site-packages/airflow/example_dags/tutorial_taskflow_api.py
[2024-03-09T15:47:13.499+0530] {logging_mixin.py:188} INFO - [2024-03-09T15:47:13.499+0530] {dag.py:3047} INFO - Sync 1 DAGs
[2024-03-09T15:47:13.511+0530] {logging_mixin.py:188} INFO - [2024-03-09T15:47:13.511+0530] {dag.py:3834} INFO - Setting next_dagrun for tutorial_taskflow_api to None, run_after=None
[2024-03-09T15:47:13.552+0530] {processor.py:183} INFO - Processing /home/kai/.local/lib/python3.10/site-packages/airflow/example_dags/tutorial_taskflow_api.py took 0.085 seconds
[2024-03-09T15:48:01.913+0530] {processor.py:161} INFO - Started process (PID=4883) to work on /home/kai/.local/lib/python3.10/site-packages/airflow/example_dags/tutorial_taskflow_api.py
[2024-03-09T15:48:01.914+0530] {processor.py:830} INFO - Processing file /home/kai/.local/lib/python3.10/site-packages/airflow/example_dags/tutorial_taskflow_api.py for tasks to queue
[2024-03-09T15:48:01.915+0530] {logging_mixin.py:188} INFO - [2024-03-09T15:48:01.915+0530] {dagbag.py:540} INFO - Filling up the DagBag from /home/kai/.local/lib/python3.10/site-packages/airflow/example_dags/tutorial_taskflow_api.py
[2024-03-09T15:48:01.922+0530] {processor.py:840} INFO - DAG(s) 'tutorial_taskflow_api' retrieved from /home/kai/.local/lib/python3.10/site-packages/airflow/example_dags/tutorial_taskflow_api.py
[2024-03-09T15:48:01.936+0530] {logging_mixin.py:188} INFO - [2024-03-09T15:48:01.936+0530] {dag.py:3047} INFO - Sync 1 DAGs
[2024-03-09T15:48:01.946+0530] {logging_mixin.py:188} INFO - [2024-03-09T15:48:01.946+0530] {dag.py:3834} INFO - Setting next_dagrun for tutorial_taskflow_api to None, run_after=None
[2024-03-09T15:48:01.980+0530] {processor.py:183} INFO - Processing /home/kai/.local/lib/python3.10/site-packages/airflow/example_dags/tutorial_taskflow_api.py took 0.071 seconds
[2024-03-09T15:48:44.726+0530] {processor.py:161} INFO - Started process (PID=4943) to work on /home/kai/.local/lib/python3.10/site-packages/airflow/example_dags/tutorial_taskflow_api.py
[2024-03-09T15:48:44.729+0530] {processor.py:830} INFO - Processing file /home/kai/.local/lib/python3.10/site-packages/airflow/example_dags/tutorial_taskflow_api.py for tasks to queue
[2024-03-09T15:48:44.730+0530] {logging_mixin.py:188} INFO - [2024-03-09T15:48:44.730+0530] {dagbag.py:540} INFO - Filling up the DagBag from /home/kai/.local/lib/python3.10/site-packages/airflow/example_dags/tutorial_taskflow_api.py
[2024-03-09T15:48:44.738+0530] {processor.py:840} INFO - DAG(s) 'tutorial_taskflow_api' retrieved from /home/kai/.local/lib/python3.10/site-packages/airflow/example_dags/tutorial_taskflow_api.py
[2024-03-09T15:48:44.753+0530] {logging_mixin.py:188} INFO - [2024-03-09T15:48:44.753+0530] {dag.py:3047} INFO - Sync 1 DAGs
[2024-03-09T15:48:44.763+0530] {logging_mixin.py:188} INFO - [2024-03-09T15:48:44.763+0530] {dag.py:3834} INFO - Setting next_dagrun for tutorial_taskflow_api to None, run_after=None
[2024-03-09T15:48:44.798+0530] {processor.py:183} INFO - Processing /home/kai/.local/lib/python3.10/site-packages/airflow/example_dags/tutorial_taskflow_api.py took 0.078 seconds
[2024-03-09T15:49:31.333+0530] {processor.py:161} INFO - Started process (PID=4999) to work on /home/kai/.local/lib/python3.10/site-packages/airflow/example_dags/tutorial_taskflow_api.py
[2024-03-09T15:49:31.336+0530] {processor.py:830} INFO - Processing file /home/kai/.local/lib/python3.10/site-packages/airflow/example_dags/tutorial_taskflow_api.py for tasks to queue
[2024-03-09T15:49:31.337+0530] {logging_mixin.py:188} INFO - [2024-03-09T15:49:31.336+0530] {dagbag.py:540} INFO - Filling up the DagBag from /home/kai/.local/lib/python3.10/site-packages/airflow/example_dags/tutorial_taskflow_api.py
[2024-03-09T15:49:31.343+0530] {processor.py:840} INFO - DAG(s) 'tutorial_taskflow_api' retrieved from /home/kai/.local/lib/python3.10/site-packages/airflow/example_dags/tutorial_taskflow_api.py
[2024-03-09T15:49:31.358+0530] {logging_mixin.py:188} INFO - [2024-03-09T15:49:31.358+0530] {dag.py:3047} INFO - Sync 1 DAGs
[2024-03-09T15:49:31.371+0530] {logging_mixin.py:188} INFO - [2024-03-09T15:49:31.370+0530] {dag.py:3834} INFO - Setting next_dagrun for tutorial_taskflow_api to None, run_after=None
[2024-03-09T15:49:31.406+0530] {processor.py:183} INFO - Processing /home/kai/.local/lib/python3.10/site-packages/airflow/example_dags/tutorial_taskflow_api.py took 0.076 seconds
[2024-03-09T15:50:45.479+0530] {processor.py:161} INFO - Started process (PID=5078) to work on /home/kai/.local/lib/python3.10/site-packages/airflow/example_dags/tutorial_taskflow_api.py
[2024-03-09T15:50:45.482+0530] {processor.py:830} INFO - Processing file /home/kai/.local/lib/python3.10/site-packages/airflow/example_dags/tutorial_taskflow_api.py for tasks to queue
[2024-03-09T15:50:45.483+0530] {logging_mixin.py:188} INFO - [2024-03-09T15:50:45.482+0530] {dagbag.py:540} INFO - Filling up the DagBag from /home/kai/.local/lib/python3.10/site-packages/airflow/example_dags/tutorial_taskflow_api.py
[2024-03-09T15:50:45.489+0530] {processor.py:840} INFO - DAG(s) 'tutorial_taskflow_api' retrieved from /home/kai/.local/lib/python3.10/site-packages/airflow/example_dags/tutorial_taskflow_api.py
[2024-03-09T15:50:45.504+0530] {logging_mixin.py:188} INFO - [2024-03-09T15:50:45.503+0530] {dag.py:3047} INFO - Sync 1 DAGs
[2024-03-09T15:50:45.514+0530] {logging_mixin.py:188} INFO - [2024-03-09T15:50:45.514+0530] {dag.py:3834} INFO - Setting next_dagrun for tutorial_taskflow_api to None, run_after=None
[2024-03-09T15:50:45.547+0530] {processor.py:183} INFO - Processing /home/kai/.local/lib/python3.10/site-packages/airflow/example_dags/tutorial_taskflow_api.py took 0.074 seconds
[2024-03-09T15:51:33.708+0530] {processor.py:161} INFO - Started process (PID=5130) to work on /home/kai/.local/lib/python3.10/site-packages/airflow/example_dags/tutorial_taskflow_api.py
[2024-03-09T15:51:33.711+0530] {processor.py:830} INFO - Processing file /home/kai/.local/lib/python3.10/site-packages/airflow/example_dags/tutorial_taskflow_api.py for tasks to queue
[2024-03-09T15:51:33.712+0530] {logging_mixin.py:188} INFO - [2024-03-09T15:51:33.712+0530] {dagbag.py:540} INFO - Filling up the DagBag from /home/kai/.local/lib/python3.10/site-packages/airflow/example_dags/tutorial_taskflow_api.py
[2024-03-09T15:51:33.719+0530] {processor.py:840} INFO - DAG(s) 'tutorial_taskflow_api' retrieved from /home/kai/.local/lib/python3.10/site-packages/airflow/example_dags/tutorial_taskflow_api.py
[2024-03-09T15:51:33.734+0530] {logging_mixin.py:188} INFO - [2024-03-09T15:51:33.734+0530] {dag.py:3047} INFO - Sync 1 DAGs
[2024-03-09T15:51:33.744+0530] {logging_mixin.py:188} INFO - [2024-03-09T15:51:33.744+0530] {dag.py:3834} INFO - Setting next_dagrun for tutorial_taskflow_api to None, run_after=None
[2024-03-09T15:51:33.778+0530] {processor.py:183} INFO - Processing /home/kai/.local/lib/python3.10/site-packages/airflow/example_dags/tutorial_taskflow_api.py took 0.074 seconds
[2024-03-09T15:52:09.992+0530] {processor.py:161} INFO - Started process (PID=5169) to work on /home/kai/.local/lib/python3.10/site-packages/airflow/example_dags/tutorial_taskflow_api.py
[2024-03-09T15:52:09.995+0530] {processor.py:830} INFO - Processing file /home/kai/.local/lib/python3.10/site-packages/airflow/example_dags/tutorial_taskflow_api.py for tasks to queue
[2024-03-09T15:52:09.996+0530] {logging_mixin.py:188} INFO - [2024-03-09T15:52:09.996+0530] {dagbag.py:540} INFO - Filling up the DagBag from /home/kai/.local/lib/python3.10/site-packages/airflow/example_dags/tutorial_taskflow_api.py
[2024-03-09T15:52:10.003+0530] {processor.py:840} INFO - DAG(s) 'tutorial_taskflow_api' retrieved from /home/kai/.local/lib/python3.10/site-packages/airflow/example_dags/tutorial_taskflow_api.py
[2024-03-09T15:52:10.018+0530] {logging_mixin.py:188} INFO - [2024-03-09T15:52:10.018+0530] {dag.py:3047} INFO - Sync 1 DAGs
[2024-03-09T15:52:10.028+0530] {logging_mixin.py:188} INFO - [2024-03-09T15:52:10.028+0530] {dag.py:3834} INFO - Setting next_dagrun for tutorial_taskflow_api to None, run_after=None
[2024-03-09T15:52:10.067+0530] {processor.py:183} INFO - Processing /home/kai/.local/lib/python3.10/site-packages/airflow/example_dags/tutorial_taskflow_api.py took 0.078 seconds
[2024-03-09T15:52:46.258+0530] {processor.py:161} INFO - Started process (PID=5206) to work on /home/kai/.local/lib/python3.10/site-packages/airflow/example_dags/tutorial_taskflow_api.py
[2024-03-09T15:52:46.261+0530] {processor.py:830} INFO - Processing file /home/kai/.local/lib/python3.10/site-packages/airflow/example_dags/tutorial_taskflow_api.py for tasks to queue
[2024-03-09T15:52:46.263+0530] {logging_mixin.py:188} INFO - [2024-03-09T15:52:46.262+0530] {dagbag.py:540} INFO - Filling up the DagBag from /home/kai/.local/lib/python3.10/site-packages/airflow/example_dags/tutorial_taskflow_api.py
[2024-03-09T15:52:46.272+0530] {processor.py:840} INFO - DAG(s) 'tutorial_taskflow_api' retrieved from /home/kai/.local/lib/python3.10/site-packages/airflow/example_dags/tutorial_taskflow_api.py
[2024-03-09T15:52:46.289+0530] {logging_mixin.py:188} INFO - [2024-03-09T15:52:46.289+0530] {dag.py:3047} INFO - Sync 1 DAGs
[2024-03-09T15:52:46.302+0530] {logging_mixin.py:188} INFO - [2024-03-09T15:52:46.302+0530] {dag.py:3834} INFO - Setting next_dagrun for tutorial_taskflow_api to None, run_after=None
[2024-03-09T15:52:46.338+0530] {processor.py:183} INFO - Processing /home/kai/.local/lib/python3.10/site-packages/airflow/example_dags/tutorial_taskflow_api.py took 0.083 seconds
[2024-03-09T15:53:21.371+0530] {processor.py:161} INFO - Started process (PID=5241) to work on /home/kai/.local/lib/python3.10/site-packages/airflow/example_dags/tutorial_taskflow_api.py
[2024-03-09T15:53:21.374+0530] {processor.py:830} INFO - Processing file /home/kai/.local/lib/python3.10/site-packages/airflow/example_dags/tutorial_taskflow_api.py for tasks to queue
[2024-03-09T15:53:21.375+0530] {logging_mixin.py:188} INFO - [2024-03-09T15:53:21.375+0530] {dagbag.py:540} INFO - Filling up the DagBag from /home/kai/.local/lib/python3.10/site-packages/airflow/example_dags/tutorial_taskflow_api.py
[2024-03-09T15:53:21.382+0530] {processor.py:840} INFO - DAG(s) 'tutorial_taskflow_api' retrieved from /home/kai/.local/lib/python3.10/site-packages/airflow/example_dags/tutorial_taskflow_api.py
[2024-03-09T15:53:21.397+0530] {logging_mixin.py:188} INFO - [2024-03-09T15:53:21.396+0530] {dag.py:3047} INFO - Sync 1 DAGs
[2024-03-09T15:53:21.407+0530] {logging_mixin.py:188} INFO - [2024-03-09T15:53:21.407+0530] {dag.py:3834} INFO - Setting next_dagrun for tutorial_taskflow_api to None, run_after=None
[2024-03-09T15:53:21.440+0530] {processor.py:183} INFO - Processing /home/kai/.local/lib/python3.10/site-packages/airflow/example_dags/tutorial_taskflow_api.py took 0.073 seconds
[2024-03-09T15:53:57.247+0530] {processor.py:161} INFO - Started process (PID=5279) to work on /home/kai/.local/lib/python3.10/site-packages/airflow/example_dags/tutorial_taskflow_api.py
[2024-03-09T15:53:57.251+0530] {processor.py:830} INFO - Processing file /home/kai/.local/lib/python3.10/site-packages/airflow/example_dags/tutorial_taskflow_api.py for tasks to queue
[2024-03-09T15:53:57.253+0530] {logging_mixin.py:188} INFO - [2024-03-09T15:53:57.252+0530] {dagbag.py:540} INFO - Filling up the DagBag from /home/kai/.local/lib/python3.10/site-packages/airflow/example_dags/tutorial_taskflow_api.py
[2024-03-09T15:53:57.262+0530] {processor.py:840} INFO - DAG(s) 'tutorial_taskflow_api' retrieved from /home/kai/.local/lib/python3.10/site-packages/airflow/example_dags/tutorial_taskflow_api.py
[2024-03-09T15:53:57.278+0530] {logging_mixin.py:188} INFO - [2024-03-09T15:53:57.278+0530] {dag.py:3047} INFO - Sync 1 DAGs
[2024-03-09T15:53:57.289+0530] {logging_mixin.py:188} INFO - [2024-03-09T15:53:57.289+0530] {dag.py:3834} INFO - Setting next_dagrun for tutorial_taskflow_api to None, run_after=None
[2024-03-09T15:53:57.325+0530] {processor.py:183} INFO - Processing /home/kai/.local/lib/python3.10/site-packages/airflow/example_dags/tutorial_taskflow_api.py took 0.083 seconds
[2024-03-09T15:54:33.830+0530] {processor.py:161} INFO - Started process (PID=5316) to work on /home/kai/.local/lib/python3.10/site-packages/airflow/example_dags/tutorial_taskflow_api.py
[2024-03-09T15:54:33.832+0530] {processor.py:830} INFO - Processing file /home/kai/.local/lib/python3.10/site-packages/airflow/example_dags/tutorial_taskflow_api.py for tasks to queue
[2024-03-09T15:54:33.833+0530] {logging_mixin.py:188} INFO - [2024-03-09T15:54:33.833+0530] {dagbag.py:540} INFO - Filling up the DagBag from /home/kai/.local/lib/python3.10/site-packages/airflow/example_dags/tutorial_taskflow_api.py
[2024-03-09T15:54:33.840+0530] {processor.py:840} INFO - DAG(s) 'tutorial_taskflow_api' retrieved from /home/kai/.local/lib/python3.10/site-packages/airflow/example_dags/tutorial_taskflow_api.py
[2024-03-09T15:54:33.855+0530] {logging_mixin.py:188} INFO - [2024-03-09T15:54:33.855+0530] {dag.py:3047} INFO - Sync 1 DAGs
[2024-03-09T15:54:33.866+0530] {logging_mixin.py:188} INFO - [2024-03-09T15:54:33.865+0530] {dag.py:3834} INFO - Setting next_dagrun for tutorial_taskflow_api to None, run_after=None
[2024-03-09T15:54:33.901+0530] {processor.py:183} INFO - Processing /home/kai/.local/lib/python3.10/site-packages/airflow/example_dags/tutorial_taskflow_api.py took 0.074 seconds
