[2024-03-09T22:32:33.349+0530] {taskinstance.py:1979} INFO - Dependencies all met for dep_context=non-requeueable deps ti=<TaskInstance: sql_operator_dag.taskA manual__2024-03-09T17:02:29.287611+00:00 [queued]>
[2024-03-09T22:32:33.365+0530] {taskinstance.py:1979} INFO - Dependencies all met for dep_context=requeueable deps ti=<TaskInstance: sql_operator_dag.taskA manual__2024-03-09T17:02:29.287611+00:00 [queued]>
[2024-03-09T22:32:33.366+0530] {taskinstance.py:2193} INFO - Starting attempt 1 of 1
[2024-03-09T22:32:33.410+0530] {taskinstance.py:2214} INFO - Executing <Task(SqliteOperator): taskA> on 2024-03-09 17:02:29.287611+00:00
[2024-03-09T22:32:33.413+0530] {standard_task_runner.py:60} INFO - Started process 55582 to run task
[2024-03-09T22:32:33.420+0530] {standard_task_runner.py:87} INFO - Running: ['airflow', 'tasks', 'run', 'sql_operator_dag', 'taskA', 'manual__2024-03-09T17:02:29.287611+00:00', '--job-id', '109', '--raw', '--subdir', 'DAGS_FOLDER/execute_sql_pipeline.py', '--cfg-path', '/tmp/tmprfkivshv']
[2024-03-09T22:32:33.423+0530] {standard_task_runner.py:88} INFO - Job 109: Subtask taskA
[2024-03-09T22:32:33.512+0530] {task_command.py:423} INFO - Running <TaskInstance: sql_operator_dag.taskA manual__2024-03-09T17:02:29.287611+00:00 [running]> on host BreakThrough.
[2024-03-09T22:32:33.653+0530] {taskinstance.py:2510} INFO - Exporting env vars: AIRFLOW_CTX_DAG_OWNER='kai' AIRFLOW_CTX_DAG_ID='sql_operator_dag' AIRFLOW_CTX_TASK_ID='taskA' AIRFLOW_CTX_EXECUTION_DATE='2024-03-09T17:02:29.287611+00:00' AIRFLOW_CTX_TRY_NUMBER='1' AIRFLOW_CTX_DAG_RUN_ID='manual__2024-03-09T17:02:29.287611+00:00'
[2024-03-09T22:32:33.654+0530] {sql.py:276} INFO - Executing: CREATE TABLE IF NOT EXISTS students (
            id INTEGER PRIMARY KEY AUTOINCREMENT,
            name TEXT NOT NULL,
            age INTEGER NOT NULL, 
            created_at TIMESTAMP DEFAULT CURRENT_TIMESTAMP,
            place TEXT NOT NULL
        );
[2024-03-09T22:32:33.663+0530] {base.py:83} INFO - Using connection ID 'my_sqlite_conn' for task execution.
[2024-03-09T22:32:33.701+0530] {base.py:83} INFO - Using connection ID 'my_sqlite_conn' for task execution.
[2024-03-09T22:32:33.702+0530] {sql.py:457} INFO - Running statement: CREATE TABLE IF NOT EXISTS students (
            id INTEGER PRIMARY KEY AUTOINCREMENT,
            name TEXT NOT NULL,
            age INTEGER NOT NULL, 
            created_at TIMESTAMP DEFAULT CURRENT_TIMESTAMP,
            place TEXT NOT NULL
        );, parameters: None
[2024-03-09T22:32:33.709+0530] {logging_mixin.py:188} WARNING - /home/kai/.local/lib/python3.10/site-packages/airflow/providers/common/sql/hooks/sql.py:407 AirflowProviderDeprecationWarning: Call to deprecated method _make_common_data_structure. (The `_make_serializable` method is deprecated and support will be removed in a future version of the common.sql provider. Please update the DbApiHook's provider to a version based on common.sql >= 1.9.1.)
[2024-03-09T22:32:33.716+0530] {taskinstance.py:1149} INFO - Marking task as SUCCESS. dag_id=sql_operator_dag, task_id=taskA, execution_date=20240309T170229, start_date=20240309T170233, end_date=20240309T170233
[2024-03-09T22:32:33.795+0530] {local_task_job_runner.py:234} INFO - Task exited with return code 0
[2024-03-09T22:32:33.821+0530] {logging_mixin.py:188} WARNING - /home/kai/.local/lib/python3.10/site-packages/airflow/models/baseoperator.py:1201 AirflowProviderDeprecationWarning: Call to deprecated class SqliteOperator. (Please use `airflow.providers.common.sql.operators.sql.SQLExecuteQueryOperator`.)
[2024-03-09T22:32:33.863+0530] {taskinstance.py:3309} INFO - 1 downstream tasks scheduled from follow-on schedule check
