[2024-03-10T08:20:38.271+0530] {taskinstance.py:1979} INFO - Dependencies all met for dep_context=non-requeueable deps ti=<TaskInstance: pipeline_variable_dag.taskA manual__2024-03-10T02:50:34.157934+00:00 [queued]>
[2024-03-10T08:20:38.277+0530] {taskinstance.py:1979} INFO - Dependencies all met for dep_context=requeueable deps ti=<TaskInstance: pipeline_variable_dag.taskA manual__2024-03-10T02:50:34.157934+00:00 [queued]>
[2024-03-10T08:20:38.277+0530] {taskinstance.py:2193} INFO - Starting attempt 1 of 1
[2024-03-10T08:20:38.311+0530] {taskinstance.py:2214} INFO - Executing <Task(PythonOperator): taskA> on 2024-03-10 02:50:34.157934+00:00
[2024-03-10T08:20:38.314+0530] {standard_task_runner.py:60} INFO - Started process 100535 to run task
[2024-03-10T08:20:38.318+0530] {standard_task_runner.py:87} INFO - Running: ['airflow', 'tasks', 'run', 'pipeline_variable_dag', 'taskA', 'manual__2024-03-10T02:50:34.157934+00:00', '--job-id', '129', '--raw', '--subdir', 'DAGS_FOLDER/execute_branching_variable.py', '--cfg-path', '/tmp/tmpcmbeawjl']
[2024-03-10T08:20:38.320+0530] {standard_task_runner.py:88} INFO - Job 129: Subtask taskA
[2024-03-10T08:20:38.372+0530] {task_command.py:423} INFO - Running <TaskInstance: pipeline_variable_dag.taskA manual__2024-03-10T02:50:34.157934+00:00 [running]> on host BreakThrough.
[2024-03-10T08:20:38.463+0530] {taskinstance.py:2510} INFO - Exporting env vars: AIRFLOW_CTX_DAG_OWNER='kai' AIRFLOW_CTX_DAG_ID='pipeline_variable_dag' AIRFLOW_CTX_TASK_ID='taskA' AIRFLOW_CTX_EXECUTION_DATE='2024-03-10T02:50:34.157934+00:00' AIRFLOW_CTX_TRY_NUMBER='1' AIRFLOW_CTX_DAG_RUN_ID='manual__2024-03-10T02:50:34.157934+00:00'
[2024-03-10T08:20:38.464+0530] {logging_mixin.py:188} INFO - This is task A
[2024-03-10T08:20:38.489+0530] {logging_mixin.py:188} INFO -     Policy_Number  Age  Gender Smoker Location  Coverage  Premium Deductible
0           78571   52    Male  False    Rural     Basic   1625.0        205
1           64238   21  Female   True    Urban  Extended   3573.0        763
2           91267   45    Male   True    Rural   Premium   4892.0        442
3           46321   37  Female  False    Urban     Basic   2873.0        648
4           84692   60  Female   True    Rural   Premium   3241.0        802
5           59418   32  Female   True    Urban  Extended   1758.0        465
6           82019   58  Female   True    Urban  Extended   2104.0        142
7           12347   42    Male  False    Rural  Extended   2756.0        605
8           48392   35    Male    NaN    Urban     Basic   1962.0        NaN
9           65913   26  Female   True    Urban       NaN   2374.0        521
10          73516   49    Male  False    Urban  Extended   3826.0        927
11          58237   55    Male  False      NaN     Basic   1458.0        313
12          81925   23    Male  False    Rural   Premium   4765.0        816
13          32846   41  Female   True      NaN  Extended   2136.0        512
14          48731   28    Male   True    Urban     Basic   1873.0        205
15          41627   36  Female   True    Rural  Extended   2954.0        705
16          89534   46  Female  False    Urban   Premium   4217.0        839
17          63918   33    Male   True      NaN   Premium   4641.0        982
18          74829   50    Male   True    Rural     Basic   1326.0        239
19          36572   30  Female   True    Urban  Extended   3165.0        611
20          26384   56  Female   True    Rural   Premium   4458.0        767
21          72618   39    Male  False      NaN     Basic   1552.0        388
22          28471   22  Female  False    Urban  Extended   3452.0        704
23          81293   43    Male   True    Rural  Extended      NaN           
24          34918   27  Female  False      NaN     Basic      NaN        279
25          52486   38    Male   True    Rural   Premium   4093.0        692
26          19386   59    Male  False    Urban  Extended   2613.0        506
27          97182   31  Female   True      NaN     Basic   1729.0        424
[2024-03-10T08:20:38.490+0530] {python.py:202} INFO - Done. Returned value was: {"Policy_Number":{"0":78571,"1":64238,"2":91267,"3":46321,"4":84692,"5":59418,"6":82019,"7":12347,"8":48392,"9":65913,"10":73516,"11":58237,"12":81925,"13":32846,"14":48731,"15":41627,"16":89534,"17":63918,"18":74829,"19":36572,"20":26384,"21":72618,"22":28471,"23":81293,"24":34918,"25":52486,"26":19386,"27":97182},"Age":{"0":52,"1":21,"2":45,"3":37,"4":60,"5":32,"6":58,"7":42,"8":35,"9":26,"10":49,"11":55,"12":23,"13":41,"14":28,"15":36,"16":46,"17":33,"18":50,"19":30,"20":56,"21":39,"22":22,"23":43,"24":27,"25":38,"26":59,"27":31},"Gender":{"0":"Male","1":"Female","2":"Male","3":"Female","4":"Female","5":"Female","6":"Female","7":"Male","8":"Male","9":"Female","10":"Male","11":"Male","12":"Male","13":"Female","14":"Male","15":"Female","16":"Female","17":"Male","18":"Male","19":"Female","20":"Female","21":"Male","22":"Female","23":"Male","24":"Female","25":"Male","26":"Male","27":"Female"},"Smoker":{"0":false,"1":true,"2":true,"3":false,"4":true,"5":true,"6":true,"7":false,"8":null,"9":true,"10":false,"11":false,"12":false,"13":true,"14":true,"15":true,"16":false,"17":true,"18":true,"19":true,"20":true,"21":false,"22":false,"23":true,"24":false,"25":true,"26":false,"27":true},"Location":{"0":"Rural","1":"Urban","2":"Rural","3":"Urban","4":"Rural","5":"Urban","6":"Urban","7":"Rural","8":"Urban","9":"Urban","10":"Urban","11":null,"12":"Rural","13":null,"14":"Urban","15":"Rural","16":"Urban","17":null,"18":"Rural","19":"Urban","20":"Rural","21":null,"22":"Urban","23":"Rural","24":null,"25":"Rural","26":"Urban","27":null},"Coverage":{"0":"Basic","1":"Extended","2":"Premium","3":"Basic","4":"Premium","5":"Extended","6":"Extended","7":"Extended","8":"Basic","9":null,"10":"Extended","11":"Basic","12":"Premium","13":"Extended","14":"Basic","15":"Extended","16":"Premium","17":"Premium","18":"Basic","19":"Extended","20":"Premium","21":"Basic","22":"Extended","23":"Extended","24":"Basic","25":"Premium","26":"Extended","27":"Basic"},"Premium":{"0":1625.0,"1":3573.0,"2":4892.0,"3":2873.0,"4":3241.0,"5":1758.0,"6":2104.0,"7":2756.0,"8":1962.0,"9":2374.0,"10":3826.0,"11":1458.0,"12":4765.0,"13":2136.0,"14":1873.0,"15":2954.0,"16":4217.0,"17":4641.0,"18":1326.0,"19":3165.0,"20":4458.0,"21":1552.0,"22":3452.0,"23":null,"24":null,"25":4093.0,"26":2613.0,"27":1729.0},"Deductible":{"0":"205","1":"763","2":"442","3":"648","4":"802","5":"465","6":"142","7":"605","8":null,"9":"521","10":"927","11":"313","12":"816","13":"512","14":"205","15":"705","16":"839","17":"982","18":"239","19":"611","20":"767","21":"388","22":"704","23":" ","24":"279","25":"692","26":"506","27":"424"}}
[2024-03-10T08:20:38.525+0530] {taskinstance.py:1149} INFO - Marking task as SUCCESS. dag_id=pipeline_variable_dag, task_id=taskA, execution_date=20240310T025034, start_date=20240310T025038, end_date=20240310T025038
[2024-03-10T08:20:38.572+0530] {local_task_job_runner.py:234} INFO - Task exited with return code 0
[2024-03-10T08:20:38.608+0530] {taskinstance.py:3309} INFO - 1 downstream tasks scheduled from follow-on schedule check
