[2024-03-11T21:42:22.298+0530] {processor.py:161} INFO - Started process (PID=257356) to work on /home/kai/airflow/dags/dag_with_taskflow.py
[2024-03-11T21:42:22.298+0530] {processor.py:830} INFO - Processing file /home/kai/airflow/dags/dag_with_taskflow.py for tasks to queue
[2024-03-11T21:42:22.299+0530] {logging_mixin.py:188} INFO - [2024-03-11T21:42:22.299+0530] {dagbag.py:540} INFO - Filling up the DagBag from /home/kai/airflow/dags/dag_with_taskflow.py
[2024-03-11T21:42:22.305+0530] {logging_mixin.py:188} INFO - [2024-03-11T21:42:22.303+0530] {dagbag.py:350} ERROR - Failed to import: /home/kai/airflow/dags/dag_with_taskflow.py
Traceback (most recent call last):
  File "/home/kai/.local/lib/python3.10/site-packages/airflow/models/dagbag.py", line 346, in parse
    loader.exec_module(new_module)
  File "<frozen importlib._bootstrap_external>", line 883, in exec_module
  File "<frozen importlib._bootstrap>", line 241, in _call_with_frames_removed
  File "/home/kai/airflow/dags/dag_with_taskflow.py", line 1, in <module>
    from airflow.utils.days import days_ago
ModuleNotFoundError: No module named 'airflow.utils.days'
[2024-03-11T21:42:22.305+0530] {processor.py:842} WARNING - No viable dags retrieved from /home/kai/airflow/dags/dag_with_taskflow.py
[2024-03-11T21:42:22.337+0530] {processor.py:183} INFO - Processing /home/kai/airflow/dags/dag_with_taskflow.py took 0.042 seconds
[2024-03-11T21:42:53.225+0530] {processor.py:161} INFO - Started process (PID=257389) to work on /home/kai/airflow/dags/dag_with_taskflow.py
[2024-03-11T21:42:53.227+0530] {processor.py:830} INFO - Processing file /home/kai/airflow/dags/dag_with_taskflow.py for tasks to queue
[2024-03-11T21:42:53.228+0530] {logging_mixin.py:188} INFO - [2024-03-11T21:42:53.227+0530] {dagbag.py:540} INFO - Filling up the DagBag from /home/kai/airflow/dags/dag_with_taskflow.py
[2024-03-11T21:42:53.236+0530] {logging_mixin.py:188} INFO - [2024-03-11T21:42:53.234+0530] {dagbag.py:350} ERROR - Failed to import: /home/kai/airflow/dags/dag_with_taskflow.py
Traceback (most recent call last):
  File "/home/kai/.local/lib/python3.10/site-packages/airflow/models/dagbag.py", line 346, in parse
    loader.exec_module(new_module)
  File "<frozen importlib._bootstrap_external>", line 883, in exec_module
  File "<frozen importlib._bootstrap>", line 241, in _call_with_frames_removed
  File "/home/kai/airflow/dags/dag_with_taskflow.py", line 1, in <module>
    from airflow.utils.days import days_ago
ModuleNotFoundError: No module named 'airflow.utils.days'
[2024-03-11T21:42:53.236+0530] {processor.py:842} WARNING - No viable dags retrieved from /home/kai/airflow/dags/dag_with_taskflow.py
[2024-03-11T21:42:53.283+0530] {processor.py:183} INFO - Processing /home/kai/airflow/dags/dag_with_taskflow.py took 0.061 seconds
[2024-03-11T21:43:00.343+0530] {processor.py:161} INFO - Started process (PID=257398) to work on /home/kai/airflow/dags/dag_with_taskflow.py
[2024-03-11T21:43:00.344+0530] {processor.py:830} INFO - Processing file /home/kai/airflow/dags/dag_with_taskflow.py for tasks to queue
[2024-03-11T21:43:00.344+0530] {logging_mixin.py:188} INFO - [2024-03-11T21:43:00.344+0530] {dagbag.py:540} INFO - Filling up the DagBag from /home/kai/airflow/dags/dag_with_taskflow.py
[2024-03-11T21:43:00.350+0530] {logging_mixin.py:188} INFO - [2024-03-11T21:43:00.349+0530] {dagbag.py:350} ERROR - Failed to import: /home/kai/airflow/dags/dag_with_taskflow.py
Traceback (most recent call last):
  File "/home/kai/.local/lib/python3.10/site-packages/airflow/models/dagbag.py", line 346, in parse
    loader.exec_module(new_module)
  File "<frozen importlib._bootstrap_external>", line 883, in exec_module
  File "<frozen importlib._bootstrap>", line 241, in _call_with_frames_removed
  File "/home/kai/airflow/dags/dag_with_taskflow.py", line 1, in <module>
    from airflow.utils.days import days_ago
ModuleNotFoundError: No module named 'airflow.utils.days'
[2024-03-11T21:43:00.350+0530] {processor.py:842} WARNING - No viable dags retrieved from /home/kai/airflow/dags/dag_with_taskflow.py
[2024-03-11T21:43:00.382+0530] {processor.py:183} INFO - Processing /home/kai/airflow/dags/dag_with_taskflow.py took 0.043 seconds
[2024-03-11T21:43:31.378+0530] {processor.py:161} INFO - Started process (PID=257440) to work on /home/kai/airflow/dags/dag_with_taskflow.py
[2024-03-11T21:43:31.380+0530] {processor.py:830} INFO - Processing file /home/kai/airflow/dags/dag_with_taskflow.py for tasks to queue
[2024-03-11T21:43:31.381+0530] {logging_mixin.py:188} INFO - [2024-03-11T21:43:31.381+0530] {dagbag.py:540} INFO - Filling up the DagBag from /home/kai/airflow/dags/dag_with_taskflow.py
[2024-03-11T21:43:31.385+0530] {logging_mixin.py:188} INFO - [2024-03-11T21:43:31.384+0530] {dagbag.py:350} ERROR - Failed to import: /home/kai/airflow/dags/dag_with_taskflow.py
Traceback (most recent call last):
  File "/home/kai/.local/lib/python3.10/site-packages/airflow/models/dagbag.py", line 346, in parse
    loader.exec_module(new_module)
  File "<frozen importlib._bootstrap_external>", line 883, in exec_module
  File "<frozen importlib._bootstrap>", line 241, in _call_with_frames_removed
  File "/home/kai/airflow/dags/dag_with_taskflow.py", line 1, in <module>
    from airflow.utils.days import days_ago
ModuleNotFoundError: No module named 'airflow.utils.days'
[2024-03-11T21:43:31.385+0530] {processor.py:842} WARNING - No viable dags retrieved from /home/kai/airflow/dags/dag_with_taskflow.py
[2024-03-11T21:43:31.420+0530] {processor.py:183} INFO - Processing /home/kai/airflow/dags/dag_with_taskflow.py took 0.046 seconds
[2024-03-11T21:43:40.764+0530] {processor.py:161} INFO - Started process (PID=257464) to work on /home/kai/airflow/dags/dag_with_taskflow.py
[2024-03-11T21:43:40.765+0530] {processor.py:830} INFO - Processing file /home/kai/airflow/dags/dag_with_taskflow.py for tasks to queue
[2024-03-11T21:43:40.766+0530] {logging_mixin.py:188} INFO - [2024-03-11T21:43:40.766+0530] {dagbag.py:540} INFO - Filling up the DagBag from /home/kai/airflow/dags/dag_with_taskflow.py
[2024-03-11T21:43:40.778+0530] {processor.py:840} INFO - DAG(s) 'simple_dag_with_taskflow' retrieved from /home/kai/airflow/dags/dag_with_taskflow.py
[2024-03-11T21:43:40.915+0530] {logging_mixin.py:188} INFO - [2024-03-11T21:43:40.913+0530] {override.py:1769} INFO - Created Permission View: can delete on DAG:simple_dag_with_taskflow
[2024-03-11T21:43:40.950+0530] {logging_mixin.py:188} INFO - [2024-03-11T21:43:40.950+0530] {override.py:1769} INFO - Created Permission View: can read on DAG:simple_dag_with_taskflow
[2024-03-11T21:43:40.971+0530] {logging_mixin.py:188} INFO - [2024-03-11T21:43:40.971+0530] {override.py:1769} INFO - Created Permission View: can edit on DAG:simple_dag_with_taskflow
[2024-03-11T21:43:40.972+0530] {logging_mixin.py:188} INFO - [2024-03-11T21:43:40.972+0530] {dag.py:3047} INFO - Sync 1 DAGs
[2024-03-11T21:43:40.981+0530] {logging_mixin.py:188} INFO - [2024-03-11T21:43:40.981+0530] {dag.py:3069} INFO - Creating ORM DAG for simple_dag_with_taskflow
[2024-03-11T21:43:40.989+0530] {logging_mixin.py:188} INFO - [2024-03-11T21:43:40.989+0530] {dag.py:3834} INFO - Setting next_dagrun for simple_dag_with_taskflow to 2024-03-10 00:00:00+00:00, run_after=2024-03-11 00:00:00+00:00
[2024-03-11T21:43:41.064+0530] {processor.py:183} INFO - Processing /home/kai/airflow/dags/dag_with_taskflow.py took 0.303 seconds
[2024-03-11T21:44:13.063+0530] {processor.py:161} INFO - Started process (PID=257515) to work on /home/kai/airflow/dags/dag_with_taskflow.py
[2024-03-11T21:44:13.065+0530] {processor.py:830} INFO - Processing file /home/kai/airflow/dags/dag_with_taskflow.py for tasks to queue
[2024-03-11T21:44:13.066+0530] {logging_mixin.py:188} INFO - [2024-03-11T21:44:13.065+0530] {dagbag.py:540} INFO - Filling up the DagBag from /home/kai/airflow/dags/dag_with_taskflow.py
[2024-03-11T21:44:13.078+0530] {processor.py:840} INFO - DAG(s) 'simple_dag_with_taskflow' retrieved from /home/kai/airflow/dags/dag_with_taskflow.py
[2024-03-11T21:44:13.100+0530] {logging_mixin.py:188} INFO - [2024-03-11T21:44:13.100+0530] {dag.py:3047} INFO - Sync 1 DAGs
[2024-03-11T21:44:13.119+0530] {logging_mixin.py:188} INFO - [2024-03-11T21:44:13.119+0530] {dag.py:3834} INFO - Setting next_dagrun for simple_dag_with_taskflow to 2024-03-11 00:00:00+00:00, run_after=2024-03-12 00:00:00+00:00
[2024-03-11T21:44:13.168+0530] {processor.py:183} INFO - Processing /home/kai/airflow/dags/dag_with_taskflow.py took 0.109 seconds
[2024-03-11T21:44:44.192+0530] {processor.py:161} INFO - Started process (PID=257547) to work on /home/kai/airflow/dags/dag_with_taskflow.py
[2024-03-11T21:44:44.193+0530] {processor.py:830} INFO - Processing file /home/kai/airflow/dags/dag_with_taskflow.py for tasks to queue
[2024-03-11T21:44:44.194+0530] {logging_mixin.py:188} INFO - [2024-03-11T21:44:44.194+0530] {dagbag.py:540} INFO - Filling up the DagBag from /home/kai/airflow/dags/dag_with_taskflow.py
[2024-03-11T21:44:44.206+0530] {processor.py:840} INFO - DAG(s) 'simple_dag_with_taskflow' retrieved from /home/kai/airflow/dags/dag_with_taskflow.py
[2024-03-11T21:44:44.228+0530] {logging_mixin.py:188} INFO - [2024-03-11T21:44:44.227+0530] {dag.py:3047} INFO - Sync 1 DAGs
[2024-03-11T21:44:44.246+0530] {logging_mixin.py:188} INFO - [2024-03-11T21:44:44.246+0530] {dag.py:3834} INFO - Setting next_dagrun for simple_dag_with_taskflow to 2024-03-11 00:00:00+00:00, run_after=2024-03-12 00:00:00+00:00
[2024-03-11T21:44:44.280+0530] {processor.py:183} INFO - Processing /home/kai/airflow/dags/dag_with_taskflow.py took 0.091 seconds
[2024-03-11T21:45:16.326+0530] {processor.py:161} INFO - Started process (PID=257583) to work on /home/kai/airflow/dags/dag_with_taskflow.py
[2024-03-11T21:45:16.331+0530] {processor.py:830} INFO - Processing file /home/kai/airflow/dags/dag_with_taskflow.py for tasks to queue
[2024-03-11T21:45:16.333+0530] {logging_mixin.py:188} INFO - [2024-03-11T21:45:16.332+0530] {dagbag.py:540} INFO - Filling up the DagBag from /home/kai/airflow/dags/dag_with_taskflow.py
[2024-03-11T21:45:16.358+0530] {processor.py:840} INFO - DAG(s) 'simple_dag_with_taskflow' retrieved from /home/kai/airflow/dags/dag_with_taskflow.py
[2024-03-11T21:45:16.389+0530] {logging_mixin.py:188} INFO - [2024-03-11T21:45:16.388+0530] {dag.py:3047} INFO - Sync 1 DAGs
[2024-03-11T21:45:16.409+0530] {logging_mixin.py:188} INFO - [2024-03-11T21:45:16.409+0530] {dag.py:3834} INFO - Setting next_dagrun for simple_dag_with_taskflow to 2024-03-11 00:00:00+00:00, run_after=2024-03-12 00:00:00+00:00
[2024-03-11T21:45:16.474+0530] {processor.py:183} INFO - Processing /home/kai/airflow/dags/dag_with_taskflow.py took 0.153 seconds
[2024-03-11T21:45:47.451+0530] {processor.py:161} INFO - Started process (PID=257615) to work on /home/kai/airflow/dags/dag_with_taskflow.py
[2024-03-11T21:45:47.453+0530] {processor.py:830} INFO - Processing file /home/kai/airflow/dags/dag_with_taskflow.py for tasks to queue
[2024-03-11T21:45:47.454+0530] {logging_mixin.py:188} INFO - [2024-03-11T21:45:47.453+0530] {dagbag.py:540} INFO - Filling up the DagBag from /home/kai/airflow/dags/dag_with_taskflow.py
[2024-03-11T21:45:47.468+0530] {processor.py:840} INFO - DAG(s) 'simple_dag_with_taskflow' retrieved from /home/kai/airflow/dags/dag_with_taskflow.py
[2024-03-11T21:45:47.490+0530] {logging_mixin.py:188} INFO - [2024-03-11T21:45:47.489+0530] {dag.py:3047} INFO - Sync 1 DAGs
[2024-03-11T21:45:47.508+0530] {logging_mixin.py:188} INFO - [2024-03-11T21:45:47.507+0530] {dag.py:3834} INFO - Setting next_dagrun for simple_dag_with_taskflow to 2024-03-11 00:00:00+00:00, run_after=2024-03-12 00:00:00+00:00
[2024-03-11T21:45:47.546+0530] {processor.py:183} INFO - Processing /home/kai/airflow/dags/dag_with_taskflow.py took 0.099 seconds
[2024-03-11T21:46:18.277+0530] {processor.py:161} INFO - Started process (PID=257647) to work on /home/kai/airflow/dags/dag_with_taskflow.py
[2024-03-11T21:46:18.282+0530] {processor.py:830} INFO - Processing file /home/kai/airflow/dags/dag_with_taskflow.py for tasks to queue
[2024-03-11T21:46:18.284+0530] {logging_mixin.py:188} INFO - [2024-03-11T21:46:18.283+0530] {dagbag.py:540} INFO - Filling up the DagBag from /home/kai/airflow/dags/dag_with_taskflow.py
[2024-03-11T21:46:18.302+0530] {processor.py:840} INFO - DAG(s) 'simple_dag_with_taskflow' retrieved from /home/kai/airflow/dags/dag_with_taskflow.py
[2024-03-11T21:46:18.325+0530] {logging_mixin.py:188} INFO - [2024-03-11T21:46:18.325+0530] {dag.py:3047} INFO - Sync 1 DAGs
[2024-03-11T21:46:18.344+0530] {logging_mixin.py:188} INFO - [2024-03-11T21:46:18.343+0530] {dag.py:3834} INFO - Setting next_dagrun for simple_dag_with_taskflow to 2024-03-11 00:00:00+00:00, run_after=2024-03-12 00:00:00+00:00
[2024-03-11T21:46:18.380+0530] {processor.py:183} INFO - Processing /home/kai/airflow/dags/dag_with_taskflow.py took 0.109 seconds
[2024-03-11T21:46:49.165+0530] {processor.py:161} INFO - Started process (PID=257681) to work on /home/kai/airflow/dags/dag_with_taskflow.py
[2024-03-11T21:46:49.168+0530] {processor.py:830} INFO - Processing file /home/kai/airflow/dags/dag_with_taskflow.py for tasks to queue
[2024-03-11T21:46:49.169+0530] {logging_mixin.py:188} INFO - [2024-03-11T21:46:49.168+0530] {dagbag.py:540} INFO - Filling up the DagBag from /home/kai/airflow/dags/dag_with_taskflow.py
[2024-03-11T21:46:49.181+0530] {processor.py:840} INFO - DAG(s) 'simple_dag_with_taskflow' retrieved from /home/kai/airflow/dags/dag_with_taskflow.py
[2024-03-11T21:46:49.203+0530] {logging_mixin.py:188} INFO - [2024-03-11T21:46:49.203+0530] {dag.py:3047} INFO - Sync 1 DAGs
[2024-03-11T21:46:49.223+0530] {logging_mixin.py:188} INFO - [2024-03-11T21:46:49.223+0530] {dag.py:3834} INFO - Setting next_dagrun for simple_dag_with_taskflow to 2024-03-11 00:00:00+00:00, run_after=2024-03-12 00:00:00+00:00
[2024-03-11T21:46:49.259+0530] {processor.py:183} INFO - Processing /home/kai/airflow/dags/dag_with_taskflow.py took 0.098 seconds
[2024-03-11T21:47:20.110+0530] {processor.py:161} INFO - Started process (PID=257717) to work on /home/kai/airflow/dags/dag_with_taskflow.py
[2024-03-11T21:47:20.116+0530] {processor.py:830} INFO - Processing file /home/kai/airflow/dags/dag_with_taskflow.py for tasks to queue
[2024-03-11T21:47:20.117+0530] {logging_mixin.py:188} INFO - [2024-03-11T21:47:20.116+0530] {dagbag.py:540} INFO - Filling up the DagBag from /home/kai/airflow/dags/dag_with_taskflow.py
[2024-03-11T21:47:20.130+0530] {processor.py:840} INFO - DAG(s) 'simple_dag_with_taskflow' retrieved from /home/kai/airflow/dags/dag_with_taskflow.py
[2024-03-11T21:47:20.158+0530] {logging_mixin.py:188} INFO - [2024-03-11T21:47:20.158+0530] {dag.py:3047} INFO - Sync 1 DAGs
[2024-03-11T21:47:20.180+0530] {logging_mixin.py:188} INFO - [2024-03-11T21:47:20.180+0530] {dag.py:3834} INFO - Setting next_dagrun for simple_dag_with_taskflow to 2024-03-11 00:00:00+00:00, run_after=2024-03-12 00:00:00+00:00
[2024-03-11T21:47:20.221+0530] {processor.py:183} INFO - Processing /home/kai/airflow/dags/dag_with_taskflow.py took 0.115 seconds
[2024-03-11T21:47:50.726+0530] {processor.py:161} INFO - Started process (PID=257749) to work on /home/kai/airflow/dags/dag_with_taskflow.py
[2024-03-11T21:47:50.731+0530] {processor.py:830} INFO - Processing file /home/kai/airflow/dags/dag_with_taskflow.py for tasks to queue
[2024-03-11T21:47:50.732+0530] {logging_mixin.py:188} INFO - [2024-03-11T21:47:50.731+0530] {dagbag.py:540} INFO - Filling up the DagBag from /home/kai/airflow/dags/dag_with_taskflow.py
[2024-03-11T21:47:50.744+0530] {processor.py:840} INFO - DAG(s) 'simple_dag_with_taskflow' retrieved from /home/kai/airflow/dags/dag_with_taskflow.py
[2024-03-11T21:47:50.766+0530] {logging_mixin.py:188} INFO - [2024-03-11T21:47:50.766+0530] {dag.py:3047} INFO - Sync 1 DAGs
[2024-03-11T21:47:50.785+0530] {logging_mixin.py:188} INFO - [2024-03-11T21:47:50.785+0530] {dag.py:3834} INFO - Setting next_dagrun for simple_dag_with_taskflow to 2024-03-11 00:00:00+00:00, run_after=2024-03-12 00:00:00+00:00
[2024-03-11T21:47:50.821+0530] {processor.py:183} INFO - Processing /home/kai/airflow/dags/dag_with_taskflow.py took 0.099 seconds
[2024-03-11T21:48:21.747+0530] {processor.py:161} INFO - Started process (PID=257781) to work on /home/kai/airflow/dags/dag_with_taskflow.py
[2024-03-11T21:48:21.752+0530] {processor.py:830} INFO - Processing file /home/kai/airflow/dags/dag_with_taskflow.py for tasks to queue
[2024-03-11T21:48:21.753+0530] {logging_mixin.py:188} INFO - [2024-03-11T21:48:21.752+0530] {dagbag.py:540} INFO - Filling up the DagBag from /home/kai/airflow/dags/dag_with_taskflow.py
[2024-03-11T21:48:21.764+0530] {processor.py:840} INFO - DAG(s) 'simple_dag_with_taskflow' retrieved from /home/kai/airflow/dags/dag_with_taskflow.py
[2024-03-11T21:48:21.786+0530] {logging_mixin.py:188} INFO - [2024-03-11T21:48:21.786+0530] {dag.py:3047} INFO - Sync 1 DAGs
[2024-03-11T21:48:21.806+0530] {logging_mixin.py:188} INFO - [2024-03-11T21:48:21.806+0530] {dag.py:3834} INFO - Setting next_dagrun for simple_dag_with_taskflow to 2024-03-11 00:00:00+00:00, run_after=2024-03-12 00:00:00+00:00
[2024-03-11T21:48:21.867+0530] {processor.py:183} INFO - Processing /home/kai/airflow/dags/dag_with_taskflow.py took 0.123 seconds
[2024-03-11T21:48:52.640+0530] {processor.py:161} INFO - Started process (PID=257813) to work on /home/kai/airflow/dags/dag_with_taskflow.py
[2024-03-11T21:48:52.641+0530] {processor.py:830} INFO - Processing file /home/kai/airflow/dags/dag_with_taskflow.py for tasks to queue
[2024-03-11T21:48:52.642+0530] {logging_mixin.py:188} INFO - [2024-03-11T21:48:52.641+0530] {dagbag.py:540} INFO - Filling up the DagBag from /home/kai/airflow/dags/dag_with_taskflow.py
[2024-03-11T21:48:52.653+0530] {processor.py:840} INFO - DAG(s) 'simple_dag_with_taskflow' retrieved from /home/kai/airflow/dags/dag_with_taskflow.py
[2024-03-11T21:48:52.675+0530] {logging_mixin.py:188} INFO - [2024-03-11T21:48:52.675+0530] {dag.py:3047} INFO - Sync 1 DAGs
[2024-03-11T21:48:52.694+0530] {logging_mixin.py:188} INFO - [2024-03-11T21:48:52.694+0530] {dag.py:3834} INFO - Setting next_dagrun for simple_dag_with_taskflow to 2024-03-11 00:00:00+00:00, run_after=2024-03-12 00:00:00+00:00
[2024-03-11T21:48:52.744+0530] {processor.py:183} INFO - Processing /home/kai/airflow/dags/dag_with_taskflow.py took 0.107 seconds
[2024-03-11T21:49:23.158+0530] {processor.py:161} INFO - Started process (PID=257845) to work on /home/kai/airflow/dags/dag_with_taskflow.py
[2024-03-11T21:49:23.161+0530] {processor.py:830} INFO - Processing file /home/kai/airflow/dags/dag_with_taskflow.py for tasks to queue
[2024-03-11T21:49:23.162+0530] {logging_mixin.py:188} INFO - [2024-03-11T21:49:23.161+0530] {dagbag.py:540} INFO - Filling up the DagBag from /home/kai/airflow/dags/dag_with_taskflow.py
[2024-03-11T21:49:23.174+0530] {processor.py:840} INFO - DAG(s) 'simple_dag_with_taskflow' retrieved from /home/kai/airflow/dags/dag_with_taskflow.py
[2024-03-11T21:49:23.196+0530] {logging_mixin.py:188} INFO - [2024-03-11T21:49:23.195+0530] {dag.py:3047} INFO - Sync 1 DAGs
[2024-03-11T21:49:23.215+0530] {logging_mixin.py:188} INFO - [2024-03-11T21:49:23.215+0530] {dag.py:3834} INFO - Setting next_dagrun for simple_dag_with_taskflow to 2024-03-11 00:00:00+00:00, run_after=2024-03-12 00:00:00+00:00
[2024-03-11T21:49:23.251+0530] {processor.py:183} INFO - Processing /home/kai/airflow/dags/dag_with_taskflow.py took 0.098 seconds
[2024-03-11T21:49:54.068+0530] {processor.py:161} INFO - Started process (PID=257879) to work on /home/kai/airflow/dags/dag_with_taskflow.py
[2024-03-11T21:49:54.069+0530] {processor.py:830} INFO - Processing file /home/kai/airflow/dags/dag_with_taskflow.py for tasks to queue
[2024-03-11T21:49:54.070+0530] {logging_mixin.py:188} INFO - [2024-03-11T21:49:54.070+0530] {dagbag.py:540} INFO - Filling up the DagBag from /home/kai/airflow/dags/dag_with_taskflow.py
[2024-03-11T21:49:54.082+0530] {processor.py:840} INFO - DAG(s) 'simple_dag_with_taskflow' retrieved from /home/kai/airflow/dags/dag_with_taskflow.py
[2024-03-11T21:49:54.104+0530] {logging_mixin.py:188} INFO - [2024-03-11T21:49:54.104+0530] {dag.py:3047} INFO - Sync 1 DAGs
[2024-03-11T21:49:54.124+0530] {logging_mixin.py:188} INFO - [2024-03-11T21:49:54.124+0530] {dag.py:3834} INFO - Setting next_dagrun for simple_dag_with_taskflow to 2024-03-11 00:00:00+00:00, run_after=2024-03-12 00:00:00+00:00
[2024-03-11T21:49:54.161+0530] {processor.py:183} INFO - Processing /home/kai/airflow/dags/dag_with_taskflow.py took 0.097 seconds
[2024-03-11T21:50:24.768+0530] {processor.py:161} INFO - Started process (PID=257911) to work on /home/kai/airflow/dags/dag_with_taskflow.py
[2024-03-11T21:50:24.773+0530] {processor.py:830} INFO - Processing file /home/kai/airflow/dags/dag_with_taskflow.py for tasks to queue
[2024-03-11T21:50:24.774+0530] {logging_mixin.py:188} INFO - [2024-03-11T21:50:24.773+0530] {dagbag.py:540} INFO - Filling up the DagBag from /home/kai/airflow/dags/dag_with_taskflow.py
[2024-03-11T21:50:24.784+0530] {processor.py:840} INFO - DAG(s) 'simple_dag_with_taskflow' retrieved from /home/kai/airflow/dags/dag_with_taskflow.py
[2024-03-11T21:50:24.806+0530] {logging_mixin.py:188} INFO - [2024-03-11T21:50:24.806+0530] {dag.py:3047} INFO - Sync 1 DAGs
[2024-03-11T21:50:24.826+0530] {logging_mixin.py:188} INFO - [2024-03-11T21:50:24.825+0530] {dag.py:3834} INFO - Setting next_dagrun for simple_dag_with_taskflow to 2024-03-11 00:00:00+00:00, run_after=2024-03-12 00:00:00+00:00
[2024-03-11T21:50:24.862+0530] {processor.py:183} INFO - Processing /home/kai/airflow/dags/dag_with_taskflow.py took 0.097 seconds
[2024-03-11T21:50:55.600+0530] {processor.py:161} INFO - Started process (PID=257945) to work on /home/kai/airflow/dags/dag_with_taskflow.py
[2024-03-11T21:50:55.605+0530] {processor.py:830} INFO - Processing file /home/kai/airflow/dags/dag_with_taskflow.py for tasks to queue
[2024-03-11T21:50:55.606+0530] {logging_mixin.py:188} INFO - [2024-03-11T21:50:55.605+0530] {dagbag.py:540} INFO - Filling up the DagBag from /home/kai/airflow/dags/dag_with_taskflow.py
[2024-03-11T21:50:55.619+0530] {processor.py:840} INFO - DAG(s) 'simple_dag_with_taskflow' retrieved from /home/kai/airflow/dags/dag_with_taskflow.py
[2024-03-11T21:50:55.640+0530] {logging_mixin.py:188} INFO - [2024-03-11T21:50:55.639+0530] {dag.py:3047} INFO - Sync 1 DAGs
[2024-03-11T21:50:55.659+0530] {logging_mixin.py:188} INFO - [2024-03-11T21:50:55.658+0530] {dag.py:3834} INFO - Setting next_dagrun for simple_dag_with_taskflow to 2024-03-11 00:00:00+00:00, run_after=2024-03-12 00:00:00+00:00
[2024-03-11T21:50:55.710+0530] {processor.py:183} INFO - Processing /home/kai/airflow/dags/dag_with_taskflow.py took 0.114 seconds
[2024-03-11T21:51:26.209+0530] {processor.py:161} INFO - Started process (PID=257976) to work on /home/kai/airflow/dags/dag_with_taskflow.py
[2024-03-11T21:51:26.214+0530] {processor.py:830} INFO - Processing file /home/kai/airflow/dags/dag_with_taskflow.py for tasks to queue
[2024-03-11T21:51:26.215+0530] {logging_mixin.py:188} INFO - [2024-03-11T21:51:26.215+0530] {dagbag.py:540} INFO - Filling up the DagBag from /home/kai/airflow/dags/dag_with_taskflow.py
[2024-03-11T21:51:26.227+0530] {processor.py:840} INFO - DAG(s) 'simple_dag_with_taskflow' retrieved from /home/kai/airflow/dags/dag_with_taskflow.py
[2024-03-11T21:51:26.249+0530] {logging_mixin.py:188} INFO - [2024-03-11T21:51:26.249+0530] {dag.py:3047} INFO - Sync 1 DAGs
[2024-03-11T21:51:26.268+0530] {logging_mixin.py:188} INFO - [2024-03-11T21:51:26.267+0530] {dag.py:3834} INFO - Setting next_dagrun for simple_dag_with_taskflow to 2024-03-11 00:00:00+00:00, run_after=2024-03-12 00:00:00+00:00
[2024-03-11T21:51:26.319+0530] {processor.py:183} INFO - Processing /home/kai/airflow/dags/dag_with_taskflow.py took 0.113 seconds
[2024-03-11T21:51:57.255+0530] {processor.py:161} INFO - Started process (PID=258008) to work on /home/kai/airflow/dags/dag_with_taskflow.py
[2024-03-11T21:51:57.257+0530] {processor.py:830} INFO - Processing file /home/kai/airflow/dags/dag_with_taskflow.py for tasks to queue
[2024-03-11T21:51:57.257+0530] {logging_mixin.py:188} INFO - [2024-03-11T21:51:57.257+0530] {dagbag.py:540} INFO - Filling up the DagBag from /home/kai/airflow/dags/dag_with_taskflow.py
[2024-03-11T21:51:57.270+0530] {processor.py:840} INFO - DAG(s) 'simple_dag_with_taskflow' retrieved from /home/kai/airflow/dags/dag_with_taskflow.py
[2024-03-11T21:51:57.294+0530] {logging_mixin.py:188} INFO - [2024-03-11T21:51:57.294+0530] {dag.py:3047} INFO - Sync 1 DAGs
[2024-03-11T21:51:57.315+0530] {logging_mixin.py:188} INFO - [2024-03-11T21:51:57.314+0530] {dag.py:3834} INFO - Setting next_dagrun for simple_dag_with_taskflow to 2024-03-11 00:00:00+00:00, run_after=2024-03-12 00:00:00+00:00
[2024-03-11T21:51:57.352+0530] {processor.py:183} INFO - Processing /home/kai/airflow/dags/dag_with_taskflow.py took 0.100 seconds
[2024-03-11T21:52:28.167+0530] {processor.py:161} INFO - Started process (PID=258040) to work on /home/kai/airflow/dags/dag_with_taskflow.py
[2024-03-11T21:52:28.168+0530] {processor.py:830} INFO - Processing file /home/kai/airflow/dags/dag_with_taskflow.py for tasks to queue
[2024-03-11T21:52:28.169+0530] {logging_mixin.py:188} INFO - [2024-03-11T21:52:28.169+0530] {dagbag.py:540} INFO - Filling up the DagBag from /home/kai/airflow/dags/dag_with_taskflow.py
[2024-03-11T21:52:28.182+0530] {processor.py:840} INFO - DAG(s) 'simple_dag_with_taskflow' retrieved from /home/kai/airflow/dags/dag_with_taskflow.py
[2024-03-11T21:52:28.204+0530] {logging_mixin.py:188} INFO - [2024-03-11T21:52:28.204+0530] {dag.py:3047} INFO - Sync 1 DAGs
[2024-03-11T21:52:28.225+0530] {logging_mixin.py:188} INFO - [2024-03-11T21:52:28.224+0530] {dag.py:3834} INFO - Setting next_dagrun for simple_dag_with_taskflow to 2024-03-11 00:00:00+00:00, run_after=2024-03-12 00:00:00+00:00
[2024-03-11T21:52:28.262+0530] {processor.py:183} INFO - Processing /home/kai/airflow/dags/dag_with_taskflow.py took 0.099 seconds
[2024-03-11T21:52:59.081+0530] {processor.py:161} INFO - Started process (PID=258072) to work on /home/kai/airflow/dags/dag_with_taskflow.py
[2024-03-11T21:52:59.085+0530] {processor.py:830} INFO - Processing file /home/kai/airflow/dags/dag_with_taskflow.py for tasks to queue
[2024-03-11T21:52:59.087+0530] {logging_mixin.py:188} INFO - [2024-03-11T21:52:59.086+0530] {dagbag.py:540} INFO - Filling up the DagBag from /home/kai/airflow/dags/dag_with_taskflow.py
[2024-03-11T21:52:59.100+0530] {processor.py:840} INFO - DAG(s) 'simple_dag_with_taskflow' retrieved from /home/kai/airflow/dags/dag_with_taskflow.py
[2024-03-11T21:52:59.126+0530] {logging_mixin.py:188} INFO - [2024-03-11T21:52:59.126+0530] {dag.py:3047} INFO - Sync 1 DAGs
[2024-03-11T21:52:59.145+0530] {logging_mixin.py:188} INFO - [2024-03-11T21:52:59.145+0530] {dag.py:3834} INFO - Setting next_dagrun for simple_dag_with_taskflow to 2024-03-11 00:00:00+00:00, run_after=2024-03-12 00:00:00+00:00
[2024-03-11T21:52:59.185+0530] {processor.py:183} INFO - Processing /home/kai/airflow/dags/dag_with_taskflow.py took 0.108 seconds
[2024-03-11T21:53:30.026+0530] {processor.py:161} INFO - Started process (PID=258104) to work on /home/kai/airflow/dags/dag_with_taskflow.py
[2024-03-11T21:53:30.031+0530] {processor.py:830} INFO - Processing file /home/kai/airflow/dags/dag_with_taskflow.py for tasks to queue
[2024-03-11T21:53:30.032+0530] {logging_mixin.py:188} INFO - [2024-03-11T21:53:30.031+0530] {dagbag.py:540} INFO - Filling up the DagBag from /home/kai/airflow/dags/dag_with_taskflow.py
[2024-03-11T21:53:30.043+0530] {processor.py:840} INFO - DAG(s) 'simple_dag_with_taskflow' retrieved from /home/kai/airflow/dags/dag_with_taskflow.py
[2024-03-11T21:53:30.066+0530] {logging_mixin.py:188} INFO - [2024-03-11T21:53:30.066+0530] {dag.py:3047} INFO - Sync 1 DAGs
[2024-03-11T21:53:30.084+0530] {logging_mixin.py:188} INFO - [2024-03-11T21:53:30.083+0530] {dag.py:3834} INFO - Setting next_dagrun for simple_dag_with_taskflow to 2024-03-11 00:00:00+00:00, run_after=2024-03-12 00:00:00+00:00
[2024-03-11T21:53:30.121+0530] {processor.py:183} INFO - Processing /home/kai/airflow/dags/dag_with_taskflow.py took 0.098 seconds
[2024-03-11T21:54:00.759+0530] {processor.py:161} INFO - Started process (PID=258136) to work on /home/kai/airflow/dags/dag_with_taskflow.py
[2024-03-11T21:54:00.763+0530] {processor.py:830} INFO - Processing file /home/kai/airflow/dags/dag_with_taskflow.py for tasks to queue
[2024-03-11T21:54:00.764+0530] {logging_mixin.py:188} INFO - [2024-03-11T21:54:00.764+0530] {dagbag.py:540} INFO - Filling up the DagBag from /home/kai/airflow/dags/dag_with_taskflow.py
[2024-03-11T21:54:00.775+0530] {processor.py:840} INFO - DAG(s) 'simple_dag_with_taskflow' retrieved from /home/kai/airflow/dags/dag_with_taskflow.py
[2024-03-11T21:54:00.796+0530] {logging_mixin.py:188} INFO - [2024-03-11T21:54:00.796+0530] {dag.py:3047} INFO - Sync 1 DAGs
[2024-03-11T21:54:00.816+0530] {logging_mixin.py:188} INFO - [2024-03-11T21:54:00.816+0530] {dag.py:3834} INFO - Setting next_dagrun for simple_dag_with_taskflow to 2024-03-11 00:00:00+00:00, run_after=2024-03-12 00:00:00+00:00
[2024-03-11T21:54:00.851+0530] {processor.py:183} INFO - Processing /home/kai/airflow/dags/dag_with_taskflow.py took 0.095 seconds
[2024-03-11T21:54:31.028+0530] {processor.py:161} INFO - Started process (PID=258160) to work on /home/kai/airflow/dags/dag_with_taskflow.py
[2024-03-11T21:54:31.033+0530] {processor.py:830} INFO - Processing file /home/kai/airflow/dags/dag_with_taskflow.py for tasks to queue
[2024-03-11T21:54:31.034+0530] {logging_mixin.py:188} INFO - [2024-03-11T21:54:31.034+0530] {dagbag.py:540} INFO - Filling up the DagBag from /home/kai/airflow/dags/dag_with_taskflow.py
[2024-03-11T21:54:31.045+0530] {processor.py:840} INFO - DAG(s) 'simple_dag_with_taskflow' retrieved from /home/kai/airflow/dags/dag_with_taskflow.py
[2024-03-11T21:54:31.067+0530] {logging_mixin.py:188} INFO - [2024-03-11T21:54:31.066+0530] {dag.py:3047} INFO - Sync 1 DAGs
[2024-03-11T21:54:31.092+0530] {logging_mixin.py:188} INFO - [2024-03-11T21:54:31.092+0530] {dag.py:3834} INFO - Setting next_dagrun for simple_dag_with_taskflow to 2024-03-11 00:00:00+00:00, run_after=2024-03-12 00:00:00+00:00
[2024-03-11T21:54:31.148+0530] {processor.py:183} INFO - Processing /home/kai/airflow/dags/dag_with_taskflow.py took 0.122 seconds
[2024-03-11T21:55:01.550+0530] {processor.py:161} INFO - Started process (PID=258184) to work on /home/kai/airflow/dags/dag_with_taskflow.py
[2024-03-11T21:55:01.555+0530] {processor.py:830} INFO - Processing file /home/kai/airflow/dags/dag_with_taskflow.py for tasks to queue
[2024-03-11T21:55:01.556+0530] {logging_mixin.py:188} INFO - [2024-03-11T21:55:01.555+0530] {dagbag.py:540} INFO - Filling up the DagBag from /home/kai/airflow/dags/dag_with_taskflow.py
[2024-03-11T21:55:01.567+0530] {processor.py:840} INFO - DAG(s) 'simple_dag_with_taskflow' retrieved from /home/kai/airflow/dags/dag_with_taskflow.py
[2024-03-11T21:55:01.589+0530] {logging_mixin.py:188} INFO - [2024-03-11T21:55:01.589+0530] {dag.py:3047} INFO - Sync 1 DAGs
[2024-03-11T21:55:01.607+0530] {logging_mixin.py:188} INFO - [2024-03-11T21:55:01.607+0530] {dag.py:3834} INFO - Setting next_dagrun for simple_dag_with_taskflow to 2024-03-11 00:00:00+00:00, run_after=2024-03-12 00:00:00+00:00
[2024-03-11T21:55:01.650+0530] {processor.py:183} INFO - Processing /home/kai/airflow/dags/dag_with_taskflow.py took 0.102 seconds
[2024-03-11T21:55:32.097+0530] {processor.py:161} INFO - Started process (PID=258216) to work on /home/kai/airflow/dags/dag_with_taskflow.py
[2024-03-11T21:55:32.100+0530] {processor.py:830} INFO - Processing file /home/kai/airflow/dags/dag_with_taskflow.py for tasks to queue
[2024-03-11T21:55:32.101+0530] {logging_mixin.py:188} INFO - [2024-03-11T21:55:32.101+0530] {dagbag.py:540} INFO - Filling up the DagBag from /home/kai/airflow/dags/dag_with_taskflow.py
[2024-03-11T21:55:32.113+0530] {processor.py:840} INFO - DAG(s) 'simple_dag_with_taskflow' retrieved from /home/kai/airflow/dags/dag_with_taskflow.py
[2024-03-11T21:55:32.137+0530] {logging_mixin.py:188} INFO - [2024-03-11T21:55:32.136+0530] {dag.py:3047} INFO - Sync 1 DAGs
[2024-03-11T21:55:32.156+0530] {logging_mixin.py:188} INFO - [2024-03-11T21:55:32.156+0530] {dag.py:3834} INFO - Setting next_dagrun for simple_dag_with_taskflow to 2024-03-11 00:00:00+00:00, run_after=2024-03-12 00:00:00+00:00
[2024-03-11T21:55:32.191+0530] {processor.py:183} INFO - Processing /home/kai/airflow/dags/dag_with_taskflow.py took 0.098 seconds
[2024-03-11T21:56:02.408+0530] {processor.py:161} INFO - Started process (PID=258248) to work on /home/kai/airflow/dags/dag_with_taskflow.py
[2024-03-11T21:56:02.413+0530] {processor.py:830} INFO - Processing file /home/kai/airflow/dags/dag_with_taskflow.py for tasks to queue
[2024-03-11T21:56:02.415+0530] {logging_mixin.py:188} INFO - [2024-03-11T21:56:02.414+0530] {dagbag.py:540} INFO - Filling up the DagBag from /home/kai/airflow/dags/dag_with_taskflow.py
[2024-03-11T21:56:02.432+0530] {processor.py:840} INFO - DAG(s) 'simple_dag_with_taskflow' retrieved from /home/kai/airflow/dags/dag_with_taskflow.py
[2024-03-11T21:56:02.454+0530] {logging_mixin.py:188} INFO - [2024-03-11T21:56:02.453+0530] {dag.py:3047} INFO - Sync 1 DAGs
[2024-03-11T21:56:02.472+0530] {logging_mixin.py:188} INFO - [2024-03-11T21:56:02.472+0530] {dag.py:3834} INFO - Setting next_dagrun for simple_dag_with_taskflow to 2024-03-11 00:00:00+00:00, run_after=2024-03-12 00:00:00+00:00
[2024-03-11T21:56:02.507+0530] {processor.py:183} INFO - Processing /home/kai/airflow/dags/dag_with_taskflow.py took 0.104 seconds
[2024-03-11T21:56:32.899+0530] {processor.py:161} INFO - Started process (PID=258280) to work on /home/kai/airflow/dags/dag_with_taskflow.py
[2024-03-11T21:56:32.903+0530] {processor.py:830} INFO - Processing file /home/kai/airflow/dags/dag_with_taskflow.py for tasks to queue
[2024-03-11T21:56:32.904+0530] {logging_mixin.py:188} INFO - [2024-03-11T21:56:32.903+0530] {dagbag.py:540} INFO - Filling up the DagBag from /home/kai/airflow/dags/dag_with_taskflow.py
[2024-03-11T21:56:32.916+0530] {processor.py:840} INFO - DAG(s) 'simple_dag_with_taskflow' retrieved from /home/kai/airflow/dags/dag_with_taskflow.py
[2024-03-11T21:56:32.939+0530] {logging_mixin.py:188} INFO - [2024-03-11T21:56:32.939+0530] {dag.py:3047} INFO - Sync 1 DAGs
[2024-03-11T21:56:32.960+0530] {logging_mixin.py:188} INFO - [2024-03-11T21:56:32.960+0530] {dag.py:3834} INFO - Setting next_dagrun for simple_dag_with_taskflow to 2024-03-11 00:00:00+00:00, run_after=2024-03-12 00:00:00+00:00
[2024-03-11T21:56:32.994+0530] {processor.py:183} INFO - Processing /home/kai/airflow/dags/dag_with_taskflow.py took 0.098 seconds
[2024-03-11T21:57:03.338+0530] {processor.py:161} INFO - Started process (PID=258321) to work on /home/kai/airflow/dags/dag_with_taskflow.py
[2024-03-11T21:57:03.340+0530] {processor.py:830} INFO - Processing file /home/kai/airflow/dags/dag_with_taskflow.py for tasks to queue
[2024-03-11T21:57:03.341+0530] {logging_mixin.py:188} INFO - [2024-03-11T21:57:03.341+0530] {dagbag.py:540} INFO - Filling up the DagBag from /home/kai/airflow/dags/dag_with_taskflow.py
[2024-03-11T21:57:03.364+0530] {processor.py:840} INFO - DAG(s) 'simple_dag_with_taskflow' retrieved from /home/kai/airflow/dags/dag_with_taskflow.py
[2024-03-11T21:57:03.406+0530] {logging_mixin.py:188} INFO - [2024-03-11T21:57:03.406+0530] {dag.py:3047} INFO - Sync 1 DAGs
[2024-03-11T21:57:03.433+0530] {logging_mixin.py:188} INFO - [2024-03-11T21:57:03.432+0530] {dag.py:3834} INFO - Setting next_dagrun for simple_dag_with_taskflow to 2024-03-11 00:00:00+00:00, run_after=2024-03-12 00:00:00+00:00
[2024-03-11T21:57:03.470+0530] {processor.py:183} INFO - Processing /home/kai/airflow/dags/dag_with_taskflow.py took 0.136 seconds
[2024-03-11T21:57:33.971+0530] {processor.py:161} INFO - Started process (PID=258373) to work on /home/kai/airflow/dags/dag_with_taskflow.py
[2024-03-11T21:57:33.973+0530] {processor.py:830} INFO - Processing file /home/kai/airflow/dags/dag_with_taskflow.py for tasks to queue
[2024-03-11T21:57:33.974+0530] {logging_mixin.py:188} INFO - [2024-03-11T21:57:33.974+0530] {dagbag.py:540} INFO - Filling up the DagBag from /home/kai/airflow/dags/dag_with_taskflow.py
[2024-03-11T21:57:33.986+0530] {processor.py:840} INFO - DAG(s) 'simple_dag_with_taskflow' retrieved from /home/kai/airflow/dags/dag_with_taskflow.py
[2024-03-11T21:57:34.007+0530] {logging_mixin.py:188} INFO - [2024-03-11T21:57:34.007+0530] {dag.py:3047} INFO - Sync 1 DAGs
[2024-03-11T21:57:34.026+0530] {logging_mixin.py:188} INFO - [2024-03-11T21:57:34.026+0530] {dag.py:3834} INFO - Setting next_dagrun for simple_dag_with_taskflow to 2024-03-11 00:00:00+00:00, run_after=2024-03-12 00:00:00+00:00
[2024-03-11T21:57:34.064+0530] {processor.py:183} INFO - Processing /home/kai/airflow/dags/dag_with_taskflow.py took 0.097 seconds
[2024-03-11T21:58:05.516+0530] {processor.py:161} INFO - Started process (PID=258422) to work on /home/kai/airflow/dags/dag_with_taskflow.py
[2024-03-11T21:58:05.517+0530] {processor.py:830} INFO - Processing file /home/kai/airflow/dags/dag_with_taskflow.py for tasks to queue
[2024-03-11T21:58:05.518+0530] {logging_mixin.py:188} INFO - [2024-03-11T21:58:05.517+0530] {dagbag.py:540} INFO - Filling up the DagBag from /home/kai/airflow/dags/dag_with_taskflow.py
[2024-03-11T21:58:05.529+0530] {processor.py:840} INFO - DAG(s) 'simple_dag_with_taskflow' retrieved from /home/kai/airflow/dags/dag_with_taskflow.py
[2024-03-11T21:58:05.552+0530] {logging_mixin.py:188} INFO - [2024-03-11T21:58:05.551+0530] {dag.py:3047} INFO - Sync 1 DAGs
[2024-03-11T21:58:05.571+0530] {logging_mixin.py:188} INFO - [2024-03-11T21:58:05.571+0530] {dag.py:3834} INFO - Setting next_dagrun for simple_dag_with_taskflow to 2024-03-11 00:00:00+00:00, run_after=2024-03-12 00:00:00+00:00
[2024-03-11T21:58:05.606+0530] {processor.py:183} INFO - Processing /home/kai/airflow/dags/dag_with_taskflow.py took 0.095 seconds
[2024-03-11T21:58:35.814+0530] {processor.py:161} INFO - Started process (PID=258461) to work on /home/kai/airflow/dags/dag_with_taskflow.py
[2024-03-11T21:58:35.817+0530] {processor.py:830} INFO - Processing file /home/kai/airflow/dags/dag_with_taskflow.py for tasks to queue
[2024-03-11T21:58:35.818+0530] {logging_mixin.py:188} INFO - [2024-03-11T21:58:35.818+0530] {dagbag.py:540} INFO - Filling up the DagBag from /home/kai/airflow/dags/dag_with_taskflow.py
[2024-03-11T21:58:35.829+0530] {processor.py:840} INFO - DAG(s) 'simple_dag_with_taskflow' retrieved from /home/kai/airflow/dags/dag_with_taskflow.py
[2024-03-11T21:58:35.850+0530] {logging_mixin.py:188} INFO - [2024-03-11T21:58:35.849+0530] {dag.py:3047} INFO - Sync 1 DAGs
[2024-03-11T21:58:35.868+0530] {logging_mixin.py:188} INFO - [2024-03-11T21:58:35.868+0530] {dag.py:3834} INFO - Setting next_dagrun for simple_dag_with_taskflow to 2024-03-11 00:00:00+00:00, run_after=2024-03-12 00:00:00+00:00
[2024-03-11T21:58:35.901+0530] {processor.py:183} INFO - Processing /home/kai/airflow/dags/dag_with_taskflow.py took 0.090 seconds
[2024-03-11T21:59:06.130+0530] {processor.py:161} INFO - Started process (PID=258494) to work on /home/kai/airflow/dags/dag_with_taskflow.py
[2024-03-11T21:59:06.133+0530] {processor.py:830} INFO - Processing file /home/kai/airflow/dags/dag_with_taskflow.py for tasks to queue
[2024-03-11T21:59:06.134+0530] {logging_mixin.py:188} INFO - [2024-03-11T21:59:06.134+0530] {dagbag.py:540} INFO - Filling up the DagBag from /home/kai/airflow/dags/dag_with_taskflow.py
[2024-03-11T21:59:06.146+0530] {processor.py:840} INFO - DAG(s) 'simple_dag_with_taskflow' retrieved from /home/kai/airflow/dags/dag_with_taskflow.py
[2024-03-11T21:59:06.166+0530] {logging_mixin.py:188} INFO - [2024-03-11T21:59:06.166+0530] {dag.py:3047} INFO - Sync 1 DAGs
[2024-03-11T21:59:06.185+0530] {logging_mixin.py:188} INFO - [2024-03-11T21:59:06.185+0530] {dag.py:3834} INFO - Setting next_dagrun for simple_dag_with_taskflow to 2024-03-11 00:00:00+00:00, run_after=2024-03-12 00:00:00+00:00
[2024-03-11T21:59:06.219+0530] {processor.py:183} INFO - Processing /home/kai/airflow/dags/dag_with_taskflow.py took 0.092 seconds
[2024-03-11T21:59:36.328+0530] {processor.py:161} INFO - Started process (PID=258529) to work on /home/kai/airflow/dags/dag_with_taskflow.py
[2024-03-11T21:59:36.331+0530] {processor.py:830} INFO - Processing file /home/kai/airflow/dags/dag_with_taskflow.py for tasks to queue
[2024-03-11T21:59:36.332+0530] {logging_mixin.py:188} INFO - [2024-03-11T21:59:36.332+0530] {dagbag.py:540} INFO - Filling up the DagBag from /home/kai/airflow/dags/dag_with_taskflow.py
[2024-03-11T21:59:36.348+0530] {processor.py:840} INFO - DAG(s) 'simple_dag_with_taskflow' retrieved from /home/kai/airflow/dags/dag_with_taskflow.py
[2024-03-11T21:59:36.375+0530] {logging_mixin.py:188} INFO - [2024-03-11T21:59:36.375+0530] {dag.py:3047} INFO - Sync 1 DAGs
[2024-03-11T21:59:36.396+0530] {logging_mixin.py:188} INFO - [2024-03-11T21:59:36.396+0530] {dag.py:3834} INFO - Setting next_dagrun for simple_dag_with_taskflow to 2024-03-11 00:00:00+00:00, run_after=2024-03-12 00:00:00+00:00
[2024-03-11T21:59:36.429+0530] {processor.py:183} INFO - Processing /home/kai/airflow/dags/dag_with_taskflow.py took 0.107 seconds
[2024-03-11T22:00:07.722+0530] {processor.py:161} INFO - Started process (PID=258567) to work on /home/kai/airflow/dags/dag_with_taskflow.py
[2024-03-11T22:00:07.724+0530] {processor.py:830} INFO - Processing file /home/kai/airflow/dags/dag_with_taskflow.py for tasks to queue
[2024-03-11T22:00:07.725+0530] {logging_mixin.py:188} INFO - [2024-03-11T22:00:07.724+0530] {dagbag.py:540} INFO - Filling up the DagBag from /home/kai/airflow/dags/dag_with_taskflow.py
[2024-03-11T22:00:07.737+0530] {processor.py:840} INFO - DAG(s) 'simple_dag_with_taskflow' retrieved from /home/kai/airflow/dags/dag_with_taskflow.py
[2024-03-11T22:00:07.760+0530] {logging_mixin.py:188} INFO - [2024-03-11T22:00:07.759+0530] {dag.py:3047} INFO - Sync 1 DAGs
[2024-03-11T22:00:07.780+0530] {logging_mixin.py:188} INFO - [2024-03-11T22:00:07.779+0530] {dag.py:3834} INFO - Setting next_dagrun for simple_dag_with_taskflow to 2024-03-11 00:00:00+00:00, run_after=2024-03-12 00:00:00+00:00
[2024-03-11T22:00:07.814+0530] {processor.py:183} INFO - Processing /home/kai/airflow/dags/dag_with_taskflow.py took 0.096 seconds
[2024-03-11T22:00:38.932+0530] {processor.py:161} INFO - Started process (PID=258614) to work on /home/kai/airflow/dags/dag_with_taskflow.py
[2024-03-11T22:00:38.935+0530] {processor.py:830} INFO - Processing file /home/kai/airflow/dags/dag_with_taskflow.py for tasks to queue
[2024-03-11T22:00:38.936+0530] {logging_mixin.py:188} INFO - [2024-03-11T22:00:38.935+0530] {dagbag.py:540} INFO - Filling up the DagBag from /home/kai/airflow/dags/dag_with_taskflow.py
[2024-03-11T22:00:38.948+0530] {processor.py:840} INFO - DAG(s) 'simple_dag_with_taskflow' retrieved from /home/kai/airflow/dags/dag_with_taskflow.py
[2024-03-11T22:00:38.968+0530] {logging_mixin.py:188} INFO - [2024-03-11T22:00:38.968+0530] {dag.py:3047} INFO - Sync 1 DAGs
[2024-03-11T22:00:38.988+0530] {logging_mixin.py:188} INFO - [2024-03-11T22:00:38.988+0530] {dag.py:3834} INFO - Setting next_dagrun for simple_dag_with_taskflow to 2024-03-11 00:00:00+00:00, run_after=2024-03-12 00:00:00+00:00
[2024-03-11T22:00:39.023+0530] {processor.py:183} INFO - Processing /home/kai/airflow/dags/dag_with_taskflow.py took 0.094 seconds
[2024-03-11T22:01:10.031+0530] {processor.py:161} INFO - Started process (PID=258656) to work on /home/kai/airflow/dags/dag_with_taskflow.py
[2024-03-11T22:01:10.034+0530] {processor.py:830} INFO - Processing file /home/kai/airflow/dags/dag_with_taskflow.py for tasks to queue
[2024-03-11T22:01:10.035+0530] {logging_mixin.py:188} INFO - [2024-03-11T22:01:10.035+0530] {dagbag.py:540} INFO - Filling up the DagBag from /home/kai/airflow/dags/dag_with_taskflow.py
[2024-03-11T22:01:10.048+0530] {processor.py:840} INFO - DAG(s) 'simple_dag_with_taskflow' retrieved from /home/kai/airflow/dags/dag_with_taskflow.py
[2024-03-11T22:01:10.069+0530] {logging_mixin.py:188} INFO - [2024-03-11T22:01:10.069+0530] {dag.py:3047} INFO - Sync 1 DAGs
[2024-03-11T22:01:10.086+0530] {logging_mixin.py:188} INFO - [2024-03-11T22:01:10.086+0530] {dag.py:3834} INFO - Setting next_dagrun for simple_dag_with_taskflow to 2024-03-11 00:00:00+00:00, run_after=2024-03-12 00:00:00+00:00
[2024-03-11T22:01:10.121+0530] {processor.py:183} INFO - Processing /home/kai/airflow/dags/dag_with_taskflow.py took 0.094 seconds
[2024-03-11T22:01:40.961+0530] {processor.py:161} INFO - Started process (PID=258701) to work on /home/kai/airflow/dags/dag_with_taskflow.py
[2024-03-11T22:01:40.963+0530] {processor.py:830} INFO - Processing file /home/kai/airflow/dags/dag_with_taskflow.py for tasks to queue
[2024-03-11T22:01:40.965+0530] {logging_mixin.py:188} INFO - [2024-03-11T22:01:40.964+0530] {dagbag.py:540} INFO - Filling up the DagBag from /home/kai/airflow/dags/dag_with_taskflow.py
[2024-03-11T22:01:40.979+0530] {processor.py:840} INFO - DAG(s) 'simple_dag_with_taskflow' retrieved from /home/kai/airflow/dags/dag_with_taskflow.py
[2024-03-11T22:01:41.001+0530] {logging_mixin.py:188} INFO - [2024-03-11T22:01:41.001+0530] {dag.py:3047} INFO - Sync 1 DAGs
[2024-03-11T22:01:41.020+0530] {logging_mixin.py:188} INFO - [2024-03-11T22:01:41.019+0530] {dag.py:3834} INFO - Setting next_dagrun for simple_dag_with_taskflow to 2024-03-11 00:00:00+00:00, run_after=2024-03-12 00:00:00+00:00
[2024-03-11T22:01:41.057+0530] {processor.py:183} INFO - Processing /home/kai/airflow/dags/dag_with_taskflow.py took 0.099 seconds
[2024-03-11T22:02:11.695+0530] {processor.py:161} INFO - Started process (PID=258734) to work on /home/kai/airflow/dags/dag_with_taskflow.py
[2024-03-11T22:02:11.700+0530] {processor.py:830} INFO - Processing file /home/kai/airflow/dags/dag_with_taskflow.py for tasks to queue
[2024-03-11T22:02:11.701+0530] {logging_mixin.py:188} INFO - [2024-03-11T22:02:11.700+0530] {dagbag.py:540} INFO - Filling up the DagBag from /home/kai/airflow/dags/dag_with_taskflow.py
[2024-03-11T22:02:11.712+0530] {processor.py:840} INFO - DAG(s) 'simple_dag_with_taskflow' retrieved from /home/kai/airflow/dags/dag_with_taskflow.py
[2024-03-11T22:02:11.734+0530] {logging_mixin.py:188} INFO - [2024-03-11T22:02:11.733+0530] {dag.py:3047} INFO - Sync 1 DAGs
[2024-03-11T22:02:11.752+0530] {logging_mixin.py:188} INFO - [2024-03-11T22:02:11.752+0530] {dag.py:3834} INFO - Setting next_dagrun for simple_dag_with_taskflow to 2024-03-11 00:00:00+00:00, run_after=2024-03-12 00:00:00+00:00
[2024-03-11T22:02:11.793+0530] {processor.py:183} INFO - Processing /home/kai/airflow/dags/dag_with_taskflow.py took 0.101 seconds
[2024-03-11T22:02:42.315+0530] {processor.py:161} INFO - Started process (PID=258767) to work on /home/kai/airflow/dags/dag_with_taskflow.py
[2024-03-11T22:02:42.320+0530] {processor.py:830} INFO - Processing file /home/kai/airflow/dags/dag_with_taskflow.py for tasks to queue
[2024-03-11T22:02:42.321+0530] {logging_mixin.py:188} INFO - [2024-03-11T22:02:42.321+0530] {dagbag.py:540} INFO - Filling up the DagBag from /home/kai/airflow/dags/dag_with_taskflow.py
[2024-03-11T22:02:42.339+0530] {processor.py:840} INFO - DAG(s) 'simple_dag_with_taskflow' retrieved from /home/kai/airflow/dags/dag_with_taskflow.py
[2024-03-11T22:02:42.360+0530] {logging_mixin.py:188} INFO - [2024-03-11T22:02:42.360+0530] {dag.py:3047} INFO - Sync 1 DAGs
[2024-03-11T22:02:42.379+0530] {logging_mixin.py:188} INFO - [2024-03-11T22:02:42.379+0530] {dag.py:3834} INFO - Setting next_dagrun for simple_dag_with_taskflow to 2024-03-11 00:00:00+00:00, run_after=2024-03-12 00:00:00+00:00
[2024-03-11T22:02:42.428+0530] {processor.py:183} INFO - Processing /home/kai/airflow/dags/dag_with_taskflow.py took 0.119 seconds
[2024-03-11T22:03:12.842+0530] {processor.py:161} INFO - Started process (PID=258802) to work on /home/kai/airflow/dags/dag_with_taskflow.py
[2024-03-11T22:03:12.846+0530] {processor.py:830} INFO - Processing file /home/kai/airflow/dags/dag_with_taskflow.py for tasks to queue
[2024-03-11T22:03:12.847+0530] {logging_mixin.py:188} INFO - [2024-03-11T22:03:12.847+0530] {dagbag.py:540} INFO - Filling up the DagBag from /home/kai/airflow/dags/dag_with_taskflow.py
[2024-03-11T22:03:12.860+0530] {processor.py:840} INFO - DAG(s) 'simple_dag_with_taskflow' retrieved from /home/kai/airflow/dags/dag_with_taskflow.py
[2024-03-11T22:03:12.881+0530] {logging_mixin.py:188} INFO - [2024-03-11T22:03:12.881+0530] {dag.py:3047} INFO - Sync 1 DAGs
[2024-03-11T22:03:12.899+0530] {logging_mixin.py:188} INFO - [2024-03-11T22:03:12.898+0530] {dag.py:3834} INFO - Setting next_dagrun for simple_dag_with_taskflow to 2024-03-11 00:00:00+00:00, run_after=2024-03-12 00:00:00+00:00
[2024-03-11T22:03:12.937+0530] {processor.py:183} INFO - Processing /home/kai/airflow/dags/dag_with_taskflow.py took 0.099 seconds
[2024-03-11T22:03:43.591+0530] {processor.py:161} INFO - Started process (PID=258835) to work on /home/kai/airflow/dags/dag_with_taskflow.py
[2024-03-11T22:03:43.594+0530] {processor.py:830} INFO - Processing file /home/kai/airflow/dags/dag_with_taskflow.py for tasks to queue
[2024-03-11T22:03:43.596+0530] {logging_mixin.py:188} INFO - [2024-03-11T22:03:43.595+0530] {dagbag.py:540} INFO - Filling up the DagBag from /home/kai/airflow/dags/dag_with_taskflow.py
[2024-03-11T22:03:43.610+0530] {processor.py:840} INFO - DAG(s) 'simple_dag_with_taskflow' retrieved from /home/kai/airflow/dags/dag_with_taskflow.py
[2024-03-11T22:03:43.630+0530] {logging_mixin.py:188} INFO - [2024-03-11T22:03:43.630+0530] {dag.py:3047} INFO - Sync 1 DAGs
[2024-03-11T22:03:43.648+0530] {logging_mixin.py:188} INFO - [2024-03-11T22:03:43.648+0530] {dag.py:3834} INFO - Setting next_dagrun for simple_dag_with_taskflow to 2024-03-11 00:00:00+00:00, run_after=2024-03-12 00:00:00+00:00
[2024-03-11T22:03:43.683+0530] {processor.py:183} INFO - Processing /home/kai/airflow/dags/dag_with_taskflow.py took 0.097 seconds
[2024-03-11T22:04:14.243+0530] {processor.py:161} INFO - Started process (PID=258868) to work on /home/kai/airflow/dags/dag_with_taskflow.py
[2024-03-11T22:04:14.248+0530] {processor.py:830} INFO - Processing file /home/kai/airflow/dags/dag_with_taskflow.py for tasks to queue
[2024-03-11T22:04:14.249+0530] {logging_mixin.py:188} INFO - [2024-03-11T22:04:14.248+0530] {dagbag.py:540} INFO - Filling up the DagBag from /home/kai/airflow/dags/dag_with_taskflow.py
[2024-03-11T22:04:14.259+0530] {processor.py:840} INFO - DAG(s) 'simple_dag_with_taskflow' retrieved from /home/kai/airflow/dags/dag_with_taskflow.py
[2024-03-11T22:04:14.279+0530] {logging_mixin.py:188} INFO - [2024-03-11T22:04:14.279+0530] {dag.py:3047} INFO - Sync 1 DAGs
[2024-03-11T22:04:14.297+0530] {logging_mixin.py:188} INFO - [2024-03-11T22:04:14.296+0530] {dag.py:3834} INFO - Setting next_dagrun for simple_dag_with_taskflow to 2024-03-11 00:00:00+00:00, run_after=2024-03-12 00:00:00+00:00
[2024-03-11T22:04:14.332+0530] {processor.py:183} INFO - Processing /home/kai/airflow/dags/dag_with_taskflow.py took 0.093 seconds
[2024-03-11T22:04:44.907+0530] {processor.py:161} INFO - Started process (PID=258904) to work on /home/kai/airflow/dags/dag_with_taskflow.py
[2024-03-11T22:04:44.911+0530] {processor.py:830} INFO - Processing file /home/kai/airflow/dags/dag_with_taskflow.py for tasks to queue
[2024-03-11T22:04:44.912+0530] {logging_mixin.py:188} INFO - [2024-03-11T22:04:44.911+0530] {dagbag.py:540} INFO - Filling up the DagBag from /home/kai/airflow/dags/dag_with_taskflow.py
[2024-03-11T22:04:44.927+0530] {processor.py:840} INFO - DAG(s) 'simple_dag_with_taskflow' retrieved from /home/kai/airflow/dags/dag_with_taskflow.py
[2024-03-11T22:04:44.948+0530] {logging_mixin.py:188} INFO - [2024-03-11T22:04:44.948+0530] {dag.py:3047} INFO - Sync 1 DAGs
[2024-03-11T22:04:44.967+0530] {logging_mixin.py:188} INFO - [2024-03-11T22:04:44.966+0530] {dag.py:3834} INFO - Setting next_dagrun for simple_dag_with_taskflow to 2024-03-11 00:00:00+00:00, run_after=2024-03-12 00:00:00+00:00
[2024-03-11T22:04:45.000+0530] {processor.py:183} INFO - Processing /home/kai/airflow/dags/dag_with_taskflow.py took 0.101 seconds
[2024-03-11T22:05:15.484+0530] {processor.py:161} INFO - Started process (PID=258937) to work on /home/kai/airflow/dags/dag_with_taskflow.py
[2024-03-11T22:05:15.489+0530] {processor.py:830} INFO - Processing file /home/kai/airflow/dags/dag_with_taskflow.py for tasks to queue
[2024-03-11T22:05:15.490+0530] {logging_mixin.py:188} INFO - [2024-03-11T22:05:15.490+0530] {dagbag.py:540} INFO - Filling up the DagBag from /home/kai/airflow/dags/dag_with_taskflow.py
[2024-03-11T22:05:15.502+0530] {processor.py:840} INFO - DAG(s) 'simple_dag_with_taskflow' retrieved from /home/kai/airflow/dags/dag_with_taskflow.py
[2024-03-11T22:05:15.525+0530] {logging_mixin.py:188} INFO - [2024-03-11T22:05:15.524+0530] {dag.py:3047} INFO - Sync 1 DAGs
[2024-03-11T22:05:15.544+0530] {logging_mixin.py:188} INFO - [2024-03-11T22:05:15.543+0530] {dag.py:3834} INFO - Setting next_dagrun for simple_dag_with_taskflow to 2024-03-11 00:00:00+00:00, run_after=2024-03-12 00:00:00+00:00
[2024-03-11T22:05:15.579+0530] {processor.py:183} INFO - Processing /home/kai/airflow/dags/dag_with_taskflow.py took 0.105 seconds
[2024-03-11T22:05:46.235+0530] {processor.py:161} INFO - Started process (PID=258970) to work on /home/kai/airflow/dags/dag_with_taskflow.py
[2024-03-11T22:05:46.236+0530] {processor.py:830} INFO - Processing file /home/kai/airflow/dags/dag_with_taskflow.py for tasks to queue
[2024-03-11T22:05:46.238+0530] {logging_mixin.py:188} INFO - [2024-03-11T22:05:46.238+0530] {dagbag.py:540} INFO - Filling up the DagBag from /home/kai/airflow/dags/dag_with_taskflow.py
[2024-03-11T22:05:46.252+0530] {processor.py:840} INFO - DAG(s) 'simple_dag_with_taskflow' retrieved from /home/kai/airflow/dags/dag_with_taskflow.py
[2024-03-11T22:05:46.274+0530] {logging_mixin.py:188} INFO - [2024-03-11T22:05:46.274+0530] {dag.py:3047} INFO - Sync 1 DAGs
[2024-03-11T22:05:46.293+0530] {logging_mixin.py:188} INFO - [2024-03-11T22:05:46.293+0530] {dag.py:3834} INFO - Setting next_dagrun for simple_dag_with_taskflow to 2024-03-11 00:00:00+00:00, run_after=2024-03-12 00:00:00+00:00
[2024-03-11T22:05:46.342+0530] {processor.py:183} INFO - Processing /home/kai/airflow/dags/dag_with_taskflow.py took 0.115 seconds
[2024-03-11T22:06:16.888+0530] {processor.py:161} INFO - Started process (PID=259003) to work on /home/kai/airflow/dags/dag_with_taskflow.py
[2024-03-11T22:06:16.892+0530] {processor.py:830} INFO - Processing file /home/kai/airflow/dags/dag_with_taskflow.py for tasks to queue
[2024-03-11T22:06:16.893+0530] {logging_mixin.py:188} INFO - [2024-03-11T22:06:16.893+0530] {dagbag.py:540} INFO - Filling up the DagBag from /home/kai/airflow/dags/dag_with_taskflow.py
[2024-03-11T22:06:16.907+0530] {processor.py:840} INFO - DAG(s) 'simple_dag_with_taskflow' retrieved from /home/kai/airflow/dags/dag_with_taskflow.py
[2024-03-11T22:06:16.931+0530] {logging_mixin.py:188} INFO - [2024-03-11T22:06:16.930+0530] {dag.py:3047} INFO - Sync 1 DAGs
[2024-03-11T22:06:16.951+0530] {logging_mixin.py:188} INFO - [2024-03-11T22:06:16.951+0530] {dag.py:3834} INFO - Setting next_dagrun for simple_dag_with_taskflow to 2024-03-11 00:00:00+00:00, run_after=2024-03-12 00:00:00+00:00
[2024-03-11T22:06:16.989+0530] {processor.py:183} INFO - Processing /home/kai/airflow/dags/dag_with_taskflow.py took 0.109 seconds
[2024-03-11T22:06:47.627+0530] {processor.py:161} INFO - Started process (PID=259036) to work on /home/kai/airflow/dags/dag_with_taskflow.py
[2024-03-11T22:06:47.631+0530] {processor.py:830} INFO - Processing file /home/kai/airflow/dags/dag_with_taskflow.py for tasks to queue
[2024-03-11T22:06:47.632+0530] {logging_mixin.py:188} INFO - [2024-03-11T22:06:47.632+0530] {dagbag.py:540} INFO - Filling up the DagBag from /home/kai/airflow/dags/dag_with_taskflow.py
[2024-03-11T22:06:47.642+0530] {processor.py:840} INFO - DAG(s) 'simple_dag_with_taskflow' retrieved from /home/kai/airflow/dags/dag_with_taskflow.py
[2024-03-11T22:06:47.663+0530] {logging_mixin.py:188} INFO - [2024-03-11T22:06:47.663+0530] {dag.py:3047} INFO - Sync 1 DAGs
[2024-03-11T22:06:47.682+0530] {logging_mixin.py:188} INFO - [2024-03-11T22:06:47.681+0530] {dag.py:3834} INFO - Setting next_dagrun for simple_dag_with_taskflow to 2024-03-11 00:00:00+00:00, run_after=2024-03-12 00:00:00+00:00
[2024-03-11T22:06:47.713+0530] {processor.py:183} INFO - Processing /home/kai/airflow/dags/dag_with_taskflow.py took 0.091 seconds
[2024-03-11T22:07:18.362+0530] {processor.py:161} INFO - Started process (PID=259069) to work on /home/kai/airflow/dags/dag_with_taskflow.py
[2024-03-11T22:07:18.367+0530] {processor.py:830} INFO - Processing file /home/kai/airflow/dags/dag_with_taskflow.py for tasks to queue
[2024-03-11T22:07:18.369+0530] {logging_mixin.py:188} INFO - [2024-03-11T22:07:18.368+0530] {dagbag.py:540} INFO - Filling up the DagBag from /home/kai/airflow/dags/dag_with_taskflow.py
[2024-03-11T22:07:18.383+0530] {processor.py:840} INFO - DAG(s) 'simple_dag_with_taskflow' retrieved from /home/kai/airflow/dags/dag_with_taskflow.py
[2024-03-11T22:07:18.405+0530] {logging_mixin.py:188} INFO - [2024-03-11T22:07:18.405+0530] {dag.py:3047} INFO - Sync 1 DAGs
[2024-03-11T22:07:18.425+0530] {logging_mixin.py:188} INFO - [2024-03-11T22:07:18.425+0530] {dag.py:3834} INFO - Setting next_dagrun for simple_dag_with_taskflow to 2024-03-11 00:00:00+00:00, run_after=2024-03-12 00:00:00+00:00
[2024-03-11T22:07:18.460+0530] {processor.py:183} INFO - Processing /home/kai/airflow/dags/dag_with_taskflow.py took 0.105 seconds
[2024-03-11T22:07:48.909+0530] {processor.py:161} INFO - Started process (PID=259102) to work on /home/kai/airflow/dags/dag_with_taskflow.py
[2024-03-11T22:07:48.910+0530] {processor.py:830} INFO - Processing file /home/kai/airflow/dags/dag_with_taskflow.py for tasks to queue
[2024-03-11T22:07:48.911+0530] {logging_mixin.py:188} INFO - [2024-03-11T22:07:48.910+0530] {dagbag.py:540} INFO - Filling up the DagBag from /home/kai/airflow/dags/dag_with_taskflow.py
[2024-03-11T22:07:48.921+0530] {processor.py:840} INFO - DAG(s) 'simple_dag_with_taskflow' retrieved from /home/kai/airflow/dags/dag_with_taskflow.py
[2024-03-11T22:07:48.942+0530] {logging_mixin.py:188} INFO - [2024-03-11T22:07:48.942+0530] {dag.py:3047} INFO - Sync 1 DAGs
[2024-03-11T22:07:48.960+0530] {logging_mixin.py:188} INFO - [2024-03-11T22:07:48.960+0530] {dag.py:3834} INFO - Setting next_dagrun for simple_dag_with_taskflow to 2024-03-11 00:00:00+00:00, run_after=2024-03-12 00:00:00+00:00
[2024-03-11T22:07:48.995+0530] {processor.py:183} INFO - Processing /home/kai/airflow/dags/dag_with_taskflow.py took 0.091 seconds
[2024-03-11T22:08:19.271+0530] {processor.py:161} INFO - Started process (PID=259135) to work on /home/kai/airflow/dags/dag_with_taskflow.py
[2024-03-11T22:08:19.276+0530] {processor.py:830} INFO - Processing file /home/kai/airflow/dags/dag_with_taskflow.py for tasks to queue
[2024-03-11T22:08:19.277+0530] {logging_mixin.py:188} INFO - [2024-03-11T22:08:19.277+0530] {dagbag.py:540} INFO - Filling up the DagBag from /home/kai/airflow/dags/dag_with_taskflow.py
[2024-03-11T22:08:19.289+0530] {processor.py:840} INFO - DAG(s) 'simple_dag_with_taskflow' retrieved from /home/kai/airflow/dags/dag_with_taskflow.py
[2024-03-11T22:08:19.311+0530] {logging_mixin.py:188} INFO - [2024-03-11T22:08:19.311+0530] {dag.py:3047} INFO - Sync 1 DAGs
[2024-03-11T22:08:19.332+0530] {logging_mixin.py:188} INFO - [2024-03-11T22:08:19.332+0530] {dag.py:3834} INFO - Setting next_dagrun for simple_dag_with_taskflow to 2024-03-11 00:00:00+00:00, run_after=2024-03-12 00:00:00+00:00
[2024-03-11T22:08:19.368+0530] {processor.py:183} INFO - Processing /home/kai/airflow/dags/dag_with_taskflow.py took 0.103 seconds
[2024-03-11T22:08:50.274+0530] {processor.py:161} INFO - Started process (PID=259170) to work on /home/kai/airflow/dags/dag_with_taskflow.py
[2024-03-11T22:08:50.279+0530] {processor.py:830} INFO - Processing file /home/kai/airflow/dags/dag_with_taskflow.py for tasks to queue
[2024-03-11T22:08:50.280+0530] {logging_mixin.py:188} INFO - [2024-03-11T22:08:50.280+0530] {dagbag.py:540} INFO - Filling up the DagBag from /home/kai/airflow/dags/dag_with_taskflow.py
[2024-03-11T22:08:50.293+0530] {processor.py:840} INFO - DAG(s) 'simple_dag_with_taskflow' retrieved from /home/kai/airflow/dags/dag_with_taskflow.py
[2024-03-11T22:08:50.314+0530] {logging_mixin.py:188} INFO - [2024-03-11T22:08:50.314+0530] {dag.py:3047} INFO - Sync 1 DAGs
[2024-03-11T22:08:50.333+0530] {logging_mixin.py:188} INFO - [2024-03-11T22:08:50.333+0530] {dag.py:3834} INFO - Setting next_dagrun for simple_dag_with_taskflow to 2024-03-11 00:00:00+00:00, run_after=2024-03-12 00:00:00+00:00
[2024-03-11T22:08:50.371+0530] {processor.py:183} INFO - Processing /home/kai/airflow/dags/dag_with_taskflow.py took 0.101 seconds
[2024-03-11T22:09:21.227+0530] {processor.py:161} INFO - Started process (PID=259209) to work on /home/kai/airflow/dags/dag_with_taskflow.py
[2024-03-11T22:09:21.232+0530] {processor.py:830} INFO - Processing file /home/kai/airflow/dags/dag_with_taskflow.py for tasks to queue
[2024-03-11T22:09:21.233+0530] {logging_mixin.py:188} INFO - [2024-03-11T22:09:21.232+0530] {dagbag.py:540} INFO - Filling up the DagBag from /home/kai/airflow/dags/dag_with_taskflow.py
[2024-03-11T22:09:21.244+0530] {processor.py:840} INFO - DAG(s) 'simple_dag_with_taskflow' retrieved from /home/kai/airflow/dags/dag_with_taskflow.py
[2024-03-11T22:09:21.267+0530] {logging_mixin.py:188} INFO - [2024-03-11T22:09:21.267+0530] {dag.py:3047} INFO - Sync 1 DAGs
[2024-03-11T22:09:21.286+0530] {logging_mixin.py:188} INFO - [2024-03-11T22:09:21.286+0530] {dag.py:3834} INFO - Setting next_dagrun for simple_dag_with_taskflow to 2024-03-11 00:00:00+00:00, run_after=2024-03-12 00:00:00+00:00
[2024-03-11T22:09:21.321+0530] {processor.py:183} INFO - Processing /home/kai/airflow/dags/dag_with_taskflow.py took 0.098 seconds
[2024-03-11T22:09:51.455+0530] {processor.py:161} INFO - Started process (PID=259252) to work on /home/kai/airflow/dags/dag_with_taskflow.py
[2024-03-11T22:09:51.456+0530] {processor.py:830} INFO - Processing file /home/kai/airflow/dags/dag_with_taskflow.py for tasks to queue
[2024-03-11T22:09:51.457+0530] {logging_mixin.py:188} INFO - [2024-03-11T22:09:51.457+0530] {dagbag.py:540} INFO - Filling up the DagBag from /home/kai/airflow/dags/dag_with_taskflow.py
[2024-03-11T22:09:51.470+0530] {processor.py:840} INFO - DAG(s) 'simple_dag_with_taskflow' retrieved from /home/kai/airflow/dags/dag_with_taskflow.py
[2024-03-11T22:09:51.493+0530] {logging_mixin.py:188} INFO - [2024-03-11T22:09:51.493+0530] {dag.py:3047} INFO - Sync 1 DAGs
[2024-03-11T22:09:51.517+0530] {logging_mixin.py:188} INFO - [2024-03-11T22:09:51.517+0530] {dag.py:3834} INFO - Setting next_dagrun for simple_dag_with_taskflow to 2024-03-11 00:00:00+00:00, run_after=2024-03-12 00:00:00+00:00
[2024-03-11T22:09:51.550+0530] {processor.py:183} INFO - Processing /home/kai/airflow/dags/dag_with_taskflow.py took 0.099 seconds
[2024-03-11T22:10:21.777+0530] {processor.py:161} INFO - Started process (PID=259290) to work on /home/kai/airflow/dags/dag_with_taskflow.py
[2024-03-11T22:10:21.780+0530] {processor.py:830} INFO - Processing file /home/kai/airflow/dags/dag_with_taskflow.py for tasks to queue
[2024-03-11T22:10:21.781+0530] {logging_mixin.py:188} INFO - [2024-03-11T22:10:21.781+0530] {dagbag.py:540} INFO - Filling up the DagBag from /home/kai/airflow/dags/dag_with_taskflow.py
[2024-03-11T22:10:21.793+0530] {processor.py:840} INFO - DAG(s) 'simple_dag_with_taskflow' retrieved from /home/kai/airflow/dags/dag_with_taskflow.py
[2024-03-11T22:10:21.814+0530] {logging_mixin.py:188} INFO - [2024-03-11T22:10:21.814+0530] {dag.py:3047} INFO - Sync 1 DAGs
[2024-03-11T22:10:21.833+0530] {logging_mixin.py:188} INFO - [2024-03-11T22:10:21.833+0530] {dag.py:3834} INFO - Setting next_dagrun for simple_dag_with_taskflow to 2024-03-11 00:00:00+00:00, run_after=2024-03-12 00:00:00+00:00
[2024-03-11T22:10:21.871+0530] {processor.py:183} INFO - Processing /home/kai/airflow/dags/dag_with_taskflow.py took 0.098 seconds
[2024-03-11T22:10:52.507+0530] {processor.py:161} INFO - Started process (PID=259324) to work on /home/kai/airflow/dags/dag_with_taskflow.py
[2024-03-11T22:10:52.510+0530] {processor.py:830} INFO - Processing file /home/kai/airflow/dags/dag_with_taskflow.py for tasks to queue
[2024-03-11T22:10:52.511+0530] {logging_mixin.py:188} INFO - [2024-03-11T22:10:52.510+0530] {dagbag.py:540} INFO - Filling up the DagBag from /home/kai/airflow/dags/dag_with_taskflow.py
[2024-03-11T22:10:52.526+0530] {processor.py:840} INFO - DAG(s) 'simple_dag_with_taskflow' retrieved from /home/kai/airflow/dags/dag_with_taskflow.py
[2024-03-11T22:10:52.548+0530] {logging_mixin.py:188} INFO - [2024-03-11T22:10:52.547+0530] {dag.py:3047} INFO - Sync 1 DAGs
[2024-03-11T22:10:52.569+0530] {logging_mixin.py:188} INFO - [2024-03-11T22:10:52.569+0530] {dag.py:3834} INFO - Setting next_dagrun for simple_dag_with_taskflow to 2024-03-11 00:00:00+00:00, run_after=2024-03-12 00:00:00+00:00
[2024-03-11T22:10:52.603+0530] {processor.py:183} INFO - Processing /home/kai/airflow/dags/dag_with_taskflow.py took 0.101 seconds
[2024-03-11T22:11:23.205+0530] {processor.py:161} INFO - Started process (PID=259357) to work on /home/kai/airflow/dags/dag_with_taskflow.py
[2024-03-11T22:11:23.207+0530] {processor.py:830} INFO - Processing file /home/kai/airflow/dags/dag_with_taskflow.py for tasks to queue
[2024-03-11T22:11:23.208+0530] {logging_mixin.py:188} INFO - [2024-03-11T22:11:23.208+0530] {dagbag.py:540} INFO - Filling up the DagBag from /home/kai/airflow/dags/dag_with_taskflow.py
[2024-03-11T22:11:23.220+0530] {processor.py:840} INFO - DAG(s) 'simple_dag_with_taskflow' retrieved from /home/kai/airflow/dags/dag_with_taskflow.py
[2024-03-11T22:11:23.242+0530] {logging_mixin.py:188} INFO - [2024-03-11T22:11:23.242+0530] {dag.py:3047} INFO - Sync 1 DAGs
[2024-03-11T22:11:23.260+0530] {logging_mixin.py:188} INFO - [2024-03-11T22:11:23.260+0530] {dag.py:3834} INFO - Setting next_dagrun for simple_dag_with_taskflow to 2024-03-11 00:00:00+00:00, run_after=2024-03-12 00:00:00+00:00
[2024-03-11T22:11:23.306+0530] {processor.py:183} INFO - Processing /home/kai/airflow/dags/dag_with_taskflow.py took 0.104 seconds
[2024-03-11T22:11:54.083+0530] {processor.py:161} INFO - Started process (PID=259390) to work on /home/kai/airflow/dags/dag_with_taskflow.py
[2024-03-11T22:11:54.085+0530] {processor.py:830} INFO - Processing file /home/kai/airflow/dags/dag_with_taskflow.py for tasks to queue
[2024-03-11T22:11:54.086+0530] {logging_mixin.py:188} INFO - [2024-03-11T22:11:54.085+0530] {dagbag.py:540} INFO - Filling up the DagBag from /home/kai/airflow/dags/dag_with_taskflow.py
[2024-03-11T22:11:54.097+0530] {processor.py:840} INFO - DAG(s) 'simple_dag_with_taskflow' retrieved from /home/kai/airflow/dags/dag_with_taskflow.py
[2024-03-11T22:11:54.118+0530] {logging_mixin.py:188} INFO - [2024-03-11T22:11:54.118+0530] {dag.py:3047} INFO - Sync 1 DAGs
[2024-03-11T22:11:54.136+0530] {logging_mixin.py:188} INFO - [2024-03-11T22:11:54.136+0530] {dag.py:3834} INFO - Setting next_dagrun for simple_dag_with_taskflow to 2024-03-11 00:00:00+00:00, run_after=2024-03-12 00:00:00+00:00
[2024-03-11T22:11:54.170+0530] {processor.py:183} INFO - Processing /home/kai/airflow/dags/dag_with_taskflow.py took 0.091 seconds
[2024-03-11T22:12:24.249+0530] {processor.py:161} INFO - Started process (PID=259423) to work on /home/kai/airflow/dags/dag_with_taskflow.py
[2024-03-11T22:12:24.253+0530] {processor.py:830} INFO - Processing file /home/kai/airflow/dags/dag_with_taskflow.py for tasks to queue
[2024-03-11T22:12:24.255+0530] {logging_mixin.py:188} INFO - [2024-03-11T22:12:24.255+0530] {dagbag.py:540} INFO - Filling up the DagBag from /home/kai/airflow/dags/dag_with_taskflow.py
[2024-03-11T22:12:24.267+0530] {processor.py:840} INFO - DAG(s) 'simple_dag_with_taskflow' retrieved from /home/kai/airflow/dags/dag_with_taskflow.py
[2024-03-11T22:12:24.289+0530] {logging_mixin.py:188} INFO - [2024-03-11T22:12:24.289+0530] {dag.py:3047} INFO - Sync 1 DAGs
[2024-03-11T22:12:24.307+0530] {logging_mixin.py:188} INFO - [2024-03-11T22:12:24.307+0530] {dag.py:3834} INFO - Setting next_dagrun for simple_dag_with_taskflow to 2024-03-11 00:00:00+00:00, run_after=2024-03-12 00:00:00+00:00
[2024-03-11T22:12:24.342+0530] {processor.py:183} INFO - Processing /home/kai/airflow/dags/dag_with_taskflow.py took 0.097 seconds
[2024-03-11T22:12:54.364+0530] {processor.py:161} INFO - Started process (PID=259455) to work on /home/kai/airflow/dags/dag_with_taskflow.py
[2024-03-11T22:12:54.368+0530] {processor.py:830} INFO - Processing file /home/kai/airflow/dags/dag_with_taskflow.py for tasks to queue
[2024-03-11T22:12:54.370+0530] {logging_mixin.py:188} INFO - [2024-03-11T22:12:54.369+0530] {dagbag.py:540} INFO - Filling up the DagBag from /home/kai/airflow/dags/dag_with_taskflow.py
[2024-03-11T22:12:54.384+0530] {processor.py:840} INFO - DAG(s) 'simple_dag_with_taskflow' retrieved from /home/kai/airflow/dags/dag_with_taskflow.py
[2024-03-11T22:12:54.406+0530] {logging_mixin.py:188} INFO - [2024-03-11T22:12:54.406+0530] {dag.py:3047} INFO - Sync 1 DAGs
[2024-03-11T22:12:54.425+0530] {logging_mixin.py:188} INFO - [2024-03-11T22:12:54.425+0530] {dag.py:3834} INFO - Setting next_dagrun for simple_dag_with_taskflow to 2024-03-11 00:00:00+00:00, run_after=2024-03-12 00:00:00+00:00
[2024-03-11T22:12:54.458+0530] {processor.py:183} INFO - Processing /home/kai/airflow/dags/dag_with_taskflow.py took 0.099 seconds
[2024-03-11T22:13:25.424+0530] {processor.py:161} INFO - Started process (PID=259488) to work on /home/kai/airflow/dags/dag_with_taskflow.py
[2024-03-11T22:13:25.428+0530] {processor.py:830} INFO - Processing file /home/kai/airflow/dags/dag_with_taskflow.py for tasks to queue
[2024-03-11T22:13:25.433+0530] {logging_mixin.py:188} INFO - [2024-03-11T22:13:25.429+0530] {dagbag.py:540} INFO - Filling up the DagBag from /home/kai/airflow/dags/dag_with_taskflow.py
[2024-03-11T22:13:25.455+0530] {processor.py:840} INFO - DAG(s) 'simple_dag_with_taskflow' retrieved from /home/kai/airflow/dags/dag_with_taskflow.py
[2024-03-11T22:13:25.512+0530] {logging_mixin.py:188} INFO - [2024-03-11T22:13:25.511+0530] {dag.py:3047} INFO - Sync 1 DAGs
[2024-03-11T22:13:25.576+0530] {logging_mixin.py:188} INFO - [2024-03-11T22:13:25.574+0530] {dag.py:3834} INFO - Setting next_dagrun for simple_dag_with_taskflow to 2024-03-11 00:00:00+00:00, run_after=2024-03-12 00:00:00+00:00
[2024-03-11T22:13:25.629+0530] {processor.py:183} INFO - Processing /home/kai/airflow/dags/dag_with_taskflow.py took 0.210 seconds
