[2024-03-11T21:57:24.340+0530] {processor.py:161} INFO - Started process (PID=258364) to work on /home/kai/airflow/dags/taskflow_xcom_dag.py
[2024-03-11T21:57:24.341+0530] {processor.py:830} INFO - Processing file /home/kai/airflow/dags/taskflow_xcom_dag.py for tasks to queue
[2024-03-11T21:57:24.342+0530] {logging_mixin.py:188} INFO - [2024-03-11T21:57:24.341+0530] {dagbag.py:540} INFO - Filling up the DagBag from /home/kai/airflow/dags/taskflow_xcom_dag.py
[2024-03-11T21:57:24.356+0530] {processor.py:840} INFO - DAG(s) 'xcom_taskflow_dag' retrieved from /home/kai/airflow/dags/taskflow_xcom_dag.py
[2024-03-11T21:57:24.489+0530] {logging_mixin.py:188} INFO - [2024-03-11T21:57:24.488+0530] {override.py:1769} INFO - Created Permission View: can delete on DAG:xcom_taskflow_dag
[2024-03-11T21:57:24.513+0530] {logging_mixin.py:188} INFO - [2024-03-11T21:57:24.512+0530] {override.py:1769} INFO - Created Permission View: can read on DAG:xcom_taskflow_dag
[2024-03-11T21:57:24.535+0530] {logging_mixin.py:188} INFO - [2024-03-11T21:57:24.534+0530] {override.py:1769} INFO - Created Permission View: can edit on DAG:xcom_taskflow_dag
[2024-03-11T21:57:24.536+0530] {logging_mixin.py:188} INFO - [2024-03-11T21:57:24.536+0530] {dag.py:3047} INFO - Sync 1 DAGs
[2024-03-11T21:57:24.545+0530] {logging_mixin.py:188} INFO - [2024-03-11T21:57:24.544+0530] {dag.py:3069} INFO - Creating ORM DAG for xcom_taskflow_dag
[2024-03-11T21:57:24.553+0530] {logging_mixin.py:188} INFO - [2024-03-11T21:57:24.553+0530] {dag.py:3834} INFO - Setting next_dagrun for xcom_taskflow_dag to 2024-03-09 00:00:00+00:00, run_after=2024-03-10 00:00:00+00:00
[2024-03-11T21:57:24.590+0530] {processor.py:183} INFO - Processing /home/kai/airflow/dags/taskflow_xcom_dag.py took 0.254 seconds
[2024-03-11T21:57:28.261+0530] {processor.py:161} INFO - Started process (PID=258369) to work on /home/kai/airflow/dags/taskflow_xcom_dag.py
[2024-03-11T21:57:28.262+0530] {processor.py:830} INFO - Processing file /home/kai/airflow/dags/taskflow_xcom_dag.py for tasks to queue
[2024-03-11T21:57:28.263+0530] {logging_mixin.py:188} INFO - [2024-03-11T21:57:28.263+0530] {dagbag.py:540} INFO - Filling up the DagBag from /home/kai/airflow/dags/taskflow_xcom_dag.py
[2024-03-11T21:57:28.277+0530] {processor.py:840} INFO - DAG(s) 'xcom_taskflow_dag' retrieved from /home/kai/airflow/dags/taskflow_xcom_dag.py
[2024-03-11T21:57:28.285+0530] {logging_mixin.py:188} INFO - [2024-03-11T21:57:28.284+0530] {dag.py:3047} INFO - Sync 1 DAGs
[2024-03-11T21:57:28.304+0530] {logging_mixin.py:188} INFO - [2024-03-11T21:57:28.304+0530] {dag.py:3834} INFO - Setting next_dagrun for xcom_taskflow_dag to 2024-03-09 00:00:00+00:00, run_after=2024-03-10 00:00:00+00:00
[2024-03-11T21:57:28.339+0530] {processor.py:183} INFO - Processing /home/kai/airflow/dags/taskflow_xcom_dag.py took 0.083 seconds
[2024-03-11T21:58:04.241+0530] {processor.py:161} INFO - Started process (PID=258421) to work on /home/kai/airflow/dags/taskflow_xcom_dag.py
[2024-03-11T21:58:04.242+0530] {processor.py:830} INFO - Processing file /home/kai/airflow/dags/taskflow_xcom_dag.py for tasks to queue
[2024-03-11T21:58:04.243+0530] {logging_mixin.py:188} INFO - [2024-03-11T21:58:04.242+0530] {dagbag.py:540} INFO - Filling up the DagBag from /home/kai/airflow/dags/taskflow_xcom_dag.py
[2024-03-11T21:58:04.257+0530] {processor.py:840} INFO - DAG(s) 'xcom_taskflow_dag' retrieved from /home/kai/airflow/dags/taskflow_xcom_dag.py
[2024-03-11T21:58:04.280+0530] {logging_mixin.py:188} INFO - [2024-03-11T21:58:04.279+0530] {dag.py:3047} INFO - Sync 1 DAGs
[2024-03-11T21:58:04.303+0530] {logging_mixin.py:188} INFO - [2024-03-11T21:58:04.302+0530] {dag.py:3834} INFO - Setting next_dagrun for xcom_taskflow_dag to 2024-03-11 00:00:00+00:00, run_after=2024-03-12 00:00:00+00:00
[2024-03-11T21:58:04.354+0530] {processor.py:183} INFO - Processing /home/kai/airflow/dags/taskflow_xcom_dag.py took 0.116 seconds
[2024-03-11T21:58:34.578+0530] {processor.py:161} INFO - Started process (PID=258460) to work on /home/kai/airflow/dags/taskflow_xcom_dag.py
[2024-03-11T21:58:34.581+0530] {processor.py:830} INFO - Processing file /home/kai/airflow/dags/taskflow_xcom_dag.py for tasks to queue
[2024-03-11T21:58:34.582+0530] {logging_mixin.py:188} INFO - [2024-03-11T21:58:34.582+0530] {dagbag.py:540} INFO - Filling up the DagBag from /home/kai/airflow/dags/taskflow_xcom_dag.py
[2024-03-11T21:58:34.596+0530] {processor.py:840} INFO - DAG(s) 'xcom_taskflow_dag' retrieved from /home/kai/airflow/dags/taskflow_xcom_dag.py
[2024-03-11T21:58:34.617+0530] {logging_mixin.py:188} INFO - [2024-03-11T21:58:34.617+0530] {dag.py:3047} INFO - Sync 1 DAGs
[2024-03-11T21:58:34.635+0530] {logging_mixin.py:188} INFO - [2024-03-11T21:58:34.635+0530] {dag.py:3834} INFO - Setting next_dagrun for xcom_taskflow_dag to 2024-03-11 00:00:00+00:00, run_after=2024-03-12 00:00:00+00:00
[2024-03-11T21:58:34.674+0530] {processor.py:183} INFO - Processing /home/kai/airflow/dags/taskflow_xcom_dag.py took 0.100 seconds
[2024-03-11T21:59:04.864+0530] {processor.py:161} INFO - Started process (PID=258493) to work on /home/kai/airflow/dags/taskflow_xcom_dag.py
[2024-03-11T21:59:04.867+0530] {processor.py:830} INFO - Processing file /home/kai/airflow/dags/taskflow_xcom_dag.py for tasks to queue
[2024-03-11T21:59:04.868+0530] {logging_mixin.py:188} INFO - [2024-03-11T21:59:04.868+0530] {dagbag.py:540} INFO - Filling up the DagBag from /home/kai/airflow/dags/taskflow_xcom_dag.py
[2024-03-11T21:59:04.879+0530] {processor.py:840} INFO - DAG(s) 'xcom_taskflow_dag' retrieved from /home/kai/airflow/dags/taskflow_xcom_dag.py
[2024-03-11T21:59:04.900+0530] {logging_mixin.py:188} INFO - [2024-03-11T21:59:04.900+0530] {dag.py:3047} INFO - Sync 1 DAGs
[2024-03-11T21:59:04.918+0530] {logging_mixin.py:188} INFO - [2024-03-11T21:59:04.918+0530] {dag.py:3834} INFO - Setting next_dagrun for xcom_taskflow_dag to 2024-03-11 00:00:00+00:00, run_after=2024-03-12 00:00:00+00:00
[2024-03-11T21:59:04.959+0530] {processor.py:183} INFO - Processing /home/kai/airflow/dags/taskflow_xcom_dag.py took 0.099 seconds
[2024-03-11T21:59:35.161+0530] {processor.py:161} INFO - Started process (PID=258528) to work on /home/kai/airflow/dags/taskflow_xcom_dag.py
[2024-03-11T21:59:35.164+0530] {processor.py:830} INFO - Processing file /home/kai/airflow/dags/taskflow_xcom_dag.py for tasks to queue
[2024-03-11T21:59:35.164+0530] {logging_mixin.py:188} INFO - [2024-03-11T21:59:35.164+0530] {dagbag.py:540} INFO - Filling up the DagBag from /home/kai/airflow/dags/taskflow_xcom_dag.py
[2024-03-11T21:59:35.176+0530] {processor.py:840} INFO - DAG(s) 'xcom_taskflow_dag' retrieved from /home/kai/airflow/dags/taskflow_xcom_dag.py
[2024-03-11T21:59:35.197+0530] {logging_mixin.py:188} INFO - [2024-03-11T21:59:35.197+0530] {dag.py:3047} INFO - Sync 1 DAGs
[2024-03-11T21:59:35.216+0530] {logging_mixin.py:188} INFO - [2024-03-11T21:59:35.216+0530] {dag.py:3834} INFO - Setting next_dagrun for xcom_taskflow_dag to 2024-03-11 00:00:00+00:00, run_after=2024-03-12 00:00:00+00:00
[2024-03-11T21:59:35.250+0530] {processor.py:183} INFO - Processing /home/kai/airflow/dags/taskflow_xcom_dag.py took 0.092 seconds
[2024-03-11T22:00:05.340+0530] {processor.py:161} INFO - Started process (PID=258565) to work on /home/kai/airflow/dags/taskflow_xcom_dag.py
[2024-03-11T22:00:05.341+0530] {processor.py:830} INFO - Processing file /home/kai/airflow/dags/taskflow_xcom_dag.py for tasks to queue
[2024-03-11T22:00:05.342+0530] {logging_mixin.py:188} INFO - [2024-03-11T22:00:05.342+0530] {dagbag.py:540} INFO - Filling up the DagBag from /home/kai/airflow/dags/taskflow_xcom_dag.py
[2024-03-11T22:00:05.356+0530] {processor.py:840} INFO - DAG(s) 'xcom_taskflow_dag' retrieved from /home/kai/airflow/dags/taskflow_xcom_dag.py
[2024-03-11T22:00:05.379+0530] {logging_mixin.py:188} INFO - [2024-03-11T22:00:05.379+0530] {dag.py:3047} INFO - Sync 1 DAGs
[2024-03-11T22:00:05.399+0530] {logging_mixin.py:188} INFO - [2024-03-11T22:00:05.399+0530] {dag.py:3834} INFO - Setting next_dagrun for xcom_taskflow_dag to 2024-03-11 00:00:00+00:00, run_after=2024-03-12 00:00:00+00:00
[2024-03-11T22:00:05.434+0530] {processor.py:183} INFO - Processing /home/kai/airflow/dags/taskflow_xcom_dag.py took 0.099 seconds
[2024-03-11T22:00:35.612+0530] {processor.py:161} INFO - Started process (PID=258612) to work on /home/kai/airflow/dags/taskflow_xcom_dag.py
[2024-03-11T22:00:35.615+0530] {processor.py:830} INFO - Processing file /home/kai/airflow/dags/taskflow_xcom_dag.py for tasks to queue
[2024-03-11T22:00:35.616+0530] {logging_mixin.py:188} INFO - [2024-03-11T22:00:35.615+0530] {dagbag.py:540} INFO - Filling up the DagBag from /home/kai/airflow/dags/taskflow_xcom_dag.py
[2024-03-11T22:00:35.627+0530] {processor.py:840} INFO - DAG(s) 'xcom_taskflow_dag' retrieved from /home/kai/airflow/dags/taskflow_xcom_dag.py
[2024-03-11T22:00:35.648+0530] {logging_mixin.py:188} INFO - [2024-03-11T22:00:35.648+0530] {dag.py:3047} INFO - Sync 1 DAGs
[2024-03-11T22:00:35.667+0530] {logging_mixin.py:188} INFO - [2024-03-11T22:00:35.667+0530] {dag.py:3834} INFO - Setting next_dagrun for xcom_taskflow_dag to 2024-03-11 00:00:00+00:00, run_after=2024-03-12 00:00:00+00:00
[2024-03-11T22:00:35.699+0530] {processor.py:183} INFO - Processing /home/kai/airflow/dags/taskflow_xcom_dag.py took 0.091 seconds
[2024-03-11T22:01:05.755+0530] {processor.py:161} INFO - Started process (PID=258646) to work on /home/kai/airflow/dags/taskflow_xcom_dag.py
[2024-03-11T22:01:05.758+0530] {processor.py:830} INFO - Processing file /home/kai/airflow/dags/taskflow_xcom_dag.py for tasks to queue
[2024-03-11T22:01:05.759+0530] {logging_mixin.py:188} INFO - [2024-03-11T22:01:05.759+0530] {dagbag.py:540} INFO - Filling up the DagBag from /home/kai/airflow/dags/taskflow_xcom_dag.py
[2024-03-11T22:01:05.774+0530] {processor.py:840} INFO - DAG(s) 'xcom_taskflow_dag' retrieved from /home/kai/airflow/dags/taskflow_xcom_dag.py
[2024-03-11T22:01:05.802+0530] {logging_mixin.py:188} INFO - [2024-03-11T22:01:05.802+0530] {dag.py:3047} INFO - Sync 1 DAGs
[2024-03-11T22:01:05.826+0530] {logging_mixin.py:188} INFO - [2024-03-11T22:01:05.825+0530] {dag.py:3834} INFO - Setting next_dagrun for xcom_taskflow_dag to 2024-03-11 00:00:00+00:00, run_after=2024-03-12 00:00:00+00:00
[2024-03-11T22:01:05.867+0530] {processor.py:183} INFO - Processing /home/kai/airflow/dags/taskflow_xcom_dag.py took 0.115 seconds
[2024-03-11T22:01:36.259+0530] {processor.py:161} INFO - Started process (PID=258698) to work on /home/kai/airflow/dags/taskflow_xcom_dag.py
[2024-03-11T22:01:36.263+0530] {processor.py:830} INFO - Processing file /home/kai/airflow/dags/taskflow_xcom_dag.py for tasks to queue
[2024-03-11T22:01:36.264+0530] {logging_mixin.py:188} INFO - [2024-03-11T22:01:36.264+0530] {dagbag.py:540} INFO - Filling up the DagBag from /home/kai/airflow/dags/taskflow_xcom_dag.py
[2024-03-11T22:01:36.278+0530] {processor.py:840} INFO - DAG(s) 'xcom_taskflow_dag' retrieved from /home/kai/airflow/dags/taskflow_xcom_dag.py
[2024-03-11T22:01:36.298+0530] {logging_mixin.py:188} INFO - [2024-03-11T22:01:36.298+0530] {dag.py:3047} INFO - Sync 1 DAGs
[2024-03-11T22:01:36.316+0530] {logging_mixin.py:188} INFO - [2024-03-11T22:01:36.315+0530] {dag.py:3834} INFO - Setting next_dagrun for xcom_taskflow_dag to 2024-03-11 00:00:00+00:00, run_after=2024-03-12 00:00:00+00:00
[2024-03-11T22:01:36.351+0530] {processor.py:183} INFO - Processing /home/kai/airflow/dags/taskflow_xcom_dag.py took 0.097 seconds
[2024-03-11T22:02:06.634+0530] {processor.py:161} INFO - Started process (PID=258731) to work on /home/kai/airflow/dags/taskflow_xcom_dag.py
[2024-03-11T22:02:06.639+0530] {processor.py:830} INFO - Processing file /home/kai/airflow/dags/taskflow_xcom_dag.py for tasks to queue
[2024-03-11T22:02:06.641+0530] {logging_mixin.py:188} INFO - [2024-03-11T22:02:06.640+0530] {dagbag.py:540} INFO - Filling up the DagBag from /home/kai/airflow/dags/taskflow_xcom_dag.py
[2024-03-11T22:02:06.655+0530] {processor.py:840} INFO - DAG(s) 'xcom_taskflow_dag' retrieved from /home/kai/airflow/dags/taskflow_xcom_dag.py
[2024-03-11T22:02:06.676+0530] {logging_mixin.py:188} INFO - [2024-03-11T22:02:06.676+0530] {dag.py:3047} INFO - Sync 1 DAGs
[2024-03-11T22:02:06.694+0530] {logging_mixin.py:188} INFO - [2024-03-11T22:02:06.693+0530] {dag.py:3834} INFO - Setting next_dagrun for xcom_taskflow_dag to 2024-03-11 00:00:00+00:00, run_after=2024-03-12 00:00:00+00:00
[2024-03-11T22:02:06.728+0530] {processor.py:183} INFO - Processing /home/kai/airflow/dags/taskflow_xcom_dag.py took 0.099 seconds
[2024-03-11T22:02:37.025+0530] {processor.py:161} INFO - Started process (PID=258764) to work on /home/kai/airflow/dags/taskflow_xcom_dag.py
[2024-03-11T22:02:37.027+0530] {processor.py:830} INFO - Processing file /home/kai/airflow/dags/taskflow_xcom_dag.py for tasks to queue
[2024-03-11T22:02:37.028+0530] {logging_mixin.py:188} INFO - [2024-03-11T22:02:37.028+0530] {dagbag.py:540} INFO - Filling up the DagBag from /home/kai/airflow/dags/taskflow_xcom_dag.py
[2024-03-11T22:02:37.041+0530] {processor.py:840} INFO - DAG(s) 'xcom_taskflow_dag' retrieved from /home/kai/airflow/dags/taskflow_xcom_dag.py
[2024-03-11T22:02:37.063+0530] {logging_mixin.py:188} INFO - [2024-03-11T22:02:37.062+0530] {dag.py:3047} INFO - Sync 1 DAGs
[2024-03-11T22:02:37.081+0530] {logging_mixin.py:188} INFO - [2024-03-11T22:02:37.081+0530] {dag.py:3834} INFO - Setting next_dagrun for xcom_taskflow_dag to 2024-03-11 00:00:00+00:00, run_after=2024-03-12 00:00:00+00:00
[2024-03-11T22:02:37.120+0530] {processor.py:183} INFO - Processing /home/kai/airflow/dags/taskflow_xcom_dag.py took 0.100 seconds
[2024-03-11T22:03:07.839+0530] {processor.py:161} INFO - Started process (PID=258799) to work on /home/kai/airflow/dags/taskflow_xcom_dag.py
[2024-03-11T22:03:07.843+0530] {processor.py:830} INFO - Processing file /home/kai/airflow/dags/taskflow_xcom_dag.py for tasks to queue
[2024-03-11T22:03:07.844+0530] {logging_mixin.py:188} INFO - [2024-03-11T22:03:07.843+0530] {dagbag.py:540} INFO - Filling up the DagBag from /home/kai/airflow/dags/taskflow_xcom_dag.py
[2024-03-11T22:03:07.855+0530] {processor.py:840} INFO - DAG(s) 'xcom_taskflow_dag' retrieved from /home/kai/airflow/dags/taskflow_xcom_dag.py
[2024-03-11T22:03:07.876+0530] {logging_mixin.py:188} INFO - [2024-03-11T22:03:07.876+0530] {dag.py:3047} INFO - Sync 1 DAGs
[2024-03-11T22:03:07.894+0530] {logging_mixin.py:188} INFO - [2024-03-11T22:03:07.894+0530] {dag.py:3834} INFO - Setting next_dagrun for xcom_taskflow_dag to 2024-03-11 00:00:00+00:00, run_after=2024-03-12 00:00:00+00:00
[2024-03-11T22:03:07.935+0530] {processor.py:183} INFO - Processing /home/kai/airflow/dags/taskflow_xcom_dag.py took 0.099 seconds
[2024-03-11T22:03:38.507+0530] {processor.py:161} INFO - Started process (PID=258832) to work on /home/kai/airflow/dags/taskflow_xcom_dag.py
[2024-03-11T22:03:38.512+0530] {processor.py:830} INFO - Processing file /home/kai/airflow/dags/taskflow_xcom_dag.py for tasks to queue
[2024-03-11T22:03:38.513+0530] {logging_mixin.py:188} INFO - [2024-03-11T22:03:38.513+0530] {dagbag.py:540} INFO - Filling up the DagBag from /home/kai/airflow/dags/taskflow_xcom_dag.py
[2024-03-11T22:03:38.526+0530] {processor.py:840} INFO - DAG(s) 'xcom_taskflow_dag' retrieved from /home/kai/airflow/dags/taskflow_xcom_dag.py
[2024-03-11T22:03:38.547+0530] {logging_mixin.py:188} INFO - [2024-03-11T22:03:38.547+0530] {dag.py:3047} INFO - Sync 1 DAGs
[2024-03-11T22:03:38.565+0530] {logging_mixin.py:188} INFO - [2024-03-11T22:03:38.565+0530] {dag.py:3834} INFO - Setting next_dagrun for xcom_taskflow_dag to 2024-03-11 00:00:00+00:00, run_after=2024-03-12 00:00:00+00:00
[2024-03-11T22:03:38.601+0530] {processor.py:183} INFO - Processing /home/kai/airflow/dags/taskflow_xcom_dag.py took 0.099 seconds
[2024-03-11T22:04:09.132+0530] {processor.py:161} INFO - Started process (PID=258865) to work on /home/kai/airflow/dags/taskflow_xcom_dag.py
[2024-03-11T22:04:09.133+0530] {processor.py:830} INFO - Processing file /home/kai/airflow/dags/taskflow_xcom_dag.py for tasks to queue
[2024-03-11T22:04:09.135+0530] {logging_mixin.py:188} INFO - [2024-03-11T22:04:09.134+0530] {dagbag.py:540} INFO - Filling up the DagBag from /home/kai/airflow/dags/taskflow_xcom_dag.py
[2024-03-11T22:04:09.148+0530] {processor.py:840} INFO - DAG(s) 'xcom_taskflow_dag' retrieved from /home/kai/airflow/dags/taskflow_xcom_dag.py
[2024-03-11T22:04:09.169+0530] {logging_mixin.py:188} INFO - [2024-03-11T22:04:09.169+0530] {dag.py:3047} INFO - Sync 1 DAGs
[2024-03-11T22:04:09.188+0530] {logging_mixin.py:188} INFO - [2024-03-11T22:04:09.188+0530] {dag.py:3834} INFO - Setting next_dagrun for xcom_taskflow_dag to 2024-03-11 00:00:00+00:00, run_after=2024-03-12 00:00:00+00:00
[2024-03-11T22:04:09.224+0530] {processor.py:183} INFO - Processing /home/kai/airflow/dags/taskflow_xcom_dag.py took 0.097 seconds
[2024-03-11T22:04:39.803+0530] {processor.py:161} INFO - Started process (PID=258901) to work on /home/kai/airflow/dags/taskflow_xcom_dag.py
[2024-03-11T22:04:39.805+0530] {processor.py:830} INFO - Processing file /home/kai/airflow/dags/taskflow_xcom_dag.py for tasks to queue
[2024-03-11T22:04:39.806+0530] {logging_mixin.py:188} INFO - [2024-03-11T22:04:39.805+0530] {dagbag.py:540} INFO - Filling up the DagBag from /home/kai/airflow/dags/taskflow_xcom_dag.py
[2024-03-11T22:04:39.818+0530] {processor.py:840} INFO - DAG(s) 'xcom_taskflow_dag' retrieved from /home/kai/airflow/dags/taskflow_xcom_dag.py
[2024-03-11T22:04:39.838+0530] {logging_mixin.py:188} INFO - [2024-03-11T22:04:39.838+0530] {dag.py:3047} INFO - Sync 1 DAGs
[2024-03-11T22:04:39.857+0530] {logging_mixin.py:188} INFO - [2024-03-11T22:04:39.857+0530] {dag.py:3834} INFO - Setting next_dagrun for xcom_taskflow_dag to 2024-03-11 00:00:00+00:00, run_after=2024-03-12 00:00:00+00:00
[2024-03-11T22:04:39.890+0530] {processor.py:183} INFO - Processing /home/kai/airflow/dags/taskflow_xcom_dag.py took 0.091 seconds
[2024-03-11T22:05:10.433+0530] {processor.py:161} INFO - Started process (PID=258934) to work on /home/kai/airflow/dags/taskflow_xcom_dag.py
[2024-03-11T22:05:10.435+0530] {processor.py:830} INFO - Processing file /home/kai/airflow/dags/taskflow_xcom_dag.py for tasks to queue
[2024-03-11T22:05:10.436+0530] {logging_mixin.py:188} INFO - [2024-03-11T22:05:10.435+0530] {dagbag.py:540} INFO - Filling up the DagBag from /home/kai/airflow/dags/taskflow_xcom_dag.py
[2024-03-11T22:05:10.449+0530] {processor.py:840} INFO - DAG(s) 'xcom_taskflow_dag' retrieved from /home/kai/airflow/dags/taskflow_xcom_dag.py
[2024-03-11T22:05:10.470+0530] {logging_mixin.py:188} INFO - [2024-03-11T22:05:10.470+0530] {dag.py:3047} INFO - Sync 1 DAGs
[2024-03-11T22:05:10.489+0530] {logging_mixin.py:188} INFO - [2024-03-11T22:05:10.488+0530] {dag.py:3834} INFO - Setting next_dagrun for xcom_taskflow_dag to 2024-03-11 00:00:00+00:00, run_after=2024-03-12 00:00:00+00:00
[2024-03-11T22:05:10.525+0530] {processor.py:183} INFO - Processing /home/kai/airflow/dags/taskflow_xcom_dag.py took 0.095 seconds
[2024-03-11T22:05:41.131+0530] {processor.py:161} INFO - Started process (PID=258967) to work on /home/kai/airflow/dags/taskflow_xcom_dag.py
[2024-03-11T22:05:41.134+0530] {processor.py:830} INFO - Processing file /home/kai/airflow/dags/taskflow_xcom_dag.py for tasks to queue
[2024-03-11T22:05:41.135+0530] {logging_mixin.py:188} INFO - [2024-03-11T22:05:41.134+0530] {dagbag.py:540} INFO - Filling up the DagBag from /home/kai/airflow/dags/taskflow_xcom_dag.py
[2024-03-11T22:05:41.146+0530] {processor.py:840} INFO - DAG(s) 'xcom_taskflow_dag' retrieved from /home/kai/airflow/dags/taskflow_xcom_dag.py
[2024-03-11T22:05:41.166+0530] {logging_mixin.py:188} INFO - [2024-03-11T22:05:41.166+0530] {dag.py:3047} INFO - Sync 1 DAGs
[2024-03-11T22:05:41.186+0530] {logging_mixin.py:188} INFO - [2024-03-11T22:05:41.185+0530] {dag.py:3834} INFO - Setting next_dagrun for xcom_taskflow_dag to 2024-03-11 00:00:00+00:00, run_after=2024-03-12 00:00:00+00:00
[2024-03-11T22:05:41.237+0530] {processor.py:183} INFO - Processing /home/kai/airflow/dags/taskflow_xcom_dag.py took 0.109 seconds
[2024-03-11T22:06:11.795+0530] {processor.py:161} INFO - Started process (PID=259000) to work on /home/kai/airflow/dags/taskflow_xcom_dag.py
[2024-03-11T22:06:11.796+0530] {processor.py:830} INFO - Processing file /home/kai/airflow/dags/taskflow_xcom_dag.py for tasks to queue
[2024-03-11T22:06:11.797+0530] {logging_mixin.py:188} INFO - [2024-03-11T22:06:11.797+0530] {dagbag.py:540} INFO - Filling up the DagBag from /home/kai/airflow/dags/taskflow_xcom_dag.py
[2024-03-11T22:06:11.809+0530] {processor.py:840} INFO - DAG(s) 'xcom_taskflow_dag' retrieved from /home/kai/airflow/dags/taskflow_xcom_dag.py
[2024-03-11T22:06:11.832+0530] {logging_mixin.py:188} INFO - [2024-03-11T22:06:11.832+0530] {dag.py:3047} INFO - Sync 1 DAGs
[2024-03-11T22:06:11.850+0530] {logging_mixin.py:188} INFO - [2024-03-11T22:06:11.850+0530] {dag.py:3834} INFO - Setting next_dagrun for xcom_taskflow_dag to 2024-03-11 00:00:00+00:00, run_after=2024-03-12 00:00:00+00:00
[2024-03-11T22:06:11.893+0530] {processor.py:183} INFO - Processing /home/kai/airflow/dags/taskflow_xcom_dag.py took 0.101 seconds
[2024-03-11T22:06:42.518+0530] {processor.py:161} INFO - Started process (PID=259033) to work on /home/kai/airflow/dags/taskflow_xcom_dag.py
[2024-03-11T22:06:42.523+0530] {processor.py:830} INFO - Processing file /home/kai/airflow/dags/taskflow_xcom_dag.py for tasks to queue
[2024-03-11T22:06:42.524+0530] {logging_mixin.py:188} INFO - [2024-03-11T22:06:42.523+0530] {dagbag.py:540} INFO - Filling up the DagBag from /home/kai/airflow/dags/taskflow_xcom_dag.py
[2024-03-11T22:06:42.537+0530] {processor.py:840} INFO - DAG(s) 'xcom_taskflow_dag' retrieved from /home/kai/airflow/dags/taskflow_xcom_dag.py
[2024-03-11T22:06:42.558+0530] {logging_mixin.py:188} INFO - [2024-03-11T22:06:42.558+0530] {dag.py:3047} INFO - Sync 1 DAGs
[2024-03-11T22:06:42.577+0530] {logging_mixin.py:188} INFO - [2024-03-11T22:06:42.577+0530] {dag.py:3834} INFO - Setting next_dagrun for xcom_taskflow_dag to 2024-03-11 00:00:00+00:00, run_after=2024-03-12 00:00:00+00:00
[2024-03-11T22:06:42.626+0530] {processor.py:183} INFO - Processing /home/kai/airflow/dags/taskflow_xcom_dag.py took 0.114 seconds
[2024-03-11T22:07:13.182+0530] {processor.py:161} INFO - Started process (PID=259066) to work on /home/kai/airflow/dags/taskflow_xcom_dag.py
[2024-03-11T22:07:13.186+0530] {processor.py:830} INFO - Processing file /home/kai/airflow/dags/taskflow_xcom_dag.py for tasks to queue
[2024-03-11T22:07:13.187+0530] {logging_mixin.py:188} INFO - [2024-03-11T22:07:13.187+0530] {dagbag.py:540} INFO - Filling up the DagBag from /home/kai/airflow/dags/taskflow_xcom_dag.py
[2024-03-11T22:07:13.200+0530] {processor.py:840} INFO - DAG(s) 'xcom_taskflow_dag' retrieved from /home/kai/airflow/dags/taskflow_xcom_dag.py
[2024-03-11T22:07:13.220+0530] {logging_mixin.py:188} INFO - [2024-03-11T22:07:13.220+0530] {dag.py:3047} INFO - Sync 1 DAGs
[2024-03-11T22:07:13.238+0530] {logging_mixin.py:188} INFO - [2024-03-11T22:07:13.238+0530] {dag.py:3834} INFO - Setting next_dagrun for xcom_taskflow_dag to 2024-03-11 00:00:00+00:00, run_after=2024-03-12 00:00:00+00:00
[2024-03-11T22:07:13.298+0530] {processor.py:183} INFO - Processing /home/kai/airflow/dags/taskflow_xcom_dag.py took 0.121 seconds
[2024-03-11T22:07:43.844+0530] {processor.py:161} INFO - Started process (PID=259099) to work on /home/kai/airflow/dags/taskflow_xcom_dag.py
[2024-03-11T22:07:43.845+0530] {processor.py:830} INFO - Processing file /home/kai/airflow/dags/taskflow_xcom_dag.py for tasks to queue
[2024-03-11T22:07:43.846+0530] {logging_mixin.py:188} INFO - [2024-03-11T22:07:43.846+0530] {dagbag.py:540} INFO - Filling up the DagBag from /home/kai/airflow/dags/taskflow_xcom_dag.py
[2024-03-11T22:07:43.859+0530] {processor.py:840} INFO - DAG(s) 'xcom_taskflow_dag' retrieved from /home/kai/airflow/dags/taskflow_xcom_dag.py
[2024-03-11T22:07:43.879+0530] {logging_mixin.py:188} INFO - [2024-03-11T22:07:43.878+0530] {dag.py:3047} INFO - Sync 1 DAGs
[2024-03-11T22:07:43.896+0530] {logging_mixin.py:188} INFO - [2024-03-11T22:07:43.896+0530] {dag.py:3834} INFO - Setting next_dagrun for xcom_taskflow_dag to 2024-03-11 00:00:00+00:00, run_after=2024-03-12 00:00:00+00:00
[2024-03-11T22:07:43.932+0530] {processor.py:183} INFO - Processing /home/kai/airflow/dags/taskflow_xcom_dag.py took 0.093 seconds
[2024-03-11T22:08:14.568+0530] {processor.py:161} INFO - Started process (PID=259132) to work on /home/kai/airflow/dags/taskflow_xcom_dag.py
[2024-03-11T22:08:14.572+0530] {processor.py:830} INFO - Processing file /home/kai/airflow/dags/taskflow_xcom_dag.py for tasks to queue
[2024-03-11T22:08:14.574+0530] {logging_mixin.py:188} INFO - [2024-03-11T22:08:14.573+0530] {dagbag.py:540} INFO - Filling up the DagBag from /home/kai/airflow/dags/taskflow_xcom_dag.py
[2024-03-11T22:08:14.585+0530] {processor.py:840} INFO - DAG(s) 'xcom_taskflow_dag' retrieved from /home/kai/airflow/dags/taskflow_xcom_dag.py
[2024-03-11T22:08:14.605+0530] {logging_mixin.py:188} INFO - [2024-03-11T22:08:14.605+0530] {dag.py:3047} INFO - Sync 1 DAGs
[2024-03-11T22:08:14.623+0530] {logging_mixin.py:188} INFO - [2024-03-11T22:08:14.623+0530] {dag.py:3834} INFO - Setting next_dagrun for xcom_taskflow_dag to 2024-03-11 00:00:00+00:00, run_after=2024-03-12 00:00:00+00:00
[2024-03-11T22:08:14.656+0530] {processor.py:183} INFO - Processing /home/kai/airflow/dags/taskflow_xcom_dag.py took 0.092 seconds
[2024-03-11T22:08:45.188+0530] {processor.py:161} INFO - Started process (PID=259167) to work on /home/kai/airflow/dags/taskflow_xcom_dag.py
[2024-03-11T22:08:45.193+0530] {processor.py:830} INFO - Processing file /home/kai/airflow/dags/taskflow_xcom_dag.py for tasks to queue
[2024-03-11T22:08:45.194+0530] {logging_mixin.py:188} INFO - [2024-03-11T22:08:45.193+0530] {dagbag.py:540} INFO - Filling up the DagBag from /home/kai/airflow/dags/taskflow_xcom_dag.py
[2024-03-11T22:08:45.206+0530] {processor.py:840} INFO - DAG(s) 'xcom_taskflow_dag' retrieved from /home/kai/airflow/dags/taskflow_xcom_dag.py
[2024-03-11T22:08:45.228+0530] {logging_mixin.py:188} INFO - [2024-03-11T22:08:45.228+0530] {dag.py:3047} INFO - Sync 1 DAGs
[2024-03-11T22:08:45.247+0530] {logging_mixin.py:188} INFO - [2024-03-11T22:08:45.247+0530] {dag.py:3834} INFO - Setting next_dagrun for xcom_taskflow_dag to 2024-03-11 00:00:00+00:00, run_after=2024-03-12 00:00:00+00:00
[2024-03-11T22:08:45.282+0530] {processor.py:183} INFO - Processing /home/kai/airflow/dags/taskflow_xcom_dag.py took 0.096 seconds
[2024-03-11T22:09:14.026+0530] {processor.py:161} INFO - Started process (PID=259204) to work on /home/kai/airflow/dags/taskflow_xcom_dag.py
[2024-03-11T22:09:14.028+0530] {processor.py:830} INFO - Processing file /home/kai/airflow/dags/taskflow_xcom_dag.py for tasks to queue
[2024-03-11T22:09:14.032+0530] {logging_mixin.py:188} INFO - [2024-03-11T22:09:14.030+0530] {dagbag.py:540} INFO - Filling up the DagBag from /home/kai/airflow/dags/taskflow_xcom_dag.py
[2024-03-11T22:09:14.048+0530] {processor.py:840} INFO - DAG(s) 'xcom_taskflow_dag' retrieved from /home/kai/airflow/dags/taskflow_xcom_dag.py
[2024-03-11T22:09:14.136+0530] {logging_mixin.py:188} INFO - [2024-03-11T22:09:14.136+0530] {dag.py:3047} INFO - Sync 1 DAGs
[2024-03-11T22:09:14.152+0530] {logging_mixin.py:188} INFO - [2024-03-11T22:09:14.152+0530] {dag.py:3834} INFO - Setting next_dagrun for xcom_taskflow_dag to 2024-03-11 00:00:00+00:00, run_after=2024-03-12 00:00:00+00:00
[2024-03-11T22:09:14.187+0530] {processor.py:183} INFO - Processing /home/kai/airflow/dags/taskflow_xcom_dag.py took 0.169 seconds
[2024-03-11T22:09:44.406+0530] {processor.py:161} INFO - Started process (PID=259246) to work on /home/kai/airflow/dags/taskflow_xcom_dag.py
[2024-03-11T22:09:44.407+0530] {processor.py:830} INFO - Processing file /home/kai/airflow/dags/taskflow_xcom_dag.py for tasks to queue
[2024-03-11T22:09:44.408+0530] {logging_mixin.py:188} INFO - [2024-03-11T22:09:44.408+0530] {dagbag.py:540} INFO - Filling up the DagBag from /home/kai/airflow/dags/taskflow_xcom_dag.py
[2024-03-11T22:09:44.420+0530] {processor.py:840} INFO - DAG(s) 'xcom_taskflow_dag' retrieved from /home/kai/airflow/dags/taskflow_xcom_dag.py
[2024-03-11T22:09:44.441+0530] {logging_mixin.py:188} INFO - [2024-03-11T22:09:44.441+0530] {dag.py:3047} INFO - Sync 1 DAGs
[2024-03-11T22:09:44.461+0530] {logging_mixin.py:188} INFO - [2024-03-11T22:09:44.461+0530] {dag.py:3834} INFO - Setting next_dagrun for xcom_taskflow_dag to 2024-03-11 00:00:00+00:00, run_after=2024-03-12 00:00:00+00:00
[2024-03-11T22:09:44.497+0530] {processor.py:183} INFO - Processing /home/kai/airflow/dags/taskflow_xcom_dag.py took 0.094 seconds
[2024-03-11T22:10:15.286+0530] {processor.py:161} INFO - Started process (PID=259286) to work on /home/kai/airflow/dags/taskflow_xcom_dag.py
[2024-03-11T22:10:15.290+0530] {processor.py:830} INFO - Processing file /home/kai/airflow/dags/taskflow_xcom_dag.py for tasks to queue
[2024-03-11T22:10:15.291+0530] {logging_mixin.py:188} INFO - [2024-03-11T22:10:15.290+0530] {dagbag.py:540} INFO - Filling up the DagBag from /home/kai/airflow/dags/taskflow_xcom_dag.py
[2024-03-11T22:10:15.305+0530] {processor.py:840} INFO - DAG(s) 'xcom_taskflow_dag' retrieved from /home/kai/airflow/dags/taskflow_xcom_dag.py
[2024-03-11T22:10:15.329+0530] {logging_mixin.py:188} INFO - [2024-03-11T22:10:15.329+0530] {dag.py:3047} INFO - Sync 1 DAGs
[2024-03-11T22:10:15.351+0530] {logging_mixin.py:188} INFO - [2024-03-11T22:10:15.350+0530] {dag.py:3834} INFO - Setting next_dagrun for xcom_taskflow_dag to 2024-03-11 00:00:00+00:00, run_after=2024-03-12 00:00:00+00:00
[2024-03-11T22:10:15.394+0530] {processor.py:183} INFO - Processing /home/kai/airflow/dags/taskflow_xcom_dag.py took 0.112 seconds
[2024-03-11T22:10:45.972+0530] {processor.py:161} INFO - Started process (PID=259320) to work on /home/kai/airflow/dags/taskflow_xcom_dag.py
[2024-03-11T22:10:45.975+0530] {processor.py:830} INFO - Processing file /home/kai/airflow/dags/taskflow_xcom_dag.py for tasks to queue
[2024-03-11T22:10:45.976+0530] {logging_mixin.py:188} INFO - [2024-03-11T22:10:45.975+0530] {dagbag.py:540} INFO - Filling up the DagBag from /home/kai/airflow/dags/taskflow_xcom_dag.py
[2024-03-11T22:10:45.988+0530] {processor.py:840} INFO - DAG(s) 'xcom_taskflow_dag' retrieved from /home/kai/airflow/dags/taskflow_xcom_dag.py
[2024-03-11T22:10:46.009+0530] {logging_mixin.py:188} INFO - [2024-03-11T22:10:46.009+0530] {dag.py:3047} INFO - Sync 1 DAGs
[2024-03-11T22:10:46.028+0530] {logging_mixin.py:188} INFO - [2024-03-11T22:10:46.027+0530] {dag.py:3834} INFO - Setting next_dagrun for xcom_taskflow_dag to 2024-03-11 00:00:00+00:00, run_after=2024-03-12 00:00:00+00:00
[2024-03-11T22:10:46.066+0530] {processor.py:183} INFO - Processing /home/kai/airflow/dags/taskflow_xcom_dag.py took 0.097 seconds
[2024-03-11T22:11:16.843+0530] {processor.py:161} INFO - Started process (PID=259353) to work on /home/kai/airflow/dags/taskflow_xcom_dag.py
[2024-03-11T22:11:16.847+0530] {processor.py:830} INFO - Processing file /home/kai/airflow/dags/taskflow_xcom_dag.py for tasks to queue
[2024-03-11T22:11:16.849+0530] {logging_mixin.py:188} INFO - [2024-03-11T22:11:16.848+0530] {dagbag.py:540} INFO - Filling up the DagBag from /home/kai/airflow/dags/taskflow_xcom_dag.py
[2024-03-11T22:11:16.861+0530] {processor.py:840} INFO - DAG(s) 'xcom_taskflow_dag' retrieved from /home/kai/airflow/dags/taskflow_xcom_dag.py
[2024-03-11T22:11:16.883+0530] {logging_mixin.py:188} INFO - [2024-03-11T22:11:16.883+0530] {dag.py:3047} INFO - Sync 1 DAGs
[2024-03-11T22:11:16.902+0530] {logging_mixin.py:188} INFO - [2024-03-11T22:11:16.901+0530] {dag.py:3834} INFO - Setting next_dagrun for xcom_taskflow_dag to 2024-03-11 00:00:00+00:00, run_after=2024-03-12 00:00:00+00:00
[2024-03-11T22:11:16.944+0530] {processor.py:183} INFO - Processing /home/kai/airflow/dags/taskflow_xcom_dag.py took 0.106 seconds
[2024-03-11T22:11:47.713+0530] {processor.py:161} INFO - Started process (PID=259386) to work on /home/kai/airflow/dags/taskflow_xcom_dag.py
[2024-03-11T22:11:47.715+0530] {processor.py:830} INFO - Processing file /home/kai/airflow/dags/taskflow_xcom_dag.py for tasks to queue
[2024-03-11T22:11:47.716+0530] {logging_mixin.py:188} INFO - [2024-03-11T22:11:47.715+0530] {dagbag.py:540} INFO - Filling up the DagBag from /home/kai/airflow/dags/taskflow_xcom_dag.py
[2024-03-11T22:11:47.730+0530] {processor.py:840} INFO - DAG(s) 'xcom_taskflow_dag' retrieved from /home/kai/airflow/dags/taskflow_xcom_dag.py
[2024-03-11T22:11:47.750+0530] {logging_mixin.py:188} INFO - [2024-03-11T22:11:47.750+0530] {dag.py:3047} INFO - Sync 1 DAGs
[2024-03-11T22:11:47.768+0530] {logging_mixin.py:188} INFO - [2024-03-11T22:11:47.768+0530] {dag.py:3834} INFO - Setting next_dagrun for xcom_taskflow_dag to 2024-03-11 00:00:00+00:00, run_after=2024-03-12 00:00:00+00:00
[2024-03-11T22:11:47.804+0530] {processor.py:183} INFO - Processing /home/kai/airflow/dags/taskflow_xcom_dag.py took 0.096 seconds
[2024-03-11T22:12:18.381+0530] {processor.py:161} INFO - Started process (PID=259419) to work on /home/kai/airflow/dags/taskflow_xcom_dag.py
[2024-03-11T22:12:18.385+0530] {processor.py:830} INFO - Processing file /home/kai/airflow/dags/taskflow_xcom_dag.py for tasks to queue
[2024-03-11T22:12:18.386+0530] {logging_mixin.py:188} INFO - [2024-03-11T22:12:18.386+0530] {dagbag.py:540} INFO - Filling up the DagBag from /home/kai/airflow/dags/taskflow_xcom_dag.py
[2024-03-11T22:12:18.399+0530] {processor.py:840} INFO - DAG(s) 'xcom_taskflow_dag' retrieved from /home/kai/airflow/dags/taskflow_xcom_dag.py
[2024-03-11T22:12:18.421+0530] {logging_mixin.py:188} INFO - [2024-03-11T22:12:18.420+0530] {dag.py:3047} INFO - Sync 1 DAGs
[2024-03-11T22:12:18.441+0530] {logging_mixin.py:188} INFO - [2024-03-11T22:12:18.440+0530] {dag.py:3834} INFO - Setting next_dagrun for xcom_taskflow_dag to 2024-03-11 00:00:00+00:00, run_after=2024-03-12 00:00:00+00:00
[2024-03-11T22:12:18.484+0530] {processor.py:183} INFO - Processing /home/kai/airflow/dags/taskflow_xcom_dag.py took 0.107 seconds
[2024-03-11T22:12:49.144+0530] {processor.py:161} INFO - Started process (PID=259452) to work on /home/kai/airflow/dags/taskflow_xcom_dag.py
[2024-03-11T22:12:49.148+0530] {processor.py:830} INFO - Processing file /home/kai/airflow/dags/taskflow_xcom_dag.py for tasks to queue
[2024-03-11T22:12:49.149+0530] {logging_mixin.py:188} INFO - [2024-03-11T22:12:49.149+0530] {dagbag.py:540} INFO - Filling up the DagBag from /home/kai/airflow/dags/taskflow_xcom_dag.py
[2024-03-11T22:12:49.161+0530] {processor.py:840} INFO - DAG(s) 'xcom_taskflow_dag' retrieved from /home/kai/airflow/dags/taskflow_xcom_dag.py
[2024-03-11T22:12:49.182+0530] {logging_mixin.py:188} INFO - [2024-03-11T22:12:49.182+0530] {dag.py:3047} INFO - Sync 1 DAGs
[2024-03-11T22:12:49.203+0530] {logging_mixin.py:188} INFO - [2024-03-11T22:12:49.203+0530] {dag.py:3834} INFO - Setting next_dagrun for xcom_taskflow_dag to 2024-03-11 00:00:00+00:00, run_after=2024-03-12 00:00:00+00:00
[2024-03-11T22:12:49.241+0530] {processor.py:183} INFO - Processing /home/kai/airflow/dags/taskflow_xcom_dag.py took 0.100 seconds
[2024-03-11T22:13:19.957+0530] {processor.py:161} INFO - Started process (PID=259485) to work on /home/kai/airflow/dags/taskflow_xcom_dag.py
[2024-03-11T22:13:19.961+0530] {processor.py:830} INFO - Processing file /home/kai/airflow/dags/taskflow_xcom_dag.py for tasks to queue
[2024-03-11T22:13:19.962+0530] {logging_mixin.py:188} INFO - [2024-03-11T22:13:19.962+0530] {dagbag.py:540} INFO - Filling up the DagBag from /home/kai/airflow/dags/taskflow_xcom_dag.py
[2024-03-11T22:13:19.976+0530] {processor.py:840} INFO - DAG(s) 'xcom_taskflow_dag' retrieved from /home/kai/airflow/dags/taskflow_xcom_dag.py
[2024-03-11T22:13:20.002+0530] {logging_mixin.py:188} INFO - [2024-03-11T22:13:20.002+0530] {dag.py:3047} INFO - Sync 1 DAGs
[2024-03-11T22:13:20.020+0530] {logging_mixin.py:188} INFO - [2024-03-11T22:13:20.020+0530] {dag.py:3834} INFO - Setting next_dagrun for xcom_taskflow_dag to 2024-03-11 00:00:00+00:00, run_after=2024-03-12 00:00:00+00:00
[2024-03-11T22:13:20.056+0530] {processor.py:183} INFO - Processing /home/kai/airflow/dags/taskflow_xcom_dag.py took 0.103 seconds
