[2024-03-09T22:27:17.882+0530] {taskinstance.py:1979} INFO - Dependencies all met for dep_context=non-requeueable deps ti=<TaskInstance: sql_operator_dag.taskB manual__2024-03-09T16:57:12.842532+00:00 [queued]>
[2024-03-09T22:27:17.925+0530] {taskinstance.py:1979} INFO - Dependencies all met for dep_context=requeueable deps ti=<TaskInstance: sql_operator_dag.taskB manual__2024-03-09T16:57:12.842532+00:00 [queued]>
[2024-03-09T22:27:17.925+0530] {taskinstance.py:2193} INFO - Starting attempt 1 of 1
[2024-03-09T22:27:17.956+0530] {taskinstance.py:2214} INFO - Executing <Task(SqliteOperator): taskB> on 2024-03-09 16:57:12.842532+00:00
[2024-03-09T22:27:17.959+0530] {standard_task_runner.py:60} INFO - Started process 54173 to run task
[2024-03-09T22:27:17.963+0530] {standard_task_runner.py:87} INFO - Running: ['airflow', 'tasks', 'run', 'sql_operator_dag', 'taskB', 'manual__2024-03-09T16:57:12.842532+00:00', '--job-id', '107', '--raw', '--subdir', 'DAGS_FOLDER/execute_sql_pipeline.py', '--cfg-path', '/tmp/tmpeid1de52']
[2024-03-09T22:27:17.964+0530] {standard_task_runner.py:88} INFO - Job 107: Subtask taskB
[2024-03-09T22:27:18.021+0530] {task_command.py:423} INFO - Running <TaskInstance: sql_operator_dag.taskB manual__2024-03-09T16:57:12.842532+00:00 [running]> on host BreakThrough.
[2024-03-09T22:27:18.116+0530] {taskinstance.py:2510} INFO - Exporting env vars: AIRFLOW_CTX_DAG_OWNER='kai' AIRFLOW_CTX_DAG_ID='sql_operator_dag' AIRFLOW_CTX_TASK_ID='taskB' AIRFLOW_CTX_EXECUTION_DATE='2024-03-09T16:57:12.842532+00:00' AIRFLOW_CTX_TRY_NUMBER='1' AIRFLOW_CTX_DAG_RUN_ID='manual__2024-03-09T16:57:12.842532+00:00'
[2024-03-09T22:27:18.116+0530] {sql.py:276} INFO - Executing: 
            INSERT INTO students (name, age, place) VALUES 
            ('Desmond', 25, 'Rome'),
            ('Kai', 24, 'Berlin'),
            ('John', 26, 'Paris'),
            ('Micheal', 27, 'London'),
            ('Sara', 28, 'Madrid');
        
[2024-03-09T22:27:18.120+0530] {base.py:83} INFO - Using connection ID 'my_sqlite_conn' for task execution.
[2024-03-09T22:27:18.135+0530] {base.py:83} INFO - Using connection ID 'my_sqlite_conn' for task execution.
[2024-03-09T22:27:18.136+0530] {sql.py:457} INFO - Running statement: 
            INSERT INTO students (name, age, place) VALUES 
            ('Desmond', 25, 'Rome'),
            ('Kai', 24, 'Berlin'),
            ('John', 26, 'Paris'),
            ('Micheal', 27, 'London'),
            ('Sara', 28, 'Madrid');
        , parameters: None
[2024-03-09T22:27:18.136+0530] {sql.py:466} INFO - Rows affected: 5
[2024-03-09T22:27:18.141+0530] {logging_mixin.py:188} WARNING - /home/kai/.local/lib/python3.10/site-packages/airflow/providers/common/sql/hooks/sql.py:407 AirflowProviderDeprecationWarning: Call to deprecated method _make_common_data_structure. (The `_make_serializable` method is deprecated and support will be removed in a future version of the common.sql provider. Please update the DbApiHook's provider to a version based on common.sql >= 1.9.1.)
[2024-03-09T22:27:18.183+0530] {taskinstance.py:1149} INFO - Marking task as SUCCESS. dag_id=sql_operator_dag, task_id=taskB, execution_date=20240309T165712, start_date=20240309T165717, end_date=20240309T165718
[2024-03-09T22:27:18.256+0530] {local_task_job_runner.py:234} INFO - Task exited with return code 0
[2024-03-09T22:27:18.266+0530] {logging_mixin.py:188} WARNING - /home/kai/.local/lib/python3.10/site-packages/airflow/models/baseoperator.py:1201 AirflowProviderDeprecationWarning: Call to deprecated class SqliteOperator. (Please use `airflow.providers.common.sql.operators.sql.SQLExecuteQueryOperator`.)
[2024-03-09T22:27:18.275+0530] {taskinstance.py:3309} INFO - 1 downstream tasks scheduled from follow-on schedule check
