[2024-03-13T20:25:07.559+0530] {taskinstance.py:1979} INFO - Dependencies all met for dep_context=non-requeueable deps ti=<TaskInstance: taskflow_sql_operations_dag.insert_dummy_records manual__2024-03-13T14:54:57.959540+00:00 [queued]>
[2024-03-13T20:25:07.564+0530] {taskinstance.py:1979} INFO - Dependencies all met for dep_context=requeueable deps ti=<TaskInstance: taskflow_sql_operations_dag.insert_dummy_records manual__2024-03-13T14:54:57.959540+00:00 [queued]>
[2024-03-13T20:25:07.564+0530] {taskinstance.py:2193} INFO - Starting attempt 1 of 1
[2024-03-13T20:25:07.596+0530] {taskinstance.py:2214} INFO - Executing <Task(_PythonDecoratedOperator): insert_dummy_records> on 2024-03-13 14:54:57.959540+00:00
[2024-03-13T20:25:07.599+0530] {standard_task_runner.py:60} INFO - Started process 294638 to run task
[2024-03-13T20:25:07.603+0530] {standard_task_runner.py:87} INFO - Running: ['airflow', 'tasks', 'run', 'taskflow_sql_operations_dag', 'insert_dummy_records', 'manual__2024-03-13T14:54:57.959540+00:00', '--job-id', '242', '--raw', '--subdir', 'DAGS_FOLDER/taskflow_sql_operations.py', '--cfg-path', '/tmp/tmpd17lhh0a']
[2024-03-13T20:25:07.604+0530] {standard_task_runner.py:88} INFO - Job 242: Subtask insert_dummy_records
[2024-03-13T20:25:07.676+0530] {task_command.py:423} INFO - Running <TaskInstance: taskflow_sql_operations_dag.insert_dummy_records manual__2024-03-13T14:54:57.959540+00:00 [running]> on host BreakThrough.
[2024-03-13T20:25:07.765+0530] {taskinstance.py:2510} INFO - Exporting env vars: AIRFLOW_CTX_DAG_OWNER='kai' AIRFLOW_CTX_DAG_ID='taskflow_sql_operations_dag' AIRFLOW_CTX_TASK_ID='insert_dummy_records' AIRFLOW_CTX_EXECUTION_DATE='2024-03-13T14:54:57.959540+00:00' AIRFLOW_CTX_TRY_NUMBER='1' AIRFLOW_CTX_DAG_RUN_ID='manual__2024-03-13T14:54:57.959540+00:00'
[2024-03-13T20:25:07.767+0530] {sql.py:276} INFO - Executing: 
            INSERT INTO Car (name, model, volume, weight, co2)
            VALUES ('Ford', 'Focus', 1000, 200, 100)
            
[2024-03-13T20:25:07.771+0530] {base.py:83} INFO - Using connection ID 'my_sqlite_conn' for task execution.
[2024-03-13T20:25:07.786+0530] {base.py:83} INFO - Using connection ID 'my_sqlite_conn' for task execution.
[2024-03-13T20:25:07.786+0530] {sql.py:457} INFO - Running statement: 
            INSERT INTO Car (name, model, volume, weight, co2)
            VALUES ('Ford', 'Focus', 1000, 200, 100)
            , parameters: None
[2024-03-13T20:25:07.787+0530] {sql.py:466} INFO - Rows affected: 1
[2024-03-13T20:25:07.791+0530] {logging_mixin.py:188} WARNING - /home/kai/.local/lib/python3.10/site-packages/airflow/providers/common/sql/hooks/sql.py:407 AirflowProviderDeprecationWarning: Call to deprecated method _make_common_data_structure. (The `_make_serializable` method is deprecated and support will be removed in a future version of the common.sql provider. Please update the DbApiHook's provider to a version based on common.sql >= 1.9.1.)
[2024-03-13T20:25:07.813+0530] {python.py:202} INFO - Done. Returned value was: None
[2024-03-13T20:25:07.816+0530] {taskinstance.py:1149} INFO - Marking task as SUCCESS. dag_id=taskflow_sql_operations_dag, task_id=insert_dummy_records, execution_date=20240313T145457, start_date=20240313T145507, end_date=20240313T145507
[2024-03-13T20:25:07.857+0530] {local_task_job_runner.py:234} INFO - Task exited with return code 0
[2024-03-13T20:25:07.871+0530] {taskinstance.py:3309} INFO - 0 downstream tasks scheduled from follow-on schedule check
